[2022-09-21T22:19:55.470+0000] {taskinstance.py:1171} INFO - Dependencies all met for <TaskInstance: postgres_operator_dag_example.create_airflow_demo_schema manual__2022-09-21T22:19:53.096618+00:00 [queued]>
[2022-09-21T22:19:55.486+0000] {taskinstance.py:1171} INFO - Dependencies all met for <TaskInstance: postgres_operator_dag_example.create_airflow_demo_schema manual__2022-09-21T22:19:53.096618+00:00 [queued]>
[2022-09-21T22:19:55.487+0000] {taskinstance.py:1368} INFO - 
--------------------------------------------------------------------------------
[2022-09-21T22:19:55.489+0000] {taskinstance.py:1369} INFO - Starting attempt 1 of 2
[2022-09-21T22:19:55.493+0000] {taskinstance.py:1370} INFO - 
--------------------------------------------------------------------------------
[2022-09-21T22:19:55.512+0000] {taskinstance.py:1389} INFO - Executing <Task(PostgresOperator): create_airflow_demo_schema> on 2022-09-21 22:19:53.096618+00:00
[2022-09-21T22:19:55.525+0000] {standard_task_runner.py:52} INFO - Started process 62976 to run task
[2022-09-21T22:19:55.530+0000] {standard_task_runner.py:79} INFO - Running: ['***', 'tasks', 'run', 'postgres_operator_dag_example', 'create_***_demo_schema', 'manual__2022-09-21T22:19:53.096618+00:00', '--job-id', '12', '--raw', '--subdir', 'DAGS_FOLDER/postgresql_demo.py', '--cfg-path', '/tmp/tmp8fnirn9y', '--error-file', '/tmp/tmp051d53l1']
[2022-09-21T22:19:55.534+0000] {standard_task_runner.py:80} INFO - Job 12: Subtask create_***_demo_schema
[2022-09-21T22:19:55.607+0000] {task_command.py:371} INFO - Running <TaskInstance: postgres_operator_dag_example.create_airflow_demo_schema manual__2022-09-21T22:19:53.096618+00:00 [running]> on host 49fa11dd9034
[2022-09-21T22:19:55.682+0000] {taskinstance.py:1583} INFO - Exporting the following env vars:
AIRFLOW_CTX_DAG_OWNER=jsanchez
AIRFLOW_CTX_DAG_ID=postgres_operator_dag_example
AIRFLOW_CTX_TASK_ID=create_***_demo_schema
AIRFLOW_CTX_EXECUTION_DATE=2022-09-21T22:19:53.096618+00:00
AIRFLOW_CTX_TRY_NUMBER=1
AIRFLOW_CTX_DAG_RUN_ID=manual__2022-09-21T22:19:53.096618+00:00
[2022-09-21T22:19:55.696+0000] {base.py:68} INFO - Using connection ID 'qa_ai_external_db' for task execution.
[2022-09-21T22:19:56.603+0000] {sql.py:315} INFO - Running statement: CREATE SCHEMA IF NOT EXISTS ***_demo AUTHORIZATION jsanchez, parameters: None
[2022-09-21T22:19:56.904+0000] {taskinstance.py:1412} INFO - Marking task as SUCCESS. dag_id=postgres_operator_dag_example, task_id=create_***_demo_schema, execution_date=20220921T221953, start_date=20220921T221955, end_date=20220921T221956
[2022-09-21T22:19:56.941+0000] {local_task_job.py:156} INFO - Task exited with return code 0
[2022-09-21T22:19:56.985+0000] {local_task_job.py:279} INFO - 1 downstream tasks scheduled from follow-on schedule check
