[2022-09-30T17:50:04.380+0000] {taskinstance.py:1171} INFO - Dependencies all met for <TaskInstance: preparing_motor_data_for_processing.GEN5_MechanicalRepairParts-eCommerce-NGM_ACES.GEN5_MechanicalRepairParts-eCommerce-NGM_ACES manual__2022-09-30T17:49:49.888744+00:00 [queued]>
[2022-09-30T17:50:04.424+0000] {taskinstance.py:1171} INFO - Dependencies all met for <TaskInstance: preparing_motor_data_for_processing.GEN5_MechanicalRepairParts-eCommerce-NGM_ACES.GEN5_MechanicalRepairParts-eCommerce-NGM_ACES manual__2022-09-30T17:49:49.888744+00:00 [queued]>
[2022-09-30T17:50:04.427+0000] {taskinstance.py:1368} INFO - 
--------------------------------------------------------------------------------
[2022-09-30T17:50:04.432+0000] {taskinstance.py:1369} INFO - Starting attempt 1 of 2
[2022-09-30T17:50:04.433+0000] {taskinstance.py:1370} INFO - 
--------------------------------------------------------------------------------
[2022-09-30T17:50:05.089+0000] {taskinstance.py:1389} INFO - Executing <Task(SSHOperator): GEN5_MechanicalRepairParts-eCommerce-NGM_ACES.GEN5_MechanicalRepairParts-eCommerce-NGM_ACES> on 2022-09-30 17:49:49.888744+00:00
[2022-09-30T17:50:05.582+0000] {standard_task_runner.py:52} INFO - Started process 75343 to run task
[2022-09-30T17:50:05.632+0000] {standard_task_runner.py:79} INFO - Running: ['***', 'tasks', 'run', 'preparing_motor_data_for_processing', 'GEN5_MechanicalRepairParts-eCommerce-NGM_ACES.GEN5_MechanicalRepairParts-eCommerce-NGM_ACES', 'manual__2022-09-30T17:49:49.888744+00:00', '--job-id', '50', '--raw', '--subdir', 'DAGS_FOLDER/preparing_motor_data_for_processing.py', '--cfg-path', '/tmp/tmp7u_pl8l4', '--error-file', '/tmp/tmpw1ficu1b']
[2022-09-30T17:50:05.635+0000] {standard_task_runner.py:80} INFO - Job 50: Subtask GEN5_MechanicalRepairParts-eCommerce-NGM_ACES.GEN5_MechanicalRepairParts-eCommerce-NGM_ACES
[2022-09-30T17:50:08.423+0000] {task_command.py:371} INFO - Running <TaskInstance: preparing_motor_data_for_processing.GEN5_MechanicalRepairParts-eCommerce-NGM_ACES.GEN5_MechanicalRepairParts-eCommerce-NGM_ACES manual__2022-09-30T17:49:49.888744+00:00 [running]> on host 3431a65fe7cb
[2022-09-30T17:50:09.082+0000] {taskinstance.py:1583} INFO - Exporting the following env vars:
AIRFLOW_CTX_DAG_OWNER=jsanchez
AIRFLOW_CTX_DAG_ID=preparing_motor_data_for_processing
AIRFLOW_CTX_TASK_ID=GEN5_MechanicalRepairParts-eCommerce-NGM_ACES.GEN5_MechanicalRepairParts-eCommerce-NGM_ACES
AIRFLOW_CTX_EXECUTION_DATE=2022-09-30T17:49:49.888744+00:00
AIRFLOW_CTX_TRY_NUMBER=1
AIRFLOW_CTX_DAG_RUN_ID=manual__2022-09-30T17:49:49.888744+00:00
[2022-09-30T17:50:09.093+0000] {ssh.py:136} INFO - Creating ssh_client
[2022-09-30T17:50:09.099+0000] {ssh.py:114} INFO - ssh_hook is not provided or invalid. Trying ssh_conn_id to create SSHHook.
[2022-09-30T17:50:09.141+0000] {base.py:68} INFO - Using connection ID 'qa_ai_app1' for task execution.
[2022-09-30T17:50:09.227+0000] {ssh.py:287} WARNING - No Host Key Verification. This won't protect against Man-In-The-Middle attacks
[2022-09-30T17:50:09.477+0000] {transport.py:1874} INFO - Connected (version 2.0, client OpenSSH_7.6p1)
[2022-09-30T17:50:10.176+0000] {transport.py:1874} INFO - Authentication (publickey) successful!
[2022-09-30T17:50:10.248+0000] {ssh.py:464} INFO - Running command: cd /opt/data/motor/keepsco/&& cp $(ls -tr | grep GEN5_MechanicalRepairParts-eCommerce-NGM_ACES_ | tail -n 1) ~/
[2022-09-30T17:50:11.481+0000] {taskinstance.py:1412} INFO - Marking task as SUCCESS. dag_id=preparing_motor_data_for_processing, task_id=GEN5_MechanicalRepairParts-eCommerce-NGM_ACES.GEN5_MechanicalRepairParts-eCommerce-NGM_ACES, execution_date=20220930T174949, start_date=20220930T175004, end_date=20220930T175011
[2022-09-30T17:50:11.567+0000] {local_task_job.py:156} INFO - Task exited with return code 0
[2022-09-30T17:50:11.645+0000] {local_task_job.py:279} INFO - 0 downstream tasks scheduled from follow-on schedule check
