[2022-09-15 16:14:33,124] {processor.py:163} INFO - Started process (PID=366) to work on /opt/airflow/dags/init.py
[2022-09-15 16:14:33,199] {processor.py:620} INFO - Processing file /opt/airflow/dags/init.py for tasks to queue
[2022-09-15 16:14:33,283] {logging_mixin.py:109} INFO - [2022-09-15 16:14:33,238] {dagbag.py:500} INFO - Filling up the DagBag from /opt/airflow/dags/init.py
[2022-09-15 16:14:37,576] {processor.py:632} INFO - DAG(s) dict_keys(['1_init_once_seed_data']) retrieved from /opt/airflow/dags/init.py
[2022-09-15 16:15:58,317] {processor.py:163} INFO - Started process (PID=440) to work on /opt/airflow/dags/init.py
[2022-09-15 16:15:58,361] {processor.py:620} INFO - Processing file /opt/airflow/dags/init.py for tasks to queue
[2022-09-15 16:15:58,413] {logging_mixin.py:109} INFO - [2022-09-15 16:15:58,375] {dagbag.py:500} INFO - Filling up the DagBag from /opt/airflow/dags/init.py
[2022-09-15 16:16:00,959] {processor.py:632} INFO - DAG(s) dict_keys(['1_init_once_seed_data']) retrieved from /opt/airflow/dags/init.py
[2022-09-15 16:18:14,745] {processor.py:163} INFO - Started process (PID=603) to work on /opt/airflow/dags/init.py
[2022-09-15 16:18:14,776] {processor.py:620} INFO - Processing file /opt/airflow/dags/init.py for tasks to queue
[2022-09-15 16:18:14,887] {logging_mixin.py:109} INFO - [2022-09-15 16:18:14,871] {dagbag.py:500} INFO - Filling up the DagBag from /opt/airflow/dags/init.py
[2022-09-15 16:18:17,982] {processor.py:632} INFO - DAG(s) dict_keys(['1_init_once_seed_data']) retrieved from /opt/airflow/dags/init.py
[2022-09-15 16:19:54,902] {processor.py:163} INFO - Started process (PID=687) to work on /opt/airflow/dags/init.py
[2022-09-15 16:19:55,188] {processor.py:620} INFO - Processing file /opt/airflow/dags/init.py for tasks to queue
[2022-09-15 16:19:55,355] {logging_mixin.py:109} INFO - [2022-09-15 16:19:55,311] {dagbag.py:500} INFO - Filling up the DagBag from /opt/airflow/dags/init.py
[2022-09-15 16:20:03,457] {processor.py:632} INFO - DAG(s) dict_keys(['1_init_once_seed_data']) retrieved from /opt/airflow/dags/init.py
[2022-09-15T16:43:24.800+0000] {processor.py:153} INFO - Started process (PID=35) to work on /opt/airflow/dags/init.py
[2022-09-15T16:43:24.803+0000] {processor.py:640} INFO - Processing file /opt/airflow/dags/init.py for tasks to queue
[2022-09-15T16:43:24.808+0000] {logging_mixin.py:115} INFO - [2022-09-15T16:43:24.807+0000] {dagbag.py:508} INFO - Filling up the DagBag from /opt/airflow/dags/init.py
[2022-09-15T16:43:24.887+0000] {processor.py:650} INFO - DAG(s) dict_keys(['1_init_once_seed_data']) retrieved from /opt/airflow/dags/init.py
[2022-09-15T16:43:25.074+0000] {logging_mixin.py:115} INFO - [2022-09-15T16:43:25.073+0000] {manager.py:508} INFO - Created Permission View: can delete on DAG:1_init_once_seed_data
[2022-09-15T16:43:25.097+0000] {logging_mixin.py:115} INFO - [2022-09-15T16:43:25.096+0000] {manager.py:508} INFO - Created Permission View: can read on DAG:1_init_once_seed_data
[2022-09-15T16:43:25.111+0000] {logging_mixin.py:115} INFO - [2022-09-15T16:43:25.111+0000] {manager.py:508} INFO - Created Permission View: can edit on DAG:1_init_once_seed_data
[2022-09-15T16:43:25.113+0000] {logging_mixin.py:115} INFO - [2022-09-15T16:43:25.113+0000] {dag.py:2429} INFO - Sync 1 DAGs
[2022-09-15T16:43:25.129+0000] {logging_mixin.py:115} INFO - [2022-09-15T16:43:25.128+0000] {dag.py:2448} INFO - Creating ORM DAG for 1_init_once_seed_data
[2022-09-15T16:43:25.174+0000] {logging_mixin.py:115} INFO - [2022-09-15T16:43:25.174+0000] {dag.py:2981} INFO - Setting next_dagrun for 1_init_once_seed_data to 2020-08-01T00:00:00+00:00, run_after=2020-08-01T00:00:00+00:00
[2022-09-15T16:43:25.220+0000] {processor.py:161} INFO - Processing /opt/airflow/dags/init.py took 0.424 seconds
[2022-09-15T16:43:55.359+0000] {processor.py:153} INFO - Started process (PID=101) to work on /opt/airflow/dags/init.py
[2022-09-15T16:43:55.365+0000] {processor.py:640} INFO - Processing file /opt/airflow/dags/init.py for tasks to queue
[2022-09-15T16:43:55.366+0000] {logging_mixin.py:115} INFO - [2022-09-15T16:43:55.366+0000] {dagbag.py:508} INFO - Filling up the DagBag from /opt/airflow/dags/init.py
[2022-09-15T16:43:55.390+0000] {processor.py:650} INFO - DAG(s) dict_keys(['1_init_once_seed_data']) retrieved from /opt/airflow/dags/init.py
[2022-09-15T16:43:55.426+0000] {logging_mixin.py:115} INFO - [2022-09-15T16:43:55.426+0000] {dag.py:2429} INFO - Sync 1 DAGs
[2022-09-15T16:43:55.463+0000] {logging_mixin.py:115} INFO - [2022-09-15T16:43:55.463+0000] {dag.py:2981} INFO - Setting next_dagrun for 1_init_once_seed_data to 2020-08-01T00:00:00+00:00, run_after=2020-08-01T00:00:00+00:00
[2022-09-15T16:43:55.474+0000] {processor.py:161} INFO - Processing /opt/airflow/dags/init.py took 0.123 seconds
[2022-09-15T16:44:26.406+0000] {processor.py:153} INFO - Started process (PID=167) to work on /opt/airflow/dags/init.py
[2022-09-15T16:44:26.408+0000] {processor.py:640} INFO - Processing file /opt/airflow/dags/init.py for tasks to queue
[2022-09-15T16:44:26.411+0000] {logging_mixin.py:115} INFO - [2022-09-15T16:44:26.411+0000] {dagbag.py:508} INFO - Filling up the DagBag from /opt/airflow/dags/init.py
[2022-09-15T16:44:26.431+0000] {processor.py:650} INFO - DAG(s) dict_keys(['1_init_once_seed_data']) retrieved from /opt/airflow/dags/init.py
[2022-09-15T16:44:26.464+0000] {logging_mixin.py:115} INFO - [2022-09-15T16:44:26.464+0000] {dag.py:2429} INFO - Sync 1 DAGs
[2022-09-15T16:44:26.485+0000] {logging_mixin.py:115} INFO - [2022-09-15T16:44:26.485+0000] {dag.py:2981} INFO - Setting next_dagrun for 1_init_once_seed_data to 2020-08-01T00:00:00+00:00, run_after=2020-08-01T00:00:00+00:00
[2022-09-15T16:44:26.498+0000] {processor.py:161} INFO - Processing /opt/airflow/dags/init.py took 0.098 seconds
[2022-09-15T16:44:56.606+0000] {processor.py:153} INFO - Started process (PID=223) to work on /opt/airflow/dags/init.py
[2022-09-15T16:44:56.608+0000] {processor.py:640} INFO - Processing file /opt/airflow/dags/init.py for tasks to queue
[2022-09-15T16:44:56.610+0000] {logging_mixin.py:115} INFO - [2022-09-15T16:44:56.610+0000] {dagbag.py:508} INFO - Filling up the DagBag from /opt/airflow/dags/init.py
[2022-09-15T16:44:56.649+0000] {processor.py:650} INFO - DAG(s) dict_keys(['1_init_once_seed_data']) retrieved from /opt/airflow/dags/init.py
[2022-09-15T16:44:56.680+0000] {logging_mixin.py:115} INFO - [2022-09-15T16:44:56.680+0000] {dag.py:2429} INFO - Sync 1 DAGs
[2022-09-15T16:44:56.706+0000] {logging_mixin.py:115} INFO - [2022-09-15T16:44:56.706+0000] {dag.py:2981} INFO - Setting next_dagrun for 1_init_once_seed_data to 2020-08-01T00:00:00+00:00, run_after=2020-08-01T00:00:00+00:00
[2022-09-15T16:44:56.716+0000] {processor.py:161} INFO - Processing /opt/airflow/dags/init.py took 0.116 seconds
[2022-09-15T16:45:26.967+0000] {processor.py:153} INFO - Started process (PID=290) to work on /opt/airflow/dags/init.py
[2022-09-15T16:45:26.970+0000] {processor.py:640} INFO - Processing file /opt/airflow/dags/init.py for tasks to queue
[2022-09-15T16:45:26.972+0000] {logging_mixin.py:115} INFO - [2022-09-15T16:45:26.972+0000] {dagbag.py:508} INFO - Filling up the DagBag from /opt/airflow/dags/init.py
[2022-09-15T16:45:26.988+0000] {processor.py:650} INFO - DAG(s) dict_keys(['1_init_once_seed_data']) retrieved from /opt/airflow/dags/init.py
[2022-09-15T16:45:27.033+0000] {logging_mixin.py:115} INFO - [2022-09-15T16:45:27.033+0000] {dag.py:2429} INFO - Sync 1 DAGs
[2022-09-15T16:45:27.059+0000] {logging_mixin.py:115} INFO - [2022-09-15T16:45:27.059+0000] {dag.py:2981} INFO - Setting next_dagrun for 1_init_once_seed_data to 2020-08-01T00:00:00+00:00, run_after=2020-08-01T00:00:00+00:00
[2022-09-15T16:45:27.072+0000] {processor.py:161} INFO - Processing /opt/airflow/dags/init.py took 0.109 seconds
[2022-09-15T16:45:58.065+0000] {processor.py:153} INFO - Started process (PID=357) to work on /opt/airflow/dags/init.py
[2022-09-15T16:45:58.068+0000] {processor.py:640} INFO - Processing file /opt/airflow/dags/init.py for tasks to queue
[2022-09-15T16:45:58.070+0000] {logging_mixin.py:115} INFO - [2022-09-15T16:45:58.070+0000] {dagbag.py:508} INFO - Filling up the DagBag from /opt/airflow/dags/init.py
[2022-09-15T16:45:58.098+0000] {processor.py:650} INFO - DAG(s) dict_keys(['1_init_once_seed_data']) retrieved from /opt/airflow/dags/init.py
[2022-09-15T16:45:58.136+0000] {logging_mixin.py:115} INFO - [2022-09-15T16:45:58.136+0000] {dag.py:2429} INFO - Sync 1 DAGs
[2022-09-15T16:45:58.161+0000] {logging_mixin.py:115} INFO - [2022-09-15T16:45:58.160+0000] {dag.py:2981} INFO - Setting next_dagrun for 1_init_once_seed_data to 2020-08-01T00:00:00+00:00, run_after=2020-08-01T00:00:00+00:00
[2022-09-15T16:45:58.170+0000] {processor.py:161} INFO - Processing /opt/airflow/dags/init.py took 0.111 seconds
[2022-09-15T16:46:29.116+0000] {processor.py:153} INFO - Started process (PID=423) to work on /opt/airflow/dags/init.py
[2022-09-15T16:46:29.118+0000] {processor.py:640} INFO - Processing file /opt/airflow/dags/init.py for tasks to queue
[2022-09-15T16:46:29.120+0000] {logging_mixin.py:115} INFO - [2022-09-15T16:46:29.120+0000] {dagbag.py:508} INFO - Filling up the DagBag from /opt/airflow/dags/init.py
[2022-09-15T16:46:29.135+0000] {processor.py:650} INFO - DAG(s) dict_keys(['1_init_once_seed_data']) retrieved from /opt/airflow/dags/init.py
[2022-09-15T16:46:29.163+0000] {logging_mixin.py:115} INFO - [2022-09-15T16:46:29.162+0000] {dag.py:2429} INFO - Sync 1 DAGs
[2022-09-15T16:46:29.182+0000] {logging_mixin.py:115} INFO - [2022-09-15T16:46:29.182+0000] {dag.py:2981} INFO - Setting next_dagrun for 1_init_once_seed_data to 2020-08-01T00:00:00+00:00, run_after=2020-08-01T00:00:00+00:00
[2022-09-15T16:46:29.191+0000] {processor.py:161} INFO - Processing /opt/airflow/dags/init.py took 0.080 seconds
[2022-09-15T16:47:00.017+0000] {processor.py:153} INFO - Started process (PID=492) to work on /opt/airflow/dags/init.py
[2022-09-15T16:47:00.019+0000] {processor.py:640} INFO - Processing file /opt/airflow/dags/init.py for tasks to queue
[2022-09-15T16:47:00.020+0000] {logging_mixin.py:115} INFO - [2022-09-15T16:47:00.020+0000] {dagbag.py:508} INFO - Filling up the DagBag from /opt/airflow/dags/init.py
[2022-09-15T16:47:00.029+0000] {processor.py:650} INFO - DAG(s) dict_keys(['1_init_once_seed_data']) retrieved from /opt/airflow/dags/init.py
[2022-09-15T16:47:00.047+0000] {logging_mixin.py:115} INFO - [2022-09-15T16:47:00.047+0000] {dag.py:2429} INFO - Sync 1 DAGs
[2022-09-15T16:47:00.063+0000] {logging_mixin.py:115} INFO - [2022-09-15T16:47:00.062+0000] {dag.py:2981} INFO - Setting next_dagrun for 1_init_once_seed_data to 2020-08-01T00:00:00+00:00, run_after=2020-08-01T00:00:00+00:00
[2022-09-15T16:47:00.073+0000] {processor.py:161} INFO - Processing /opt/airflow/dags/init.py took 0.060 seconds
[2022-09-15T16:47:30.939+0000] {processor.py:153} INFO - Started process (PID=560) to work on /opt/airflow/dags/init.py
[2022-09-15T16:47:30.942+0000] {processor.py:640} INFO - Processing file /opt/airflow/dags/init.py for tasks to queue
[2022-09-15T16:47:30.947+0000] {logging_mixin.py:115} INFO - [2022-09-15T16:47:30.947+0000] {dagbag.py:508} INFO - Filling up the DagBag from /opt/airflow/dags/init.py
[2022-09-15T16:47:30.972+0000] {processor.py:650} INFO - DAG(s) dict_keys(['1_init_once_seed_data']) retrieved from /opt/airflow/dags/init.py
[2022-09-15T16:47:31.009+0000] {logging_mixin.py:115} INFO - [2022-09-15T16:47:31.009+0000] {dag.py:2429} INFO - Sync 1 DAGs
[2022-09-15T16:47:31.043+0000] {logging_mixin.py:115} INFO - [2022-09-15T16:47:31.042+0000] {dag.py:2981} INFO - Setting next_dagrun for 1_init_once_seed_data to 2020-08-01T00:00:00+00:00, run_after=2020-08-01T00:00:00+00:00
[2022-09-15T16:47:31.059+0000] {processor.py:161} INFO - Processing /opt/airflow/dags/init.py took 0.149 seconds
[2022-09-15T16:48:01.824+0000] {processor.py:153} INFO - Started process (PID=628) to work on /opt/airflow/dags/init.py
[2022-09-15T16:48:01.827+0000] {processor.py:640} INFO - Processing file /opt/airflow/dags/init.py for tasks to queue
[2022-09-15T16:48:01.829+0000] {logging_mixin.py:115} INFO - [2022-09-15T16:48:01.829+0000] {dagbag.py:508} INFO - Filling up the DagBag from /opt/airflow/dags/init.py
[2022-09-15T16:48:01.853+0000] {processor.py:650} INFO - DAG(s) dict_keys(['1_init_once_seed_data']) retrieved from /opt/airflow/dags/init.py
[2022-09-15T16:48:01.878+0000] {logging_mixin.py:115} INFO - [2022-09-15T16:48:01.878+0000] {dag.py:2429} INFO - Sync 1 DAGs
[2022-09-15T16:48:01.897+0000] {logging_mixin.py:115} INFO - [2022-09-15T16:48:01.897+0000] {dag.py:2981} INFO - Setting next_dagrun for 1_init_once_seed_data to 2020-08-01T00:00:00+00:00, run_after=2020-08-01T00:00:00+00:00
[2022-09-15T16:48:01.906+0000] {processor.py:161} INFO - Processing /opt/airflow/dags/init.py took 0.087 seconds
[2022-09-15T16:48:32.688+0000] {processor.py:153} INFO - Started process (PID=684) to work on /opt/airflow/dags/init.py
[2022-09-15T16:48:32.690+0000] {processor.py:640} INFO - Processing file /opt/airflow/dags/init.py for tasks to queue
[2022-09-15T16:48:32.692+0000] {logging_mixin.py:115} INFO - [2022-09-15T16:48:32.692+0000] {dagbag.py:508} INFO - Filling up the DagBag from /opt/airflow/dags/init.py
[2022-09-15T16:48:32.707+0000] {processor.py:650} INFO - DAG(s) dict_keys(['1_init_once_seed_data']) retrieved from /opt/airflow/dags/init.py
[2022-09-15T16:48:32.745+0000] {logging_mixin.py:115} INFO - [2022-09-15T16:48:32.745+0000] {dag.py:2429} INFO - Sync 1 DAGs
[2022-09-15T16:48:32.772+0000] {logging_mixin.py:115} INFO - [2022-09-15T16:48:32.771+0000] {dag.py:2981} INFO - Setting next_dagrun for 1_init_once_seed_data to 2020-08-01T00:00:00+00:00, run_after=2020-08-01T00:00:00+00:00
[2022-09-15T16:48:32.789+0000] {processor.py:161} INFO - Processing /opt/airflow/dags/init.py took 0.103 seconds
[2022-09-15T16:49:02.953+0000] {processor.py:153} INFO - Started process (PID=749) to work on /opt/airflow/dags/init.py
[2022-09-15T16:49:02.956+0000] {processor.py:640} INFO - Processing file /opt/airflow/dags/init.py for tasks to queue
[2022-09-15T16:49:02.958+0000] {logging_mixin.py:115} INFO - [2022-09-15T16:49:02.958+0000] {dagbag.py:508} INFO - Filling up the DagBag from /opt/airflow/dags/init.py
[2022-09-15T16:49:02.975+0000] {processor.py:650} INFO - DAG(s) dict_keys(['1_init_once_seed_data']) retrieved from /opt/airflow/dags/init.py
[2022-09-15T16:49:03.008+0000] {logging_mixin.py:115} INFO - [2022-09-15T16:49:03.007+0000] {dag.py:2429} INFO - Sync 1 DAGs
[2022-09-15T16:49:03.035+0000] {logging_mixin.py:115} INFO - [2022-09-15T16:49:03.035+0000] {dag.py:2981} INFO - Setting next_dagrun for 1_init_once_seed_data to 2020-08-01T00:00:00+00:00, run_after=2020-08-01T00:00:00+00:00
[2022-09-15T16:49:03.052+0000] {processor.py:161} INFO - Processing /opt/airflow/dags/init.py took 0.104 seconds
[2022-09-15T16:49:33.918+0000] {processor.py:153} INFO - Started process (PID=814) to work on /opt/airflow/dags/init.py
[2022-09-15T16:49:33.920+0000] {processor.py:640} INFO - Processing file /opt/airflow/dags/init.py for tasks to queue
[2022-09-15T16:49:33.923+0000] {logging_mixin.py:115} INFO - [2022-09-15T16:49:33.923+0000] {dagbag.py:508} INFO - Filling up the DagBag from /opt/airflow/dags/init.py
[2022-09-15T16:49:33.944+0000] {processor.py:650} INFO - DAG(s) dict_keys(['1_init_once_seed_data']) retrieved from /opt/airflow/dags/init.py
[2022-09-15T16:49:33.983+0000] {logging_mixin.py:115} INFO - [2022-09-15T16:49:33.982+0000] {dag.py:2429} INFO - Sync 1 DAGs
[2022-09-15T16:49:34.008+0000] {logging_mixin.py:115} INFO - [2022-09-15T16:49:34.008+0000] {dag.py:2981} INFO - Setting next_dagrun for 1_init_once_seed_data to 2020-08-01T00:00:00+00:00, run_after=2020-08-01T00:00:00+00:00
[2022-09-15T16:49:34.025+0000] {processor.py:161} INFO - Processing /opt/airflow/dags/init.py took 0.111 seconds
[2022-09-15T16:50:04.186+0000] {processor.py:153} INFO - Started process (PID=883) to work on /opt/airflow/dags/init.py
[2022-09-15T16:50:04.190+0000] {processor.py:640} INFO - Processing file /opt/airflow/dags/init.py for tasks to queue
[2022-09-15T16:50:04.191+0000] {logging_mixin.py:115} INFO - [2022-09-15T16:50:04.191+0000] {dagbag.py:508} INFO - Filling up the DagBag from /opt/airflow/dags/init.py
[2022-09-15T16:50:04.215+0000] {processor.py:650} INFO - DAG(s) dict_keys(['1_init_once_seed_data']) retrieved from /opt/airflow/dags/init.py
[2022-09-15T16:50:04.249+0000] {logging_mixin.py:115} INFO - [2022-09-15T16:50:04.248+0000] {dag.py:2429} INFO - Sync 1 DAGs
[2022-09-15T16:50:04.279+0000] {logging_mixin.py:115} INFO - [2022-09-15T16:50:04.278+0000] {dag.py:2981} INFO - Setting next_dagrun for 1_init_once_seed_data to 2020-08-01T00:00:00+00:00, run_after=2020-08-01T00:00:00+00:00
[2022-09-15T16:50:04.293+0000] {processor.py:161} INFO - Processing /opt/airflow/dags/init.py took 0.113 seconds
[2022-09-15T16:50:35.295+0000] {processor.py:153} INFO - Started process (PID=952) to work on /opt/airflow/dags/init.py
[2022-09-15T16:50:35.297+0000] {processor.py:640} INFO - Processing file /opt/airflow/dags/init.py for tasks to queue
[2022-09-15T16:50:35.299+0000] {logging_mixin.py:115} INFO - [2022-09-15T16:50:35.299+0000] {dagbag.py:508} INFO - Filling up the DagBag from /opt/airflow/dags/init.py
[2022-09-15T16:50:35.315+0000] {processor.py:650} INFO - DAG(s) dict_keys(['1_init_once_seed_data']) retrieved from /opt/airflow/dags/init.py
[2022-09-15T16:50:35.346+0000] {logging_mixin.py:115} INFO - [2022-09-15T16:50:35.346+0000] {dag.py:2429} INFO - Sync 1 DAGs
[2022-09-15T16:50:35.367+0000] {logging_mixin.py:115} INFO - [2022-09-15T16:50:35.367+0000] {dag.py:2981} INFO - Setting next_dagrun for 1_init_once_seed_data to 2020-08-01T00:00:00+00:00, run_after=2020-08-01T00:00:00+00:00
[2022-09-15T16:50:35.381+0000] {processor.py:161} INFO - Processing /opt/airflow/dags/init.py took 0.091 seconds
[2022-09-15T16:51:06.219+0000] {processor.py:153} INFO - Started process (PID=1018) to work on /opt/airflow/dags/init.py
[2022-09-15T16:51:06.224+0000] {processor.py:640} INFO - Processing file /opt/airflow/dags/init.py for tasks to queue
[2022-09-15T16:51:06.227+0000] {logging_mixin.py:115} INFO - [2022-09-15T16:51:06.227+0000] {dagbag.py:508} INFO - Filling up the DagBag from /opt/airflow/dags/init.py
[2022-09-15T16:51:06.243+0000] {processor.py:650} INFO - DAG(s) dict_keys(['1_init_once_seed_data']) retrieved from /opt/airflow/dags/init.py
[2022-09-15T16:51:06.267+0000] {logging_mixin.py:115} INFO - [2022-09-15T16:51:06.267+0000] {dag.py:2429} INFO - Sync 1 DAGs
[2022-09-15T16:51:06.287+0000] {logging_mixin.py:115} INFO - [2022-09-15T16:51:06.286+0000] {dag.py:2981} INFO - Setting next_dagrun for 1_init_once_seed_data to 2020-08-01T00:00:00+00:00, run_after=2020-08-01T00:00:00+00:00
[2022-09-15T16:51:06.299+0000] {processor.py:161} INFO - Processing /opt/airflow/dags/init.py took 0.086 seconds
[2022-09-15T16:51:37.109+0000] {processor.py:153} INFO - Started process (PID=1076) to work on /opt/airflow/dags/init.py
[2022-09-15T16:51:37.111+0000] {processor.py:640} INFO - Processing file /opt/airflow/dags/init.py for tasks to queue
[2022-09-15T16:51:37.112+0000] {logging_mixin.py:115} INFO - [2022-09-15T16:51:37.112+0000] {dagbag.py:508} INFO - Filling up the DagBag from /opt/airflow/dags/init.py
[2022-09-15T16:51:37.129+0000] {processor.py:650} INFO - DAG(s) dict_keys(['1_init_once_seed_data']) retrieved from /opt/airflow/dags/init.py
[2022-09-15T16:51:37.156+0000] {logging_mixin.py:115} INFO - [2022-09-15T16:51:37.156+0000] {dag.py:2429} INFO - Sync 1 DAGs
[2022-09-15T16:51:37.176+0000] {logging_mixin.py:115} INFO - [2022-09-15T16:51:37.175+0000] {dag.py:2981} INFO - Setting next_dagrun for 1_init_once_seed_data to 2020-08-01T00:00:00+00:00, run_after=2020-08-01T00:00:00+00:00
[2022-09-15T16:51:37.195+0000] {processor.py:161} INFO - Processing /opt/airflow/dags/init.py took 0.091 seconds
[2022-09-15T16:52:08.085+0000] {processor.py:153} INFO - Started process (PID=1143) to work on /opt/airflow/dags/init.py
[2022-09-15T16:52:08.087+0000] {processor.py:640} INFO - Processing file /opt/airflow/dags/init.py for tasks to queue
[2022-09-15T16:52:08.089+0000] {logging_mixin.py:115} INFO - [2022-09-15T16:52:08.089+0000] {dagbag.py:508} INFO - Filling up the DagBag from /opt/airflow/dags/init.py
[2022-09-15T16:52:08.110+0000] {processor.py:650} INFO - DAG(s) dict_keys(['1_init_once_seed_data']) retrieved from /opt/airflow/dags/init.py
[2022-09-15T16:52:08.148+0000] {logging_mixin.py:115} INFO - [2022-09-15T16:52:08.148+0000] {dag.py:2429} INFO - Sync 1 DAGs
[2022-09-15T16:52:08.168+0000] {logging_mixin.py:115} INFO - [2022-09-15T16:52:08.168+0000] {dag.py:2981} INFO - Setting next_dagrun for 1_init_once_seed_data to 2020-08-01T00:00:00+00:00, run_after=2020-08-01T00:00:00+00:00
[2022-09-15T16:52:08.185+0000] {processor.py:161} INFO - Processing /opt/airflow/dags/init.py took 0.104 seconds
[2022-09-15T16:52:38.955+0000] {processor.py:153} INFO - Started process (PID=1209) to work on /opt/airflow/dags/init.py
[2022-09-15T16:52:38.958+0000] {processor.py:640} INFO - Processing file /opt/airflow/dags/init.py for tasks to queue
[2022-09-15T16:52:38.960+0000] {logging_mixin.py:115} INFO - [2022-09-15T16:52:38.960+0000] {dagbag.py:508} INFO - Filling up the DagBag from /opt/airflow/dags/init.py
[2022-09-15T16:52:38.984+0000] {processor.py:650} INFO - DAG(s) dict_keys(['1_init_once_seed_data']) retrieved from /opt/airflow/dags/init.py
[2022-09-15T16:52:39.014+0000] {logging_mixin.py:115} INFO - [2022-09-15T16:52:39.014+0000] {dag.py:2429} INFO - Sync 1 DAGs
[2022-09-15T16:52:39.039+0000] {logging_mixin.py:115} INFO - [2022-09-15T16:52:39.039+0000] {dag.py:2981} INFO - Setting next_dagrun for 1_init_once_seed_data to 2020-08-01T00:00:00+00:00, run_after=2020-08-01T00:00:00+00:00
[2022-09-15T16:52:39.054+0000] {processor.py:161} INFO - Processing /opt/airflow/dags/init.py took 0.103 seconds
[2022-09-15T16:53:10.059+0000] {processor.py:153} INFO - Started process (PID=1277) to work on /opt/airflow/dags/init.py
[2022-09-15T16:53:10.061+0000] {processor.py:640} INFO - Processing file /opt/airflow/dags/init.py for tasks to queue
[2022-09-15T16:53:10.063+0000] {logging_mixin.py:115} INFO - [2022-09-15T16:53:10.063+0000] {dagbag.py:508} INFO - Filling up the DagBag from /opt/airflow/dags/init.py
[2022-09-15T16:53:10.082+0000] {processor.py:650} INFO - DAG(s) dict_keys(['1_init_once_seed_data']) retrieved from /opt/airflow/dags/init.py
[2022-09-15T16:53:10.112+0000] {logging_mixin.py:115} INFO - [2022-09-15T16:53:10.112+0000] {dag.py:2429} INFO - Sync 1 DAGs
[2022-09-15T16:53:10.135+0000] {logging_mixin.py:115} INFO - [2022-09-15T16:53:10.135+0000] {dag.py:2981} INFO - Setting next_dagrun for 1_init_once_seed_data to 2020-08-01T00:00:00+00:00, run_after=2020-08-01T00:00:00+00:00
[2022-09-15T16:53:10.148+0000] {processor.py:161} INFO - Processing /opt/airflow/dags/init.py took 0.096 seconds
[2022-09-15T16:53:40.551+0000] {processor.py:153} INFO - Started process (PID=1345) to work on /opt/airflow/dags/init.py
[2022-09-15T16:53:40.553+0000] {processor.py:640} INFO - Processing file /opt/airflow/dags/init.py for tasks to queue
[2022-09-15T16:53:40.555+0000] {logging_mixin.py:115} INFO - [2022-09-15T16:53:40.555+0000] {dagbag.py:508} INFO - Filling up the DagBag from /opt/airflow/dags/init.py
[2022-09-15T16:53:40.578+0000] {processor.py:650} INFO - DAG(s) dict_keys(['1_init_once_seed_data']) retrieved from /opt/airflow/dags/init.py
[2022-09-15T16:53:40.607+0000] {logging_mixin.py:115} INFO - [2022-09-15T16:53:40.607+0000] {dag.py:2429} INFO - Sync 1 DAGs
[2022-09-15T16:53:40.627+0000] {logging_mixin.py:115} INFO - [2022-09-15T16:53:40.627+0000] {dag.py:2981} INFO - Setting next_dagrun for 1_init_once_seed_data to 2020-08-01T00:00:00+00:00, run_after=2020-08-01T00:00:00+00:00
[2022-09-15T16:53:40.642+0000] {processor.py:161} INFO - Processing /opt/airflow/dags/init.py took 0.093 seconds
[2022-09-15T16:54:11.593+0000] {processor.py:153} INFO - Started process (PID=1414) to work on /opt/airflow/dags/init.py
[2022-09-15T16:54:11.595+0000] {processor.py:640} INFO - Processing file /opt/airflow/dags/init.py for tasks to queue
[2022-09-15T16:54:11.597+0000] {logging_mixin.py:115} INFO - [2022-09-15T16:54:11.597+0000] {dagbag.py:508} INFO - Filling up the DagBag from /opt/airflow/dags/init.py
[2022-09-15T16:54:11.612+0000] {processor.py:650} INFO - DAG(s) dict_keys(['1_init_once_seed_data']) retrieved from /opt/airflow/dags/init.py
[2022-09-15T16:54:11.637+0000] {logging_mixin.py:115} INFO - [2022-09-15T16:54:11.637+0000] {dag.py:2429} INFO - Sync 1 DAGs
[2022-09-15T16:54:11.655+0000] {logging_mixin.py:115} INFO - [2022-09-15T16:54:11.655+0000] {dag.py:2981} INFO - Setting next_dagrun for 1_init_once_seed_data to 2020-08-01T00:00:00+00:00, run_after=2020-08-01T00:00:00+00:00
[2022-09-15T16:54:11.667+0000] {processor.py:161} INFO - Processing /opt/airflow/dags/init.py took 0.078 seconds
[2022-09-15T16:54:42.470+0000] {processor.py:153} INFO - Started process (PID=1469) to work on /opt/airflow/dags/init.py
[2022-09-15T16:54:42.472+0000] {processor.py:640} INFO - Processing file /opt/airflow/dags/init.py for tasks to queue
[2022-09-15T16:54:42.474+0000] {logging_mixin.py:115} INFO - [2022-09-15T16:54:42.473+0000] {dagbag.py:508} INFO - Filling up the DagBag from /opt/airflow/dags/init.py
[2022-09-15T16:54:42.490+0000] {processor.py:650} INFO - DAG(s) dict_keys(['1_init_once_seed_data']) retrieved from /opt/airflow/dags/init.py
[2022-09-15T16:54:42.526+0000] {logging_mixin.py:115} INFO - [2022-09-15T16:54:42.526+0000] {dag.py:2429} INFO - Sync 1 DAGs
[2022-09-15T16:54:42.546+0000] {logging_mixin.py:115} INFO - [2022-09-15T16:54:42.546+0000] {dag.py:2981} INFO - Setting next_dagrun for 1_init_once_seed_data to 2020-08-01T00:00:00+00:00, run_after=2020-08-01T00:00:00+00:00
[2022-09-15T16:54:42.562+0000] {processor.py:161} INFO - Processing /opt/airflow/dags/init.py took 0.094 seconds
[2022-09-15T16:55:12.638+0000] {processor.py:153} INFO - Started process (PID=1537) to work on /opt/airflow/dags/init.py
[2022-09-15T16:55:12.641+0000] {processor.py:640} INFO - Processing file /opt/airflow/dags/init.py for tasks to queue
[2022-09-15T16:55:12.643+0000] {logging_mixin.py:115} INFO - [2022-09-15T16:55:12.643+0000] {dagbag.py:508} INFO - Filling up the DagBag from /opt/airflow/dags/init.py
[2022-09-15T16:55:12.667+0000] {processor.py:650} INFO - DAG(s) dict_keys(['1_init_once_seed_data']) retrieved from /opt/airflow/dags/init.py
[2022-09-15T16:55:12.704+0000] {logging_mixin.py:115} INFO - [2022-09-15T16:55:12.703+0000] {dag.py:2429} INFO - Sync 1 DAGs
[2022-09-15T16:55:12.728+0000] {logging_mixin.py:115} INFO - [2022-09-15T16:55:12.728+0000] {dag.py:2981} INFO - Setting next_dagrun for 1_init_once_seed_data to 2020-08-01T00:00:00+00:00, run_after=2020-08-01T00:00:00+00:00
[2022-09-15T16:55:12.748+0000] {processor.py:161} INFO - Processing /opt/airflow/dags/init.py took 0.117 seconds
[2022-09-15T16:55:42.826+0000] {processor.py:153} INFO - Started process (PID=1607) to work on /opt/airflow/dags/init.py
[2022-09-15T16:55:42.829+0000] {processor.py:640} INFO - Processing file /opt/airflow/dags/init.py for tasks to queue
[2022-09-15T16:55:42.831+0000] {logging_mixin.py:115} INFO - [2022-09-15T16:55:42.831+0000] {dagbag.py:508} INFO - Filling up the DagBag from /opt/airflow/dags/init.py
[2022-09-15T16:55:42.849+0000] {processor.py:650} INFO - DAG(s) dict_keys(['1_init_once_seed_data']) retrieved from /opt/airflow/dags/init.py
[2022-09-15T16:55:42.881+0000] {logging_mixin.py:115} INFO - [2022-09-15T16:55:42.881+0000] {dag.py:2429} INFO - Sync 1 DAGs
[2022-09-15T16:55:42.907+0000] {logging_mixin.py:115} INFO - [2022-09-15T16:55:42.907+0000] {dag.py:2981} INFO - Setting next_dagrun for 1_init_once_seed_data to 2020-08-01T00:00:00+00:00, run_after=2020-08-01T00:00:00+00:00
[2022-09-15T16:55:42.922+0000] {processor.py:161} INFO - Processing /opt/airflow/dags/init.py took 0.101 seconds
[2022-09-15T16:56:12.975+0000] {processor.py:153} INFO - Started process (PID=1673) to work on /opt/airflow/dags/init.py
[2022-09-15T16:56:12.977+0000] {processor.py:640} INFO - Processing file /opt/airflow/dags/init.py for tasks to queue
[2022-09-15T16:56:12.979+0000] {logging_mixin.py:115} INFO - [2022-09-15T16:56:12.979+0000] {dagbag.py:508} INFO - Filling up the DagBag from /opt/airflow/dags/init.py
[2022-09-15T16:56:12.994+0000] {processor.py:650} INFO - DAG(s) dict_keys(['1_init_once_seed_data']) retrieved from /opt/airflow/dags/init.py
[2022-09-15T16:56:13.021+0000] {logging_mixin.py:115} INFO - [2022-09-15T16:56:13.021+0000] {dag.py:2429} INFO - Sync 1 DAGs
[2022-09-15T16:56:13.044+0000] {logging_mixin.py:115} INFO - [2022-09-15T16:56:13.044+0000] {dag.py:2981} INFO - Setting next_dagrun for 1_init_once_seed_data to 2020-08-01T00:00:00+00:00, run_after=2020-08-01T00:00:00+00:00
[2022-09-15T16:56:13.057+0000] {processor.py:161} INFO - Processing /opt/airflow/dags/init.py took 0.085 seconds
[2022-09-15T16:56:44.037+0000] {processor.py:153} INFO - Started process (PID=1744) to work on /opt/airflow/dags/init.py
[2022-09-15T16:56:44.042+0000] {processor.py:640} INFO - Processing file /opt/airflow/dags/init.py for tasks to queue
[2022-09-15T16:56:44.044+0000] {logging_mixin.py:115} INFO - [2022-09-15T16:56:44.044+0000] {dagbag.py:508} INFO - Filling up the DagBag from /opt/airflow/dags/init.py
[2022-09-15T16:56:44.061+0000] {processor.py:650} INFO - DAG(s) dict_keys(['1_init_once_seed_data']) retrieved from /opt/airflow/dags/init.py
[2022-09-15T16:56:44.086+0000] {logging_mixin.py:115} INFO - [2022-09-15T16:56:44.086+0000] {dag.py:2429} INFO - Sync 1 DAGs
[2022-09-15T16:56:44.113+0000] {logging_mixin.py:115} INFO - [2022-09-15T16:56:44.113+0000] {dag.py:2981} INFO - Setting next_dagrun for 1_init_once_seed_data to 2020-08-01T00:00:00+00:00, run_after=2020-08-01T00:00:00+00:00
[2022-09-15T16:56:44.127+0000] {processor.py:161} INFO - Processing /opt/airflow/dags/init.py took 0.097 seconds
[2022-09-15T16:57:15.096+0000] {processor.py:153} INFO - Started process (PID=1799) to work on /opt/airflow/dags/init.py
[2022-09-15T16:57:15.098+0000] {processor.py:640} INFO - Processing file /opt/airflow/dags/init.py for tasks to queue
[2022-09-15T16:57:15.100+0000] {logging_mixin.py:115} INFO - [2022-09-15T16:57:15.100+0000] {dagbag.py:508} INFO - Filling up the DagBag from /opt/airflow/dags/init.py
[2022-09-15T16:57:15.112+0000] {processor.py:650} INFO - DAG(s) dict_keys(['1_init_once_seed_data']) retrieved from /opt/airflow/dags/init.py
[2022-09-15T16:57:15.139+0000] {logging_mixin.py:115} INFO - [2022-09-15T16:57:15.139+0000] {dag.py:2429} INFO - Sync 1 DAGs
[2022-09-15T16:57:15.161+0000] {logging_mixin.py:115} INFO - [2022-09-15T16:57:15.160+0000] {dag.py:2981} INFO - Setting next_dagrun for 1_init_once_seed_data to 2020-08-01T00:00:00+00:00, run_after=2020-08-01T00:00:00+00:00
[2022-09-15T16:57:15.174+0000] {processor.py:161} INFO - Processing /opt/airflow/dags/init.py took 0.081 seconds
[2022-09-15T16:57:46.141+0000] {processor.py:153} INFO - Started process (PID=1864) to work on /opt/airflow/dags/init.py
[2022-09-15T16:57:46.146+0000] {processor.py:640} INFO - Processing file /opt/airflow/dags/init.py for tasks to queue
[2022-09-15T16:57:46.149+0000] {logging_mixin.py:115} INFO - [2022-09-15T16:57:46.148+0000] {dagbag.py:508} INFO - Filling up the DagBag from /opt/airflow/dags/init.py
[2022-09-15T16:57:46.179+0000] {processor.py:650} INFO - DAG(s) dict_keys(['1_init_once_seed_data']) retrieved from /opt/airflow/dags/init.py
[2022-09-15T16:57:46.214+0000] {logging_mixin.py:115} INFO - [2022-09-15T16:57:46.214+0000] {dag.py:2429} INFO - Sync 1 DAGs
[2022-09-15T16:57:46.239+0000] {logging_mixin.py:115} INFO - [2022-09-15T16:57:46.239+0000] {dag.py:2981} INFO - Setting next_dagrun for 1_init_once_seed_data to 2020-08-01T00:00:00+00:00, run_after=2020-08-01T00:00:00+00:00
[2022-09-15T16:57:46.252+0000] {processor.py:161} INFO - Processing /opt/airflow/dags/init.py took 0.119 seconds
[2022-09-15T16:58:16.350+0000] {processor.py:153} INFO - Started process (PID=1936) to work on /opt/airflow/dags/init.py
[2022-09-15T16:58:16.353+0000] {processor.py:640} INFO - Processing file /opt/airflow/dags/init.py for tasks to queue
[2022-09-15T16:58:16.365+0000] {logging_mixin.py:115} INFO - [2022-09-15T16:58:16.365+0000] {dagbag.py:508} INFO - Filling up the DagBag from /opt/airflow/dags/init.py
[2022-09-15T16:58:16.388+0000] {processor.py:650} INFO - DAG(s) dict_keys(['1_init_once_seed_data']) retrieved from /opt/airflow/dags/init.py
[2022-09-15T16:58:16.415+0000] {logging_mixin.py:115} INFO - [2022-09-15T16:58:16.415+0000] {dag.py:2429} INFO - Sync 1 DAGs
[2022-09-15T16:58:16.463+0000] {logging_mixin.py:115} INFO - [2022-09-15T16:58:16.462+0000] {dag.py:2981} INFO - Setting next_dagrun for 1_init_once_seed_data to 2020-08-01T00:00:00+00:00, run_after=2020-08-01T00:00:00+00:00
[2022-09-15T16:58:16.482+0000] {processor.py:161} INFO - Processing /opt/airflow/dags/init.py took 0.135 seconds
[2022-09-15T16:58:47.384+0000] {processor.py:153} INFO - Started process (PID=2002) to work on /opt/airflow/dags/init.py
[2022-09-15T16:58:47.387+0000] {processor.py:640} INFO - Processing file /opt/airflow/dags/init.py for tasks to queue
[2022-09-15T16:58:47.388+0000] {logging_mixin.py:115} INFO - [2022-09-15T16:58:47.388+0000] {dagbag.py:508} INFO - Filling up the DagBag from /opt/airflow/dags/init.py
[2022-09-15T16:58:47.407+0000] {processor.py:650} INFO - DAG(s) dict_keys(['1_init_once_seed_data']) retrieved from /opt/airflow/dags/init.py
[2022-09-15T16:58:47.431+0000] {logging_mixin.py:115} INFO - [2022-09-15T16:58:47.431+0000] {dag.py:2429} INFO - Sync 1 DAGs
[2022-09-15T16:58:47.463+0000] {logging_mixin.py:115} INFO - [2022-09-15T16:58:47.463+0000] {dag.py:2981} INFO - Setting next_dagrun for 1_init_once_seed_data to 2020-08-01T00:00:00+00:00, run_after=2020-08-01T00:00:00+00:00
[2022-09-15T16:58:47.472+0000] {processor.py:161} INFO - Processing /opt/airflow/dags/init.py took 0.094 seconds
[2022-09-15T16:59:17.594+0000] {processor.py:153} INFO - Started process (PID=2071) to work on /opt/airflow/dags/init.py
[2022-09-15T16:59:17.596+0000] {processor.py:640} INFO - Processing file /opt/airflow/dags/init.py for tasks to queue
[2022-09-15T16:59:17.598+0000] {logging_mixin.py:115} INFO - [2022-09-15T16:59:17.598+0000] {dagbag.py:508} INFO - Filling up the DagBag from /opt/airflow/dags/init.py
[2022-09-15T16:59:17.617+0000] {processor.py:650} INFO - DAG(s) dict_keys(['1_init_once_seed_data']) retrieved from /opt/airflow/dags/init.py
[2022-09-15T16:59:17.648+0000] {logging_mixin.py:115} INFO - [2022-09-15T16:59:17.648+0000] {dag.py:2429} INFO - Sync 1 DAGs
[2022-09-15T16:59:17.672+0000] {logging_mixin.py:115} INFO - [2022-09-15T16:59:17.671+0000] {dag.py:2981} INFO - Setting next_dagrun for 1_init_once_seed_data to 2020-08-01T00:00:00+00:00, run_after=2020-08-01T00:00:00+00:00
[2022-09-15T16:59:17.681+0000] {processor.py:161} INFO - Processing /opt/airflow/dags/init.py took 0.092 seconds
[2022-09-15T16:59:48.652+0000] {processor.py:153} INFO - Started process (PID=2128) to work on /opt/airflow/dags/init.py
[2022-09-15T16:59:48.655+0000] {processor.py:640} INFO - Processing file /opt/airflow/dags/init.py for tasks to queue
[2022-09-15T16:59:48.657+0000] {logging_mixin.py:115} INFO - [2022-09-15T16:59:48.657+0000] {dagbag.py:508} INFO - Filling up the DagBag from /opt/airflow/dags/init.py
[2022-09-15T16:59:48.675+0000] {processor.py:650} INFO - DAG(s) dict_keys(['1_init_once_seed_data']) retrieved from /opt/airflow/dags/init.py
[2022-09-15T16:59:48.709+0000] {logging_mixin.py:115} INFO - [2022-09-15T16:59:48.708+0000] {dag.py:2429} INFO - Sync 1 DAGs
[2022-09-15T16:59:48.740+0000] {logging_mixin.py:115} INFO - [2022-09-15T16:59:48.740+0000] {dag.py:2981} INFO - Setting next_dagrun for 1_init_once_seed_data to 2020-08-01T00:00:00+00:00, run_after=2020-08-01T00:00:00+00:00
[2022-09-15T16:59:48.751+0000] {processor.py:161} INFO - Processing /opt/airflow/dags/init.py took 0.104 seconds
[2022-09-15T17:00:19.700+0000] {processor.py:153} INFO - Started process (PID=2198) to work on /opt/airflow/dags/init.py
[2022-09-15T17:00:19.702+0000] {processor.py:640} INFO - Processing file /opt/airflow/dags/init.py for tasks to queue
[2022-09-15T17:00:19.704+0000] {logging_mixin.py:115} INFO - [2022-09-15T17:00:19.704+0000] {dagbag.py:508} INFO - Filling up the DagBag from /opt/airflow/dags/init.py
[2022-09-15T17:00:19.728+0000] {processor.py:650} INFO - DAG(s) dict_keys(['1_init_once_seed_data']) retrieved from /opt/airflow/dags/init.py
[2022-09-15T17:00:19.754+0000] {logging_mixin.py:115} INFO - [2022-09-15T17:00:19.754+0000] {dag.py:2429} INFO - Sync 1 DAGs
[2022-09-15T17:00:19.776+0000] {logging_mixin.py:115} INFO - [2022-09-15T17:00:19.776+0000] {dag.py:2981} INFO - Setting next_dagrun for 1_init_once_seed_data to 2020-08-01T00:00:00+00:00, run_after=2020-08-01T00:00:00+00:00
[2022-09-15T17:00:19.785+0000] {processor.py:161} INFO - Processing /opt/airflow/dags/init.py took 0.090 seconds
[2022-09-15T17:00:49.871+0000] {processor.py:153} INFO - Started process (PID=2270) to work on /opt/airflow/dags/init.py
[2022-09-15T17:00:49.873+0000] {processor.py:640} INFO - Processing file /opt/airflow/dags/init.py for tasks to queue
[2022-09-15T17:00:49.874+0000] {logging_mixin.py:115} INFO - [2022-09-15T17:00:49.874+0000] {dagbag.py:508} INFO - Filling up the DagBag from /opt/airflow/dags/init.py
[2022-09-15T17:00:49.883+0000] {processor.py:650} INFO - DAG(s) dict_keys(['1_init_once_seed_data']) retrieved from /opt/airflow/dags/init.py
[2022-09-15T17:00:49.904+0000] {logging_mixin.py:115} INFO - [2022-09-15T17:00:49.904+0000] {dag.py:2429} INFO - Sync 1 DAGs
[2022-09-15T17:00:49.928+0000] {logging_mixin.py:115} INFO - [2022-09-15T17:00:49.928+0000] {dag.py:2981} INFO - Setting next_dagrun for 1_init_once_seed_data to 2020-08-01T00:00:00+00:00, run_after=2020-08-01T00:00:00+00:00
[2022-09-15T17:00:49.937+0000] {processor.py:161} INFO - Processing /opt/airflow/dags/init.py took 0.068 seconds
[2022-09-15T17:01:19.989+0000] {processor.py:153} INFO - Started process (PID=2334) to work on /opt/airflow/dags/init.py
[2022-09-15T17:01:19.991+0000] {processor.py:640} INFO - Processing file /opt/airflow/dags/init.py for tasks to queue
[2022-09-15T17:01:19.992+0000] {logging_mixin.py:115} INFO - [2022-09-15T17:01:19.992+0000] {dagbag.py:508} INFO - Filling up the DagBag from /opt/airflow/dags/init.py
[2022-09-15T17:01:20.007+0000] {processor.py:650} INFO - DAG(s) dict_keys(['1_init_once_seed_data']) retrieved from /opt/airflow/dags/init.py
[2022-09-15T17:01:20.033+0000] {logging_mixin.py:115} INFO - [2022-09-15T17:01:20.033+0000] {dag.py:2429} INFO - Sync 1 DAGs
[2022-09-15T17:01:20.056+0000] {logging_mixin.py:115} INFO - [2022-09-15T17:01:20.056+0000] {dag.py:2981} INFO - Setting next_dagrun for 1_init_once_seed_data to 2020-08-01T00:00:00+00:00, run_after=2020-08-01T00:00:00+00:00
[2022-09-15T17:01:20.065+0000] {processor.py:161} INFO - Processing /opt/airflow/dags/init.py took 0.080 seconds
[2022-09-15T17:01:50.858+0000] {processor.py:153} INFO - Started process (PID=2403) to work on /opt/airflow/dags/init.py
[2022-09-15T17:01:50.863+0000] {processor.py:640} INFO - Processing file /opt/airflow/dags/init.py for tasks to queue
[2022-09-15T17:01:50.866+0000] {logging_mixin.py:115} INFO - [2022-09-15T17:01:50.866+0000] {dagbag.py:508} INFO - Filling up the DagBag from /opt/airflow/dags/init.py
[2022-09-15T17:01:50.884+0000] {processor.py:650} INFO - DAG(s) dict_keys(['1_init_once_seed_data']) retrieved from /opt/airflow/dags/init.py
[2022-09-15T17:01:50.914+0000] {logging_mixin.py:115} INFO - [2022-09-15T17:01:50.914+0000] {dag.py:2429} INFO - Sync 1 DAGs
[2022-09-15T17:01:50.939+0000] {logging_mixin.py:115} INFO - [2022-09-15T17:01:50.939+0000] {dag.py:2981} INFO - Setting next_dagrun for 1_init_once_seed_data to 2020-08-01T00:00:00+00:00, run_after=2020-08-01T00:00:00+00:00
[2022-09-15T17:01:50.949+0000] {processor.py:161} INFO - Processing /opt/airflow/dags/init.py took 0.096 seconds
[2022-09-15T17:02:21.234+0000] {processor.py:153} INFO - Started process (PID=2459) to work on /opt/airflow/dags/init.py
[2022-09-15T17:02:21.237+0000] {processor.py:640} INFO - Processing file /opt/airflow/dags/init.py for tasks to queue
[2022-09-15T17:02:21.238+0000] {logging_mixin.py:115} INFO - [2022-09-15T17:02:21.238+0000] {dagbag.py:508} INFO - Filling up the DagBag from /opt/airflow/dags/init.py
[2022-09-15T17:02:21.259+0000] {processor.py:650} INFO - DAG(s) dict_keys(['1_init_once_seed_data']) retrieved from /opt/airflow/dags/init.py
[2022-09-15T17:02:21.293+0000] {logging_mixin.py:115} INFO - [2022-09-15T17:02:21.293+0000] {dag.py:2429} INFO - Sync 1 DAGs
[2022-09-15T17:02:21.326+0000] {logging_mixin.py:115} INFO - [2022-09-15T17:02:21.325+0000] {dag.py:2981} INFO - Setting next_dagrun for 1_init_once_seed_data to 2020-08-01T00:00:00+00:00, run_after=2020-08-01T00:00:00+00:00
[2022-09-15T17:02:21.336+0000] {processor.py:161} INFO - Processing /opt/airflow/dags/init.py took 0.107 seconds
[2022-09-15T17:02:51.465+0000] {processor.py:153} INFO - Started process (PID=2530) to work on /opt/airflow/dags/init.py
[2022-09-15T17:02:51.468+0000] {processor.py:640} INFO - Processing file /opt/airflow/dags/init.py for tasks to queue
[2022-09-15T17:02:51.470+0000] {logging_mixin.py:115} INFO - [2022-09-15T17:02:51.470+0000] {dagbag.py:508} INFO - Filling up the DagBag from /opt/airflow/dags/init.py
[2022-09-15T17:02:51.487+0000] {processor.py:650} INFO - DAG(s) dict_keys(['1_init_once_seed_data']) retrieved from /opt/airflow/dags/init.py
[2022-09-15T17:02:51.512+0000] {logging_mixin.py:115} INFO - [2022-09-15T17:02:51.512+0000] {dag.py:2429} INFO - Sync 1 DAGs
[2022-09-15T17:02:51.535+0000] {logging_mixin.py:115} INFO - [2022-09-15T17:02:51.535+0000] {dag.py:2981} INFO - Setting next_dagrun for 1_init_once_seed_data to 2020-08-01T00:00:00+00:00, run_after=2020-08-01T00:00:00+00:00
[2022-09-15T17:02:51.542+0000] {processor.py:161} INFO - Processing /opt/airflow/dags/init.py took 0.084 seconds
[2022-09-15T17:03:22.575+0000] {processor.py:153} INFO - Started process (PID=2600) to work on /opt/airflow/dags/init.py
[2022-09-15T17:03:22.577+0000] {processor.py:640} INFO - Processing file /opt/airflow/dags/init.py for tasks to queue
[2022-09-15T17:03:22.580+0000] {logging_mixin.py:115} INFO - [2022-09-15T17:03:22.580+0000] {dagbag.py:508} INFO - Filling up the DagBag from /opt/airflow/dags/init.py
[2022-09-15T17:03:22.599+0000] {processor.py:650} INFO - DAG(s) dict_keys(['1_init_once_seed_data']) retrieved from /opt/airflow/dags/init.py
[2022-09-15T17:03:22.633+0000] {logging_mixin.py:115} INFO - [2022-09-15T17:03:22.633+0000] {dag.py:2429} INFO - Sync 1 DAGs
[2022-09-15T17:03:22.661+0000] {logging_mixin.py:115} INFO - [2022-09-15T17:03:22.661+0000] {dag.py:2981} INFO - Setting next_dagrun for 1_init_once_seed_data to 2020-08-01T00:00:00+00:00, run_after=2020-08-01T00:00:00+00:00
[2022-09-15T17:03:22.670+0000] {processor.py:161} INFO - Processing /opt/airflow/dags/init.py took 0.101 seconds
[2022-09-15T17:03:52.839+0000] {processor.py:153} INFO - Started process (PID=2668) to work on /opt/airflow/dags/init.py
[2022-09-15T17:03:52.841+0000] {processor.py:640} INFO - Processing file /opt/airflow/dags/init.py for tasks to queue
[2022-09-15T17:03:52.843+0000] {logging_mixin.py:115} INFO - [2022-09-15T17:03:52.843+0000] {dagbag.py:508} INFO - Filling up the DagBag from /opt/airflow/dags/init.py
[2022-09-15T17:03:52.857+0000] {processor.py:650} INFO - DAG(s) dict_keys(['1_init_once_seed_data']) retrieved from /opt/airflow/dags/init.py
[2022-09-15T17:03:52.884+0000] {logging_mixin.py:115} INFO - [2022-09-15T17:03:52.884+0000] {dag.py:2429} INFO - Sync 1 DAGs
[2022-09-15T17:03:52.920+0000] {logging_mixin.py:115} INFO - [2022-09-15T17:03:52.920+0000] {dag.py:2981} INFO - Setting next_dagrun for 1_init_once_seed_data to 2020-08-01T00:00:00+00:00, run_after=2020-08-01T00:00:00+00:00
[2022-09-15T17:03:52.930+0000] {processor.py:161} INFO - Processing /opt/airflow/dags/init.py took 0.094 seconds
[2022-09-15T17:04:22.977+0000] {processor.py:153} INFO - Started process (PID=2734) to work on /opt/airflow/dags/init.py
[2022-09-15T17:04:22.979+0000] {processor.py:640} INFO - Processing file /opt/airflow/dags/init.py for tasks to queue
[2022-09-15T17:04:22.980+0000] {logging_mixin.py:115} INFO - [2022-09-15T17:04:22.980+0000] {dagbag.py:508} INFO - Filling up the DagBag from /opt/airflow/dags/init.py
[2022-09-15T17:04:22.993+0000] {processor.py:650} INFO - DAG(s) dict_keys(['1_init_once_seed_data']) retrieved from /opt/airflow/dags/init.py
[2022-09-15T17:04:23.017+0000] {logging_mixin.py:115} INFO - [2022-09-15T17:04:23.017+0000] {dag.py:2429} INFO - Sync 1 DAGs
[2022-09-15T17:04:23.041+0000] {logging_mixin.py:115} INFO - [2022-09-15T17:04:23.041+0000] {dag.py:2981} INFO - Setting next_dagrun for 1_init_once_seed_data to 2020-08-01T00:00:00+00:00, run_after=2020-08-01T00:00:00+00:00
[2022-09-15T17:04:23.049+0000] {processor.py:161} INFO - Processing /opt/airflow/dags/init.py took 0.075 seconds
[2022-09-15T17:04:53.237+0000] {processor.py:153} INFO - Started process (PID=2792) to work on /opt/airflow/dags/init.py
[2022-09-15T17:04:53.239+0000] {processor.py:640} INFO - Processing file /opt/airflow/dags/init.py for tasks to queue
[2022-09-15T17:04:53.241+0000] {logging_mixin.py:115} INFO - [2022-09-15T17:04:53.241+0000] {dagbag.py:508} INFO - Filling up the DagBag from /opt/airflow/dags/init.py
[2022-09-15T17:04:53.258+0000] {processor.py:650} INFO - DAG(s) dict_keys(['1_init_once_seed_data']) retrieved from /opt/airflow/dags/init.py
[2022-09-15T17:04:53.288+0000] {logging_mixin.py:115} INFO - [2022-09-15T17:04:53.288+0000] {dag.py:2429} INFO - Sync 1 DAGs
[2022-09-15T17:04:53.319+0000] {logging_mixin.py:115} INFO - [2022-09-15T17:04:53.319+0000] {dag.py:2981} INFO - Setting next_dagrun for 1_init_once_seed_data to 2020-08-01T00:00:00+00:00, run_after=2020-08-01T00:00:00+00:00
[2022-09-15T17:04:53.327+0000] {processor.py:161} INFO - Processing /opt/airflow/dags/init.py took 0.093 seconds
