[2022-09-15T16:43:29.713+0000] {processor.py:153} INFO - Started process (PID=64) to work on /home/airflow/.local/lib/python3.7/site-packages/airflow/example_dags/example_short_circuit_operator.py
[2022-09-15T16:43:29.717+0000] {processor.py:640} INFO - Processing file /home/airflow/.local/lib/python3.7/site-packages/airflow/example_dags/example_short_circuit_operator.py for tasks to queue
[2022-09-15T16:43:29.723+0000] {logging_mixin.py:115} INFO - [2022-09-15T16:43:29.722+0000] {dagbag.py:508} INFO - Filling up the DagBag from /home/airflow/.local/lib/python3.7/site-packages/airflow/example_dags/example_short_circuit_operator.py
[2022-09-15T16:43:29.798+0000] {processor.py:650} INFO - DAG(s) dict_keys(['example_short_circuit_operator']) retrieved from /home/airflow/.local/lib/python3.7/site-packages/airflow/example_dags/example_short_circuit_operator.py
[2022-09-15T16:43:30.175+0000] {logging_mixin.py:115} INFO - [2022-09-15T16:43:30.174+0000] {manager.py:508} INFO - Created Permission View: can delete on DAG:example_short_circuit_operator
[2022-09-15T16:43:30.201+0000] {logging_mixin.py:115} INFO - [2022-09-15T16:43:30.200+0000] {manager.py:508} INFO - Created Permission View: can read on DAG:example_short_circuit_operator
[2022-09-15T16:43:30.221+0000] {logging_mixin.py:115} INFO - [2022-09-15T16:43:30.221+0000] {manager.py:508} INFO - Created Permission View: can edit on DAG:example_short_circuit_operator
[2022-09-15T16:43:30.223+0000] {logging_mixin.py:115} INFO - [2022-09-15T16:43:30.223+0000] {dag.py:2429} INFO - Sync 1 DAGs
[2022-09-15T16:43:30.302+0000] {logging_mixin.py:115} INFO - [2022-09-15T16:43:30.301+0000] {dag.py:2448} INFO - Creating ORM DAG for example_short_circuit_operator
[2022-09-15T16:43:30.363+0000] {logging_mixin.py:115} INFO - [2022-09-15T16:43:30.363+0000] {dag.py:2981} INFO - Setting next_dagrun for example_short_circuit_operator to 2022-09-14T16:43:30.362159+00:00, run_after=2022-09-15T16:43:30.362159+00:00
[2022-09-15T16:43:30.423+0000] {processor.py:161} INFO - Processing /home/airflow/.local/lib/python3.7/site-packages/airflow/example_dags/example_short_circuit_operator.py took 0.721 seconds
[2022-09-15T16:44:01.470+0000] {processor.py:153} INFO - Started process (PID=120) to work on /home/airflow/.local/lib/python3.7/site-packages/airflow/example_dags/example_short_circuit_operator.py
[2022-09-15T16:44:01.472+0000] {processor.py:640} INFO - Processing file /home/airflow/.local/lib/python3.7/site-packages/airflow/example_dags/example_short_circuit_operator.py for tasks to queue
[2022-09-15T16:44:01.473+0000] {logging_mixin.py:115} INFO - [2022-09-15T16:44:01.473+0000] {dagbag.py:508} INFO - Filling up the DagBag from /home/airflow/.local/lib/python3.7/site-packages/airflow/example_dags/example_short_circuit_operator.py
[2022-09-15T16:44:01.481+0000] {processor.py:650} INFO - DAG(s) dict_keys(['example_short_circuit_operator']) retrieved from /home/airflow/.local/lib/python3.7/site-packages/airflow/example_dags/example_short_circuit_operator.py
[2022-09-15T16:44:01.504+0000] {logging_mixin.py:115} INFO - [2022-09-15T16:44:01.504+0000] {dag.py:2429} INFO - Sync 1 DAGs
[2022-09-15T16:44:01.519+0000] {logging_mixin.py:115} INFO - [2022-09-15T16:44:01.518+0000] {dag.py:2981} INFO - Setting next_dagrun for example_short_circuit_operator to 2022-09-14T16:44:01.518707+00:00, run_after=2022-09-15T16:44:01.518707+00:00
[2022-09-15T16:44:01.527+0000] {processor.py:161} INFO - Processing /home/airflow/.local/lib/python3.7/site-packages/airflow/example_dags/example_short_circuit_operator.py took 0.060 seconds
[2022-09-15T16:44:31.574+0000] {processor.py:153} INFO - Started process (PID=185) to work on /home/airflow/.local/lib/python3.7/site-packages/airflow/example_dags/example_short_circuit_operator.py
[2022-09-15T16:44:31.576+0000] {processor.py:640} INFO - Processing file /home/airflow/.local/lib/python3.7/site-packages/airflow/example_dags/example_short_circuit_operator.py for tasks to queue
[2022-09-15T16:44:31.577+0000] {logging_mixin.py:115} INFO - [2022-09-15T16:44:31.577+0000] {dagbag.py:508} INFO - Filling up the DagBag from /home/airflow/.local/lib/python3.7/site-packages/airflow/example_dags/example_short_circuit_operator.py
[2022-09-15T16:44:31.586+0000] {processor.py:650} INFO - DAG(s) dict_keys(['example_short_circuit_operator']) retrieved from /home/airflow/.local/lib/python3.7/site-packages/airflow/example_dags/example_short_circuit_operator.py
[2022-09-15T16:44:31.605+0000] {logging_mixin.py:115} INFO - [2022-09-15T16:44:31.605+0000] {dag.py:2429} INFO - Sync 1 DAGs
[2022-09-15T16:44:31.620+0000] {logging_mixin.py:115} INFO - [2022-09-15T16:44:31.620+0000] {dag.py:2981} INFO - Setting next_dagrun for example_short_circuit_operator to 2022-09-14T16:44:31.620358+00:00, run_after=2022-09-15T16:44:31.620358+00:00
[2022-09-15T16:44:31.630+0000] {processor.py:161} INFO - Processing /home/airflow/.local/lib/python3.7/site-packages/airflow/example_dags/example_short_circuit_operator.py took 0.058 seconds
[2022-09-15T16:45:01.770+0000] {processor.py:153} INFO - Started process (PID=251) to work on /home/airflow/.local/lib/python3.7/site-packages/airflow/example_dags/example_short_circuit_operator.py
[2022-09-15T16:45:01.772+0000] {processor.py:640} INFO - Processing file /home/airflow/.local/lib/python3.7/site-packages/airflow/example_dags/example_short_circuit_operator.py for tasks to queue
[2022-09-15T16:45:01.773+0000] {logging_mixin.py:115} INFO - [2022-09-15T16:45:01.773+0000] {dagbag.py:508} INFO - Filling up the DagBag from /home/airflow/.local/lib/python3.7/site-packages/airflow/example_dags/example_short_circuit_operator.py
[2022-09-15T16:45:01.780+0000] {processor.py:650} INFO - DAG(s) dict_keys(['example_short_circuit_operator']) retrieved from /home/airflow/.local/lib/python3.7/site-packages/airflow/example_dags/example_short_circuit_operator.py
[2022-09-15T16:45:01.805+0000] {logging_mixin.py:115} INFO - [2022-09-15T16:45:01.805+0000] {dag.py:2429} INFO - Sync 1 DAGs
[2022-09-15T16:45:01.818+0000] {logging_mixin.py:115} INFO - [2022-09-15T16:45:01.818+0000] {dag.py:2981} INFO - Setting next_dagrun for example_short_circuit_operator to 2022-09-14T16:45:01.817950+00:00, run_after=2022-09-15T16:45:01.817950+00:00
[2022-09-15T16:45:01.826+0000] {processor.py:161} INFO - Processing /home/airflow/.local/lib/python3.7/site-packages/airflow/example_dags/example_short_circuit_operator.py took 0.060 seconds
[2022-09-15T16:45:31.983+0000] {processor.py:153} INFO - Started process (PID=318) to work on /home/airflow/.local/lib/python3.7/site-packages/airflow/example_dags/example_short_circuit_operator.py
[2022-09-15T16:45:31.985+0000] {processor.py:640} INFO - Processing file /home/airflow/.local/lib/python3.7/site-packages/airflow/example_dags/example_short_circuit_operator.py for tasks to queue
[2022-09-15T16:45:31.987+0000] {logging_mixin.py:115} INFO - [2022-09-15T16:45:31.987+0000] {dagbag.py:508} INFO - Filling up the DagBag from /home/airflow/.local/lib/python3.7/site-packages/airflow/example_dags/example_short_circuit_operator.py
[2022-09-15T16:45:31.997+0000] {processor.py:650} INFO - DAG(s) dict_keys(['example_short_circuit_operator']) retrieved from /home/airflow/.local/lib/python3.7/site-packages/airflow/example_dags/example_short_circuit_operator.py
[2022-09-15T16:45:32.019+0000] {logging_mixin.py:115} INFO - [2022-09-15T16:45:32.019+0000] {dag.py:2429} INFO - Sync 1 DAGs
[2022-09-15T16:45:32.034+0000] {logging_mixin.py:115} INFO - [2022-09-15T16:45:32.034+0000] {dag.py:2981} INFO - Setting next_dagrun for example_short_circuit_operator to 2022-09-14T16:45:32.034449+00:00, run_after=2022-09-15T16:45:32.034449+00:00
[2022-09-15T16:45:32.043+0000] {processor.py:161} INFO - Processing /home/airflow/.local/lib/python3.7/site-packages/airflow/example_dags/example_short_circuit_operator.py took 0.064 seconds
[2022-09-15T16:46:03.056+0000] {processor.py:153} INFO - Started process (PID=386) to work on /home/airflow/.local/lib/python3.7/site-packages/airflow/example_dags/example_short_circuit_operator.py
[2022-09-15T16:46:03.061+0000] {processor.py:640} INFO - Processing file /home/airflow/.local/lib/python3.7/site-packages/airflow/example_dags/example_short_circuit_operator.py for tasks to queue
[2022-09-15T16:46:03.064+0000] {logging_mixin.py:115} INFO - [2022-09-15T16:46:03.064+0000] {dagbag.py:508} INFO - Filling up the DagBag from /home/airflow/.local/lib/python3.7/site-packages/airflow/example_dags/example_short_circuit_operator.py
[2022-09-15T16:46:03.075+0000] {processor.py:650} INFO - DAG(s) dict_keys(['example_short_circuit_operator']) retrieved from /home/airflow/.local/lib/python3.7/site-packages/airflow/example_dags/example_short_circuit_operator.py
[2022-09-15T16:46:03.097+0000] {logging_mixin.py:115} INFO - [2022-09-15T16:46:03.097+0000] {dag.py:2429} INFO - Sync 1 DAGs
[2022-09-15T16:46:03.111+0000] {logging_mixin.py:115} INFO - [2022-09-15T16:46:03.111+0000] {dag.py:2981} INFO - Setting next_dagrun for example_short_circuit_operator to 2022-09-14T16:46:03.110910+00:00, run_after=2022-09-15T16:46:03.110910+00:00
[2022-09-15T16:46:03.120+0000] {processor.py:161} INFO - Processing /home/airflow/.local/lib/python3.7/site-packages/airflow/example_dags/example_short_circuit_operator.py took 0.069 seconds
[2022-09-15T16:46:33.988+0000] {processor.py:153} INFO - Started process (PID=442) to work on /home/airflow/.local/lib/python3.7/site-packages/airflow/example_dags/example_short_circuit_operator.py
[2022-09-15T16:46:33.990+0000] {processor.py:640} INFO - Processing file /home/airflow/.local/lib/python3.7/site-packages/airflow/example_dags/example_short_circuit_operator.py for tasks to queue
[2022-09-15T16:46:33.991+0000] {logging_mixin.py:115} INFO - [2022-09-15T16:46:33.991+0000] {dagbag.py:508} INFO - Filling up the DagBag from /home/airflow/.local/lib/python3.7/site-packages/airflow/example_dags/example_short_circuit_operator.py
[2022-09-15T16:46:33.997+0000] {processor.py:650} INFO - DAG(s) dict_keys(['example_short_circuit_operator']) retrieved from /home/airflow/.local/lib/python3.7/site-packages/airflow/example_dags/example_short_circuit_operator.py
[2022-09-15T16:46:34.016+0000] {logging_mixin.py:115} INFO - [2022-09-15T16:46:34.016+0000] {dag.py:2429} INFO - Sync 1 DAGs
[2022-09-15T16:46:34.029+0000] {logging_mixin.py:115} INFO - [2022-09-15T16:46:34.029+0000] {dag.py:2981} INFO - Setting next_dagrun for example_short_circuit_operator to 2022-09-14T16:46:34.029557+00:00, run_after=2022-09-15T16:46:34.029557+00:00
[2022-09-15T16:46:34.038+0000] {processor.py:161} INFO - Processing /home/airflow/.local/lib/python3.7/site-packages/airflow/example_dags/example_short_circuit_operator.py took 0.052 seconds
[2022-09-15T16:47:04.948+0000] {processor.py:153} INFO - Started process (PID=511) to work on /home/airflow/.local/lib/python3.7/site-packages/airflow/example_dags/example_short_circuit_operator.py
[2022-09-15T16:47:04.951+0000] {processor.py:640} INFO - Processing file /home/airflow/.local/lib/python3.7/site-packages/airflow/example_dags/example_short_circuit_operator.py for tasks to queue
[2022-09-15T16:47:04.953+0000] {logging_mixin.py:115} INFO - [2022-09-15T16:47:04.953+0000] {dagbag.py:508} INFO - Filling up the DagBag from /home/airflow/.local/lib/python3.7/site-packages/airflow/example_dags/example_short_circuit_operator.py
[2022-09-15T16:47:04.961+0000] {processor.py:650} INFO - DAG(s) dict_keys(['example_short_circuit_operator']) retrieved from /home/airflow/.local/lib/python3.7/site-packages/airflow/example_dags/example_short_circuit_operator.py
[2022-09-15T16:47:04.983+0000] {logging_mixin.py:115} INFO - [2022-09-15T16:47:04.983+0000] {dag.py:2429} INFO - Sync 1 DAGs
[2022-09-15T16:47:04.999+0000] {logging_mixin.py:115} INFO - [2022-09-15T16:47:04.998+0000] {dag.py:2981} INFO - Setting next_dagrun for example_short_circuit_operator to 2022-09-14T16:47:04.998791+00:00, run_after=2022-09-15T16:47:04.998791+00:00
[2022-09-15T16:47:05.008+0000] {processor.py:161} INFO - Processing /home/airflow/.local/lib/python3.7/site-packages/airflow/example_dags/example_short_circuit_operator.py took 0.064 seconds
[2022-09-15T16:47:35.890+0000] {processor.py:153} INFO - Started process (PID=579) to work on /home/airflow/.local/lib/python3.7/site-packages/airflow/example_dags/example_short_circuit_operator.py
[2022-09-15T16:47:35.893+0000] {processor.py:640} INFO - Processing file /home/airflow/.local/lib/python3.7/site-packages/airflow/example_dags/example_short_circuit_operator.py for tasks to queue
[2022-09-15T16:47:35.895+0000] {logging_mixin.py:115} INFO - [2022-09-15T16:47:35.895+0000] {dagbag.py:508} INFO - Filling up the DagBag from /home/airflow/.local/lib/python3.7/site-packages/airflow/example_dags/example_short_circuit_operator.py
[2022-09-15T16:47:35.901+0000] {processor.py:650} INFO - DAG(s) dict_keys(['example_short_circuit_operator']) retrieved from /home/airflow/.local/lib/python3.7/site-packages/airflow/example_dags/example_short_circuit_operator.py
[2022-09-15T16:47:35.932+0000] {logging_mixin.py:115} INFO - [2022-09-15T16:47:35.932+0000] {dag.py:2429} INFO - Sync 1 DAGs
[2022-09-15T16:47:35.946+0000] {logging_mixin.py:115} INFO - [2022-09-15T16:47:35.946+0000] {dag.py:2981} INFO - Setting next_dagrun for example_short_circuit_operator to 2022-09-14T16:47:35.946101+00:00, run_after=2022-09-15T16:47:35.946101+00:00
[2022-09-15T16:47:35.955+0000] {processor.py:161} INFO - Processing /home/airflow/.local/lib/python3.7/site-packages/airflow/example_dags/example_short_circuit_operator.py took 0.069 seconds
[2022-09-15T16:48:06.692+0000] {processor.py:153} INFO - Started process (PID=647) to work on /home/airflow/.local/lib/python3.7/site-packages/airflow/example_dags/example_short_circuit_operator.py
[2022-09-15T16:48:06.695+0000] {processor.py:640} INFO - Processing file /home/airflow/.local/lib/python3.7/site-packages/airflow/example_dags/example_short_circuit_operator.py for tasks to queue
[2022-09-15T16:48:06.696+0000] {logging_mixin.py:115} INFO - [2022-09-15T16:48:06.696+0000] {dagbag.py:508} INFO - Filling up the DagBag from /home/airflow/.local/lib/python3.7/site-packages/airflow/example_dags/example_short_circuit_operator.py
[2022-09-15T16:48:06.704+0000] {processor.py:650} INFO - DAG(s) dict_keys(['example_short_circuit_operator']) retrieved from /home/airflow/.local/lib/python3.7/site-packages/airflow/example_dags/example_short_circuit_operator.py
[2022-09-15T16:48:06.725+0000] {logging_mixin.py:115} INFO - [2022-09-15T16:48:06.725+0000] {dag.py:2429} INFO - Sync 1 DAGs
[2022-09-15T16:48:06.739+0000] {logging_mixin.py:115} INFO - [2022-09-15T16:48:06.739+0000] {dag.py:2981} INFO - Setting next_dagrun for example_short_circuit_operator to 2022-09-14T16:48:06.739668+00:00, run_after=2022-09-15T16:48:06.739668+00:00
[2022-09-15T16:48:06.748+0000] {processor.py:161} INFO - Processing /home/airflow/.local/lib/python3.7/site-packages/airflow/example_dags/example_short_circuit_operator.py took 0.058 seconds
[2022-09-15T16:48:36.811+0000] {processor.py:153} INFO - Started process (PID=711) to work on /home/airflow/.local/lib/python3.7/site-packages/airflow/example_dags/example_short_circuit_operator.py
[2022-09-15T16:48:36.815+0000] {processor.py:640} INFO - Processing file /home/airflow/.local/lib/python3.7/site-packages/airflow/example_dags/example_short_circuit_operator.py for tasks to queue
[2022-09-15T16:48:36.817+0000] {logging_mixin.py:115} INFO - [2022-09-15T16:48:36.816+0000] {dagbag.py:508} INFO - Filling up the DagBag from /home/airflow/.local/lib/python3.7/site-packages/airflow/example_dags/example_short_circuit_operator.py
[2022-09-15T16:48:36.824+0000] {processor.py:650} INFO - DAG(s) dict_keys(['example_short_circuit_operator']) retrieved from /home/airflow/.local/lib/python3.7/site-packages/airflow/example_dags/example_short_circuit_operator.py
[2022-09-15T16:48:36.846+0000] {logging_mixin.py:115} INFO - [2022-09-15T16:48:36.845+0000] {dag.py:2429} INFO - Sync 1 DAGs
[2022-09-15T16:48:36.859+0000] {logging_mixin.py:115} INFO - [2022-09-15T16:48:36.859+0000] {dag.py:2981} INFO - Setting next_dagrun for example_short_circuit_operator to 2022-09-14T16:48:36.859109+00:00, run_after=2022-09-15T16:48:36.859109+00:00
[2022-09-15T16:48:36.867+0000] {processor.py:161} INFO - Processing /home/airflow/.local/lib/python3.7/site-packages/airflow/example_dags/example_short_circuit_operator.py took 0.060 seconds
[2022-09-15T16:49:07.883+0000] {processor.py:153} INFO - Started process (PID=778) to work on /home/airflow/.local/lib/python3.7/site-packages/airflow/example_dags/example_short_circuit_operator.py
[2022-09-15T16:49:07.885+0000] {processor.py:640} INFO - Processing file /home/airflow/.local/lib/python3.7/site-packages/airflow/example_dags/example_short_circuit_operator.py for tasks to queue
[2022-09-15T16:49:07.886+0000] {logging_mixin.py:115} INFO - [2022-09-15T16:49:07.886+0000] {dagbag.py:508} INFO - Filling up the DagBag from /home/airflow/.local/lib/python3.7/site-packages/airflow/example_dags/example_short_circuit_operator.py
[2022-09-15T16:49:07.893+0000] {processor.py:650} INFO - DAG(s) dict_keys(['example_short_circuit_operator']) retrieved from /home/airflow/.local/lib/python3.7/site-packages/airflow/example_dags/example_short_circuit_operator.py
[2022-09-15T16:49:07.914+0000] {logging_mixin.py:115} INFO - [2022-09-15T16:49:07.914+0000] {dag.py:2429} INFO - Sync 1 DAGs
[2022-09-15T16:49:07.929+0000] {logging_mixin.py:115} INFO - [2022-09-15T16:49:07.929+0000] {dag.py:2981} INFO - Setting next_dagrun for example_short_circuit_operator to 2022-09-14T16:49:07.929108+00:00, run_after=2022-09-15T16:49:07.929108+00:00
[2022-09-15T16:49:07.939+0000] {processor.py:161} INFO - Processing /home/airflow/.local/lib/python3.7/site-packages/airflow/example_dags/example_short_circuit_operator.py took 0.060 seconds
[2022-09-15T16:49:37.991+0000] {processor.py:153} INFO - Started process (PID=840) to work on /home/airflow/.local/lib/python3.7/site-packages/airflow/example_dags/example_short_circuit_operator.py
[2022-09-15T16:49:37.994+0000] {processor.py:640} INFO - Processing file /home/airflow/.local/lib/python3.7/site-packages/airflow/example_dags/example_short_circuit_operator.py for tasks to queue
[2022-09-15T16:49:37.997+0000] {logging_mixin.py:115} INFO - [2022-09-15T16:49:37.997+0000] {dagbag.py:508} INFO - Filling up the DagBag from /home/airflow/.local/lib/python3.7/site-packages/airflow/example_dags/example_short_circuit_operator.py
[2022-09-15T16:49:38.005+0000] {processor.py:650} INFO - DAG(s) dict_keys(['example_short_circuit_operator']) retrieved from /home/airflow/.local/lib/python3.7/site-packages/airflow/example_dags/example_short_circuit_operator.py
[2022-09-15T16:49:38.029+0000] {logging_mixin.py:115} INFO - [2022-09-15T16:49:38.028+0000] {dag.py:2429} INFO - Sync 1 DAGs
[2022-09-15T16:49:38.047+0000] {logging_mixin.py:115} INFO - [2022-09-15T16:49:38.047+0000] {dag.py:2981} INFO - Setting next_dagrun for example_short_circuit_operator to 2022-09-14T16:49:38.047298+00:00, run_after=2022-09-15T16:49:38.047298+00:00
[2022-09-15T16:49:38.058+0000] {processor.py:161} INFO - Processing /home/airflow/.local/lib/python3.7/site-packages/airflow/example_dags/example_short_circuit_operator.py took 0.070 seconds
[2022-09-15T16:50:08.204+0000] {processor.py:153} INFO - Started process (PID=901) to work on /home/airflow/.local/lib/python3.7/site-packages/airflow/example_dags/example_short_circuit_operator.py
[2022-09-15T16:50:08.206+0000] {processor.py:640} INFO - Processing file /home/airflow/.local/lib/python3.7/site-packages/airflow/example_dags/example_short_circuit_operator.py for tasks to queue
[2022-09-15T16:50:08.207+0000] {logging_mixin.py:115} INFO - [2022-09-15T16:50:08.207+0000] {dagbag.py:508} INFO - Filling up the DagBag from /home/airflow/.local/lib/python3.7/site-packages/airflow/example_dags/example_short_circuit_operator.py
[2022-09-15T16:50:08.216+0000] {processor.py:650} INFO - DAG(s) dict_keys(['example_short_circuit_operator']) retrieved from /home/airflow/.local/lib/python3.7/site-packages/airflow/example_dags/example_short_circuit_operator.py
[2022-09-15T16:50:08.239+0000] {logging_mixin.py:115} INFO - [2022-09-15T16:50:08.239+0000] {dag.py:2429} INFO - Sync 1 DAGs
[2022-09-15T16:50:08.255+0000] {logging_mixin.py:115} INFO - [2022-09-15T16:50:08.255+0000] {dag.py:2981} INFO - Setting next_dagrun for example_short_circuit_operator to 2022-09-14T16:50:08.255267+00:00, run_after=2022-09-15T16:50:08.255267+00:00
[2022-09-15T16:50:08.265+0000] {processor.py:161} INFO - Processing /home/airflow/.local/lib/python3.7/site-packages/airflow/example_dags/example_short_circuit_operator.py took 0.065 seconds
[2022-09-15T16:50:39.197+0000] {processor.py:153} INFO - Started process (PID=971) to work on /home/airflow/.local/lib/python3.7/site-packages/airflow/example_dags/example_short_circuit_operator.py
[2022-09-15T16:50:39.201+0000] {processor.py:640} INFO - Processing file /home/airflow/.local/lib/python3.7/site-packages/airflow/example_dags/example_short_circuit_operator.py for tasks to queue
[2022-09-15T16:50:39.205+0000] {logging_mixin.py:115} INFO - [2022-09-15T16:50:39.204+0000] {dagbag.py:508} INFO - Filling up the DagBag from /home/airflow/.local/lib/python3.7/site-packages/airflow/example_dags/example_short_circuit_operator.py
[2022-09-15T16:50:39.213+0000] {processor.py:650} INFO - DAG(s) dict_keys(['example_short_circuit_operator']) retrieved from /home/airflow/.local/lib/python3.7/site-packages/airflow/example_dags/example_short_circuit_operator.py
[2022-09-15T16:50:39.236+0000] {logging_mixin.py:115} INFO - [2022-09-15T16:50:39.236+0000] {dag.py:2429} INFO - Sync 1 DAGs
[2022-09-15T16:50:39.249+0000] {logging_mixin.py:115} INFO - [2022-09-15T16:50:39.249+0000] {dag.py:2981} INFO - Setting next_dagrun for example_short_circuit_operator to 2022-09-14T16:50:39.249132+00:00, run_after=2022-09-15T16:50:39.249132+00:00
[2022-09-15T16:50:39.259+0000] {processor.py:161} INFO - Processing /home/airflow/.local/lib/python3.7/site-packages/airflow/example_dags/example_short_circuit_operator.py took 0.065 seconds
[2022-09-15T16:51:10.036+0000] {processor.py:153} INFO - Started process (PID=1037) to work on /home/airflow/.local/lib/python3.7/site-packages/airflow/example_dags/example_short_circuit_operator.py
[2022-09-15T16:51:10.038+0000] {processor.py:640} INFO - Processing file /home/airflow/.local/lib/python3.7/site-packages/airflow/example_dags/example_short_circuit_operator.py for tasks to queue
[2022-09-15T16:51:10.041+0000] {logging_mixin.py:115} INFO - [2022-09-15T16:51:10.040+0000] {dagbag.py:508} INFO - Filling up the DagBag from /home/airflow/.local/lib/python3.7/site-packages/airflow/example_dags/example_short_circuit_operator.py
[2022-09-15T16:51:10.051+0000] {processor.py:650} INFO - DAG(s) dict_keys(['example_short_circuit_operator']) retrieved from /home/airflow/.local/lib/python3.7/site-packages/airflow/example_dags/example_short_circuit_operator.py
[2022-09-15T16:51:10.075+0000] {logging_mixin.py:115} INFO - [2022-09-15T16:51:10.075+0000] {dag.py:2429} INFO - Sync 1 DAGs
[2022-09-15T16:51:10.095+0000] {logging_mixin.py:115} INFO - [2022-09-15T16:51:10.095+0000] {dag.py:2981} INFO - Setting next_dagrun for example_short_circuit_operator to 2022-09-14T16:51:10.095022+00:00, run_after=2022-09-15T16:51:10.095022+00:00
[2022-09-15T16:51:10.114+0000] {processor.py:161} INFO - Processing /home/airflow/.local/lib/python3.7/site-packages/airflow/example_dags/example_short_circuit_operator.py took 0.083 seconds
[2022-09-15T16:51:41.115+0000] {processor.py:153} INFO - Started process (PID=1107) to work on /home/airflow/.local/lib/python3.7/site-packages/airflow/example_dags/example_short_circuit_operator.py
[2022-09-15T16:51:41.118+0000] {processor.py:640} INFO - Processing file /home/airflow/.local/lib/python3.7/site-packages/airflow/example_dags/example_short_circuit_operator.py for tasks to queue
[2022-09-15T16:51:41.119+0000] {logging_mixin.py:115} INFO - [2022-09-15T16:51:41.119+0000] {dagbag.py:508} INFO - Filling up the DagBag from /home/airflow/.local/lib/python3.7/site-packages/airflow/example_dags/example_short_circuit_operator.py
[2022-09-15T16:51:41.127+0000] {processor.py:650} INFO - DAG(s) dict_keys(['example_short_circuit_operator']) retrieved from /home/airflow/.local/lib/python3.7/site-packages/airflow/example_dags/example_short_circuit_operator.py
[2022-09-15T16:51:41.147+0000] {logging_mixin.py:115} INFO - [2022-09-15T16:51:41.147+0000] {dag.py:2429} INFO - Sync 1 DAGs
[2022-09-15T16:51:41.162+0000] {logging_mixin.py:115} INFO - [2022-09-15T16:51:41.162+0000] {dag.py:2981} INFO - Setting next_dagrun for example_short_circuit_operator to 2022-09-14T16:51:41.162323+00:00, run_after=2022-09-15T16:51:41.162323+00:00
[2022-09-15T16:51:41.172+0000] {processor.py:161} INFO - Processing /home/airflow/.local/lib/python3.7/site-packages/airflow/example_dags/example_short_circuit_operator.py took 0.059 seconds
[2022-09-15T16:52:12.058+0000] {processor.py:153} INFO - Started process (PID=1172) to work on /home/airflow/.local/lib/python3.7/site-packages/airflow/example_dags/example_short_circuit_operator.py
[2022-09-15T16:52:12.060+0000] {processor.py:640} INFO - Processing file /home/airflow/.local/lib/python3.7/site-packages/airflow/example_dags/example_short_circuit_operator.py for tasks to queue
[2022-09-15T16:52:12.062+0000] {logging_mixin.py:115} INFO - [2022-09-15T16:52:12.061+0000] {dagbag.py:508} INFO - Filling up the DagBag from /home/airflow/.local/lib/python3.7/site-packages/airflow/example_dags/example_short_circuit_operator.py
[2022-09-15T16:52:12.068+0000] {processor.py:650} INFO - DAG(s) dict_keys(['example_short_circuit_operator']) retrieved from /home/airflow/.local/lib/python3.7/site-packages/airflow/example_dags/example_short_circuit_operator.py
[2022-09-15T16:52:12.085+0000] {logging_mixin.py:115} INFO - [2022-09-15T16:52:12.085+0000] {dag.py:2429} INFO - Sync 1 DAGs
[2022-09-15T16:52:12.099+0000] {logging_mixin.py:115} INFO - [2022-09-15T16:52:12.099+0000] {dag.py:2981} INFO - Setting next_dagrun for example_short_circuit_operator to 2022-09-14T16:52:12.099593+00:00, run_after=2022-09-15T16:52:12.099593+00:00
[2022-09-15T16:52:12.109+0000] {processor.py:161} INFO - Processing /home/airflow/.local/lib/python3.7/site-packages/airflow/example_dags/example_short_circuit_operator.py took 0.053 seconds
[2022-09-15T16:52:42.958+0000] {processor.py:153} INFO - Started process (PID=1238) to work on /home/airflow/.local/lib/python3.7/site-packages/airflow/example_dags/example_short_circuit_operator.py
[2022-09-15T16:52:42.960+0000] {processor.py:640} INFO - Processing file /home/airflow/.local/lib/python3.7/site-packages/airflow/example_dags/example_short_circuit_operator.py for tasks to queue
[2022-09-15T16:52:42.961+0000] {logging_mixin.py:115} INFO - [2022-09-15T16:52:42.961+0000] {dagbag.py:508} INFO - Filling up the DagBag from /home/airflow/.local/lib/python3.7/site-packages/airflow/example_dags/example_short_circuit_operator.py
[2022-09-15T16:52:42.968+0000] {processor.py:650} INFO - DAG(s) dict_keys(['example_short_circuit_operator']) retrieved from /home/airflow/.local/lib/python3.7/site-packages/airflow/example_dags/example_short_circuit_operator.py
[2022-09-15T16:52:42.988+0000] {logging_mixin.py:115} INFO - [2022-09-15T16:52:42.988+0000] {dag.py:2429} INFO - Sync 1 DAGs
[2022-09-15T16:52:43.004+0000] {logging_mixin.py:115} INFO - [2022-09-15T16:52:43.004+0000] {dag.py:2981} INFO - Setting next_dagrun for example_short_circuit_operator to 2022-09-14T16:52:43.003778+00:00, run_after=2022-09-15T16:52:43.003778+00:00
[2022-09-15T16:52:43.021+0000] {processor.py:161} INFO - Processing /home/airflow/.local/lib/python3.7/site-packages/airflow/example_dags/example_short_circuit_operator.py took 0.065 seconds
[2022-09-15T16:53:13.133+0000] {processor.py:153} INFO - Started process (PID=1295) to work on /home/airflow/.local/lib/python3.7/site-packages/airflow/example_dags/example_short_circuit_operator.py
[2022-09-15T16:53:13.142+0000] {processor.py:640} INFO - Processing file /home/airflow/.local/lib/python3.7/site-packages/airflow/example_dags/example_short_circuit_operator.py for tasks to queue
[2022-09-15T16:53:13.146+0000] {logging_mixin.py:115} INFO - [2022-09-15T16:53:13.145+0000] {dagbag.py:508} INFO - Filling up the DagBag from /home/airflow/.local/lib/python3.7/site-packages/airflow/example_dags/example_short_circuit_operator.py
[2022-09-15T16:53:13.158+0000] {processor.py:650} INFO - DAG(s) dict_keys(['example_short_circuit_operator']) retrieved from /home/airflow/.local/lib/python3.7/site-packages/airflow/example_dags/example_short_circuit_operator.py
[2022-09-15T16:53:13.197+0000] {logging_mixin.py:115} INFO - [2022-09-15T16:53:13.197+0000] {dag.py:2429} INFO - Sync 1 DAGs
[2022-09-15T16:53:13.268+0000] {logging_mixin.py:115} INFO - [2022-09-15T16:53:13.267+0000] {dag.py:2981} INFO - Setting next_dagrun for example_short_circuit_operator to 2022-09-14T16:53:13.267510+00:00, run_after=2022-09-15T16:53:13.267510+00:00
[2022-09-15T16:53:13.289+0000] {processor.py:161} INFO - Processing /home/airflow/.local/lib/python3.7/site-packages/airflow/example_dags/example_short_circuit_operator.py took 0.159 seconds
[2022-09-15T16:53:43.492+0000] {processor.py:153} INFO - Started process (PID=1363) to work on /home/airflow/.local/lib/python3.7/site-packages/airflow/example_dags/example_short_circuit_operator.py
[2022-09-15T16:53:43.494+0000] {processor.py:640} INFO - Processing file /home/airflow/.local/lib/python3.7/site-packages/airflow/example_dags/example_short_circuit_operator.py for tasks to queue
[2022-09-15T16:53:43.495+0000] {logging_mixin.py:115} INFO - [2022-09-15T16:53:43.495+0000] {dagbag.py:508} INFO - Filling up the DagBag from /home/airflow/.local/lib/python3.7/site-packages/airflow/example_dags/example_short_circuit_operator.py
[2022-09-15T16:53:43.503+0000] {processor.py:650} INFO - DAG(s) dict_keys(['example_short_circuit_operator']) retrieved from /home/airflow/.local/lib/python3.7/site-packages/airflow/example_dags/example_short_circuit_operator.py
[2022-09-15T16:53:43.524+0000] {logging_mixin.py:115} INFO - [2022-09-15T16:53:43.524+0000] {dag.py:2429} INFO - Sync 1 DAGs
[2022-09-15T16:53:43.539+0000] {logging_mixin.py:115} INFO - [2022-09-15T16:53:43.539+0000] {dag.py:2981} INFO - Setting next_dagrun for example_short_circuit_operator to 2022-09-14T16:53:43.539211+00:00, run_after=2022-09-15T16:53:43.539211+00:00
[2022-09-15T16:53:43.548+0000] {processor.py:161} INFO - Processing /home/airflow/.local/lib/python3.7/site-packages/airflow/example_dags/example_short_circuit_operator.py took 0.059 seconds
[2022-09-15T16:54:14.485+0000] {processor.py:153} INFO - Started process (PID=1433) to work on /home/airflow/.local/lib/python3.7/site-packages/airflow/example_dags/example_short_circuit_operator.py
[2022-09-15T16:54:14.488+0000] {processor.py:640} INFO - Processing file /home/airflow/.local/lib/python3.7/site-packages/airflow/example_dags/example_short_circuit_operator.py for tasks to queue
[2022-09-15T16:54:14.490+0000] {logging_mixin.py:115} INFO - [2022-09-15T16:54:14.489+0000] {dagbag.py:508} INFO - Filling up the DagBag from /home/airflow/.local/lib/python3.7/site-packages/airflow/example_dags/example_short_circuit_operator.py
[2022-09-15T16:54:14.500+0000] {processor.py:650} INFO - DAG(s) dict_keys(['example_short_circuit_operator']) retrieved from /home/airflow/.local/lib/python3.7/site-packages/airflow/example_dags/example_short_circuit_operator.py
[2022-09-15T16:54:14.521+0000] {logging_mixin.py:115} INFO - [2022-09-15T16:54:14.521+0000] {dag.py:2429} INFO - Sync 1 DAGs
[2022-09-15T16:54:14.535+0000] {logging_mixin.py:115} INFO - [2022-09-15T16:54:14.535+0000] {dag.py:2981} INFO - Setting next_dagrun for example_short_circuit_operator to 2022-09-14T16:54:14.534992+00:00, run_after=2022-09-15T16:54:14.534992+00:00
[2022-09-15T16:54:14.545+0000] {processor.py:161} INFO - Processing /home/airflow/.local/lib/python3.7/site-packages/airflow/example_dags/example_short_circuit_operator.py took 0.065 seconds
[2022-09-15T16:54:45.535+0000] {processor.py:153} INFO - Started process (PID=1498) to work on /home/airflow/.local/lib/python3.7/site-packages/airflow/example_dags/example_short_circuit_operator.py
[2022-09-15T16:54:45.538+0000] {processor.py:640} INFO - Processing file /home/airflow/.local/lib/python3.7/site-packages/airflow/example_dags/example_short_circuit_operator.py for tasks to queue
[2022-09-15T16:54:45.539+0000] {logging_mixin.py:115} INFO - [2022-09-15T16:54:45.539+0000] {dagbag.py:508} INFO - Filling up the DagBag from /home/airflow/.local/lib/python3.7/site-packages/airflow/example_dags/example_short_circuit_operator.py
[2022-09-15T16:54:45.548+0000] {processor.py:650} INFO - DAG(s) dict_keys(['example_short_circuit_operator']) retrieved from /home/airflow/.local/lib/python3.7/site-packages/airflow/example_dags/example_short_circuit_operator.py
[2022-09-15T16:54:45.568+0000] {logging_mixin.py:115} INFO - [2022-09-15T16:54:45.568+0000] {dag.py:2429} INFO - Sync 1 DAGs
[2022-09-15T16:54:45.582+0000] {logging_mixin.py:115} INFO - [2022-09-15T16:54:45.582+0000] {dag.py:2981} INFO - Setting next_dagrun for example_short_circuit_operator to 2022-09-14T16:54:45.582578+00:00, run_after=2022-09-15T16:54:45.582578+00:00
[2022-09-15T16:54:45.591+0000] {processor.py:161} INFO - Processing /home/airflow/.local/lib/python3.7/site-packages/airflow/example_dags/example_short_circuit_operator.py took 0.059 seconds
[2022-09-15T16:55:15.780+0000] {processor.py:153} INFO - Started process (PID=1566) to work on /home/airflow/.local/lib/python3.7/site-packages/airflow/example_dags/example_short_circuit_operator.py
[2022-09-15T16:55:15.782+0000] {processor.py:640} INFO - Processing file /home/airflow/.local/lib/python3.7/site-packages/airflow/example_dags/example_short_circuit_operator.py for tasks to queue
[2022-09-15T16:55:15.784+0000] {logging_mixin.py:115} INFO - [2022-09-15T16:55:15.783+0000] {dagbag.py:508} INFO - Filling up the DagBag from /home/airflow/.local/lib/python3.7/site-packages/airflow/example_dags/example_short_circuit_operator.py
[2022-09-15T16:55:15.793+0000] {processor.py:650} INFO - DAG(s) dict_keys(['example_short_circuit_operator']) retrieved from /home/airflow/.local/lib/python3.7/site-packages/airflow/example_dags/example_short_circuit_operator.py
[2022-09-15T16:55:15.816+0000] {logging_mixin.py:115} INFO - [2022-09-15T16:55:15.816+0000] {dag.py:2429} INFO - Sync 1 DAGs
[2022-09-15T16:55:15.836+0000] {logging_mixin.py:115} INFO - [2022-09-15T16:55:15.836+0000] {dag.py:2981} INFO - Setting next_dagrun for example_short_circuit_operator to 2022-09-14T16:55:15.835853+00:00, run_after=2022-09-15T16:55:15.835853+00:00
[2022-09-15T16:55:15.849+0000] {processor.py:161} INFO - Processing /home/airflow/.local/lib/python3.7/site-packages/airflow/example_dags/example_short_circuit_operator.py took 0.072 seconds
[2022-09-15T16:55:46.807+0000] {processor.py:153} INFO - Started process (PID=1626) to work on /home/airflow/.local/lib/python3.7/site-packages/airflow/example_dags/example_short_circuit_operator.py
[2022-09-15T16:55:46.814+0000] {processor.py:640} INFO - Processing file /home/airflow/.local/lib/python3.7/site-packages/airflow/example_dags/example_short_circuit_operator.py for tasks to queue
[2022-09-15T16:55:46.817+0000] {logging_mixin.py:115} INFO - [2022-09-15T16:55:46.816+0000] {dagbag.py:508} INFO - Filling up the DagBag from /home/airflow/.local/lib/python3.7/site-packages/airflow/example_dags/example_short_circuit_operator.py
[2022-09-15T16:55:46.830+0000] {processor.py:650} INFO - DAG(s) dict_keys(['example_short_circuit_operator']) retrieved from /home/airflow/.local/lib/python3.7/site-packages/airflow/example_dags/example_short_circuit_operator.py
[2022-09-15T16:55:46.857+0000] {logging_mixin.py:115} INFO - [2022-09-15T16:55:46.857+0000] {dag.py:2429} INFO - Sync 1 DAGs
[2022-09-15T16:55:46.876+0000] {logging_mixin.py:115} INFO - [2022-09-15T16:55:46.876+0000] {dag.py:2981} INFO - Setting next_dagrun for example_short_circuit_operator to 2022-09-14T16:55:46.876463+00:00, run_after=2022-09-15T16:55:46.876463+00:00
[2022-09-15T16:55:46.889+0000] {processor.py:161} INFO - Processing /home/airflow/.local/lib/python3.7/site-packages/airflow/example_dags/example_short_circuit_operator.py took 0.087 seconds
[2022-09-15T16:56:16.985+0000] {processor.py:153} INFO - Started process (PID=1691) to work on /home/airflow/.local/lib/python3.7/site-packages/airflow/example_dags/example_short_circuit_operator.py
[2022-09-15T16:56:16.988+0000] {processor.py:640} INFO - Processing file /home/airflow/.local/lib/python3.7/site-packages/airflow/example_dags/example_short_circuit_operator.py for tasks to queue
[2022-09-15T16:56:16.990+0000] {logging_mixin.py:115} INFO - [2022-09-15T16:56:16.990+0000] {dagbag.py:508} INFO - Filling up the DagBag from /home/airflow/.local/lib/python3.7/site-packages/airflow/example_dags/example_short_circuit_operator.py
[2022-09-15T16:56:17.003+0000] {processor.py:650} INFO - DAG(s) dict_keys(['example_short_circuit_operator']) retrieved from /home/airflow/.local/lib/python3.7/site-packages/airflow/example_dags/example_short_circuit_operator.py
[2022-09-15T16:56:17.025+0000] {logging_mixin.py:115} INFO - [2022-09-15T16:56:17.025+0000] {dag.py:2429} INFO - Sync 1 DAGs
[2022-09-15T16:56:17.038+0000] {logging_mixin.py:115} INFO - [2022-09-15T16:56:17.038+0000] {dag.py:2981} INFO - Setting next_dagrun for example_short_circuit_operator to 2022-09-14T16:56:17.037892+00:00, run_after=2022-09-15T16:56:17.037892+00:00
[2022-09-15T16:56:17.046+0000] {processor.py:161} INFO - Processing /home/airflow/.local/lib/python3.7/site-packages/airflow/example_dags/example_short_circuit_operator.py took 0.065 seconds
[2022-09-15T16:56:47.909+0000] {processor.py:153} INFO - Started process (PID=1763) to work on /home/airflow/.local/lib/python3.7/site-packages/airflow/example_dags/example_short_circuit_operator.py
[2022-09-15T16:56:47.911+0000] {processor.py:640} INFO - Processing file /home/airflow/.local/lib/python3.7/site-packages/airflow/example_dags/example_short_circuit_operator.py for tasks to queue
[2022-09-15T16:56:47.913+0000] {logging_mixin.py:115} INFO - [2022-09-15T16:56:47.913+0000] {dagbag.py:508} INFO - Filling up the DagBag from /home/airflow/.local/lib/python3.7/site-packages/airflow/example_dags/example_short_circuit_operator.py
[2022-09-15T16:56:47.922+0000] {processor.py:650} INFO - DAG(s) dict_keys(['example_short_circuit_operator']) retrieved from /home/airflow/.local/lib/python3.7/site-packages/airflow/example_dags/example_short_circuit_operator.py
[2022-09-15T16:56:47.948+0000] {logging_mixin.py:115} INFO - [2022-09-15T16:56:47.948+0000] {dag.py:2429} INFO - Sync 1 DAGs
[2022-09-15T16:56:47.962+0000] {logging_mixin.py:115} INFO - [2022-09-15T16:56:47.962+0000] {dag.py:2981} INFO - Setting next_dagrun for example_short_circuit_operator to 2022-09-14T16:56:47.962042+00:00, run_after=2022-09-15T16:56:47.962042+00:00
[2022-09-15T16:56:47.971+0000] {processor.py:161} INFO - Processing /home/airflow/.local/lib/python3.7/site-packages/airflow/example_dags/example_short_circuit_operator.py took 0.069 seconds
[2022-09-15T16:57:18.133+0000] {processor.py:153} INFO - Started process (PID=1828) to work on /home/airflow/.local/lib/python3.7/site-packages/airflow/example_dags/example_short_circuit_operator.py
[2022-09-15T16:57:18.136+0000] {processor.py:640} INFO - Processing file /home/airflow/.local/lib/python3.7/site-packages/airflow/example_dags/example_short_circuit_operator.py for tasks to queue
[2022-09-15T16:57:18.138+0000] {logging_mixin.py:115} INFO - [2022-09-15T16:57:18.138+0000] {dagbag.py:508} INFO - Filling up the DagBag from /home/airflow/.local/lib/python3.7/site-packages/airflow/example_dags/example_short_circuit_operator.py
[2022-09-15T16:57:18.146+0000] {processor.py:650} INFO - DAG(s) dict_keys(['example_short_circuit_operator']) retrieved from /home/airflow/.local/lib/python3.7/site-packages/airflow/example_dags/example_short_circuit_operator.py
[2022-09-15T16:57:18.166+0000] {logging_mixin.py:115} INFO - [2022-09-15T16:57:18.166+0000] {dag.py:2429} INFO - Sync 1 DAGs
[2022-09-15T16:57:18.180+0000] {logging_mixin.py:115} INFO - [2022-09-15T16:57:18.180+0000] {dag.py:2981} INFO - Setting next_dagrun for example_short_circuit_operator to 2022-09-14T16:57:18.180042+00:00, run_after=2022-09-15T16:57:18.180042+00:00
[2022-09-15T16:57:18.190+0000] {processor.py:161} INFO - Processing /home/airflow/.local/lib/python3.7/site-packages/airflow/example_dags/example_short_circuit_operator.py took 0.059 seconds
[2022-09-15T16:57:48.410+0000] {processor.py:153} INFO - Started process (PID=1883) to work on /home/airflow/.local/lib/python3.7/site-packages/airflow/example_dags/example_short_circuit_operator.py
[2022-09-15T16:57:48.413+0000] {processor.py:640} INFO - Processing file /home/airflow/.local/lib/python3.7/site-packages/airflow/example_dags/example_short_circuit_operator.py for tasks to queue
[2022-09-15T16:57:48.415+0000] {logging_mixin.py:115} INFO - [2022-09-15T16:57:48.414+0000] {dagbag.py:508} INFO - Filling up the DagBag from /home/airflow/.local/lib/python3.7/site-packages/airflow/example_dags/example_short_circuit_operator.py
[2022-09-15T16:57:48.436+0000] {processor.py:650} INFO - DAG(s) dict_keys(['example_short_circuit_operator']) retrieved from /home/airflow/.local/lib/python3.7/site-packages/airflow/example_dags/example_short_circuit_operator.py
[2022-09-15T16:57:48.478+0000] {logging_mixin.py:115} INFO - [2022-09-15T16:57:48.478+0000] {dag.py:2429} INFO - Sync 1 DAGs
[2022-09-15T16:57:48.501+0000] {logging_mixin.py:115} INFO - [2022-09-15T16:57:48.501+0000] {dag.py:2981} INFO - Setting next_dagrun for example_short_circuit_operator to 2022-09-14T16:57:48.501335+00:00, run_after=2022-09-15T16:57:48.501335+00:00
[2022-09-15T16:57:48.524+0000] {processor.py:161} INFO - Processing /home/airflow/.local/lib/python3.7/site-packages/airflow/example_dags/example_short_circuit_operator.py took 0.117 seconds
[2022-09-15T16:58:19.315+0000] {processor.py:153} INFO - Started process (PID=1955) to work on /home/airflow/.local/lib/python3.7/site-packages/airflow/example_dags/example_short_circuit_operator.py
[2022-09-15T16:58:19.318+0000] {processor.py:640} INFO - Processing file /home/airflow/.local/lib/python3.7/site-packages/airflow/example_dags/example_short_circuit_operator.py for tasks to queue
[2022-09-15T16:58:19.319+0000] {logging_mixin.py:115} INFO - [2022-09-15T16:58:19.319+0000] {dagbag.py:508} INFO - Filling up the DagBag from /home/airflow/.local/lib/python3.7/site-packages/airflow/example_dags/example_short_circuit_operator.py
[2022-09-15T16:58:19.329+0000] {processor.py:650} INFO - DAG(s) dict_keys(['example_short_circuit_operator']) retrieved from /home/airflow/.local/lib/python3.7/site-packages/airflow/example_dags/example_short_circuit_operator.py
[2022-09-15T16:58:19.350+0000] {logging_mixin.py:115} INFO - [2022-09-15T16:58:19.350+0000] {dag.py:2429} INFO - Sync 1 DAGs
[2022-09-15T16:58:19.364+0000] {logging_mixin.py:115} INFO - [2022-09-15T16:58:19.364+0000] {dag.py:2981} INFO - Setting next_dagrun for example_short_circuit_operator to 2022-09-14T16:58:19.363835+00:00, run_after=2022-09-15T16:58:19.363835+00:00
[2022-09-15T16:58:19.373+0000] {processor.py:161} INFO - Processing /home/airflow/.local/lib/python3.7/site-packages/airflow/example_dags/example_short_circuit_operator.py took 0.062 seconds
[2022-09-15T16:58:49.414+0000] {processor.py:153} INFO - Started process (PID=2020) to work on /home/airflow/.local/lib/python3.7/site-packages/airflow/example_dags/example_short_circuit_operator.py
[2022-09-15T16:58:49.416+0000] {processor.py:640} INFO - Processing file /home/airflow/.local/lib/python3.7/site-packages/airflow/example_dags/example_short_circuit_operator.py for tasks to queue
[2022-09-15T16:58:49.417+0000] {logging_mixin.py:115} INFO - [2022-09-15T16:58:49.417+0000] {dagbag.py:508} INFO - Filling up the DagBag from /home/airflow/.local/lib/python3.7/site-packages/airflow/example_dags/example_short_circuit_operator.py
[2022-09-15T16:58:49.424+0000] {processor.py:650} INFO - DAG(s) dict_keys(['example_short_circuit_operator']) retrieved from /home/airflow/.local/lib/python3.7/site-packages/airflow/example_dags/example_short_circuit_operator.py
[2022-09-15T16:58:49.442+0000] {logging_mixin.py:115} INFO - [2022-09-15T16:58:49.442+0000] {dag.py:2429} INFO - Sync 1 DAGs
[2022-09-15T16:58:49.458+0000] {logging_mixin.py:115} INFO - [2022-09-15T16:58:49.457+0000] {dag.py:2981} INFO - Setting next_dagrun for example_short_circuit_operator to 2022-09-14T16:58:49.457717+00:00, run_after=2022-09-15T16:58:49.457717+00:00
[2022-09-15T16:58:49.465+0000] {processor.py:161} INFO - Processing /home/airflow/.local/lib/python3.7/site-packages/airflow/example_dags/example_short_circuit_operator.py took 0.053 seconds
[2022-09-15T16:59:19.591+0000] {processor.py:153} INFO - Started process (PID=2089) to work on /home/airflow/.local/lib/python3.7/site-packages/airflow/example_dags/example_short_circuit_operator.py
[2022-09-15T16:59:19.593+0000] {processor.py:640} INFO - Processing file /home/airflow/.local/lib/python3.7/site-packages/airflow/example_dags/example_short_circuit_operator.py for tasks to queue
[2022-09-15T16:59:19.594+0000] {logging_mixin.py:115} INFO - [2022-09-15T16:59:19.594+0000] {dagbag.py:508} INFO - Filling up the DagBag from /home/airflow/.local/lib/python3.7/site-packages/airflow/example_dags/example_short_circuit_operator.py
[2022-09-15T16:59:19.601+0000] {processor.py:650} INFO - DAG(s) dict_keys(['example_short_circuit_operator']) retrieved from /home/airflow/.local/lib/python3.7/site-packages/airflow/example_dags/example_short_circuit_operator.py
[2022-09-15T16:59:19.621+0000] {logging_mixin.py:115} INFO - [2022-09-15T16:59:19.621+0000] {dag.py:2429} INFO - Sync 1 DAGs
[2022-09-15T16:59:19.637+0000] {logging_mixin.py:115} INFO - [2022-09-15T16:59:19.637+0000] {dag.py:2981} INFO - Setting next_dagrun for example_short_circuit_operator to 2022-09-14T16:59:19.637113+00:00, run_after=2022-09-15T16:59:19.637113+00:00
[2022-09-15T16:59:19.645+0000] {processor.py:161} INFO - Processing /home/airflow/.local/lib/python3.7/site-packages/airflow/example_dags/example_short_circuit_operator.py took 0.057 seconds
[2022-09-15T16:59:50.639+0000] {processor.py:153} INFO - Started process (PID=2157) to work on /home/airflow/.local/lib/python3.7/site-packages/airflow/example_dags/example_short_circuit_operator.py
[2022-09-15T16:59:50.645+0000] {processor.py:640} INFO - Processing file /home/airflow/.local/lib/python3.7/site-packages/airflow/example_dags/example_short_circuit_operator.py for tasks to queue
[2022-09-15T16:59:50.646+0000] {logging_mixin.py:115} INFO - [2022-09-15T16:59:50.646+0000] {dagbag.py:508} INFO - Filling up the DagBag from /home/airflow/.local/lib/python3.7/site-packages/airflow/example_dags/example_short_circuit_operator.py
[2022-09-15T16:59:50.653+0000] {processor.py:650} INFO - DAG(s) dict_keys(['example_short_circuit_operator']) retrieved from /home/airflow/.local/lib/python3.7/site-packages/airflow/example_dags/example_short_circuit_operator.py
[2022-09-15T16:59:50.674+0000] {logging_mixin.py:115} INFO - [2022-09-15T16:59:50.674+0000] {dag.py:2429} INFO - Sync 1 DAGs
[2022-09-15T16:59:50.691+0000] {logging_mixin.py:115} INFO - [2022-09-15T16:59:50.691+0000] {dag.py:2981} INFO - Setting next_dagrun for example_short_circuit_operator to 2022-09-14T16:59:50.691357+00:00, run_after=2022-09-15T16:59:50.691357+00:00
[2022-09-15T16:59:50.701+0000] {processor.py:161} INFO - Processing /home/airflow/.local/lib/python3.7/site-packages/airflow/example_dags/example_short_circuit_operator.py took 0.065 seconds
[2022-09-15T17:00:21.665+0000] {processor.py:153} INFO - Started process (PID=2217) to work on /home/airflow/.local/lib/python3.7/site-packages/airflow/example_dags/example_short_circuit_operator.py
[2022-09-15T17:00:21.667+0000] {processor.py:640} INFO - Processing file /home/airflow/.local/lib/python3.7/site-packages/airflow/example_dags/example_short_circuit_operator.py for tasks to queue
[2022-09-15T17:00:21.669+0000] {logging_mixin.py:115} INFO - [2022-09-15T17:00:21.669+0000] {dagbag.py:508} INFO - Filling up the DagBag from /home/airflow/.local/lib/python3.7/site-packages/airflow/example_dags/example_short_circuit_operator.py
[2022-09-15T17:00:21.675+0000] {processor.py:650} INFO - DAG(s) dict_keys(['example_short_circuit_operator']) retrieved from /home/airflow/.local/lib/python3.7/site-packages/airflow/example_dags/example_short_circuit_operator.py
[2022-09-15T17:00:21.696+0000] {logging_mixin.py:115} INFO - [2022-09-15T17:00:21.696+0000] {dag.py:2429} INFO - Sync 1 DAGs
[2022-09-15T17:00:21.712+0000] {logging_mixin.py:115} INFO - [2022-09-15T17:00:21.712+0000] {dag.py:2981} INFO - Setting next_dagrun for example_short_circuit_operator to 2022-09-14T17:00:21.712251+00:00, run_after=2022-09-15T17:00:21.712251+00:00
[2022-09-15T17:00:21.723+0000] {processor.py:161} INFO - Processing /home/airflow/.local/lib/python3.7/site-packages/airflow/example_dags/example_short_circuit_operator.py took 0.061 seconds
[2022-09-15T17:00:51.897+0000] {processor.py:153} INFO - Started process (PID=2289) to work on /home/airflow/.local/lib/python3.7/site-packages/airflow/example_dags/example_short_circuit_operator.py
[2022-09-15T17:00:51.898+0000] {processor.py:640} INFO - Processing file /home/airflow/.local/lib/python3.7/site-packages/airflow/example_dags/example_short_circuit_operator.py for tasks to queue
[2022-09-15T17:00:51.899+0000] {logging_mixin.py:115} INFO - [2022-09-15T17:00:51.899+0000] {dagbag.py:508} INFO - Filling up the DagBag from /home/airflow/.local/lib/python3.7/site-packages/airflow/example_dags/example_short_circuit_operator.py
[2022-09-15T17:00:51.906+0000] {processor.py:650} INFO - DAG(s) dict_keys(['example_short_circuit_operator']) retrieved from /home/airflow/.local/lib/python3.7/site-packages/airflow/example_dags/example_short_circuit_operator.py
[2022-09-15T17:00:51.925+0000] {logging_mixin.py:115} INFO - [2022-09-15T17:00:51.925+0000] {dag.py:2429} INFO - Sync 1 DAGs
[2022-09-15T17:00:51.941+0000] {logging_mixin.py:115} INFO - [2022-09-15T17:00:51.941+0000] {dag.py:2981} INFO - Setting next_dagrun for example_short_circuit_operator to 2022-09-14T17:00:51.941206+00:00, run_after=2022-09-15T17:00:51.941206+00:00
[2022-09-15T17:00:51.979+0000] {processor.py:161} INFO - Processing /home/airflow/.local/lib/python3.7/site-packages/airflow/example_dags/example_short_circuit_operator.py took 0.085 seconds
[2022-09-15T17:01:22.960+0000] {processor.py:153} INFO - Started process (PID=2353) to work on /home/airflow/.local/lib/python3.7/site-packages/airflow/example_dags/example_short_circuit_operator.py
[2022-09-15T17:01:22.962+0000] {processor.py:640} INFO - Processing file /home/airflow/.local/lib/python3.7/site-packages/airflow/example_dags/example_short_circuit_operator.py for tasks to queue
[2022-09-15T17:01:22.963+0000] {logging_mixin.py:115} INFO - [2022-09-15T17:01:22.963+0000] {dagbag.py:508} INFO - Filling up the DagBag from /home/airflow/.local/lib/python3.7/site-packages/airflow/example_dags/example_short_circuit_operator.py
[2022-09-15T17:01:22.970+0000] {processor.py:650} INFO - DAG(s) dict_keys(['example_short_circuit_operator']) retrieved from /home/airflow/.local/lib/python3.7/site-packages/airflow/example_dags/example_short_circuit_operator.py
[2022-09-15T17:01:22.987+0000] {logging_mixin.py:115} INFO - [2022-09-15T17:01:22.987+0000] {dag.py:2429} INFO - Sync 1 DAGs
[2022-09-15T17:01:23.003+0000] {logging_mixin.py:115} INFO - [2022-09-15T17:01:23.003+0000] {dag.py:2981} INFO - Setting next_dagrun for example_short_circuit_operator to 2022-09-14T17:01:23.002989+00:00, run_after=2022-09-15T17:01:23.002989+00:00
[2022-09-15T17:01:23.011+0000] {processor.py:161} INFO - Processing /home/airflow/.local/lib/python3.7/site-packages/airflow/example_dags/example_short_circuit_operator.py took 0.055 seconds
[2022-09-15T17:01:53.914+0000] {processor.py:153} INFO - Started process (PID=2422) to work on /home/airflow/.local/lib/python3.7/site-packages/airflow/example_dags/example_short_circuit_operator.py
[2022-09-15T17:01:53.918+0000] {processor.py:640} INFO - Processing file /home/airflow/.local/lib/python3.7/site-packages/airflow/example_dags/example_short_circuit_operator.py for tasks to queue
[2022-09-15T17:01:53.920+0000] {logging_mixin.py:115} INFO - [2022-09-15T17:01:53.920+0000] {dagbag.py:508} INFO - Filling up the DagBag from /home/airflow/.local/lib/python3.7/site-packages/airflow/example_dags/example_short_circuit_operator.py
[2022-09-15T17:01:53.933+0000] {processor.py:650} INFO - DAG(s) dict_keys(['example_short_circuit_operator']) retrieved from /home/airflow/.local/lib/python3.7/site-packages/airflow/example_dags/example_short_circuit_operator.py
[2022-09-15T17:01:53.956+0000] {logging_mixin.py:115} INFO - [2022-09-15T17:01:53.956+0000] {dag.py:2429} INFO - Sync 1 DAGs
[2022-09-15T17:01:53.974+0000] {logging_mixin.py:115} INFO - [2022-09-15T17:01:53.974+0000] {dag.py:2981} INFO - Setting next_dagrun for example_short_circuit_operator to 2022-09-14T17:01:53.974097+00:00, run_after=2022-09-15T17:01:53.974097+00:00
[2022-09-15T17:01:53.984+0000] {processor.py:161} INFO - Processing /home/airflow/.local/lib/python3.7/site-packages/airflow/example_dags/example_short_circuit_operator.py took 0.076 seconds
[2022-09-15T17:02:24.245+0000] {processor.py:153} INFO - Started process (PID=2491) to work on /home/airflow/.local/lib/python3.7/site-packages/airflow/example_dags/example_short_circuit_operator.py
[2022-09-15T17:02:24.247+0000] {processor.py:640} INFO - Processing file /home/airflow/.local/lib/python3.7/site-packages/airflow/example_dags/example_short_circuit_operator.py for tasks to queue
[2022-09-15T17:02:24.248+0000] {logging_mixin.py:115} INFO - [2022-09-15T17:02:24.248+0000] {dagbag.py:508} INFO - Filling up the DagBag from /home/airflow/.local/lib/python3.7/site-packages/airflow/example_dags/example_short_circuit_operator.py
[2022-09-15T17:02:24.255+0000] {processor.py:650} INFO - DAG(s) dict_keys(['example_short_circuit_operator']) retrieved from /home/airflow/.local/lib/python3.7/site-packages/airflow/example_dags/example_short_circuit_operator.py
[2022-09-15T17:02:24.278+0000] {logging_mixin.py:115} INFO - [2022-09-15T17:02:24.278+0000] {dag.py:2429} INFO - Sync 1 DAGs
[2022-09-15T17:02:24.297+0000] {logging_mixin.py:115} INFO - [2022-09-15T17:02:24.297+0000] {dag.py:2981} INFO - Setting next_dagrun for example_short_circuit_operator to 2022-09-14T17:02:24.296808+00:00, run_after=2022-09-15T17:02:24.296808+00:00
[2022-09-15T17:02:24.307+0000] {processor.py:161} INFO - Processing /home/airflow/.local/lib/python3.7/site-packages/airflow/example_dags/example_short_circuit_operator.py took 0.065 seconds
[2022-09-15T17:02:54.483+0000] {processor.py:153} INFO - Started process (PID=2549) to work on /home/airflow/.local/lib/python3.7/site-packages/airflow/example_dags/example_short_circuit_operator.py
[2022-09-15T17:02:54.486+0000] {processor.py:640} INFO - Processing file /home/airflow/.local/lib/python3.7/site-packages/airflow/example_dags/example_short_circuit_operator.py for tasks to queue
[2022-09-15T17:02:54.487+0000] {logging_mixin.py:115} INFO - [2022-09-15T17:02:54.487+0000] {dagbag.py:508} INFO - Filling up the DagBag from /home/airflow/.local/lib/python3.7/site-packages/airflow/example_dags/example_short_circuit_operator.py
[2022-09-15T17:02:54.496+0000] {processor.py:650} INFO - DAG(s) dict_keys(['example_short_circuit_operator']) retrieved from /home/airflow/.local/lib/python3.7/site-packages/airflow/example_dags/example_short_circuit_operator.py
[2022-09-15T17:02:54.516+0000] {logging_mixin.py:115} INFO - [2022-09-15T17:02:54.516+0000] {dag.py:2429} INFO - Sync 1 DAGs
[2022-09-15T17:02:54.531+0000] {logging_mixin.py:115} INFO - [2022-09-15T17:02:54.531+0000] {dag.py:2981} INFO - Setting next_dagrun for example_short_circuit_operator to 2022-09-14T17:02:54.531697+00:00, run_after=2022-09-15T17:02:54.531697+00:00
[2022-09-15T17:02:54.542+0000] {processor.py:161} INFO - Processing /home/airflow/.local/lib/python3.7/site-packages/airflow/example_dags/example_short_circuit_operator.py took 0.063 seconds
[2022-09-15T17:03:24.639+0000] {processor.py:153} INFO - Started process (PID=2618) to work on /home/airflow/.local/lib/python3.7/site-packages/airflow/example_dags/example_short_circuit_operator.py
[2022-09-15T17:03:24.641+0000] {processor.py:640} INFO - Processing file /home/airflow/.local/lib/python3.7/site-packages/airflow/example_dags/example_short_circuit_operator.py for tasks to queue
[2022-09-15T17:03:24.642+0000] {logging_mixin.py:115} INFO - [2022-09-15T17:03:24.642+0000] {dagbag.py:508} INFO - Filling up the DagBag from /home/airflow/.local/lib/python3.7/site-packages/airflow/example_dags/example_short_circuit_operator.py
[2022-09-15T17:03:24.652+0000] {processor.py:650} INFO - DAG(s) dict_keys(['example_short_circuit_operator']) retrieved from /home/airflow/.local/lib/python3.7/site-packages/airflow/example_dags/example_short_circuit_operator.py
[2022-09-15T17:03:24.680+0000] {logging_mixin.py:115} INFO - [2022-09-15T17:03:24.680+0000] {dag.py:2429} INFO - Sync 1 DAGs
[2022-09-15T17:03:24.698+0000] {logging_mixin.py:115} INFO - [2022-09-15T17:03:24.698+0000] {dag.py:2981} INFO - Setting next_dagrun for example_short_circuit_operator to 2022-09-14T17:03:24.697893+00:00, run_after=2022-09-15T17:03:24.697893+00:00
[2022-09-15T17:03:24.707+0000] {processor.py:161} INFO - Processing /home/airflow/.local/lib/python3.7/site-packages/airflow/example_dags/example_short_circuit_operator.py took 0.071 seconds
[2022-09-15T17:03:54.863+0000] {processor.py:153} INFO - Started process (PID=2687) to work on /home/airflow/.local/lib/python3.7/site-packages/airflow/example_dags/example_short_circuit_operator.py
[2022-09-15T17:03:54.865+0000] {processor.py:640} INFO - Processing file /home/airflow/.local/lib/python3.7/site-packages/airflow/example_dags/example_short_circuit_operator.py for tasks to queue
[2022-09-15T17:03:54.867+0000] {logging_mixin.py:115} INFO - [2022-09-15T17:03:54.867+0000] {dagbag.py:508} INFO - Filling up the DagBag from /home/airflow/.local/lib/python3.7/site-packages/airflow/example_dags/example_short_circuit_operator.py
[2022-09-15T17:03:54.877+0000] {processor.py:650} INFO - DAG(s) dict_keys(['example_short_circuit_operator']) retrieved from /home/airflow/.local/lib/python3.7/site-packages/airflow/example_dags/example_short_circuit_operator.py
[2022-09-15T17:03:54.902+0000] {logging_mixin.py:115} INFO - [2022-09-15T17:03:54.902+0000] {dag.py:2429} INFO - Sync 1 DAGs
[2022-09-15T17:03:54.921+0000] {logging_mixin.py:115} INFO - [2022-09-15T17:03:54.921+0000] {dag.py:2981} INFO - Setting next_dagrun for example_short_circuit_operator to 2022-09-14T17:03:54.921343+00:00, run_after=2022-09-15T17:03:54.921343+00:00
[2022-09-15T17:03:54.931+0000] {processor.py:161} INFO - Processing /home/airflow/.local/lib/python3.7/site-packages/airflow/example_dags/example_short_circuit_operator.py took 0.072 seconds
[2022-09-15T17:04:25.069+0000] {processor.py:153} INFO - Started process (PID=2755) to work on /home/airflow/.local/lib/python3.7/site-packages/airflow/example_dags/example_short_circuit_operator.py
[2022-09-15T17:04:25.071+0000] {processor.py:640} INFO - Processing file /home/airflow/.local/lib/python3.7/site-packages/airflow/example_dags/example_short_circuit_operator.py for tasks to queue
[2022-09-15T17:04:25.072+0000] {logging_mixin.py:115} INFO - [2022-09-15T17:04:25.072+0000] {dagbag.py:508} INFO - Filling up the DagBag from /home/airflow/.local/lib/python3.7/site-packages/airflow/example_dags/example_short_circuit_operator.py
[2022-09-15T17:04:25.080+0000] {processor.py:650} INFO - DAG(s) dict_keys(['example_short_circuit_operator']) retrieved from /home/airflow/.local/lib/python3.7/site-packages/airflow/example_dags/example_short_circuit_operator.py
[2022-09-15T17:04:25.101+0000] {logging_mixin.py:115} INFO - [2022-09-15T17:04:25.101+0000] {dag.py:2429} INFO - Sync 1 DAGs
[2022-09-15T17:04:25.117+0000] {logging_mixin.py:115} INFO - [2022-09-15T17:04:25.117+0000] {dag.py:2981} INFO - Setting next_dagrun for example_short_circuit_operator to 2022-09-14T17:04:25.117038+00:00, run_after=2022-09-15T17:04:25.117038+00:00
[2022-09-15T17:04:25.125+0000] {processor.py:161} INFO - Processing /home/airflow/.local/lib/python3.7/site-packages/airflow/example_dags/example_short_circuit_operator.py took 0.059 seconds
[2022-09-15T17:04:55.169+0000] {processor.py:153} INFO - Started process (PID=2810) to work on /home/airflow/.local/lib/python3.7/site-packages/airflow/example_dags/example_short_circuit_operator.py
[2022-09-15T17:04:55.171+0000] {processor.py:640} INFO - Processing file /home/airflow/.local/lib/python3.7/site-packages/airflow/example_dags/example_short_circuit_operator.py for tasks to queue
[2022-09-15T17:04:55.172+0000] {logging_mixin.py:115} INFO - [2022-09-15T17:04:55.172+0000] {dagbag.py:508} INFO - Filling up the DagBag from /home/airflow/.local/lib/python3.7/site-packages/airflow/example_dags/example_short_circuit_operator.py
[2022-09-15T17:04:55.180+0000] {processor.py:650} INFO - DAG(s) dict_keys(['example_short_circuit_operator']) retrieved from /home/airflow/.local/lib/python3.7/site-packages/airflow/example_dags/example_short_circuit_operator.py
[2022-09-15T17:04:55.200+0000] {logging_mixin.py:115} INFO - [2022-09-15T17:04:55.200+0000] {dag.py:2429} INFO - Sync 1 DAGs
[2022-09-15T17:04:55.214+0000] {logging_mixin.py:115} INFO - [2022-09-15T17:04:55.214+0000] {dag.py:2981} INFO - Setting next_dagrun for example_short_circuit_operator to 2022-09-14T17:04:55.214638+00:00, run_after=2022-09-15T17:04:55.214638+00:00
[2022-09-15T17:04:55.222+0000] {processor.py:161} INFO - Processing /home/airflow/.local/lib/python3.7/site-packages/airflow/example_dags/example_short_circuit_operator.py took 0.056 seconds
