[2022-09-15T16:43:32.917+0000] {processor.py:153} INFO - Started process (PID=71) to work on /home/airflow/.local/lib/python3.7/site-packages/airflow/example_dags/example_trigger_target_dag.py
[2022-09-15T16:43:32.919+0000] {processor.py:640} INFO - Processing file /home/airflow/.local/lib/python3.7/site-packages/airflow/example_dags/example_trigger_target_dag.py for tasks to queue
[2022-09-15T16:43:32.921+0000] {logging_mixin.py:115} INFO - [2022-09-15T16:43:32.920+0000] {dagbag.py:508} INFO - Filling up the DagBag from /home/airflow/.local/lib/python3.7/site-packages/airflow/example_dags/example_trigger_target_dag.py
[2022-09-15T16:43:32.945+0000] {processor.py:650} INFO - DAG(s) dict_keys(['example_trigger_target_dag']) retrieved from /home/airflow/.local/lib/python3.7/site-packages/airflow/example_dags/example_trigger_target_dag.py
[2022-09-15T16:43:33.022+0000] {logging_mixin.py:115} INFO - [2022-09-15T16:43:33.022+0000] {manager.py:508} INFO - Created Permission View: can delete on DAG:example_trigger_target_dag
[2022-09-15T16:43:33.032+0000] {logging_mixin.py:115} INFO - [2022-09-15T16:43:33.032+0000] {manager.py:508} INFO - Created Permission View: can read on DAG:example_trigger_target_dag
[2022-09-15T16:43:33.038+0000] {logging_mixin.py:115} INFO - [2022-09-15T16:43:33.038+0000] {manager.py:508} INFO - Created Permission View: can edit on DAG:example_trigger_target_dag
[2022-09-15T16:43:33.043+0000] {logging_mixin.py:115} INFO - [2022-09-15T16:43:33.043+0000] {dag.py:2429} INFO - Sync 1 DAGs
[2022-09-15T16:43:33.054+0000] {logging_mixin.py:115} INFO - [2022-09-15T16:43:33.054+0000] {dag.py:2448} INFO - Creating ORM DAG for example_trigger_target_dag
[2022-09-15T16:43:33.108+0000] {logging_mixin.py:115} INFO - [2022-09-15T16:43:33.108+0000] {dag.py:2981} INFO - Setting next_dagrun for example_trigger_target_dag to None, run_after=None
[2022-09-15T16:43:33.166+0000] {processor.py:161} INFO - Processing /home/airflow/.local/lib/python3.7/site-packages/airflow/example_dags/example_trigger_target_dag.py took 0.255 seconds
[2022-09-15T16:44:03.824+0000] {processor.py:153} INFO - Started process (PID=137) to work on /home/airflow/.local/lib/python3.7/site-packages/airflow/example_dags/example_trigger_target_dag.py
[2022-09-15T16:44:03.826+0000] {processor.py:640} INFO - Processing file /home/airflow/.local/lib/python3.7/site-packages/airflow/example_dags/example_trigger_target_dag.py for tasks to queue
[2022-09-15T16:44:03.827+0000] {logging_mixin.py:115} INFO - [2022-09-15T16:44:03.827+0000] {dagbag.py:508} INFO - Filling up the DagBag from /home/airflow/.local/lib/python3.7/site-packages/airflow/example_dags/example_trigger_target_dag.py
[2022-09-15T16:44:03.837+0000] {processor.py:650} INFO - DAG(s) dict_keys(['example_trigger_target_dag']) retrieved from /home/airflow/.local/lib/python3.7/site-packages/airflow/example_dags/example_trigger_target_dag.py
[2022-09-15T16:44:03.855+0000] {logging_mixin.py:115} INFO - [2022-09-15T16:44:03.855+0000] {dag.py:2429} INFO - Sync 1 DAGs
[2022-09-15T16:44:03.875+0000] {logging_mixin.py:115} INFO - [2022-09-15T16:44:03.875+0000] {dag.py:2981} INFO - Setting next_dagrun for example_trigger_target_dag to None, run_after=None
[2022-09-15T16:44:03.889+0000] {processor.py:161} INFO - Processing /home/airflow/.local/lib/python3.7/site-packages/airflow/example_dags/example_trigger_target_dag.py took 0.067 seconds
[2022-09-15T16:44:33.944+0000] {processor.py:153} INFO - Started process (PID=192) to work on /home/airflow/.local/lib/python3.7/site-packages/airflow/example_dags/example_trigger_target_dag.py
[2022-09-15T16:44:33.946+0000] {processor.py:640} INFO - Processing file /home/airflow/.local/lib/python3.7/site-packages/airflow/example_dags/example_trigger_target_dag.py for tasks to queue
[2022-09-15T16:44:33.950+0000] {logging_mixin.py:115} INFO - [2022-09-15T16:44:33.950+0000] {dagbag.py:508} INFO - Filling up the DagBag from /home/airflow/.local/lib/python3.7/site-packages/airflow/example_dags/example_trigger_target_dag.py
[2022-09-15T16:44:33.962+0000] {processor.py:650} INFO - DAG(s) dict_keys(['example_trigger_target_dag']) retrieved from /home/airflow/.local/lib/python3.7/site-packages/airflow/example_dags/example_trigger_target_dag.py
[2022-09-15T16:44:33.982+0000] {logging_mixin.py:115} INFO - [2022-09-15T16:44:33.982+0000] {dag.py:2429} INFO - Sync 1 DAGs
[2022-09-15T16:44:33.997+0000] {logging_mixin.py:115} INFO - [2022-09-15T16:44:33.997+0000] {dag.py:2981} INFO - Setting next_dagrun for example_trigger_target_dag to None, run_after=None
[2022-09-15T16:44:34.006+0000] {processor.py:161} INFO - Processing /home/airflow/.local/lib/python3.7/site-packages/airflow/example_dags/example_trigger_target_dag.py took 0.065 seconds
[2022-09-15T16:45:04.139+0000] {processor.py:153} INFO - Started process (PID=258) to work on /home/airflow/.local/lib/python3.7/site-packages/airflow/example_dags/example_trigger_target_dag.py
[2022-09-15T16:45:04.142+0000] {processor.py:640} INFO - Processing file /home/airflow/.local/lib/python3.7/site-packages/airflow/example_dags/example_trigger_target_dag.py for tasks to queue
[2022-09-15T16:45:04.144+0000] {logging_mixin.py:115} INFO - [2022-09-15T16:45:04.143+0000] {dagbag.py:508} INFO - Filling up the DagBag from /home/airflow/.local/lib/python3.7/site-packages/airflow/example_dags/example_trigger_target_dag.py
[2022-09-15T16:45:04.158+0000] {processor.py:650} INFO - DAG(s) dict_keys(['example_trigger_target_dag']) retrieved from /home/airflow/.local/lib/python3.7/site-packages/airflow/example_dags/example_trigger_target_dag.py
[2022-09-15T16:45:04.181+0000] {logging_mixin.py:115} INFO - [2022-09-15T16:45:04.181+0000] {dag.py:2429} INFO - Sync 1 DAGs
[2022-09-15T16:45:04.197+0000] {logging_mixin.py:115} INFO - [2022-09-15T16:45:04.197+0000] {dag.py:2981} INFO - Setting next_dagrun for example_trigger_target_dag to None, run_after=None
[2022-09-15T16:45:04.205+0000] {processor.py:161} INFO - Processing /home/airflow/.local/lib/python3.7/site-packages/airflow/example_dags/example_trigger_target_dag.py took 0.071 seconds
[2022-09-15T16:45:34.332+0000] {processor.py:153} INFO - Started process (PID=325) to work on /home/airflow/.local/lib/python3.7/site-packages/airflow/example_dags/example_trigger_target_dag.py
[2022-09-15T16:45:34.334+0000] {processor.py:640} INFO - Processing file /home/airflow/.local/lib/python3.7/site-packages/airflow/example_dags/example_trigger_target_dag.py for tasks to queue
[2022-09-15T16:45:34.335+0000] {logging_mixin.py:115} INFO - [2022-09-15T16:45:34.335+0000] {dagbag.py:508} INFO - Filling up the DagBag from /home/airflow/.local/lib/python3.7/site-packages/airflow/example_dags/example_trigger_target_dag.py
[2022-09-15T16:45:34.348+0000] {processor.py:650} INFO - DAG(s) dict_keys(['example_trigger_target_dag']) retrieved from /home/airflow/.local/lib/python3.7/site-packages/airflow/example_dags/example_trigger_target_dag.py
[2022-09-15T16:45:34.366+0000] {logging_mixin.py:115} INFO - [2022-09-15T16:45:34.366+0000] {dag.py:2429} INFO - Sync 1 DAGs
[2022-09-15T16:45:34.381+0000] {logging_mixin.py:115} INFO - [2022-09-15T16:45:34.381+0000] {dag.py:2981} INFO - Setting next_dagrun for example_trigger_target_dag to None, run_after=None
[2022-09-15T16:45:34.390+0000] {processor.py:161} INFO - Processing /home/airflow/.local/lib/python3.7/site-packages/airflow/example_dags/example_trigger_target_dag.py took 0.063 seconds
[2022-09-15T16:46:05.493+0000] {processor.py:153} INFO - Started process (PID=393) to work on /home/airflow/.local/lib/python3.7/site-packages/airflow/example_dags/example_trigger_target_dag.py
[2022-09-15T16:46:05.495+0000] {processor.py:640} INFO - Processing file /home/airflow/.local/lib/python3.7/site-packages/airflow/example_dags/example_trigger_target_dag.py for tasks to queue
[2022-09-15T16:46:05.496+0000] {logging_mixin.py:115} INFO - [2022-09-15T16:46:05.496+0000] {dagbag.py:508} INFO - Filling up the DagBag from /home/airflow/.local/lib/python3.7/site-packages/airflow/example_dags/example_trigger_target_dag.py
[2022-09-15T16:46:05.506+0000] {processor.py:650} INFO - DAG(s) dict_keys(['example_trigger_target_dag']) retrieved from /home/airflow/.local/lib/python3.7/site-packages/airflow/example_dags/example_trigger_target_dag.py
[2022-09-15T16:46:05.525+0000] {logging_mixin.py:115} INFO - [2022-09-15T16:46:05.525+0000] {dag.py:2429} INFO - Sync 1 DAGs
[2022-09-15T16:46:05.542+0000] {logging_mixin.py:115} INFO - [2022-09-15T16:46:05.542+0000] {dag.py:2981} INFO - Setting next_dagrun for example_trigger_target_dag to None, run_after=None
[2022-09-15T16:46:05.553+0000] {processor.py:161} INFO - Processing /home/airflow/.local/lib/python3.7/site-packages/airflow/example_dags/example_trigger_target_dag.py took 0.063 seconds
[2022-09-15T16:46:36.442+0000] {processor.py:153} INFO - Started process (PID=459) to work on /home/airflow/.local/lib/python3.7/site-packages/airflow/example_dags/example_trigger_target_dag.py
[2022-09-15T16:46:36.443+0000] {processor.py:640} INFO - Processing file /home/airflow/.local/lib/python3.7/site-packages/airflow/example_dags/example_trigger_target_dag.py for tasks to queue
[2022-09-15T16:46:36.445+0000] {logging_mixin.py:115} INFO - [2022-09-15T16:46:36.444+0000] {dagbag.py:508} INFO - Filling up the DagBag from /home/airflow/.local/lib/python3.7/site-packages/airflow/example_dags/example_trigger_target_dag.py
[2022-09-15T16:46:36.454+0000] {processor.py:650} INFO - DAG(s) dict_keys(['example_trigger_target_dag']) retrieved from /home/airflow/.local/lib/python3.7/site-packages/airflow/example_dags/example_trigger_target_dag.py
[2022-09-15T16:46:36.473+0000] {logging_mixin.py:115} INFO - [2022-09-15T16:46:36.473+0000] {dag.py:2429} INFO - Sync 1 DAGs
[2022-09-15T16:46:36.488+0000] {logging_mixin.py:115} INFO - [2022-09-15T16:46:36.488+0000] {dag.py:2981} INFO - Setting next_dagrun for example_trigger_target_dag to None, run_after=None
[2022-09-15T16:46:36.497+0000] {processor.py:161} INFO - Processing /home/airflow/.local/lib/python3.7/site-packages/airflow/example_dags/example_trigger_target_dag.py took 0.058 seconds
[2022-09-15T16:47:07.345+0000] {processor.py:153} INFO - Started process (PID=528) to work on /home/airflow/.local/lib/python3.7/site-packages/airflow/example_dags/example_trigger_target_dag.py
[2022-09-15T16:47:07.347+0000] {processor.py:640} INFO - Processing file /home/airflow/.local/lib/python3.7/site-packages/airflow/example_dags/example_trigger_target_dag.py for tasks to queue
[2022-09-15T16:47:07.348+0000] {logging_mixin.py:115} INFO - [2022-09-15T16:47:07.348+0000] {dagbag.py:508} INFO - Filling up the DagBag from /home/airflow/.local/lib/python3.7/site-packages/airflow/example_dags/example_trigger_target_dag.py
[2022-09-15T16:47:07.358+0000] {processor.py:650} INFO - DAG(s) dict_keys(['example_trigger_target_dag']) retrieved from /home/airflow/.local/lib/python3.7/site-packages/airflow/example_dags/example_trigger_target_dag.py
[2022-09-15T16:47:07.378+0000] {logging_mixin.py:115} INFO - [2022-09-15T16:47:07.378+0000] {dag.py:2429} INFO - Sync 1 DAGs
[2022-09-15T16:47:07.392+0000] {logging_mixin.py:115} INFO - [2022-09-15T16:47:07.392+0000] {dag.py:2981} INFO - Setting next_dagrun for example_trigger_target_dag to None, run_after=None
[2022-09-15T16:47:07.401+0000] {processor.py:161} INFO - Processing /home/airflow/.local/lib/python3.7/site-packages/airflow/example_dags/example_trigger_target_dag.py took 0.059 seconds
[2022-09-15T16:47:38.254+0000] {processor.py:153} INFO - Started process (PID=586) to work on /home/airflow/.local/lib/python3.7/site-packages/airflow/example_dags/example_trigger_target_dag.py
[2022-09-15T16:47:38.255+0000] {processor.py:640} INFO - Processing file /home/airflow/.local/lib/python3.7/site-packages/airflow/example_dags/example_trigger_target_dag.py for tasks to queue
[2022-09-15T16:47:38.257+0000] {logging_mixin.py:115} INFO - [2022-09-15T16:47:38.257+0000] {dagbag.py:508} INFO - Filling up the DagBag from /home/airflow/.local/lib/python3.7/site-packages/airflow/example_dags/example_trigger_target_dag.py
[2022-09-15T16:47:38.267+0000] {processor.py:650} INFO - DAG(s) dict_keys(['example_trigger_target_dag']) retrieved from /home/airflow/.local/lib/python3.7/site-packages/airflow/example_dags/example_trigger_target_dag.py
[2022-09-15T16:47:38.287+0000] {logging_mixin.py:115} INFO - [2022-09-15T16:47:38.287+0000] {dag.py:2429} INFO - Sync 1 DAGs
[2022-09-15T16:47:38.303+0000] {logging_mixin.py:115} INFO - [2022-09-15T16:47:38.303+0000] {dag.py:2981} INFO - Setting next_dagrun for example_trigger_target_dag to None, run_after=None
[2022-09-15T16:47:38.313+0000] {processor.py:161} INFO - Processing /home/airflow/.local/lib/python3.7/site-packages/airflow/example_dags/example_trigger_target_dag.py took 0.062 seconds
[2022-09-15T16:48:09.096+0000] {processor.py:153} INFO - Started process (PID=654) to work on /home/airflow/.local/lib/python3.7/site-packages/airflow/example_dags/example_trigger_target_dag.py
[2022-09-15T16:48:09.098+0000] {processor.py:640} INFO - Processing file /home/airflow/.local/lib/python3.7/site-packages/airflow/example_dags/example_trigger_target_dag.py for tasks to queue
[2022-09-15T16:48:09.099+0000] {logging_mixin.py:115} INFO - [2022-09-15T16:48:09.099+0000] {dagbag.py:508} INFO - Filling up the DagBag from /home/airflow/.local/lib/python3.7/site-packages/airflow/example_dags/example_trigger_target_dag.py
[2022-09-15T16:48:09.108+0000] {processor.py:650} INFO - DAG(s) dict_keys(['example_trigger_target_dag']) retrieved from /home/airflow/.local/lib/python3.7/site-packages/airflow/example_dags/example_trigger_target_dag.py
[2022-09-15T16:48:09.126+0000] {logging_mixin.py:115} INFO - [2022-09-15T16:48:09.126+0000] {dag.py:2429} INFO - Sync 1 DAGs
[2022-09-15T16:48:09.141+0000] {logging_mixin.py:115} INFO - [2022-09-15T16:48:09.141+0000] {dag.py:2981} INFO - Setting next_dagrun for example_trigger_target_dag to None, run_after=None
[2022-09-15T16:48:09.151+0000] {processor.py:161} INFO - Processing /home/airflow/.local/lib/python3.7/site-packages/airflow/example_dags/example_trigger_target_dag.py took 0.057 seconds
[2022-09-15T16:48:39.301+0000] {processor.py:153} INFO - Started process (PID=719) to work on /home/airflow/.local/lib/python3.7/site-packages/airflow/example_dags/example_trigger_target_dag.py
[2022-09-15T16:48:39.303+0000] {processor.py:640} INFO - Processing file /home/airflow/.local/lib/python3.7/site-packages/airflow/example_dags/example_trigger_target_dag.py for tasks to queue
[2022-09-15T16:48:39.304+0000] {logging_mixin.py:115} INFO - [2022-09-15T16:48:39.304+0000] {dagbag.py:508} INFO - Filling up the DagBag from /home/airflow/.local/lib/python3.7/site-packages/airflow/example_dags/example_trigger_target_dag.py
[2022-09-15T16:48:39.314+0000] {processor.py:650} INFO - DAG(s) dict_keys(['example_trigger_target_dag']) retrieved from /home/airflow/.local/lib/python3.7/site-packages/airflow/example_dags/example_trigger_target_dag.py
[2022-09-15T16:48:39.332+0000] {logging_mixin.py:115} INFO - [2022-09-15T16:48:39.332+0000] {dag.py:2429} INFO - Sync 1 DAGs
[2022-09-15T16:48:39.349+0000] {logging_mixin.py:115} INFO - [2022-09-15T16:48:39.348+0000] {dag.py:2981} INFO - Setting next_dagrun for example_trigger_target_dag to None, run_after=None
[2022-09-15T16:48:39.359+0000] {processor.py:161} INFO - Processing /home/airflow/.local/lib/python3.7/site-packages/airflow/example_dags/example_trigger_target_dag.py took 0.060 seconds
[2022-09-15T16:49:10.285+0000] {processor.py:153} INFO - Started process (PID=785) to work on /home/airflow/.local/lib/python3.7/site-packages/airflow/example_dags/example_trigger_target_dag.py
[2022-09-15T16:49:10.287+0000] {processor.py:640} INFO - Processing file /home/airflow/.local/lib/python3.7/site-packages/airflow/example_dags/example_trigger_target_dag.py for tasks to queue
[2022-09-15T16:49:10.289+0000] {logging_mixin.py:115} INFO - [2022-09-15T16:49:10.289+0000] {dagbag.py:508} INFO - Filling up the DagBag from /home/airflow/.local/lib/python3.7/site-packages/airflow/example_dags/example_trigger_target_dag.py
[2022-09-15T16:49:10.301+0000] {processor.py:650} INFO - DAG(s) dict_keys(['example_trigger_target_dag']) retrieved from /home/airflow/.local/lib/python3.7/site-packages/airflow/example_dags/example_trigger_target_dag.py
[2022-09-15T16:49:10.321+0000] {logging_mixin.py:115} INFO - [2022-09-15T16:49:10.321+0000] {dag.py:2429} INFO - Sync 1 DAGs
[2022-09-15T16:49:10.337+0000] {logging_mixin.py:115} INFO - [2022-09-15T16:49:10.337+0000] {dag.py:2981} INFO - Setting next_dagrun for example_trigger_target_dag to None, run_after=None
[2022-09-15T16:49:10.347+0000] {processor.py:161} INFO - Processing /home/airflow/.local/lib/python3.7/site-packages/airflow/example_dags/example_trigger_target_dag.py took 0.065 seconds
[2022-09-15T16:49:40.520+0000] {processor.py:153} INFO - Started process (PID=852) to work on /home/airflow/.local/lib/python3.7/site-packages/airflow/example_dags/example_trigger_target_dag.py
[2022-09-15T16:49:40.521+0000] {processor.py:640} INFO - Processing file /home/airflow/.local/lib/python3.7/site-packages/airflow/example_dags/example_trigger_target_dag.py for tasks to queue
[2022-09-15T16:49:40.523+0000] {logging_mixin.py:115} INFO - [2022-09-15T16:49:40.522+0000] {dagbag.py:508} INFO - Filling up the DagBag from /home/airflow/.local/lib/python3.7/site-packages/airflow/example_dags/example_trigger_target_dag.py
[2022-09-15T16:49:40.534+0000] {processor.py:650} INFO - DAG(s) dict_keys(['example_trigger_target_dag']) retrieved from /home/airflow/.local/lib/python3.7/site-packages/airflow/example_dags/example_trigger_target_dag.py
[2022-09-15T16:49:40.556+0000] {logging_mixin.py:115} INFO - [2022-09-15T16:49:40.556+0000] {dag.py:2429} INFO - Sync 1 DAGs
[2022-09-15T16:49:40.573+0000] {logging_mixin.py:115} INFO - [2022-09-15T16:49:40.572+0000] {dag.py:2981} INFO - Setting next_dagrun for example_trigger_target_dag to None, run_after=None
[2022-09-15T16:49:40.582+0000] {processor.py:161} INFO - Processing /home/airflow/.local/lib/python3.7/site-packages/airflow/example_dags/example_trigger_target_dag.py took 0.065 seconds
[2022-09-15T16:50:10.636+0000] {processor.py:153} INFO - Started process (PID=918) to work on /home/airflow/.local/lib/python3.7/site-packages/airflow/example_dags/example_trigger_target_dag.py
[2022-09-15T16:50:10.637+0000] {processor.py:640} INFO - Processing file /home/airflow/.local/lib/python3.7/site-packages/airflow/example_dags/example_trigger_target_dag.py for tasks to queue
[2022-09-15T16:50:10.638+0000] {logging_mixin.py:115} INFO - [2022-09-15T16:50:10.638+0000] {dagbag.py:508} INFO - Filling up the DagBag from /home/airflow/.local/lib/python3.7/site-packages/airflow/example_dags/example_trigger_target_dag.py
[2022-09-15T16:50:10.650+0000] {processor.py:650} INFO - DAG(s) dict_keys(['example_trigger_target_dag']) retrieved from /home/airflow/.local/lib/python3.7/site-packages/airflow/example_dags/example_trigger_target_dag.py
[2022-09-15T16:50:10.676+0000] {logging_mixin.py:115} INFO - [2022-09-15T16:50:10.676+0000] {dag.py:2429} INFO - Sync 1 DAGs
[2022-09-15T16:50:10.699+0000] {logging_mixin.py:115} INFO - [2022-09-15T16:50:10.698+0000] {dag.py:2981} INFO - Setting next_dagrun for example_trigger_target_dag to None, run_after=None
[2022-09-15T16:50:10.708+0000] {processor.py:161} INFO - Processing /home/airflow/.local/lib/python3.7/site-packages/airflow/example_dags/example_trigger_target_dag.py took 0.075 seconds
[2022-09-15T16:50:41.614+0000] {processor.py:153} INFO - Started process (PID=978) to work on /home/airflow/.local/lib/python3.7/site-packages/airflow/example_dags/example_trigger_target_dag.py
[2022-09-15T16:50:41.616+0000] {processor.py:640} INFO - Processing file /home/airflow/.local/lib/python3.7/site-packages/airflow/example_dags/example_trigger_target_dag.py for tasks to queue
[2022-09-15T16:50:41.617+0000] {logging_mixin.py:115} INFO - [2022-09-15T16:50:41.616+0000] {dagbag.py:508} INFO - Filling up the DagBag from /home/airflow/.local/lib/python3.7/site-packages/airflow/example_dags/example_trigger_target_dag.py
[2022-09-15T16:50:41.626+0000] {processor.py:650} INFO - DAG(s) dict_keys(['example_trigger_target_dag']) retrieved from /home/airflow/.local/lib/python3.7/site-packages/airflow/example_dags/example_trigger_target_dag.py
[2022-09-15T16:50:41.643+0000] {logging_mixin.py:115} INFO - [2022-09-15T16:50:41.643+0000] {dag.py:2429} INFO - Sync 1 DAGs
[2022-09-15T16:50:41.658+0000] {logging_mixin.py:115} INFO - [2022-09-15T16:50:41.658+0000] {dag.py:2981} INFO - Setting next_dagrun for example_trigger_target_dag to None, run_after=None
[2022-09-15T16:50:41.666+0000] {processor.py:161} INFO - Processing /home/airflow/.local/lib/python3.7/site-packages/airflow/example_dags/example_trigger_target_dag.py took 0.055 seconds
[2022-09-15T16:51:12.456+0000] {processor.py:153} INFO - Started process (PID=1044) to work on /home/airflow/.local/lib/python3.7/site-packages/airflow/example_dags/example_trigger_target_dag.py
[2022-09-15T16:51:12.458+0000] {processor.py:640} INFO - Processing file /home/airflow/.local/lib/python3.7/site-packages/airflow/example_dags/example_trigger_target_dag.py for tasks to queue
[2022-09-15T16:51:12.459+0000] {logging_mixin.py:115} INFO - [2022-09-15T16:51:12.458+0000] {dagbag.py:508} INFO - Filling up the DagBag from /home/airflow/.local/lib/python3.7/site-packages/airflow/example_dags/example_trigger_target_dag.py
[2022-09-15T16:51:12.470+0000] {processor.py:650} INFO - DAG(s) dict_keys(['example_trigger_target_dag']) retrieved from /home/airflow/.local/lib/python3.7/site-packages/airflow/example_dags/example_trigger_target_dag.py
[2022-09-15T16:51:12.490+0000] {logging_mixin.py:115} INFO - [2022-09-15T16:51:12.490+0000] {dag.py:2429} INFO - Sync 1 DAGs
[2022-09-15T16:51:12.507+0000] {logging_mixin.py:115} INFO - [2022-09-15T16:51:12.507+0000] {dag.py:2981} INFO - Setting next_dagrun for example_trigger_target_dag to None, run_after=None
[2022-09-15T16:51:12.517+0000] {processor.py:161} INFO - Processing /home/airflow/.local/lib/python3.7/site-packages/airflow/example_dags/example_trigger_target_dag.py took 0.063 seconds
[2022-09-15T16:51:43.489+0000] {processor.py:153} INFO - Started process (PID=1114) to work on /home/airflow/.local/lib/python3.7/site-packages/airflow/example_dags/example_trigger_target_dag.py
[2022-09-15T16:51:43.491+0000] {processor.py:640} INFO - Processing file /home/airflow/.local/lib/python3.7/site-packages/airflow/example_dags/example_trigger_target_dag.py for tasks to queue
[2022-09-15T16:51:43.492+0000] {logging_mixin.py:115} INFO - [2022-09-15T16:51:43.492+0000] {dagbag.py:508} INFO - Filling up the DagBag from /home/airflow/.local/lib/python3.7/site-packages/airflow/example_dags/example_trigger_target_dag.py
[2022-09-15T16:51:43.502+0000] {processor.py:650} INFO - DAG(s) dict_keys(['example_trigger_target_dag']) retrieved from /home/airflow/.local/lib/python3.7/site-packages/airflow/example_dags/example_trigger_target_dag.py
[2022-09-15T16:51:43.522+0000] {logging_mixin.py:115} INFO - [2022-09-15T16:51:43.522+0000] {dag.py:2429} INFO - Sync 1 DAGs
[2022-09-15T16:51:43.537+0000] {logging_mixin.py:115} INFO - [2022-09-15T16:51:43.537+0000] {dag.py:2981} INFO - Setting next_dagrun for example_trigger_target_dag to None, run_after=None
[2022-09-15T16:51:43.546+0000] {processor.py:161} INFO - Processing /home/airflow/.local/lib/python3.7/site-packages/airflow/example_dags/example_trigger_target_dag.py took 0.059 seconds
[2022-09-15T16:52:14.410+0000] {processor.py:153} INFO - Started process (PID=1179) to work on /home/airflow/.local/lib/python3.7/site-packages/airflow/example_dags/example_trigger_target_dag.py
[2022-09-15T16:52:14.412+0000] {processor.py:640} INFO - Processing file /home/airflow/.local/lib/python3.7/site-packages/airflow/example_dags/example_trigger_target_dag.py for tasks to queue
[2022-09-15T16:52:14.414+0000] {logging_mixin.py:115} INFO - [2022-09-15T16:52:14.414+0000] {dagbag.py:508} INFO - Filling up the DagBag from /home/airflow/.local/lib/python3.7/site-packages/airflow/example_dags/example_trigger_target_dag.py
[2022-09-15T16:52:14.425+0000] {processor.py:650} INFO - DAG(s) dict_keys(['example_trigger_target_dag']) retrieved from /home/airflow/.local/lib/python3.7/site-packages/airflow/example_dags/example_trigger_target_dag.py
[2022-09-15T16:52:14.445+0000] {logging_mixin.py:115} INFO - [2022-09-15T16:52:14.445+0000] {dag.py:2429} INFO - Sync 1 DAGs
[2022-09-15T16:52:14.463+0000] {logging_mixin.py:115} INFO - [2022-09-15T16:52:14.463+0000] {dag.py:2981} INFO - Setting next_dagrun for example_trigger_target_dag to None, run_after=None
[2022-09-15T16:52:14.473+0000] {processor.py:161} INFO - Processing /home/airflow/.local/lib/python3.7/site-packages/airflow/example_dags/example_trigger_target_dag.py took 0.066 seconds
[2022-09-15T16:52:45.444+0000] {processor.py:153} INFO - Started process (PID=1247) to work on /home/airflow/.local/lib/python3.7/site-packages/airflow/example_dags/example_trigger_target_dag.py
[2022-09-15T16:52:45.445+0000] {processor.py:640} INFO - Processing file /home/airflow/.local/lib/python3.7/site-packages/airflow/example_dags/example_trigger_target_dag.py for tasks to queue
[2022-09-15T16:52:45.447+0000] {logging_mixin.py:115} INFO - [2022-09-15T16:52:45.446+0000] {dagbag.py:508} INFO - Filling up the DagBag from /home/airflow/.local/lib/python3.7/site-packages/airflow/example_dags/example_trigger_target_dag.py
[2022-09-15T16:52:45.456+0000] {processor.py:650} INFO - DAG(s) dict_keys(['example_trigger_target_dag']) retrieved from /home/airflow/.local/lib/python3.7/site-packages/airflow/example_dags/example_trigger_target_dag.py
[2022-09-15T16:52:45.474+0000] {logging_mixin.py:115} INFO - [2022-09-15T16:52:45.474+0000] {dag.py:2429} INFO - Sync 1 DAGs
[2022-09-15T16:52:45.489+0000] {logging_mixin.py:115} INFO - [2022-09-15T16:52:45.489+0000] {dag.py:2981} INFO - Setting next_dagrun for example_trigger_target_dag to None, run_after=None
[2022-09-15T16:52:45.497+0000] {processor.py:161} INFO - Processing /home/airflow/.local/lib/python3.7/site-packages/airflow/example_dags/example_trigger_target_dag.py took 0.056 seconds
[2022-09-15T16:53:15.755+0000] {processor.py:153} INFO - Started process (PID=1313) to work on /home/airflow/.local/lib/python3.7/site-packages/airflow/example_dags/example_trigger_target_dag.py
[2022-09-15T16:53:15.757+0000] {processor.py:640} INFO - Processing file /home/airflow/.local/lib/python3.7/site-packages/airflow/example_dags/example_trigger_target_dag.py for tasks to queue
[2022-09-15T16:53:15.759+0000] {logging_mixin.py:115} INFO - [2022-09-15T16:53:15.759+0000] {dagbag.py:508} INFO - Filling up the DagBag from /home/airflow/.local/lib/python3.7/site-packages/airflow/example_dags/example_trigger_target_dag.py
[2022-09-15T16:53:15.771+0000] {processor.py:650} INFO - DAG(s) dict_keys(['example_trigger_target_dag']) retrieved from /home/airflow/.local/lib/python3.7/site-packages/airflow/example_dags/example_trigger_target_dag.py
[2022-09-15T16:53:15.795+0000] {logging_mixin.py:115} INFO - [2022-09-15T16:53:15.795+0000] {dag.py:2429} INFO - Sync 1 DAGs
[2022-09-15T16:53:15.821+0000] {logging_mixin.py:115} INFO - [2022-09-15T16:53:15.821+0000] {dag.py:2981} INFO - Setting next_dagrun for example_trigger_target_dag to None, run_after=None
[2022-09-15T16:53:15.831+0000] {processor.py:161} INFO - Processing /home/airflow/.local/lib/python3.7/site-packages/airflow/example_dags/example_trigger_target_dag.py took 0.080 seconds
[2022-09-15T16:53:45.989+0000] {processor.py:153} INFO - Started process (PID=1371) to work on /home/airflow/.local/lib/python3.7/site-packages/airflow/example_dags/example_trigger_target_dag.py
[2022-09-15T16:53:45.991+0000] {processor.py:640} INFO - Processing file /home/airflow/.local/lib/python3.7/site-packages/airflow/example_dags/example_trigger_target_dag.py for tasks to queue
[2022-09-15T16:53:45.992+0000] {logging_mixin.py:115} INFO - [2022-09-15T16:53:45.992+0000] {dagbag.py:508} INFO - Filling up the DagBag from /home/airflow/.local/lib/python3.7/site-packages/airflow/example_dags/example_trigger_target_dag.py
[2022-09-15T16:53:46.002+0000] {processor.py:650} INFO - DAG(s) dict_keys(['example_trigger_target_dag']) retrieved from /home/airflow/.local/lib/python3.7/site-packages/airflow/example_dags/example_trigger_target_dag.py
[2022-09-15T16:53:46.021+0000] {logging_mixin.py:115} INFO - [2022-09-15T16:53:46.020+0000] {dag.py:2429} INFO - Sync 1 DAGs
[2022-09-15T16:53:46.037+0000] {logging_mixin.py:115} INFO - [2022-09-15T16:53:46.037+0000] {dag.py:2981} INFO - Setting next_dagrun for example_trigger_target_dag to None, run_after=None
[2022-09-15T16:53:46.046+0000] {processor.py:161} INFO - Processing /home/airflow/.local/lib/python3.7/site-packages/airflow/example_dags/example_trigger_target_dag.py took 0.060 seconds
[2022-09-15T16:54:16.887+0000] {processor.py:153} INFO - Started process (PID=1440) to work on /home/airflow/.local/lib/python3.7/site-packages/airflow/example_dags/example_trigger_target_dag.py
[2022-09-15T16:54:16.889+0000] {processor.py:640} INFO - Processing file /home/airflow/.local/lib/python3.7/site-packages/airflow/example_dags/example_trigger_target_dag.py for tasks to queue
[2022-09-15T16:54:16.890+0000] {logging_mixin.py:115} INFO - [2022-09-15T16:54:16.890+0000] {dagbag.py:508} INFO - Filling up the DagBag from /home/airflow/.local/lib/python3.7/site-packages/airflow/example_dags/example_trigger_target_dag.py
[2022-09-15T16:54:16.900+0000] {processor.py:650} INFO - DAG(s) dict_keys(['example_trigger_target_dag']) retrieved from /home/airflow/.local/lib/python3.7/site-packages/airflow/example_dags/example_trigger_target_dag.py
[2022-09-15T16:54:16.917+0000] {logging_mixin.py:115} INFO - [2022-09-15T16:54:16.917+0000] {dag.py:2429} INFO - Sync 1 DAGs
[2022-09-15T16:54:16.932+0000] {logging_mixin.py:115} INFO - [2022-09-15T16:54:16.932+0000] {dag.py:2981} INFO - Setting next_dagrun for example_trigger_target_dag to None, run_after=None
[2022-09-15T16:54:16.942+0000] {processor.py:161} INFO - Processing /home/airflow/.local/lib/python3.7/site-packages/airflow/example_dags/example_trigger_target_dag.py took 0.057 seconds
[2022-09-15T16:54:47.945+0000] {processor.py:153} INFO - Started process (PID=1505) to work on /home/airflow/.local/lib/python3.7/site-packages/airflow/example_dags/example_trigger_target_dag.py
[2022-09-15T16:54:47.948+0000] {processor.py:640} INFO - Processing file /home/airflow/.local/lib/python3.7/site-packages/airflow/example_dags/example_trigger_target_dag.py for tasks to queue
[2022-09-15T16:54:47.949+0000] {logging_mixin.py:115} INFO - [2022-09-15T16:54:47.949+0000] {dagbag.py:508} INFO - Filling up the DagBag from /home/airflow/.local/lib/python3.7/site-packages/airflow/example_dags/example_trigger_target_dag.py
[2022-09-15T16:54:47.960+0000] {processor.py:650} INFO - DAG(s) dict_keys(['example_trigger_target_dag']) retrieved from /home/airflow/.local/lib/python3.7/site-packages/airflow/example_dags/example_trigger_target_dag.py
[2022-09-15T16:54:47.979+0000] {logging_mixin.py:115} INFO - [2022-09-15T16:54:47.979+0000] {dag.py:2429} INFO - Sync 1 DAGs
[2022-09-15T16:54:47.996+0000] {logging_mixin.py:115} INFO - [2022-09-15T16:54:47.995+0000] {dag.py:2981} INFO - Setting next_dagrun for example_trigger_target_dag to None, run_after=None
[2022-09-15T16:54:48.005+0000] {processor.py:161} INFO - Processing /home/airflow/.local/lib/python3.7/site-packages/airflow/example_dags/example_trigger_target_dag.py took 0.064 seconds
[2022-09-15T16:55:18.198+0000] {processor.py:153} INFO - Started process (PID=1573) to work on /home/airflow/.local/lib/python3.7/site-packages/airflow/example_dags/example_trigger_target_dag.py
[2022-09-15T16:55:18.200+0000] {processor.py:640} INFO - Processing file /home/airflow/.local/lib/python3.7/site-packages/airflow/example_dags/example_trigger_target_dag.py for tasks to queue
[2022-09-15T16:55:18.201+0000] {logging_mixin.py:115} INFO - [2022-09-15T16:55:18.201+0000] {dagbag.py:508} INFO - Filling up the DagBag from /home/airflow/.local/lib/python3.7/site-packages/airflow/example_dags/example_trigger_target_dag.py
[2022-09-15T16:55:18.211+0000] {processor.py:650} INFO - DAG(s) dict_keys(['example_trigger_target_dag']) retrieved from /home/airflow/.local/lib/python3.7/site-packages/airflow/example_dags/example_trigger_target_dag.py
[2022-09-15T16:55:18.231+0000] {logging_mixin.py:115} INFO - [2022-09-15T16:55:18.230+0000] {dag.py:2429} INFO - Sync 1 DAGs
[2022-09-15T16:55:18.247+0000] {logging_mixin.py:115} INFO - [2022-09-15T16:55:18.246+0000] {dag.py:2981} INFO - Setting next_dagrun for example_trigger_target_dag to None, run_after=None
[2022-09-15T16:55:18.256+0000] {processor.py:161} INFO - Processing /home/airflow/.local/lib/python3.7/site-packages/airflow/example_dags/example_trigger_target_dag.py took 0.061 seconds
[2022-09-15T16:55:48.353+0000] {processor.py:153} INFO - Started process (PID=1633) to work on /home/airflow/.local/lib/python3.7/site-packages/airflow/example_dags/example_trigger_target_dag.py
[2022-09-15T16:55:48.355+0000] {processor.py:640} INFO - Processing file /home/airflow/.local/lib/python3.7/site-packages/airflow/example_dags/example_trigger_target_dag.py for tasks to queue
[2022-09-15T16:55:48.356+0000] {logging_mixin.py:115} INFO - [2022-09-15T16:55:48.356+0000] {dagbag.py:508} INFO - Filling up the DagBag from /home/airflow/.local/lib/python3.7/site-packages/airflow/example_dags/example_trigger_target_dag.py
[2022-09-15T16:55:48.366+0000] {processor.py:650} INFO - DAG(s) dict_keys(['example_trigger_target_dag']) retrieved from /home/airflow/.local/lib/python3.7/site-packages/airflow/example_dags/example_trigger_target_dag.py
[2022-09-15T16:55:48.386+0000] {logging_mixin.py:115} INFO - [2022-09-15T16:55:48.386+0000] {dag.py:2429} INFO - Sync 1 DAGs
[2022-09-15T16:55:48.402+0000] {logging_mixin.py:115} INFO - [2022-09-15T16:55:48.402+0000] {dag.py:2981} INFO - Setting next_dagrun for example_trigger_target_dag to None, run_after=None
[2022-09-15T16:55:48.411+0000] {processor.py:161} INFO - Processing /home/airflow/.local/lib/python3.7/site-packages/airflow/example_dags/example_trigger_target_dag.py took 0.060 seconds
[2022-09-15T16:56:19.434+0000] {processor.py:153} INFO - Started process (PID=1699) to work on /home/airflow/.local/lib/python3.7/site-packages/airflow/example_dags/example_trigger_target_dag.py
[2022-09-15T16:56:19.436+0000] {processor.py:640} INFO - Processing file /home/airflow/.local/lib/python3.7/site-packages/airflow/example_dags/example_trigger_target_dag.py for tasks to queue
[2022-09-15T16:56:19.437+0000] {logging_mixin.py:115} INFO - [2022-09-15T16:56:19.437+0000] {dagbag.py:508} INFO - Filling up the DagBag from /home/airflow/.local/lib/python3.7/site-packages/airflow/example_dags/example_trigger_target_dag.py
[2022-09-15T16:56:19.447+0000] {processor.py:650} INFO - DAG(s) dict_keys(['example_trigger_target_dag']) retrieved from /home/airflow/.local/lib/python3.7/site-packages/airflow/example_dags/example_trigger_target_dag.py
[2022-09-15T16:56:19.466+0000] {logging_mixin.py:115} INFO - [2022-09-15T16:56:19.466+0000] {dag.py:2429} INFO - Sync 1 DAGs
[2022-09-15T16:56:19.481+0000] {logging_mixin.py:115} INFO - [2022-09-15T16:56:19.481+0000] {dag.py:2981} INFO - Setting next_dagrun for example_trigger_target_dag to None, run_after=None
[2022-09-15T16:56:19.489+0000] {processor.py:161} INFO - Processing /home/airflow/.local/lib/python3.7/site-packages/airflow/example_dags/example_trigger_target_dag.py took 0.057 seconds
[2022-09-15T16:56:50.311+0000] {processor.py:153} INFO - Started process (PID=1770) to work on /home/airflow/.local/lib/python3.7/site-packages/airflow/example_dags/example_trigger_target_dag.py
[2022-09-15T16:56:50.313+0000] {processor.py:640} INFO - Processing file /home/airflow/.local/lib/python3.7/site-packages/airflow/example_dags/example_trigger_target_dag.py for tasks to queue
[2022-09-15T16:56:50.315+0000] {logging_mixin.py:115} INFO - [2022-09-15T16:56:50.315+0000] {dagbag.py:508} INFO - Filling up the DagBag from /home/airflow/.local/lib/python3.7/site-packages/airflow/example_dags/example_trigger_target_dag.py
[2022-09-15T16:56:50.325+0000] {processor.py:650} INFO - DAG(s) dict_keys(['example_trigger_target_dag']) retrieved from /home/airflow/.local/lib/python3.7/site-packages/airflow/example_dags/example_trigger_target_dag.py
[2022-09-15T16:56:50.346+0000] {logging_mixin.py:115} INFO - [2022-09-15T16:56:50.346+0000] {dag.py:2429} INFO - Sync 1 DAGs
[2022-09-15T16:56:50.363+0000] {logging_mixin.py:115} INFO - [2022-09-15T16:56:50.362+0000] {dag.py:2981} INFO - Setting next_dagrun for example_trigger_target_dag to None, run_after=None
[2022-09-15T16:56:50.373+0000] {processor.py:161} INFO - Processing /home/airflow/.local/lib/python3.7/site-packages/airflow/example_dags/example_trigger_target_dag.py took 0.065 seconds
[2022-09-15T16:57:20.499+0000] {processor.py:153} INFO - Started process (PID=1835) to work on /home/airflow/.local/lib/python3.7/site-packages/airflow/example_dags/example_trigger_target_dag.py
[2022-09-15T16:57:20.501+0000] {processor.py:640} INFO - Processing file /home/airflow/.local/lib/python3.7/site-packages/airflow/example_dags/example_trigger_target_dag.py for tasks to queue
[2022-09-15T16:57:20.502+0000] {logging_mixin.py:115} INFO - [2022-09-15T16:57:20.502+0000] {dagbag.py:508} INFO - Filling up the DagBag from /home/airflow/.local/lib/python3.7/site-packages/airflow/example_dags/example_trigger_target_dag.py
[2022-09-15T16:57:20.514+0000] {processor.py:650} INFO - DAG(s) dict_keys(['example_trigger_target_dag']) retrieved from /home/airflow/.local/lib/python3.7/site-packages/airflow/example_dags/example_trigger_target_dag.py
[2022-09-15T16:57:20.539+0000] {logging_mixin.py:115} INFO - [2022-09-15T16:57:20.539+0000] {dag.py:2429} INFO - Sync 1 DAGs
[2022-09-15T16:57:20.556+0000] {logging_mixin.py:115} INFO - [2022-09-15T16:57:20.556+0000] {dag.py:2981} INFO - Setting next_dagrun for example_trigger_target_dag to None, run_after=None
[2022-09-15T16:57:20.568+0000] {processor.py:161} INFO - Processing /home/airflow/.local/lib/python3.7/site-packages/airflow/example_dags/example_trigger_target_dag.py took 0.072 seconds
[2022-09-15T16:57:50.825+0000] {processor.py:153} INFO - Started process (PID=1905) to work on /home/airflow/.local/lib/python3.7/site-packages/airflow/example_dags/example_trigger_target_dag.py
[2022-09-15T16:57:50.826+0000] {processor.py:640} INFO - Processing file /home/airflow/.local/lib/python3.7/site-packages/airflow/example_dags/example_trigger_target_dag.py for tasks to queue
[2022-09-15T16:57:50.827+0000] {logging_mixin.py:115} INFO - [2022-09-15T16:57:50.827+0000] {dagbag.py:508} INFO - Filling up the DagBag from /home/airflow/.local/lib/python3.7/site-packages/airflow/example_dags/example_trigger_target_dag.py
[2022-09-15T16:57:50.838+0000] {processor.py:650} INFO - DAG(s) dict_keys(['example_trigger_target_dag']) retrieved from /home/airflow/.local/lib/python3.7/site-packages/airflow/example_dags/example_trigger_target_dag.py
[2022-09-15T16:57:50.856+0000] {logging_mixin.py:115} INFO - [2022-09-15T16:57:50.856+0000] {dag.py:2429} INFO - Sync 1 DAGs
[2022-09-15T16:57:50.870+0000] {logging_mixin.py:115} INFO - [2022-09-15T16:57:50.869+0000] {dag.py:2981} INFO - Setting next_dagrun for example_trigger_target_dag to None, run_after=None
[2022-09-15T16:57:50.878+0000] {processor.py:161} INFO - Processing /home/airflow/.local/lib/python3.7/site-packages/airflow/example_dags/example_trigger_target_dag.py took 0.055 seconds
[2022-09-15T16:58:21.694+0000] {processor.py:153} INFO - Started process (PID=1970) to work on /home/airflow/.local/lib/python3.7/site-packages/airflow/example_dags/example_trigger_target_dag.py
[2022-09-15T16:58:21.696+0000] {processor.py:640} INFO - Processing file /home/airflow/.local/lib/python3.7/site-packages/airflow/example_dags/example_trigger_target_dag.py for tasks to queue
[2022-09-15T16:58:21.697+0000] {logging_mixin.py:115} INFO - [2022-09-15T16:58:21.697+0000] {dagbag.py:508} INFO - Filling up the DagBag from /home/airflow/.local/lib/python3.7/site-packages/airflow/example_dags/example_trigger_target_dag.py
[2022-09-15T16:58:21.708+0000] {processor.py:650} INFO - DAG(s) dict_keys(['example_trigger_target_dag']) retrieved from /home/airflow/.local/lib/python3.7/site-packages/airflow/example_dags/example_trigger_target_dag.py
[2022-09-15T16:58:21.727+0000] {logging_mixin.py:115} INFO - [2022-09-15T16:58:21.726+0000] {dag.py:2429} INFO - Sync 1 DAGs
[2022-09-15T16:58:21.743+0000] {logging_mixin.py:115} INFO - [2022-09-15T16:58:21.743+0000] {dag.py:2981} INFO - Setting next_dagrun for example_trigger_target_dag to None, run_after=None
[2022-09-15T16:58:21.765+0000] {processor.py:161} INFO - Processing /home/airflow/.local/lib/python3.7/site-packages/airflow/example_dags/example_trigger_target_dag.py took 0.074 seconds
[2022-09-15T16:58:51.793+0000] {processor.py:153} INFO - Started process (PID=2027) to work on /home/airflow/.local/lib/python3.7/site-packages/airflow/example_dags/example_trigger_target_dag.py
[2022-09-15T16:58:51.795+0000] {processor.py:640} INFO - Processing file /home/airflow/.local/lib/python3.7/site-packages/airflow/example_dags/example_trigger_target_dag.py for tasks to queue
[2022-09-15T16:58:51.796+0000] {logging_mixin.py:115} INFO - [2022-09-15T16:58:51.796+0000] {dagbag.py:508} INFO - Filling up the DagBag from /home/airflow/.local/lib/python3.7/site-packages/airflow/example_dags/example_trigger_target_dag.py
[2022-09-15T16:58:51.805+0000] {processor.py:650} INFO - DAG(s) dict_keys(['example_trigger_target_dag']) retrieved from /home/airflow/.local/lib/python3.7/site-packages/airflow/example_dags/example_trigger_target_dag.py
[2022-09-15T16:58:51.822+0000] {logging_mixin.py:115} INFO - [2022-09-15T16:58:51.822+0000] {dag.py:2429} INFO - Sync 1 DAGs
[2022-09-15T16:58:51.837+0000] {logging_mixin.py:115} INFO - [2022-09-15T16:58:51.837+0000] {dag.py:2981} INFO - Setting next_dagrun for example_trigger_target_dag to None, run_after=None
[2022-09-15T16:58:51.845+0000] {processor.py:161} INFO - Processing /home/airflow/.local/lib/python3.7/site-packages/airflow/example_dags/example_trigger_target_dag.py took 0.054 seconds
[2022-09-15T16:59:21.908+0000] {processor.py:153} INFO - Started process (PID=2096) to work on /home/airflow/.local/lib/python3.7/site-packages/airflow/example_dags/example_trigger_target_dag.py
[2022-09-15T16:59:21.910+0000] {processor.py:640} INFO - Processing file /home/airflow/.local/lib/python3.7/site-packages/airflow/example_dags/example_trigger_target_dag.py for tasks to queue
[2022-09-15T16:59:21.911+0000] {logging_mixin.py:115} INFO - [2022-09-15T16:59:21.911+0000] {dagbag.py:508} INFO - Filling up the DagBag from /home/airflow/.local/lib/python3.7/site-packages/airflow/example_dags/example_trigger_target_dag.py
[2022-09-15T16:59:21.922+0000] {processor.py:650} INFO - DAG(s) dict_keys(['example_trigger_target_dag']) retrieved from /home/airflow/.local/lib/python3.7/site-packages/airflow/example_dags/example_trigger_target_dag.py
[2022-09-15T16:59:21.941+0000] {logging_mixin.py:115} INFO - [2022-09-15T16:59:21.941+0000] {dag.py:2429} INFO - Sync 1 DAGs
[2022-09-15T16:59:21.955+0000] {logging_mixin.py:115} INFO - [2022-09-15T16:59:21.955+0000] {dag.py:2981} INFO - Setting next_dagrun for example_trigger_target_dag to None, run_after=None
[2022-09-15T16:59:21.963+0000] {processor.py:161} INFO - Processing /home/airflow/.local/lib/python3.7/site-packages/airflow/example_dags/example_trigger_target_dag.py took 0.058 seconds
[2022-09-15T16:59:52.924+0000] {processor.py:153} INFO - Started process (PID=2163) to work on /home/airflow/.local/lib/python3.7/site-packages/airflow/example_dags/example_trigger_target_dag.py
[2022-09-15T16:59:52.929+0000] {processor.py:640} INFO - Processing file /home/airflow/.local/lib/python3.7/site-packages/airflow/example_dags/example_trigger_target_dag.py for tasks to queue
[2022-09-15T16:59:52.930+0000] {logging_mixin.py:115} INFO - [2022-09-15T16:59:52.930+0000] {dagbag.py:508} INFO - Filling up the DagBag from /home/airflow/.local/lib/python3.7/site-packages/airflow/example_dags/example_trigger_target_dag.py
[2022-09-15T16:59:52.943+0000] {processor.py:650} INFO - DAG(s) dict_keys(['example_trigger_target_dag']) retrieved from /home/airflow/.local/lib/python3.7/site-packages/airflow/example_dags/example_trigger_target_dag.py
[2022-09-15T16:59:52.961+0000] {logging_mixin.py:115} INFO - [2022-09-15T16:59:52.961+0000] {dag.py:2429} INFO - Sync 1 DAGs
[2022-09-15T16:59:52.976+0000] {logging_mixin.py:115} INFO - [2022-09-15T16:59:52.976+0000] {dag.py:2981} INFO - Setting next_dagrun for example_trigger_target_dag to None, run_after=None
[2022-09-15T16:59:52.986+0000] {processor.py:161} INFO - Processing /home/airflow/.local/lib/python3.7/site-packages/airflow/example_dags/example_trigger_target_dag.py took 0.066 seconds
[2022-09-15T17:00:23.050+0000] {processor.py:153} INFO - Started process (PID=2236) to work on /home/airflow/.local/lib/python3.7/site-packages/airflow/example_dags/example_trigger_target_dag.py
[2022-09-15T17:00:23.051+0000] {processor.py:640} INFO - Processing file /home/airflow/.local/lib/python3.7/site-packages/airflow/example_dags/example_trigger_target_dag.py for tasks to queue
[2022-09-15T17:00:23.052+0000] {logging_mixin.py:115} INFO - [2022-09-15T17:00:23.052+0000] {dagbag.py:508} INFO - Filling up the DagBag from /home/airflow/.local/lib/python3.7/site-packages/airflow/example_dags/example_trigger_target_dag.py
[2022-09-15T17:00:23.063+0000] {processor.py:650} INFO - DAG(s) dict_keys(['example_trigger_target_dag']) retrieved from /home/airflow/.local/lib/python3.7/site-packages/airflow/example_dags/example_trigger_target_dag.py
[2022-09-15T17:00:23.081+0000] {logging_mixin.py:115} INFO - [2022-09-15T17:00:23.081+0000] {dag.py:2429} INFO - Sync 1 DAGs
[2022-09-15T17:00:23.096+0000] {logging_mixin.py:115} INFO - [2022-09-15T17:00:23.096+0000] {dag.py:2981} INFO - Setting next_dagrun for example_trigger_target_dag to None, run_after=None
[2022-09-15T17:00:23.105+0000] {processor.py:161} INFO - Processing /home/airflow/.local/lib/python3.7/site-packages/airflow/example_dags/example_trigger_target_dag.py took 0.061 seconds
[2022-09-15T17:00:53.275+0000] {processor.py:153} INFO - Started process (PID=2295) to work on /home/airflow/.local/lib/python3.7/site-packages/airflow/example_dags/example_trigger_target_dag.py
[2022-09-15T17:00:53.278+0000] {processor.py:640} INFO - Processing file /home/airflow/.local/lib/python3.7/site-packages/airflow/example_dags/example_trigger_target_dag.py for tasks to queue
[2022-09-15T17:00:53.279+0000] {logging_mixin.py:115} INFO - [2022-09-15T17:00:53.279+0000] {dagbag.py:508} INFO - Filling up the DagBag from /home/airflow/.local/lib/python3.7/site-packages/airflow/example_dags/example_trigger_target_dag.py
[2022-09-15T17:00:53.290+0000] {processor.py:650} INFO - DAG(s) dict_keys(['example_trigger_target_dag']) retrieved from /home/airflow/.local/lib/python3.7/site-packages/airflow/example_dags/example_trigger_target_dag.py
[2022-09-15T17:00:53.310+0000] {logging_mixin.py:115} INFO - [2022-09-15T17:00:53.310+0000] {dag.py:2429} INFO - Sync 1 DAGs
[2022-09-15T17:00:53.325+0000] {logging_mixin.py:115} INFO - [2022-09-15T17:00:53.325+0000] {dag.py:2981} INFO - Setting next_dagrun for example_trigger_target_dag to None, run_after=None
[2022-09-15T17:00:53.334+0000] {processor.py:161} INFO - Processing /home/airflow/.local/lib/python3.7/site-packages/airflow/example_dags/example_trigger_target_dag.py took 0.062 seconds
[2022-09-15T17:01:24.288+0000] {processor.py:153} INFO - Started process (PID=2359) to work on /home/airflow/.local/lib/python3.7/site-packages/airflow/example_dags/example_trigger_target_dag.py
[2022-09-15T17:01:24.290+0000] {processor.py:640} INFO - Processing file /home/airflow/.local/lib/python3.7/site-packages/airflow/example_dags/example_trigger_target_dag.py for tasks to queue
[2022-09-15T17:01:24.292+0000] {logging_mixin.py:115} INFO - [2022-09-15T17:01:24.292+0000] {dagbag.py:508} INFO - Filling up the DagBag from /home/airflow/.local/lib/python3.7/site-packages/airflow/example_dags/example_trigger_target_dag.py
[2022-09-15T17:01:24.304+0000] {processor.py:650} INFO - DAG(s) dict_keys(['example_trigger_target_dag']) retrieved from /home/airflow/.local/lib/python3.7/site-packages/airflow/example_dags/example_trigger_target_dag.py
[2022-09-15T17:01:24.322+0000] {logging_mixin.py:115} INFO - [2022-09-15T17:01:24.322+0000] {dag.py:2429} INFO - Sync 1 DAGs
[2022-09-15T17:01:24.337+0000] {logging_mixin.py:115} INFO - [2022-09-15T17:01:24.337+0000] {dag.py:2981} INFO - Setting next_dagrun for example_trigger_target_dag to None, run_after=None
[2022-09-15T17:01:24.347+0000] {processor.py:161} INFO - Processing /home/airflow/.local/lib/python3.7/site-packages/airflow/example_dags/example_trigger_target_dag.py took 0.062 seconds
[2022-09-15T17:01:55.256+0000] {processor.py:153} INFO - Started process (PID=2428) to work on /home/airflow/.local/lib/python3.7/site-packages/airflow/example_dags/example_trigger_target_dag.py
[2022-09-15T17:01:55.294+0000] {processor.py:640} INFO - Processing file /home/airflow/.local/lib/python3.7/site-packages/airflow/example_dags/example_trigger_target_dag.py for tasks to queue
[2022-09-15T17:01:55.296+0000] {logging_mixin.py:115} INFO - [2022-09-15T17:01:55.296+0000] {dagbag.py:508} INFO - Filling up the DagBag from /home/airflow/.local/lib/python3.7/site-packages/airflow/example_dags/example_trigger_target_dag.py
[2022-09-15T17:01:55.308+0000] {processor.py:650} INFO - DAG(s) dict_keys(['example_trigger_target_dag']) retrieved from /home/airflow/.local/lib/python3.7/site-packages/airflow/example_dags/example_trigger_target_dag.py
[2022-09-15T17:01:55.329+0000] {logging_mixin.py:115} INFO - [2022-09-15T17:01:55.329+0000] {dag.py:2429} INFO - Sync 1 DAGs
[2022-09-15T17:01:55.350+0000] {logging_mixin.py:115} INFO - [2022-09-15T17:01:55.349+0000] {dag.py:2981} INFO - Setting next_dagrun for example_trigger_target_dag to None, run_after=None
[2022-09-15T17:01:55.366+0000] {processor.py:161} INFO - Processing /home/airflow/.local/lib/python3.7/site-packages/airflow/example_dags/example_trigger_target_dag.py took 0.114 seconds
[2022-09-15T17:02:25.603+0000] {processor.py:153} INFO - Started process (PID=2497) to work on /home/airflow/.local/lib/python3.7/site-packages/airflow/example_dags/example_trigger_target_dag.py
[2022-09-15T17:02:25.606+0000] {processor.py:640} INFO - Processing file /home/airflow/.local/lib/python3.7/site-packages/airflow/example_dags/example_trigger_target_dag.py for tasks to queue
[2022-09-15T17:02:25.608+0000] {logging_mixin.py:115} INFO - [2022-09-15T17:02:25.608+0000] {dagbag.py:508} INFO - Filling up the DagBag from /home/airflow/.local/lib/python3.7/site-packages/airflow/example_dags/example_trigger_target_dag.py
[2022-09-15T17:02:25.621+0000] {processor.py:650} INFO - DAG(s) dict_keys(['example_trigger_target_dag']) retrieved from /home/airflow/.local/lib/python3.7/site-packages/airflow/example_dags/example_trigger_target_dag.py
[2022-09-15T17:02:25.647+0000] {logging_mixin.py:115} INFO - [2022-09-15T17:02:25.647+0000] {dag.py:2429} INFO - Sync 1 DAGs
[2022-09-15T17:02:25.667+0000] {logging_mixin.py:115} INFO - [2022-09-15T17:02:25.667+0000] {dag.py:2981} INFO - Setting next_dagrun for example_trigger_target_dag to None, run_after=None
[2022-09-15T17:02:25.677+0000] {processor.py:161} INFO - Processing /home/airflow/.local/lib/python3.7/site-packages/airflow/example_dags/example_trigger_target_dag.py took 0.077 seconds
[2022-09-15T17:02:55.754+0000] {processor.py:153} INFO - Started process (PID=2565) to work on /home/airflow/.local/lib/python3.7/site-packages/airflow/example_dags/example_trigger_target_dag.py
[2022-09-15T17:02:55.755+0000] {processor.py:640} INFO - Processing file /home/airflow/.local/lib/python3.7/site-packages/airflow/example_dags/example_trigger_target_dag.py for tasks to queue
[2022-09-15T17:02:55.756+0000] {logging_mixin.py:115} INFO - [2022-09-15T17:02:55.756+0000] {dagbag.py:508} INFO - Filling up the DagBag from /home/airflow/.local/lib/python3.7/site-packages/airflow/example_dags/example_trigger_target_dag.py
[2022-09-15T17:02:55.781+0000] {processor.py:650} INFO - DAG(s) dict_keys(['example_trigger_target_dag']) retrieved from /home/airflow/.local/lib/python3.7/site-packages/airflow/example_dags/example_trigger_target_dag.py
[2022-09-15T17:02:55.810+0000] {logging_mixin.py:115} INFO - [2022-09-15T17:02:55.810+0000] {dag.py:2429} INFO - Sync 1 DAGs
[2022-09-15T17:02:55.831+0000] {logging_mixin.py:115} INFO - [2022-09-15T17:02:55.831+0000] {dag.py:2981} INFO - Setting next_dagrun for example_trigger_target_dag to None, run_after=None
[2022-09-15T17:02:55.840+0000] {processor.py:161} INFO - Processing /home/airflow/.local/lib/python3.7/site-packages/airflow/example_dags/example_trigger_target_dag.py took 0.089 seconds
[2022-09-15T17:03:25.957+0000] {processor.py:153} INFO - Started process (PID=2625) to work on /home/airflow/.local/lib/python3.7/site-packages/airflow/example_dags/example_trigger_target_dag.py
[2022-09-15T17:03:25.959+0000] {processor.py:640} INFO - Processing file /home/airflow/.local/lib/python3.7/site-packages/airflow/example_dags/example_trigger_target_dag.py for tasks to queue
[2022-09-15T17:03:25.961+0000] {logging_mixin.py:115} INFO - [2022-09-15T17:03:25.961+0000] {dagbag.py:508} INFO - Filling up the DagBag from /home/airflow/.local/lib/python3.7/site-packages/airflow/example_dags/example_trigger_target_dag.py
[2022-09-15T17:03:25.972+0000] {processor.py:650} INFO - DAG(s) dict_keys(['example_trigger_target_dag']) retrieved from /home/airflow/.local/lib/python3.7/site-packages/airflow/example_dags/example_trigger_target_dag.py
[2022-09-15T17:03:25.994+0000] {logging_mixin.py:115} INFO - [2022-09-15T17:03:25.994+0000] {dag.py:2429} INFO - Sync 1 DAGs
[2022-09-15T17:03:26.010+0000] {logging_mixin.py:115} INFO - [2022-09-15T17:03:26.010+0000] {dag.py:2981} INFO - Setting next_dagrun for example_trigger_target_dag to None, run_after=None
[2022-09-15T17:03:26.020+0000] {processor.py:161} INFO - Processing /home/airflow/.local/lib/python3.7/site-packages/airflow/example_dags/example_trigger_target_dag.py took 0.066 seconds
[2022-09-15T17:03:56.196+0000] {processor.py:153} INFO - Started process (PID=2693) to work on /home/airflow/.local/lib/python3.7/site-packages/airflow/example_dags/example_trigger_target_dag.py
[2022-09-15T17:03:56.198+0000] {processor.py:640} INFO - Processing file /home/airflow/.local/lib/python3.7/site-packages/airflow/example_dags/example_trigger_target_dag.py for tasks to queue
[2022-09-15T17:03:56.199+0000] {logging_mixin.py:115} INFO - [2022-09-15T17:03:56.199+0000] {dagbag.py:508} INFO - Filling up the DagBag from /home/airflow/.local/lib/python3.7/site-packages/airflow/example_dags/example_trigger_target_dag.py
[2022-09-15T17:03:56.211+0000] {processor.py:650} INFO - DAG(s) dict_keys(['example_trigger_target_dag']) retrieved from /home/airflow/.local/lib/python3.7/site-packages/airflow/example_dags/example_trigger_target_dag.py
[2022-09-15T17:03:56.231+0000] {logging_mixin.py:115} INFO - [2022-09-15T17:03:56.230+0000] {dag.py:2429} INFO - Sync 1 DAGs
[2022-09-15T17:03:56.245+0000] {logging_mixin.py:115} INFO - [2022-09-15T17:03:56.245+0000] {dag.py:2981} INFO - Setting next_dagrun for example_trigger_target_dag to None, run_after=None
[2022-09-15T17:03:56.254+0000] {processor.py:161} INFO - Processing /home/airflow/.local/lib/python3.7/site-packages/airflow/example_dags/example_trigger_target_dag.py took 0.062 seconds
[2022-09-15T17:04:26.477+0000] {processor.py:153} INFO - Started process (PID=2761) to work on /home/airflow/.local/lib/python3.7/site-packages/airflow/example_dags/example_trigger_target_dag.py
[2022-09-15T17:04:26.479+0000] {processor.py:640} INFO - Processing file /home/airflow/.local/lib/python3.7/site-packages/airflow/example_dags/example_trigger_target_dag.py for tasks to queue
[2022-09-15T17:04:26.481+0000] {logging_mixin.py:115} INFO - [2022-09-15T17:04:26.481+0000] {dagbag.py:508} INFO - Filling up the DagBag from /home/airflow/.local/lib/python3.7/site-packages/airflow/example_dags/example_trigger_target_dag.py
[2022-09-15T17:04:26.494+0000] {processor.py:650} INFO - DAG(s) dict_keys(['example_trigger_target_dag']) retrieved from /home/airflow/.local/lib/python3.7/site-packages/airflow/example_dags/example_trigger_target_dag.py
[2022-09-15T17:04:26.515+0000] {logging_mixin.py:115} INFO - [2022-09-15T17:04:26.515+0000] {dag.py:2429} INFO - Sync 1 DAGs
[2022-09-15T17:04:26.529+0000] {logging_mixin.py:115} INFO - [2022-09-15T17:04:26.529+0000] {dag.py:2981} INFO - Setting next_dagrun for example_trigger_target_dag to None, run_after=None
[2022-09-15T17:04:26.538+0000] {processor.py:161} INFO - Processing /home/airflow/.local/lib/python3.7/site-packages/airflow/example_dags/example_trigger_target_dag.py took 0.065 seconds
[2022-09-15T17:04:56.649+0000] {processor.py:153} INFO - Started process (PID=2829) to work on /home/airflow/.local/lib/python3.7/site-packages/airflow/example_dags/example_trigger_target_dag.py
[2022-09-15T17:04:56.651+0000] {processor.py:640} INFO - Processing file /home/airflow/.local/lib/python3.7/site-packages/airflow/example_dags/example_trigger_target_dag.py for tasks to queue
[2022-09-15T17:04:56.652+0000] {logging_mixin.py:115} INFO - [2022-09-15T17:04:56.652+0000] {dagbag.py:508} INFO - Filling up the DagBag from /home/airflow/.local/lib/python3.7/site-packages/airflow/example_dags/example_trigger_target_dag.py
[2022-09-15T17:04:56.662+0000] {processor.py:650} INFO - DAG(s) dict_keys(['example_trigger_target_dag']) retrieved from /home/airflow/.local/lib/python3.7/site-packages/airflow/example_dags/example_trigger_target_dag.py
[2022-09-15T17:04:56.682+0000] {logging_mixin.py:115} INFO - [2022-09-15T17:04:56.682+0000] {dag.py:2429} INFO - Sync 1 DAGs
[2022-09-15T17:04:56.698+0000] {logging_mixin.py:115} INFO - [2022-09-15T17:04:56.698+0000] {dag.py:2981} INFO - Setting next_dagrun for example_trigger_target_dag to None, run_after=None
[2022-09-15T17:04:56.706+0000] {processor.py:161} INFO - Processing /home/airflow/.local/lib/python3.7/site-packages/airflow/example_dags/example_trigger_target_dag.py took 0.059 seconds
