[2022-09-15T16:43:25.787+0000] {processor.py:153} INFO - Started process (PID=40) to work on /home/airflow/.local/lib/python3.7/site-packages/airflow/example_dags/example_xcomargs.py
[2022-09-15T16:43:25.790+0000] {processor.py:640} INFO - Processing file /home/airflow/.local/lib/python3.7/site-packages/airflow/example_dags/example_xcomargs.py for tasks to queue
[2022-09-15T16:43:25.791+0000] {logging_mixin.py:115} INFO - [2022-09-15T16:43:25.791+0000] {dagbag.py:508} INFO - Filling up the DagBag from /home/airflow/.local/lib/python3.7/site-packages/airflow/example_dags/example_xcomargs.py
[2022-09-15T16:43:25.821+0000] {processor.py:650} INFO - DAG(s) dict_keys(['example_xcom_args', 'example_xcom_args_with_operators']) retrieved from /home/airflow/.local/lib/python3.7/site-packages/airflow/example_dags/example_xcomargs.py
[2022-09-15T16:43:26.031+0000] {logging_mixin.py:115} INFO - [2022-09-15T16:43:26.031+0000] {manager.py:508} INFO - Created Permission View: can delete on DAG:example_xcom_args
[2022-09-15T16:43:26.073+0000] {logging_mixin.py:115} INFO - [2022-09-15T16:43:26.073+0000] {manager.py:508} INFO - Created Permission View: can read on DAG:example_xcom_args
[2022-09-15T16:43:26.095+0000] {logging_mixin.py:115} INFO - [2022-09-15T16:43:26.095+0000] {manager.py:508} INFO - Created Permission View: can edit on DAG:example_xcom_args
[2022-09-15T16:43:26.141+0000] {logging_mixin.py:115} INFO - [2022-09-15T16:43:26.141+0000] {manager.py:508} INFO - Created Permission View: can delete on DAG:example_xcom_args_with_operators
[2022-09-15T16:43:26.158+0000] {logging_mixin.py:115} INFO - [2022-09-15T16:43:26.158+0000] {manager.py:508} INFO - Created Permission View: can read on DAG:example_xcom_args_with_operators
[2022-09-15T16:43:26.170+0000] {logging_mixin.py:115} INFO - [2022-09-15T16:43:26.170+0000] {manager.py:508} INFO - Created Permission View: can edit on DAG:example_xcom_args_with_operators
[2022-09-15T16:43:26.171+0000] {logging_mixin.py:115} INFO - [2022-09-15T16:43:26.171+0000] {dag.py:2429} INFO - Sync 2 DAGs
[2022-09-15T16:43:26.191+0000] {logging_mixin.py:115} INFO - [2022-09-15T16:43:26.191+0000] {dag.py:2448} INFO - Creating ORM DAG for example_xcom_args_with_operators
[2022-09-15T16:43:26.193+0000] {logging_mixin.py:115} INFO - [2022-09-15T16:43:26.193+0000] {dag.py:2448} INFO - Creating ORM DAG for example_xcom_args
[2022-09-15T16:43:26.205+0000] {logging_mixin.py:115} INFO - [2022-09-15T16:43:26.205+0000] {dag.py:2981} INFO - Setting next_dagrun for example_xcom_args to None, run_after=None
[2022-09-15T16:43:26.210+0000] {logging_mixin.py:115} INFO - [2022-09-15T16:43:26.209+0000] {dag.py:2981} INFO - Setting next_dagrun for example_xcom_args_with_operators to None, run_after=None
[2022-09-15T16:43:26.248+0000] {processor.py:161} INFO - Processing /home/airflow/.local/lib/python3.7/site-packages/airflow/example_dags/example_xcomargs.py took 0.465 seconds
[2022-09-15T16:43:56.626+0000] {processor.py:153} INFO - Started process (PID=106) to work on /home/airflow/.local/lib/python3.7/site-packages/airflow/example_dags/example_xcomargs.py
[2022-09-15T16:43:56.629+0000] {processor.py:640} INFO - Processing file /home/airflow/.local/lib/python3.7/site-packages/airflow/example_dags/example_xcomargs.py for tasks to queue
[2022-09-15T16:43:56.631+0000] {logging_mixin.py:115} INFO - [2022-09-15T16:43:56.631+0000] {dagbag.py:508} INFO - Filling up the DagBag from /home/airflow/.local/lib/python3.7/site-packages/airflow/example_dags/example_xcomargs.py
[2022-09-15T16:43:56.646+0000] {processor.py:650} INFO - DAG(s) dict_keys(['example_xcom_args', 'example_xcom_args_with_operators']) retrieved from /home/airflow/.local/lib/python3.7/site-packages/airflow/example_dags/example_xcomargs.py
[2022-09-15T16:43:56.728+0000] {logging_mixin.py:115} INFO - [2022-09-15T16:43:56.728+0000] {dag.py:2429} INFO - Sync 2 DAGs
[2022-09-15T16:43:56.745+0000] {logging_mixin.py:115} INFO - [2022-09-15T16:43:56.745+0000] {dag.py:2981} INFO - Setting next_dagrun for example_xcom_args to None, run_after=None
[2022-09-15T16:43:56.746+0000] {logging_mixin.py:115} INFO - [2022-09-15T16:43:56.746+0000] {dag.py:2981} INFO - Setting next_dagrun for example_xcom_args_with_operators to None, run_after=None
[2022-09-15T16:43:56.757+0000] {processor.py:161} INFO - Processing /home/airflow/.local/lib/python3.7/site-packages/airflow/example_dags/example_xcomargs.py took 0.133 seconds
[2022-09-15T16:44:26.840+0000] {processor.py:153} INFO - Started process (PID=172) to work on /home/airflow/.local/lib/python3.7/site-packages/airflow/example_dags/example_xcomargs.py
[2022-09-15T16:44:26.841+0000] {processor.py:640} INFO - Processing file /home/airflow/.local/lib/python3.7/site-packages/airflow/example_dags/example_xcomargs.py for tasks to queue
[2022-09-15T16:44:26.842+0000] {logging_mixin.py:115} INFO - [2022-09-15T16:44:26.842+0000] {dagbag.py:508} INFO - Filling up the DagBag from /home/airflow/.local/lib/python3.7/site-packages/airflow/example_dags/example_xcomargs.py
[2022-09-15T16:44:26.855+0000] {processor.py:650} INFO - DAG(s) dict_keys(['example_xcom_args', 'example_xcom_args_with_operators']) retrieved from /home/airflow/.local/lib/python3.7/site-packages/airflow/example_dags/example_xcomargs.py
[2022-09-15T16:44:26.909+0000] {logging_mixin.py:115} INFO - [2022-09-15T16:44:26.909+0000] {dag.py:2429} INFO - Sync 2 DAGs
[2022-09-15T16:44:26.927+0000] {logging_mixin.py:115} INFO - [2022-09-15T16:44:26.927+0000] {dag.py:2981} INFO - Setting next_dagrun for example_xcom_args to None, run_after=None
[2022-09-15T16:44:26.928+0000] {logging_mixin.py:115} INFO - [2022-09-15T16:44:26.928+0000] {dag.py:2981} INFO - Setting next_dagrun for example_xcom_args_with_operators to None, run_after=None
[2022-09-15T16:44:26.938+0000] {processor.py:161} INFO - Processing /home/airflow/.local/lib/python3.7/site-packages/airflow/example_dags/example_xcomargs.py took 0.101 seconds
[2022-09-15T16:44:57.038+0000] {processor.py:153} INFO - Started process (PID=229) to work on /home/airflow/.local/lib/python3.7/site-packages/airflow/example_dags/example_xcomargs.py
[2022-09-15T16:44:57.039+0000] {processor.py:640} INFO - Processing file /home/airflow/.local/lib/python3.7/site-packages/airflow/example_dags/example_xcomargs.py for tasks to queue
[2022-09-15T16:44:57.041+0000] {logging_mixin.py:115} INFO - [2022-09-15T16:44:57.040+0000] {dagbag.py:508} INFO - Filling up the DagBag from /home/airflow/.local/lib/python3.7/site-packages/airflow/example_dags/example_xcomargs.py
[2022-09-15T16:44:57.052+0000] {processor.py:650} INFO - DAG(s) dict_keys(['example_xcom_args', 'example_xcom_args_with_operators']) retrieved from /home/airflow/.local/lib/python3.7/site-packages/airflow/example_dags/example_xcomargs.py
[2022-09-15T16:44:57.096+0000] {logging_mixin.py:115} INFO - [2022-09-15T16:44:57.095+0000] {dag.py:2429} INFO - Sync 2 DAGs
[2022-09-15T16:44:57.107+0000] {logging_mixin.py:115} INFO - [2022-09-15T16:44:57.107+0000] {dag.py:2981} INFO - Setting next_dagrun for example_xcom_args to None, run_after=None
[2022-09-15T16:44:57.108+0000] {logging_mixin.py:115} INFO - [2022-09-15T16:44:57.108+0000] {dag.py:2981} INFO - Setting next_dagrun for example_xcom_args_with_operators to None, run_after=None
[2022-09-15T16:44:57.118+0000] {processor.py:161} INFO - Processing /home/airflow/.local/lib/python3.7/site-packages/airflow/example_dags/example_xcomargs.py took 0.083 seconds
[2022-09-15T16:45:27.342+0000] {processor.py:153} INFO - Started process (PID=296) to work on /home/airflow/.local/lib/python3.7/site-packages/airflow/example_dags/example_xcomargs.py
[2022-09-15T16:45:27.344+0000] {processor.py:640} INFO - Processing file /home/airflow/.local/lib/python3.7/site-packages/airflow/example_dags/example_xcomargs.py for tasks to queue
[2022-09-15T16:45:27.345+0000] {logging_mixin.py:115} INFO - [2022-09-15T16:45:27.345+0000] {dagbag.py:508} INFO - Filling up the DagBag from /home/airflow/.local/lib/python3.7/site-packages/airflow/example_dags/example_xcomargs.py
[2022-09-15T16:45:27.359+0000] {processor.py:650} INFO - DAG(s) dict_keys(['example_xcom_args', 'example_xcom_args_with_operators']) retrieved from /home/airflow/.local/lib/python3.7/site-packages/airflow/example_dags/example_xcomargs.py
[2022-09-15T16:45:27.402+0000] {logging_mixin.py:115} INFO - [2022-09-15T16:45:27.402+0000] {dag.py:2429} INFO - Sync 2 DAGs
[2022-09-15T16:45:27.414+0000] {logging_mixin.py:115} INFO - [2022-09-15T16:45:27.414+0000] {dag.py:2981} INFO - Setting next_dagrun for example_xcom_args to None, run_after=None
[2022-09-15T16:45:27.416+0000] {logging_mixin.py:115} INFO - [2022-09-15T16:45:27.416+0000] {dag.py:2981} INFO - Setting next_dagrun for example_xcom_args_with_operators to None, run_after=None
[2022-09-15T16:45:27.425+0000] {processor.py:161} INFO - Processing /home/airflow/.local/lib/python3.7/site-packages/airflow/example_dags/example_xcomargs.py took 0.085 seconds
[2022-09-15T16:45:58.331+0000] {processor.py:153} INFO - Started process (PID=362) to work on /home/airflow/.local/lib/python3.7/site-packages/airflow/example_dags/example_xcomargs.py
[2022-09-15T16:45:58.332+0000] {processor.py:640} INFO - Processing file /home/airflow/.local/lib/python3.7/site-packages/airflow/example_dags/example_xcomargs.py for tasks to queue
[2022-09-15T16:45:58.333+0000] {logging_mixin.py:115} INFO - [2022-09-15T16:45:58.333+0000] {dagbag.py:508} INFO - Filling up the DagBag from /home/airflow/.local/lib/python3.7/site-packages/airflow/example_dags/example_xcomargs.py
[2022-09-15T16:45:58.345+0000] {processor.py:650} INFO - DAG(s) dict_keys(['example_xcom_args', 'example_xcom_args_with_operators']) retrieved from /home/airflow/.local/lib/python3.7/site-packages/airflow/example_dags/example_xcomargs.py
[2022-09-15T16:45:58.392+0000] {logging_mixin.py:115} INFO - [2022-09-15T16:45:58.392+0000] {dag.py:2429} INFO - Sync 2 DAGs
[2022-09-15T16:45:58.405+0000] {logging_mixin.py:115} INFO - [2022-09-15T16:45:58.405+0000] {dag.py:2981} INFO - Setting next_dagrun for example_xcom_args to None, run_after=None
[2022-09-15T16:45:58.406+0000] {logging_mixin.py:115} INFO - [2022-09-15T16:45:58.406+0000] {dag.py:2981} INFO - Setting next_dagrun for example_xcom_args_with_operators to None, run_after=None
[2022-09-15T16:45:58.416+0000] {processor.py:161} INFO - Processing /home/airflow/.local/lib/python3.7/site-packages/airflow/example_dags/example_xcomargs.py took 0.087 seconds
[2022-09-15T16:46:29.352+0000] {processor.py:153} INFO - Started process (PID=428) to work on /home/airflow/.local/lib/python3.7/site-packages/airflow/example_dags/example_xcomargs.py
[2022-09-15T16:46:29.354+0000] {processor.py:640} INFO - Processing file /home/airflow/.local/lib/python3.7/site-packages/airflow/example_dags/example_xcomargs.py for tasks to queue
[2022-09-15T16:46:29.355+0000] {logging_mixin.py:115} INFO - [2022-09-15T16:46:29.355+0000] {dagbag.py:508} INFO - Filling up the DagBag from /home/airflow/.local/lib/python3.7/site-packages/airflow/example_dags/example_xcomargs.py
[2022-09-15T16:46:29.367+0000] {processor.py:650} INFO - DAG(s) dict_keys(['example_xcom_args', 'example_xcom_args_with_operators']) retrieved from /home/airflow/.local/lib/python3.7/site-packages/airflow/example_dags/example_xcomargs.py
[2022-09-15T16:46:29.421+0000] {logging_mixin.py:115} INFO - [2022-09-15T16:46:29.421+0000] {dag.py:2429} INFO - Sync 2 DAGs
[2022-09-15T16:46:29.435+0000] {logging_mixin.py:115} INFO - [2022-09-15T16:46:29.435+0000] {dag.py:2981} INFO - Setting next_dagrun for example_xcom_args to None, run_after=None
[2022-09-15T16:46:29.436+0000] {logging_mixin.py:115} INFO - [2022-09-15T16:46:29.436+0000] {dag.py:2981} INFO - Setting next_dagrun for example_xcom_args_with_operators to None, run_after=None
[2022-09-15T16:46:29.446+0000] {processor.py:161} INFO - Processing /home/airflow/.local/lib/python3.7/site-packages/airflow/example_dags/example_xcomargs.py took 0.096 seconds
[2022-09-15T16:47:00.237+0000] {processor.py:153} INFO - Started process (PID=497) to work on /home/airflow/.local/lib/python3.7/site-packages/airflow/example_dags/example_xcomargs.py
[2022-09-15T16:47:00.239+0000] {processor.py:640} INFO - Processing file /home/airflow/.local/lib/python3.7/site-packages/airflow/example_dags/example_xcomargs.py for tasks to queue
[2022-09-15T16:47:00.241+0000] {logging_mixin.py:115} INFO - [2022-09-15T16:47:00.241+0000] {dagbag.py:508} INFO - Filling up the DagBag from /home/airflow/.local/lib/python3.7/site-packages/airflow/example_dags/example_xcomargs.py
[2022-09-15T16:47:00.253+0000] {processor.py:650} INFO - DAG(s) dict_keys(['example_xcom_args', 'example_xcom_args_with_operators']) retrieved from /home/airflow/.local/lib/python3.7/site-packages/airflow/example_dags/example_xcomargs.py
[2022-09-15T16:47:00.275+0000] {logging_mixin.py:115} INFO - [2022-09-15T16:47:00.275+0000] {dag.py:2429} INFO - Sync 2 DAGs
[2022-09-15T16:47:00.291+0000] {logging_mixin.py:115} INFO - [2022-09-15T16:47:00.291+0000] {dag.py:2981} INFO - Setting next_dagrun for example_xcom_args to None, run_after=None
[2022-09-15T16:47:00.293+0000] {logging_mixin.py:115} INFO - [2022-09-15T16:47:00.293+0000] {dag.py:2981} INFO - Setting next_dagrun for example_xcom_args_with_operators to None, run_after=None
[2022-09-15T16:47:00.302+0000] {processor.py:161} INFO - Processing /home/airflow/.local/lib/python3.7/site-packages/airflow/example_dags/example_xcomargs.py took 0.070 seconds
[2022-09-15T16:47:31.238+0000] {processor.py:153} INFO - Started process (PID=565) to work on /home/airflow/.local/lib/python3.7/site-packages/airflow/example_dags/example_xcomargs.py
[2022-09-15T16:47:31.240+0000] {processor.py:640} INFO - Processing file /home/airflow/.local/lib/python3.7/site-packages/airflow/example_dags/example_xcomargs.py for tasks to queue
[2022-09-15T16:47:31.241+0000] {logging_mixin.py:115} INFO - [2022-09-15T16:47:31.241+0000] {dagbag.py:508} INFO - Filling up the DagBag from /home/airflow/.local/lib/python3.7/site-packages/airflow/example_dags/example_xcomargs.py
[2022-09-15T16:47:31.253+0000] {processor.py:650} INFO - DAG(s) dict_keys(['example_xcom_args', 'example_xcom_args_with_operators']) retrieved from /home/airflow/.local/lib/python3.7/site-packages/airflow/example_dags/example_xcomargs.py
[2022-09-15T16:47:31.306+0000] {logging_mixin.py:115} INFO - [2022-09-15T16:47:31.306+0000] {dag.py:2429} INFO - Sync 2 DAGs
[2022-09-15T16:47:31.326+0000] {logging_mixin.py:115} INFO - [2022-09-15T16:47:31.326+0000] {dag.py:2981} INFO - Setting next_dagrun for example_xcom_args to None, run_after=None
[2022-09-15T16:47:31.327+0000] {logging_mixin.py:115} INFO - [2022-09-15T16:47:31.327+0000] {dag.py:2981} INFO - Setting next_dagrun for example_xcom_args_with_operators to None, run_after=None
[2022-09-15T16:47:31.343+0000] {processor.py:161} INFO - Processing /home/airflow/.local/lib/python3.7/site-packages/airflow/example_dags/example_xcomargs.py took 0.107 seconds
[2022-09-15T16:48:02.066+0000] {processor.py:153} INFO - Started process (PID=633) to work on /home/airflow/.local/lib/python3.7/site-packages/airflow/example_dags/example_xcomargs.py
[2022-09-15T16:48:02.067+0000] {processor.py:640} INFO - Processing file /home/airflow/.local/lib/python3.7/site-packages/airflow/example_dags/example_xcomargs.py for tasks to queue
[2022-09-15T16:48:02.069+0000] {logging_mixin.py:115} INFO - [2022-09-15T16:48:02.069+0000] {dagbag.py:508} INFO - Filling up the DagBag from /home/airflow/.local/lib/python3.7/site-packages/airflow/example_dags/example_xcomargs.py
[2022-09-15T16:48:02.080+0000] {processor.py:650} INFO - DAG(s) dict_keys(['example_xcom_args', 'example_xcom_args_with_operators']) retrieved from /home/airflow/.local/lib/python3.7/site-packages/airflow/example_dags/example_xcomargs.py
[2022-09-15T16:48:02.127+0000] {logging_mixin.py:115} INFO - [2022-09-15T16:48:02.127+0000] {dag.py:2429} INFO - Sync 2 DAGs
[2022-09-15T16:48:02.140+0000] {logging_mixin.py:115} INFO - [2022-09-15T16:48:02.140+0000] {dag.py:2981} INFO - Setting next_dagrun for example_xcom_args to None, run_after=None
[2022-09-15T16:48:02.141+0000] {logging_mixin.py:115} INFO - [2022-09-15T16:48:02.141+0000] {dag.py:2981} INFO - Setting next_dagrun for example_xcom_args_with_operators to None, run_after=None
[2022-09-15T16:48:02.149+0000] {processor.py:161} INFO - Processing /home/airflow/.local/lib/python3.7/site-packages/airflow/example_dags/example_xcomargs.py took 0.086 seconds
[2022-09-15T16:48:33.003+0000] {processor.py:153} INFO - Started process (PID=696) to work on /home/airflow/.local/lib/python3.7/site-packages/airflow/example_dags/example_xcomargs.py
[2022-09-15T16:48:33.005+0000] {processor.py:640} INFO - Processing file /home/airflow/.local/lib/python3.7/site-packages/airflow/example_dags/example_xcomargs.py for tasks to queue
[2022-09-15T16:48:33.006+0000] {logging_mixin.py:115} INFO - [2022-09-15T16:48:33.006+0000] {dagbag.py:508} INFO - Filling up the DagBag from /home/airflow/.local/lib/python3.7/site-packages/airflow/example_dags/example_xcomargs.py
[2022-09-15T16:48:33.020+0000] {processor.py:650} INFO - DAG(s) dict_keys(['example_xcom_args', 'example_xcom_args_with_operators']) retrieved from /home/airflow/.local/lib/python3.7/site-packages/airflow/example_dags/example_xcomargs.py
[2022-09-15T16:48:33.071+0000] {logging_mixin.py:115} INFO - [2022-09-15T16:48:33.071+0000] {dag.py:2429} INFO - Sync 2 DAGs
[2022-09-15T16:48:33.087+0000] {logging_mixin.py:115} INFO - [2022-09-15T16:48:33.087+0000] {dag.py:2981} INFO - Setting next_dagrun for example_xcom_args to None, run_after=None
[2022-09-15T16:48:33.089+0000] {logging_mixin.py:115} INFO - [2022-09-15T16:48:33.089+0000] {dag.py:2981} INFO - Setting next_dagrun for example_xcom_args_with_operators to None, run_after=None
[2022-09-15T16:48:33.100+0000] {processor.py:161} INFO - Processing /home/airflow/.local/lib/python3.7/site-packages/airflow/example_dags/example_xcomargs.py took 0.100 seconds
[2022-09-15T16:49:03.198+0000] {processor.py:153} INFO - Started process (PID=754) to work on /home/airflow/.local/lib/python3.7/site-packages/airflow/example_dags/example_xcomargs.py
[2022-09-15T16:49:03.200+0000] {processor.py:640} INFO - Processing file /home/airflow/.local/lib/python3.7/site-packages/airflow/example_dags/example_xcomargs.py for tasks to queue
[2022-09-15T16:49:03.201+0000] {logging_mixin.py:115} INFO - [2022-09-15T16:49:03.201+0000] {dagbag.py:508} INFO - Filling up the DagBag from /home/airflow/.local/lib/python3.7/site-packages/airflow/example_dags/example_xcomargs.py
[2022-09-15T16:49:03.212+0000] {processor.py:650} INFO - DAG(s) dict_keys(['example_xcom_args', 'example_xcom_args_with_operators']) retrieved from /home/airflow/.local/lib/python3.7/site-packages/airflow/example_dags/example_xcomargs.py
[2022-09-15T16:49:03.265+0000] {logging_mixin.py:115} INFO - [2022-09-15T16:49:03.265+0000] {dag.py:2429} INFO - Sync 2 DAGs
[2022-09-15T16:49:03.277+0000] {logging_mixin.py:115} INFO - [2022-09-15T16:49:03.277+0000] {dag.py:2981} INFO - Setting next_dagrun for example_xcom_args to None, run_after=None
[2022-09-15T16:49:03.279+0000] {logging_mixin.py:115} INFO - [2022-09-15T16:49:03.279+0000] {dag.py:2981} INFO - Setting next_dagrun for example_xcom_args_with_operators to None, run_after=None
[2022-09-15T16:49:03.288+0000] {processor.py:161} INFO - Processing /home/airflow/.local/lib/python3.7/site-packages/airflow/example_dags/example_xcomargs.py took 0.092 seconds
[2022-09-15T16:49:34.221+0000] {processor.py:153} INFO - Started process (PID=819) to work on /home/airflow/.local/lib/python3.7/site-packages/airflow/example_dags/example_xcomargs.py
[2022-09-15T16:49:34.223+0000] {processor.py:640} INFO - Processing file /home/airflow/.local/lib/python3.7/site-packages/airflow/example_dags/example_xcomargs.py for tasks to queue
[2022-09-15T16:49:34.225+0000] {logging_mixin.py:115} INFO - [2022-09-15T16:49:34.225+0000] {dagbag.py:508} INFO - Filling up the DagBag from /home/airflow/.local/lib/python3.7/site-packages/airflow/example_dags/example_xcomargs.py
[2022-09-15T16:49:34.239+0000] {processor.py:650} INFO - DAG(s) dict_keys(['example_xcom_args', 'example_xcom_args_with_operators']) retrieved from /home/airflow/.local/lib/python3.7/site-packages/airflow/example_dags/example_xcomargs.py
[2022-09-15T16:49:34.266+0000] {logging_mixin.py:115} INFO - [2022-09-15T16:49:34.266+0000] {dag.py:2429} INFO - Sync 2 DAGs
[2022-09-15T16:49:34.301+0000] {logging_mixin.py:115} INFO - [2022-09-15T16:49:34.301+0000] {dag.py:2981} INFO - Setting next_dagrun for example_xcom_args to None, run_after=None
[2022-09-15T16:49:34.303+0000] {logging_mixin.py:115} INFO - [2022-09-15T16:49:34.303+0000] {dag.py:2981} INFO - Setting next_dagrun for example_xcom_args_with_operators to None, run_after=None
[2022-09-15T16:49:34.314+0000] {processor.py:161} INFO - Processing /home/airflow/.local/lib/python3.7/site-packages/airflow/example_dags/example_xcomargs.py took 0.098 seconds
[2022-09-15T16:50:04.473+0000] {processor.py:153} INFO - Started process (PID=888) to work on /home/airflow/.local/lib/python3.7/site-packages/airflow/example_dags/example_xcomargs.py
[2022-09-15T16:50:04.475+0000] {processor.py:640} INFO - Processing file /home/airflow/.local/lib/python3.7/site-packages/airflow/example_dags/example_xcomargs.py for tasks to queue
[2022-09-15T16:50:04.476+0000] {logging_mixin.py:115} INFO - [2022-09-15T16:50:04.476+0000] {dagbag.py:508} INFO - Filling up the DagBag from /home/airflow/.local/lib/python3.7/site-packages/airflow/example_dags/example_xcomargs.py
[2022-09-15T16:50:04.490+0000] {processor.py:650} INFO - DAG(s) dict_keys(['example_xcom_args', 'example_xcom_args_with_operators']) retrieved from /home/airflow/.local/lib/python3.7/site-packages/airflow/example_dags/example_xcomargs.py
[2022-09-15T16:50:04.542+0000] {logging_mixin.py:115} INFO - [2022-09-15T16:50:04.541+0000] {dag.py:2429} INFO - Sync 2 DAGs
[2022-09-15T16:50:04.555+0000] {logging_mixin.py:115} INFO - [2022-09-15T16:50:04.555+0000] {dag.py:2981} INFO - Setting next_dagrun for example_xcom_args to None, run_after=None
[2022-09-15T16:50:04.557+0000] {logging_mixin.py:115} INFO - [2022-09-15T16:50:04.557+0000] {dag.py:2981} INFO - Setting next_dagrun for example_xcom_args_with_operators to None, run_after=None
[2022-09-15T16:50:04.568+0000] {processor.py:161} INFO - Processing /home/airflow/.local/lib/python3.7/site-packages/airflow/example_dags/example_xcomargs.py took 0.097 seconds
[2022-09-15T16:50:35.542+0000] {processor.py:153} INFO - Started process (PID=957) to work on /home/airflow/.local/lib/python3.7/site-packages/airflow/example_dags/example_xcomargs.py
[2022-09-15T16:50:35.544+0000] {processor.py:640} INFO - Processing file /home/airflow/.local/lib/python3.7/site-packages/airflow/example_dags/example_xcomargs.py for tasks to queue
[2022-09-15T16:50:35.545+0000] {logging_mixin.py:115} INFO - [2022-09-15T16:50:35.545+0000] {dagbag.py:508} INFO - Filling up the DagBag from /home/airflow/.local/lib/python3.7/site-packages/airflow/example_dags/example_xcomargs.py
[2022-09-15T16:50:35.559+0000] {processor.py:650} INFO - DAG(s) dict_keys(['example_xcom_args', 'example_xcom_args_with_operators']) retrieved from /home/airflow/.local/lib/python3.7/site-packages/airflow/example_dags/example_xcomargs.py
[2022-09-15T16:50:35.607+0000] {logging_mixin.py:115} INFO - [2022-09-15T16:50:35.607+0000] {dag.py:2429} INFO - Sync 2 DAGs
[2022-09-15T16:50:35.621+0000] {logging_mixin.py:115} INFO - [2022-09-15T16:50:35.620+0000] {dag.py:2981} INFO - Setting next_dagrun for example_xcom_args to None, run_after=None
[2022-09-15T16:50:35.622+0000] {logging_mixin.py:115} INFO - [2022-09-15T16:50:35.622+0000] {dag.py:2981} INFO - Setting next_dagrun for example_xcom_args_with_operators to None, run_after=None
[2022-09-15T16:50:35.632+0000] {processor.py:161} INFO - Processing /home/airflow/.local/lib/python3.7/site-packages/airflow/example_dags/example_xcomargs.py took 0.092 seconds
[2022-09-15T16:51:06.443+0000] {processor.py:153} INFO - Started process (PID=1023) to work on /home/airflow/.local/lib/python3.7/site-packages/airflow/example_dags/example_xcomargs.py
[2022-09-15T16:51:06.446+0000] {processor.py:640} INFO - Processing file /home/airflow/.local/lib/python3.7/site-packages/airflow/example_dags/example_xcomargs.py for tasks to queue
[2022-09-15T16:51:06.447+0000] {logging_mixin.py:115} INFO - [2022-09-15T16:51:06.447+0000] {dagbag.py:508} INFO - Filling up the DagBag from /home/airflow/.local/lib/python3.7/site-packages/airflow/example_dags/example_xcomargs.py
[2022-09-15T16:51:06.460+0000] {processor.py:650} INFO - DAG(s) dict_keys(['example_xcom_args', 'example_xcom_args_with_operators']) retrieved from /home/airflow/.local/lib/python3.7/site-packages/airflow/example_dags/example_xcomargs.py
[2022-09-15T16:51:06.505+0000] {logging_mixin.py:115} INFO - [2022-09-15T16:51:06.505+0000] {dag.py:2429} INFO - Sync 2 DAGs
[2022-09-15T16:51:06.518+0000] {logging_mixin.py:115} INFO - [2022-09-15T16:51:06.517+0000] {dag.py:2981} INFO - Setting next_dagrun for example_xcom_args to None, run_after=None
[2022-09-15T16:51:06.519+0000] {logging_mixin.py:115} INFO - [2022-09-15T16:51:06.519+0000] {dag.py:2981} INFO - Setting next_dagrun for example_xcom_args_with_operators to None, run_after=None
[2022-09-15T16:51:06.528+0000] {processor.py:161} INFO - Processing /home/airflow/.local/lib/python3.7/site-packages/airflow/example_dags/example_xcomargs.py took 0.087 seconds
[2022-09-15T16:51:37.437+0000] {processor.py:153} INFO - Started process (PID=1083) to work on /home/airflow/.local/lib/python3.7/site-packages/airflow/example_dags/example_xcomargs.py
[2022-09-15T16:51:37.439+0000] {processor.py:640} INFO - Processing file /home/airflow/.local/lib/python3.7/site-packages/airflow/example_dags/example_xcomargs.py for tasks to queue
[2022-09-15T16:51:37.440+0000] {logging_mixin.py:115} INFO - [2022-09-15T16:51:37.440+0000] {dagbag.py:508} INFO - Filling up the DagBag from /home/airflow/.local/lib/python3.7/site-packages/airflow/example_dags/example_xcomargs.py
[2022-09-15T16:51:37.464+0000] {processor.py:650} INFO - DAG(s) dict_keys(['example_xcom_args', 'example_xcom_args_with_operators']) retrieved from /home/airflow/.local/lib/python3.7/site-packages/airflow/example_dags/example_xcomargs.py
[2022-09-15T16:51:37.521+0000] {logging_mixin.py:115} INFO - [2022-09-15T16:51:37.521+0000] {dag.py:2429} INFO - Sync 2 DAGs
[2022-09-15T16:51:37.534+0000] {logging_mixin.py:115} INFO - [2022-09-15T16:51:37.534+0000] {dag.py:2981} INFO - Setting next_dagrun for example_xcom_args to None, run_after=None
[2022-09-15T16:51:37.536+0000] {logging_mixin.py:115} INFO - [2022-09-15T16:51:37.535+0000] {dag.py:2981} INFO - Setting next_dagrun for example_xcom_args_with_operators to None, run_after=None
[2022-09-15T16:51:37.553+0000] {processor.py:161} INFO - Processing /home/airflow/.local/lib/python3.7/site-packages/airflow/example_dags/example_xcomargs.py took 0.118 seconds
[2022-09-15T16:52:08.345+0000] {processor.py:153} INFO - Started process (PID=1148) to work on /home/airflow/.local/lib/python3.7/site-packages/airflow/example_dags/example_xcomargs.py
[2022-09-15T16:52:08.347+0000] {processor.py:640} INFO - Processing file /home/airflow/.local/lib/python3.7/site-packages/airflow/example_dags/example_xcomargs.py for tasks to queue
[2022-09-15T16:52:08.349+0000] {logging_mixin.py:115} INFO - [2022-09-15T16:52:08.348+0000] {dagbag.py:508} INFO - Filling up the DagBag from /home/airflow/.local/lib/python3.7/site-packages/airflow/example_dags/example_xcomargs.py
[2022-09-15T16:52:08.360+0000] {processor.py:650} INFO - DAG(s) dict_keys(['example_xcom_args', 'example_xcom_args_with_operators']) retrieved from /home/airflow/.local/lib/python3.7/site-packages/airflow/example_dags/example_xcomargs.py
[2022-09-15T16:52:08.407+0000] {logging_mixin.py:115} INFO - [2022-09-15T16:52:08.407+0000] {dag.py:2429} INFO - Sync 2 DAGs
[2022-09-15T16:52:08.421+0000] {logging_mixin.py:115} INFO - [2022-09-15T16:52:08.421+0000] {dag.py:2981} INFO - Setting next_dagrun for example_xcom_args to None, run_after=None
[2022-09-15T16:52:08.423+0000] {logging_mixin.py:115} INFO - [2022-09-15T16:52:08.423+0000] {dag.py:2981} INFO - Setting next_dagrun for example_xcom_args_with_operators to None, run_after=None
[2022-09-15T16:52:08.432+0000] {processor.py:161} INFO - Processing /home/airflow/.local/lib/python3.7/site-packages/airflow/example_dags/example_xcomargs.py took 0.088 seconds
[2022-09-15T16:52:39.235+0000] {processor.py:153} INFO - Started process (PID=1214) to work on /home/airflow/.local/lib/python3.7/site-packages/airflow/example_dags/example_xcomargs.py
[2022-09-15T16:52:39.238+0000] {processor.py:640} INFO - Processing file /home/airflow/.local/lib/python3.7/site-packages/airflow/example_dags/example_xcomargs.py for tasks to queue
[2022-09-15T16:52:39.239+0000] {logging_mixin.py:115} INFO - [2022-09-15T16:52:39.239+0000] {dagbag.py:508} INFO - Filling up the DagBag from /home/airflow/.local/lib/python3.7/site-packages/airflow/example_dags/example_xcomargs.py
[2022-09-15T16:52:39.251+0000] {processor.py:650} INFO - DAG(s) dict_keys(['example_xcom_args', 'example_xcom_args_with_operators']) retrieved from /home/airflow/.local/lib/python3.7/site-packages/airflow/example_dags/example_xcomargs.py
[2022-09-15T16:52:39.304+0000] {logging_mixin.py:115} INFO - [2022-09-15T16:52:39.303+0000] {dag.py:2429} INFO - Sync 2 DAGs
[2022-09-15T16:52:39.320+0000] {logging_mixin.py:115} INFO - [2022-09-15T16:52:39.320+0000] {dag.py:2981} INFO - Setting next_dagrun for example_xcom_args to None, run_after=None
[2022-09-15T16:52:39.322+0000] {logging_mixin.py:115} INFO - [2022-09-15T16:52:39.322+0000] {dag.py:2981} INFO - Setting next_dagrun for example_xcom_args_with_operators to None, run_after=None
[2022-09-15T16:52:39.332+0000] {processor.py:161} INFO - Processing /home/airflow/.local/lib/python3.7/site-packages/airflow/example_dags/example_xcomargs.py took 0.099 seconds
[2022-09-15T16:53:10.325+0000] {processor.py:153} INFO - Started process (PID=1282) to work on /home/airflow/.local/lib/python3.7/site-packages/airflow/example_dags/example_xcomargs.py
[2022-09-15T16:53:10.344+0000] {processor.py:640} INFO - Processing file /home/airflow/.local/lib/python3.7/site-packages/airflow/example_dags/example_xcomargs.py for tasks to queue
[2022-09-15T16:53:10.346+0000] {logging_mixin.py:115} INFO - [2022-09-15T16:53:10.345+0000] {dagbag.py:508} INFO - Filling up the DagBag from /home/airflow/.local/lib/python3.7/site-packages/airflow/example_dags/example_xcomargs.py
[2022-09-15T16:53:10.358+0000] {processor.py:650} INFO - DAG(s) dict_keys(['example_xcom_args', 'example_xcom_args_with_operators']) retrieved from /home/airflow/.local/lib/python3.7/site-packages/airflow/example_dags/example_xcomargs.py
[2022-09-15T16:53:10.383+0000] {logging_mixin.py:115} INFO - [2022-09-15T16:53:10.383+0000] {dag.py:2429} INFO - Sync 2 DAGs
[2022-09-15T16:53:10.399+0000] {logging_mixin.py:115} INFO - [2022-09-15T16:53:10.399+0000] {dag.py:2981} INFO - Setting next_dagrun for example_xcom_args to None, run_after=None
[2022-09-15T16:53:10.400+0000] {logging_mixin.py:115} INFO - [2022-09-15T16:53:10.400+0000] {dag.py:2981} INFO - Setting next_dagrun for example_xcom_args_with_operators to None, run_after=None
[2022-09-15T16:53:10.409+0000] {processor.py:161} INFO - Processing /home/airflow/.local/lib/python3.7/site-packages/airflow/example_dags/example_xcomargs.py took 0.086 seconds
[2022-09-15T16:53:40.790+0000] {processor.py:153} INFO - Started process (PID=1350) to work on /home/airflow/.local/lib/python3.7/site-packages/airflow/example_dags/example_xcomargs.py
[2022-09-15T16:53:40.792+0000] {processor.py:640} INFO - Processing file /home/airflow/.local/lib/python3.7/site-packages/airflow/example_dags/example_xcomargs.py for tasks to queue
[2022-09-15T16:53:40.793+0000] {logging_mixin.py:115} INFO - [2022-09-15T16:53:40.793+0000] {dagbag.py:508} INFO - Filling up the DagBag from /home/airflow/.local/lib/python3.7/site-packages/airflow/example_dags/example_xcomargs.py
[2022-09-15T16:53:40.806+0000] {processor.py:650} INFO - DAG(s) dict_keys(['example_xcom_args', 'example_xcom_args_with_operators']) retrieved from /home/airflow/.local/lib/python3.7/site-packages/airflow/example_dags/example_xcomargs.py
[2022-09-15T16:53:40.858+0000] {logging_mixin.py:115} INFO - [2022-09-15T16:53:40.858+0000] {dag.py:2429} INFO - Sync 2 DAGs
[2022-09-15T16:53:40.871+0000] {logging_mixin.py:115} INFO - [2022-09-15T16:53:40.871+0000] {dag.py:2981} INFO - Setting next_dagrun for example_xcom_args to None, run_after=None
[2022-09-15T16:53:40.873+0000] {logging_mixin.py:115} INFO - [2022-09-15T16:53:40.873+0000] {dag.py:2981} INFO - Setting next_dagrun for example_xcom_args_with_operators to None, run_after=None
[2022-09-15T16:53:40.882+0000] {processor.py:161} INFO - Processing /home/airflow/.local/lib/python3.7/site-packages/airflow/example_dags/example_xcomargs.py took 0.094 seconds
[2022-09-15T16:54:11.822+0000] {processor.py:153} INFO - Started process (PID=1419) to work on /home/airflow/.local/lib/python3.7/site-packages/airflow/example_dags/example_xcomargs.py
[2022-09-15T16:54:11.824+0000] {processor.py:640} INFO - Processing file /home/airflow/.local/lib/python3.7/site-packages/airflow/example_dags/example_xcomargs.py for tasks to queue
[2022-09-15T16:54:11.826+0000] {logging_mixin.py:115} INFO - [2022-09-15T16:54:11.826+0000] {dagbag.py:508} INFO - Filling up the DagBag from /home/airflow/.local/lib/python3.7/site-packages/airflow/example_dags/example_xcomargs.py
[2022-09-15T16:54:11.838+0000] {processor.py:650} INFO - DAG(s) dict_keys(['example_xcom_args', 'example_xcom_args_with_operators']) retrieved from /home/airflow/.local/lib/python3.7/site-packages/airflow/example_dags/example_xcomargs.py
[2022-09-15T16:54:11.862+0000] {logging_mixin.py:115} INFO - [2022-09-15T16:54:11.862+0000] {dag.py:2429} INFO - Sync 2 DAGs
[2022-09-15T16:54:11.877+0000] {logging_mixin.py:115} INFO - [2022-09-15T16:54:11.877+0000] {dag.py:2981} INFO - Setting next_dagrun for example_xcom_args to None, run_after=None
[2022-09-15T16:54:11.878+0000] {logging_mixin.py:115} INFO - [2022-09-15T16:54:11.878+0000] {dag.py:2981} INFO - Setting next_dagrun for example_xcom_args_with_operators to None, run_after=None
[2022-09-15T16:54:11.887+0000] {processor.py:161} INFO - Processing /home/airflow/.local/lib/python3.7/site-packages/airflow/example_dags/example_xcomargs.py took 0.067 seconds
[2022-09-15T16:54:42.724+0000] {processor.py:153} INFO - Started process (PID=1474) to work on /home/airflow/.local/lib/python3.7/site-packages/airflow/example_dags/example_xcomargs.py
[2022-09-15T16:54:42.726+0000] {processor.py:640} INFO - Processing file /home/airflow/.local/lib/python3.7/site-packages/airflow/example_dags/example_xcomargs.py for tasks to queue
[2022-09-15T16:54:42.727+0000] {logging_mixin.py:115} INFO - [2022-09-15T16:54:42.727+0000] {dagbag.py:508} INFO - Filling up the DagBag from /home/airflow/.local/lib/python3.7/site-packages/airflow/example_dags/example_xcomargs.py
[2022-09-15T16:54:42.740+0000] {processor.py:650} INFO - DAG(s) dict_keys(['example_xcom_args', 'example_xcom_args_with_operators']) retrieved from /home/airflow/.local/lib/python3.7/site-packages/airflow/example_dags/example_xcomargs.py
[2022-09-15T16:54:42.800+0000] {logging_mixin.py:115} INFO - [2022-09-15T16:54:42.800+0000] {dag.py:2429} INFO - Sync 2 DAGs
[2022-09-15T16:54:42.825+0000] {logging_mixin.py:115} INFO - [2022-09-15T16:54:42.824+0000] {dag.py:2981} INFO - Setting next_dagrun for example_xcom_args to None, run_after=None
[2022-09-15T16:54:42.827+0000] {logging_mixin.py:115} INFO - [2022-09-15T16:54:42.826+0000] {dag.py:2981} INFO - Setting next_dagrun for example_xcom_args_with_operators to None, run_after=None
[2022-09-15T16:54:42.837+0000] {processor.py:161} INFO - Processing /home/airflow/.local/lib/python3.7/site-packages/airflow/example_dags/example_xcomargs.py took 0.116 seconds
[2022-09-15T16:55:12.909+0000] {processor.py:153} INFO - Started process (PID=1542) to work on /home/airflow/.local/lib/python3.7/site-packages/airflow/example_dags/example_xcomargs.py
[2022-09-15T16:55:12.911+0000] {processor.py:640} INFO - Processing file /home/airflow/.local/lib/python3.7/site-packages/airflow/example_dags/example_xcomargs.py for tasks to queue
[2022-09-15T16:55:12.913+0000] {logging_mixin.py:115} INFO - [2022-09-15T16:55:12.913+0000] {dagbag.py:508} INFO - Filling up the DagBag from /home/airflow/.local/lib/python3.7/site-packages/airflow/example_dags/example_xcomargs.py
[2022-09-15T16:55:12.926+0000] {processor.py:650} INFO - DAG(s) dict_keys(['example_xcom_args', 'example_xcom_args_with_operators']) retrieved from /home/airflow/.local/lib/python3.7/site-packages/airflow/example_dags/example_xcomargs.py
[2022-09-15T16:55:12.947+0000] {logging_mixin.py:115} INFO - [2022-09-15T16:55:12.947+0000] {dag.py:2429} INFO - Sync 2 DAGs
[2022-09-15T16:55:12.963+0000] {logging_mixin.py:115} INFO - [2022-09-15T16:55:12.963+0000] {dag.py:2981} INFO - Setting next_dagrun for example_xcom_args to None, run_after=None
[2022-09-15T16:55:12.965+0000] {logging_mixin.py:115} INFO - [2022-09-15T16:55:12.964+0000] {dag.py:2981} INFO - Setting next_dagrun for example_xcom_args_with_operators to None, run_after=None
[2022-09-15T16:55:12.974+0000] {processor.py:161} INFO - Processing /home/airflow/.local/lib/python3.7/site-packages/airflow/example_dags/example_xcomargs.py took 0.067 seconds
[2022-09-15T16:55:43.081+0000] {processor.py:153} INFO - Started process (PID=1612) to work on /home/airflow/.local/lib/python3.7/site-packages/airflow/example_dags/example_xcomargs.py
[2022-09-15T16:55:43.083+0000] {processor.py:640} INFO - Processing file /home/airflow/.local/lib/python3.7/site-packages/airflow/example_dags/example_xcomargs.py for tasks to queue
[2022-09-15T16:55:43.085+0000] {logging_mixin.py:115} INFO - [2022-09-15T16:55:43.085+0000] {dagbag.py:508} INFO - Filling up the DagBag from /home/airflow/.local/lib/python3.7/site-packages/airflow/example_dags/example_xcomargs.py
[2022-09-15T16:55:43.097+0000] {processor.py:650} INFO - DAG(s) dict_keys(['example_xcom_args', 'example_xcom_args_with_operators']) retrieved from /home/airflow/.local/lib/python3.7/site-packages/airflow/example_dags/example_xcomargs.py
[2022-09-15T16:55:43.143+0000] {logging_mixin.py:115} INFO - [2022-09-15T16:55:43.143+0000] {dag.py:2429} INFO - Sync 2 DAGs
[2022-09-15T16:55:43.157+0000] {logging_mixin.py:115} INFO - [2022-09-15T16:55:43.157+0000] {dag.py:2981} INFO - Setting next_dagrun for example_xcom_args to None, run_after=None
[2022-09-15T16:55:43.159+0000] {logging_mixin.py:115} INFO - [2022-09-15T16:55:43.158+0000] {dag.py:2981} INFO - Setting next_dagrun for example_xcom_args_with_operators to None, run_after=None
[2022-09-15T16:55:43.169+0000] {processor.py:161} INFO - Processing /home/airflow/.local/lib/python3.7/site-packages/airflow/example_dags/example_xcomargs.py took 0.090 seconds
[2022-09-15T16:56:13.220+0000] {processor.py:153} INFO - Started process (PID=1678) to work on /home/airflow/.local/lib/python3.7/site-packages/airflow/example_dags/example_xcomargs.py
[2022-09-15T16:56:13.222+0000] {processor.py:640} INFO - Processing file /home/airflow/.local/lib/python3.7/site-packages/airflow/example_dags/example_xcomargs.py for tasks to queue
[2022-09-15T16:56:13.224+0000] {logging_mixin.py:115} INFO - [2022-09-15T16:56:13.224+0000] {dagbag.py:508} INFO - Filling up the DagBag from /home/airflow/.local/lib/python3.7/site-packages/airflow/example_dags/example_xcomargs.py
[2022-09-15T16:56:13.236+0000] {processor.py:650} INFO - DAG(s) dict_keys(['example_xcom_args', 'example_xcom_args_with_operators']) retrieved from /home/airflow/.local/lib/python3.7/site-packages/airflow/example_dags/example_xcomargs.py
[2022-09-15T16:56:13.258+0000] {logging_mixin.py:115} INFO - [2022-09-15T16:56:13.258+0000] {dag.py:2429} INFO - Sync 2 DAGs
[2022-09-15T16:56:13.273+0000] {logging_mixin.py:115} INFO - [2022-09-15T16:56:13.273+0000] {dag.py:2981} INFO - Setting next_dagrun for example_xcom_args to None, run_after=None
[2022-09-15T16:56:13.274+0000] {logging_mixin.py:115} INFO - [2022-09-15T16:56:13.274+0000] {dag.py:2981} INFO - Setting next_dagrun for example_xcom_args_with_operators to None, run_after=None
[2022-09-15T16:56:13.282+0000] {processor.py:161} INFO - Processing /home/airflow/.local/lib/python3.7/site-packages/airflow/example_dags/example_xcomargs.py took 0.065 seconds
[2022-09-15T16:56:44.271+0000] {processor.py:153} INFO - Started process (PID=1749) to work on /home/airflow/.local/lib/python3.7/site-packages/airflow/example_dags/example_xcomargs.py
[2022-09-15T16:56:44.274+0000] {processor.py:640} INFO - Processing file /home/airflow/.local/lib/python3.7/site-packages/airflow/example_dags/example_xcomargs.py for tasks to queue
[2022-09-15T16:56:44.275+0000] {logging_mixin.py:115} INFO - [2022-09-15T16:56:44.275+0000] {dagbag.py:508} INFO - Filling up the DagBag from /home/airflow/.local/lib/python3.7/site-packages/airflow/example_dags/example_xcomargs.py
[2022-09-15T16:56:44.287+0000] {processor.py:650} INFO - DAG(s) dict_keys(['example_xcom_args', 'example_xcom_args_with_operators']) retrieved from /home/airflow/.local/lib/python3.7/site-packages/airflow/example_dags/example_xcomargs.py
[2022-09-15T16:56:44.307+0000] {logging_mixin.py:115} INFO - [2022-09-15T16:56:44.307+0000] {dag.py:2429} INFO - Sync 2 DAGs
[2022-09-15T16:56:44.322+0000] {logging_mixin.py:115} INFO - [2022-09-15T16:56:44.322+0000] {dag.py:2981} INFO - Setting next_dagrun for example_xcom_args to None, run_after=None
[2022-09-15T16:56:44.324+0000] {logging_mixin.py:115} INFO - [2022-09-15T16:56:44.323+0000] {dag.py:2981} INFO - Setting next_dagrun for example_xcom_args_with_operators to None, run_after=None
[2022-09-15T16:56:44.334+0000] {processor.py:161} INFO - Processing /home/airflow/.local/lib/python3.7/site-packages/airflow/example_dags/example_xcomargs.py took 0.065 seconds
[2022-09-15T16:57:15.328+0000] {processor.py:153} INFO - Started process (PID=1804) to work on /home/airflow/.local/lib/python3.7/site-packages/airflow/example_dags/example_xcomargs.py
[2022-09-15T16:57:15.330+0000] {processor.py:640} INFO - Processing file /home/airflow/.local/lib/python3.7/site-packages/airflow/example_dags/example_xcomargs.py for tasks to queue
[2022-09-15T16:57:15.331+0000] {logging_mixin.py:115} INFO - [2022-09-15T16:57:15.330+0000] {dagbag.py:508} INFO - Filling up the DagBag from /home/airflow/.local/lib/python3.7/site-packages/airflow/example_dags/example_xcomargs.py
[2022-09-15T16:57:15.343+0000] {processor.py:650} INFO - DAG(s) dict_keys(['example_xcom_args', 'example_xcom_args_with_operators']) retrieved from /home/airflow/.local/lib/python3.7/site-packages/airflow/example_dags/example_xcomargs.py
[2022-09-15T16:57:15.368+0000] {logging_mixin.py:115} INFO - [2022-09-15T16:57:15.367+0000] {dag.py:2429} INFO - Sync 2 DAGs
[2022-09-15T16:57:15.388+0000] {logging_mixin.py:115} INFO - [2022-09-15T16:57:15.388+0000] {dag.py:2981} INFO - Setting next_dagrun for example_xcom_args to None, run_after=None
[2022-09-15T16:57:15.390+0000] {logging_mixin.py:115} INFO - [2022-09-15T16:57:15.390+0000] {dag.py:2981} INFO - Setting next_dagrun for example_xcom_args_with_operators to None, run_after=None
[2022-09-15T16:57:15.399+0000] {processor.py:161} INFO - Processing /home/airflow/.local/lib/python3.7/site-packages/airflow/example_dags/example_xcomargs.py took 0.075 seconds
[2022-09-15T16:57:46.423+0000] {processor.py:153} INFO - Started process (PID=1869) to work on /home/airflow/.local/lib/python3.7/site-packages/airflow/example_dags/example_xcomargs.py
[2022-09-15T16:57:46.425+0000] {processor.py:640} INFO - Processing file /home/airflow/.local/lib/python3.7/site-packages/airflow/example_dags/example_xcomargs.py for tasks to queue
[2022-09-15T16:57:46.426+0000] {logging_mixin.py:115} INFO - [2022-09-15T16:57:46.426+0000] {dagbag.py:508} INFO - Filling up the DagBag from /home/airflow/.local/lib/python3.7/site-packages/airflow/example_dags/example_xcomargs.py
[2022-09-15T16:57:46.439+0000] {processor.py:650} INFO - DAG(s) dict_keys(['example_xcom_args', 'example_xcom_args_with_operators']) retrieved from /home/airflow/.local/lib/python3.7/site-packages/airflow/example_dags/example_xcomargs.py
[2022-09-15T16:57:46.465+0000] {logging_mixin.py:115} INFO - [2022-09-15T16:57:46.465+0000] {dag.py:2429} INFO - Sync 2 DAGs
[2022-09-15T16:57:46.499+0000] {logging_mixin.py:115} INFO - [2022-09-15T16:57:46.499+0000] {dag.py:2981} INFO - Setting next_dagrun for example_xcom_args to None, run_after=None
[2022-09-15T16:57:46.500+0000] {logging_mixin.py:115} INFO - [2022-09-15T16:57:46.500+0000] {dag.py:2981} INFO - Setting next_dagrun for example_xcom_args_with_operators to None, run_after=None
[2022-09-15T16:57:46.512+0000] {processor.py:161} INFO - Processing /home/airflow/.local/lib/python3.7/site-packages/airflow/example_dags/example_xcomargs.py took 0.091 seconds
[2022-09-15T16:58:16.627+0000] {processor.py:153} INFO - Started process (PID=1941) to work on /home/airflow/.local/lib/python3.7/site-packages/airflow/example_dags/example_xcomargs.py
[2022-09-15T16:58:16.630+0000] {processor.py:640} INFO - Processing file /home/airflow/.local/lib/python3.7/site-packages/airflow/example_dags/example_xcomargs.py for tasks to queue
[2022-09-15T16:58:16.631+0000] {logging_mixin.py:115} INFO - [2022-09-15T16:58:16.631+0000] {dagbag.py:508} INFO - Filling up the DagBag from /home/airflow/.local/lib/python3.7/site-packages/airflow/example_dags/example_xcomargs.py
[2022-09-15T16:58:16.643+0000] {processor.py:650} INFO - DAG(s) dict_keys(['example_xcom_args', 'example_xcom_args_with_operators']) retrieved from /home/airflow/.local/lib/python3.7/site-packages/airflow/example_dags/example_xcomargs.py
[2022-09-15T16:58:16.665+0000] {logging_mixin.py:115} INFO - [2022-09-15T16:58:16.665+0000] {dag.py:2429} INFO - Sync 2 DAGs
[2022-09-15T16:58:16.685+0000] {logging_mixin.py:115} INFO - [2022-09-15T16:58:16.685+0000] {dag.py:2981} INFO - Setting next_dagrun for example_xcom_args to None, run_after=None
[2022-09-15T16:58:16.686+0000] {logging_mixin.py:115} INFO - [2022-09-15T16:58:16.686+0000] {dag.py:2981} INFO - Setting next_dagrun for example_xcom_args_with_operators to None, run_after=None
[2022-09-15T16:58:16.695+0000] {processor.py:161} INFO - Processing /home/airflow/.local/lib/python3.7/site-packages/airflow/example_dags/example_xcomargs.py took 0.070 seconds
[2022-09-15T16:58:47.623+0000] {processor.py:153} INFO - Started process (PID=2007) to work on /home/airflow/.local/lib/python3.7/site-packages/airflow/example_dags/example_xcomargs.py
[2022-09-15T16:58:47.624+0000] {processor.py:640} INFO - Processing file /home/airflow/.local/lib/python3.7/site-packages/airflow/example_dags/example_xcomargs.py for tasks to queue
[2022-09-15T16:58:47.626+0000] {logging_mixin.py:115} INFO - [2022-09-15T16:58:47.626+0000] {dagbag.py:508} INFO - Filling up the DagBag from /home/airflow/.local/lib/python3.7/site-packages/airflow/example_dags/example_xcomargs.py
[2022-09-15T16:58:47.638+0000] {processor.py:650} INFO - DAG(s) dict_keys(['example_xcom_args', 'example_xcom_args_with_operators']) retrieved from /home/airflow/.local/lib/python3.7/site-packages/airflow/example_dags/example_xcomargs.py
[2022-09-15T16:58:47.685+0000] {logging_mixin.py:115} INFO - [2022-09-15T16:58:47.685+0000] {dag.py:2429} INFO - Sync 2 DAGs
[2022-09-15T16:58:47.701+0000] {logging_mixin.py:115} INFO - [2022-09-15T16:58:47.701+0000] {dag.py:2981} INFO - Setting next_dagrun for example_xcom_args to None, run_after=None
[2022-09-15T16:58:47.712+0000] {logging_mixin.py:115} INFO - [2022-09-15T16:58:47.712+0000] {dag.py:2981} INFO - Setting next_dagrun for example_xcom_args_with_operators to None, run_after=None
[2022-09-15T16:58:47.752+0000] {processor.py:161} INFO - Processing /home/airflow/.local/lib/python3.7/site-packages/airflow/example_dags/example_xcomargs.py took 0.132 seconds
[2022-09-15T16:59:17.870+0000] {processor.py:153} INFO - Started process (PID=2076) to work on /home/airflow/.local/lib/python3.7/site-packages/airflow/example_dags/example_xcomargs.py
[2022-09-15T16:59:17.872+0000] {processor.py:640} INFO - Processing file /home/airflow/.local/lib/python3.7/site-packages/airflow/example_dags/example_xcomargs.py for tasks to queue
[2022-09-15T16:59:17.873+0000] {logging_mixin.py:115} INFO - [2022-09-15T16:59:17.872+0000] {dagbag.py:508} INFO - Filling up the DagBag from /home/airflow/.local/lib/python3.7/site-packages/airflow/example_dags/example_xcomargs.py
[2022-09-15T16:59:17.886+0000] {processor.py:650} INFO - DAG(s) dict_keys(['example_xcom_args', 'example_xcom_args_with_operators']) retrieved from /home/airflow/.local/lib/python3.7/site-packages/airflow/example_dags/example_xcomargs.py
[2022-09-15T16:59:17.944+0000] {logging_mixin.py:115} INFO - [2022-09-15T16:59:17.943+0000] {dag.py:2429} INFO - Sync 2 DAGs
[2022-09-15T16:59:17.959+0000] {logging_mixin.py:115} INFO - [2022-09-15T16:59:17.959+0000] {dag.py:2981} INFO - Setting next_dagrun for example_xcom_args to None, run_after=None
[2022-09-15T16:59:17.961+0000] {logging_mixin.py:115} INFO - [2022-09-15T16:59:17.960+0000] {dag.py:2981} INFO - Setting next_dagrun for example_xcom_args_with_operators to None, run_after=None
[2022-09-15T16:59:17.971+0000] {processor.py:161} INFO - Processing /home/airflow/.local/lib/python3.7/site-packages/airflow/example_dags/example_xcomargs.py took 0.105 seconds
[2022-09-15T16:59:48.904+0000] {processor.py:153} INFO - Started process (PID=2133) to work on /home/airflow/.local/lib/python3.7/site-packages/airflow/example_dags/example_xcomargs.py
[2022-09-15T16:59:48.906+0000] {processor.py:640} INFO - Processing file /home/airflow/.local/lib/python3.7/site-packages/airflow/example_dags/example_xcomargs.py for tasks to queue
[2022-09-15T16:59:48.907+0000] {logging_mixin.py:115} INFO - [2022-09-15T16:59:48.907+0000] {dagbag.py:508} INFO - Filling up the DagBag from /home/airflow/.local/lib/python3.7/site-packages/airflow/example_dags/example_xcomargs.py
[2022-09-15T16:59:48.919+0000] {processor.py:650} INFO - DAG(s) dict_keys(['example_xcom_args', 'example_xcom_args_with_operators']) retrieved from /home/airflow/.local/lib/python3.7/site-packages/airflow/example_dags/example_xcomargs.py
[2022-09-15T16:59:48.968+0000] {logging_mixin.py:115} INFO - [2022-09-15T16:59:48.967+0000] {dag.py:2429} INFO - Sync 2 DAGs
[2022-09-15T16:59:48.980+0000] {logging_mixin.py:115} INFO - [2022-09-15T16:59:48.980+0000] {dag.py:2981} INFO - Setting next_dagrun for example_xcom_args to None, run_after=None
[2022-09-15T16:59:48.981+0000] {logging_mixin.py:115} INFO - [2022-09-15T16:59:48.981+0000] {dag.py:2981} INFO - Setting next_dagrun for example_xcom_args_with_operators to None, run_after=None
[2022-09-15T16:59:48.990+0000] {processor.py:161} INFO - Processing /home/airflow/.local/lib/python3.7/site-packages/airflow/example_dags/example_xcomargs.py took 0.088 seconds
[2022-09-15T17:00:19.956+0000] {processor.py:153} INFO - Started process (PID=2203) to work on /home/airflow/.local/lib/python3.7/site-packages/airflow/example_dags/example_xcomargs.py
[2022-09-15T17:00:19.958+0000] {processor.py:640} INFO - Processing file /home/airflow/.local/lib/python3.7/site-packages/airflow/example_dags/example_xcomargs.py for tasks to queue
[2022-09-15T17:00:19.960+0000] {logging_mixin.py:115} INFO - [2022-09-15T17:00:19.960+0000] {dagbag.py:508} INFO - Filling up the DagBag from /home/airflow/.local/lib/python3.7/site-packages/airflow/example_dags/example_xcomargs.py
[2022-09-15T17:00:19.972+0000] {processor.py:650} INFO - DAG(s) dict_keys(['example_xcom_args', 'example_xcom_args_with_operators']) retrieved from /home/airflow/.local/lib/python3.7/site-packages/airflow/example_dags/example_xcomargs.py
[2022-09-15T17:00:20.021+0000] {logging_mixin.py:115} INFO - [2022-09-15T17:00:20.020+0000] {dag.py:2429} INFO - Sync 2 DAGs
[2022-09-15T17:00:20.033+0000] {logging_mixin.py:115} INFO - [2022-09-15T17:00:20.032+0000] {dag.py:2981} INFO - Setting next_dagrun for example_xcom_args to None, run_after=None
[2022-09-15T17:00:20.034+0000] {logging_mixin.py:115} INFO - [2022-09-15T17:00:20.034+0000] {dag.py:2981} INFO - Setting next_dagrun for example_xcom_args_with_operators to None, run_after=None
[2022-09-15T17:00:20.043+0000] {processor.py:161} INFO - Processing /home/airflow/.local/lib/python3.7/site-packages/airflow/example_dags/example_xcomargs.py took 0.090 seconds
[2022-09-15T17:00:50.122+0000] {processor.py:153} INFO - Started process (PID=2275) to work on /home/airflow/.local/lib/python3.7/site-packages/airflow/example_dags/example_xcomargs.py
[2022-09-15T17:00:50.124+0000] {processor.py:640} INFO - Processing file /home/airflow/.local/lib/python3.7/site-packages/airflow/example_dags/example_xcomargs.py for tasks to queue
[2022-09-15T17:00:50.125+0000] {logging_mixin.py:115} INFO - [2022-09-15T17:00:50.125+0000] {dagbag.py:508} INFO - Filling up the DagBag from /home/airflow/.local/lib/python3.7/site-packages/airflow/example_dags/example_xcomargs.py
[2022-09-15T17:00:50.137+0000] {processor.py:650} INFO - DAG(s) dict_keys(['example_xcom_args', 'example_xcom_args_with_operators']) retrieved from /home/airflow/.local/lib/python3.7/site-packages/airflow/example_dags/example_xcomargs.py
[2022-09-15T17:00:50.159+0000] {logging_mixin.py:115} INFO - [2022-09-15T17:00:50.159+0000] {dag.py:2429} INFO - Sync 2 DAGs
[2022-09-15T17:00:50.174+0000] {logging_mixin.py:115} INFO - [2022-09-15T17:00:50.173+0000] {dag.py:2981} INFO - Setting next_dagrun for example_xcom_args to None, run_after=None
[2022-09-15T17:00:50.175+0000] {logging_mixin.py:115} INFO - [2022-09-15T17:00:50.175+0000] {dag.py:2981} INFO - Setting next_dagrun for example_xcom_args_with_operators to None, run_after=None
[2022-09-15T17:00:50.185+0000] {processor.py:161} INFO - Processing /home/airflow/.local/lib/python3.7/site-packages/airflow/example_dags/example_xcomargs.py took 0.066 seconds
[2022-09-15T17:01:20.326+0000] {processor.py:153} INFO - Started process (PID=2339) to work on /home/airflow/.local/lib/python3.7/site-packages/airflow/example_dags/example_xcomargs.py
[2022-09-15T17:01:20.328+0000] {processor.py:640} INFO - Processing file /home/airflow/.local/lib/python3.7/site-packages/airflow/example_dags/example_xcomargs.py for tasks to queue
[2022-09-15T17:01:20.330+0000] {logging_mixin.py:115} INFO - [2022-09-15T17:01:20.329+0000] {dagbag.py:508} INFO - Filling up the DagBag from /home/airflow/.local/lib/python3.7/site-packages/airflow/example_dags/example_xcomargs.py
[2022-09-15T17:01:20.344+0000] {processor.py:650} INFO - DAG(s) dict_keys(['example_xcom_args', 'example_xcom_args_with_operators']) retrieved from /home/airflow/.local/lib/python3.7/site-packages/airflow/example_dags/example_xcomargs.py
[2022-09-15T17:01:20.392+0000] {logging_mixin.py:115} INFO - [2022-09-15T17:01:20.392+0000] {dag.py:2429} INFO - Sync 2 DAGs
[2022-09-15T17:01:20.407+0000] {logging_mixin.py:115} INFO - [2022-09-15T17:01:20.407+0000] {dag.py:2981} INFO - Setting next_dagrun for example_xcom_args to None, run_after=None
[2022-09-15T17:01:20.410+0000] {logging_mixin.py:115} INFO - [2022-09-15T17:01:20.410+0000] {dag.py:2981} INFO - Setting next_dagrun for example_xcom_args_with_operators to None, run_after=None
[2022-09-15T17:01:20.422+0000] {processor.py:161} INFO - Processing /home/airflow/.local/lib/python3.7/site-packages/airflow/example_dags/example_xcomargs.py took 0.099 seconds
[2022-09-15T17:01:51.115+0000] {processor.py:153} INFO - Started process (PID=2408) to work on /home/airflow/.local/lib/python3.7/site-packages/airflow/example_dags/example_xcomargs.py
[2022-09-15T17:01:51.117+0000] {processor.py:640} INFO - Processing file /home/airflow/.local/lib/python3.7/site-packages/airflow/example_dags/example_xcomargs.py for tasks to queue
[2022-09-15T17:01:51.118+0000] {logging_mixin.py:115} INFO - [2022-09-15T17:01:51.118+0000] {dagbag.py:508} INFO - Filling up the DagBag from /home/airflow/.local/lib/python3.7/site-packages/airflow/example_dags/example_xcomargs.py
[2022-09-15T17:01:51.132+0000] {processor.py:650} INFO - DAG(s) dict_keys(['example_xcom_args', 'example_xcom_args_with_operators']) retrieved from /home/airflow/.local/lib/python3.7/site-packages/airflow/example_dags/example_xcomargs.py
[2022-09-15T17:01:51.183+0000] {logging_mixin.py:115} INFO - [2022-09-15T17:01:51.183+0000] {dag.py:2429} INFO - Sync 2 DAGs
[2022-09-15T17:01:51.199+0000] {logging_mixin.py:115} INFO - [2022-09-15T17:01:51.199+0000] {dag.py:2981} INFO - Setting next_dagrun for example_xcom_args to None, run_after=None
[2022-09-15T17:01:51.200+0000] {logging_mixin.py:115} INFO - [2022-09-15T17:01:51.200+0000] {dag.py:2981} INFO - Setting next_dagrun for example_xcom_args_with_operators to None, run_after=None
[2022-09-15T17:01:51.210+0000] {processor.py:161} INFO - Processing /home/airflow/.local/lib/python3.7/site-packages/airflow/example_dags/example_xcomargs.py took 0.097 seconds
[2022-09-15T17:02:21.497+0000] {processor.py:153} INFO - Started process (PID=2464) to work on /home/airflow/.local/lib/python3.7/site-packages/airflow/example_dags/example_xcomargs.py
[2022-09-15T17:02:21.499+0000] {processor.py:640} INFO - Processing file /home/airflow/.local/lib/python3.7/site-packages/airflow/example_dags/example_xcomargs.py for tasks to queue
[2022-09-15T17:02:21.500+0000] {logging_mixin.py:115} INFO - [2022-09-15T17:02:21.500+0000] {dagbag.py:508} INFO - Filling up the DagBag from /home/airflow/.local/lib/python3.7/site-packages/airflow/example_dags/example_xcomargs.py
[2022-09-15T17:02:21.513+0000] {processor.py:650} INFO - DAG(s) dict_keys(['example_xcom_args', 'example_xcom_args_with_operators']) retrieved from /home/airflow/.local/lib/python3.7/site-packages/airflow/example_dags/example_xcomargs.py
[2022-09-15T17:02:21.565+0000] {logging_mixin.py:115} INFO - [2022-09-15T17:02:21.565+0000] {dag.py:2429} INFO - Sync 2 DAGs
[2022-09-15T17:02:21.580+0000] {logging_mixin.py:115} INFO - [2022-09-15T17:02:21.580+0000] {dag.py:2981} INFO - Setting next_dagrun for example_xcom_args to None, run_after=None
[2022-09-15T17:02:21.582+0000] {logging_mixin.py:115} INFO - [2022-09-15T17:02:21.582+0000] {dag.py:2981} INFO - Setting next_dagrun for example_xcom_args_with_operators to None, run_after=None
[2022-09-15T17:02:21.592+0000] {processor.py:161} INFO - Processing /home/airflow/.local/lib/python3.7/site-packages/airflow/example_dags/example_xcomargs.py took 0.098 seconds
[2022-09-15T17:02:51.699+0000] {processor.py:153} INFO - Started process (PID=2535) to work on /home/airflow/.local/lib/python3.7/site-packages/airflow/example_dags/example_xcomargs.py
[2022-09-15T17:02:51.701+0000] {processor.py:640} INFO - Processing file /home/airflow/.local/lib/python3.7/site-packages/airflow/example_dags/example_xcomargs.py for tasks to queue
[2022-09-15T17:02:51.702+0000] {logging_mixin.py:115} INFO - [2022-09-15T17:02:51.702+0000] {dagbag.py:508} INFO - Filling up the DagBag from /home/airflow/.local/lib/python3.7/site-packages/airflow/example_dags/example_xcomargs.py
[2022-09-15T17:02:51.715+0000] {processor.py:650} INFO - DAG(s) dict_keys(['example_xcom_args', 'example_xcom_args_with_operators']) retrieved from /home/airflow/.local/lib/python3.7/site-packages/airflow/example_dags/example_xcomargs.py
[2022-09-15T17:02:51.765+0000] {logging_mixin.py:115} INFO - [2022-09-15T17:02:51.765+0000] {dag.py:2429} INFO - Sync 2 DAGs
[2022-09-15T17:02:51.778+0000] {logging_mixin.py:115} INFO - [2022-09-15T17:02:51.778+0000] {dag.py:2981} INFO - Setting next_dagrun for example_xcom_args to None, run_after=None
[2022-09-15T17:02:51.779+0000] {logging_mixin.py:115} INFO - [2022-09-15T17:02:51.779+0000] {dag.py:2981} INFO - Setting next_dagrun for example_xcom_args_with_operators to None, run_after=None
[2022-09-15T17:02:51.788+0000] {processor.py:161} INFO - Processing /home/airflow/.local/lib/python3.7/site-packages/airflow/example_dags/example_xcomargs.py took 0.092 seconds
[2022-09-15T17:03:22.854+0000] {processor.py:153} INFO - Started process (PID=2605) to work on /home/airflow/.local/lib/python3.7/site-packages/airflow/example_dags/example_xcomargs.py
[2022-09-15T17:03:22.856+0000] {processor.py:640} INFO - Processing file /home/airflow/.local/lib/python3.7/site-packages/airflow/example_dags/example_xcomargs.py for tasks to queue
[2022-09-15T17:03:22.858+0000] {logging_mixin.py:115} INFO - [2022-09-15T17:03:22.858+0000] {dagbag.py:508} INFO - Filling up the DagBag from /home/airflow/.local/lib/python3.7/site-packages/airflow/example_dags/example_xcomargs.py
[2022-09-15T17:03:22.873+0000] {processor.py:650} INFO - DAG(s) dict_keys(['example_xcom_args', 'example_xcom_args_with_operators']) retrieved from /home/airflow/.local/lib/python3.7/site-packages/airflow/example_dags/example_xcomargs.py
[2022-09-15T17:03:22.930+0000] {logging_mixin.py:115} INFO - [2022-09-15T17:03:22.930+0000] {dag.py:2429} INFO - Sync 2 DAGs
[2022-09-15T17:03:22.945+0000] {logging_mixin.py:115} INFO - [2022-09-15T17:03:22.944+0000] {dag.py:2981} INFO - Setting next_dagrun for example_xcom_args to None, run_after=None
[2022-09-15T17:03:22.947+0000] {logging_mixin.py:115} INFO - [2022-09-15T17:03:22.947+0000] {dag.py:2981} INFO - Setting next_dagrun for example_xcom_args_with_operators to None, run_after=None
[2022-09-15T17:03:22.957+0000] {processor.py:161} INFO - Processing /home/airflow/.local/lib/python3.7/site-packages/airflow/example_dags/example_xcomargs.py took 0.105 seconds
[2022-09-15T17:03:53.096+0000] {processor.py:153} INFO - Started process (PID=2673) to work on /home/airflow/.local/lib/python3.7/site-packages/airflow/example_dags/example_xcomargs.py
[2022-09-15T17:03:53.099+0000] {processor.py:640} INFO - Processing file /home/airflow/.local/lib/python3.7/site-packages/airflow/example_dags/example_xcomargs.py for tasks to queue
[2022-09-15T17:03:53.100+0000] {logging_mixin.py:115} INFO - [2022-09-15T17:03:53.100+0000] {dagbag.py:508} INFO - Filling up the DagBag from /home/airflow/.local/lib/python3.7/site-packages/airflow/example_dags/example_xcomargs.py
[2022-09-15T17:03:53.116+0000] {processor.py:650} INFO - DAG(s) dict_keys(['example_xcom_args', 'example_xcom_args_with_operators']) retrieved from /home/airflow/.local/lib/python3.7/site-packages/airflow/example_dags/example_xcomargs.py
[2022-09-15T17:03:53.168+0000] {logging_mixin.py:115} INFO - [2022-09-15T17:03:53.168+0000] {dag.py:2429} INFO - Sync 2 DAGs
[2022-09-15T17:03:53.181+0000] {logging_mixin.py:115} INFO - [2022-09-15T17:03:53.181+0000] {dag.py:2981} INFO - Setting next_dagrun for example_xcom_args to None, run_after=None
[2022-09-15T17:03:53.182+0000] {logging_mixin.py:115} INFO - [2022-09-15T17:03:53.182+0000] {dag.py:2981} INFO - Setting next_dagrun for example_xcom_args_with_operators to None, run_after=None
[2022-09-15T17:03:53.193+0000] {processor.py:161} INFO - Processing /home/airflow/.local/lib/python3.7/site-packages/airflow/example_dags/example_xcomargs.py took 0.100 seconds
[2022-09-15T17:04:23.290+0000] {processor.py:153} INFO - Started process (PID=2741) to work on /home/airflow/.local/lib/python3.7/site-packages/airflow/example_dags/example_xcomargs.py
[2022-09-15T17:04:23.292+0000] {processor.py:640} INFO - Processing file /home/airflow/.local/lib/python3.7/site-packages/airflow/example_dags/example_xcomargs.py for tasks to queue
[2022-09-15T17:04:23.293+0000] {logging_mixin.py:115} INFO - [2022-09-15T17:04:23.293+0000] {dagbag.py:508} INFO - Filling up the DagBag from /home/airflow/.local/lib/python3.7/site-packages/airflow/example_dags/example_xcomargs.py
[2022-09-15T17:04:23.305+0000] {processor.py:650} INFO - DAG(s) dict_keys(['example_xcom_args', 'example_xcom_args_with_operators']) retrieved from /home/airflow/.local/lib/python3.7/site-packages/airflow/example_dags/example_xcomargs.py
[2022-09-15T17:04:23.360+0000] {logging_mixin.py:115} INFO - [2022-09-15T17:04:23.360+0000] {dag.py:2429} INFO - Sync 2 DAGs
[2022-09-15T17:04:23.377+0000] {logging_mixin.py:115} INFO - [2022-09-15T17:04:23.377+0000] {dag.py:2981} INFO - Setting next_dagrun for example_xcom_args to None, run_after=None
[2022-09-15T17:04:23.378+0000] {logging_mixin.py:115} INFO - [2022-09-15T17:04:23.378+0000] {dag.py:2981} INFO - Setting next_dagrun for example_xcom_args_with_operators to None, run_after=None
[2022-09-15T17:04:23.407+0000] {processor.py:161} INFO - Processing /home/airflow/.local/lib/python3.7/site-packages/airflow/example_dags/example_xcomargs.py took 0.121 seconds
[2022-09-15T17:04:53.507+0000] {processor.py:153} INFO - Started process (PID=2798) to work on /home/airflow/.local/lib/python3.7/site-packages/airflow/example_dags/example_xcomargs.py
[2022-09-15T17:04:53.509+0000] {processor.py:640} INFO - Processing file /home/airflow/.local/lib/python3.7/site-packages/airflow/example_dags/example_xcomargs.py for tasks to queue
[2022-09-15T17:04:53.510+0000] {logging_mixin.py:115} INFO - [2022-09-15T17:04:53.510+0000] {dagbag.py:508} INFO - Filling up the DagBag from /home/airflow/.local/lib/python3.7/site-packages/airflow/example_dags/example_xcomargs.py
[2022-09-15T17:04:53.521+0000] {processor.py:650} INFO - DAG(s) dict_keys(['example_xcom_args', 'example_xcom_args_with_operators']) retrieved from /home/airflow/.local/lib/python3.7/site-packages/airflow/example_dags/example_xcomargs.py
[2022-09-15T17:04:53.568+0000] {logging_mixin.py:115} INFO - [2022-09-15T17:04:53.568+0000] {dag.py:2429} INFO - Sync 2 DAGs
[2022-09-15T17:04:53.581+0000] {logging_mixin.py:115} INFO - [2022-09-15T17:04:53.580+0000] {dag.py:2981} INFO - Setting next_dagrun for example_xcom_args to None, run_after=None
[2022-09-15T17:04:53.582+0000] {logging_mixin.py:115} INFO - [2022-09-15T17:04:53.582+0000] {dag.py:2981} INFO - Setting next_dagrun for example_xcom_args_with_operators to None, run_after=None
[2022-09-15T17:04:53.591+0000] {processor.py:161} INFO - Processing /home/airflow/.local/lib/python3.7/site-packages/airflow/example_dags/example_xcomargs.py took 0.087 seconds
