[2022-09-15T16:43:25.385+0000] {processor.py:153} INFO - Started process (PID=38) to work on /home/airflow/.local/lib/python3.7/site-packages/airflow/example_dags/example_trigger_controller_dag.py
[2022-09-15T16:43:25.391+0000] {processor.py:640} INFO - Processing file /home/airflow/.local/lib/python3.7/site-packages/airflow/example_dags/example_trigger_controller_dag.py for tasks to queue
[2022-09-15T16:43:25.393+0000] {logging_mixin.py:115} INFO - [2022-09-15T16:43:25.393+0000] {dagbag.py:508} INFO - Filling up the DagBag from /home/airflow/.local/lib/python3.7/site-packages/airflow/example_dags/example_trigger_controller_dag.py
[2022-09-15T16:43:25.403+0000] {processor.py:650} INFO - DAG(s) dict_keys(['example_trigger_controller_dag']) retrieved from /home/airflow/.local/lib/python3.7/site-packages/airflow/example_dags/example_trigger_controller_dag.py
[2022-09-15T16:43:25.635+0000] {logging_mixin.py:115} INFO - [2022-09-15T16:43:25.635+0000] {manager.py:508} INFO - Created Permission View: can delete on DAG:example_trigger_controller_dag
[2022-09-15T16:43:25.665+0000] {logging_mixin.py:115} INFO - [2022-09-15T16:43:25.664+0000] {manager.py:508} INFO - Created Permission View: can read on DAG:example_trigger_controller_dag
[2022-09-15T16:43:25.676+0000] {logging_mixin.py:115} INFO - [2022-09-15T16:43:25.676+0000] {manager.py:508} INFO - Created Permission View: can edit on DAG:example_trigger_controller_dag
[2022-09-15T16:43:25.679+0000] {logging_mixin.py:115} INFO - [2022-09-15T16:43:25.679+0000] {dag.py:2429} INFO - Sync 1 DAGs
[2022-09-15T16:43:25.695+0000] {logging_mixin.py:115} INFO - [2022-09-15T16:43:25.695+0000] {dag.py:2448} INFO - Creating ORM DAG for example_trigger_controller_dag
[2022-09-15T16:43:25.713+0000] {logging_mixin.py:115} INFO - [2022-09-15T16:43:25.713+0000] {dag.py:2981} INFO - Setting next_dagrun for example_trigger_controller_dag to 2021-01-01T00:00:00+00:00, run_after=2021-01-01T00:00:00+00:00
[2022-09-15T16:43:25.738+0000] {processor.py:161} INFO - Processing /home/airflow/.local/lib/python3.7/site-packages/airflow/example_dags/example_trigger_controller_dag.py took 0.357 seconds
[2022-09-15T16:43:56.506+0000] {processor.py:153} INFO - Started process (PID=104) to work on /home/airflow/.local/lib/python3.7/site-packages/airflow/example_dags/example_trigger_controller_dag.py
[2022-09-15T16:43:56.507+0000] {processor.py:640} INFO - Processing file /home/airflow/.local/lib/python3.7/site-packages/airflow/example_dags/example_trigger_controller_dag.py for tasks to queue
[2022-09-15T16:43:56.508+0000] {logging_mixin.py:115} INFO - [2022-09-15T16:43:56.508+0000] {dagbag.py:508} INFO - Filling up the DagBag from /home/airflow/.local/lib/python3.7/site-packages/airflow/example_dags/example_trigger_controller_dag.py
[2022-09-15T16:43:56.511+0000] {processor.py:650} INFO - DAG(s) dict_keys(['example_trigger_controller_dag']) retrieved from /home/airflow/.local/lib/python3.7/site-packages/airflow/example_dags/example_trigger_controller_dag.py
[2022-09-15T16:43:56.532+0000] {logging_mixin.py:115} INFO - [2022-09-15T16:43:56.532+0000] {dag.py:2429} INFO - Sync 1 DAGs
[2022-09-15T16:43:56.546+0000] {logging_mixin.py:115} INFO - [2022-09-15T16:43:56.546+0000] {dag.py:2981} INFO - Setting next_dagrun for example_trigger_controller_dag to 2021-01-01T00:00:00+00:00, run_after=2021-01-01T00:00:00+00:00
[2022-09-15T16:43:56.554+0000] {processor.py:161} INFO - Processing /home/airflow/.local/lib/python3.7/site-packages/airflow/example_dags/example_trigger_controller_dag.py took 0.051 seconds
[2022-09-15T16:44:26.595+0000] {processor.py:153} INFO - Started process (PID=169) to work on /home/airflow/.local/lib/python3.7/site-packages/airflow/example_dags/example_trigger_controller_dag.py
[2022-09-15T16:44:26.597+0000] {processor.py:640} INFO - Processing file /home/airflow/.local/lib/python3.7/site-packages/airflow/example_dags/example_trigger_controller_dag.py for tasks to queue
[2022-09-15T16:44:26.598+0000] {logging_mixin.py:115} INFO - [2022-09-15T16:44:26.598+0000] {dagbag.py:508} INFO - Filling up the DagBag from /home/airflow/.local/lib/python3.7/site-packages/airflow/example_dags/example_trigger_controller_dag.py
[2022-09-15T16:44:26.602+0000] {processor.py:650} INFO - DAG(s) dict_keys(['example_trigger_controller_dag']) retrieved from /home/airflow/.local/lib/python3.7/site-packages/airflow/example_dags/example_trigger_controller_dag.py
[2022-09-15T16:44:26.621+0000] {logging_mixin.py:115} INFO - [2022-09-15T16:44:26.621+0000] {dag.py:2429} INFO - Sync 1 DAGs
[2022-09-15T16:44:26.636+0000] {logging_mixin.py:115} INFO - [2022-09-15T16:44:26.635+0000] {dag.py:2981} INFO - Setting next_dagrun for example_trigger_controller_dag to 2021-01-01T00:00:00+00:00, run_after=2021-01-01T00:00:00+00:00
[2022-09-15T16:44:26.644+0000] {processor.py:161} INFO - Processing /home/airflow/.local/lib/python3.7/site-packages/airflow/example_dags/example_trigger_controller_dag.py took 0.052 seconds
[2022-09-15T16:44:56.743+0000] {processor.py:153} INFO - Started process (PID=225) to work on /home/airflow/.local/lib/python3.7/site-packages/airflow/example_dags/example_trigger_controller_dag.py
[2022-09-15T16:44:56.756+0000] {processor.py:640} INFO - Processing file /home/airflow/.local/lib/python3.7/site-packages/airflow/example_dags/example_trigger_controller_dag.py for tasks to queue
[2022-09-15T16:44:56.757+0000] {logging_mixin.py:115} INFO - [2022-09-15T16:44:56.757+0000] {dagbag.py:508} INFO - Filling up the DagBag from /home/airflow/.local/lib/python3.7/site-packages/airflow/example_dags/example_trigger_controller_dag.py
[2022-09-15T16:44:56.761+0000] {processor.py:650} INFO - DAG(s) dict_keys(['example_trigger_controller_dag']) retrieved from /home/airflow/.local/lib/python3.7/site-packages/airflow/example_dags/example_trigger_controller_dag.py
[2022-09-15T16:44:56.782+0000] {logging_mixin.py:115} INFO - [2022-09-15T16:44:56.782+0000] {dag.py:2429} INFO - Sync 1 DAGs
[2022-09-15T16:44:56.798+0000] {logging_mixin.py:115} INFO - [2022-09-15T16:44:56.798+0000] {dag.py:2981} INFO - Setting next_dagrun for example_trigger_controller_dag to 2021-01-01T00:00:00+00:00, run_after=2021-01-01T00:00:00+00:00
[2022-09-15T16:44:56.836+0000] {processor.py:161} INFO - Processing /home/airflow/.local/lib/python3.7/site-packages/airflow/example_dags/example_trigger_controller_dag.py took 0.095 seconds
[2022-09-15T16:45:27.182+0000] {processor.py:153} INFO - Started process (PID=293) to work on /home/airflow/.local/lib/python3.7/site-packages/airflow/example_dags/example_trigger_controller_dag.py
[2022-09-15T16:45:27.184+0000] {processor.py:640} INFO - Processing file /home/airflow/.local/lib/python3.7/site-packages/airflow/example_dags/example_trigger_controller_dag.py for tasks to queue
[2022-09-15T16:45:27.185+0000] {logging_mixin.py:115} INFO - [2022-09-15T16:45:27.185+0000] {dagbag.py:508} INFO - Filling up the DagBag from /home/airflow/.local/lib/python3.7/site-packages/airflow/example_dags/example_trigger_controller_dag.py
[2022-09-15T16:45:27.189+0000] {processor.py:650} INFO - DAG(s) dict_keys(['example_trigger_controller_dag']) retrieved from /home/airflow/.local/lib/python3.7/site-packages/airflow/example_dags/example_trigger_controller_dag.py
[2022-09-15T16:45:27.210+0000] {logging_mixin.py:115} INFO - [2022-09-15T16:45:27.209+0000] {dag.py:2429} INFO - Sync 1 DAGs
[2022-09-15T16:45:27.226+0000] {logging_mixin.py:115} INFO - [2022-09-15T16:45:27.226+0000] {dag.py:2981} INFO - Setting next_dagrun for example_trigger_controller_dag to 2021-01-01T00:00:00+00:00, run_after=2021-01-01T00:00:00+00:00
[2022-09-15T16:45:27.237+0000] {processor.py:161} INFO - Processing /home/airflow/.local/lib/python3.7/site-packages/airflow/example_dags/example_trigger_controller_dag.py took 0.058 seconds
[2022-09-15T16:45:58.252+0000] {processor.py:153} INFO - Started process (PID=360) to work on /home/airflow/.local/lib/python3.7/site-packages/airflow/example_dags/example_trigger_controller_dag.py
[2022-09-15T16:45:58.254+0000] {processor.py:640} INFO - Processing file /home/airflow/.local/lib/python3.7/site-packages/airflow/example_dags/example_trigger_controller_dag.py for tasks to queue
[2022-09-15T16:45:58.257+0000] {logging_mixin.py:115} INFO - [2022-09-15T16:45:58.256+0000] {dagbag.py:508} INFO - Filling up the DagBag from /home/airflow/.local/lib/python3.7/site-packages/airflow/example_dags/example_trigger_controller_dag.py
[2022-09-15T16:45:58.259+0000] {processor.py:650} INFO - DAG(s) dict_keys(['example_trigger_controller_dag']) retrieved from /home/airflow/.local/lib/python3.7/site-packages/airflow/example_dags/example_trigger_controller_dag.py
[2022-09-15T16:45:58.281+0000] {logging_mixin.py:115} INFO - [2022-09-15T16:45:58.281+0000] {dag.py:2429} INFO - Sync 1 DAGs
[2022-09-15T16:45:58.297+0000] {logging_mixin.py:115} INFO - [2022-09-15T16:45:58.297+0000] {dag.py:2981} INFO - Setting next_dagrun for example_trigger_controller_dag to 2021-01-01T00:00:00+00:00, run_after=2021-01-01T00:00:00+00:00
[2022-09-15T16:45:58.308+0000] {processor.py:161} INFO - Processing /home/airflow/.local/lib/python3.7/site-packages/airflow/example_dags/example_trigger_controller_dag.py took 0.058 seconds
[2022-09-15T16:46:29.277+0000] {processor.py:153} INFO - Started process (PID=426) to work on /home/airflow/.local/lib/python3.7/site-packages/airflow/example_dags/example_trigger_controller_dag.py
[2022-09-15T16:46:29.279+0000] {processor.py:640} INFO - Processing file /home/airflow/.local/lib/python3.7/site-packages/airflow/example_dags/example_trigger_controller_dag.py for tasks to queue
[2022-09-15T16:46:29.281+0000] {logging_mixin.py:115} INFO - [2022-09-15T16:46:29.280+0000] {dagbag.py:508} INFO - Filling up the DagBag from /home/airflow/.local/lib/python3.7/site-packages/airflow/example_dags/example_trigger_controller_dag.py
[2022-09-15T16:46:29.283+0000] {processor.py:650} INFO - DAG(s) dict_keys(['example_trigger_controller_dag']) retrieved from /home/airflow/.local/lib/python3.7/site-packages/airflow/example_dags/example_trigger_controller_dag.py
[2022-09-15T16:46:29.305+0000] {logging_mixin.py:115} INFO - [2022-09-15T16:46:29.305+0000] {dag.py:2429} INFO - Sync 1 DAGs
[2022-09-15T16:46:29.319+0000] {logging_mixin.py:115} INFO - [2022-09-15T16:46:29.319+0000] {dag.py:2981} INFO - Setting next_dagrun for example_trigger_controller_dag to 2021-01-01T00:00:00+00:00, run_after=2021-01-01T00:00:00+00:00
[2022-09-15T16:46:29.328+0000] {processor.py:161} INFO - Processing /home/airflow/.local/lib/python3.7/site-packages/airflow/example_dags/example_trigger_controller_dag.py took 0.053 seconds
[2022-09-15T16:47:00.155+0000] {processor.py:153} INFO - Started process (PID=495) to work on /home/airflow/.local/lib/python3.7/site-packages/airflow/example_dags/example_trigger_controller_dag.py
[2022-09-15T16:47:00.156+0000] {processor.py:640} INFO - Processing file /home/airflow/.local/lib/python3.7/site-packages/airflow/example_dags/example_trigger_controller_dag.py for tasks to queue
[2022-09-15T16:47:00.158+0000] {logging_mixin.py:115} INFO - [2022-09-15T16:47:00.157+0000] {dagbag.py:508} INFO - Filling up the DagBag from /home/airflow/.local/lib/python3.7/site-packages/airflow/example_dags/example_trigger_controller_dag.py
[2022-09-15T16:47:00.160+0000] {processor.py:650} INFO - DAG(s) dict_keys(['example_trigger_controller_dag']) retrieved from /home/airflow/.local/lib/python3.7/site-packages/airflow/example_dags/example_trigger_controller_dag.py
[2022-09-15T16:47:00.180+0000] {logging_mixin.py:115} INFO - [2022-09-15T16:47:00.180+0000] {dag.py:2429} INFO - Sync 1 DAGs
[2022-09-15T16:47:00.200+0000] {logging_mixin.py:115} INFO - [2022-09-15T16:47:00.200+0000] {dag.py:2981} INFO - Setting next_dagrun for example_trigger_controller_dag to 2021-01-01T00:00:00+00:00, run_after=2021-01-01T00:00:00+00:00
[2022-09-15T16:47:00.211+0000] {processor.py:161} INFO - Processing /home/airflow/.local/lib/python3.7/site-packages/airflow/example_dags/example_trigger_controller_dag.py took 0.059 seconds
[2022-09-15T16:47:31.162+0000] {processor.py:153} INFO - Started process (PID=563) to work on /home/airflow/.local/lib/python3.7/site-packages/airflow/example_dags/example_trigger_controller_dag.py
[2022-09-15T16:47:31.163+0000] {processor.py:640} INFO - Processing file /home/airflow/.local/lib/python3.7/site-packages/airflow/example_dags/example_trigger_controller_dag.py for tasks to queue
[2022-09-15T16:47:31.165+0000] {logging_mixin.py:115} INFO - [2022-09-15T16:47:31.165+0000] {dagbag.py:508} INFO - Filling up the DagBag from /home/airflow/.local/lib/python3.7/site-packages/airflow/example_dags/example_trigger_controller_dag.py
[2022-09-15T16:47:31.168+0000] {processor.py:650} INFO - DAG(s) dict_keys(['example_trigger_controller_dag']) retrieved from /home/airflow/.local/lib/python3.7/site-packages/airflow/example_dags/example_trigger_controller_dag.py
[2022-09-15T16:47:31.189+0000] {logging_mixin.py:115} INFO - [2022-09-15T16:47:31.189+0000] {dag.py:2429} INFO - Sync 1 DAGs
[2022-09-15T16:47:31.204+0000] {logging_mixin.py:115} INFO - [2022-09-15T16:47:31.204+0000] {dag.py:2981} INFO - Setting next_dagrun for example_trigger_controller_dag to 2021-01-01T00:00:00+00:00, run_after=2021-01-01T00:00:00+00:00
[2022-09-15T16:47:31.218+0000] {processor.py:161} INFO - Processing /home/airflow/.local/lib/python3.7/site-packages/airflow/example_dags/example_trigger_controller_dag.py took 0.058 seconds
[2022-09-15T16:48:01.995+0000] {processor.py:153} INFO - Started process (PID=631) to work on /home/airflow/.local/lib/python3.7/site-packages/airflow/example_dags/example_trigger_controller_dag.py
[2022-09-15T16:48:01.997+0000] {processor.py:640} INFO - Processing file /home/airflow/.local/lib/python3.7/site-packages/airflow/example_dags/example_trigger_controller_dag.py for tasks to queue
[2022-09-15T16:48:01.998+0000] {logging_mixin.py:115} INFO - [2022-09-15T16:48:01.998+0000] {dagbag.py:508} INFO - Filling up the DagBag from /home/airflow/.local/lib/python3.7/site-packages/airflow/example_dags/example_trigger_controller_dag.py
[2022-09-15T16:48:02.001+0000] {processor.py:650} INFO - DAG(s) dict_keys(['example_trigger_controller_dag']) retrieved from /home/airflow/.local/lib/python3.7/site-packages/airflow/example_dags/example_trigger_controller_dag.py
[2022-09-15T16:48:02.021+0000] {logging_mixin.py:115} INFO - [2022-09-15T16:48:02.021+0000] {dag.py:2429} INFO - Sync 1 DAGs
[2022-09-15T16:48:02.035+0000] {logging_mixin.py:115} INFO - [2022-09-15T16:48:02.035+0000] {dag.py:2981} INFO - Setting next_dagrun for example_trigger_controller_dag to 2021-01-01T00:00:00+00:00, run_after=2021-01-01T00:00:00+00:00
[2022-09-15T16:48:02.044+0000] {processor.py:161} INFO - Processing /home/airflow/.local/lib/python3.7/site-packages/airflow/example_dags/example_trigger_controller_dag.py took 0.051 seconds
[2022-09-15T16:48:32.905+0000] {processor.py:153} INFO - Started process (PID=694) to work on /home/airflow/.local/lib/python3.7/site-packages/airflow/example_dags/example_trigger_controller_dag.py
[2022-09-15T16:48:32.922+0000] {processor.py:640} INFO - Processing file /home/airflow/.local/lib/python3.7/site-packages/airflow/example_dags/example_trigger_controller_dag.py for tasks to queue
[2022-09-15T16:48:32.924+0000] {logging_mixin.py:115} INFO - [2022-09-15T16:48:32.924+0000] {dagbag.py:508} INFO - Filling up the DagBag from /home/airflow/.local/lib/python3.7/site-packages/airflow/example_dags/example_trigger_controller_dag.py
[2022-09-15T16:48:32.928+0000] {processor.py:650} INFO - DAG(s) dict_keys(['example_trigger_controller_dag']) retrieved from /home/airflow/.local/lib/python3.7/site-packages/airflow/example_dags/example_trigger_controller_dag.py
[2022-09-15T16:48:32.949+0000] {logging_mixin.py:115} INFO - [2022-09-15T16:48:32.949+0000] {dag.py:2429} INFO - Sync 1 DAGs
[2022-09-15T16:48:32.965+0000] {logging_mixin.py:115} INFO - [2022-09-15T16:48:32.965+0000] {dag.py:2981} INFO - Setting next_dagrun for example_trigger_controller_dag to 2021-01-01T00:00:00+00:00, run_after=2021-01-01T00:00:00+00:00
[2022-09-15T16:48:32.975+0000] {processor.py:161} INFO - Processing /home/airflow/.local/lib/python3.7/site-packages/airflow/example_dags/example_trigger_controller_dag.py took 0.073 seconds
[2022-09-15T16:49:03.122+0000] {processor.py:153} INFO - Started process (PID=752) to work on /home/airflow/.local/lib/python3.7/site-packages/airflow/example_dags/example_trigger_controller_dag.py
[2022-09-15T16:49:03.128+0000] {processor.py:640} INFO - Processing file /home/airflow/.local/lib/python3.7/site-packages/airflow/example_dags/example_trigger_controller_dag.py for tasks to queue
[2022-09-15T16:49:03.129+0000] {logging_mixin.py:115} INFO - [2022-09-15T16:49:03.129+0000] {dagbag.py:508} INFO - Filling up the DagBag from /home/airflow/.local/lib/python3.7/site-packages/airflow/example_dags/example_trigger_controller_dag.py
[2022-09-15T16:49:03.132+0000] {processor.py:650} INFO - DAG(s) dict_keys(['example_trigger_controller_dag']) retrieved from /home/airflow/.local/lib/python3.7/site-packages/airflow/example_dags/example_trigger_controller_dag.py
[2022-09-15T16:49:03.151+0000] {logging_mixin.py:115} INFO - [2022-09-15T16:49:03.151+0000] {dag.py:2429} INFO - Sync 1 DAGs
[2022-09-15T16:49:03.166+0000] {logging_mixin.py:115} INFO - [2022-09-15T16:49:03.166+0000] {dag.py:2981} INFO - Setting next_dagrun for example_trigger_controller_dag to 2021-01-01T00:00:00+00:00, run_after=2021-01-01T00:00:00+00:00
[2022-09-15T16:49:03.174+0000] {processor.py:161} INFO - Processing /home/airflow/.local/lib/python3.7/site-packages/airflow/example_dags/example_trigger_controller_dag.py took 0.055 seconds
[2022-09-15T16:49:34.115+0000] {processor.py:153} INFO - Started process (PID=817) to work on /home/airflow/.local/lib/python3.7/site-packages/airflow/example_dags/example_trigger_controller_dag.py
[2022-09-15T16:49:34.117+0000] {processor.py:640} INFO - Processing file /home/airflow/.local/lib/python3.7/site-packages/airflow/example_dags/example_trigger_controller_dag.py for tasks to queue
[2022-09-15T16:49:34.118+0000] {logging_mixin.py:115} INFO - [2022-09-15T16:49:34.118+0000] {dagbag.py:508} INFO - Filling up the DagBag from /home/airflow/.local/lib/python3.7/site-packages/airflow/example_dags/example_trigger_controller_dag.py
[2022-09-15T16:49:34.124+0000] {processor.py:650} INFO - DAG(s) dict_keys(['example_trigger_controller_dag']) retrieved from /home/airflow/.local/lib/python3.7/site-packages/airflow/example_dags/example_trigger_controller_dag.py
[2022-09-15T16:49:34.150+0000] {logging_mixin.py:115} INFO - [2022-09-15T16:49:34.150+0000] {dag.py:2429} INFO - Sync 1 DAGs
[2022-09-15T16:49:34.169+0000] {logging_mixin.py:115} INFO - [2022-09-15T16:49:34.169+0000] {dag.py:2981} INFO - Setting next_dagrun for example_trigger_controller_dag to 2021-01-01T00:00:00+00:00, run_after=2021-01-01T00:00:00+00:00
[2022-09-15T16:49:34.179+0000] {processor.py:161} INFO - Processing /home/airflow/.local/lib/python3.7/site-packages/airflow/example_dags/example_trigger_controller_dag.py took 0.068 seconds
[2022-09-15T16:50:04.387+0000] {processor.py:153} INFO - Started process (PID=886) to work on /home/airflow/.local/lib/python3.7/site-packages/airflow/example_dags/example_trigger_controller_dag.py
[2022-09-15T16:50:04.389+0000] {processor.py:640} INFO - Processing file /home/airflow/.local/lib/python3.7/site-packages/airflow/example_dags/example_trigger_controller_dag.py for tasks to queue
[2022-09-15T16:50:04.391+0000] {logging_mixin.py:115} INFO - [2022-09-15T16:50:04.390+0000] {dagbag.py:508} INFO - Filling up the DagBag from /home/airflow/.local/lib/python3.7/site-packages/airflow/example_dags/example_trigger_controller_dag.py
[2022-09-15T16:50:04.394+0000] {processor.py:650} INFO - DAG(s) dict_keys(['example_trigger_controller_dag']) retrieved from /home/airflow/.local/lib/python3.7/site-packages/airflow/example_dags/example_trigger_controller_dag.py
[2022-09-15T16:50:04.417+0000] {logging_mixin.py:115} INFO - [2022-09-15T16:50:04.417+0000] {dag.py:2429} INFO - Sync 1 DAGs
[2022-09-15T16:50:04.435+0000] {logging_mixin.py:115} INFO - [2022-09-15T16:50:04.435+0000] {dag.py:2981} INFO - Setting next_dagrun for example_trigger_controller_dag to 2021-01-01T00:00:00+00:00, run_after=2021-01-01T00:00:00+00:00
[2022-09-15T16:50:04.445+0000] {processor.py:161} INFO - Processing /home/airflow/.local/lib/python3.7/site-packages/airflow/example_dags/example_trigger_controller_dag.py took 0.060 seconds
[2022-09-15T16:50:35.462+0000] {processor.py:153} INFO - Started process (PID=955) to work on /home/airflow/.local/lib/python3.7/site-packages/airflow/example_dags/example_trigger_controller_dag.py
[2022-09-15T16:50:35.464+0000] {processor.py:640} INFO - Processing file /home/airflow/.local/lib/python3.7/site-packages/airflow/example_dags/example_trigger_controller_dag.py for tasks to queue
[2022-09-15T16:50:35.466+0000] {logging_mixin.py:115} INFO - [2022-09-15T16:50:35.466+0000] {dagbag.py:508} INFO - Filling up the DagBag from /home/airflow/.local/lib/python3.7/site-packages/airflow/example_dags/example_trigger_controller_dag.py
[2022-09-15T16:50:35.472+0000] {processor.py:650} INFO - DAG(s) dict_keys(['example_trigger_controller_dag']) retrieved from /home/airflow/.local/lib/python3.7/site-packages/airflow/example_dags/example_trigger_controller_dag.py
[2022-09-15T16:50:35.495+0000] {logging_mixin.py:115} INFO - [2022-09-15T16:50:35.495+0000] {dag.py:2429} INFO - Sync 1 DAGs
[2022-09-15T16:50:35.509+0000] {logging_mixin.py:115} INFO - [2022-09-15T16:50:35.509+0000] {dag.py:2981} INFO - Setting next_dagrun for example_trigger_controller_dag to 2021-01-01T00:00:00+00:00, run_after=2021-01-01T00:00:00+00:00
[2022-09-15T16:50:35.519+0000] {processor.py:161} INFO - Processing /home/airflow/.local/lib/python3.7/site-packages/airflow/example_dags/example_trigger_controller_dag.py took 0.059 seconds
[2022-09-15T16:51:06.374+0000] {processor.py:153} INFO - Started process (PID=1021) to work on /home/airflow/.local/lib/python3.7/site-packages/airflow/example_dags/example_trigger_controller_dag.py
[2022-09-15T16:51:06.376+0000] {processor.py:640} INFO - Processing file /home/airflow/.local/lib/python3.7/site-packages/airflow/example_dags/example_trigger_controller_dag.py for tasks to queue
[2022-09-15T16:51:06.377+0000] {logging_mixin.py:115} INFO - [2022-09-15T16:51:06.377+0000] {dagbag.py:508} INFO - Filling up the DagBag from /home/airflow/.local/lib/python3.7/site-packages/airflow/example_dags/example_trigger_controller_dag.py
[2022-09-15T16:51:06.380+0000] {processor.py:650} INFO - DAG(s) dict_keys(['example_trigger_controller_dag']) retrieved from /home/airflow/.local/lib/python3.7/site-packages/airflow/example_dags/example_trigger_controller_dag.py
[2022-09-15T16:51:06.399+0000] {logging_mixin.py:115} INFO - [2022-09-15T16:51:06.399+0000] {dag.py:2429} INFO - Sync 1 DAGs
[2022-09-15T16:51:06.414+0000] {logging_mixin.py:115} INFO - [2022-09-15T16:51:06.414+0000] {dag.py:2981} INFO - Setting next_dagrun for example_trigger_controller_dag to 2021-01-01T00:00:00+00:00, run_after=2021-01-01T00:00:00+00:00
[2022-09-15T16:51:06.422+0000] {processor.py:161} INFO - Processing /home/airflow/.local/lib/python3.7/site-packages/airflow/example_dags/example_trigger_controller_dag.py took 0.050 seconds
[2022-09-15T16:51:37.279+0000] {processor.py:153} INFO - Started process (PID=1079) to work on /home/airflow/.local/lib/python3.7/site-packages/airflow/example_dags/example_trigger_controller_dag.py
[2022-09-15T16:51:37.281+0000] {processor.py:640} INFO - Processing file /home/airflow/.local/lib/python3.7/site-packages/airflow/example_dags/example_trigger_controller_dag.py for tasks to queue
[2022-09-15T16:51:37.283+0000] {logging_mixin.py:115} INFO - [2022-09-15T16:51:37.283+0000] {dagbag.py:508} INFO - Filling up the DagBag from /home/airflow/.local/lib/python3.7/site-packages/airflow/example_dags/example_trigger_controller_dag.py
[2022-09-15T16:51:37.287+0000] {processor.py:650} INFO - DAG(s) dict_keys(['example_trigger_controller_dag']) retrieved from /home/airflow/.local/lib/python3.7/site-packages/airflow/example_dags/example_trigger_controller_dag.py
[2022-09-15T16:51:37.310+0000] {logging_mixin.py:115} INFO - [2022-09-15T16:51:37.310+0000] {dag.py:2429} INFO - Sync 1 DAGs
[2022-09-15T16:51:37.339+0000] {logging_mixin.py:115} INFO - [2022-09-15T16:51:37.339+0000] {dag.py:2981} INFO - Setting next_dagrun for example_trigger_controller_dag to 2021-01-01T00:00:00+00:00, run_after=2021-01-01T00:00:00+00:00
[2022-09-15T16:51:37.403+0000] {processor.py:161} INFO - Processing /home/airflow/.local/lib/python3.7/site-packages/airflow/example_dags/example_trigger_controller_dag.py took 0.126 seconds
[2022-09-15T16:52:08.262+0000] {processor.py:153} INFO - Started process (PID=1146) to work on /home/airflow/.local/lib/python3.7/site-packages/airflow/example_dags/example_trigger_controller_dag.py
[2022-09-15T16:52:08.264+0000] {processor.py:640} INFO - Processing file /home/airflow/.local/lib/python3.7/site-packages/airflow/example_dags/example_trigger_controller_dag.py for tasks to queue
[2022-09-15T16:52:08.265+0000] {logging_mixin.py:115} INFO - [2022-09-15T16:52:08.265+0000] {dagbag.py:508} INFO - Filling up the DagBag from /home/airflow/.local/lib/python3.7/site-packages/airflow/example_dags/example_trigger_controller_dag.py
[2022-09-15T16:52:08.268+0000] {processor.py:650} INFO - DAG(s) dict_keys(['example_trigger_controller_dag']) retrieved from /home/airflow/.local/lib/python3.7/site-packages/airflow/example_dags/example_trigger_controller_dag.py
[2022-09-15T16:52:08.291+0000] {logging_mixin.py:115} INFO - [2022-09-15T16:52:08.291+0000] {dag.py:2429} INFO - Sync 1 DAGs
[2022-09-15T16:52:08.311+0000] {logging_mixin.py:115} INFO - [2022-09-15T16:52:08.311+0000] {dag.py:2981} INFO - Setting next_dagrun for example_trigger_controller_dag to 2021-01-01T00:00:00+00:00, run_after=2021-01-01T00:00:00+00:00
[2022-09-15T16:52:08.321+0000] {processor.py:161} INFO - Processing /home/airflow/.local/lib/python3.7/site-packages/airflow/example_dags/example_trigger_controller_dag.py took 0.062 seconds
[2022-09-15T16:52:39.150+0000] {processor.py:153} INFO - Started process (PID=1212) to work on /home/airflow/.local/lib/python3.7/site-packages/airflow/example_dags/example_trigger_controller_dag.py
[2022-09-15T16:52:39.152+0000] {processor.py:640} INFO - Processing file /home/airflow/.local/lib/python3.7/site-packages/airflow/example_dags/example_trigger_controller_dag.py for tasks to queue
[2022-09-15T16:52:39.153+0000] {logging_mixin.py:115} INFO - [2022-09-15T16:52:39.153+0000] {dagbag.py:508} INFO - Filling up the DagBag from /home/airflow/.local/lib/python3.7/site-packages/airflow/example_dags/example_trigger_controller_dag.py
[2022-09-15T16:52:39.158+0000] {processor.py:650} INFO - DAG(s) dict_keys(['example_trigger_controller_dag']) retrieved from /home/airflow/.local/lib/python3.7/site-packages/airflow/example_dags/example_trigger_controller_dag.py
[2022-09-15T16:52:39.186+0000] {logging_mixin.py:115} INFO - [2022-09-15T16:52:39.185+0000] {dag.py:2429} INFO - Sync 1 DAGs
[2022-09-15T16:52:39.203+0000] {logging_mixin.py:115} INFO - [2022-09-15T16:52:39.203+0000] {dag.py:2981} INFO - Setting next_dagrun for example_trigger_controller_dag to 2021-01-01T00:00:00+00:00, run_after=2021-01-01T00:00:00+00:00
[2022-09-15T16:52:39.211+0000] {processor.py:161} INFO - Processing /home/airflow/.local/lib/python3.7/site-packages/airflow/example_dags/example_trigger_controller_dag.py took 0.066 seconds
[2022-09-15T16:53:10.233+0000] {processor.py:153} INFO - Started process (PID=1280) to work on /home/airflow/.local/lib/python3.7/site-packages/airflow/example_dags/example_trigger_controller_dag.py
[2022-09-15T16:53:10.235+0000] {processor.py:640} INFO - Processing file /home/airflow/.local/lib/python3.7/site-packages/airflow/example_dags/example_trigger_controller_dag.py for tasks to queue
[2022-09-15T16:53:10.236+0000] {logging_mixin.py:115} INFO - [2022-09-15T16:53:10.236+0000] {dagbag.py:508} INFO - Filling up the DagBag from /home/airflow/.local/lib/python3.7/site-packages/airflow/example_dags/example_trigger_controller_dag.py
[2022-09-15T16:53:10.241+0000] {processor.py:650} INFO - DAG(s) dict_keys(['example_trigger_controller_dag']) retrieved from /home/airflow/.local/lib/python3.7/site-packages/airflow/example_dags/example_trigger_controller_dag.py
[2022-09-15T16:53:10.266+0000] {logging_mixin.py:115} INFO - [2022-09-15T16:53:10.266+0000] {dag.py:2429} INFO - Sync 1 DAGs
[2022-09-15T16:53:10.282+0000] {logging_mixin.py:115} INFO - [2022-09-15T16:53:10.282+0000] {dag.py:2981} INFO - Setting next_dagrun for example_trigger_controller_dag to 2021-01-01T00:00:00+00:00, run_after=2021-01-01T00:00:00+00:00
[2022-09-15T16:53:10.292+0000] {processor.py:161} INFO - Processing /home/airflow/.local/lib/python3.7/site-packages/airflow/example_dags/example_trigger_controller_dag.py took 0.061 seconds
[2022-09-15T16:53:40.719+0000] {processor.py:153} INFO - Started process (PID=1348) to work on /home/airflow/.local/lib/python3.7/site-packages/airflow/example_dags/example_trigger_controller_dag.py
[2022-09-15T16:53:40.721+0000] {processor.py:640} INFO - Processing file /home/airflow/.local/lib/python3.7/site-packages/airflow/example_dags/example_trigger_controller_dag.py for tasks to queue
[2022-09-15T16:53:40.722+0000] {logging_mixin.py:115} INFO - [2022-09-15T16:53:40.722+0000] {dagbag.py:508} INFO - Filling up the DagBag from /home/airflow/.local/lib/python3.7/site-packages/airflow/example_dags/example_trigger_controller_dag.py
[2022-09-15T16:53:40.725+0000] {processor.py:650} INFO - DAG(s) dict_keys(['example_trigger_controller_dag']) retrieved from /home/airflow/.local/lib/python3.7/site-packages/airflow/example_dags/example_trigger_controller_dag.py
[2022-09-15T16:53:40.746+0000] {logging_mixin.py:115} INFO - [2022-09-15T16:53:40.745+0000] {dag.py:2429} INFO - Sync 1 DAGs
[2022-09-15T16:53:40.760+0000] {logging_mixin.py:115} INFO - [2022-09-15T16:53:40.760+0000] {dag.py:2981} INFO - Setting next_dagrun for example_trigger_controller_dag to 2021-01-01T00:00:00+00:00, run_after=2021-01-01T00:00:00+00:00
[2022-09-15T16:53:40.769+0000] {processor.py:161} INFO - Processing /home/airflow/.local/lib/python3.7/site-packages/airflow/example_dags/example_trigger_controller_dag.py took 0.052 seconds
[2022-09-15T16:54:11.748+0000] {processor.py:153} INFO - Started process (PID=1417) to work on /home/airflow/.local/lib/python3.7/site-packages/airflow/example_dags/example_trigger_controller_dag.py
[2022-09-15T16:54:11.750+0000] {processor.py:640} INFO - Processing file /home/airflow/.local/lib/python3.7/site-packages/airflow/example_dags/example_trigger_controller_dag.py for tasks to queue
[2022-09-15T16:54:11.751+0000] {logging_mixin.py:115} INFO - [2022-09-15T16:54:11.751+0000] {dagbag.py:508} INFO - Filling up the DagBag from /home/airflow/.local/lib/python3.7/site-packages/airflow/example_dags/example_trigger_controller_dag.py
[2022-09-15T16:54:11.754+0000] {processor.py:650} INFO - DAG(s) dict_keys(['example_trigger_controller_dag']) retrieved from /home/airflow/.local/lib/python3.7/site-packages/airflow/example_dags/example_trigger_controller_dag.py
[2022-09-15T16:54:11.778+0000] {logging_mixin.py:115} INFO - [2022-09-15T16:54:11.777+0000] {dag.py:2429} INFO - Sync 1 DAGs
[2022-09-15T16:54:11.791+0000] {logging_mixin.py:115} INFO - [2022-09-15T16:54:11.791+0000] {dag.py:2981} INFO - Setting next_dagrun for example_trigger_controller_dag to 2021-01-01T00:00:00+00:00, run_after=2021-01-01T00:00:00+00:00
[2022-09-15T16:54:11.799+0000] {processor.py:161} INFO - Processing /home/airflow/.local/lib/python3.7/site-packages/airflow/example_dags/example_trigger_controller_dag.py took 0.054 seconds
[2022-09-15T16:54:42.644+0000] {processor.py:153} INFO - Started process (PID=1472) to work on /home/airflow/.local/lib/python3.7/site-packages/airflow/example_dags/example_trigger_controller_dag.py
[2022-09-15T16:54:42.646+0000] {processor.py:640} INFO - Processing file /home/airflow/.local/lib/python3.7/site-packages/airflow/example_dags/example_trigger_controller_dag.py for tasks to queue
[2022-09-15T16:54:42.647+0000] {logging_mixin.py:115} INFO - [2022-09-15T16:54:42.647+0000] {dagbag.py:508} INFO - Filling up the DagBag from /home/airflow/.local/lib/python3.7/site-packages/airflow/example_dags/example_trigger_controller_dag.py
[2022-09-15T16:54:42.651+0000] {processor.py:650} INFO - DAG(s) dict_keys(['example_trigger_controller_dag']) retrieved from /home/airflow/.local/lib/python3.7/site-packages/airflow/example_dags/example_trigger_controller_dag.py
[2022-09-15T16:54:42.672+0000] {logging_mixin.py:115} INFO - [2022-09-15T16:54:42.672+0000] {dag.py:2429} INFO - Sync 1 DAGs
[2022-09-15T16:54:42.688+0000] {logging_mixin.py:115} INFO - [2022-09-15T16:54:42.688+0000] {dag.py:2981} INFO - Setting next_dagrun for example_trigger_controller_dag to 2021-01-01T00:00:00+00:00, run_after=2021-01-01T00:00:00+00:00
[2022-09-15T16:54:42.699+0000] {processor.py:161} INFO - Processing /home/airflow/.local/lib/python3.7/site-packages/airflow/example_dags/example_trigger_controller_dag.py took 0.058 seconds
[2022-09-15T16:55:12.828+0000] {processor.py:153} INFO - Started process (PID=1540) to work on /home/airflow/.local/lib/python3.7/site-packages/airflow/example_dags/example_trigger_controller_dag.py
[2022-09-15T16:55:12.830+0000] {processor.py:640} INFO - Processing file /home/airflow/.local/lib/python3.7/site-packages/airflow/example_dags/example_trigger_controller_dag.py for tasks to queue
[2022-09-15T16:55:12.831+0000] {logging_mixin.py:115} INFO - [2022-09-15T16:55:12.831+0000] {dagbag.py:508} INFO - Filling up the DagBag from /home/airflow/.local/lib/python3.7/site-packages/airflow/example_dags/example_trigger_controller_dag.py
[2022-09-15T16:55:12.834+0000] {processor.py:650} INFO - DAG(s) dict_keys(['example_trigger_controller_dag']) retrieved from /home/airflow/.local/lib/python3.7/site-packages/airflow/example_dags/example_trigger_controller_dag.py
[2022-09-15T16:55:12.856+0000] {logging_mixin.py:115} INFO - [2022-09-15T16:55:12.856+0000] {dag.py:2429} INFO - Sync 1 DAGs
[2022-09-15T16:55:12.871+0000] {logging_mixin.py:115} INFO - [2022-09-15T16:55:12.871+0000] {dag.py:2981} INFO - Setting next_dagrun for example_trigger_controller_dag to 2021-01-01T00:00:00+00:00, run_after=2021-01-01T00:00:00+00:00
[2022-09-15T16:55:12.879+0000] {processor.py:161} INFO - Processing /home/airflow/.local/lib/python3.7/site-packages/airflow/example_dags/example_trigger_controller_dag.py took 0.054 seconds
[2022-09-15T16:55:43.002+0000] {processor.py:153} INFO - Started process (PID=1610) to work on /home/airflow/.local/lib/python3.7/site-packages/airflow/example_dags/example_trigger_controller_dag.py
[2022-09-15T16:55:43.004+0000] {processor.py:640} INFO - Processing file /home/airflow/.local/lib/python3.7/site-packages/airflow/example_dags/example_trigger_controller_dag.py for tasks to queue
[2022-09-15T16:55:43.005+0000] {logging_mixin.py:115} INFO - [2022-09-15T16:55:43.005+0000] {dagbag.py:508} INFO - Filling up the DagBag from /home/airflow/.local/lib/python3.7/site-packages/airflow/example_dags/example_trigger_controller_dag.py
[2022-09-15T16:55:43.007+0000] {processor.py:650} INFO - DAG(s) dict_keys(['example_trigger_controller_dag']) retrieved from /home/airflow/.local/lib/python3.7/site-packages/airflow/example_dags/example_trigger_controller_dag.py
[2022-09-15T16:55:43.028+0000] {logging_mixin.py:115} INFO - [2022-09-15T16:55:43.028+0000] {dag.py:2429} INFO - Sync 1 DAGs
[2022-09-15T16:55:43.042+0000] {logging_mixin.py:115} INFO - [2022-09-15T16:55:43.042+0000] {dag.py:2981} INFO - Setting next_dagrun for example_trigger_controller_dag to 2021-01-01T00:00:00+00:00, run_after=2021-01-01T00:00:00+00:00
[2022-09-15T16:55:43.054+0000] {processor.py:161} INFO - Processing /home/airflow/.local/lib/python3.7/site-packages/airflow/example_dags/example_trigger_controller_dag.py took 0.055 seconds
[2022-09-15T16:56:13.144+0000] {processor.py:153} INFO - Started process (PID=1676) to work on /home/airflow/.local/lib/python3.7/site-packages/airflow/example_dags/example_trigger_controller_dag.py
[2022-09-15T16:56:13.146+0000] {processor.py:640} INFO - Processing file /home/airflow/.local/lib/python3.7/site-packages/airflow/example_dags/example_trigger_controller_dag.py for tasks to queue
[2022-09-15T16:56:13.147+0000] {logging_mixin.py:115} INFO - [2022-09-15T16:56:13.147+0000] {dagbag.py:508} INFO - Filling up the DagBag from /home/airflow/.local/lib/python3.7/site-packages/airflow/example_dags/example_trigger_controller_dag.py
[2022-09-15T16:56:13.151+0000] {processor.py:650} INFO - DAG(s) dict_keys(['example_trigger_controller_dag']) retrieved from /home/airflow/.local/lib/python3.7/site-packages/airflow/example_dags/example_trigger_controller_dag.py
[2022-09-15T16:56:13.176+0000] {logging_mixin.py:115} INFO - [2022-09-15T16:56:13.176+0000] {dag.py:2429} INFO - Sync 1 DAGs
[2022-09-15T16:56:13.190+0000] {logging_mixin.py:115} INFO - [2022-09-15T16:56:13.190+0000] {dag.py:2981} INFO - Setting next_dagrun for example_trigger_controller_dag to 2021-01-01T00:00:00+00:00, run_after=2021-01-01T00:00:00+00:00
[2022-09-15T16:56:13.198+0000] {processor.py:161} INFO - Processing /home/airflow/.local/lib/python3.7/site-packages/airflow/example_dags/example_trigger_controller_dag.py took 0.056 seconds
[2022-09-15T16:56:44.197+0000] {processor.py:153} INFO - Started process (PID=1747) to work on /home/airflow/.local/lib/python3.7/site-packages/airflow/example_dags/example_trigger_controller_dag.py
[2022-09-15T16:56:44.199+0000] {processor.py:640} INFO - Processing file /home/airflow/.local/lib/python3.7/site-packages/airflow/example_dags/example_trigger_controller_dag.py for tasks to queue
[2022-09-15T16:56:44.200+0000] {logging_mixin.py:115} INFO - [2022-09-15T16:56:44.200+0000] {dagbag.py:508} INFO - Filling up the DagBag from /home/airflow/.local/lib/python3.7/site-packages/airflow/example_dags/example_trigger_controller_dag.py
[2022-09-15T16:56:44.203+0000] {processor.py:650} INFO - DAG(s) dict_keys(['example_trigger_controller_dag']) retrieved from /home/airflow/.local/lib/python3.7/site-packages/airflow/example_dags/example_trigger_controller_dag.py
[2022-09-15T16:56:44.222+0000] {logging_mixin.py:115} INFO - [2022-09-15T16:56:44.222+0000] {dag.py:2429} INFO - Sync 1 DAGs
[2022-09-15T16:56:44.236+0000] {logging_mixin.py:115} INFO - [2022-09-15T16:56:44.236+0000] {dag.py:2981} INFO - Setting next_dagrun for example_trigger_controller_dag to 2021-01-01T00:00:00+00:00, run_after=2021-01-01T00:00:00+00:00
[2022-09-15T16:56:44.244+0000] {processor.py:161} INFO - Processing /home/airflow/.local/lib/python3.7/site-packages/airflow/example_dags/example_trigger_controller_dag.py took 0.050 seconds
[2022-09-15T16:57:15.253+0000] {processor.py:153} INFO - Started process (PID=1802) to work on /home/airflow/.local/lib/python3.7/site-packages/airflow/example_dags/example_trigger_controller_dag.py
[2022-09-15T16:57:15.254+0000] {processor.py:640} INFO - Processing file /home/airflow/.local/lib/python3.7/site-packages/airflow/example_dags/example_trigger_controller_dag.py for tasks to queue
[2022-09-15T16:57:15.256+0000] {logging_mixin.py:115} INFO - [2022-09-15T16:57:15.256+0000] {dagbag.py:508} INFO - Filling up the DagBag from /home/airflow/.local/lib/python3.7/site-packages/airflow/example_dags/example_trigger_controller_dag.py
[2022-09-15T16:57:15.260+0000] {processor.py:650} INFO - DAG(s) dict_keys(['example_trigger_controller_dag']) retrieved from /home/airflow/.local/lib/python3.7/site-packages/airflow/example_dags/example_trigger_controller_dag.py
[2022-09-15T16:57:15.280+0000] {logging_mixin.py:115} INFO - [2022-09-15T16:57:15.279+0000] {dag.py:2429} INFO - Sync 1 DAGs
[2022-09-15T16:57:15.295+0000] {logging_mixin.py:115} INFO - [2022-09-15T16:57:15.295+0000] {dag.py:2981} INFO - Setting next_dagrun for example_trigger_controller_dag to 2021-01-01T00:00:00+00:00, run_after=2021-01-01T00:00:00+00:00
[2022-09-15T16:57:15.304+0000] {processor.py:161} INFO - Processing /home/airflow/.local/lib/python3.7/site-packages/airflow/example_dags/example_trigger_controller_dag.py took 0.053 seconds
[2022-09-15T16:57:46.347+0000] {processor.py:153} INFO - Started process (PID=1867) to work on /home/airflow/.local/lib/python3.7/site-packages/airflow/example_dags/example_trigger_controller_dag.py
[2022-09-15T16:57:46.349+0000] {processor.py:640} INFO - Processing file /home/airflow/.local/lib/python3.7/site-packages/airflow/example_dags/example_trigger_controller_dag.py for tasks to queue
[2022-09-15T16:57:46.350+0000] {logging_mixin.py:115} INFO - [2022-09-15T16:57:46.349+0000] {dagbag.py:508} INFO - Filling up the DagBag from /home/airflow/.local/lib/python3.7/site-packages/airflow/example_dags/example_trigger_controller_dag.py
[2022-09-15T16:57:46.353+0000] {processor.py:650} INFO - DAG(s) dict_keys(['example_trigger_controller_dag']) retrieved from /home/airflow/.local/lib/python3.7/site-packages/airflow/example_dags/example_trigger_controller_dag.py
[2022-09-15T16:57:46.373+0000] {logging_mixin.py:115} INFO - [2022-09-15T16:57:46.373+0000] {dag.py:2429} INFO - Sync 1 DAGs
[2022-09-15T16:57:46.389+0000] {logging_mixin.py:115} INFO - [2022-09-15T16:57:46.389+0000] {dag.py:2981} INFO - Setting next_dagrun for example_trigger_controller_dag to 2021-01-01T00:00:00+00:00, run_after=2021-01-01T00:00:00+00:00
[2022-09-15T16:57:46.397+0000] {processor.py:161} INFO - Processing /home/airflow/.local/lib/python3.7/site-packages/airflow/example_dags/example_trigger_controller_dag.py took 0.053 seconds
[2022-09-15T16:58:16.552+0000] {processor.py:153} INFO - Started process (PID=1939) to work on /home/airflow/.local/lib/python3.7/site-packages/airflow/example_dags/example_trigger_controller_dag.py
[2022-09-15T16:58:16.554+0000] {processor.py:640} INFO - Processing file /home/airflow/.local/lib/python3.7/site-packages/airflow/example_dags/example_trigger_controller_dag.py for tasks to queue
[2022-09-15T16:58:16.555+0000] {logging_mixin.py:115} INFO - [2022-09-15T16:58:16.555+0000] {dagbag.py:508} INFO - Filling up the DagBag from /home/airflow/.local/lib/python3.7/site-packages/airflow/example_dags/example_trigger_controller_dag.py
[2022-09-15T16:58:16.558+0000] {processor.py:650} INFO - DAG(s) dict_keys(['example_trigger_controller_dag']) retrieved from /home/airflow/.local/lib/python3.7/site-packages/airflow/example_dags/example_trigger_controller_dag.py
[2022-09-15T16:58:16.580+0000] {logging_mixin.py:115} INFO - [2022-09-15T16:58:16.580+0000] {dag.py:2429} INFO - Sync 1 DAGs
[2022-09-15T16:58:16.595+0000] {logging_mixin.py:115} INFO - [2022-09-15T16:58:16.595+0000] {dag.py:2981} INFO - Setting next_dagrun for example_trigger_controller_dag to 2021-01-01T00:00:00+00:00, run_after=2021-01-01T00:00:00+00:00
[2022-09-15T16:58:16.603+0000] {processor.py:161} INFO - Processing /home/airflow/.local/lib/python3.7/site-packages/airflow/example_dags/example_trigger_controller_dag.py took 0.053 seconds
[2022-09-15T16:58:47.544+0000] {processor.py:153} INFO - Started process (PID=2005) to work on /home/airflow/.local/lib/python3.7/site-packages/airflow/example_dags/example_trigger_controller_dag.py
[2022-09-15T16:58:47.546+0000] {processor.py:640} INFO - Processing file /home/airflow/.local/lib/python3.7/site-packages/airflow/example_dags/example_trigger_controller_dag.py for tasks to queue
[2022-09-15T16:58:47.547+0000] {logging_mixin.py:115} INFO - [2022-09-15T16:58:47.547+0000] {dagbag.py:508} INFO - Filling up the DagBag from /home/airflow/.local/lib/python3.7/site-packages/airflow/example_dags/example_trigger_controller_dag.py
[2022-09-15T16:58:47.550+0000] {processor.py:650} INFO - DAG(s) dict_keys(['example_trigger_controller_dag']) retrieved from /home/airflow/.local/lib/python3.7/site-packages/airflow/example_dags/example_trigger_controller_dag.py
[2022-09-15T16:58:47.569+0000] {logging_mixin.py:115} INFO - [2022-09-15T16:58:47.569+0000] {dag.py:2429} INFO - Sync 1 DAGs
[2022-09-15T16:58:47.587+0000] {logging_mixin.py:115} INFO - [2022-09-15T16:58:47.587+0000] {dag.py:2981} INFO - Setting next_dagrun for example_trigger_controller_dag to 2021-01-01T00:00:00+00:00, run_after=2021-01-01T00:00:00+00:00
[2022-09-15T16:58:47.599+0000] {processor.py:161} INFO - Processing /home/airflow/.local/lib/python3.7/site-packages/airflow/example_dags/example_trigger_controller_dag.py took 0.057 seconds
[2022-09-15T16:59:17.772+0000] {processor.py:153} INFO - Started process (PID=2074) to work on /home/airflow/.local/lib/python3.7/site-packages/airflow/example_dags/example_trigger_controller_dag.py
[2022-09-15T16:59:17.774+0000] {processor.py:640} INFO - Processing file /home/airflow/.local/lib/python3.7/site-packages/airflow/example_dags/example_trigger_controller_dag.py for tasks to queue
[2022-09-15T16:59:17.777+0000] {logging_mixin.py:115} INFO - [2022-09-15T16:59:17.777+0000] {dagbag.py:508} INFO - Filling up the DagBag from /home/airflow/.local/lib/python3.7/site-packages/airflow/example_dags/example_trigger_controller_dag.py
[2022-09-15T16:59:17.780+0000] {processor.py:650} INFO - DAG(s) dict_keys(['example_trigger_controller_dag']) retrieved from /home/airflow/.local/lib/python3.7/site-packages/airflow/example_dags/example_trigger_controller_dag.py
[2022-09-15T16:59:17.805+0000] {logging_mixin.py:115} INFO - [2022-09-15T16:59:17.805+0000] {dag.py:2429} INFO - Sync 1 DAGs
[2022-09-15T16:59:17.825+0000] {logging_mixin.py:115} INFO - [2022-09-15T16:59:17.825+0000] {dag.py:2981} INFO - Setting next_dagrun for example_trigger_controller_dag to 2021-01-01T00:00:00+00:00, run_after=2021-01-01T00:00:00+00:00
[2022-09-15T16:59:17.839+0000] {processor.py:161} INFO - Processing /home/airflow/.local/lib/python3.7/site-packages/airflow/example_dags/example_trigger_controller_dag.py took 0.070 seconds
[2022-09-15T16:59:48.822+0000] {processor.py:153} INFO - Started process (PID=2131) to work on /home/airflow/.local/lib/python3.7/site-packages/airflow/example_dags/example_trigger_controller_dag.py
[2022-09-15T16:59:48.824+0000] {processor.py:640} INFO - Processing file /home/airflow/.local/lib/python3.7/site-packages/airflow/example_dags/example_trigger_controller_dag.py for tasks to queue
[2022-09-15T16:59:48.825+0000] {logging_mixin.py:115} INFO - [2022-09-15T16:59:48.825+0000] {dagbag.py:508} INFO - Filling up the DagBag from /home/airflow/.local/lib/python3.7/site-packages/airflow/example_dags/example_trigger_controller_dag.py
[2022-09-15T16:59:48.829+0000] {processor.py:650} INFO - DAG(s) dict_keys(['example_trigger_controller_dag']) retrieved from /home/airflow/.local/lib/python3.7/site-packages/airflow/example_dags/example_trigger_controller_dag.py
[2022-09-15T16:59:48.857+0000] {logging_mixin.py:115} INFO - [2022-09-15T16:59:48.857+0000] {dag.py:2429} INFO - Sync 1 DAGs
[2022-09-15T16:59:48.873+0000] {logging_mixin.py:115} INFO - [2022-09-15T16:59:48.873+0000] {dag.py:2981} INFO - Setting next_dagrun for example_trigger_controller_dag to 2021-01-01T00:00:00+00:00, run_after=2021-01-01T00:00:00+00:00
[2022-09-15T16:59:48.883+0000] {processor.py:161} INFO - Processing /home/airflow/.local/lib/python3.7/site-packages/airflow/example_dags/example_trigger_controller_dag.py took 0.063 seconds
[2022-09-15T17:00:19.874+0000] {processor.py:153} INFO - Started process (PID=2201) to work on /home/airflow/.local/lib/python3.7/site-packages/airflow/example_dags/example_trigger_controller_dag.py
[2022-09-15T17:00:19.876+0000] {processor.py:640} INFO - Processing file /home/airflow/.local/lib/python3.7/site-packages/airflow/example_dags/example_trigger_controller_dag.py for tasks to queue
[2022-09-15T17:00:19.877+0000] {logging_mixin.py:115} INFO - [2022-09-15T17:00:19.877+0000] {dagbag.py:508} INFO - Filling up the DagBag from /home/airflow/.local/lib/python3.7/site-packages/airflow/example_dags/example_trigger_controller_dag.py
[2022-09-15T17:00:19.880+0000] {processor.py:650} INFO - DAG(s) dict_keys(['example_trigger_controller_dag']) retrieved from /home/airflow/.local/lib/python3.7/site-packages/airflow/example_dags/example_trigger_controller_dag.py
[2022-09-15T17:00:19.901+0000] {logging_mixin.py:115} INFO - [2022-09-15T17:00:19.901+0000] {dag.py:2429} INFO - Sync 1 DAGs
[2022-09-15T17:00:19.921+0000] {logging_mixin.py:115} INFO - [2022-09-15T17:00:19.921+0000] {dag.py:2981} INFO - Setting next_dagrun for example_trigger_controller_dag to 2021-01-01T00:00:00+00:00, run_after=2021-01-01T00:00:00+00:00
[2022-09-15T17:00:19.930+0000] {processor.py:161} INFO - Processing /home/airflow/.local/lib/python3.7/site-packages/airflow/example_dags/example_trigger_controller_dag.py took 0.059 seconds
[2022-09-15T17:00:50.050+0000] {processor.py:153} INFO - Started process (PID=2273) to work on /home/airflow/.local/lib/python3.7/site-packages/airflow/example_dags/example_trigger_controller_dag.py
[2022-09-15T17:00:50.052+0000] {processor.py:640} INFO - Processing file /home/airflow/.local/lib/python3.7/site-packages/airflow/example_dags/example_trigger_controller_dag.py for tasks to queue
[2022-09-15T17:00:50.053+0000] {logging_mixin.py:115} INFO - [2022-09-15T17:00:50.053+0000] {dagbag.py:508} INFO - Filling up the DagBag from /home/airflow/.local/lib/python3.7/site-packages/airflow/example_dags/example_trigger_controller_dag.py
[2022-09-15T17:00:50.056+0000] {processor.py:650} INFO - DAG(s) dict_keys(['example_trigger_controller_dag']) retrieved from /home/airflow/.local/lib/python3.7/site-packages/airflow/example_dags/example_trigger_controller_dag.py
[2022-09-15T17:00:50.077+0000] {logging_mixin.py:115} INFO - [2022-09-15T17:00:50.077+0000] {dag.py:2429} INFO - Sync 1 DAGs
[2022-09-15T17:00:50.091+0000] {logging_mixin.py:115} INFO - [2022-09-15T17:00:50.091+0000] {dag.py:2981} INFO - Setting next_dagrun for example_trigger_controller_dag to 2021-01-01T00:00:00+00:00, run_after=2021-01-01T00:00:00+00:00
[2022-09-15T17:00:50.100+0000] {processor.py:161} INFO - Processing /home/airflow/.local/lib/python3.7/site-packages/airflow/example_dags/example_trigger_controller_dag.py took 0.053 seconds
[2022-09-15T17:01:20.175+0000] {processor.py:153} INFO - Started process (PID=2337) to work on /home/airflow/.local/lib/python3.7/site-packages/airflow/example_dags/example_trigger_controller_dag.py
[2022-09-15T17:01:20.177+0000] {processor.py:640} INFO - Processing file /home/airflow/.local/lib/python3.7/site-packages/airflow/example_dags/example_trigger_controller_dag.py for tasks to queue
[2022-09-15T17:01:20.178+0000] {logging_mixin.py:115} INFO - [2022-09-15T17:01:20.178+0000] {dagbag.py:508} INFO - Filling up the DagBag from /home/airflow/.local/lib/python3.7/site-packages/airflow/example_dags/example_trigger_controller_dag.py
[2022-09-15T17:01:20.181+0000] {processor.py:650} INFO - DAG(s) dict_keys(['example_trigger_controller_dag']) retrieved from /home/airflow/.local/lib/python3.7/site-packages/airflow/example_dags/example_trigger_controller_dag.py
[2022-09-15T17:01:20.199+0000] {logging_mixin.py:115} INFO - [2022-09-15T17:01:20.198+0000] {dag.py:2429} INFO - Sync 1 DAGs
[2022-09-15T17:01:20.216+0000] {logging_mixin.py:115} INFO - [2022-09-15T17:01:20.216+0000] {dag.py:2981} INFO - Setting next_dagrun for example_trigger_controller_dag to 2021-01-01T00:00:00+00:00, run_after=2021-01-01T00:00:00+00:00
[2022-09-15T17:01:20.224+0000] {processor.py:161} INFO - Processing /home/airflow/.local/lib/python3.7/site-packages/airflow/example_dags/example_trigger_controller_dag.py took 0.051 seconds
[2022-09-15T17:01:51.035+0000] {processor.py:153} INFO - Started process (PID=2406) to work on /home/airflow/.local/lib/python3.7/site-packages/airflow/example_dags/example_trigger_controller_dag.py
[2022-09-15T17:01:51.037+0000] {processor.py:640} INFO - Processing file /home/airflow/.local/lib/python3.7/site-packages/airflow/example_dags/example_trigger_controller_dag.py for tasks to queue
[2022-09-15T17:01:51.038+0000] {logging_mixin.py:115} INFO - [2022-09-15T17:01:51.038+0000] {dagbag.py:508} INFO - Filling up the DagBag from /home/airflow/.local/lib/python3.7/site-packages/airflow/example_dags/example_trigger_controller_dag.py
[2022-09-15T17:01:51.042+0000] {processor.py:650} INFO - DAG(s) dict_keys(['example_trigger_controller_dag']) retrieved from /home/airflow/.local/lib/python3.7/site-packages/airflow/example_dags/example_trigger_controller_dag.py
[2022-09-15T17:01:51.064+0000] {logging_mixin.py:115} INFO - [2022-09-15T17:01:51.064+0000] {dag.py:2429} INFO - Sync 1 DAGs
[2022-09-15T17:01:51.080+0000] {logging_mixin.py:115} INFO - [2022-09-15T17:01:51.080+0000] {dag.py:2981} INFO - Setting next_dagrun for example_trigger_controller_dag to 2021-01-01T00:00:00+00:00, run_after=2021-01-01T00:00:00+00:00
[2022-09-15T17:01:51.093+0000] {processor.py:161} INFO - Processing /home/airflow/.local/lib/python3.7/site-packages/airflow/example_dags/example_trigger_controller_dag.py took 0.060 seconds
[2022-09-15T17:02:21.414+0000] {processor.py:153} INFO - Started process (PID=2462) to work on /home/airflow/.local/lib/python3.7/site-packages/airflow/example_dags/example_trigger_controller_dag.py
[2022-09-15T17:02:21.416+0000] {processor.py:640} INFO - Processing file /home/airflow/.local/lib/python3.7/site-packages/airflow/example_dags/example_trigger_controller_dag.py for tasks to queue
[2022-09-15T17:02:21.418+0000] {logging_mixin.py:115} INFO - [2022-09-15T17:02:21.418+0000] {dagbag.py:508} INFO - Filling up the DagBag from /home/airflow/.local/lib/python3.7/site-packages/airflow/example_dags/example_trigger_controller_dag.py
[2022-09-15T17:02:21.421+0000] {processor.py:650} INFO - DAG(s) dict_keys(['example_trigger_controller_dag']) retrieved from /home/airflow/.local/lib/python3.7/site-packages/airflow/example_dags/example_trigger_controller_dag.py
[2022-09-15T17:02:21.443+0000] {logging_mixin.py:115} INFO - [2022-09-15T17:02:21.443+0000] {dag.py:2429} INFO - Sync 1 DAGs
[2022-09-15T17:02:21.460+0000] {logging_mixin.py:115} INFO - [2022-09-15T17:02:21.460+0000] {dag.py:2981} INFO - Setting next_dagrun for example_trigger_controller_dag to 2021-01-01T00:00:00+00:00, run_after=2021-01-01T00:00:00+00:00
[2022-09-15T17:02:21.471+0000] {processor.py:161} INFO - Processing /home/airflow/.local/lib/python3.7/site-packages/airflow/example_dags/example_trigger_controller_dag.py took 0.059 seconds
[2022-09-15T17:02:51.615+0000] {processor.py:153} INFO - Started process (PID=2533) to work on /home/airflow/.local/lib/python3.7/site-packages/airflow/example_dags/example_trigger_controller_dag.py
[2022-09-15T17:02:51.617+0000] {processor.py:640} INFO - Processing file /home/airflow/.local/lib/python3.7/site-packages/airflow/example_dags/example_trigger_controller_dag.py for tasks to queue
[2022-09-15T17:02:51.618+0000] {logging_mixin.py:115} INFO - [2022-09-15T17:02:51.618+0000] {dagbag.py:508} INFO - Filling up the DagBag from /home/airflow/.local/lib/python3.7/site-packages/airflow/example_dags/example_trigger_controller_dag.py
[2022-09-15T17:02:51.621+0000] {processor.py:650} INFO - DAG(s) dict_keys(['example_trigger_controller_dag']) retrieved from /home/airflow/.local/lib/python3.7/site-packages/airflow/example_dags/example_trigger_controller_dag.py
[2022-09-15T17:02:51.643+0000] {logging_mixin.py:115} INFO - [2022-09-15T17:02:51.643+0000] {dag.py:2429} INFO - Sync 1 DAGs
[2022-09-15T17:02:51.661+0000] {logging_mixin.py:115} INFO - [2022-09-15T17:02:51.661+0000] {dag.py:2981} INFO - Setting next_dagrun for example_trigger_controller_dag to 2021-01-01T00:00:00+00:00, run_after=2021-01-01T00:00:00+00:00
[2022-09-15T17:02:51.674+0000] {processor.py:161} INFO - Processing /home/airflow/.local/lib/python3.7/site-packages/airflow/example_dags/example_trigger_controller_dag.py took 0.061 seconds
[2022-09-15T17:03:22.763+0000] {processor.py:153} INFO - Started process (PID=2603) to work on /home/airflow/.local/lib/python3.7/site-packages/airflow/example_dags/example_trigger_controller_dag.py
[2022-09-15T17:03:22.765+0000] {processor.py:640} INFO - Processing file /home/airflow/.local/lib/python3.7/site-packages/airflow/example_dags/example_trigger_controller_dag.py for tasks to queue
[2022-09-15T17:03:22.766+0000] {logging_mixin.py:115} INFO - [2022-09-15T17:03:22.766+0000] {dagbag.py:508} INFO - Filling up the DagBag from /home/airflow/.local/lib/python3.7/site-packages/airflow/example_dags/example_trigger_controller_dag.py
[2022-09-15T17:03:22.771+0000] {processor.py:650} INFO - DAG(s) dict_keys(['example_trigger_controller_dag']) retrieved from /home/airflow/.local/lib/python3.7/site-packages/airflow/example_dags/example_trigger_controller_dag.py
[2022-09-15T17:03:22.802+0000] {logging_mixin.py:115} INFO - [2022-09-15T17:03:22.802+0000] {dag.py:2429} INFO - Sync 1 DAGs
[2022-09-15T17:03:22.818+0000] {logging_mixin.py:115} INFO - [2022-09-15T17:03:22.818+0000] {dag.py:2981} INFO - Setting next_dagrun for example_trigger_controller_dag to 2021-01-01T00:00:00+00:00, run_after=2021-01-01T00:00:00+00:00
[2022-09-15T17:03:22.829+0000] {processor.py:161} INFO - Processing /home/airflow/.local/lib/python3.7/site-packages/airflow/example_dags/example_trigger_controller_dag.py took 0.071 seconds
[2022-09-15T17:03:53.012+0000] {processor.py:153} INFO - Started process (PID=2671) to work on /home/airflow/.local/lib/python3.7/site-packages/airflow/example_dags/example_trigger_controller_dag.py
[2022-09-15T17:03:53.014+0000] {processor.py:640} INFO - Processing file /home/airflow/.local/lib/python3.7/site-packages/airflow/example_dags/example_trigger_controller_dag.py for tasks to queue
[2022-09-15T17:03:53.015+0000] {logging_mixin.py:115} INFO - [2022-09-15T17:03:53.015+0000] {dagbag.py:508} INFO - Filling up the DagBag from /home/airflow/.local/lib/python3.7/site-packages/airflow/example_dags/example_trigger_controller_dag.py
[2022-09-15T17:03:53.018+0000] {processor.py:650} INFO - DAG(s) dict_keys(['example_trigger_controller_dag']) retrieved from /home/airflow/.local/lib/python3.7/site-packages/airflow/example_dags/example_trigger_controller_dag.py
[2022-09-15T17:03:53.039+0000] {logging_mixin.py:115} INFO - [2022-09-15T17:03:53.039+0000] {dag.py:2429} INFO - Sync 1 DAGs
[2022-09-15T17:03:53.055+0000] {logging_mixin.py:115} INFO - [2022-09-15T17:03:53.055+0000] {dag.py:2981} INFO - Setting next_dagrun for example_trigger_controller_dag to 2021-01-01T00:00:00+00:00, run_after=2021-01-01T00:00:00+00:00
[2022-09-15T17:03:53.068+0000] {processor.py:161} INFO - Processing /home/airflow/.local/lib/python3.7/site-packages/airflow/example_dags/example_trigger_controller_dag.py took 0.059 seconds
[2022-09-15T17:04:23.137+0000] {processor.py:153} INFO - Started process (PID=2739) to work on /home/airflow/.local/lib/python3.7/site-packages/airflow/example_dags/example_trigger_controller_dag.py
[2022-09-15T17:04:23.139+0000] {processor.py:640} INFO - Processing file /home/airflow/.local/lib/python3.7/site-packages/airflow/example_dags/example_trigger_controller_dag.py for tasks to queue
[2022-09-15T17:04:23.140+0000] {logging_mixin.py:115} INFO - [2022-09-15T17:04:23.140+0000] {dagbag.py:508} INFO - Filling up the DagBag from /home/airflow/.local/lib/python3.7/site-packages/airflow/example_dags/example_trigger_controller_dag.py
[2022-09-15T17:04:23.143+0000] {processor.py:650} INFO - DAG(s) dict_keys(['example_trigger_controller_dag']) retrieved from /home/airflow/.local/lib/python3.7/site-packages/airflow/example_dags/example_trigger_controller_dag.py
[2022-09-15T17:04:23.161+0000] {logging_mixin.py:115} INFO - [2022-09-15T17:04:23.161+0000] {dag.py:2429} INFO - Sync 1 DAGs
[2022-09-15T17:04:23.176+0000] {logging_mixin.py:115} INFO - [2022-09-15T17:04:23.176+0000] {dag.py:2981} INFO - Setting next_dagrun for example_trigger_controller_dag to 2021-01-01T00:00:00+00:00, run_after=2021-01-01T00:00:00+00:00
[2022-09-15T17:04:23.186+0000] {processor.py:161} INFO - Processing /home/airflow/.local/lib/python3.7/site-packages/airflow/example_dags/example_trigger_controller_dag.py took 0.052 seconds
[2022-09-15T17:04:53.397+0000] {processor.py:153} INFO - Started process (PID=2795) to work on /home/airflow/.local/lib/python3.7/site-packages/airflow/example_dags/example_trigger_controller_dag.py
[2022-09-15T17:04:53.399+0000] {processor.py:640} INFO - Processing file /home/airflow/.local/lib/python3.7/site-packages/airflow/example_dags/example_trigger_controller_dag.py for tasks to queue
[2022-09-15T17:04:53.400+0000] {logging_mixin.py:115} INFO - [2022-09-15T17:04:53.400+0000] {dagbag.py:508} INFO - Filling up the DagBag from /home/airflow/.local/lib/python3.7/site-packages/airflow/example_dags/example_trigger_controller_dag.py
[2022-09-15T17:04:53.403+0000] {processor.py:650} INFO - DAG(s) dict_keys(['example_trigger_controller_dag']) retrieved from /home/airflow/.local/lib/python3.7/site-packages/airflow/example_dags/example_trigger_controller_dag.py
[2022-09-15T17:04:53.423+0000] {logging_mixin.py:115} INFO - [2022-09-15T17:04:53.423+0000] {dag.py:2429} INFO - Sync 1 DAGs
[2022-09-15T17:04:53.439+0000] {logging_mixin.py:115} INFO - [2022-09-15T17:04:53.438+0000] {dag.py:2981} INFO - Setting next_dagrun for example_trigger_controller_dag to 2021-01-01T00:00:00+00:00, run_after=2021-01-01T00:00:00+00:00
[2022-09-15T17:04:53.450+0000] {processor.py:161} INFO - Processing /home/airflow/.local/lib/python3.7/site-packages/airflow/example_dags/example_trigger_controller_dag.py took 0.055 seconds
