[2022-09-15T16:43:26.061+0000] {processor.py:153} INFO - Started process (PID=41) to work on /home/airflow/.local/lib/python3.7/site-packages/airflow/example_dags/example_bash_operator.py
[2022-09-15T16:43:26.079+0000] {processor.py:640} INFO - Processing file /home/airflow/.local/lib/python3.7/site-packages/airflow/example_dags/example_bash_operator.py for tasks to queue
[2022-09-15T16:43:26.081+0000] {logging_mixin.py:115} INFO - [2022-09-15T16:43:26.081+0000] {dagbag.py:508} INFO - Filling up the DagBag from /home/airflow/.local/lib/python3.7/site-packages/airflow/example_dags/example_bash_operator.py
[2022-09-15T16:43:26.141+0000] {processor.py:650} INFO - DAG(s) dict_keys(['example_bash_operator']) retrieved from /home/airflow/.local/lib/python3.7/site-packages/airflow/example_dags/example_bash_operator.py
[2022-09-15T16:43:26.274+0000] {logging_mixin.py:115} INFO - [2022-09-15T16:43:26.274+0000] {manager.py:508} INFO - Created Permission View: can delete on DAG:example_bash_operator
[2022-09-15T16:43:26.309+0000] {logging_mixin.py:115} INFO - [2022-09-15T16:43:26.308+0000] {manager.py:508} INFO - Created Permission View: can read on DAG:example_bash_operator
[2022-09-15T16:43:26.326+0000] {logging_mixin.py:115} INFO - [2022-09-15T16:43:26.326+0000] {manager.py:508} INFO - Created Permission View: can edit on DAG:example_bash_operator
[2022-09-15T16:43:26.330+0000] {logging_mixin.py:115} INFO - [2022-09-15T16:43:26.330+0000] {dag.py:2429} INFO - Sync 1 DAGs
[2022-09-15T16:43:26.354+0000] {logging_mixin.py:115} INFO - [2022-09-15T16:43:26.354+0000] {dag.py:2448} INFO - Creating ORM DAG for example_bash_operator
[2022-09-15T16:43:26.381+0000] {logging_mixin.py:115} INFO - [2022-09-15T16:43:26.381+0000] {dag.py:2981} INFO - Setting next_dagrun for example_bash_operator to 2022-09-14T00:00:00+00:00, run_after=2022-09-15T00:00:00+00:00
[2022-09-15T16:43:26.443+0000] {processor.py:161} INFO - Processing /home/airflow/.local/lib/python3.7/site-packages/airflow/example_dags/example_bash_operator.py took 0.390 seconds
[2022-09-15T16:43:56.667+0000] {processor.py:153} INFO - Started process (PID=107) to work on /home/airflow/.local/lib/python3.7/site-packages/airflow/example_dags/example_bash_operator.py
[2022-09-15T16:43:56.681+0000] {processor.py:640} INFO - Processing file /home/airflow/.local/lib/python3.7/site-packages/airflow/example_dags/example_bash_operator.py for tasks to queue
[2022-09-15T16:43:56.683+0000] {logging_mixin.py:115} INFO - [2022-09-15T16:43:56.683+0000] {dagbag.py:508} INFO - Filling up the DagBag from /home/airflow/.local/lib/python3.7/site-packages/airflow/example_dags/example_bash_operator.py
[2022-09-15T16:43:56.692+0000] {processor.py:650} INFO - DAG(s) dict_keys(['example_bash_operator']) retrieved from /home/airflow/.local/lib/python3.7/site-packages/airflow/example_dags/example_bash_operator.py
[2022-09-15T16:43:56.714+0000] {logging_mixin.py:115} INFO - [2022-09-15T16:43:56.714+0000] {dag.py:2429} INFO - Sync 1 DAGs
[2022-09-15T16:43:56.731+0000] {logging_mixin.py:115} INFO - [2022-09-15T16:43:56.731+0000] {dag.py:2981} INFO - Setting next_dagrun for example_bash_operator to 2022-09-14T00:00:00+00:00, run_after=2022-09-15T00:00:00+00:00
[2022-09-15T16:43:56.747+0000] {processor.py:161} INFO - Processing /home/airflow/.local/lib/python3.7/site-packages/airflow/example_dags/example_bash_operator.py took 0.082 seconds
[2022-09-15T16:44:26.843+0000] {processor.py:153} INFO - Started process (PID=173) to work on /home/airflow/.local/lib/python3.7/site-packages/airflow/example_dags/example_bash_operator.py
[2022-09-15T16:44:26.845+0000] {processor.py:640} INFO - Processing file /home/airflow/.local/lib/python3.7/site-packages/airflow/example_dags/example_bash_operator.py for tasks to queue
[2022-09-15T16:44:26.846+0000] {logging_mixin.py:115} INFO - [2022-09-15T16:44:26.845+0000] {dagbag.py:508} INFO - Filling up the DagBag from /home/airflow/.local/lib/python3.7/site-packages/airflow/example_dags/example_bash_operator.py
[2022-09-15T16:44:26.854+0000] {processor.py:650} INFO - DAG(s) dict_keys(['example_bash_operator']) retrieved from /home/airflow/.local/lib/python3.7/site-packages/airflow/example_dags/example_bash_operator.py
[2022-09-15T16:44:26.880+0000] {logging_mixin.py:115} INFO - [2022-09-15T16:44:26.880+0000] {dag.py:2429} INFO - Sync 1 DAGs
[2022-09-15T16:44:26.897+0000] {logging_mixin.py:115} INFO - [2022-09-15T16:44:26.897+0000] {dag.py:2981} INFO - Setting next_dagrun for example_bash_operator to 2022-09-14T00:00:00+00:00, run_after=2022-09-15T00:00:00+00:00
[2022-09-15T16:44:26.911+0000] {processor.py:161} INFO - Processing /home/airflow/.local/lib/python3.7/site-packages/airflow/example_dags/example_bash_operator.py took 0.071 seconds
[2022-09-15T16:44:56.946+0000] {processor.py:153} INFO - Started process (PID=228) to work on /home/airflow/.local/lib/python3.7/site-packages/airflow/example_dags/example_bash_operator.py
[2022-09-15T16:44:56.948+0000] {processor.py:640} INFO - Processing file /home/airflow/.local/lib/python3.7/site-packages/airflow/example_dags/example_bash_operator.py for tasks to queue
[2022-09-15T16:44:56.949+0000] {logging_mixin.py:115} INFO - [2022-09-15T16:44:56.949+0000] {dagbag.py:508} INFO - Filling up the DagBag from /home/airflow/.local/lib/python3.7/site-packages/airflow/example_dags/example_bash_operator.py
[2022-09-15T16:44:56.957+0000] {processor.py:650} INFO - DAG(s) dict_keys(['example_bash_operator']) retrieved from /home/airflow/.local/lib/python3.7/site-packages/airflow/example_dags/example_bash_operator.py
[2022-09-15T16:44:56.983+0000] {logging_mixin.py:115} INFO - [2022-09-15T16:44:56.983+0000] {dag.py:2429} INFO - Sync 1 DAGs
[2022-09-15T16:44:57.006+0000] {logging_mixin.py:115} INFO - [2022-09-15T16:44:57.006+0000] {dag.py:2981} INFO - Setting next_dagrun for example_bash_operator to 2022-09-14T00:00:00+00:00, run_after=2022-09-15T00:00:00+00:00
[2022-09-15T16:44:57.015+0000] {processor.py:161} INFO - Processing /home/airflow/.local/lib/python3.7/site-packages/airflow/example_dags/example_bash_operator.py took 0.072 seconds
[2022-09-15T16:45:27.264+0000] {processor.py:153} INFO - Started process (PID=295) to work on /home/airflow/.local/lib/python3.7/site-packages/airflow/example_dags/example_bash_operator.py
[2022-09-15T16:45:27.267+0000] {processor.py:640} INFO - Processing file /home/airflow/.local/lib/python3.7/site-packages/airflow/example_dags/example_bash_operator.py for tasks to queue
[2022-09-15T16:45:27.268+0000] {logging_mixin.py:115} INFO - [2022-09-15T16:45:27.268+0000] {dagbag.py:508} INFO - Filling up the DagBag from /home/airflow/.local/lib/python3.7/site-packages/airflow/example_dags/example_bash_operator.py
[2022-09-15T16:45:27.277+0000] {processor.py:650} INFO - DAG(s) dict_keys(['example_bash_operator']) retrieved from /home/airflow/.local/lib/python3.7/site-packages/airflow/example_dags/example_bash_operator.py
[2022-09-15T16:45:27.305+0000] {logging_mixin.py:115} INFO - [2022-09-15T16:45:27.305+0000] {dag.py:2429} INFO - Sync 1 DAGs
[2022-09-15T16:45:27.323+0000] {logging_mixin.py:115} INFO - [2022-09-15T16:45:27.323+0000] {dag.py:2981} INFO - Setting next_dagrun for example_bash_operator to 2022-09-14T00:00:00+00:00, run_after=2022-09-15T00:00:00+00:00
[2022-09-15T16:45:27.336+0000] {processor.py:161} INFO - Processing /home/airflow/.local/lib/python3.7/site-packages/airflow/example_dags/example_bash_operator.py took 0.074 seconds
[2022-09-15T16:45:58.394+0000] {processor.py:153} INFO - Started process (PID=363) to work on /home/airflow/.local/lib/python3.7/site-packages/airflow/example_dags/example_bash_operator.py
[2022-09-15T16:45:58.396+0000] {processor.py:640} INFO - Processing file /home/airflow/.local/lib/python3.7/site-packages/airflow/example_dags/example_bash_operator.py for tasks to queue
[2022-09-15T16:45:58.397+0000] {logging_mixin.py:115} INFO - [2022-09-15T16:45:58.397+0000] {dagbag.py:508} INFO - Filling up the DagBag from /home/airflow/.local/lib/python3.7/site-packages/airflow/example_dags/example_bash_operator.py
[2022-09-15T16:45:58.405+0000] {processor.py:650} INFO - DAG(s) dict_keys(['example_bash_operator']) retrieved from /home/airflow/.local/lib/python3.7/site-packages/airflow/example_dags/example_bash_operator.py
[2022-09-15T16:45:58.429+0000] {logging_mixin.py:115} INFO - [2022-09-15T16:45:58.429+0000] {dag.py:2429} INFO - Sync 1 DAGs
[2022-09-15T16:45:58.442+0000] {logging_mixin.py:115} INFO - [2022-09-15T16:45:58.442+0000] {dag.py:2981} INFO - Setting next_dagrun for example_bash_operator to 2022-09-14T00:00:00+00:00, run_after=2022-09-15T00:00:00+00:00
[2022-09-15T16:45:58.451+0000] {processor.py:161} INFO - Processing /home/airflow/.local/lib/python3.7/site-packages/airflow/example_dags/example_bash_operator.py took 0.059 seconds
[2022-09-15T16:46:29.385+0000] {processor.py:153} INFO - Started process (PID=429) to work on /home/airflow/.local/lib/python3.7/site-packages/airflow/example_dags/example_bash_operator.py
[2022-09-15T16:46:29.387+0000] {processor.py:640} INFO - Processing file /home/airflow/.local/lib/python3.7/site-packages/airflow/example_dags/example_bash_operator.py for tasks to queue
[2022-09-15T16:46:29.389+0000] {logging_mixin.py:115} INFO - [2022-09-15T16:46:29.389+0000] {dagbag.py:508} INFO - Filling up the DagBag from /home/airflow/.local/lib/python3.7/site-packages/airflow/example_dags/example_bash_operator.py
[2022-09-15T16:46:29.397+0000] {processor.py:650} INFO - DAG(s) dict_keys(['example_bash_operator']) retrieved from /home/airflow/.local/lib/python3.7/site-packages/airflow/example_dags/example_bash_operator.py
[2022-09-15T16:46:29.427+0000] {logging_mixin.py:115} INFO - [2022-09-15T16:46:29.427+0000] {dag.py:2429} INFO - Sync 1 DAGs
[2022-09-15T16:46:29.441+0000] {logging_mixin.py:115} INFO - [2022-09-15T16:46:29.441+0000] {dag.py:2981} INFO - Setting next_dagrun for example_bash_operator to 2022-09-14T00:00:00+00:00, run_after=2022-09-15T00:00:00+00:00
[2022-09-15T16:46:29.450+0000] {processor.py:161} INFO - Processing /home/airflow/.local/lib/python3.7/site-packages/airflow/example_dags/example_bash_operator.py took 0.068 seconds
[2022-09-15T16:47:00.272+0000] {processor.py:153} INFO - Started process (PID=498) to work on /home/airflow/.local/lib/python3.7/site-packages/airflow/example_dags/example_bash_operator.py
[2022-09-15T16:47:00.274+0000] {processor.py:640} INFO - Processing file /home/airflow/.local/lib/python3.7/site-packages/airflow/example_dags/example_bash_operator.py for tasks to queue
[2022-09-15T16:47:00.276+0000] {logging_mixin.py:115} INFO - [2022-09-15T16:47:00.276+0000] {dagbag.py:508} INFO - Filling up the DagBag from /home/airflow/.local/lib/python3.7/site-packages/airflow/example_dags/example_bash_operator.py
[2022-09-15T16:47:00.283+0000] {processor.py:650} INFO - DAG(s) dict_keys(['example_bash_operator']) retrieved from /home/airflow/.local/lib/python3.7/site-packages/airflow/example_dags/example_bash_operator.py
[2022-09-15T16:47:00.308+0000] {logging_mixin.py:115} INFO - [2022-09-15T16:47:00.308+0000] {dag.py:2429} INFO - Sync 1 DAGs
[2022-09-15T16:47:00.324+0000] {logging_mixin.py:115} INFO - [2022-09-15T16:47:00.324+0000] {dag.py:2981} INFO - Setting next_dagrun for example_bash_operator to 2022-09-14T00:00:00+00:00, run_after=2022-09-15T00:00:00+00:00
[2022-09-15T16:47:00.336+0000] {processor.py:161} INFO - Processing /home/airflow/.local/lib/python3.7/site-packages/airflow/example_dags/example_bash_operator.py took 0.066 seconds
[2022-09-15T16:47:31.275+0000] {processor.py:153} INFO - Started process (PID=566) to work on /home/airflow/.local/lib/python3.7/site-packages/airflow/example_dags/example_bash_operator.py
[2022-09-15T16:47:31.277+0000] {processor.py:640} INFO - Processing file /home/airflow/.local/lib/python3.7/site-packages/airflow/example_dags/example_bash_operator.py for tasks to queue
[2022-09-15T16:47:31.279+0000] {logging_mixin.py:115} INFO - [2022-09-15T16:47:31.278+0000] {dagbag.py:508} INFO - Filling up the DagBag from /home/airflow/.local/lib/python3.7/site-packages/airflow/example_dags/example_bash_operator.py
[2022-09-15T16:47:31.287+0000] {processor.py:650} INFO - DAG(s) dict_keys(['example_bash_operator']) retrieved from /home/airflow/.local/lib/python3.7/site-packages/airflow/example_dags/example_bash_operator.py
[2022-09-15T16:47:31.316+0000] {logging_mixin.py:115} INFO - [2022-09-15T16:47:31.315+0000] {dag.py:2429} INFO - Sync 1 DAGs
[2022-09-15T16:47:31.341+0000] {logging_mixin.py:115} INFO - [2022-09-15T16:47:31.341+0000] {dag.py:2981} INFO - Setting next_dagrun for example_bash_operator to 2022-09-14T00:00:00+00:00, run_after=2022-09-15T00:00:00+00:00
[2022-09-15T16:47:31.359+0000] {processor.py:161} INFO - Processing /home/airflow/.local/lib/python3.7/site-packages/airflow/example_dags/example_bash_operator.py took 0.086 seconds
[2022-09-15T16:48:02.104+0000] {processor.py:153} INFO - Started process (PID=634) to work on /home/airflow/.local/lib/python3.7/site-packages/airflow/example_dags/example_bash_operator.py
[2022-09-15T16:48:02.106+0000] {processor.py:640} INFO - Processing file /home/airflow/.local/lib/python3.7/site-packages/airflow/example_dags/example_bash_operator.py for tasks to queue
[2022-09-15T16:48:02.107+0000] {logging_mixin.py:115} INFO - [2022-09-15T16:48:02.107+0000] {dagbag.py:508} INFO - Filling up the DagBag from /home/airflow/.local/lib/python3.7/site-packages/airflow/example_dags/example_bash_operator.py
[2022-09-15T16:48:02.115+0000] {processor.py:650} INFO - DAG(s) dict_keys(['example_bash_operator']) retrieved from /home/airflow/.local/lib/python3.7/site-packages/airflow/example_dags/example_bash_operator.py
[2022-09-15T16:48:02.137+0000] {logging_mixin.py:115} INFO - [2022-09-15T16:48:02.137+0000] {dag.py:2429} INFO - Sync 1 DAGs
[2022-09-15T16:48:02.151+0000] {logging_mixin.py:115} INFO - [2022-09-15T16:48:02.151+0000] {dag.py:2981} INFO - Setting next_dagrun for example_bash_operator to 2022-09-14T00:00:00+00:00, run_after=2022-09-15T00:00:00+00:00
[2022-09-15T16:48:02.161+0000] {processor.py:161} INFO - Processing /home/airflow/.local/lib/python3.7/site-packages/airflow/example_dags/example_bash_operator.py took 0.060 seconds
[2022-09-15T16:48:33.068+0000] {processor.py:153} INFO - Started process (PID=697) to work on /home/airflow/.local/lib/python3.7/site-packages/airflow/example_dags/example_bash_operator.py
[2022-09-15T16:48:33.070+0000] {processor.py:640} INFO - Processing file /home/airflow/.local/lib/python3.7/site-packages/airflow/example_dags/example_bash_operator.py for tasks to queue
[2022-09-15T16:48:33.072+0000] {logging_mixin.py:115} INFO - [2022-09-15T16:48:33.072+0000] {dagbag.py:508} INFO - Filling up the DagBag from /home/airflow/.local/lib/python3.7/site-packages/airflow/example_dags/example_bash_operator.py
[2022-09-15T16:48:33.081+0000] {processor.py:650} INFO - DAG(s) dict_keys(['example_bash_operator']) retrieved from /home/airflow/.local/lib/python3.7/site-packages/airflow/example_dags/example_bash_operator.py
[2022-09-15T16:48:33.108+0000] {logging_mixin.py:115} INFO - [2022-09-15T16:48:33.108+0000] {dag.py:2429} INFO - Sync 1 DAGs
[2022-09-15T16:48:33.127+0000] {logging_mixin.py:115} INFO - [2022-09-15T16:48:33.127+0000] {dag.py:2981} INFO - Setting next_dagrun for example_bash_operator to 2022-09-14T00:00:00+00:00, run_after=2022-09-15T00:00:00+00:00
[2022-09-15T16:48:33.136+0000] {processor.py:161} INFO - Processing /home/airflow/.local/lib/python3.7/site-packages/airflow/example_dags/example_bash_operator.py took 0.071 seconds
[2022-09-15T16:49:03.244+0000] {processor.py:153} INFO - Started process (PID=755) to work on /home/airflow/.local/lib/python3.7/site-packages/airflow/example_dags/example_bash_operator.py
[2022-09-15T16:49:03.246+0000] {processor.py:640} INFO - Processing file /home/airflow/.local/lib/python3.7/site-packages/airflow/example_dags/example_bash_operator.py for tasks to queue
[2022-09-15T16:49:03.247+0000] {logging_mixin.py:115} INFO - [2022-09-15T16:49:03.247+0000] {dagbag.py:508} INFO - Filling up the DagBag from /home/airflow/.local/lib/python3.7/site-packages/airflow/example_dags/example_bash_operator.py
[2022-09-15T16:49:03.255+0000] {processor.py:650} INFO - DAG(s) dict_keys(['example_bash_operator']) retrieved from /home/airflow/.local/lib/python3.7/site-packages/airflow/example_dags/example_bash_operator.py
[2022-09-15T16:49:03.277+0000] {logging_mixin.py:115} INFO - [2022-09-15T16:49:03.277+0000] {dag.py:2429} INFO - Sync 1 DAGs
[2022-09-15T16:49:03.294+0000] {logging_mixin.py:115} INFO - [2022-09-15T16:49:03.294+0000] {dag.py:2981} INFO - Setting next_dagrun for example_bash_operator to 2022-09-14T00:00:00+00:00, run_after=2022-09-15T00:00:00+00:00
[2022-09-15T16:49:03.303+0000] {processor.py:161} INFO - Processing /home/airflow/.local/lib/python3.7/site-packages/airflow/example_dags/example_bash_operator.py took 0.061 seconds
[2022-09-15T16:49:34.286+0000] {processor.py:153} INFO - Started process (PID=820) to work on /home/airflow/.local/lib/python3.7/site-packages/airflow/example_dags/example_bash_operator.py
[2022-09-15T16:49:34.287+0000] {processor.py:640} INFO - Processing file /home/airflow/.local/lib/python3.7/site-packages/airflow/example_dags/example_bash_operator.py for tasks to queue
[2022-09-15T16:49:34.289+0000] {logging_mixin.py:115} INFO - [2022-09-15T16:49:34.289+0000] {dagbag.py:508} INFO - Filling up the DagBag from /home/airflow/.local/lib/python3.7/site-packages/airflow/example_dags/example_bash_operator.py
[2022-09-15T16:49:34.300+0000] {processor.py:650} INFO - DAG(s) dict_keys(['example_bash_operator']) retrieved from /home/airflow/.local/lib/python3.7/site-packages/airflow/example_dags/example_bash_operator.py
[2022-09-15T16:49:34.330+0000] {logging_mixin.py:115} INFO - [2022-09-15T16:49:34.330+0000] {dag.py:2429} INFO - Sync 1 DAGs
[2022-09-15T16:49:34.348+0000] {logging_mixin.py:115} INFO - [2022-09-15T16:49:34.348+0000] {dag.py:2981} INFO - Setting next_dagrun for example_bash_operator to 2022-09-14T00:00:00+00:00, run_after=2022-09-15T00:00:00+00:00
[2022-09-15T16:49:34.357+0000] {processor.py:161} INFO - Processing /home/airflow/.local/lib/python3.7/site-packages/airflow/example_dags/example_bash_operator.py took 0.074 seconds
[2022-09-15T16:50:04.507+0000] {processor.py:153} INFO - Started process (PID=889) to work on /home/airflow/.local/lib/python3.7/site-packages/airflow/example_dags/example_bash_operator.py
[2022-09-15T16:50:04.509+0000] {processor.py:640} INFO - Processing file /home/airflow/.local/lib/python3.7/site-packages/airflow/example_dags/example_bash_operator.py for tasks to queue
[2022-09-15T16:50:04.511+0000] {logging_mixin.py:115} INFO - [2022-09-15T16:50:04.510+0000] {dagbag.py:508} INFO - Filling up the DagBag from /home/airflow/.local/lib/python3.7/site-packages/airflow/example_dags/example_bash_operator.py
[2022-09-15T16:50:04.519+0000] {processor.py:650} INFO - DAG(s) dict_keys(['example_bash_operator']) retrieved from /home/airflow/.local/lib/python3.7/site-packages/airflow/example_dags/example_bash_operator.py
[2022-09-15T16:50:04.543+0000] {logging_mixin.py:115} INFO - [2022-09-15T16:50:04.543+0000] {dag.py:2429} INFO - Sync 1 DAGs
[2022-09-15T16:50:04.562+0000] {logging_mixin.py:115} INFO - [2022-09-15T16:50:04.562+0000] {dag.py:2981} INFO - Setting next_dagrun for example_bash_operator to 2022-09-14T00:00:00+00:00, run_after=2022-09-15T00:00:00+00:00
[2022-09-15T16:50:04.572+0000] {processor.py:161} INFO - Processing /home/airflow/.local/lib/python3.7/site-packages/airflow/example_dags/example_bash_operator.py took 0.068 seconds
[2022-09-15T16:50:35.574+0000] {processor.py:153} INFO - Started process (PID=958) to work on /home/airflow/.local/lib/python3.7/site-packages/airflow/example_dags/example_bash_operator.py
[2022-09-15T16:50:35.576+0000] {processor.py:640} INFO - Processing file /home/airflow/.local/lib/python3.7/site-packages/airflow/example_dags/example_bash_operator.py for tasks to queue
[2022-09-15T16:50:35.577+0000] {logging_mixin.py:115} INFO - [2022-09-15T16:50:35.577+0000] {dagbag.py:508} INFO - Filling up the DagBag from /home/airflow/.local/lib/python3.7/site-packages/airflow/example_dags/example_bash_operator.py
[2022-09-15T16:50:35.586+0000] {processor.py:650} INFO - DAG(s) dict_keys(['example_bash_operator']) retrieved from /home/airflow/.local/lib/python3.7/site-packages/airflow/example_dags/example_bash_operator.py
[2022-09-15T16:50:35.610+0000] {logging_mixin.py:115} INFO - [2022-09-15T16:50:35.609+0000] {dag.py:2429} INFO - Sync 1 DAGs
[2022-09-15T16:50:35.625+0000] {logging_mixin.py:115} INFO - [2022-09-15T16:50:35.625+0000] {dag.py:2981} INFO - Setting next_dagrun for example_bash_operator to 2022-09-14T00:00:00+00:00, run_after=2022-09-15T00:00:00+00:00
[2022-09-15T16:50:35.633+0000] {processor.py:161} INFO - Processing /home/airflow/.local/lib/python3.7/site-packages/airflow/example_dags/example_bash_operator.py took 0.062 seconds
[2022-09-15T16:51:06.485+0000] {processor.py:153} INFO - Started process (PID=1024) to work on /home/airflow/.local/lib/python3.7/site-packages/airflow/example_dags/example_bash_operator.py
[2022-09-15T16:51:06.487+0000] {processor.py:640} INFO - Processing file /home/airflow/.local/lib/python3.7/site-packages/airflow/example_dags/example_bash_operator.py for tasks to queue
[2022-09-15T16:51:06.488+0000] {logging_mixin.py:115} INFO - [2022-09-15T16:51:06.488+0000] {dagbag.py:508} INFO - Filling up the DagBag from /home/airflow/.local/lib/python3.7/site-packages/airflow/example_dags/example_bash_operator.py
[2022-09-15T16:51:06.496+0000] {processor.py:650} INFO - DAG(s) dict_keys(['example_bash_operator']) retrieved from /home/airflow/.local/lib/python3.7/site-packages/airflow/example_dags/example_bash_operator.py
[2022-09-15T16:51:06.520+0000] {logging_mixin.py:115} INFO - [2022-09-15T16:51:06.520+0000] {dag.py:2429} INFO - Sync 1 DAGs
[2022-09-15T16:51:06.536+0000] {logging_mixin.py:115} INFO - [2022-09-15T16:51:06.536+0000] {dag.py:2981} INFO - Setting next_dagrun for example_bash_operator to 2022-09-14T00:00:00+00:00, run_after=2022-09-15T00:00:00+00:00
[2022-09-15T16:51:06.545+0000] {processor.py:161} INFO - Processing /home/airflow/.local/lib/python3.7/site-packages/airflow/example_dags/example_bash_operator.py took 0.062 seconds
[2022-09-15T16:51:37.474+0000] {processor.py:153} INFO - Started process (PID=1092) to work on /home/airflow/.local/lib/python3.7/site-packages/airflow/example_dags/example_bash_operator.py
[2022-09-15T16:51:37.476+0000] {processor.py:640} INFO - Processing file /home/airflow/.local/lib/python3.7/site-packages/airflow/example_dags/example_bash_operator.py for tasks to queue
[2022-09-15T16:51:37.477+0000] {logging_mixin.py:115} INFO - [2022-09-15T16:51:37.477+0000] {dagbag.py:508} INFO - Filling up the DagBag from /home/airflow/.local/lib/python3.7/site-packages/airflow/example_dags/example_bash_operator.py
[2022-09-15T16:51:37.485+0000] {processor.py:650} INFO - DAG(s) dict_keys(['example_bash_operator']) retrieved from /home/airflow/.local/lib/python3.7/site-packages/airflow/example_dags/example_bash_operator.py
[2022-09-15T16:51:37.509+0000] {logging_mixin.py:115} INFO - [2022-09-15T16:51:37.509+0000] {dag.py:2429} INFO - Sync 1 DAGs
[2022-09-15T16:51:37.527+0000] {logging_mixin.py:115} INFO - [2022-09-15T16:51:37.526+0000] {dag.py:2981} INFO - Setting next_dagrun for example_bash_operator to 2022-09-14T00:00:00+00:00, run_after=2022-09-15T00:00:00+00:00
[2022-09-15T16:51:37.537+0000] {processor.py:161} INFO - Processing /home/airflow/.local/lib/python3.7/site-packages/airflow/example_dags/example_bash_operator.py took 0.066 seconds
[2022-09-15T16:52:08.381+0000] {processor.py:153} INFO - Started process (PID=1149) to work on /home/airflow/.local/lib/python3.7/site-packages/airflow/example_dags/example_bash_operator.py
[2022-09-15T16:52:08.383+0000] {processor.py:640} INFO - Processing file /home/airflow/.local/lib/python3.7/site-packages/airflow/example_dags/example_bash_operator.py for tasks to queue
[2022-09-15T16:52:08.384+0000] {logging_mixin.py:115} INFO - [2022-09-15T16:52:08.384+0000] {dagbag.py:508} INFO - Filling up the DagBag from /home/airflow/.local/lib/python3.7/site-packages/airflow/example_dags/example_bash_operator.py
[2022-09-15T16:52:08.392+0000] {processor.py:650} INFO - DAG(s) dict_keys(['example_bash_operator']) retrieved from /home/airflow/.local/lib/python3.7/site-packages/airflow/example_dags/example_bash_operator.py
[2022-09-15T16:52:08.413+0000] {logging_mixin.py:115} INFO - [2022-09-15T16:52:08.413+0000] {dag.py:2429} INFO - Sync 1 DAGs
[2022-09-15T16:52:08.429+0000] {logging_mixin.py:115} INFO - [2022-09-15T16:52:08.429+0000] {dag.py:2981} INFO - Setting next_dagrun for example_bash_operator to 2022-09-14T00:00:00+00:00, run_after=2022-09-15T00:00:00+00:00
[2022-09-15T16:52:08.437+0000] {processor.py:161} INFO - Processing /home/airflow/.local/lib/python3.7/site-packages/airflow/example_dags/example_bash_operator.py took 0.059 seconds
[2022-09-15T16:52:39.285+0000] {processor.py:153} INFO - Started process (PID=1215) to work on /home/airflow/.local/lib/python3.7/site-packages/airflow/example_dags/example_bash_operator.py
[2022-09-15T16:52:39.286+0000] {processor.py:640} INFO - Processing file /home/airflow/.local/lib/python3.7/site-packages/airflow/example_dags/example_bash_operator.py for tasks to queue
[2022-09-15T16:52:39.288+0000] {logging_mixin.py:115} INFO - [2022-09-15T16:52:39.288+0000] {dagbag.py:508} INFO - Filling up the DagBag from /home/airflow/.local/lib/python3.7/site-packages/airflow/example_dags/example_bash_operator.py
[2022-09-15T16:52:39.296+0000] {processor.py:650} INFO - DAG(s) dict_keys(['example_bash_operator']) retrieved from /home/airflow/.local/lib/python3.7/site-packages/airflow/example_dags/example_bash_operator.py
[2022-09-15T16:52:39.324+0000] {logging_mixin.py:115} INFO - [2022-09-15T16:52:39.324+0000] {dag.py:2429} INFO - Sync 1 DAGs
[2022-09-15T16:52:39.348+0000] {logging_mixin.py:115} INFO - [2022-09-15T16:52:39.348+0000] {dag.py:2981} INFO - Setting next_dagrun for example_bash_operator to 2022-09-14T00:00:00+00:00, run_after=2022-09-15T00:00:00+00:00
[2022-09-15T16:52:39.357+0000] {processor.py:161} INFO - Processing /home/airflow/.local/lib/python3.7/site-packages/airflow/example_dags/example_bash_operator.py took 0.075 seconds
[2022-09-15T16:53:10.376+0000] {processor.py:153} INFO - Started process (PID=1283) to work on /home/airflow/.local/lib/python3.7/site-packages/airflow/example_dags/example_bash_operator.py
[2022-09-15T16:53:10.378+0000] {processor.py:640} INFO - Processing file /home/airflow/.local/lib/python3.7/site-packages/airflow/example_dags/example_bash_operator.py for tasks to queue
[2022-09-15T16:53:10.379+0000] {logging_mixin.py:115} INFO - [2022-09-15T16:53:10.379+0000] {dagbag.py:508} INFO - Filling up the DagBag from /home/airflow/.local/lib/python3.7/site-packages/airflow/example_dags/example_bash_operator.py
[2022-09-15T16:53:10.387+0000] {processor.py:650} INFO - DAG(s) dict_keys(['example_bash_operator']) retrieved from /home/airflow/.local/lib/python3.7/site-packages/airflow/example_dags/example_bash_operator.py
[2022-09-15T16:53:10.409+0000] {logging_mixin.py:115} INFO - [2022-09-15T16:53:10.409+0000] {dag.py:2429} INFO - Sync 1 DAGs
[2022-09-15T16:53:10.427+0000] {logging_mixin.py:115} INFO - [2022-09-15T16:53:10.427+0000] {dag.py:2981} INFO - Setting next_dagrun for example_bash_operator to 2022-09-14T00:00:00+00:00, run_after=2022-09-15T00:00:00+00:00
[2022-09-15T16:53:10.468+0000] {processor.py:161} INFO - Processing /home/airflow/.local/lib/python3.7/site-packages/airflow/example_dags/example_bash_operator.py took 0.094 seconds
[2022-09-15T16:53:40.825+0000] {processor.py:153} INFO - Started process (PID=1351) to work on /home/airflow/.local/lib/python3.7/site-packages/airflow/example_dags/example_bash_operator.py
[2022-09-15T16:53:40.835+0000] {processor.py:640} INFO - Processing file /home/airflow/.local/lib/python3.7/site-packages/airflow/example_dags/example_bash_operator.py for tasks to queue
[2022-09-15T16:53:40.838+0000] {logging_mixin.py:115} INFO - [2022-09-15T16:53:40.838+0000] {dagbag.py:508} INFO - Filling up the DagBag from /home/airflow/.local/lib/python3.7/site-packages/airflow/example_dags/example_bash_operator.py
[2022-09-15T16:53:40.847+0000] {processor.py:650} INFO - DAG(s) dict_keys(['example_bash_operator']) retrieved from /home/airflow/.local/lib/python3.7/site-packages/airflow/example_dags/example_bash_operator.py
[2022-09-15T16:53:40.870+0000] {logging_mixin.py:115} INFO - [2022-09-15T16:53:40.870+0000] {dag.py:2429} INFO - Sync 1 DAGs
[2022-09-15T16:53:40.887+0000] {logging_mixin.py:115} INFO - [2022-09-15T16:53:40.887+0000] {dag.py:2981} INFO - Setting next_dagrun for example_bash_operator to 2022-09-14T00:00:00+00:00, run_after=2022-09-15T00:00:00+00:00
[2022-09-15T16:53:40.896+0000] {processor.py:161} INFO - Processing /home/airflow/.local/lib/python3.7/site-packages/airflow/example_dags/example_bash_operator.py took 0.074 seconds
[2022-09-15T16:54:11.852+0000] {processor.py:153} INFO - Started process (PID=1420) to work on /home/airflow/.local/lib/python3.7/site-packages/airflow/example_dags/example_bash_operator.py
[2022-09-15T16:54:11.854+0000] {processor.py:640} INFO - Processing file /home/airflow/.local/lib/python3.7/site-packages/airflow/example_dags/example_bash_operator.py for tasks to queue
[2022-09-15T16:54:11.855+0000] {logging_mixin.py:115} INFO - [2022-09-15T16:54:11.855+0000] {dagbag.py:508} INFO - Filling up the DagBag from /home/airflow/.local/lib/python3.7/site-packages/airflow/example_dags/example_bash_operator.py
[2022-09-15T16:54:11.863+0000] {processor.py:650} INFO - DAG(s) dict_keys(['example_bash_operator']) retrieved from /home/airflow/.local/lib/python3.7/site-packages/airflow/example_dags/example_bash_operator.py
[2022-09-15T16:54:11.885+0000] {logging_mixin.py:115} INFO - [2022-09-15T16:54:11.885+0000] {dag.py:2429} INFO - Sync 1 DAGs
[2022-09-15T16:54:11.903+0000] {logging_mixin.py:115} INFO - [2022-09-15T16:54:11.903+0000] {dag.py:2981} INFO - Setting next_dagrun for example_bash_operator to 2022-09-14T00:00:00+00:00, run_after=2022-09-15T00:00:00+00:00
[2022-09-15T16:54:11.914+0000] {processor.py:161} INFO - Processing /home/airflow/.local/lib/python3.7/site-packages/airflow/example_dags/example_bash_operator.py took 0.064 seconds
[2022-09-15T16:54:42.811+0000] {processor.py:153} INFO - Started process (PID=1475) to work on /home/airflow/.local/lib/python3.7/site-packages/airflow/example_dags/example_bash_operator.py
[2022-09-15T16:54:42.817+0000] {processor.py:640} INFO - Processing file /home/airflow/.local/lib/python3.7/site-packages/airflow/example_dags/example_bash_operator.py for tasks to queue
[2022-09-15T16:54:42.824+0000] {logging_mixin.py:115} INFO - [2022-09-15T16:54:42.823+0000] {dagbag.py:508} INFO - Filling up the DagBag from /home/airflow/.local/lib/python3.7/site-packages/airflow/example_dags/example_bash_operator.py
[2022-09-15T16:54:42.836+0000] {processor.py:650} INFO - DAG(s) dict_keys(['example_bash_operator']) retrieved from /home/airflow/.local/lib/python3.7/site-packages/airflow/example_dags/example_bash_operator.py
[2022-09-15T16:54:42.869+0000] {logging_mixin.py:115} INFO - [2022-09-15T16:54:42.869+0000] {dag.py:2429} INFO - Sync 1 DAGs
[2022-09-15T16:54:42.894+0000] {logging_mixin.py:115} INFO - [2022-09-15T16:54:42.894+0000] {dag.py:2981} INFO - Setting next_dagrun for example_bash_operator to 2022-09-14T00:00:00+00:00, run_after=2022-09-15T00:00:00+00:00
[2022-09-15T16:54:42.906+0000] {processor.py:161} INFO - Processing /home/airflow/.local/lib/python3.7/site-packages/airflow/example_dags/example_bash_operator.py took 0.098 seconds
[2022-09-15T16:55:12.977+0000] {processor.py:153} INFO - Started process (PID=1543) to work on /home/airflow/.local/lib/python3.7/site-packages/airflow/example_dags/example_bash_operator.py
[2022-09-15T16:55:12.991+0000] {processor.py:640} INFO - Processing file /home/airflow/.local/lib/python3.7/site-packages/airflow/example_dags/example_bash_operator.py for tasks to queue
[2022-09-15T16:55:12.993+0000] {logging_mixin.py:115} INFO - [2022-09-15T16:55:12.993+0000] {dagbag.py:508} INFO - Filling up the DagBag from /home/airflow/.local/lib/python3.7/site-packages/airflow/example_dags/example_bash_operator.py
[2022-09-15T16:55:13.003+0000] {processor.py:650} INFO - DAG(s) dict_keys(['example_bash_operator']) retrieved from /home/airflow/.local/lib/python3.7/site-packages/airflow/example_dags/example_bash_operator.py
[2022-09-15T16:55:13.028+0000] {logging_mixin.py:115} INFO - [2022-09-15T16:55:13.028+0000] {dag.py:2429} INFO - Sync 1 DAGs
[2022-09-15T16:55:13.046+0000] {logging_mixin.py:115} INFO - [2022-09-15T16:55:13.046+0000] {dag.py:2981} INFO - Setting next_dagrun for example_bash_operator to 2022-09-14T00:00:00+00:00, run_after=2022-09-15T00:00:00+00:00
[2022-09-15T16:55:13.054+0000] {processor.py:161} INFO - Processing /home/airflow/.local/lib/python3.7/site-packages/airflow/example_dags/example_bash_operator.py took 0.081 seconds
[2022-09-15T16:55:43.151+0000] {processor.py:153} INFO - Started process (PID=1613) to work on /home/airflow/.local/lib/python3.7/site-packages/airflow/example_dags/example_bash_operator.py
[2022-09-15T16:55:43.152+0000] {processor.py:640} INFO - Processing file /home/airflow/.local/lib/python3.7/site-packages/airflow/example_dags/example_bash_operator.py for tasks to queue
[2022-09-15T16:55:43.153+0000] {logging_mixin.py:115} INFO - [2022-09-15T16:55:43.153+0000] {dagbag.py:508} INFO - Filling up the DagBag from /home/airflow/.local/lib/python3.7/site-packages/airflow/example_dags/example_bash_operator.py
[2022-09-15T16:55:43.162+0000] {processor.py:650} INFO - DAG(s) dict_keys(['example_bash_operator']) retrieved from /home/airflow/.local/lib/python3.7/site-packages/airflow/example_dags/example_bash_operator.py
[2022-09-15T16:55:43.187+0000] {logging_mixin.py:115} INFO - [2022-09-15T16:55:43.187+0000] {dag.py:2429} INFO - Sync 1 DAGs
[2022-09-15T16:55:43.204+0000] {logging_mixin.py:115} INFO - [2022-09-15T16:55:43.204+0000] {dag.py:2981} INFO - Setting next_dagrun for example_bash_operator to 2022-09-14T00:00:00+00:00, run_after=2022-09-15T00:00:00+00:00
[2022-09-15T16:55:43.213+0000] {processor.py:161} INFO - Processing /home/airflow/.local/lib/python3.7/site-packages/airflow/example_dags/example_bash_operator.py took 0.065 seconds
[2022-09-15T16:56:13.254+0000] {processor.py:153} INFO - Started process (PID=1679) to work on /home/airflow/.local/lib/python3.7/site-packages/airflow/example_dags/example_bash_operator.py
[2022-09-15T16:56:13.256+0000] {processor.py:640} INFO - Processing file /home/airflow/.local/lib/python3.7/site-packages/airflow/example_dags/example_bash_operator.py for tasks to queue
[2022-09-15T16:56:13.257+0000] {logging_mixin.py:115} INFO - [2022-09-15T16:56:13.257+0000] {dagbag.py:508} INFO - Filling up the DagBag from /home/airflow/.local/lib/python3.7/site-packages/airflow/example_dags/example_bash_operator.py
[2022-09-15T16:56:13.265+0000] {processor.py:650} INFO - DAG(s) dict_keys(['example_bash_operator']) retrieved from /home/airflow/.local/lib/python3.7/site-packages/airflow/example_dags/example_bash_operator.py
[2022-09-15T16:56:13.288+0000] {logging_mixin.py:115} INFO - [2022-09-15T16:56:13.287+0000] {dag.py:2429} INFO - Sync 1 DAGs
[2022-09-15T16:56:13.305+0000] {logging_mixin.py:115} INFO - [2022-09-15T16:56:13.305+0000] {dag.py:2981} INFO - Setting next_dagrun for example_bash_operator to 2022-09-14T00:00:00+00:00, run_after=2022-09-15T00:00:00+00:00
[2022-09-15T16:56:13.316+0000] {processor.py:161} INFO - Processing /home/airflow/.local/lib/python3.7/site-packages/airflow/example_dags/example_bash_operator.py took 0.064 seconds
[2022-09-15T16:56:44.334+0000] {processor.py:153} INFO - Started process (PID=1750) to work on /home/airflow/.local/lib/python3.7/site-packages/airflow/example_dags/example_bash_operator.py
[2022-09-15T16:56:44.336+0000] {processor.py:640} INFO - Processing file /home/airflow/.local/lib/python3.7/site-packages/airflow/example_dags/example_bash_operator.py for tasks to queue
[2022-09-15T16:56:44.337+0000] {logging_mixin.py:115} INFO - [2022-09-15T16:56:44.337+0000] {dagbag.py:508} INFO - Filling up the DagBag from /home/airflow/.local/lib/python3.7/site-packages/airflow/example_dags/example_bash_operator.py
[2022-09-15T16:56:44.346+0000] {processor.py:650} INFO - DAG(s) dict_keys(['example_bash_operator']) retrieved from /home/airflow/.local/lib/python3.7/site-packages/airflow/example_dags/example_bash_operator.py
[2022-09-15T16:56:44.369+0000] {logging_mixin.py:115} INFO - [2022-09-15T16:56:44.369+0000] {dag.py:2429} INFO - Sync 1 DAGs
[2022-09-15T16:56:44.385+0000] {logging_mixin.py:115} INFO - [2022-09-15T16:56:44.385+0000] {dag.py:2981} INFO - Setting next_dagrun for example_bash_operator to 2022-09-14T00:00:00+00:00, run_after=2022-09-15T00:00:00+00:00
[2022-09-15T16:56:44.395+0000] {processor.py:161} INFO - Processing /home/airflow/.local/lib/python3.7/site-packages/airflow/example_dags/example_bash_operator.py took 0.063 seconds
[2022-09-15T16:57:15.380+0000] {processor.py:153} INFO - Started process (PID=1805) to work on /home/airflow/.local/lib/python3.7/site-packages/airflow/example_dags/example_bash_operator.py
[2022-09-15T16:57:15.382+0000] {processor.py:640} INFO - Processing file /home/airflow/.local/lib/python3.7/site-packages/airflow/example_dags/example_bash_operator.py for tasks to queue
[2022-09-15T16:57:15.383+0000] {logging_mixin.py:115} INFO - [2022-09-15T16:57:15.383+0000] {dagbag.py:508} INFO - Filling up the DagBag from /home/airflow/.local/lib/python3.7/site-packages/airflow/example_dags/example_bash_operator.py
[2022-09-15T16:57:15.392+0000] {processor.py:650} INFO - DAG(s) dict_keys(['example_bash_operator']) retrieved from /home/airflow/.local/lib/python3.7/site-packages/airflow/example_dags/example_bash_operator.py
[2022-09-15T16:57:15.419+0000] {logging_mixin.py:115} INFO - [2022-09-15T16:57:15.418+0000] {dag.py:2429} INFO - Sync 1 DAGs
[2022-09-15T16:57:15.436+0000] {logging_mixin.py:115} INFO - [2022-09-15T16:57:15.436+0000] {dag.py:2981} INFO - Setting next_dagrun for example_bash_operator to 2022-09-14T00:00:00+00:00, run_after=2022-09-15T00:00:00+00:00
[2022-09-15T16:57:15.451+0000] {processor.py:161} INFO - Processing /home/airflow/.local/lib/python3.7/site-packages/airflow/example_dags/example_bash_operator.py took 0.073 seconds
[2022-09-15T16:57:46.485+0000] {processor.py:153} INFO - Started process (PID=1870) to work on /home/airflow/.local/lib/python3.7/site-packages/airflow/example_dags/example_bash_operator.py
[2022-09-15T16:57:46.487+0000] {processor.py:640} INFO - Processing file /home/airflow/.local/lib/python3.7/site-packages/airflow/example_dags/example_bash_operator.py for tasks to queue
[2022-09-15T16:57:46.488+0000] {logging_mixin.py:115} INFO - [2022-09-15T16:57:46.488+0000] {dagbag.py:508} INFO - Filling up the DagBag from /home/airflow/.local/lib/python3.7/site-packages/airflow/example_dags/example_bash_operator.py
[2022-09-15T16:57:46.498+0000] {processor.py:650} INFO - DAG(s) dict_keys(['example_bash_operator']) retrieved from /home/airflow/.local/lib/python3.7/site-packages/airflow/example_dags/example_bash_operator.py
[2022-09-15T16:57:46.525+0000] {logging_mixin.py:115} INFO - [2022-09-15T16:57:46.525+0000] {dag.py:2429} INFO - Sync 1 DAGs
[2022-09-15T16:57:46.547+0000] {logging_mixin.py:115} INFO - [2022-09-15T16:57:46.547+0000] {dag.py:2981} INFO - Setting next_dagrun for example_bash_operator to 2022-09-14T00:00:00+00:00, run_after=2022-09-15T00:00:00+00:00
[2022-09-15T16:57:46.556+0000] {processor.py:161} INFO - Processing /home/airflow/.local/lib/python3.7/site-packages/airflow/example_dags/example_bash_operator.py took 0.074 seconds
[2022-09-15T16:58:16.673+0000] {processor.py:153} INFO - Started process (PID=1942) to work on /home/airflow/.local/lib/python3.7/site-packages/airflow/example_dags/example_bash_operator.py
[2022-09-15T16:58:16.674+0000] {processor.py:640} INFO - Processing file /home/airflow/.local/lib/python3.7/site-packages/airflow/example_dags/example_bash_operator.py for tasks to queue
[2022-09-15T16:58:16.676+0000] {logging_mixin.py:115} INFO - [2022-09-15T16:58:16.676+0000] {dagbag.py:508} INFO - Filling up the DagBag from /home/airflow/.local/lib/python3.7/site-packages/airflow/example_dags/example_bash_operator.py
[2022-09-15T16:58:16.684+0000] {processor.py:650} INFO - DAG(s) dict_keys(['example_bash_operator']) retrieved from /home/airflow/.local/lib/python3.7/site-packages/airflow/example_dags/example_bash_operator.py
[2022-09-15T16:58:16.707+0000] {logging_mixin.py:115} INFO - [2022-09-15T16:58:16.707+0000] {dag.py:2429} INFO - Sync 1 DAGs
[2022-09-15T16:58:16.726+0000] {logging_mixin.py:115} INFO - [2022-09-15T16:58:16.726+0000] {dag.py:2981} INFO - Setting next_dagrun for example_bash_operator to 2022-09-14T00:00:00+00:00, run_after=2022-09-15T00:00:00+00:00
[2022-09-15T16:58:16.742+0000] {processor.py:161} INFO - Processing /home/airflow/.local/lib/python3.7/site-packages/airflow/example_dags/example_bash_operator.py took 0.072 seconds
[2022-09-15T16:58:47.693+0000] {processor.py:153} INFO - Started process (PID=2008) to work on /home/airflow/.local/lib/python3.7/site-packages/airflow/example_dags/example_bash_operator.py
[2022-09-15T16:58:47.712+0000] {processor.py:640} INFO - Processing file /home/airflow/.local/lib/python3.7/site-packages/airflow/example_dags/example_bash_operator.py for tasks to queue
[2022-09-15T16:58:47.729+0000] {logging_mixin.py:115} INFO - [2022-09-15T16:58:47.729+0000] {dagbag.py:508} INFO - Filling up the DagBag from /home/airflow/.local/lib/python3.7/site-packages/airflow/example_dags/example_bash_operator.py
[2022-09-15T16:58:47.769+0000] {processor.py:650} INFO - DAG(s) dict_keys(['example_bash_operator']) retrieved from /home/airflow/.local/lib/python3.7/site-packages/airflow/example_dags/example_bash_operator.py
[2022-09-15T16:58:47.796+0000] {logging_mixin.py:115} INFO - [2022-09-15T16:58:47.795+0000] {dag.py:2429} INFO - Sync 1 DAGs
[2022-09-15T16:58:47.812+0000] {logging_mixin.py:115} INFO - [2022-09-15T16:58:47.812+0000] {dag.py:2981} INFO - Setting next_dagrun for example_bash_operator to 2022-09-14T00:00:00+00:00, run_after=2022-09-15T00:00:00+00:00
[2022-09-15T16:58:47.822+0000] {processor.py:161} INFO - Processing /home/airflow/.local/lib/python3.7/site-packages/airflow/example_dags/example_bash_operator.py took 0.132 seconds
[2022-09-15T16:59:17.905+0000] {processor.py:153} INFO - Started process (PID=2077) to work on /home/airflow/.local/lib/python3.7/site-packages/airflow/example_dags/example_bash_operator.py
[2022-09-15T16:59:17.907+0000] {processor.py:640} INFO - Processing file /home/airflow/.local/lib/python3.7/site-packages/airflow/example_dags/example_bash_operator.py for tasks to queue
[2022-09-15T16:59:17.909+0000] {logging_mixin.py:115} INFO - [2022-09-15T16:59:17.909+0000] {dagbag.py:508} INFO - Filling up the DagBag from /home/airflow/.local/lib/python3.7/site-packages/airflow/example_dags/example_bash_operator.py
[2022-09-15T16:59:17.918+0000] {processor.py:650} INFO - DAG(s) dict_keys(['example_bash_operator']) retrieved from /home/airflow/.local/lib/python3.7/site-packages/airflow/example_dags/example_bash_operator.py
[2022-09-15T16:59:17.942+0000] {logging_mixin.py:115} INFO - [2022-09-15T16:59:17.942+0000] {dag.py:2429} INFO - Sync 1 DAGs
[2022-09-15T16:59:17.961+0000] {logging_mixin.py:115} INFO - [2022-09-15T16:59:17.961+0000] {dag.py:2981} INFO - Setting next_dagrun for example_bash_operator to 2022-09-14T00:00:00+00:00, run_after=2022-09-15T00:00:00+00:00
[2022-09-15T16:59:17.970+0000] {processor.py:161} INFO - Processing /home/airflow/.local/lib/python3.7/site-packages/airflow/example_dags/example_bash_operator.py took 0.068 seconds
[2022-09-15T16:59:48.940+0000] {processor.py:153} INFO - Started process (PID=2134) to work on /home/airflow/.local/lib/python3.7/site-packages/airflow/example_dags/example_bash_operator.py
[2022-09-15T16:59:48.942+0000] {processor.py:640} INFO - Processing file /home/airflow/.local/lib/python3.7/site-packages/airflow/example_dags/example_bash_operator.py for tasks to queue
[2022-09-15T16:59:48.943+0000] {logging_mixin.py:115} INFO - [2022-09-15T16:59:48.942+0000] {dagbag.py:508} INFO - Filling up the DagBag from /home/airflow/.local/lib/python3.7/site-packages/airflow/example_dags/example_bash_operator.py
[2022-09-15T16:59:48.950+0000] {processor.py:650} INFO - DAG(s) dict_keys(['example_bash_operator']) retrieved from /home/airflow/.local/lib/python3.7/site-packages/airflow/example_dags/example_bash_operator.py
[2022-09-15T16:59:48.973+0000] {logging_mixin.py:115} INFO - [2022-09-15T16:59:48.973+0000] {dag.py:2429} INFO - Sync 1 DAGs
[2022-09-15T16:59:48.988+0000] {logging_mixin.py:115} INFO - [2022-09-15T16:59:48.988+0000] {dag.py:2981} INFO - Setting next_dagrun for example_bash_operator to 2022-09-14T00:00:00+00:00, run_after=2022-09-15T00:00:00+00:00
[2022-09-15T16:59:48.997+0000] {processor.py:161} INFO - Processing /home/airflow/.local/lib/python3.7/site-packages/airflow/example_dags/example_bash_operator.py took 0.059 seconds
[2022-09-15T17:00:20.004+0000] {processor.py:153} INFO - Started process (PID=2204) to work on /home/airflow/.local/lib/python3.7/site-packages/airflow/example_dags/example_bash_operator.py
[2022-09-15T17:00:20.006+0000] {processor.py:640} INFO - Processing file /home/airflow/.local/lib/python3.7/site-packages/airflow/example_dags/example_bash_operator.py for tasks to queue
[2022-09-15T17:00:20.007+0000] {logging_mixin.py:115} INFO - [2022-09-15T17:00:20.007+0000] {dagbag.py:508} INFO - Filling up the DagBag from /home/airflow/.local/lib/python3.7/site-packages/airflow/example_dags/example_bash_operator.py
[2022-09-15T17:00:20.016+0000] {processor.py:650} INFO - DAG(s) dict_keys(['example_bash_operator']) retrieved from /home/airflow/.local/lib/python3.7/site-packages/airflow/example_dags/example_bash_operator.py
[2022-09-15T17:00:20.037+0000] {logging_mixin.py:115} INFO - [2022-09-15T17:00:20.037+0000] {dag.py:2429} INFO - Sync 1 DAGs
[2022-09-15T17:00:20.054+0000] {logging_mixin.py:115} INFO - [2022-09-15T17:00:20.054+0000] {dag.py:2981} INFO - Setting next_dagrun for example_bash_operator to 2022-09-14T00:00:00+00:00, run_after=2022-09-15T00:00:00+00:00
[2022-09-15T17:00:20.063+0000] {processor.py:161} INFO - Processing /home/airflow/.local/lib/python3.7/site-packages/airflow/example_dags/example_bash_operator.py took 0.061 seconds
[2022-09-15T17:00:50.145+0000] {processor.py:153} INFO - Started process (PID=2276) to work on /home/airflow/.local/lib/python3.7/site-packages/airflow/example_dags/example_bash_operator.py
[2022-09-15T17:00:50.147+0000] {processor.py:640} INFO - Processing file /home/airflow/.local/lib/python3.7/site-packages/airflow/example_dags/example_bash_operator.py for tasks to queue
[2022-09-15T17:00:50.148+0000] {logging_mixin.py:115} INFO - [2022-09-15T17:00:50.148+0000] {dagbag.py:508} INFO - Filling up the DagBag from /home/airflow/.local/lib/python3.7/site-packages/airflow/example_dags/example_bash_operator.py
[2022-09-15T17:00:50.157+0000] {processor.py:650} INFO - DAG(s) dict_keys(['example_bash_operator']) retrieved from /home/airflow/.local/lib/python3.7/site-packages/airflow/example_dags/example_bash_operator.py
[2022-09-15T17:00:50.178+0000] {logging_mixin.py:115} INFO - [2022-09-15T17:00:50.178+0000] {dag.py:2429} INFO - Sync 1 DAGs
[2022-09-15T17:00:50.205+0000] {logging_mixin.py:115} INFO - [2022-09-15T17:00:50.205+0000] {dag.py:2981} INFO - Setting next_dagrun for example_bash_operator to 2022-09-14T00:00:00+00:00, run_after=2022-09-15T00:00:00+00:00
[2022-09-15T17:00:50.214+0000] {processor.py:161} INFO - Processing /home/airflow/.local/lib/python3.7/site-packages/airflow/example_dags/example_bash_operator.py took 0.072 seconds
[2022-09-15T17:01:20.330+0000] {processor.py:153} INFO - Started process (PID=2340) to work on /home/airflow/.local/lib/python3.7/site-packages/airflow/example_dags/example_bash_operator.py
[2022-09-15T17:01:20.332+0000] {processor.py:640} INFO - Processing file /home/airflow/.local/lib/python3.7/site-packages/airflow/example_dags/example_bash_operator.py for tasks to queue
[2022-09-15T17:01:20.333+0000] {logging_mixin.py:115} INFO - [2022-09-15T17:01:20.333+0000] {dagbag.py:508} INFO - Filling up the DagBag from /home/airflow/.local/lib/python3.7/site-packages/airflow/example_dags/example_bash_operator.py
[2022-09-15T17:01:20.341+0000] {processor.py:650} INFO - DAG(s) dict_keys(['example_bash_operator']) retrieved from /home/airflow/.local/lib/python3.7/site-packages/airflow/example_dags/example_bash_operator.py
[2022-09-15T17:01:20.364+0000] {logging_mixin.py:115} INFO - [2022-09-15T17:01:20.364+0000] {dag.py:2429} INFO - Sync 1 DAGs
[2022-09-15T17:01:20.382+0000] {logging_mixin.py:115} INFO - [2022-09-15T17:01:20.382+0000] {dag.py:2981} INFO - Setting next_dagrun for example_bash_operator to 2022-09-14T00:00:00+00:00, run_after=2022-09-15T00:00:00+00:00
[2022-09-15T17:01:20.394+0000] {processor.py:161} INFO - Processing /home/airflow/.local/lib/python3.7/site-packages/airflow/example_dags/example_bash_operator.py took 0.068 seconds
[2022-09-15T17:01:51.192+0000] {processor.py:153} INFO - Started process (PID=2409) to work on /home/airflow/.local/lib/python3.7/site-packages/airflow/example_dags/example_bash_operator.py
[2022-09-15T17:01:51.194+0000] {processor.py:640} INFO - Processing file /home/airflow/.local/lib/python3.7/site-packages/airflow/example_dags/example_bash_operator.py for tasks to queue
[2022-09-15T17:01:51.195+0000] {logging_mixin.py:115} INFO - [2022-09-15T17:01:51.195+0000] {dagbag.py:508} INFO - Filling up the DagBag from /home/airflow/.local/lib/python3.7/site-packages/airflow/example_dags/example_bash_operator.py
[2022-09-15T17:01:51.203+0000] {processor.py:650} INFO - DAG(s) dict_keys(['example_bash_operator']) retrieved from /home/airflow/.local/lib/python3.7/site-packages/airflow/example_dags/example_bash_operator.py
[2022-09-15T17:01:51.227+0000] {logging_mixin.py:115} INFO - [2022-09-15T17:01:51.227+0000] {dag.py:2429} INFO - Sync 1 DAGs
[2022-09-15T17:01:51.243+0000] {logging_mixin.py:115} INFO - [2022-09-15T17:01:51.243+0000] {dag.py:2981} INFO - Setting next_dagrun for example_bash_operator to 2022-09-14T00:00:00+00:00, run_after=2022-09-15T00:00:00+00:00
[2022-09-15T17:01:51.252+0000] {processor.py:161} INFO - Processing /home/airflow/.local/lib/python3.7/site-packages/airflow/example_dags/example_bash_operator.py took 0.063 seconds
[2022-09-15T17:02:21.552+0000] {processor.py:153} INFO - Started process (PID=2465) to work on /home/airflow/.local/lib/python3.7/site-packages/airflow/example_dags/example_bash_operator.py
[2022-09-15T17:02:21.554+0000] {processor.py:640} INFO - Processing file /home/airflow/.local/lib/python3.7/site-packages/airflow/example_dags/example_bash_operator.py for tasks to queue
[2022-09-15T17:02:21.555+0000] {logging_mixin.py:115} INFO - [2022-09-15T17:02:21.555+0000] {dagbag.py:508} INFO - Filling up the DagBag from /home/airflow/.local/lib/python3.7/site-packages/airflow/example_dags/example_bash_operator.py
[2022-09-15T17:02:21.564+0000] {processor.py:650} INFO - DAG(s) dict_keys(['example_bash_operator']) retrieved from /home/airflow/.local/lib/python3.7/site-packages/airflow/example_dags/example_bash_operator.py
[2022-09-15T17:02:21.591+0000] {logging_mixin.py:115} INFO - [2022-09-15T17:02:21.591+0000] {dag.py:2429} INFO - Sync 1 DAGs
[2022-09-15T17:02:21.610+0000] {logging_mixin.py:115} INFO - [2022-09-15T17:02:21.610+0000] {dag.py:2981} INFO - Setting next_dagrun for example_bash_operator to 2022-09-14T00:00:00+00:00, run_after=2022-09-15T00:00:00+00:00
[2022-09-15T17:02:21.630+0000] {processor.py:161} INFO - Processing /home/airflow/.local/lib/python3.7/site-packages/airflow/example_dags/example_bash_operator.py took 0.082 seconds
[2022-09-15T17:02:51.737+0000] {processor.py:153} INFO - Started process (PID=2536) to work on /home/airflow/.local/lib/python3.7/site-packages/airflow/example_dags/example_bash_operator.py
[2022-09-15T17:02:51.739+0000] {processor.py:640} INFO - Processing file /home/airflow/.local/lib/python3.7/site-packages/airflow/example_dags/example_bash_operator.py for tasks to queue
[2022-09-15T17:02:51.741+0000] {logging_mixin.py:115} INFO - [2022-09-15T17:02:51.740+0000] {dagbag.py:508} INFO - Filling up the DagBag from /home/airflow/.local/lib/python3.7/site-packages/airflow/example_dags/example_bash_operator.py
[2022-09-15T17:02:51.749+0000] {processor.py:650} INFO - DAG(s) dict_keys(['example_bash_operator']) retrieved from /home/airflow/.local/lib/python3.7/site-packages/airflow/example_dags/example_bash_operator.py
[2022-09-15T17:02:51.772+0000] {logging_mixin.py:115} INFO - [2022-09-15T17:02:51.772+0000] {dag.py:2429} INFO - Sync 1 DAGs
[2022-09-15T17:02:51.789+0000] {logging_mixin.py:115} INFO - [2022-09-15T17:02:51.789+0000] {dag.py:2981} INFO - Setting next_dagrun for example_bash_operator to 2022-09-14T00:00:00+00:00, run_after=2022-09-15T00:00:00+00:00
[2022-09-15T17:02:51.798+0000] {processor.py:161} INFO - Processing /home/airflow/.local/lib/python3.7/site-packages/airflow/example_dags/example_bash_operator.py took 0.063 seconds
[2022-09-15T17:03:22.897+0000] {processor.py:153} INFO - Started process (PID=2606) to work on /home/airflow/.local/lib/python3.7/site-packages/airflow/example_dags/example_bash_operator.py
[2022-09-15T17:03:22.900+0000] {processor.py:640} INFO - Processing file /home/airflow/.local/lib/python3.7/site-packages/airflow/example_dags/example_bash_operator.py for tasks to queue
[2022-09-15T17:03:22.902+0000] {logging_mixin.py:115} INFO - [2022-09-15T17:03:22.901+0000] {dagbag.py:508} INFO - Filling up the DagBag from /home/airflow/.local/lib/python3.7/site-packages/airflow/example_dags/example_bash_operator.py
[2022-09-15T17:03:22.911+0000] {processor.py:650} INFO - DAG(s) dict_keys(['example_bash_operator']) retrieved from /home/airflow/.local/lib/python3.7/site-packages/airflow/example_dags/example_bash_operator.py
[2022-09-15T17:03:22.936+0000] {logging_mixin.py:115} INFO - [2022-09-15T17:03:22.936+0000] {dag.py:2429} INFO - Sync 1 DAGs
[2022-09-15T17:03:22.953+0000] {logging_mixin.py:115} INFO - [2022-09-15T17:03:22.953+0000] {dag.py:2981} INFO - Setting next_dagrun for example_bash_operator to 2022-09-14T00:00:00+00:00, run_after=2022-09-15T00:00:00+00:00
[2022-09-15T17:03:22.962+0000] {processor.py:161} INFO - Processing /home/airflow/.local/lib/python3.7/site-packages/airflow/example_dags/example_bash_operator.py took 0.068 seconds
[2022-09-15T17:03:53.168+0000] {processor.py:153} INFO - Started process (PID=2674) to work on /home/airflow/.local/lib/python3.7/site-packages/airflow/example_dags/example_bash_operator.py
[2022-09-15T17:03:53.170+0000] {processor.py:640} INFO - Processing file /home/airflow/.local/lib/python3.7/site-packages/airflow/example_dags/example_bash_operator.py for tasks to queue
[2022-09-15T17:03:53.172+0000] {logging_mixin.py:115} INFO - [2022-09-15T17:03:53.172+0000] {dagbag.py:508} INFO - Filling up the DagBag from /home/airflow/.local/lib/python3.7/site-packages/airflow/example_dags/example_bash_operator.py
[2022-09-15T17:03:53.181+0000] {processor.py:650} INFO - DAG(s) dict_keys(['example_bash_operator']) retrieved from /home/airflow/.local/lib/python3.7/site-packages/airflow/example_dags/example_bash_operator.py
[2022-09-15T17:03:53.204+0000] {logging_mixin.py:115} INFO - [2022-09-15T17:03:53.204+0000] {dag.py:2429} INFO - Sync 1 DAGs
[2022-09-15T17:03:53.221+0000] {logging_mixin.py:115} INFO - [2022-09-15T17:03:53.221+0000] {dag.py:2981} INFO - Setting next_dagrun for example_bash_operator to 2022-09-14T00:00:00+00:00, run_after=2022-09-15T00:00:00+00:00
[2022-09-15T17:03:53.229+0000] {processor.py:161} INFO - Processing /home/airflow/.local/lib/python3.7/site-packages/airflow/example_dags/example_bash_operator.py took 0.063 seconds
[2022-09-15T17:04:23.296+0000] {processor.py:153} INFO - Started process (PID=2742) to work on /home/airflow/.local/lib/python3.7/site-packages/airflow/example_dags/example_bash_operator.py
[2022-09-15T17:04:23.297+0000] {processor.py:640} INFO - Processing file /home/airflow/.local/lib/python3.7/site-packages/airflow/example_dags/example_bash_operator.py for tasks to queue
[2022-09-15T17:04:23.299+0000] {logging_mixin.py:115} INFO - [2022-09-15T17:04:23.298+0000] {dagbag.py:508} INFO - Filling up the DagBag from /home/airflow/.local/lib/python3.7/site-packages/airflow/example_dags/example_bash_operator.py
[2022-09-15T17:04:23.307+0000] {processor.py:650} INFO - DAG(s) dict_keys(['example_bash_operator']) retrieved from /home/airflow/.local/lib/python3.7/site-packages/airflow/example_dags/example_bash_operator.py
[2022-09-15T17:04:23.330+0000] {logging_mixin.py:115} INFO - [2022-09-15T17:04:23.329+0000] {dag.py:2429} INFO - Sync 1 DAGs
[2022-09-15T17:04:23.352+0000] {logging_mixin.py:115} INFO - [2022-09-15T17:04:23.352+0000] {dag.py:2981} INFO - Setting next_dagrun for example_bash_operator to 2022-09-14T00:00:00+00:00, run_after=2022-09-15T00:00:00+00:00
[2022-09-15T17:04:23.364+0000] {processor.py:161} INFO - Processing /home/airflow/.local/lib/python3.7/site-packages/airflow/example_dags/example_bash_operator.py took 0.071 seconds
[2022-09-15T17:04:53.473+0000] {processor.py:153} INFO - Started process (PID=2797) to work on /home/airflow/.local/lib/python3.7/site-packages/airflow/example_dags/example_bash_operator.py
[2022-09-15T17:04:53.475+0000] {processor.py:640} INFO - Processing file /home/airflow/.local/lib/python3.7/site-packages/airflow/example_dags/example_bash_operator.py for tasks to queue
[2022-09-15T17:04:53.476+0000] {logging_mixin.py:115} INFO - [2022-09-15T17:04:53.476+0000] {dagbag.py:508} INFO - Filling up the DagBag from /home/airflow/.local/lib/python3.7/site-packages/airflow/example_dags/example_bash_operator.py
[2022-09-15T17:04:53.484+0000] {processor.py:650} INFO - DAG(s) dict_keys(['example_bash_operator']) retrieved from /home/airflow/.local/lib/python3.7/site-packages/airflow/example_dags/example_bash_operator.py
[2022-09-15T17:04:53.507+0000] {logging_mixin.py:115} INFO - [2022-09-15T17:04:53.507+0000] {dag.py:2429} INFO - Sync 1 DAGs
[2022-09-15T17:04:53.523+0000] {logging_mixin.py:115} INFO - [2022-09-15T17:04:53.523+0000] {dag.py:2981} INFO - Setting next_dagrun for example_bash_operator to 2022-09-14T00:00:00+00:00, run_after=2022-09-15T00:00:00+00:00
[2022-09-15T17:04:53.531+0000] {processor.py:161} INFO - Processing /home/airflow/.local/lib/python3.7/site-packages/airflow/example_dags/example_bash_operator.py took 0.060 seconds
