[2022-09-15T16:43:27.305+0000] {processor.py:153} INFO - Started process (PID=47) to work on /home/airflow/.local/lib/python3.7/site-packages/airflow/example_dags/example_branch_day_of_week_operator.py
[2022-09-15T16:43:27.311+0000] {processor.py:640} INFO - Processing file /home/airflow/.local/lib/python3.7/site-packages/airflow/example_dags/example_branch_day_of_week_operator.py for tasks to queue
[2022-09-15T16:43:27.313+0000] {logging_mixin.py:115} INFO - [2022-09-15T16:43:27.313+0000] {dagbag.py:508} INFO - Filling up the DagBag from /home/airflow/.local/lib/python3.7/site-packages/airflow/example_dags/example_branch_day_of_week_operator.py
[2022-09-15T16:43:27.365+0000] {processor.py:650} INFO - DAG(s) dict_keys(['example_weekday_branch_operator']) retrieved from /home/airflow/.local/lib/python3.7/site-packages/airflow/example_dags/example_branch_day_of_week_operator.py
[2022-09-15T16:43:27.551+0000] {logging_mixin.py:115} INFO - [2022-09-15T16:43:27.551+0000] {manager.py:508} INFO - Created Permission View: can delete on DAG:example_weekday_branch_operator
[2022-09-15T16:43:27.560+0000] {logging_mixin.py:115} INFO - [2022-09-15T16:43:27.559+0000] {manager.py:508} INFO - Created Permission View: can read on DAG:example_weekday_branch_operator
[2022-09-15T16:43:27.568+0000] {logging_mixin.py:115} INFO - [2022-09-15T16:43:27.568+0000] {manager.py:508} INFO - Created Permission View: can edit on DAG:example_weekday_branch_operator
[2022-09-15T16:43:27.571+0000] {logging_mixin.py:115} INFO - [2022-09-15T16:43:27.571+0000] {dag.py:2429} INFO - Sync 1 DAGs
[2022-09-15T16:43:27.588+0000] {logging_mixin.py:115} INFO - [2022-09-15T16:43:27.586+0000] {dag.py:2448} INFO - Creating ORM DAG for example_weekday_branch_operator
[2022-09-15T16:43:27.620+0000] {logging_mixin.py:115} INFO - [2022-09-15T16:43:27.620+0000] {dag.py:2981} INFO - Setting next_dagrun for example_weekday_branch_operator to 2022-09-14T00:00:00+00:00, run_after=2022-09-15T00:00:00+00:00
[2022-09-15T16:43:27.651+0000] {processor.py:161} INFO - Processing /home/airflow/.local/lib/python3.7/site-packages/airflow/example_dags/example_branch_day_of_week_operator.py took 0.354 seconds
[2022-09-15T16:43:58.123+0000] {processor.py:153} INFO - Started process (PID=113) to work on /home/airflow/.local/lib/python3.7/site-packages/airflow/example_dags/example_branch_day_of_week_operator.py
[2022-09-15T16:43:58.124+0000] {processor.py:640} INFO - Processing file /home/airflow/.local/lib/python3.7/site-packages/airflow/example_dags/example_branch_day_of_week_operator.py for tasks to queue
[2022-09-15T16:43:58.126+0000] {logging_mixin.py:115} INFO - [2022-09-15T16:43:58.126+0000] {dagbag.py:508} INFO - Filling up the DagBag from /home/airflow/.local/lib/python3.7/site-packages/airflow/example_dags/example_branch_day_of_week_operator.py
[2022-09-15T16:43:58.133+0000] {processor.py:650} INFO - DAG(s) dict_keys(['example_weekday_branch_operator']) retrieved from /home/airflow/.local/lib/python3.7/site-packages/airflow/example_dags/example_branch_day_of_week_operator.py
[2022-09-15T16:43:58.155+0000] {logging_mixin.py:115} INFO - [2022-09-15T16:43:58.155+0000] {dag.py:2429} INFO - Sync 1 DAGs
[2022-09-15T16:43:58.175+0000] {logging_mixin.py:115} INFO - [2022-09-15T16:43:58.175+0000] {dag.py:2981} INFO - Setting next_dagrun for example_weekday_branch_operator to 2022-09-14T00:00:00+00:00, run_after=2022-09-15T00:00:00+00:00
[2022-09-15T16:43:58.187+0000] {processor.py:161} INFO - Processing /home/airflow/.local/lib/python3.7/site-packages/airflow/example_dags/example_branch_day_of_week_operator.py took 0.067 seconds
[2022-09-15T16:44:28.229+0000] {processor.py:153} INFO - Started process (PID=179) to work on /home/airflow/.local/lib/python3.7/site-packages/airflow/example_dags/example_branch_day_of_week_operator.py
[2022-09-15T16:44:28.231+0000] {processor.py:640} INFO - Processing file /home/airflow/.local/lib/python3.7/site-packages/airflow/example_dags/example_branch_day_of_week_operator.py for tasks to queue
[2022-09-15T16:44:28.232+0000] {logging_mixin.py:115} INFO - [2022-09-15T16:44:28.232+0000] {dagbag.py:508} INFO - Filling up the DagBag from /home/airflow/.local/lib/python3.7/site-packages/airflow/example_dags/example_branch_day_of_week_operator.py
[2022-09-15T16:44:28.239+0000] {processor.py:650} INFO - DAG(s) dict_keys(['example_weekday_branch_operator']) retrieved from /home/airflow/.local/lib/python3.7/site-packages/airflow/example_dags/example_branch_day_of_week_operator.py
[2022-09-15T16:44:28.258+0000] {logging_mixin.py:115} INFO - [2022-09-15T16:44:28.258+0000] {dag.py:2429} INFO - Sync 1 DAGs
[2022-09-15T16:44:28.274+0000] {logging_mixin.py:115} INFO - [2022-09-15T16:44:28.274+0000] {dag.py:2981} INFO - Setting next_dagrun for example_weekday_branch_operator to 2022-09-14T00:00:00+00:00, run_after=2022-09-15T00:00:00+00:00
[2022-09-15T16:44:28.285+0000] {processor.py:161} INFO - Processing /home/airflow/.local/lib/python3.7/site-packages/airflow/example_dags/example_branch_day_of_week_operator.py took 0.059 seconds
[2022-09-15T16:44:59.445+0000] {processor.py:153} INFO - Started process (PID=245) to work on /home/airflow/.local/lib/python3.7/site-packages/airflow/example_dags/example_branch_day_of_week_operator.py
[2022-09-15T16:44:59.447+0000] {processor.py:640} INFO - Processing file /home/airflow/.local/lib/python3.7/site-packages/airflow/example_dags/example_branch_day_of_week_operator.py for tasks to queue
[2022-09-15T16:44:59.449+0000] {logging_mixin.py:115} INFO - [2022-09-15T16:44:59.448+0000] {dagbag.py:508} INFO - Filling up the DagBag from /home/airflow/.local/lib/python3.7/site-packages/airflow/example_dags/example_branch_day_of_week_operator.py
[2022-09-15T16:44:59.459+0000] {processor.py:650} INFO - DAG(s) dict_keys(['example_weekday_branch_operator']) retrieved from /home/airflow/.local/lib/python3.7/site-packages/airflow/example_dags/example_branch_day_of_week_operator.py
[2022-09-15T16:44:59.489+0000] {logging_mixin.py:115} INFO - [2022-09-15T16:44:59.489+0000] {dag.py:2429} INFO - Sync 1 DAGs
[2022-09-15T16:44:59.511+0000] {logging_mixin.py:115} INFO - [2022-09-15T16:44:59.511+0000] {dag.py:2981} INFO - Setting next_dagrun for example_weekday_branch_operator to 2022-09-14T00:00:00+00:00, run_after=2022-09-15T00:00:00+00:00
[2022-09-15T16:44:59.520+0000] {processor.py:161} INFO - Processing /home/airflow/.local/lib/python3.7/site-packages/airflow/example_dags/example_branch_day_of_week_operator.py took 0.078 seconds
[2022-09-15T16:45:29.743+0000] {processor.py:153} INFO - Started process (PID=312) to work on /home/airflow/.local/lib/python3.7/site-packages/airflow/example_dags/example_branch_day_of_week_operator.py
[2022-09-15T16:45:29.745+0000] {processor.py:640} INFO - Processing file /home/airflow/.local/lib/python3.7/site-packages/airflow/example_dags/example_branch_day_of_week_operator.py for tasks to queue
[2022-09-15T16:45:29.747+0000] {logging_mixin.py:115} INFO - [2022-09-15T16:45:29.746+0000] {dagbag.py:508} INFO - Filling up the DagBag from /home/airflow/.local/lib/python3.7/site-packages/airflow/example_dags/example_branch_day_of_week_operator.py
[2022-09-15T16:45:29.754+0000] {processor.py:650} INFO - DAG(s) dict_keys(['example_weekday_branch_operator']) retrieved from /home/airflow/.local/lib/python3.7/site-packages/airflow/example_dags/example_branch_day_of_week_operator.py
[2022-09-15T16:45:29.774+0000] {logging_mixin.py:115} INFO - [2022-09-15T16:45:29.774+0000] {dag.py:2429} INFO - Sync 1 DAGs
[2022-09-15T16:45:29.789+0000] {logging_mixin.py:115} INFO - [2022-09-15T16:45:29.789+0000] {dag.py:2981} INFO - Setting next_dagrun for example_weekday_branch_operator to 2022-09-14T00:00:00+00:00, run_after=2022-09-15T00:00:00+00:00
[2022-09-15T16:45:29.797+0000] {processor.py:161} INFO - Processing /home/airflow/.local/lib/python3.7/site-packages/airflow/example_dags/example_branch_day_of_week_operator.py took 0.056 seconds
[2022-09-15T16:46:00.749+0000] {processor.py:153} INFO - Started process (PID=369) to work on /home/airflow/.local/lib/python3.7/site-packages/airflow/example_dags/example_branch_day_of_week_operator.py
[2022-09-15T16:46:00.750+0000] {processor.py:640} INFO - Processing file /home/airflow/.local/lib/python3.7/site-packages/airflow/example_dags/example_branch_day_of_week_operator.py for tasks to queue
[2022-09-15T16:46:00.752+0000] {logging_mixin.py:115} INFO - [2022-09-15T16:46:00.752+0000] {dagbag.py:508} INFO - Filling up the DagBag from /home/airflow/.local/lib/python3.7/site-packages/airflow/example_dags/example_branch_day_of_week_operator.py
[2022-09-15T16:46:00.757+0000] {processor.py:650} INFO - DAG(s) dict_keys(['example_weekday_branch_operator']) retrieved from /home/airflow/.local/lib/python3.7/site-packages/airflow/example_dags/example_branch_day_of_week_operator.py
[2022-09-15T16:46:00.774+0000] {logging_mixin.py:115} INFO - [2022-09-15T16:46:00.774+0000] {dag.py:2429} INFO - Sync 1 DAGs
[2022-09-15T16:46:00.789+0000] {logging_mixin.py:115} INFO - [2022-09-15T16:46:00.789+0000] {dag.py:2981} INFO - Setting next_dagrun for example_weekday_branch_operator to 2022-09-14T00:00:00+00:00, run_after=2022-09-15T00:00:00+00:00
[2022-09-15T16:46:00.797+0000] {processor.py:161} INFO - Processing /home/airflow/.local/lib/python3.7/site-packages/airflow/example_dags/example_branch_day_of_week_operator.py took 0.051 seconds
[2022-09-15T16:46:31.715+0000] {processor.py:153} INFO - Started process (PID=435) to work on /home/airflow/.local/lib/python3.7/site-packages/airflow/example_dags/example_branch_day_of_week_operator.py
[2022-09-15T16:46:31.717+0000] {processor.py:640} INFO - Processing file /home/airflow/.local/lib/python3.7/site-packages/airflow/example_dags/example_branch_day_of_week_operator.py for tasks to queue
[2022-09-15T16:46:31.718+0000] {logging_mixin.py:115} INFO - [2022-09-15T16:46:31.718+0000] {dagbag.py:508} INFO - Filling up the DagBag from /home/airflow/.local/lib/python3.7/site-packages/airflow/example_dags/example_branch_day_of_week_operator.py
[2022-09-15T16:46:31.725+0000] {processor.py:650} INFO - DAG(s) dict_keys(['example_weekday_branch_operator']) retrieved from /home/airflow/.local/lib/python3.7/site-packages/airflow/example_dags/example_branch_day_of_week_operator.py
[2022-09-15T16:46:31.742+0000] {logging_mixin.py:115} INFO - [2022-09-15T16:46:31.742+0000] {dag.py:2429} INFO - Sync 1 DAGs
[2022-09-15T16:46:31.755+0000] {logging_mixin.py:115} INFO - [2022-09-15T16:46:31.755+0000] {dag.py:2981} INFO - Setting next_dagrun for example_weekday_branch_operator to 2022-09-14T00:00:00+00:00, run_after=2022-09-15T00:00:00+00:00
[2022-09-15T16:46:31.762+0000] {processor.py:161} INFO - Processing /home/airflow/.local/lib/python3.7/site-packages/airflow/example_dags/example_branch_day_of_week_operator.py took 0.050 seconds
[2022-09-15T16:47:02.594+0000] {processor.py:153} INFO - Started process (PID=504) to work on /home/airflow/.local/lib/python3.7/site-packages/airflow/example_dags/example_branch_day_of_week_operator.py
[2022-09-15T16:47:02.596+0000] {processor.py:640} INFO - Processing file /home/airflow/.local/lib/python3.7/site-packages/airflow/example_dags/example_branch_day_of_week_operator.py for tasks to queue
[2022-09-15T16:47:02.597+0000] {logging_mixin.py:115} INFO - [2022-09-15T16:47:02.597+0000] {dagbag.py:508} INFO - Filling up the DagBag from /home/airflow/.local/lib/python3.7/site-packages/airflow/example_dags/example_branch_day_of_week_operator.py
[2022-09-15T16:47:02.608+0000] {processor.py:650} INFO - DAG(s) dict_keys(['example_weekday_branch_operator']) retrieved from /home/airflow/.local/lib/python3.7/site-packages/airflow/example_dags/example_branch_day_of_week_operator.py
[2022-09-15T16:47:02.673+0000] {logging_mixin.py:115} INFO - [2022-09-15T16:47:02.673+0000] {dag.py:2429} INFO - Sync 1 DAGs
[2022-09-15T16:47:02.697+0000] {logging_mixin.py:115} INFO - [2022-09-15T16:47:02.697+0000] {dag.py:2981} INFO - Setting next_dagrun for example_weekday_branch_operator to 2022-09-14T00:00:00+00:00, run_after=2022-09-15T00:00:00+00:00
[2022-09-15T16:47:02.710+0000] {processor.py:161} INFO - Processing /home/airflow/.local/lib/python3.7/site-packages/airflow/example_dags/example_branch_day_of_week_operator.py took 0.118 seconds
[2022-09-15T16:47:33.667+0000] {processor.py:153} INFO - Started process (PID=572) to work on /home/airflow/.local/lib/python3.7/site-packages/airflow/example_dags/example_branch_day_of_week_operator.py
[2022-09-15T16:47:33.669+0000] {processor.py:640} INFO - Processing file /home/airflow/.local/lib/python3.7/site-packages/airflow/example_dags/example_branch_day_of_week_operator.py for tasks to queue
[2022-09-15T16:47:33.670+0000] {logging_mixin.py:115} INFO - [2022-09-15T16:47:33.670+0000] {dagbag.py:508} INFO - Filling up the DagBag from /home/airflow/.local/lib/python3.7/site-packages/airflow/example_dags/example_branch_day_of_week_operator.py
[2022-09-15T16:47:33.677+0000] {processor.py:650} INFO - DAG(s) dict_keys(['example_weekday_branch_operator']) retrieved from /home/airflow/.local/lib/python3.7/site-packages/airflow/example_dags/example_branch_day_of_week_operator.py
[2022-09-15T16:47:33.698+0000] {logging_mixin.py:115} INFO - [2022-09-15T16:47:33.698+0000] {dag.py:2429} INFO - Sync 1 DAGs
[2022-09-15T16:47:33.721+0000] {logging_mixin.py:115} INFO - [2022-09-15T16:47:33.720+0000] {dag.py:2981} INFO - Setting next_dagrun for example_weekday_branch_operator to 2022-09-14T00:00:00+00:00, run_after=2022-09-15T00:00:00+00:00
[2022-09-15T16:47:33.729+0000] {processor.py:161} INFO - Processing /home/airflow/.local/lib/python3.7/site-packages/airflow/example_dags/example_branch_day_of_week_operator.py took 0.064 seconds
[2022-09-15T16:48:04.418+0000] {processor.py:153} INFO - Started process (PID=640) to work on /home/airflow/.local/lib/python3.7/site-packages/airflow/example_dags/example_branch_day_of_week_operator.py
[2022-09-15T16:48:04.419+0000] {processor.py:640} INFO - Processing file /home/airflow/.local/lib/python3.7/site-packages/airflow/example_dags/example_branch_day_of_week_operator.py for tasks to queue
[2022-09-15T16:48:04.420+0000] {logging_mixin.py:115} INFO - [2022-09-15T16:48:04.420+0000] {dagbag.py:508} INFO - Filling up the DagBag from /home/airflow/.local/lib/python3.7/site-packages/airflow/example_dags/example_branch_day_of_week_operator.py
[2022-09-15T16:48:04.427+0000] {processor.py:650} INFO - DAG(s) dict_keys(['example_weekday_branch_operator']) retrieved from /home/airflow/.local/lib/python3.7/site-packages/airflow/example_dags/example_branch_day_of_week_operator.py
[2022-09-15T16:48:04.445+0000] {logging_mixin.py:115} INFO - [2022-09-15T16:48:04.445+0000] {dag.py:2429} INFO - Sync 1 DAGs
[2022-09-15T16:48:04.460+0000] {logging_mixin.py:115} INFO - [2022-09-15T16:48:04.460+0000] {dag.py:2981} INFO - Setting next_dagrun for example_weekday_branch_operator to 2022-09-14T00:00:00+00:00, run_after=2022-09-15T00:00:00+00:00
[2022-09-15T16:48:04.468+0000] {processor.py:161} INFO - Processing /home/airflow/.local/lib/python3.7/site-packages/airflow/example_dags/example_branch_day_of_week_operator.py took 0.052 seconds
[2022-09-15T16:48:35.435+0000] {processor.py:153} INFO - Started process (PID=705) to work on /home/airflow/.local/lib/python3.7/site-packages/airflow/example_dags/example_branch_day_of_week_operator.py
[2022-09-15T16:48:35.436+0000] {processor.py:640} INFO - Processing file /home/airflow/.local/lib/python3.7/site-packages/airflow/example_dags/example_branch_day_of_week_operator.py for tasks to queue
[2022-09-15T16:48:35.437+0000] {logging_mixin.py:115} INFO - [2022-09-15T16:48:35.437+0000] {dagbag.py:508} INFO - Filling up the DagBag from /home/airflow/.local/lib/python3.7/site-packages/airflow/example_dags/example_branch_day_of_week_operator.py
[2022-09-15T16:48:35.442+0000] {processor.py:650} INFO - DAG(s) dict_keys(['example_weekday_branch_operator']) retrieved from /home/airflow/.local/lib/python3.7/site-packages/airflow/example_dags/example_branch_day_of_week_operator.py
[2022-09-15T16:48:35.464+0000] {logging_mixin.py:115} INFO - [2022-09-15T16:48:35.464+0000] {dag.py:2429} INFO - Sync 1 DAGs
[2022-09-15T16:48:35.485+0000] {logging_mixin.py:115} INFO - [2022-09-15T16:48:35.485+0000] {dag.py:2981} INFO - Setting next_dagrun for example_weekday_branch_operator to 2022-09-14T00:00:00+00:00, run_after=2022-09-15T00:00:00+00:00
[2022-09-15T16:48:35.497+0000] {processor.py:161} INFO - Processing /home/airflow/.local/lib/python3.7/site-packages/airflow/example_dags/example_branch_day_of_week_operator.py took 0.065 seconds
[2022-09-15T16:49:05.586+0000] {processor.py:153} INFO - Started process (PID=769) to work on /home/airflow/.local/lib/python3.7/site-packages/airflow/example_dags/example_branch_day_of_week_operator.py
[2022-09-15T16:49:05.589+0000] {processor.py:640} INFO - Processing file /home/airflow/.local/lib/python3.7/site-packages/airflow/example_dags/example_branch_day_of_week_operator.py for tasks to queue
[2022-09-15T16:49:05.590+0000] {logging_mixin.py:115} INFO - [2022-09-15T16:49:05.590+0000] {dagbag.py:508} INFO - Filling up the DagBag from /home/airflow/.local/lib/python3.7/site-packages/airflow/example_dags/example_branch_day_of_week_operator.py
[2022-09-15T16:49:05.598+0000] {processor.py:650} INFO - DAG(s) dict_keys(['example_weekday_branch_operator']) retrieved from /home/airflow/.local/lib/python3.7/site-packages/airflow/example_dags/example_branch_day_of_week_operator.py
[2022-09-15T16:49:05.618+0000] {logging_mixin.py:115} INFO - [2022-09-15T16:49:05.617+0000] {dag.py:2429} INFO - Sync 1 DAGs
[2022-09-15T16:49:05.634+0000] {logging_mixin.py:115} INFO - [2022-09-15T16:49:05.633+0000] {dag.py:2981} INFO - Setting next_dagrun for example_weekday_branch_operator to 2022-09-14T00:00:00+00:00, run_after=2022-09-15T00:00:00+00:00
[2022-09-15T16:49:05.642+0000] {processor.py:161} INFO - Processing /home/airflow/.local/lib/python3.7/site-packages/airflow/example_dags/example_branch_day_of_week_operator.py took 0.058 seconds
[2022-09-15T16:49:36.708+0000] {processor.py:153} INFO - Started process (PID=826) to work on /home/airflow/.local/lib/python3.7/site-packages/airflow/example_dags/example_branch_day_of_week_operator.py
[2022-09-15T16:49:36.719+0000] {processor.py:640} INFO - Processing file /home/airflow/.local/lib/python3.7/site-packages/airflow/example_dags/example_branch_day_of_week_operator.py for tasks to queue
[2022-09-15T16:49:36.738+0000] {logging_mixin.py:115} INFO - [2022-09-15T16:49:36.738+0000] {dagbag.py:508} INFO - Filling up the DagBag from /home/airflow/.local/lib/python3.7/site-packages/airflow/example_dags/example_branch_day_of_week_operator.py
[2022-09-15T16:49:36.744+0000] {processor.py:650} INFO - DAG(s) dict_keys(['example_weekday_branch_operator']) retrieved from /home/airflow/.local/lib/python3.7/site-packages/airflow/example_dags/example_branch_day_of_week_operator.py
[2022-09-15T16:49:36.764+0000] {logging_mixin.py:115} INFO - [2022-09-15T16:49:36.763+0000] {dag.py:2429} INFO - Sync 1 DAGs
[2022-09-15T16:49:36.779+0000] {logging_mixin.py:115} INFO - [2022-09-15T16:49:36.779+0000] {dag.py:2981} INFO - Setting next_dagrun for example_weekday_branch_operator to 2022-09-14T00:00:00+00:00, run_after=2022-09-15T00:00:00+00:00
[2022-09-15T16:49:36.789+0000] {processor.py:161} INFO - Processing /home/airflow/.local/lib/python3.7/site-packages/airflow/example_dags/example_branch_day_of_week_operator.py took 0.083 seconds
[2022-09-15T16:50:06.919+0000] {processor.py:153} INFO - Started process (PID=895) to work on /home/airflow/.local/lib/python3.7/site-packages/airflow/example_dags/example_branch_day_of_week_operator.py
[2022-09-15T16:50:06.921+0000] {processor.py:640} INFO - Processing file /home/airflow/.local/lib/python3.7/site-packages/airflow/example_dags/example_branch_day_of_week_operator.py for tasks to queue
[2022-09-15T16:50:06.923+0000] {logging_mixin.py:115} INFO - [2022-09-15T16:50:06.923+0000] {dagbag.py:508} INFO - Filling up the DagBag from /home/airflow/.local/lib/python3.7/site-packages/airflow/example_dags/example_branch_day_of_week_operator.py
[2022-09-15T16:50:06.929+0000] {processor.py:650} INFO - DAG(s) dict_keys(['example_weekday_branch_operator']) retrieved from /home/airflow/.local/lib/python3.7/site-packages/airflow/example_dags/example_branch_day_of_week_operator.py
[2022-09-15T16:50:06.949+0000] {logging_mixin.py:115} INFO - [2022-09-15T16:50:06.949+0000] {dag.py:2429} INFO - Sync 1 DAGs
[2022-09-15T16:50:06.966+0000] {logging_mixin.py:115} INFO - [2022-09-15T16:50:06.966+0000] {dag.py:2981} INFO - Setting next_dagrun for example_weekday_branch_operator to 2022-09-14T00:00:00+00:00, run_after=2022-09-15T00:00:00+00:00
[2022-09-15T16:50:06.975+0000] {processor.py:161} INFO - Processing /home/airflow/.local/lib/python3.7/site-packages/airflow/example_dags/example_branch_day_of_week_operator.py took 0.059 seconds
[2022-09-15T16:50:37.881+0000] {processor.py:153} INFO - Started process (PID=964) to work on /home/airflow/.local/lib/python3.7/site-packages/airflow/example_dags/example_branch_day_of_week_operator.py
[2022-09-15T16:50:37.883+0000] {processor.py:640} INFO - Processing file /home/airflow/.local/lib/python3.7/site-packages/airflow/example_dags/example_branch_day_of_week_operator.py for tasks to queue
[2022-09-15T16:50:37.884+0000] {logging_mixin.py:115} INFO - [2022-09-15T16:50:37.884+0000] {dagbag.py:508} INFO - Filling up the DagBag from /home/airflow/.local/lib/python3.7/site-packages/airflow/example_dags/example_branch_day_of_week_operator.py
[2022-09-15T16:50:37.898+0000] {processor.py:650} INFO - DAG(s) dict_keys(['example_weekday_branch_operator']) retrieved from /home/airflow/.local/lib/python3.7/site-packages/airflow/example_dags/example_branch_day_of_week_operator.py
[2022-09-15T16:50:37.923+0000] {logging_mixin.py:115} INFO - [2022-09-15T16:50:37.923+0000] {dag.py:2429} INFO - Sync 1 DAGs
[2022-09-15T16:50:37.940+0000] {logging_mixin.py:115} INFO - [2022-09-15T16:50:37.940+0000] {dag.py:2981} INFO - Setting next_dagrun for example_weekday_branch_operator to 2022-09-14T00:00:00+00:00, run_after=2022-09-15T00:00:00+00:00
[2022-09-15T16:50:37.949+0000] {processor.py:161} INFO - Processing /home/airflow/.local/lib/python3.7/site-packages/airflow/example_dags/example_branch_day_of_week_operator.py took 0.071 seconds
[2022-09-15T16:51:08.754+0000] {processor.py:153} INFO - Started process (PID=1030) to work on /home/airflow/.local/lib/python3.7/site-packages/airflow/example_dags/example_branch_day_of_week_operator.py
[2022-09-15T16:51:08.755+0000] {processor.py:640} INFO - Processing file /home/airflow/.local/lib/python3.7/site-packages/airflow/example_dags/example_branch_day_of_week_operator.py for tasks to queue
[2022-09-15T16:51:08.757+0000] {logging_mixin.py:115} INFO - [2022-09-15T16:51:08.757+0000] {dagbag.py:508} INFO - Filling up the DagBag from /home/airflow/.local/lib/python3.7/site-packages/airflow/example_dags/example_branch_day_of_week_operator.py
[2022-09-15T16:51:08.766+0000] {processor.py:650} INFO - DAG(s) dict_keys(['example_weekday_branch_operator']) retrieved from /home/airflow/.local/lib/python3.7/site-packages/airflow/example_dags/example_branch_day_of_week_operator.py
[2022-09-15T16:51:08.786+0000] {logging_mixin.py:115} INFO - [2022-09-15T16:51:08.786+0000] {dag.py:2429} INFO - Sync 1 DAGs
[2022-09-15T16:51:08.801+0000] {logging_mixin.py:115} INFO - [2022-09-15T16:51:08.801+0000] {dag.py:2981} INFO - Setting next_dagrun for example_weekday_branch_operator to 2022-09-14T00:00:00+00:00, run_after=2022-09-15T00:00:00+00:00
[2022-09-15T16:51:08.809+0000] {processor.py:161} INFO - Processing /home/airflow/.local/lib/python3.7/site-packages/airflow/example_dags/example_branch_day_of_week_operator.py took 0.058 seconds
[2022-09-15T16:51:39.850+0000] {processor.py:153} INFO - Started process (PID=1100) to work on /home/airflow/.local/lib/python3.7/site-packages/airflow/example_dags/example_branch_day_of_week_operator.py
[2022-09-15T16:51:39.852+0000] {processor.py:640} INFO - Processing file /home/airflow/.local/lib/python3.7/site-packages/airflow/example_dags/example_branch_day_of_week_operator.py for tasks to queue
[2022-09-15T16:51:39.853+0000] {logging_mixin.py:115} INFO - [2022-09-15T16:51:39.853+0000] {dagbag.py:508} INFO - Filling up the DagBag from /home/airflow/.local/lib/python3.7/site-packages/airflow/example_dags/example_branch_day_of_week_operator.py
[2022-09-15T16:51:39.858+0000] {processor.py:650} INFO - DAG(s) dict_keys(['example_weekday_branch_operator']) retrieved from /home/airflow/.local/lib/python3.7/site-packages/airflow/example_dags/example_branch_day_of_week_operator.py
[2022-09-15T16:51:39.877+0000] {logging_mixin.py:115} INFO - [2022-09-15T16:51:39.877+0000] {dag.py:2429} INFO - Sync 1 DAGs
[2022-09-15T16:51:39.891+0000] {logging_mixin.py:115} INFO - [2022-09-15T16:51:39.891+0000] {dag.py:2981} INFO - Setting next_dagrun for example_weekday_branch_operator to 2022-09-14T00:00:00+00:00, run_after=2022-09-15T00:00:00+00:00
[2022-09-15T16:51:39.898+0000] {processor.py:161} INFO - Processing /home/airflow/.local/lib/python3.7/site-packages/airflow/example_dags/example_branch_day_of_week_operator.py took 0.051 seconds
[2022-09-15T16:52:10.760+0000] {processor.py:153} INFO - Started process (PID=1165) to work on /home/airflow/.local/lib/python3.7/site-packages/airflow/example_dags/example_branch_day_of_week_operator.py
[2022-09-15T16:52:10.762+0000] {processor.py:640} INFO - Processing file /home/airflow/.local/lib/python3.7/site-packages/airflow/example_dags/example_branch_day_of_week_operator.py for tasks to queue
[2022-09-15T16:52:10.764+0000] {logging_mixin.py:115} INFO - [2022-09-15T16:52:10.763+0000] {dagbag.py:508} INFO - Filling up the DagBag from /home/airflow/.local/lib/python3.7/site-packages/airflow/example_dags/example_branch_day_of_week_operator.py
[2022-09-15T16:52:10.772+0000] {processor.py:650} INFO - DAG(s) dict_keys(['example_weekday_branch_operator']) retrieved from /home/airflow/.local/lib/python3.7/site-packages/airflow/example_dags/example_branch_day_of_week_operator.py
[2022-09-15T16:52:10.796+0000] {logging_mixin.py:115} INFO - [2022-09-15T16:52:10.796+0000] {dag.py:2429} INFO - Sync 1 DAGs
[2022-09-15T16:52:10.816+0000] {logging_mixin.py:115} INFO - [2022-09-15T16:52:10.815+0000] {dag.py:2981} INFO - Setting next_dagrun for example_weekday_branch_operator to 2022-09-14T00:00:00+00:00, run_after=2022-09-15T00:00:00+00:00
[2022-09-15T16:52:10.826+0000] {processor.py:161} INFO - Processing /home/airflow/.local/lib/python3.7/site-packages/airflow/example_dags/example_branch_day_of_week_operator.py took 0.070 seconds
[2022-09-15T16:52:41.607+0000] {processor.py:153} INFO - Started process (PID=1221) to work on /home/airflow/.local/lib/python3.7/site-packages/airflow/example_dags/example_branch_day_of_week_operator.py
[2022-09-15T16:52:41.609+0000] {processor.py:640} INFO - Processing file /home/airflow/.local/lib/python3.7/site-packages/airflow/example_dags/example_branch_day_of_week_operator.py for tasks to queue
[2022-09-15T16:52:41.611+0000] {logging_mixin.py:115} INFO - [2022-09-15T16:52:41.611+0000] {dagbag.py:508} INFO - Filling up the DagBag from /home/airflow/.local/lib/python3.7/site-packages/airflow/example_dags/example_branch_day_of_week_operator.py
[2022-09-15T16:52:41.618+0000] {processor.py:650} INFO - DAG(s) dict_keys(['example_weekday_branch_operator']) retrieved from /home/airflow/.local/lib/python3.7/site-packages/airflow/example_dags/example_branch_day_of_week_operator.py
[2022-09-15T16:52:41.655+0000] {logging_mixin.py:115} INFO - [2022-09-15T16:52:41.655+0000] {dag.py:2429} INFO - Sync 1 DAGs
[2022-09-15T16:52:41.671+0000] {logging_mixin.py:115} INFO - [2022-09-15T16:52:41.671+0000] {dag.py:2981} INFO - Setting next_dagrun for example_weekday_branch_operator to 2022-09-14T00:00:00+00:00, run_after=2022-09-15T00:00:00+00:00
[2022-09-15T16:52:41.681+0000] {processor.py:161} INFO - Processing /home/airflow/.local/lib/python3.7/site-packages/airflow/example_dags/example_branch_day_of_week_operator.py took 0.076 seconds
[2022-09-15T16:53:11.839+0000] {processor.py:153} INFO - Started process (PID=1289) to work on /home/airflow/.local/lib/python3.7/site-packages/airflow/example_dags/example_branch_day_of_week_operator.py
[2022-09-15T16:53:11.841+0000] {processor.py:640} INFO - Processing file /home/airflow/.local/lib/python3.7/site-packages/airflow/example_dags/example_branch_day_of_week_operator.py for tasks to queue
[2022-09-15T16:53:11.842+0000] {logging_mixin.py:115} INFO - [2022-09-15T16:53:11.842+0000] {dagbag.py:508} INFO - Filling up the DagBag from /home/airflow/.local/lib/python3.7/site-packages/airflow/example_dags/example_branch_day_of_week_operator.py
[2022-09-15T16:53:11.850+0000] {processor.py:650} INFO - DAG(s) dict_keys(['example_weekday_branch_operator']) retrieved from /home/airflow/.local/lib/python3.7/site-packages/airflow/example_dags/example_branch_day_of_week_operator.py
[2022-09-15T16:53:11.873+0000] {logging_mixin.py:115} INFO - [2022-09-15T16:53:11.873+0000] {dag.py:2429} INFO - Sync 1 DAGs
[2022-09-15T16:53:11.889+0000] {logging_mixin.py:115} INFO - [2022-09-15T16:53:11.889+0000] {dag.py:2981} INFO - Setting next_dagrun for example_weekday_branch_operator to 2022-09-14T00:00:00+00:00, run_after=2022-09-15T00:00:00+00:00
[2022-09-15T16:53:11.897+0000] {processor.py:161} INFO - Processing /home/airflow/.local/lib/python3.7/site-packages/airflow/example_dags/example_branch_day_of_week_operator.py took 0.061 seconds
[2022-09-15T16:53:42.211+0000] {processor.py:153} INFO - Started process (PID=1357) to work on /home/airflow/.local/lib/python3.7/site-packages/airflow/example_dags/example_branch_day_of_week_operator.py
[2022-09-15T16:53:42.213+0000] {processor.py:640} INFO - Processing file /home/airflow/.local/lib/python3.7/site-packages/airflow/example_dags/example_branch_day_of_week_operator.py for tasks to queue
[2022-09-15T16:53:42.215+0000] {logging_mixin.py:115} INFO - [2022-09-15T16:53:42.215+0000] {dagbag.py:508} INFO - Filling up the DagBag from /home/airflow/.local/lib/python3.7/site-packages/airflow/example_dags/example_branch_day_of_week_operator.py
[2022-09-15T16:53:42.223+0000] {processor.py:650} INFO - DAG(s) dict_keys(['example_weekday_branch_operator']) retrieved from /home/airflow/.local/lib/python3.7/site-packages/airflow/example_dags/example_branch_day_of_week_operator.py
[2022-09-15T16:53:42.242+0000] {logging_mixin.py:115} INFO - [2022-09-15T16:53:42.242+0000] {dag.py:2429} INFO - Sync 1 DAGs
[2022-09-15T16:53:42.256+0000] {logging_mixin.py:115} INFO - [2022-09-15T16:53:42.256+0000] {dag.py:2981} INFO - Setting next_dagrun for example_weekday_branch_operator to 2022-09-14T00:00:00+00:00, run_after=2022-09-15T00:00:00+00:00
[2022-09-15T16:53:42.269+0000] {processor.py:161} INFO - Processing /home/airflow/.local/lib/python3.7/site-packages/airflow/example_dags/example_branch_day_of_week_operator.py took 0.060 seconds
[2022-09-15T16:54:13.198+0000] {processor.py:153} INFO - Started process (PID=1426) to work on /home/airflow/.local/lib/python3.7/site-packages/airflow/example_dags/example_branch_day_of_week_operator.py
[2022-09-15T16:54:13.200+0000] {processor.py:640} INFO - Processing file /home/airflow/.local/lib/python3.7/site-packages/airflow/example_dags/example_branch_day_of_week_operator.py for tasks to queue
[2022-09-15T16:54:13.201+0000] {logging_mixin.py:115} INFO - [2022-09-15T16:54:13.201+0000] {dagbag.py:508} INFO - Filling up the DagBag from /home/airflow/.local/lib/python3.7/site-packages/airflow/example_dags/example_branch_day_of_week_operator.py
[2022-09-15T16:54:13.208+0000] {processor.py:650} INFO - DAG(s) dict_keys(['example_weekday_branch_operator']) retrieved from /home/airflow/.local/lib/python3.7/site-packages/airflow/example_dags/example_branch_day_of_week_operator.py
[2022-09-15T16:54:13.228+0000] {logging_mixin.py:115} INFO - [2022-09-15T16:54:13.228+0000] {dag.py:2429} INFO - Sync 1 DAGs
[2022-09-15T16:54:13.243+0000] {logging_mixin.py:115} INFO - [2022-09-15T16:54:13.243+0000] {dag.py:2981} INFO - Setting next_dagrun for example_weekday_branch_operator to 2022-09-14T00:00:00+00:00, run_after=2022-09-15T00:00:00+00:00
[2022-09-15T16:54:13.255+0000] {processor.py:161} INFO - Processing /home/airflow/.local/lib/python3.7/site-packages/airflow/example_dags/example_branch_day_of_week_operator.py took 0.060 seconds
[2022-09-15T16:54:44.197+0000] {processor.py:153} INFO - Started process (PID=1491) to work on /home/airflow/.local/lib/python3.7/site-packages/airflow/example_dags/example_branch_day_of_week_operator.py
[2022-09-15T16:54:44.199+0000] {processor.py:640} INFO - Processing file /home/airflow/.local/lib/python3.7/site-packages/airflow/example_dags/example_branch_day_of_week_operator.py for tasks to queue
[2022-09-15T16:54:44.202+0000] {logging_mixin.py:115} INFO - [2022-09-15T16:54:44.202+0000] {dagbag.py:508} INFO - Filling up the DagBag from /home/airflow/.local/lib/python3.7/site-packages/airflow/example_dags/example_branch_day_of_week_operator.py
[2022-09-15T16:54:44.210+0000] {processor.py:650} INFO - DAG(s) dict_keys(['example_weekday_branch_operator']) retrieved from /home/airflow/.local/lib/python3.7/site-packages/airflow/example_dags/example_branch_day_of_week_operator.py
[2022-09-15T16:54:44.234+0000] {logging_mixin.py:115} INFO - [2022-09-15T16:54:44.234+0000] {dag.py:2429} INFO - Sync 1 DAGs
[2022-09-15T16:54:44.257+0000] {logging_mixin.py:115} INFO - [2022-09-15T16:54:44.257+0000] {dag.py:2981} INFO - Setting next_dagrun for example_weekday_branch_operator to 2022-09-14T00:00:00+00:00, run_after=2022-09-15T00:00:00+00:00
[2022-09-15T16:54:44.271+0000] {processor.py:161} INFO - Processing /home/airflow/.local/lib/python3.7/site-packages/airflow/example_dags/example_branch_day_of_week_operator.py took 0.078 seconds
[2022-09-15T16:55:14.388+0000] {processor.py:153} INFO - Started process (PID=1549) to work on /home/airflow/.local/lib/python3.7/site-packages/airflow/example_dags/example_branch_day_of_week_operator.py
[2022-09-15T16:55:14.390+0000] {processor.py:640} INFO - Processing file /home/airflow/.local/lib/python3.7/site-packages/airflow/example_dags/example_branch_day_of_week_operator.py for tasks to queue
[2022-09-15T16:55:14.391+0000] {logging_mixin.py:115} INFO - [2022-09-15T16:55:14.391+0000] {dagbag.py:508} INFO - Filling up the DagBag from /home/airflow/.local/lib/python3.7/site-packages/airflow/example_dags/example_branch_day_of_week_operator.py
[2022-09-15T16:55:14.398+0000] {processor.py:650} INFO - DAG(s) dict_keys(['example_weekday_branch_operator']) retrieved from /home/airflow/.local/lib/python3.7/site-packages/airflow/example_dags/example_branch_day_of_week_operator.py
[2022-09-15T16:55:14.419+0000] {logging_mixin.py:115} INFO - [2022-09-15T16:55:14.418+0000] {dag.py:2429} INFO - Sync 1 DAGs
[2022-09-15T16:55:14.447+0000] {logging_mixin.py:115} INFO - [2022-09-15T16:55:14.446+0000] {dag.py:2981} INFO - Setting next_dagrun for example_weekday_branch_operator to 2022-09-14T00:00:00+00:00, run_after=2022-09-15T00:00:00+00:00
[2022-09-15T16:55:14.464+0000] {processor.py:161} INFO - Processing /home/airflow/.local/lib/python3.7/site-packages/airflow/example_dags/example_branch_day_of_week_operator.py took 0.078 seconds
[2022-09-15T16:55:45.427+0000] {processor.py:153} INFO - Started process (PID=1619) to work on /home/airflow/.local/lib/python3.7/site-packages/airflow/example_dags/example_branch_day_of_week_operator.py
[2022-09-15T16:55:45.429+0000] {processor.py:640} INFO - Processing file /home/airflow/.local/lib/python3.7/site-packages/airflow/example_dags/example_branch_day_of_week_operator.py for tasks to queue
[2022-09-15T16:55:45.431+0000] {logging_mixin.py:115} INFO - [2022-09-15T16:55:45.431+0000] {dagbag.py:508} INFO - Filling up the DagBag from /home/airflow/.local/lib/python3.7/site-packages/airflow/example_dags/example_branch_day_of_week_operator.py
[2022-09-15T16:55:45.440+0000] {processor.py:650} INFO - DAG(s) dict_keys(['example_weekday_branch_operator']) retrieved from /home/airflow/.local/lib/python3.7/site-packages/airflow/example_dags/example_branch_day_of_week_operator.py
[2022-09-15T16:55:45.476+0000] {logging_mixin.py:115} INFO - [2022-09-15T16:55:45.476+0000] {dag.py:2429} INFO - Sync 1 DAGs
[2022-09-15T16:55:45.494+0000] {logging_mixin.py:115} INFO - [2022-09-15T16:55:45.494+0000] {dag.py:2981} INFO - Setting next_dagrun for example_weekday_branch_operator to 2022-09-14T00:00:00+00:00, run_after=2022-09-15T00:00:00+00:00
[2022-09-15T16:55:45.505+0000] {processor.py:161} INFO - Processing /home/airflow/.local/lib/python3.7/site-packages/airflow/example_dags/example_branch_day_of_week_operator.py took 0.081 seconds
[2022-09-15T16:56:15.599+0000] {processor.py:153} INFO - Started process (PID=1684) to work on /home/airflow/.local/lib/python3.7/site-packages/airflow/example_dags/example_branch_day_of_week_operator.py
[2022-09-15T16:56:15.602+0000] {processor.py:640} INFO - Processing file /home/airflow/.local/lib/python3.7/site-packages/airflow/example_dags/example_branch_day_of_week_operator.py for tasks to queue
[2022-09-15T16:56:15.603+0000] {logging_mixin.py:115} INFO - [2022-09-15T16:56:15.603+0000] {dagbag.py:508} INFO - Filling up the DagBag from /home/airflow/.local/lib/python3.7/site-packages/airflow/example_dags/example_branch_day_of_week_operator.py
[2022-09-15T16:56:15.612+0000] {processor.py:650} INFO - DAG(s) dict_keys(['example_weekday_branch_operator']) retrieved from /home/airflow/.local/lib/python3.7/site-packages/airflow/example_dags/example_branch_day_of_week_operator.py
[2022-09-15T16:56:15.644+0000] {logging_mixin.py:115} INFO - [2022-09-15T16:56:15.644+0000] {dag.py:2429} INFO - Sync 1 DAGs
[2022-09-15T16:56:15.660+0000] {logging_mixin.py:115} INFO - [2022-09-15T16:56:15.660+0000] {dag.py:2981} INFO - Setting next_dagrun for example_weekday_branch_operator to 2022-09-14T00:00:00+00:00, run_after=2022-09-15T00:00:00+00:00
[2022-09-15T16:56:15.670+0000] {processor.py:161} INFO - Processing /home/airflow/.local/lib/python3.7/site-packages/airflow/example_dags/example_branch_day_of_week_operator.py took 0.074 seconds
[2022-09-15T16:56:46.570+0000] {processor.py:153} INFO - Started process (PID=1756) to work on /home/airflow/.local/lib/python3.7/site-packages/airflow/example_dags/example_branch_day_of_week_operator.py
[2022-09-15T16:56:46.572+0000] {processor.py:640} INFO - Processing file /home/airflow/.local/lib/python3.7/site-packages/airflow/example_dags/example_branch_day_of_week_operator.py for tasks to queue
[2022-09-15T16:56:46.573+0000] {logging_mixin.py:115} INFO - [2022-09-15T16:56:46.573+0000] {dagbag.py:508} INFO - Filling up the DagBag from /home/airflow/.local/lib/python3.7/site-packages/airflow/example_dags/example_branch_day_of_week_operator.py
[2022-09-15T16:56:46.580+0000] {processor.py:650} INFO - DAG(s) dict_keys(['example_weekday_branch_operator']) retrieved from /home/airflow/.local/lib/python3.7/site-packages/airflow/example_dags/example_branch_day_of_week_operator.py
[2022-09-15T16:56:46.598+0000] {logging_mixin.py:115} INFO - [2022-09-15T16:56:46.597+0000] {dag.py:2429} INFO - Sync 1 DAGs
[2022-09-15T16:56:46.617+0000] {logging_mixin.py:115} INFO - [2022-09-15T16:56:46.617+0000] {dag.py:2981} INFO - Setting next_dagrun for example_weekday_branch_operator to 2022-09-14T00:00:00+00:00, run_after=2022-09-15T00:00:00+00:00
[2022-09-15T16:56:46.628+0000] {processor.py:161} INFO - Processing /home/airflow/.local/lib/python3.7/site-packages/airflow/example_dags/example_branch_day_of_week_operator.py took 0.061 seconds
[2022-09-15T16:57:16.692+0000] {processor.py:153} INFO - Started process (PID=1820) to work on /home/airflow/.local/lib/python3.7/site-packages/airflow/example_dags/example_branch_day_of_week_operator.py
[2022-09-15T16:57:16.694+0000] {processor.py:640} INFO - Processing file /home/airflow/.local/lib/python3.7/site-packages/airflow/example_dags/example_branch_day_of_week_operator.py for tasks to queue
[2022-09-15T16:57:16.695+0000] {logging_mixin.py:115} INFO - [2022-09-15T16:57:16.695+0000] {dagbag.py:508} INFO - Filling up the DagBag from /home/airflow/.local/lib/python3.7/site-packages/airflow/example_dags/example_branch_day_of_week_operator.py
[2022-09-15T16:57:16.701+0000] {processor.py:650} INFO - DAG(s) dict_keys(['example_weekday_branch_operator']) retrieved from /home/airflow/.local/lib/python3.7/site-packages/airflow/example_dags/example_branch_day_of_week_operator.py
[2022-09-15T16:57:16.719+0000] {logging_mixin.py:115} INFO - [2022-09-15T16:57:16.719+0000] {dag.py:2429} INFO - Sync 1 DAGs
[2022-09-15T16:57:16.733+0000] {logging_mixin.py:115} INFO - [2022-09-15T16:57:16.733+0000] {dag.py:2981} INFO - Setting next_dagrun for example_weekday_branch_operator to 2022-09-14T00:00:00+00:00, run_after=2022-09-15T00:00:00+00:00
[2022-09-15T16:57:16.743+0000] {processor.py:161} INFO - Processing /home/airflow/.local/lib/python3.7/site-packages/airflow/example_dags/example_branch_day_of_week_operator.py took 0.053 seconds
[2022-09-15T16:57:46.932+0000] {processor.py:153} INFO - Started process (PID=1875) to work on /home/airflow/.local/lib/python3.7/site-packages/airflow/example_dags/example_branch_day_of_week_operator.py
[2022-09-15T16:57:46.934+0000] {processor.py:640} INFO - Processing file /home/airflow/.local/lib/python3.7/site-packages/airflow/example_dags/example_branch_day_of_week_operator.py for tasks to queue
[2022-09-15T16:57:46.936+0000] {logging_mixin.py:115} INFO - [2022-09-15T16:57:46.936+0000] {dagbag.py:508} INFO - Filling up the DagBag from /home/airflow/.local/lib/python3.7/site-packages/airflow/example_dags/example_branch_day_of_week_operator.py
[2022-09-15T16:57:46.949+0000] {processor.py:650} INFO - DAG(s) dict_keys(['example_weekday_branch_operator']) retrieved from /home/airflow/.local/lib/python3.7/site-packages/airflow/example_dags/example_branch_day_of_week_operator.py
[2022-09-15T16:57:46.970+0000] {logging_mixin.py:115} INFO - [2022-09-15T16:57:46.970+0000] {dag.py:2429} INFO - Sync 1 DAGs
[2022-09-15T16:57:46.986+0000] {logging_mixin.py:115} INFO - [2022-09-15T16:57:46.986+0000] {dag.py:2981} INFO - Setting next_dagrun for example_weekday_branch_operator to 2022-09-14T00:00:00+00:00, run_after=2022-09-15T00:00:00+00:00
[2022-09-15T16:57:46.997+0000] {processor.py:161} INFO - Processing /home/airflow/.local/lib/python3.7/site-packages/airflow/example_dags/example_branch_day_of_week_operator.py took 0.070 seconds
[2022-09-15T16:58:18.043+0000] {processor.py:153} INFO - Started process (PID=1948) to work on /home/airflow/.local/lib/python3.7/site-packages/airflow/example_dags/example_branch_day_of_week_operator.py
[2022-09-15T16:58:18.045+0000] {processor.py:640} INFO - Processing file /home/airflow/.local/lib/python3.7/site-packages/airflow/example_dags/example_branch_day_of_week_operator.py for tasks to queue
[2022-09-15T16:58:18.046+0000] {logging_mixin.py:115} INFO - [2022-09-15T16:58:18.046+0000] {dagbag.py:508} INFO - Filling up the DagBag from /home/airflow/.local/lib/python3.7/site-packages/airflow/example_dags/example_branch_day_of_week_operator.py
[2022-09-15T16:58:18.052+0000] {processor.py:650} INFO - DAG(s) dict_keys(['example_weekday_branch_operator']) retrieved from /home/airflow/.local/lib/python3.7/site-packages/airflow/example_dags/example_branch_day_of_week_operator.py
[2022-09-15T16:58:18.070+0000] {logging_mixin.py:115} INFO - [2022-09-15T16:58:18.070+0000] {dag.py:2429} INFO - Sync 1 DAGs
[2022-09-15T16:58:18.083+0000] {logging_mixin.py:115} INFO - [2022-09-15T16:58:18.083+0000] {dag.py:2981} INFO - Setting next_dagrun for example_weekday_branch_operator to 2022-09-14T00:00:00+00:00, run_after=2022-09-15T00:00:00+00:00
[2022-09-15T16:58:18.091+0000] {processor.py:161} INFO - Processing /home/airflow/.local/lib/python3.7/site-packages/airflow/example_dags/example_branch_day_of_week_operator.py took 0.051 seconds
[2022-09-15T16:58:49.154+0000] {processor.py:153} INFO - Started process (PID=2014) to work on /home/airflow/.local/lib/python3.7/site-packages/airflow/example_dags/example_branch_day_of_week_operator.py
[2022-09-15T16:58:49.156+0000] {processor.py:640} INFO - Processing file /home/airflow/.local/lib/python3.7/site-packages/airflow/example_dags/example_branch_day_of_week_operator.py for tasks to queue
[2022-09-15T16:58:49.158+0000] {logging_mixin.py:115} INFO - [2022-09-15T16:58:49.158+0000] {dagbag.py:508} INFO - Filling up the DagBag from /home/airflow/.local/lib/python3.7/site-packages/airflow/example_dags/example_branch_day_of_week_operator.py
[2022-09-15T16:58:49.164+0000] {processor.py:650} INFO - DAG(s) dict_keys(['example_weekday_branch_operator']) retrieved from /home/airflow/.local/lib/python3.7/site-packages/airflow/example_dags/example_branch_day_of_week_operator.py
[2022-09-15T16:58:49.186+0000] {logging_mixin.py:115} INFO - [2022-09-15T16:58:49.185+0000] {dag.py:2429} INFO - Sync 1 DAGs
[2022-09-15T16:58:49.203+0000] {logging_mixin.py:115} INFO - [2022-09-15T16:58:49.203+0000] {dag.py:2981} INFO - Setting next_dagrun for example_weekday_branch_operator to 2022-09-14T00:00:00+00:00, run_after=2022-09-15T00:00:00+00:00
[2022-09-15T16:58:49.212+0000] {processor.py:161} INFO - Processing /home/airflow/.local/lib/python3.7/site-packages/airflow/example_dags/example_branch_day_of_week_operator.py took 0.060 seconds
[2022-09-15T16:59:19.332+0000] {processor.py:153} INFO - Started process (PID=2083) to work on /home/airflow/.local/lib/python3.7/site-packages/airflow/example_dags/example_branch_day_of_week_operator.py
[2022-09-15T16:59:19.334+0000] {processor.py:640} INFO - Processing file /home/airflow/.local/lib/python3.7/site-packages/airflow/example_dags/example_branch_day_of_week_operator.py for tasks to queue
[2022-09-15T16:59:19.336+0000] {logging_mixin.py:115} INFO - [2022-09-15T16:59:19.336+0000] {dagbag.py:508} INFO - Filling up the DagBag from /home/airflow/.local/lib/python3.7/site-packages/airflow/example_dags/example_branch_day_of_week_operator.py
[2022-09-15T16:59:19.344+0000] {processor.py:650} INFO - DAG(s) dict_keys(['example_weekday_branch_operator']) retrieved from /home/airflow/.local/lib/python3.7/site-packages/airflow/example_dags/example_branch_day_of_week_operator.py
[2022-09-15T16:59:19.366+0000] {logging_mixin.py:115} INFO - [2022-09-15T16:59:19.366+0000] {dag.py:2429} INFO - Sync 1 DAGs
[2022-09-15T16:59:19.382+0000] {logging_mixin.py:115} INFO - [2022-09-15T16:59:19.382+0000] {dag.py:2981} INFO - Setting next_dagrun for example_weekday_branch_operator to 2022-09-14T00:00:00+00:00, run_after=2022-09-15T00:00:00+00:00
[2022-09-15T16:59:19.395+0000] {processor.py:161} INFO - Processing /home/airflow/.local/lib/python3.7/site-packages/airflow/example_dags/example_branch_day_of_week_operator.py took 0.066 seconds
[2022-09-15T16:59:50.331+0000] {processor.py:153} INFO - Started process (PID=2150) to work on /home/airflow/.local/lib/python3.7/site-packages/airflow/example_dags/example_branch_day_of_week_operator.py
[2022-09-15T16:59:50.333+0000] {processor.py:640} INFO - Processing file /home/airflow/.local/lib/python3.7/site-packages/airflow/example_dags/example_branch_day_of_week_operator.py for tasks to queue
[2022-09-15T16:59:50.334+0000] {logging_mixin.py:115} INFO - [2022-09-15T16:59:50.334+0000] {dagbag.py:508} INFO - Filling up the DagBag from /home/airflow/.local/lib/python3.7/site-packages/airflow/example_dags/example_branch_day_of_week_operator.py
[2022-09-15T16:59:50.341+0000] {processor.py:650} INFO - DAG(s) dict_keys(['example_weekday_branch_operator']) retrieved from /home/airflow/.local/lib/python3.7/site-packages/airflow/example_dags/example_branch_day_of_week_operator.py
[2022-09-15T16:59:50.365+0000] {logging_mixin.py:115} INFO - [2022-09-15T16:59:50.365+0000] {dag.py:2429} INFO - Sync 1 DAGs
[2022-09-15T16:59:50.384+0000] {logging_mixin.py:115} INFO - [2022-09-15T16:59:50.384+0000] {dag.py:2981} INFO - Setting next_dagrun for example_weekday_branch_operator to 2022-09-14T00:00:00+00:00, run_after=2022-09-15T00:00:00+00:00
[2022-09-15T16:59:50.394+0000] {processor.py:161} INFO - Processing /home/airflow/.local/lib/python3.7/site-packages/airflow/example_dags/example_branch_day_of_week_operator.py took 0.066 seconds
[2022-09-15T17:00:21.323+0000] {processor.py:153} INFO - Started process (PID=2210) to work on /home/airflow/.local/lib/python3.7/site-packages/airflow/example_dags/example_branch_day_of_week_operator.py
[2022-09-15T17:00:21.325+0000] {processor.py:640} INFO - Processing file /home/airflow/.local/lib/python3.7/site-packages/airflow/example_dags/example_branch_day_of_week_operator.py for tasks to queue
[2022-09-15T17:00:21.327+0000] {logging_mixin.py:115} INFO - [2022-09-15T17:00:21.326+0000] {dagbag.py:508} INFO - Filling up the DagBag from /home/airflow/.local/lib/python3.7/site-packages/airflow/example_dags/example_branch_day_of_week_operator.py
[2022-09-15T17:00:21.333+0000] {processor.py:650} INFO - DAG(s) dict_keys(['example_weekday_branch_operator']) retrieved from /home/airflow/.local/lib/python3.7/site-packages/airflow/example_dags/example_branch_day_of_week_operator.py
[2022-09-15T17:00:21.351+0000] {logging_mixin.py:115} INFO - [2022-09-15T17:00:21.351+0000] {dag.py:2429} INFO - Sync 1 DAGs
[2022-09-15T17:00:21.366+0000] {logging_mixin.py:115} INFO - [2022-09-15T17:00:21.366+0000] {dag.py:2981} INFO - Setting next_dagrun for example_weekday_branch_operator to 2022-09-14T00:00:00+00:00, run_after=2022-09-15T00:00:00+00:00
[2022-09-15T17:00:21.375+0000] {processor.py:161} INFO - Processing /home/airflow/.local/lib/python3.7/site-packages/airflow/example_dags/example_branch_day_of_week_operator.py took 0.057 seconds
[2022-09-15T17:00:51.542+0000] {processor.py:153} INFO - Started process (PID=2282) to work on /home/airflow/.local/lib/python3.7/site-packages/airflow/example_dags/example_branch_day_of_week_operator.py
[2022-09-15T17:00:51.544+0000] {processor.py:640} INFO - Processing file /home/airflow/.local/lib/python3.7/site-packages/airflow/example_dags/example_branch_day_of_week_operator.py for tasks to queue
[2022-09-15T17:00:51.545+0000] {logging_mixin.py:115} INFO - [2022-09-15T17:00:51.545+0000] {dagbag.py:508} INFO - Filling up the DagBag from /home/airflow/.local/lib/python3.7/site-packages/airflow/example_dags/example_branch_day_of_week_operator.py
[2022-09-15T17:00:51.551+0000] {processor.py:650} INFO - DAG(s) dict_keys(['example_weekday_branch_operator']) retrieved from /home/airflow/.local/lib/python3.7/site-packages/airflow/example_dags/example_branch_day_of_week_operator.py
[2022-09-15T17:00:51.577+0000] {logging_mixin.py:115} INFO - [2022-09-15T17:00:51.577+0000] {dag.py:2429} INFO - Sync 1 DAGs
[2022-09-15T17:00:51.593+0000] {logging_mixin.py:115} INFO - [2022-09-15T17:00:51.593+0000] {dag.py:2981} INFO - Setting next_dagrun for example_weekday_branch_operator to 2022-09-14T00:00:00+00:00, run_after=2022-09-15T00:00:00+00:00
[2022-09-15T17:00:51.608+0000] {processor.py:161} INFO - Processing /home/airflow/.local/lib/python3.7/site-packages/airflow/example_dags/example_branch_day_of_week_operator.py took 0.069 seconds
[2022-09-15T17:01:21.716+0000] {processor.py:153} INFO - Started process (PID=2346) to work on /home/airflow/.local/lib/python3.7/site-packages/airflow/example_dags/example_branch_day_of_week_operator.py
[2022-09-15T17:01:21.718+0000] {processor.py:640} INFO - Processing file /home/airflow/.local/lib/python3.7/site-packages/airflow/example_dags/example_branch_day_of_week_operator.py for tasks to queue
[2022-09-15T17:01:21.719+0000] {logging_mixin.py:115} INFO - [2022-09-15T17:01:21.719+0000] {dagbag.py:508} INFO - Filling up the DagBag from /home/airflow/.local/lib/python3.7/site-packages/airflow/example_dags/example_branch_day_of_week_operator.py
[2022-09-15T17:01:21.726+0000] {processor.py:650} INFO - DAG(s) dict_keys(['example_weekday_branch_operator']) retrieved from /home/airflow/.local/lib/python3.7/site-packages/airflow/example_dags/example_branch_day_of_week_operator.py
[2022-09-15T17:01:21.745+0000] {logging_mixin.py:115} INFO - [2022-09-15T17:01:21.745+0000] {dag.py:2429} INFO - Sync 1 DAGs
[2022-09-15T17:01:21.761+0000] {logging_mixin.py:115} INFO - [2022-09-15T17:01:21.761+0000] {dag.py:2981} INFO - Setting next_dagrun for example_weekday_branch_operator to 2022-09-14T00:00:00+00:00, run_after=2022-09-15T00:00:00+00:00
[2022-09-15T17:01:21.771+0000] {processor.py:161} INFO - Processing /home/airflow/.local/lib/python3.7/site-packages/airflow/example_dags/example_branch_day_of_week_operator.py took 0.059 seconds
[2022-09-15T17:01:52.565+0000] {processor.py:153} INFO - Started process (PID=2415) to work on /home/airflow/.local/lib/python3.7/site-packages/airflow/example_dags/example_branch_day_of_week_operator.py
[2022-09-15T17:01:52.596+0000] {processor.py:640} INFO - Processing file /home/airflow/.local/lib/python3.7/site-packages/airflow/example_dags/example_branch_day_of_week_operator.py for tasks to queue
[2022-09-15T17:01:52.598+0000] {logging_mixin.py:115} INFO - [2022-09-15T17:01:52.598+0000] {dagbag.py:508} INFO - Filling up the DagBag from /home/airflow/.local/lib/python3.7/site-packages/airflow/example_dags/example_branch_day_of_week_operator.py
[2022-09-15T17:01:52.607+0000] {processor.py:650} INFO - DAG(s) dict_keys(['example_weekday_branch_operator']) retrieved from /home/airflow/.local/lib/python3.7/site-packages/airflow/example_dags/example_branch_day_of_week_operator.py
[2022-09-15T17:01:52.629+0000] {logging_mixin.py:115} INFO - [2022-09-15T17:01:52.629+0000] {dag.py:2429} INFO - Sync 1 DAGs
[2022-09-15T17:01:52.644+0000] {logging_mixin.py:115} INFO - [2022-09-15T17:01:52.644+0000] {dag.py:2981} INFO - Setting next_dagrun for example_weekday_branch_operator to 2022-09-14T00:00:00+00:00, run_after=2022-09-15T00:00:00+00:00
[2022-09-15T17:01:52.653+0000] {processor.py:161} INFO - Processing /home/airflow/.local/lib/python3.7/site-packages/airflow/example_dags/example_branch_day_of_week_operator.py took 0.090 seconds
[2022-09-15T17:02:22.947+0000] {processor.py:153} INFO - Started process (PID=2484) to work on /home/airflow/.local/lib/python3.7/site-packages/airflow/example_dags/example_branch_day_of_week_operator.py
[2022-09-15T17:02:22.949+0000] {processor.py:640} INFO - Processing file /home/airflow/.local/lib/python3.7/site-packages/airflow/example_dags/example_branch_day_of_week_operator.py for tasks to queue
[2022-09-15T17:02:22.951+0000] {logging_mixin.py:115} INFO - [2022-09-15T17:02:22.951+0000] {dagbag.py:508} INFO - Filling up the DagBag from /home/airflow/.local/lib/python3.7/site-packages/airflow/example_dags/example_branch_day_of_week_operator.py
[2022-09-15T17:02:22.961+0000] {processor.py:650} INFO - DAG(s) dict_keys(['example_weekday_branch_operator']) retrieved from /home/airflow/.local/lib/python3.7/site-packages/airflow/example_dags/example_branch_day_of_week_operator.py
[2022-09-15T17:02:22.984+0000] {logging_mixin.py:115} INFO - [2022-09-15T17:02:22.984+0000] {dag.py:2429} INFO - Sync 1 DAGs
[2022-09-15T17:02:23.001+0000] {logging_mixin.py:115} INFO - [2022-09-15T17:02:23.001+0000] {dag.py:2981} INFO - Setting next_dagrun for example_weekday_branch_operator to 2022-09-14T00:00:00+00:00, run_after=2022-09-15T00:00:00+00:00
[2022-09-15T17:02:23.013+0000] {processor.py:161} INFO - Processing /home/airflow/.local/lib/python3.7/site-packages/airflow/example_dags/example_branch_day_of_week_operator.py took 0.069 seconds
[2022-09-15T17:02:53.137+0000] {processor.py:153} INFO - Started process (PID=2542) to work on /home/airflow/.local/lib/python3.7/site-packages/airflow/example_dags/example_branch_day_of_week_operator.py
[2022-09-15T17:02:53.138+0000] {processor.py:640} INFO - Processing file /home/airflow/.local/lib/python3.7/site-packages/airflow/example_dags/example_branch_day_of_week_operator.py for tasks to queue
[2022-09-15T17:02:53.142+0000] {logging_mixin.py:115} INFO - [2022-09-15T17:02:53.141+0000] {dagbag.py:508} INFO - Filling up the DagBag from /home/airflow/.local/lib/python3.7/site-packages/airflow/example_dags/example_branch_day_of_week_operator.py
[2022-09-15T17:02:53.149+0000] {processor.py:650} INFO - DAG(s) dict_keys(['example_weekday_branch_operator']) retrieved from /home/airflow/.local/lib/python3.7/site-packages/airflow/example_dags/example_branch_day_of_week_operator.py
[2022-09-15T17:02:53.169+0000] {logging_mixin.py:115} INFO - [2022-09-15T17:02:53.169+0000] {dag.py:2429} INFO - Sync 1 DAGs
[2022-09-15T17:02:53.185+0000] {logging_mixin.py:115} INFO - [2022-09-15T17:02:53.185+0000] {dag.py:2981} INFO - Setting next_dagrun for example_weekday_branch_operator to 2022-09-14T00:00:00+00:00, run_after=2022-09-15T00:00:00+00:00
[2022-09-15T17:02:53.196+0000] {processor.py:161} INFO - Processing /home/airflow/.local/lib/python3.7/site-packages/airflow/example_dags/example_branch_day_of_week_operator.py took 0.062 seconds
[2022-09-15T17:03:23.245+0000] {processor.py:153} INFO - Started process (PID=2612) to work on /home/airflow/.local/lib/python3.7/site-packages/airflow/example_dags/example_branch_day_of_week_operator.py
[2022-09-15T17:03:23.249+0000] {processor.py:640} INFO - Processing file /home/airflow/.local/lib/python3.7/site-packages/airflow/example_dags/example_branch_day_of_week_operator.py for tasks to queue
[2022-09-15T17:03:23.250+0000] {logging_mixin.py:115} INFO - [2022-09-15T17:03:23.250+0000] {dagbag.py:508} INFO - Filling up the DagBag from /home/airflow/.local/lib/python3.7/site-packages/airflow/example_dags/example_branch_day_of_week_operator.py
[2022-09-15T17:03:23.257+0000] {processor.py:650} INFO - DAG(s) dict_keys(['example_weekday_branch_operator']) retrieved from /home/airflow/.local/lib/python3.7/site-packages/airflow/example_dags/example_branch_day_of_week_operator.py
[2022-09-15T17:03:23.282+0000] {logging_mixin.py:115} INFO - [2022-09-15T17:03:23.282+0000] {dag.py:2429} INFO - Sync 1 DAGs
[2022-09-15T17:03:23.299+0000] {logging_mixin.py:115} INFO - [2022-09-15T17:03:23.299+0000] {dag.py:2981} INFO - Setting next_dagrun for example_weekday_branch_operator to 2022-09-14T00:00:00+00:00, run_after=2022-09-15T00:00:00+00:00
[2022-09-15T17:03:23.312+0000] {processor.py:161} INFO - Processing /home/airflow/.local/lib/python3.7/site-packages/airflow/example_dags/example_branch_day_of_week_operator.py took 0.069 seconds
[2022-09-15T17:03:53.425+0000] {processor.py:153} INFO - Started process (PID=2679) to work on /home/airflow/.local/lib/python3.7/site-packages/airflow/example_dags/example_branch_day_of_week_operator.py
[2022-09-15T17:03:53.427+0000] {processor.py:640} INFO - Processing file /home/airflow/.local/lib/python3.7/site-packages/airflow/example_dags/example_branch_day_of_week_operator.py for tasks to queue
[2022-09-15T17:03:53.428+0000] {logging_mixin.py:115} INFO - [2022-09-15T17:03:53.428+0000] {dagbag.py:508} INFO - Filling up the DagBag from /home/airflow/.local/lib/python3.7/site-packages/airflow/example_dags/example_branch_day_of_week_operator.py
[2022-09-15T17:03:53.434+0000] {processor.py:650} INFO - DAG(s) dict_keys(['example_weekday_branch_operator']) retrieved from /home/airflow/.local/lib/python3.7/site-packages/airflow/example_dags/example_branch_day_of_week_operator.py
[2022-09-15T17:03:53.452+0000] {logging_mixin.py:115} INFO - [2022-09-15T17:03:53.452+0000] {dag.py:2429} INFO - Sync 1 DAGs
[2022-09-15T17:03:53.466+0000] {logging_mixin.py:115} INFO - [2022-09-15T17:03:53.466+0000] {dag.py:2981} INFO - Setting next_dagrun for example_weekday_branch_operator to 2022-09-14T00:00:00+00:00, run_after=2022-09-15T00:00:00+00:00
[2022-09-15T17:03:53.475+0000] {processor.py:161} INFO - Processing /home/airflow/.local/lib/python3.7/site-packages/airflow/example_dags/example_branch_day_of_week_operator.py took 0.053 seconds
[2022-09-15T17:04:23.625+0000] {processor.py:153} INFO - Started process (PID=2747) to work on /home/airflow/.local/lib/python3.7/site-packages/airflow/example_dags/example_branch_day_of_week_operator.py
[2022-09-15T17:04:23.627+0000] {processor.py:640} INFO - Processing file /home/airflow/.local/lib/python3.7/site-packages/airflow/example_dags/example_branch_day_of_week_operator.py for tasks to queue
[2022-09-15T17:04:23.629+0000] {logging_mixin.py:115} INFO - [2022-09-15T17:04:23.629+0000] {dagbag.py:508} INFO - Filling up the DagBag from /home/airflow/.local/lib/python3.7/site-packages/airflow/example_dags/example_branch_day_of_week_operator.py
[2022-09-15T17:04:23.638+0000] {processor.py:650} INFO - DAG(s) dict_keys(['example_weekday_branch_operator']) retrieved from /home/airflow/.local/lib/python3.7/site-packages/airflow/example_dags/example_branch_day_of_week_operator.py
[2022-09-15T17:04:23.661+0000] {logging_mixin.py:115} INFO - [2022-09-15T17:04:23.661+0000] {dag.py:2429} INFO - Sync 1 DAGs
[2022-09-15T17:04:23.682+0000] {logging_mixin.py:115} INFO - [2022-09-15T17:04:23.682+0000] {dag.py:2981} INFO - Setting next_dagrun for example_weekday_branch_operator to 2022-09-14T00:00:00+00:00, run_after=2022-09-15T00:00:00+00:00
[2022-09-15T17:04:23.693+0000] {processor.py:161} INFO - Processing /home/airflow/.local/lib/python3.7/site-packages/airflow/example_dags/example_branch_day_of_week_operator.py took 0.071 seconds
[2022-09-15T17:04:53.740+0000] {processor.py:153} INFO - Started process (PID=2803) to work on /home/airflow/.local/lib/python3.7/site-packages/airflow/example_dags/example_branch_day_of_week_operator.py
[2022-09-15T17:04:53.742+0000] {processor.py:640} INFO - Processing file /home/airflow/.local/lib/python3.7/site-packages/airflow/example_dags/example_branch_day_of_week_operator.py for tasks to queue
[2022-09-15T17:04:53.744+0000] {logging_mixin.py:115} INFO - [2022-09-15T17:04:53.744+0000] {dagbag.py:508} INFO - Filling up the DagBag from /home/airflow/.local/lib/python3.7/site-packages/airflow/example_dags/example_branch_day_of_week_operator.py
[2022-09-15T17:04:53.750+0000] {processor.py:650} INFO - DAG(s) dict_keys(['example_weekday_branch_operator']) retrieved from /home/airflow/.local/lib/python3.7/site-packages/airflow/example_dags/example_branch_day_of_week_operator.py
[2022-09-15T17:04:53.768+0000] {logging_mixin.py:115} INFO - [2022-09-15T17:04:53.768+0000] {dag.py:2429} INFO - Sync 1 DAGs
[2022-09-15T17:04:53.784+0000] {logging_mixin.py:115} INFO - [2022-09-15T17:04:53.784+0000] {dag.py:2981} INFO - Setting next_dagrun for example_weekday_branch_operator to 2022-09-14T00:00:00+00:00, run_after=2022-09-15T00:00:00+00:00
[2022-09-15T17:04:53.791+0000] {processor.py:161} INFO - Processing /home/airflow/.local/lib/python3.7/site-packages/airflow/example_dags/example_branch_day_of_week_operator.py took 0.053 seconds
