[2022-09-15T16:43:31.534+0000] {processor.py:153} INFO - Started process (PID=67) to work on /home/airflow/.local/lib/python3.7/site-packages/airflow/example_dags/example_branch_operator.py
[2022-09-15T16:43:31.540+0000] {processor.py:640} INFO - Processing file /home/airflow/.local/lib/python3.7/site-packages/airflow/example_dags/example_branch_operator.py for tasks to queue
[2022-09-15T16:43:31.541+0000] {logging_mixin.py:115} INFO - [2022-09-15T16:43:31.541+0000] {dagbag.py:508} INFO - Filling up the DagBag from /home/airflow/.local/lib/python3.7/site-packages/airflow/example_dags/example_branch_operator.py
[2022-09-15T16:43:31.587+0000] {processor.py:650} INFO - DAG(s) dict_keys(['example_branch_operator']) retrieved from /home/airflow/.local/lib/python3.7/site-packages/airflow/example_dags/example_branch_operator.py
[2022-09-15T16:43:31.923+0000] {logging_mixin.py:115} INFO - [2022-09-15T16:43:31.922+0000] {manager.py:508} INFO - Created Permission View: can delete on DAG:example_branch_operator
[2022-09-15T16:43:31.965+0000] {logging_mixin.py:115} INFO - [2022-09-15T16:43:31.964+0000] {manager.py:508} INFO - Created Permission View: can read on DAG:example_branch_operator
[2022-09-15T16:43:31.978+0000] {logging_mixin.py:115} INFO - [2022-09-15T16:43:31.978+0000] {manager.py:508} INFO - Created Permission View: can edit on DAG:example_branch_operator
[2022-09-15T16:43:31.980+0000] {logging_mixin.py:115} INFO - [2022-09-15T16:43:31.980+0000] {dag.py:2429} INFO - Sync 1 DAGs
[2022-09-15T16:43:32.032+0000] {logging_mixin.py:115} INFO - [2022-09-15T16:43:32.032+0000] {dag.py:2448} INFO - Creating ORM DAG for example_branch_operator
[2022-09-15T16:43:32.082+0000] {logging_mixin.py:115} INFO - [2022-09-15T16:43:32.082+0000] {dag.py:2981} INFO - Setting next_dagrun for example_branch_operator to 2022-09-14T00:00:00+00:00, run_after=2022-09-15T00:00:00+00:00
[2022-09-15T16:43:32.117+0000] {processor.py:161} INFO - Processing /home/airflow/.local/lib/python3.7/site-packages/airflow/example_dags/example_branch_operator.py took 0.591 seconds
[2022-09-15T16:44:02.645+0000] {processor.py:153} INFO - Started process (PID=123) to work on /home/airflow/.local/lib/python3.7/site-packages/airflow/example_dags/example_branch_operator.py
[2022-09-15T16:44:02.647+0000] {processor.py:640} INFO - Processing file /home/airflow/.local/lib/python3.7/site-packages/airflow/example_dags/example_branch_operator.py for tasks to queue
[2022-09-15T16:44:02.649+0000] {logging_mixin.py:115} INFO - [2022-09-15T16:44:02.649+0000] {dagbag.py:508} INFO - Filling up the DagBag from /home/airflow/.local/lib/python3.7/site-packages/airflow/example_dags/example_branch_operator.py
[2022-09-15T16:44:02.656+0000] {processor.py:650} INFO - DAG(s) dict_keys(['example_branch_operator']) retrieved from /home/airflow/.local/lib/python3.7/site-packages/airflow/example_dags/example_branch_operator.py
[2022-09-15T16:44:02.676+0000] {logging_mixin.py:115} INFO - [2022-09-15T16:44:02.675+0000] {dag.py:2429} INFO - Sync 1 DAGs
[2022-09-15T16:44:02.690+0000] {logging_mixin.py:115} INFO - [2022-09-15T16:44:02.690+0000] {dag.py:2981} INFO - Setting next_dagrun for example_branch_operator to 2022-09-14T00:00:00+00:00, run_after=2022-09-15T00:00:00+00:00
[2022-09-15T16:44:02.698+0000] {processor.py:161} INFO - Processing /home/airflow/.local/lib/python3.7/site-packages/airflow/example_dags/example_branch_operator.py took 0.055 seconds
[2022-09-15T16:44:32.839+0000] {processor.py:153} INFO - Started process (PID=189) to work on /home/airflow/.local/lib/python3.7/site-packages/airflow/example_dags/example_branch_operator.py
[2022-09-15T16:44:32.842+0000] {processor.py:640} INFO - Processing file /home/airflow/.local/lib/python3.7/site-packages/airflow/example_dags/example_branch_operator.py for tasks to queue
[2022-09-15T16:44:32.843+0000] {logging_mixin.py:115} INFO - [2022-09-15T16:44:32.843+0000] {dagbag.py:508} INFO - Filling up the DagBag from /home/airflow/.local/lib/python3.7/site-packages/airflow/example_dags/example_branch_operator.py
[2022-09-15T16:44:32.853+0000] {processor.py:650} INFO - DAG(s) dict_keys(['example_branch_operator']) retrieved from /home/airflow/.local/lib/python3.7/site-packages/airflow/example_dags/example_branch_operator.py
[2022-09-15T16:44:32.874+0000] {logging_mixin.py:115} INFO - [2022-09-15T16:44:32.874+0000] {dag.py:2429} INFO - Sync 1 DAGs
[2022-09-15T16:44:32.888+0000] {logging_mixin.py:115} INFO - [2022-09-15T16:44:32.888+0000] {dag.py:2981} INFO - Setting next_dagrun for example_branch_operator to 2022-09-14T00:00:00+00:00, run_after=2022-09-15T00:00:00+00:00
[2022-09-15T16:44:32.897+0000] {processor.py:161} INFO - Processing /home/airflow/.local/lib/python3.7/site-packages/airflow/example_dags/example_branch_operator.py took 0.061 seconds
[2022-09-15T16:45:03.012+0000] {processor.py:153} INFO - Started process (PID=255) to work on /home/airflow/.local/lib/python3.7/site-packages/airflow/example_dags/example_branch_operator.py
[2022-09-15T16:45:03.014+0000] {processor.py:640} INFO - Processing file /home/airflow/.local/lib/python3.7/site-packages/airflow/example_dags/example_branch_operator.py for tasks to queue
[2022-09-15T16:45:03.015+0000] {logging_mixin.py:115} INFO - [2022-09-15T16:45:03.015+0000] {dagbag.py:508} INFO - Filling up the DagBag from /home/airflow/.local/lib/python3.7/site-packages/airflow/example_dags/example_branch_operator.py
[2022-09-15T16:45:03.024+0000] {processor.py:650} INFO - DAG(s) dict_keys(['example_branch_operator']) retrieved from /home/airflow/.local/lib/python3.7/site-packages/airflow/example_dags/example_branch_operator.py
[2022-09-15T16:45:03.044+0000] {logging_mixin.py:115} INFO - [2022-09-15T16:45:03.044+0000] {dag.py:2429} INFO - Sync 1 DAGs
[2022-09-15T16:45:03.060+0000] {logging_mixin.py:115} INFO - [2022-09-15T16:45:03.060+0000] {dag.py:2981} INFO - Setting next_dagrun for example_branch_operator to 2022-09-14T00:00:00+00:00, run_after=2022-09-15T00:00:00+00:00
[2022-09-15T16:45:03.068+0000] {processor.py:161} INFO - Processing /home/airflow/.local/lib/python3.7/site-packages/airflow/example_dags/example_branch_operator.py took 0.059 seconds
[2022-09-15T16:45:33.201+0000] {processor.py:153} INFO - Started process (PID=322) to work on /home/airflow/.local/lib/python3.7/site-packages/airflow/example_dags/example_branch_operator.py
[2022-09-15T16:45:33.203+0000] {processor.py:640} INFO - Processing file /home/airflow/.local/lib/python3.7/site-packages/airflow/example_dags/example_branch_operator.py for tasks to queue
[2022-09-15T16:45:33.205+0000] {logging_mixin.py:115} INFO - [2022-09-15T16:45:33.205+0000] {dagbag.py:508} INFO - Filling up the DagBag from /home/airflow/.local/lib/python3.7/site-packages/airflow/example_dags/example_branch_operator.py
[2022-09-15T16:45:33.215+0000] {processor.py:650} INFO - DAG(s) dict_keys(['example_branch_operator']) retrieved from /home/airflow/.local/lib/python3.7/site-packages/airflow/example_dags/example_branch_operator.py
[2022-09-15T16:45:33.246+0000] {logging_mixin.py:115} INFO - [2022-09-15T16:45:33.246+0000] {dag.py:2429} INFO - Sync 1 DAGs
[2022-09-15T16:45:33.265+0000] {logging_mixin.py:115} INFO - [2022-09-15T16:45:33.265+0000] {dag.py:2981} INFO - Setting next_dagrun for example_branch_operator to 2022-09-14T00:00:00+00:00, run_after=2022-09-15T00:00:00+00:00
[2022-09-15T16:45:33.276+0000] {processor.py:161} INFO - Processing /home/airflow/.local/lib/python3.7/site-packages/airflow/example_dags/example_branch_operator.py took 0.080 seconds
[2022-09-15T16:46:03.315+0000] {processor.py:153} INFO - Started process (PID=389) to work on /home/airflow/.local/lib/python3.7/site-packages/airflow/example_dags/example_branch_operator.py
[2022-09-15T16:46:03.317+0000] {processor.py:640} INFO - Processing file /home/airflow/.local/lib/python3.7/site-packages/airflow/example_dags/example_branch_operator.py for tasks to queue
[2022-09-15T16:46:03.319+0000] {logging_mixin.py:115} INFO - [2022-09-15T16:46:03.318+0000] {dagbag.py:508} INFO - Filling up the DagBag from /home/airflow/.local/lib/python3.7/site-packages/airflow/example_dags/example_branch_operator.py
[2022-09-15T16:46:03.326+0000] {processor.py:650} INFO - DAG(s) dict_keys(['example_branch_operator']) retrieved from /home/airflow/.local/lib/python3.7/site-packages/airflow/example_dags/example_branch_operator.py
[2022-09-15T16:46:03.346+0000] {logging_mixin.py:115} INFO - [2022-09-15T16:46:03.346+0000] {dag.py:2429} INFO - Sync 1 DAGs
[2022-09-15T16:46:03.362+0000] {logging_mixin.py:115} INFO - [2022-09-15T16:46:03.362+0000] {dag.py:2981} INFO - Setting next_dagrun for example_branch_operator to 2022-09-14T00:00:00+00:00, run_after=2022-09-15T00:00:00+00:00
[2022-09-15T16:46:03.371+0000] {processor.py:161} INFO - Processing /home/airflow/.local/lib/python3.7/site-packages/airflow/example_dags/example_branch_operator.py took 0.058 seconds
[2022-09-15T16:46:34.228+0000] {processor.py:153} INFO - Started process (PID=453) to work on /home/airflow/.local/lib/python3.7/site-packages/airflow/example_dags/example_branch_operator.py
[2022-09-15T16:46:34.230+0000] {processor.py:640} INFO - Processing file /home/airflow/.local/lib/python3.7/site-packages/airflow/example_dags/example_branch_operator.py for tasks to queue
[2022-09-15T16:46:34.231+0000] {logging_mixin.py:115} INFO - [2022-09-15T16:46:34.231+0000] {dagbag.py:508} INFO - Filling up the DagBag from /home/airflow/.local/lib/python3.7/site-packages/airflow/example_dags/example_branch_operator.py
[2022-09-15T16:46:34.239+0000] {processor.py:650} INFO - DAG(s) dict_keys(['example_branch_operator']) retrieved from /home/airflow/.local/lib/python3.7/site-packages/airflow/example_dags/example_branch_operator.py
[2022-09-15T16:46:34.257+0000] {logging_mixin.py:115} INFO - [2022-09-15T16:46:34.257+0000] {dag.py:2429} INFO - Sync 1 DAGs
[2022-09-15T16:46:34.273+0000] {logging_mixin.py:115} INFO - [2022-09-15T16:46:34.273+0000] {dag.py:2981} INFO - Setting next_dagrun for example_branch_operator to 2022-09-14T00:00:00+00:00, run_after=2022-09-15T00:00:00+00:00
[2022-09-15T16:46:34.281+0000] {processor.py:161} INFO - Processing /home/airflow/.local/lib/python3.7/site-packages/airflow/example_dags/example_branch_operator.py took 0.056 seconds
[2022-09-15T16:47:05.127+0000] {processor.py:153} INFO - Started process (PID=514) to work on /home/airflow/.local/lib/python3.7/site-packages/airflow/example_dags/example_branch_operator.py
[2022-09-15T16:47:05.129+0000] {processor.py:640} INFO - Processing file /home/airflow/.local/lib/python3.7/site-packages/airflow/example_dags/example_branch_operator.py for tasks to queue
[2022-09-15T16:47:05.130+0000] {logging_mixin.py:115} INFO - [2022-09-15T16:47:05.130+0000] {dagbag.py:508} INFO - Filling up the DagBag from /home/airflow/.local/lib/python3.7/site-packages/airflow/example_dags/example_branch_operator.py
[2022-09-15T16:47:05.139+0000] {processor.py:650} INFO - DAG(s) dict_keys(['example_branch_operator']) retrieved from /home/airflow/.local/lib/python3.7/site-packages/airflow/example_dags/example_branch_operator.py
[2022-09-15T16:47:05.159+0000] {logging_mixin.py:115} INFO - [2022-09-15T16:47:05.159+0000] {dag.py:2429} INFO - Sync 1 DAGs
[2022-09-15T16:47:05.182+0000] {logging_mixin.py:115} INFO - [2022-09-15T16:47:05.182+0000] {dag.py:2981} INFO - Setting next_dagrun for example_branch_operator to 2022-09-14T00:00:00+00:00, run_after=2022-09-15T00:00:00+00:00
[2022-09-15T16:47:05.195+0000] {processor.py:161} INFO - Processing /home/airflow/.local/lib/python3.7/site-packages/airflow/example_dags/example_branch_operator.py took 0.070 seconds
[2022-09-15T16:47:36.059+0000] {processor.py:153} INFO - Started process (PID=582) to work on /home/airflow/.local/lib/python3.7/site-packages/airflow/example_dags/example_branch_operator.py
[2022-09-15T16:47:36.061+0000] {processor.py:640} INFO - Processing file /home/airflow/.local/lib/python3.7/site-packages/airflow/example_dags/example_branch_operator.py for tasks to queue
[2022-09-15T16:47:36.062+0000] {logging_mixin.py:115} INFO - [2022-09-15T16:47:36.062+0000] {dagbag.py:508} INFO - Filling up the DagBag from /home/airflow/.local/lib/python3.7/site-packages/airflow/example_dags/example_branch_operator.py
[2022-09-15T16:47:36.069+0000] {processor.py:650} INFO - DAG(s) dict_keys(['example_branch_operator']) retrieved from /home/airflow/.local/lib/python3.7/site-packages/airflow/example_dags/example_branch_operator.py
[2022-09-15T16:47:36.088+0000] {logging_mixin.py:115} INFO - [2022-09-15T16:47:36.088+0000] {dag.py:2429} INFO - Sync 1 DAGs
[2022-09-15T16:47:36.102+0000] {logging_mixin.py:115} INFO - [2022-09-15T16:47:36.102+0000] {dag.py:2981} INFO - Setting next_dagrun for example_branch_operator to 2022-09-14T00:00:00+00:00, run_after=2022-09-15T00:00:00+00:00
[2022-09-15T16:47:36.110+0000] {processor.py:161} INFO - Processing /home/airflow/.local/lib/python3.7/site-packages/airflow/example_dags/example_branch_operator.py took 0.053 seconds
[2022-09-15T16:48:06.863+0000] {processor.py:153} INFO - Started process (PID=650) to work on /home/airflow/.local/lib/python3.7/site-packages/airflow/example_dags/example_branch_operator.py
[2022-09-15T16:48:06.864+0000] {processor.py:640} INFO - Processing file /home/airflow/.local/lib/python3.7/site-packages/airflow/example_dags/example_branch_operator.py for tasks to queue
[2022-09-15T16:48:06.865+0000] {logging_mixin.py:115} INFO - [2022-09-15T16:48:06.865+0000] {dagbag.py:508} INFO - Filling up the DagBag from /home/airflow/.local/lib/python3.7/site-packages/airflow/example_dags/example_branch_operator.py
[2022-09-15T16:48:06.872+0000] {processor.py:650} INFO - DAG(s) dict_keys(['example_branch_operator']) retrieved from /home/airflow/.local/lib/python3.7/site-packages/airflow/example_dags/example_branch_operator.py
[2022-09-15T16:48:06.892+0000] {logging_mixin.py:115} INFO - [2022-09-15T16:48:06.891+0000] {dag.py:2429} INFO - Sync 1 DAGs
[2022-09-15T16:48:06.906+0000] {logging_mixin.py:115} INFO - [2022-09-15T16:48:06.906+0000] {dag.py:2981} INFO - Setting next_dagrun for example_branch_operator to 2022-09-14T00:00:00+00:00, run_after=2022-09-15T00:00:00+00:00
[2022-09-15T16:48:06.914+0000] {processor.py:161} INFO - Processing /home/airflow/.local/lib/python3.7/site-packages/airflow/example_dags/example_branch_operator.py took 0.054 seconds
[2022-09-15T16:48:37.107+0000] {processor.py:153} INFO - Started process (PID=715) to work on /home/airflow/.local/lib/python3.7/site-packages/airflow/example_dags/example_branch_operator.py
[2022-09-15T16:48:37.112+0000] {processor.py:640} INFO - Processing file /home/airflow/.local/lib/python3.7/site-packages/airflow/example_dags/example_branch_operator.py for tasks to queue
[2022-09-15T16:48:37.114+0000] {logging_mixin.py:115} INFO - [2022-09-15T16:48:37.114+0000] {dagbag.py:508} INFO - Filling up the DagBag from /home/airflow/.local/lib/python3.7/site-packages/airflow/example_dags/example_branch_operator.py
[2022-09-15T16:48:37.124+0000] {processor.py:650} INFO - DAG(s) dict_keys(['example_branch_operator']) retrieved from /home/airflow/.local/lib/python3.7/site-packages/airflow/example_dags/example_branch_operator.py
[2022-09-15T16:48:37.148+0000] {logging_mixin.py:115} INFO - [2022-09-15T16:48:37.148+0000] {dag.py:2429} INFO - Sync 1 DAGs
[2022-09-15T16:48:37.174+0000] {logging_mixin.py:115} INFO - [2022-09-15T16:48:37.173+0000] {dag.py:2981} INFO - Setting next_dagrun for example_branch_operator to 2022-09-14T00:00:00+00:00, run_after=2022-09-15T00:00:00+00:00
[2022-09-15T16:48:37.185+0000] {processor.py:161} INFO - Processing /home/airflow/.local/lib/python3.7/site-packages/airflow/example_dags/example_branch_operator.py took 0.081 seconds
[2022-09-15T16:49:08.050+0000] {processor.py:153} INFO - Started process (PID=781) to work on /home/airflow/.local/lib/python3.7/site-packages/airflow/example_dags/example_branch_operator.py
[2022-09-15T16:49:08.052+0000] {processor.py:640} INFO - Processing file /home/airflow/.local/lib/python3.7/site-packages/airflow/example_dags/example_branch_operator.py for tasks to queue
[2022-09-15T16:49:08.053+0000] {logging_mixin.py:115} INFO - [2022-09-15T16:49:08.053+0000] {dagbag.py:508} INFO - Filling up the DagBag from /home/airflow/.local/lib/python3.7/site-packages/airflow/example_dags/example_branch_operator.py
[2022-09-15T16:49:08.061+0000] {processor.py:650} INFO - DAG(s) dict_keys(['example_branch_operator']) retrieved from /home/airflow/.local/lib/python3.7/site-packages/airflow/example_dags/example_branch_operator.py
[2022-09-15T16:49:08.080+0000] {logging_mixin.py:115} INFO - [2022-09-15T16:49:08.080+0000] {dag.py:2429} INFO - Sync 1 DAGs
[2022-09-15T16:49:08.094+0000] {logging_mixin.py:115} INFO - [2022-09-15T16:49:08.094+0000] {dag.py:2981} INFO - Setting next_dagrun for example_branch_operator to 2022-09-14T00:00:00+00:00, run_after=2022-09-15T00:00:00+00:00
[2022-09-15T16:49:08.104+0000] {processor.py:161} INFO - Processing /home/airflow/.local/lib/python3.7/site-packages/airflow/example_dags/example_branch_operator.py took 0.056 seconds
[2022-09-15T16:49:38.293+0000] {processor.py:153} INFO - Started process (PID=848) to work on /home/airflow/.local/lib/python3.7/site-packages/airflow/example_dags/example_branch_operator.py
[2022-09-15T16:49:38.295+0000] {processor.py:640} INFO - Processing file /home/airflow/.local/lib/python3.7/site-packages/airflow/example_dags/example_branch_operator.py for tasks to queue
[2022-09-15T16:49:38.296+0000] {logging_mixin.py:115} INFO - [2022-09-15T16:49:38.296+0000] {dagbag.py:508} INFO - Filling up the DagBag from /home/airflow/.local/lib/python3.7/site-packages/airflow/example_dags/example_branch_operator.py
[2022-09-15T16:49:38.305+0000] {processor.py:650} INFO - DAG(s) dict_keys(['example_branch_operator']) retrieved from /home/airflow/.local/lib/python3.7/site-packages/airflow/example_dags/example_branch_operator.py
[2022-09-15T16:49:38.328+0000] {logging_mixin.py:115} INFO - [2022-09-15T16:49:38.328+0000] {dag.py:2429} INFO - Sync 1 DAGs
[2022-09-15T16:49:38.354+0000] {logging_mixin.py:115} INFO - [2022-09-15T16:49:38.354+0000] {dag.py:2981} INFO - Setting next_dagrun for example_branch_operator to 2022-09-14T00:00:00+00:00, run_after=2022-09-15T00:00:00+00:00
[2022-09-15T16:49:38.369+0000] {processor.py:161} INFO - Processing /home/airflow/.local/lib/python3.7/site-packages/airflow/example_dags/example_branch_operator.py took 0.079 seconds
[2022-09-15T16:50:08.430+0000] {processor.py:153} INFO - Started process (PID=905) to work on /home/airflow/.local/lib/python3.7/site-packages/airflow/example_dags/example_branch_operator.py
[2022-09-15T16:50:08.432+0000] {processor.py:640} INFO - Processing file /home/airflow/.local/lib/python3.7/site-packages/airflow/example_dags/example_branch_operator.py for tasks to queue
[2022-09-15T16:50:08.433+0000] {logging_mixin.py:115} INFO - [2022-09-15T16:50:08.433+0000] {dagbag.py:508} INFO - Filling up the DagBag from /home/airflow/.local/lib/python3.7/site-packages/airflow/example_dags/example_branch_operator.py
[2022-09-15T16:50:08.439+0000] {processor.py:650} INFO - DAG(s) dict_keys(['example_branch_operator']) retrieved from /home/airflow/.local/lib/python3.7/site-packages/airflow/example_dags/example_branch_operator.py
[2022-09-15T16:50:08.458+0000] {logging_mixin.py:115} INFO - [2022-09-15T16:50:08.458+0000] {dag.py:2429} INFO - Sync 1 DAGs
[2022-09-15T16:50:08.472+0000] {logging_mixin.py:115} INFO - [2022-09-15T16:50:08.472+0000] {dag.py:2981} INFO - Setting next_dagrun for example_branch_operator to 2022-09-14T00:00:00+00:00, run_after=2022-09-15T00:00:00+00:00
[2022-09-15T16:50:08.481+0000] {processor.py:161} INFO - Processing /home/airflow/.local/lib/python3.7/site-packages/airflow/example_dags/example_branch_operator.py took 0.054 seconds
[2022-09-15T16:50:39.371+0000] {processor.py:153} INFO - Started process (PID=974) to work on /home/airflow/.local/lib/python3.7/site-packages/airflow/example_dags/example_branch_operator.py
[2022-09-15T16:50:39.372+0000] {processor.py:640} INFO - Processing file /home/airflow/.local/lib/python3.7/site-packages/airflow/example_dags/example_branch_operator.py for tasks to queue
[2022-09-15T16:50:39.374+0000] {logging_mixin.py:115} INFO - [2022-09-15T16:50:39.374+0000] {dagbag.py:508} INFO - Filling up the DagBag from /home/airflow/.local/lib/python3.7/site-packages/airflow/example_dags/example_branch_operator.py
[2022-09-15T16:50:39.383+0000] {processor.py:650} INFO - DAG(s) dict_keys(['example_branch_operator']) retrieved from /home/airflow/.local/lib/python3.7/site-packages/airflow/example_dags/example_branch_operator.py
[2022-09-15T16:50:39.401+0000] {logging_mixin.py:115} INFO - [2022-09-15T16:50:39.401+0000] {dag.py:2429} INFO - Sync 1 DAGs
[2022-09-15T16:50:39.416+0000] {logging_mixin.py:115} INFO - [2022-09-15T16:50:39.416+0000] {dag.py:2981} INFO - Setting next_dagrun for example_branch_operator to 2022-09-14T00:00:00+00:00, run_after=2022-09-15T00:00:00+00:00
[2022-09-15T16:50:39.427+0000] {processor.py:161} INFO - Processing /home/airflow/.local/lib/python3.7/site-packages/airflow/example_dags/example_branch_operator.py took 0.058 seconds
[2022-09-15T16:51:10.238+0000] {processor.py:153} INFO - Started process (PID=1040) to work on /home/airflow/.local/lib/python3.7/site-packages/airflow/example_dags/example_branch_operator.py
[2022-09-15T16:51:10.240+0000] {processor.py:640} INFO - Processing file /home/airflow/.local/lib/python3.7/site-packages/airflow/example_dags/example_branch_operator.py for tasks to queue
[2022-09-15T16:51:10.241+0000] {logging_mixin.py:115} INFO - [2022-09-15T16:51:10.241+0000] {dagbag.py:508} INFO - Filling up the DagBag from /home/airflow/.local/lib/python3.7/site-packages/airflow/example_dags/example_branch_operator.py
[2022-09-15T16:51:10.256+0000] {processor.py:650} INFO - DAG(s) dict_keys(['example_branch_operator']) retrieved from /home/airflow/.local/lib/python3.7/site-packages/airflow/example_dags/example_branch_operator.py
[2022-09-15T16:51:10.290+0000] {logging_mixin.py:115} INFO - [2022-09-15T16:51:10.290+0000] {dag.py:2429} INFO - Sync 1 DAGs
[2022-09-15T16:51:10.309+0000] {logging_mixin.py:115} INFO - [2022-09-15T16:51:10.309+0000] {dag.py:2981} INFO - Setting next_dagrun for example_branch_operator to 2022-09-14T00:00:00+00:00, run_after=2022-09-15T00:00:00+00:00
[2022-09-15T16:51:10.320+0000] {processor.py:161} INFO - Processing /home/airflow/.local/lib/python3.7/site-packages/airflow/example_dags/example_branch_operator.py took 0.085 seconds
[2022-09-15T16:51:41.273+0000] {processor.py:153} INFO - Started process (PID=1110) to work on /home/airflow/.local/lib/python3.7/site-packages/airflow/example_dags/example_branch_operator.py
[2022-09-15T16:51:41.275+0000] {processor.py:640} INFO - Processing file /home/airflow/.local/lib/python3.7/site-packages/airflow/example_dags/example_branch_operator.py for tasks to queue
[2022-09-15T16:51:41.276+0000] {logging_mixin.py:115} INFO - [2022-09-15T16:51:41.276+0000] {dagbag.py:508} INFO - Filling up the DagBag from /home/airflow/.local/lib/python3.7/site-packages/airflow/example_dags/example_branch_operator.py
[2022-09-15T16:51:41.283+0000] {processor.py:650} INFO - DAG(s) dict_keys(['example_branch_operator']) retrieved from /home/airflow/.local/lib/python3.7/site-packages/airflow/example_dags/example_branch_operator.py
[2022-09-15T16:51:41.301+0000] {logging_mixin.py:115} INFO - [2022-09-15T16:51:41.301+0000] {dag.py:2429} INFO - Sync 1 DAGs
[2022-09-15T16:51:41.316+0000] {logging_mixin.py:115} INFO - [2022-09-15T16:51:41.316+0000] {dag.py:2981} INFO - Setting next_dagrun for example_branch_operator to 2022-09-14T00:00:00+00:00, run_after=2022-09-15T00:00:00+00:00
[2022-09-15T16:51:41.325+0000] {processor.py:161} INFO - Processing /home/airflow/.local/lib/python3.7/site-packages/airflow/example_dags/example_branch_operator.py took 0.054 seconds
[2022-09-15T16:52:12.296+0000] {processor.py:153} INFO - Started process (PID=1175) to work on /home/airflow/.local/lib/python3.7/site-packages/airflow/example_dags/example_branch_operator.py
[2022-09-15T16:52:12.298+0000] {processor.py:640} INFO - Processing file /home/airflow/.local/lib/python3.7/site-packages/airflow/example_dags/example_branch_operator.py for tasks to queue
[2022-09-15T16:52:12.301+0000] {logging_mixin.py:115} INFO - [2022-09-15T16:52:12.301+0000] {dagbag.py:508} INFO - Filling up the DagBag from /home/airflow/.local/lib/python3.7/site-packages/airflow/example_dags/example_branch_operator.py
[2022-09-15T16:52:12.310+0000] {processor.py:650} INFO - DAG(s) dict_keys(['example_branch_operator']) retrieved from /home/airflow/.local/lib/python3.7/site-packages/airflow/example_dags/example_branch_operator.py
[2022-09-15T16:52:12.334+0000] {logging_mixin.py:115} INFO - [2022-09-15T16:52:12.334+0000] {dag.py:2429} INFO - Sync 1 DAGs
[2022-09-15T16:52:12.348+0000] {logging_mixin.py:115} INFO - [2022-09-15T16:52:12.348+0000] {dag.py:2981} INFO - Setting next_dagrun for example_branch_operator to 2022-09-14T00:00:00+00:00, run_after=2022-09-15T00:00:00+00:00
[2022-09-15T16:52:12.357+0000] {processor.py:161} INFO - Processing /home/airflow/.local/lib/python3.7/site-packages/airflow/example_dags/example_branch_operator.py took 0.063 seconds
[2022-09-15T16:52:43.220+0000] {processor.py:153} INFO - Started process (PID=1243) to work on /home/airflow/.local/lib/python3.7/site-packages/airflow/example_dags/example_branch_operator.py
[2022-09-15T16:52:43.222+0000] {processor.py:640} INFO - Processing file /home/airflow/.local/lib/python3.7/site-packages/airflow/example_dags/example_branch_operator.py for tasks to queue
[2022-09-15T16:52:43.224+0000] {logging_mixin.py:115} INFO - [2022-09-15T16:52:43.224+0000] {dagbag.py:508} INFO - Filling up the DagBag from /home/airflow/.local/lib/python3.7/site-packages/airflow/example_dags/example_branch_operator.py
[2022-09-15T16:52:43.233+0000] {processor.py:650} INFO - DAG(s) dict_keys(['example_branch_operator']) retrieved from /home/airflow/.local/lib/python3.7/site-packages/airflow/example_dags/example_branch_operator.py
[2022-09-15T16:52:43.256+0000] {logging_mixin.py:115} INFO - [2022-09-15T16:52:43.256+0000] {dag.py:2429} INFO - Sync 1 DAGs
[2022-09-15T16:52:43.278+0000] {logging_mixin.py:115} INFO - [2022-09-15T16:52:43.278+0000] {dag.py:2981} INFO - Setting next_dagrun for example_branch_operator to 2022-09-14T00:00:00+00:00, run_after=2022-09-15T00:00:00+00:00
[2022-09-15T16:52:43.290+0000] {processor.py:161} INFO - Processing /home/airflow/.local/lib/python3.7/site-packages/airflow/example_dags/example_branch_operator.py took 0.073 seconds
[2022-09-15T16:53:13.546+0000] {processor.py:153} INFO - Started process (PID=1299) to work on /home/airflow/.local/lib/python3.7/site-packages/airflow/example_dags/example_branch_operator.py
[2022-09-15T16:53:13.548+0000] {processor.py:640} INFO - Processing file /home/airflow/.local/lib/python3.7/site-packages/airflow/example_dags/example_branch_operator.py for tasks to queue
[2022-09-15T16:53:13.549+0000] {logging_mixin.py:115} INFO - [2022-09-15T16:53:13.549+0000] {dagbag.py:508} INFO - Filling up the DagBag from /home/airflow/.local/lib/python3.7/site-packages/airflow/example_dags/example_branch_operator.py
[2022-09-15T16:53:13.558+0000] {processor.py:650} INFO - DAG(s) dict_keys(['example_branch_operator']) retrieved from /home/airflow/.local/lib/python3.7/site-packages/airflow/example_dags/example_branch_operator.py
[2022-09-15T16:53:13.578+0000] {logging_mixin.py:115} INFO - [2022-09-15T16:53:13.578+0000] {dag.py:2429} INFO - Sync 1 DAGs
[2022-09-15T16:53:13.599+0000] {logging_mixin.py:115} INFO - [2022-09-15T16:53:13.599+0000] {dag.py:2981} INFO - Setting next_dagrun for example_branch_operator to 2022-09-14T00:00:00+00:00, run_after=2022-09-15T00:00:00+00:00
[2022-09-15T16:53:13.612+0000] {processor.py:161} INFO - Processing /home/airflow/.local/lib/python3.7/site-packages/airflow/example_dags/example_branch_operator.py took 0.070 seconds
[2022-09-15T16:53:43.733+0000] {processor.py:153} INFO - Started process (PID=1367) to work on /home/airflow/.local/lib/python3.7/site-packages/airflow/example_dags/example_branch_operator.py
[2022-09-15T16:53:43.735+0000] {processor.py:640} INFO - Processing file /home/airflow/.local/lib/python3.7/site-packages/airflow/example_dags/example_branch_operator.py for tasks to queue
[2022-09-15T16:53:43.737+0000] {logging_mixin.py:115} INFO - [2022-09-15T16:53:43.737+0000] {dagbag.py:508} INFO - Filling up the DagBag from /home/airflow/.local/lib/python3.7/site-packages/airflow/example_dags/example_branch_operator.py
[2022-09-15T16:53:43.754+0000] {processor.py:650} INFO - DAG(s) dict_keys(['example_branch_operator']) retrieved from /home/airflow/.local/lib/python3.7/site-packages/airflow/example_dags/example_branch_operator.py
[2022-09-15T16:53:43.776+0000] {logging_mixin.py:115} INFO - [2022-09-15T16:53:43.775+0000] {dag.py:2429} INFO - Sync 1 DAGs
[2022-09-15T16:53:43.792+0000] {logging_mixin.py:115} INFO - [2022-09-15T16:53:43.792+0000] {dag.py:2981} INFO - Setting next_dagrun for example_branch_operator to 2022-09-14T00:00:00+00:00, run_after=2022-09-15T00:00:00+00:00
[2022-09-15T16:53:43.803+0000] {processor.py:161} INFO - Processing /home/airflow/.local/lib/python3.7/site-packages/airflow/example_dags/example_branch_operator.py took 0.072 seconds
[2022-09-15T16:54:14.743+0000] {processor.py:153} INFO - Started process (PID=1436) to work on /home/airflow/.local/lib/python3.7/site-packages/airflow/example_dags/example_branch_operator.py
[2022-09-15T16:54:14.747+0000] {processor.py:640} INFO - Processing file /home/airflow/.local/lib/python3.7/site-packages/airflow/example_dags/example_branch_operator.py for tasks to queue
[2022-09-15T16:54:14.748+0000] {logging_mixin.py:115} INFO - [2022-09-15T16:54:14.748+0000] {dagbag.py:508} INFO - Filling up the DagBag from /home/airflow/.local/lib/python3.7/site-packages/airflow/example_dags/example_branch_operator.py
[2022-09-15T16:54:14.755+0000] {processor.py:650} INFO - DAG(s) dict_keys(['example_branch_operator']) retrieved from /home/airflow/.local/lib/python3.7/site-packages/airflow/example_dags/example_branch_operator.py
[2022-09-15T16:54:14.774+0000] {logging_mixin.py:115} INFO - [2022-09-15T16:54:14.774+0000] {dag.py:2429} INFO - Sync 1 DAGs
[2022-09-15T16:54:14.788+0000] {logging_mixin.py:115} INFO - [2022-09-15T16:54:14.788+0000] {dag.py:2981} INFO - Setting next_dagrun for example_branch_operator to 2022-09-14T00:00:00+00:00, run_after=2022-09-15T00:00:00+00:00
[2022-09-15T16:54:14.797+0000] {processor.py:161} INFO - Processing /home/airflow/.local/lib/python3.7/site-packages/airflow/example_dags/example_branch_operator.py took 0.058 seconds
[2022-09-15T16:54:45.698+0000] {processor.py:153} INFO - Started process (PID=1501) to work on /home/airflow/.local/lib/python3.7/site-packages/airflow/example_dags/example_branch_operator.py
[2022-09-15T16:54:45.700+0000] {processor.py:640} INFO - Processing file /home/airflow/.local/lib/python3.7/site-packages/airflow/example_dags/example_branch_operator.py for tasks to queue
[2022-09-15T16:54:45.701+0000] {logging_mixin.py:115} INFO - [2022-09-15T16:54:45.701+0000] {dagbag.py:508} INFO - Filling up the DagBag from /home/airflow/.local/lib/python3.7/site-packages/airflow/example_dags/example_branch_operator.py
[2022-09-15T16:54:45.709+0000] {processor.py:650} INFO - DAG(s) dict_keys(['example_branch_operator']) retrieved from /home/airflow/.local/lib/python3.7/site-packages/airflow/example_dags/example_branch_operator.py
[2022-09-15T16:54:45.727+0000] {logging_mixin.py:115} INFO - [2022-09-15T16:54:45.727+0000] {dag.py:2429} INFO - Sync 1 DAGs
[2022-09-15T16:54:45.740+0000] {logging_mixin.py:115} INFO - [2022-09-15T16:54:45.740+0000] {dag.py:2981} INFO - Setting next_dagrun for example_branch_operator to 2022-09-14T00:00:00+00:00, run_after=2022-09-15T00:00:00+00:00
[2022-09-15T16:54:45.750+0000] {processor.py:161} INFO - Processing /home/airflow/.local/lib/python3.7/site-packages/airflow/example_dags/example_branch_operator.py took 0.055 seconds
[2022-09-15T16:55:15.981+0000] {processor.py:153} INFO - Started process (PID=1569) to work on /home/airflow/.local/lib/python3.7/site-packages/airflow/example_dags/example_branch_operator.py
[2022-09-15T16:55:15.983+0000] {processor.py:640} INFO - Processing file /home/airflow/.local/lib/python3.7/site-packages/airflow/example_dags/example_branch_operator.py for tasks to queue
[2022-09-15T16:55:15.985+0000] {logging_mixin.py:115} INFO - [2022-09-15T16:55:15.985+0000] {dagbag.py:508} INFO - Filling up the DagBag from /home/airflow/.local/lib/python3.7/site-packages/airflow/example_dags/example_branch_operator.py
[2022-09-15T16:55:15.996+0000] {processor.py:650} INFO - DAG(s) dict_keys(['example_branch_operator']) retrieved from /home/airflow/.local/lib/python3.7/site-packages/airflow/example_dags/example_branch_operator.py
[2022-09-15T16:55:16.019+0000] {logging_mixin.py:115} INFO - [2022-09-15T16:55:16.019+0000] {dag.py:2429} INFO - Sync 1 DAGs
[2022-09-15T16:55:16.037+0000] {logging_mixin.py:115} INFO - [2022-09-15T16:55:16.036+0000] {dag.py:2981} INFO - Setting next_dagrun for example_branch_operator to 2022-09-14T00:00:00+00:00, run_after=2022-09-15T00:00:00+00:00
[2022-09-15T16:55:16.047+0000] {processor.py:161} INFO - Processing /home/airflow/.local/lib/python3.7/site-packages/airflow/example_dags/example_branch_operator.py took 0.069 seconds
[2022-09-15T16:55:47.155+0000] {processor.py:153} INFO - Started process (PID=1629) to work on /home/airflow/.local/lib/python3.7/site-packages/airflow/example_dags/example_branch_operator.py
[2022-09-15T16:55:47.157+0000] {processor.py:640} INFO - Processing file /home/airflow/.local/lib/python3.7/site-packages/airflow/example_dags/example_branch_operator.py for tasks to queue
[2022-09-15T16:55:47.163+0000] {logging_mixin.py:115} INFO - [2022-09-15T16:55:47.161+0000] {dagbag.py:508} INFO - Filling up the DagBag from /home/airflow/.local/lib/python3.7/site-packages/airflow/example_dags/example_branch_operator.py
[2022-09-15T16:55:47.180+0000] {processor.py:650} INFO - DAG(s) dict_keys(['example_branch_operator']) retrieved from /home/airflow/.local/lib/python3.7/site-packages/airflow/example_dags/example_branch_operator.py
[2022-09-15T16:55:47.202+0000] {logging_mixin.py:115} INFO - [2022-09-15T16:55:47.202+0000] {dag.py:2429} INFO - Sync 1 DAGs
[2022-09-15T16:55:47.221+0000] {logging_mixin.py:115} INFO - [2022-09-15T16:55:47.221+0000] {dag.py:2981} INFO - Setting next_dagrun for example_branch_operator to 2022-09-14T00:00:00+00:00, run_after=2022-09-15T00:00:00+00:00
[2022-09-15T16:55:47.232+0000] {processor.py:161} INFO - Processing /home/airflow/.local/lib/python3.7/site-packages/airflow/example_dags/example_branch_operator.py took 0.080 seconds
[2022-09-15T16:56:18.228+0000] {processor.py:153} INFO - Started process (PID=1695) to work on /home/airflow/.local/lib/python3.7/site-packages/airflow/example_dags/example_branch_operator.py
[2022-09-15T16:56:18.230+0000] {processor.py:640} INFO - Processing file /home/airflow/.local/lib/python3.7/site-packages/airflow/example_dags/example_branch_operator.py for tasks to queue
[2022-09-15T16:56:18.232+0000] {logging_mixin.py:115} INFO - [2022-09-15T16:56:18.231+0000] {dagbag.py:508} INFO - Filling up the DagBag from /home/airflow/.local/lib/python3.7/site-packages/airflow/example_dags/example_branch_operator.py
[2022-09-15T16:56:18.240+0000] {processor.py:650} INFO - DAG(s) dict_keys(['example_branch_operator']) retrieved from /home/airflow/.local/lib/python3.7/site-packages/airflow/example_dags/example_branch_operator.py
[2022-09-15T16:56:18.259+0000] {logging_mixin.py:115} INFO - [2022-09-15T16:56:18.259+0000] {dag.py:2429} INFO - Sync 1 DAGs
[2022-09-15T16:56:18.273+0000] {logging_mixin.py:115} INFO - [2022-09-15T16:56:18.273+0000] {dag.py:2981} INFO - Setting next_dagrun for example_branch_operator to 2022-09-14T00:00:00+00:00, run_after=2022-09-15T00:00:00+00:00
[2022-09-15T16:56:18.283+0000] {processor.py:161} INFO - Processing /home/airflow/.local/lib/python3.7/site-packages/airflow/example_dags/example_branch_operator.py took 0.057 seconds
[2022-09-15T16:56:49.100+0000] {processor.py:153} INFO - Started process (PID=1766) to work on /home/airflow/.local/lib/python3.7/site-packages/airflow/example_dags/example_branch_operator.py
[2022-09-15T16:56:49.103+0000] {processor.py:640} INFO - Processing file /home/airflow/.local/lib/python3.7/site-packages/airflow/example_dags/example_branch_operator.py for tasks to queue
[2022-09-15T16:56:49.104+0000] {logging_mixin.py:115} INFO - [2022-09-15T16:56:49.104+0000] {dagbag.py:508} INFO - Filling up the DagBag from /home/airflow/.local/lib/python3.7/site-packages/airflow/example_dags/example_branch_operator.py
[2022-09-15T16:56:49.115+0000] {processor.py:650} INFO - DAG(s) dict_keys(['example_branch_operator']) retrieved from /home/airflow/.local/lib/python3.7/site-packages/airflow/example_dags/example_branch_operator.py
[2022-09-15T16:56:49.136+0000] {logging_mixin.py:115} INFO - [2022-09-15T16:56:49.136+0000] {dag.py:2429} INFO - Sync 1 DAGs
[2022-09-15T16:56:49.154+0000] {logging_mixin.py:115} INFO - [2022-09-15T16:56:49.153+0000] {dag.py:2981} INFO - Setting next_dagrun for example_branch_operator to 2022-09-14T00:00:00+00:00, run_after=2022-09-15T00:00:00+00:00
[2022-09-15T16:56:49.166+0000] {processor.py:161} INFO - Processing /home/airflow/.local/lib/python3.7/site-packages/airflow/example_dags/example_branch_operator.py took 0.068 seconds
[2022-09-15T16:57:19.351+0000] {processor.py:153} INFO - Started process (PID=1831) to work on /home/airflow/.local/lib/python3.7/site-packages/airflow/example_dags/example_branch_operator.py
[2022-09-15T16:57:19.353+0000] {processor.py:640} INFO - Processing file /home/airflow/.local/lib/python3.7/site-packages/airflow/example_dags/example_branch_operator.py for tasks to queue
[2022-09-15T16:57:19.355+0000] {logging_mixin.py:115} INFO - [2022-09-15T16:57:19.355+0000] {dagbag.py:508} INFO - Filling up the DagBag from /home/airflow/.local/lib/python3.7/site-packages/airflow/example_dags/example_branch_operator.py
[2022-09-15T16:57:19.369+0000] {processor.py:650} INFO - DAG(s) dict_keys(['example_branch_operator']) retrieved from /home/airflow/.local/lib/python3.7/site-packages/airflow/example_dags/example_branch_operator.py
[2022-09-15T16:57:19.392+0000] {logging_mixin.py:115} INFO - [2022-09-15T16:57:19.392+0000] {dag.py:2429} INFO - Sync 1 DAGs
[2022-09-15T16:57:19.407+0000] {logging_mixin.py:115} INFO - [2022-09-15T16:57:19.406+0000] {dag.py:2981} INFO - Setting next_dagrun for example_branch_operator to 2022-09-14T00:00:00+00:00, run_after=2022-09-15T00:00:00+00:00
[2022-09-15T16:57:19.418+0000] {processor.py:161} INFO - Processing /home/airflow/.local/lib/python3.7/site-packages/airflow/example_dags/example_branch_operator.py took 0.071 seconds
[2022-09-15T16:57:49.692+0000] {processor.py:153} INFO - Started process (PID=1901) to work on /home/airflow/.local/lib/python3.7/site-packages/airflow/example_dags/example_branch_operator.py
[2022-09-15T16:57:49.695+0000] {processor.py:640} INFO - Processing file /home/airflow/.local/lib/python3.7/site-packages/airflow/example_dags/example_branch_operator.py for tasks to queue
[2022-09-15T16:57:49.697+0000] {logging_mixin.py:115} INFO - [2022-09-15T16:57:49.697+0000] {dagbag.py:508} INFO - Filling up the DagBag from /home/airflow/.local/lib/python3.7/site-packages/airflow/example_dags/example_branch_operator.py
[2022-09-15T16:57:49.706+0000] {processor.py:650} INFO - DAG(s) dict_keys(['example_branch_operator']) retrieved from /home/airflow/.local/lib/python3.7/site-packages/airflow/example_dags/example_branch_operator.py
[2022-09-15T16:57:49.726+0000] {logging_mixin.py:115} INFO - [2022-09-15T16:57:49.726+0000] {dag.py:2429} INFO - Sync 1 DAGs
[2022-09-15T16:57:49.740+0000] {logging_mixin.py:115} INFO - [2022-09-15T16:57:49.740+0000] {dag.py:2981} INFO - Setting next_dagrun for example_branch_operator to 2022-09-14T00:00:00+00:00, run_after=2022-09-15T00:00:00+00:00
[2022-09-15T16:57:49.750+0000] {processor.py:161} INFO - Processing /home/airflow/.local/lib/python3.7/site-packages/airflow/example_dags/example_branch_operator.py took 0.061 seconds
[2022-09-15T16:58:20.500+0000] {processor.py:153} INFO - Started process (PID=1958) to work on /home/airflow/.local/lib/python3.7/site-packages/airflow/example_dags/example_branch_operator.py
[2022-09-15T16:58:20.502+0000] {processor.py:640} INFO - Processing file /home/airflow/.local/lib/python3.7/site-packages/airflow/example_dags/example_branch_operator.py for tasks to queue
[2022-09-15T16:58:20.504+0000] {logging_mixin.py:115} INFO - [2022-09-15T16:58:20.504+0000] {dagbag.py:508} INFO - Filling up the DagBag from /home/airflow/.local/lib/python3.7/site-packages/airflow/example_dags/example_branch_operator.py
[2022-09-15T16:58:20.517+0000] {processor.py:650} INFO - DAG(s) dict_keys(['example_branch_operator']) retrieved from /home/airflow/.local/lib/python3.7/site-packages/airflow/example_dags/example_branch_operator.py
[2022-09-15T16:58:20.538+0000] {logging_mixin.py:115} INFO - [2022-09-15T16:58:20.538+0000] {dag.py:2429} INFO - Sync 1 DAGs
[2022-09-15T16:58:20.552+0000] {logging_mixin.py:115} INFO - [2022-09-15T16:58:20.551+0000] {dag.py:2981} INFO - Setting next_dagrun for example_branch_operator to 2022-09-14T00:00:00+00:00, run_after=2022-09-15T00:00:00+00:00
[2022-09-15T16:58:20.561+0000] {processor.py:161} INFO - Processing /home/airflow/.local/lib/python3.7/site-packages/airflow/example_dags/example_branch_operator.py took 0.065 seconds
[2022-09-15T16:58:50.645+0000] {processor.py:153} INFO - Started process (PID=2024) to work on /home/airflow/.local/lib/python3.7/site-packages/airflow/example_dags/example_branch_operator.py
[2022-09-15T16:58:50.649+0000] {processor.py:640} INFO - Processing file /home/airflow/.local/lib/python3.7/site-packages/airflow/example_dags/example_branch_operator.py for tasks to queue
[2022-09-15T16:58:50.653+0000] {logging_mixin.py:115} INFO - [2022-09-15T16:58:50.653+0000] {dagbag.py:508} INFO - Filling up the DagBag from /home/airflow/.local/lib/python3.7/site-packages/airflow/example_dags/example_branch_operator.py
[2022-09-15T16:58:50.661+0000] {processor.py:650} INFO - DAG(s) dict_keys(['example_branch_operator']) retrieved from /home/airflow/.local/lib/python3.7/site-packages/airflow/example_dags/example_branch_operator.py
[2022-09-15T16:58:50.684+0000] {logging_mixin.py:115} INFO - [2022-09-15T16:58:50.684+0000] {dag.py:2429} INFO - Sync 1 DAGs
[2022-09-15T16:58:50.700+0000] {logging_mixin.py:115} INFO - [2022-09-15T16:58:50.700+0000] {dag.py:2981} INFO - Setting next_dagrun for example_branch_operator to 2022-09-14T00:00:00+00:00, run_after=2022-09-15T00:00:00+00:00
[2022-09-15T16:58:50.709+0000] {processor.py:161} INFO - Processing /home/airflow/.local/lib/python3.7/site-packages/airflow/example_dags/example_branch_operator.py took 0.068 seconds
[2022-09-15T16:59:20.814+0000] {processor.py:153} INFO - Started process (PID=2093) to work on /home/airflow/.local/lib/python3.7/site-packages/airflow/example_dags/example_branch_operator.py
[2022-09-15T16:59:20.817+0000] {processor.py:640} INFO - Processing file /home/airflow/.local/lib/python3.7/site-packages/airflow/example_dags/example_branch_operator.py for tasks to queue
[2022-09-15T16:59:20.819+0000] {logging_mixin.py:115} INFO - [2022-09-15T16:59:20.818+0000] {dagbag.py:508} INFO - Filling up the DagBag from /home/airflow/.local/lib/python3.7/site-packages/airflow/example_dags/example_branch_operator.py
[2022-09-15T16:59:20.832+0000] {processor.py:650} INFO - DAG(s) dict_keys(['example_branch_operator']) retrieved from /home/airflow/.local/lib/python3.7/site-packages/airflow/example_dags/example_branch_operator.py
[2022-09-15T16:59:20.853+0000] {logging_mixin.py:115} INFO - [2022-09-15T16:59:20.853+0000] {dag.py:2429} INFO - Sync 1 DAGs
[2022-09-15T16:59:20.870+0000] {logging_mixin.py:115} INFO - [2022-09-15T16:59:20.870+0000] {dag.py:2981} INFO - Setting next_dagrun for example_branch_operator to 2022-09-14T00:00:00+00:00, run_after=2022-09-15T00:00:00+00:00
[2022-09-15T16:59:20.880+0000] {processor.py:161} INFO - Processing /home/airflow/.local/lib/python3.7/site-packages/airflow/example_dags/example_branch_operator.py took 0.072 seconds
[2022-09-15T16:59:51.849+0000] {processor.py:153} INFO - Started process (PID=2160) to work on /home/airflow/.local/lib/python3.7/site-packages/airflow/example_dags/example_branch_operator.py
[2022-09-15T16:59:51.852+0000] {processor.py:640} INFO - Processing file /home/airflow/.local/lib/python3.7/site-packages/airflow/example_dags/example_branch_operator.py for tasks to queue
[2022-09-15T16:59:51.854+0000] {logging_mixin.py:115} INFO - [2022-09-15T16:59:51.854+0000] {dagbag.py:508} INFO - Filling up the DagBag from /home/airflow/.local/lib/python3.7/site-packages/airflow/example_dags/example_branch_operator.py
[2022-09-15T16:59:51.867+0000] {processor.py:650} INFO - DAG(s) dict_keys(['example_branch_operator']) retrieved from /home/airflow/.local/lib/python3.7/site-packages/airflow/example_dags/example_branch_operator.py
[2022-09-15T16:59:51.887+0000] {logging_mixin.py:115} INFO - [2022-09-15T16:59:51.886+0000] {dag.py:2429} INFO - Sync 1 DAGs
[2022-09-15T16:59:51.902+0000] {logging_mixin.py:115} INFO - [2022-09-15T16:59:51.902+0000] {dag.py:2981} INFO - Setting next_dagrun for example_branch_operator to 2022-09-14T00:00:00+00:00, run_after=2022-09-15T00:00:00+00:00
[2022-09-15T16:59:51.911+0000] {processor.py:161} INFO - Processing /home/airflow/.local/lib/python3.7/site-packages/airflow/example_dags/example_branch_operator.py took 0.067 seconds
[2022-09-15T17:00:22.035+0000] {processor.py:153} INFO - Started process (PID=2220) to work on /home/airflow/.local/lib/python3.7/site-packages/airflow/example_dags/example_branch_operator.py
[2022-09-15T17:00:22.045+0000] {processor.py:640} INFO - Processing file /home/airflow/.local/lib/python3.7/site-packages/airflow/example_dags/example_branch_operator.py for tasks to queue
[2022-09-15T17:00:22.047+0000] {logging_mixin.py:115} INFO - [2022-09-15T17:00:22.047+0000] {dagbag.py:508} INFO - Filling up the DagBag from /home/airflow/.local/lib/python3.7/site-packages/airflow/example_dags/example_branch_operator.py
[2022-09-15T17:00:22.056+0000] {processor.py:650} INFO - DAG(s) dict_keys(['example_branch_operator']) retrieved from /home/airflow/.local/lib/python3.7/site-packages/airflow/example_dags/example_branch_operator.py
[2022-09-15T17:00:22.086+0000] {logging_mixin.py:115} INFO - [2022-09-15T17:00:22.085+0000] {dag.py:2429} INFO - Sync 1 DAGs
[2022-09-15T17:00:22.109+0000] {logging_mixin.py:115} INFO - [2022-09-15T17:00:22.109+0000] {dag.py:2981} INFO - Setting next_dagrun for example_branch_operator to 2022-09-14T00:00:00+00:00, run_after=2022-09-15T00:00:00+00:00
[2022-09-15T17:00:22.124+0000] {processor.py:161} INFO - Processing /home/airflow/.local/lib/python3.7/site-packages/airflow/example_dags/example_branch_operator.py took 0.092 seconds
[2022-09-15T17:00:52.237+0000] {processor.py:153} INFO - Started process (PID=2293) to work on /home/airflow/.local/lib/python3.7/site-packages/airflow/example_dags/example_branch_operator.py
[2022-09-15T17:00:52.239+0000] {processor.py:640} INFO - Processing file /home/airflow/.local/lib/python3.7/site-packages/airflow/example_dags/example_branch_operator.py for tasks to queue
[2022-09-15T17:00:52.240+0000] {logging_mixin.py:115} INFO - [2022-09-15T17:00:52.240+0000] {dagbag.py:508} INFO - Filling up the DagBag from /home/airflow/.local/lib/python3.7/site-packages/airflow/example_dags/example_branch_operator.py
[2022-09-15T17:00:52.248+0000] {processor.py:650} INFO - DAG(s) dict_keys(['example_branch_operator']) retrieved from /home/airflow/.local/lib/python3.7/site-packages/airflow/example_dags/example_branch_operator.py
[2022-09-15T17:00:52.269+0000] {logging_mixin.py:115} INFO - [2022-09-15T17:00:52.269+0000] {dag.py:2429} INFO - Sync 1 DAGs
[2022-09-15T17:00:52.284+0000] {logging_mixin.py:115} INFO - [2022-09-15T17:00:52.284+0000] {dag.py:2981} INFO - Setting next_dagrun for example_branch_operator to 2022-09-14T00:00:00+00:00, run_after=2022-09-15T00:00:00+00:00
[2022-09-15T17:00:52.291+0000] {processor.py:161} INFO - Processing /home/airflow/.local/lib/python3.7/site-packages/airflow/example_dags/example_branch_operator.py took 0.057 seconds
[2022-09-15T17:01:23.187+0000] {processor.py:153} INFO - Started process (PID=2356) to work on /home/airflow/.local/lib/python3.7/site-packages/airflow/example_dags/example_branch_operator.py
[2022-09-15T17:01:23.189+0000] {processor.py:640} INFO - Processing file /home/airflow/.local/lib/python3.7/site-packages/airflow/example_dags/example_branch_operator.py for tasks to queue
[2022-09-15T17:01:23.190+0000] {logging_mixin.py:115} INFO - [2022-09-15T17:01:23.190+0000] {dagbag.py:508} INFO - Filling up the DagBag from /home/airflow/.local/lib/python3.7/site-packages/airflow/example_dags/example_branch_operator.py
[2022-09-15T17:01:23.201+0000] {processor.py:650} INFO - DAG(s) dict_keys(['example_branch_operator']) retrieved from /home/airflow/.local/lib/python3.7/site-packages/airflow/example_dags/example_branch_operator.py
[2022-09-15T17:01:23.219+0000] {logging_mixin.py:115} INFO - [2022-09-15T17:01:23.219+0000] {dag.py:2429} INFO - Sync 1 DAGs
[2022-09-15T17:01:23.234+0000] {logging_mixin.py:115} INFO - [2022-09-15T17:01:23.234+0000] {dag.py:2981} INFO - Setting next_dagrun for example_branch_operator to 2022-09-14T00:00:00+00:00, run_after=2022-09-15T00:00:00+00:00
[2022-09-15T17:01:23.242+0000] {processor.py:161} INFO - Processing /home/airflow/.local/lib/python3.7/site-packages/airflow/example_dags/example_branch_operator.py took 0.057 seconds
[2022-09-15T17:01:54.193+0000] {processor.py:153} INFO - Started process (PID=2425) to work on /home/airflow/.local/lib/python3.7/site-packages/airflow/example_dags/example_branch_operator.py
[2022-09-15T17:01:54.195+0000] {processor.py:640} INFO - Processing file /home/airflow/.local/lib/python3.7/site-packages/airflow/example_dags/example_branch_operator.py for tasks to queue
[2022-09-15T17:01:54.196+0000] {logging_mixin.py:115} INFO - [2022-09-15T17:01:54.196+0000] {dagbag.py:508} INFO - Filling up the DagBag from /home/airflow/.local/lib/python3.7/site-packages/airflow/example_dags/example_branch_operator.py
[2022-09-15T17:01:54.204+0000] {processor.py:650} INFO - DAG(s) dict_keys(['example_branch_operator']) retrieved from /home/airflow/.local/lib/python3.7/site-packages/airflow/example_dags/example_branch_operator.py
[2022-09-15T17:01:54.223+0000] {logging_mixin.py:115} INFO - [2022-09-15T17:01:54.223+0000] {dag.py:2429} INFO - Sync 1 DAGs
[2022-09-15T17:01:54.239+0000] {logging_mixin.py:115} INFO - [2022-09-15T17:01:54.239+0000] {dag.py:2981} INFO - Setting next_dagrun for example_branch_operator to 2022-09-14T00:00:00+00:00, run_after=2022-09-15T00:00:00+00:00
[2022-09-15T17:01:54.247+0000] {processor.py:161} INFO - Processing /home/airflow/.local/lib/python3.7/site-packages/airflow/example_dags/example_branch_operator.py took 0.057 seconds
[2022-09-15T17:02:24.435+0000] {processor.py:153} INFO - Started process (PID=2494) to work on /home/airflow/.local/lib/python3.7/site-packages/airflow/example_dags/example_branch_operator.py
[2022-09-15T17:02:24.443+0000] {processor.py:640} INFO - Processing file /home/airflow/.local/lib/python3.7/site-packages/airflow/example_dags/example_branch_operator.py for tasks to queue
[2022-09-15T17:02:24.444+0000] {logging_mixin.py:115} INFO - [2022-09-15T17:02:24.444+0000] {dagbag.py:508} INFO - Filling up the DagBag from /home/airflow/.local/lib/python3.7/site-packages/airflow/example_dags/example_branch_operator.py
[2022-09-15T17:02:24.453+0000] {processor.py:650} INFO - DAG(s) dict_keys(['example_branch_operator']) retrieved from /home/airflow/.local/lib/python3.7/site-packages/airflow/example_dags/example_branch_operator.py
[2022-09-15T17:02:24.474+0000] {logging_mixin.py:115} INFO - [2022-09-15T17:02:24.474+0000] {dag.py:2429} INFO - Sync 1 DAGs
[2022-09-15T17:02:24.498+0000] {logging_mixin.py:115} INFO - [2022-09-15T17:02:24.497+0000] {dag.py:2981} INFO - Setting next_dagrun for example_branch_operator to 2022-09-14T00:00:00+00:00, run_after=2022-09-15T00:00:00+00:00
[2022-09-15T17:02:24.509+0000] {processor.py:161} INFO - Processing /home/airflow/.local/lib/python3.7/site-packages/airflow/example_dags/example_branch_operator.py took 0.077 seconds
[2022-09-15T17:02:54.644+0000] {processor.py:153} INFO - Started process (PID=2552) to work on /home/airflow/.local/lib/python3.7/site-packages/airflow/example_dags/example_branch_operator.py
[2022-09-15T17:02:54.646+0000] {processor.py:640} INFO - Processing file /home/airflow/.local/lib/python3.7/site-packages/airflow/example_dags/example_branch_operator.py for tasks to queue
[2022-09-15T17:02:54.647+0000] {logging_mixin.py:115} INFO - [2022-09-15T17:02:54.647+0000] {dagbag.py:508} INFO - Filling up the DagBag from /home/airflow/.local/lib/python3.7/site-packages/airflow/example_dags/example_branch_operator.py
[2022-09-15T17:02:54.655+0000] {processor.py:650} INFO - DAG(s) dict_keys(['example_branch_operator']) retrieved from /home/airflow/.local/lib/python3.7/site-packages/airflow/example_dags/example_branch_operator.py
[2022-09-15T17:02:54.675+0000] {logging_mixin.py:115} INFO - [2022-09-15T17:02:54.675+0000] {dag.py:2429} INFO - Sync 1 DAGs
[2022-09-15T17:02:54.690+0000] {logging_mixin.py:115} INFO - [2022-09-15T17:02:54.690+0000] {dag.py:2981} INFO - Setting next_dagrun for example_branch_operator to 2022-09-14T00:00:00+00:00, run_after=2022-09-15T00:00:00+00:00
[2022-09-15T17:02:54.698+0000] {processor.py:161} INFO - Processing /home/airflow/.local/lib/python3.7/site-packages/airflow/example_dags/example_branch_operator.py took 0.057 seconds
[2022-09-15T17:03:24.826+0000] {processor.py:153} INFO - Started process (PID=2622) to work on /home/airflow/.local/lib/python3.7/site-packages/airflow/example_dags/example_branch_operator.py
[2022-09-15T17:03:24.828+0000] {processor.py:640} INFO - Processing file /home/airflow/.local/lib/python3.7/site-packages/airflow/example_dags/example_branch_operator.py for tasks to queue
[2022-09-15T17:03:24.830+0000] {logging_mixin.py:115} INFO - [2022-09-15T17:03:24.830+0000] {dagbag.py:508} INFO - Filling up the DagBag from /home/airflow/.local/lib/python3.7/site-packages/airflow/example_dags/example_branch_operator.py
[2022-09-15T17:03:24.837+0000] {processor.py:650} INFO - DAG(s) dict_keys(['example_branch_operator']) retrieved from /home/airflow/.local/lib/python3.7/site-packages/airflow/example_dags/example_branch_operator.py
[2022-09-15T17:03:24.859+0000] {logging_mixin.py:115} INFO - [2022-09-15T17:03:24.859+0000] {dag.py:2429} INFO - Sync 1 DAGs
[2022-09-15T17:03:24.876+0000] {logging_mixin.py:115} INFO - [2022-09-15T17:03:24.876+0000] {dag.py:2981} INFO - Setting next_dagrun for example_branch_operator to 2022-09-14T00:00:00+00:00, run_after=2022-09-15T00:00:00+00:00
[2022-09-15T17:03:24.891+0000] {processor.py:161} INFO - Processing /home/airflow/.local/lib/python3.7/site-packages/airflow/example_dags/example_branch_operator.py took 0.067 seconds
[2022-09-15T17:03:55.042+0000] {processor.py:153} INFO - Started process (PID=2690) to work on /home/airflow/.local/lib/python3.7/site-packages/airflow/example_dags/example_branch_operator.py
[2022-09-15T17:03:55.044+0000] {processor.py:640} INFO - Processing file /home/airflow/.local/lib/python3.7/site-packages/airflow/example_dags/example_branch_operator.py for tasks to queue
[2022-09-15T17:03:55.046+0000] {logging_mixin.py:115} INFO - [2022-09-15T17:03:55.046+0000] {dagbag.py:508} INFO - Filling up the DagBag from /home/airflow/.local/lib/python3.7/site-packages/airflow/example_dags/example_branch_operator.py
[2022-09-15T17:03:55.055+0000] {processor.py:650} INFO - DAG(s) dict_keys(['example_branch_operator']) retrieved from /home/airflow/.local/lib/python3.7/site-packages/airflow/example_dags/example_branch_operator.py
[2022-09-15T17:03:55.089+0000] {logging_mixin.py:115} INFO - [2022-09-15T17:03:55.089+0000] {dag.py:2429} INFO - Sync 1 DAGs
[2022-09-15T17:03:55.111+0000] {logging_mixin.py:115} INFO - [2022-09-15T17:03:55.111+0000] {dag.py:2981} INFO - Setting next_dagrun for example_branch_operator to 2022-09-14T00:00:00+00:00, run_after=2022-09-15T00:00:00+00:00
[2022-09-15T17:03:55.124+0000] {processor.py:161} INFO - Processing /home/airflow/.local/lib/python3.7/site-packages/airflow/example_dags/example_branch_operator.py took 0.085 seconds
[2022-09-15T17:04:25.348+0000] {processor.py:153} INFO - Started process (PID=2758) to work on /home/airflow/.local/lib/python3.7/site-packages/airflow/example_dags/example_branch_operator.py
[2022-09-15T17:04:25.353+0000] {processor.py:640} INFO - Processing file /home/airflow/.local/lib/python3.7/site-packages/airflow/example_dags/example_branch_operator.py for tasks to queue
[2022-09-15T17:04:25.354+0000] {logging_mixin.py:115} INFO - [2022-09-15T17:04:25.354+0000] {dagbag.py:508} INFO - Filling up the DagBag from /home/airflow/.local/lib/python3.7/site-packages/airflow/example_dags/example_branch_operator.py
[2022-09-15T17:04:25.365+0000] {processor.py:650} INFO - DAG(s) dict_keys(['example_branch_operator']) retrieved from /home/airflow/.local/lib/python3.7/site-packages/airflow/example_dags/example_branch_operator.py
[2022-09-15T17:04:25.387+0000] {logging_mixin.py:115} INFO - [2022-09-15T17:04:25.387+0000] {dag.py:2429} INFO - Sync 1 DAGs
[2022-09-15T17:04:25.405+0000] {logging_mixin.py:115} INFO - [2022-09-15T17:04:25.405+0000] {dag.py:2981} INFO - Setting next_dagrun for example_branch_operator to 2022-09-14T00:00:00+00:00, run_after=2022-09-15T00:00:00+00:00
[2022-09-15T17:04:25.415+0000] {processor.py:161} INFO - Processing /home/airflow/.local/lib/python3.7/site-packages/airflow/example_dags/example_branch_operator.py took 0.071 seconds
[2022-09-15T17:04:55.527+0000] {processor.py:153} INFO - Started process (PID=2814) to work on /home/airflow/.local/lib/python3.7/site-packages/airflow/example_dags/example_branch_operator.py
[2022-09-15T17:04:55.529+0000] {processor.py:640} INFO - Processing file /home/airflow/.local/lib/python3.7/site-packages/airflow/example_dags/example_branch_operator.py for tasks to queue
[2022-09-15T17:04:55.531+0000] {logging_mixin.py:115} INFO - [2022-09-15T17:04:55.531+0000] {dagbag.py:508} INFO - Filling up the DagBag from /home/airflow/.local/lib/python3.7/site-packages/airflow/example_dags/example_branch_operator.py
[2022-09-15T17:04:55.540+0000] {processor.py:650} INFO - DAG(s) dict_keys(['example_branch_operator']) retrieved from /home/airflow/.local/lib/python3.7/site-packages/airflow/example_dags/example_branch_operator.py
[2022-09-15T17:04:55.572+0000] {logging_mixin.py:115} INFO - [2022-09-15T17:04:55.572+0000] {dag.py:2429} INFO - Sync 1 DAGs
[2022-09-15T17:04:55.599+0000] {logging_mixin.py:115} INFO - [2022-09-15T17:04:55.599+0000] {dag.py:2981} INFO - Setting next_dagrun for example_branch_operator to 2022-09-14T00:00:00+00:00, run_after=2022-09-15T00:00:00+00:00
[2022-09-15T17:04:55.611+0000] {processor.py:161} INFO - Processing /home/airflow/.local/lib/python3.7/site-packages/airflow/example_dags/example_branch_operator.py took 0.087 seconds
