[2022-09-15T16:43:32.370+0000] {processor.py:153} INFO - Started process (PID=69) to work on /home/airflow/.local/lib/python3.7/site-packages/airflow/example_dags/example_sla_dag.py
[2022-09-15T16:43:32.377+0000] {processor.py:640} INFO - Processing file /home/airflow/.local/lib/python3.7/site-packages/airflow/example_dags/example_sla_dag.py for tasks to queue
[2022-09-15T16:43:32.382+0000] {logging_mixin.py:115} INFO - [2022-09-15T16:43:32.382+0000] {dagbag.py:508} INFO - Filling up the DagBag from /home/airflow/.local/lib/python3.7/site-packages/airflow/example_dags/example_sla_dag.py
[2022-09-15T16:43:32.450+0000] {processor.py:650} INFO - DAG(s) dict_keys(['example_sla_dag']) retrieved from /home/airflow/.local/lib/python3.7/site-packages/airflow/example_dags/example_sla_dag.py
[2022-09-15T16:43:32.727+0000] {logging_mixin.py:115} INFO - [2022-09-15T16:43:32.726+0000] {manager.py:508} INFO - Created Permission View: can delete on DAG:example_sla_dag
[2022-09-15T16:43:32.755+0000] {logging_mixin.py:115} INFO - [2022-09-15T16:43:32.755+0000] {manager.py:508} INFO - Created Permission View: can read on DAG:example_sla_dag
[2022-09-15T16:43:32.777+0000] {logging_mixin.py:115} INFO - [2022-09-15T16:43:32.777+0000] {manager.py:508} INFO - Created Permission View: can edit on DAG:example_sla_dag
[2022-09-15T16:43:32.779+0000] {logging_mixin.py:115} INFO - [2022-09-15T16:43:32.778+0000] {dag.py:2429} INFO - Sync 1 DAGs
[2022-09-15T16:43:32.795+0000] {logging_mixin.py:115} INFO - [2022-09-15T16:43:32.795+0000] {dag.py:2448} INFO - Creating ORM DAG for example_sla_dag
[2022-09-15T16:43:32.824+0000] {logging_mixin.py:115} INFO - [2022-09-15T16:43:32.824+0000] {dag.py:2981} INFO - Setting next_dagrun for example_sla_dag to 2022-09-15T16:40:00+00:00, run_after=2022-09-15T16:42:00+00:00
[2022-09-15T16:43:32.842+0000] {processor.py:161} INFO - Processing /home/airflow/.local/lib/python3.7/site-packages/airflow/example_dags/example_sla_dag.py took 0.528 seconds
[2022-09-15T16:44:03.724+0000] {processor.py:153} INFO - Started process (PID=135) to work on /home/airflow/.local/lib/python3.7/site-packages/airflow/example_dags/example_sla_dag.py
[2022-09-15T16:44:03.726+0000] {processor.py:640} INFO - Processing file /home/airflow/.local/lib/python3.7/site-packages/airflow/example_dags/example_sla_dag.py for tasks to queue
[2022-09-15T16:44:03.727+0000] {logging_mixin.py:115} INFO - [2022-09-15T16:44:03.727+0000] {dagbag.py:508} INFO - Filling up the DagBag from /home/airflow/.local/lib/python3.7/site-packages/airflow/example_dags/example_sla_dag.py
[2022-09-15T16:44:03.740+0000] {processor.py:650} INFO - DAG(s) dict_keys(['example_sla_dag']) retrieved from /home/airflow/.local/lib/python3.7/site-packages/airflow/example_dags/example_sla_dag.py
[2022-09-15T16:44:03.767+0000] {logging_mixin.py:115} INFO - [2022-09-15T16:44:03.766+0000] {dag.py:2429} INFO - Sync 1 DAGs
[2022-09-15T16:44:03.793+0000] {logging_mixin.py:115} INFO - [2022-09-15T16:44:03.792+0000] {dag.py:2981} INFO - Setting next_dagrun for example_sla_dag to 2022-09-15T16:42:00+00:00, run_after=2022-09-15T16:44:00+00:00
[2022-09-15T16:44:03.804+0000] {processor.py:161} INFO - Processing /home/airflow/.local/lib/python3.7/site-packages/airflow/example_dags/example_sla_dag.py took 0.083 seconds
[2022-09-15T16:44:33.942+0000] {processor.py:153} INFO - Started process (PID=191) to work on /home/airflow/.local/lib/python3.7/site-packages/airflow/example_dags/example_sla_dag.py
[2022-09-15T16:44:33.944+0000] {processor.py:640} INFO - Processing file /home/airflow/.local/lib/python3.7/site-packages/airflow/example_dags/example_sla_dag.py for tasks to queue
[2022-09-15T16:44:33.946+0000] {logging_mixin.py:115} INFO - [2022-09-15T16:44:33.946+0000] {dagbag.py:508} INFO - Filling up the DagBag from /home/airflow/.local/lib/python3.7/site-packages/airflow/example_dags/example_sla_dag.py
[2022-09-15T16:44:33.962+0000] {processor.py:650} INFO - DAG(s) dict_keys(['example_sla_dag']) retrieved from /home/airflow/.local/lib/python3.7/site-packages/airflow/example_dags/example_sla_dag.py
[2022-09-15T16:44:33.982+0000] {logging_mixin.py:115} INFO - [2022-09-15T16:44:33.982+0000] {dag.py:2429} INFO - Sync 1 DAGs
[2022-09-15T16:44:33.999+0000] {logging_mixin.py:115} INFO - [2022-09-15T16:44:33.999+0000] {dag.py:2981} INFO - Setting next_dagrun for example_sla_dag to 2022-09-15T16:42:00+00:00, run_after=2022-09-15T16:44:00+00:00
[2022-09-15T16:44:34.006+0000] {processor.py:161} INFO - Processing /home/airflow/.local/lib/python3.7/site-packages/airflow/example_dags/example_sla_dag.py took 0.069 seconds
[2022-09-15T16:45:04.135+0000] {processor.py:153} INFO - Started process (PID=257) to work on /home/airflow/.local/lib/python3.7/site-packages/airflow/example_dags/example_sla_dag.py
[2022-09-15T16:45:04.138+0000] {processor.py:640} INFO - Processing file /home/airflow/.local/lib/python3.7/site-packages/airflow/example_dags/example_sla_dag.py for tasks to queue
[2022-09-15T16:45:04.140+0000] {logging_mixin.py:115} INFO - [2022-09-15T16:45:04.139+0000] {dagbag.py:508} INFO - Filling up the DagBag from /home/airflow/.local/lib/python3.7/site-packages/airflow/example_dags/example_sla_dag.py
[2022-09-15T16:45:04.158+0000] {processor.py:650} INFO - DAG(s) dict_keys(['example_sla_dag']) retrieved from /home/airflow/.local/lib/python3.7/site-packages/airflow/example_dags/example_sla_dag.py
[2022-09-15T16:45:04.181+0000] {logging_mixin.py:115} INFO - [2022-09-15T16:45:04.181+0000] {dag.py:2429} INFO - Sync 1 DAGs
[2022-09-15T16:45:04.199+0000] {logging_mixin.py:115} INFO - [2022-09-15T16:45:04.199+0000] {dag.py:2981} INFO - Setting next_dagrun for example_sla_dag to 2022-09-15T16:42:00+00:00, run_after=2022-09-15T16:44:00+00:00
[2022-09-15T16:45:04.209+0000] {processor.py:161} INFO - Processing /home/airflow/.local/lib/python3.7/site-packages/airflow/example_dags/example_sla_dag.py took 0.084 seconds
[2022-09-15T16:45:34.324+0000] {processor.py:153} INFO - Started process (PID=324) to work on /home/airflow/.local/lib/python3.7/site-packages/airflow/example_dags/example_sla_dag.py
[2022-09-15T16:45:34.326+0000] {processor.py:640} INFO - Processing file /home/airflow/.local/lib/python3.7/site-packages/airflow/example_dags/example_sla_dag.py for tasks to queue
[2022-09-15T16:45:34.328+0000] {logging_mixin.py:115} INFO - [2022-09-15T16:45:34.328+0000] {dagbag.py:508} INFO - Filling up the DagBag from /home/airflow/.local/lib/python3.7/site-packages/airflow/example_dags/example_sla_dag.py
[2022-09-15T16:45:34.345+0000] {processor.py:650} INFO - DAG(s) dict_keys(['example_sla_dag']) retrieved from /home/airflow/.local/lib/python3.7/site-packages/airflow/example_dags/example_sla_dag.py
[2022-09-15T16:45:34.366+0000] {logging_mixin.py:115} INFO - [2022-09-15T16:45:34.366+0000] {dag.py:2429} INFO - Sync 1 DAGs
[2022-09-15T16:45:34.383+0000] {logging_mixin.py:115} INFO - [2022-09-15T16:45:34.383+0000] {dag.py:2981} INFO - Setting next_dagrun for example_sla_dag to 2022-09-15T16:42:00+00:00, run_after=2022-09-15T16:44:00+00:00
[2022-09-15T16:45:34.390+0000] {processor.py:161} INFO - Processing /home/airflow/.local/lib/python3.7/site-packages/airflow/example_dags/example_sla_dag.py took 0.071 seconds
[2022-09-15T16:46:05.406+0000] {processor.py:153} INFO - Started process (PID=391) to work on /home/airflow/.local/lib/python3.7/site-packages/airflow/example_dags/example_sla_dag.py
[2022-09-15T16:46:05.407+0000] {processor.py:640} INFO - Processing file /home/airflow/.local/lib/python3.7/site-packages/airflow/example_dags/example_sla_dag.py for tasks to queue
[2022-09-15T16:46:05.409+0000] {logging_mixin.py:115} INFO - [2022-09-15T16:46:05.408+0000] {dagbag.py:508} INFO - Filling up the DagBag from /home/airflow/.local/lib/python3.7/site-packages/airflow/example_dags/example_sla_dag.py
[2022-09-15T16:46:05.420+0000] {processor.py:650} INFO - DAG(s) dict_keys(['example_sla_dag']) retrieved from /home/airflow/.local/lib/python3.7/site-packages/airflow/example_dags/example_sla_dag.py
[2022-09-15T16:46:05.439+0000] {logging_mixin.py:115} INFO - [2022-09-15T16:46:05.439+0000] {dag.py:2429} INFO - Sync 1 DAGs
[2022-09-15T16:46:05.457+0000] {logging_mixin.py:115} INFO - [2022-09-15T16:46:05.457+0000] {dag.py:2981} INFO - Setting next_dagrun for example_sla_dag to 2022-09-15T16:44:00+00:00, run_after=2022-09-15T16:46:00+00:00
[2022-09-15T16:46:05.467+0000] {processor.py:161} INFO - Processing /home/airflow/.local/lib/python3.7/site-packages/airflow/example_dags/example_sla_dag.py took 0.064 seconds
[2022-09-15T16:46:36.350+0000] {processor.py:153} INFO - Started process (PID=457) to work on /home/airflow/.local/lib/python3.7/site-packages/airflow/example_dags/example_sla_dag.py
[2022-09-15T16:46:36.354+0000] {processor.py:640} INFO - Processing file /home/airflow/.local/lib/python3.7/site-packages/airflow/example_dags/example_sla_dag.py for tasks to queue
[2022-09-15T16:46:36.356+0000] {logging_mixin.py:115} INFO - [2022-09-15T16:46:36.356+0000] {dagbag.py:508} INFO - Filling up the DagBag from /home/airflow/.local/lib/python3.7/site-packages/airflow/example_dags/example_sla_dag.py
[2022-09-15T16:46:36.372+0000] {processor.py:650} INFO - DAG(s) dict_keys(['example_sla_dag']) retrieved from /home/airflow/.local/lib/python3.7/site-packages/airflow/example_dags/example_sla_dag.py
[2022-09-15T16:46:36.393+0000] {logging_mixin.py:115} INFO - [2022-09-15T16:46:36.392+0000] {dag.py:2429} INFO - Sync 1 DAGs
[2022-09-15T16:46:36.412+0000] {logging_mixin.py:115} INFO - [2022-09-15T16:46:36.412+0000] {dag.py:2981} INFO - Setting next_dagrun for example_sla_dag to 2022-09-15T16:44:00+00:00, run_after=2022-09-15T16:46:00+00:00
[2022-09-15T16:46:36.421+0000] {processor.py:161} INFO - Processing /home/airflow/.local/lib/python3.7/site-packages/airflow/example_dags/example_sla_dag.py took 0.078 seconds
[2022-09-15T16:47:07.255+0000] {processor.py:153} INFO - Started process (PID=526) to work on /home/airflow/.local/lib/python3.7/site-packages/airflow/example_dags/example_sla_dag.py
[2022-09-15T16:47:07.258+0000] {processor.py:640} INFO - Processing file /home/airflow/.local/lib/python3.7/site-packages/airflow/example_dags/example_sla_dag.py for tasks to queue
[2022-09-15T16:47:07.260+0000] {logging_mixin.py:115} INFO - [2022-09-15T16:47:07.260+0000] {dagbag.py:508} INFO - Filling up the DagBag from /home/airflow/.local/lib/python3.7/site-packages/airflow/example_dags/example_sla_dag.py
[2022-09-15T16:47:07.273+0000] {processor.py:650} INFO - DAG(s) dict_keys(['example_sla_dag']) retrieved from /home/airflow/.local/lib/python3.7/site-packages/airflow/example_dags/example_sla_dag.py
[2022-09-15T16:47:07.294+0000] {logging_mixin.py:115} INFO - [2022-09-15T16:47:07.294+0000] {dag.py:2429} INFO - Sync 1 DAGs
[2022-09-15T16:47:07.312+0000] {logging_mixin.py:115} INFO - [2022-09-15T16:47:07.312+0000] {dag.py:2981} INFO - Setting next_dagrun for example_sla_dag to 2022-09-15T16:44:00+00:00, run_after=2022-09-15T16:46:00+00:00
[2022-09-15T16:47:07.320+0000] {processor.py:161} INFO - Processing /home/airflow/.local/lib/python3.7/site-packages/airflow/example_dags/example_sla_dag.py took 0.068 seconds
[2022-09-15T16:47:38.171+0000] {processor.py:153} INFO - Started process (PID=584) to work on /home/airflow/.local/lib/python3.7/site-packages/airflow/example_dags/example_sla_dag.py
[2022-09-15T16:47:38.173+0000] {processor.py:640} INFO - Processing file /home/airflow/.local/lib/python3.7/site-packages/airflow/example_dags/example_sla_dag.py for tasks to queue
[2022-09-15T16:47:38.174+0000] {logging_mixin.py:115} INFO - [2022-09-15T16:47:38.174+0000] {dagbag.py:508} INFO - Filling up the DagBag from /home/airflow/.local/lib/python3.7/site-packages/airflow/example_dags/example_sla_dag.py
[2022-09-15T16:47:38.188+0000] {processor.py:650} INFO - DAG(s) dict_keys(['example_sla_dag']) retrieved from /home/airflow/.local/lib/python3.7/site-packages/airflow/example_dags/example_sla_dag.py
[2022-09-15T16:47:38.206+0000] {logging_mixin.py:115} INFO - [2022-09-15T16:47:38.206+0000] {dag.py:2429} INFO - Sync 1 DAGs
[2022-09-15T16:47:38.223+0000] {logging_mixin.py:115} INFO - [2022-09-15T16:47:38.223+0000] {dag.py:2981} INFO - Setting next_dagrun for example_sla_dag to 2022-09-15T16:44:00+00:00, run_after=2022-09-15T16:46:00+00:00
[2022-09-15T16:47:38.232+0000] {processor.py:161} INFO - Processing /home/airflow/.local/lib/python3.7/site-packages/airflow/example_dags/example_sla_dag.py took 0.064 seconds
[2022-09-15T16:48:09.012+0000] {processor.py:153} INFO - Started process (PID=652) to work on /home/airflow/.local/lib/python3.7/site-packages/airflow/example_dags/example_sla_dag.py
[2022-09-15T16:48:09.014+0000] {processor.py:640} INFO - Processing file /home/airflow/.local/lib/python3.7/site-packages/airflow/example_dags/example_sla_dag.py for tasks to queue
[2022-09-15T16:48:09.016+0000] {logging_mixin.py:115} INFO - [2022-09-15T16:48:09.016+0000] {dagbag.py:508} INFO - Filling up the DagBag from /home/airflow/.local/lib/python3.7/site-packages/airflow/example_dags/example_sla_dag.py
[2022-09-15T16:48:09.032+0000] {processor.py:650} INFO - DAG(s) dict_keys(['example_sla_dag']) retrieved from /home/airflow/.local/lib/python3.7/site-packages/airflow/example_dags/example_sla_dag.py
[2022-09-15T16:48:09.050+0000] {logging_mixin.py:115} INFO - [2022-09-15T16:48:09.050+0000] {dag.py:2429} INFO - Sync 1 DAGs
[2022-09-15T16:48:09.067+0000] {logging_mixin.py:115} INFO - [2022-09-15T16:48:09.067+0000] {dag.py:2981} INFO - Setting next_dagrun for example_sla_dag to 2022-09-15T16:46:00+00:00, run_after=2022-09-15T16:48:00+00:00
[2022-09-15T16:48:09.076+0000] {processor.py:161} INFO - Processing /home/airflow/.local/lib/python3.7/site-packages/airflow/example_dags/example_sla_dag.py took 0.069 seconds
[2022-09-15T16:48:39.219+0000] {processor.py:153} INFO - Started process (PID=717) to work on /home/airflow/.local/lib/python3.7/site-packages/airflow/example_dags/example_sla_dag.py
[2022-09-15T16:48:39.221+0000] {processor.py:640} INFO - Processing file /home/airflow/.local/lib/python3.7/site-packages/airflow/example_dags/example_sla_dag.py for tasks to queue
[2022-09-15T16:48:39.222+0000] {logging_mixin.py:115} INFO - [2022-09-15T16:48:39.222+0000] {dagbag.py:508} INFO - Filling up the DagBag from /home/airflow/.local/lib/python3.7/site-packages/airflow/example_dags/example_sla_dag.py
[2022-09-15T16:48:39.235+0000] {processor.py:650} INFO - DAG(s) dict_keys(['example_sla_dag']) retrieved from /home/airflow/.local/lib/python3.7/site-packages/airflow/example_dags/example_sla_dag.py
[2022-09-15T16:48:39.255+0000] {logging_mixin.py:115} INFO - [2022-09-15T16:48:39.254+0000] {dag.py:2429} INFO - Sync 1 DAGs
[2022-09-15T16:48:39.272+0000] {logging_mixin.py:115} INFO - [2022-09-15T16:48:39.272+0000] {dag.py:2981} INFO - Setting next_dagrun for example_sla_dag to 2022-09-15T16:46:00+00:00, run_after=2022-09-15T16:48:00+00:00
[2022-09-15T16:48:39.280+0000] {processor.py:161} INFO - Processing /home/airflow/.local/lib/python3.7/site-packages/airflow/example_dags/example_sla_dag.py took 0.063 seconds
[2022-09-15T16:49:10.179+0000] {processor.py:153} INFO - Started process (PID=783) to work on /home/airflow/.local/lib/python3.7/site-packages/airflow/example_dags/example_sla_dag.py
[2022-09-15T16:49:10.181+0000] {processor.py:640} INFO - Processing file /home/airflow/.local/lib/python3.7/site-packages/airflow/example_dags/example_sla_dag.py for tasks to queue
[2022-09-15T16:49:10.183+0000] {logging_mixin.py:115} INFO - [2022-09-15T16:49:10.182+0000] {dagbag.py:508} INFO - Filling up the DagBag from /home/airflow/.local/lib/python3.7/site-packages/airflow/example_dags/example_sla_dag.py
[2022-09-15T16:49:10.202+0000] {processor.py:650} INFO - DAG(s) dict_keys(['example_sla_dag']) retrieved from /home/airflow/.local/lib/python3.7/site-packages/airflow/example_dags/example_sla_dag.py
[2022-09-15T16:49:10.227+0000] {logging_mixin.py:115} INFO - [2022-09-15T16:49:10.227+0000] {dag.py:2429} INFO - Sync 1 DAGs
[2022-09-15T16:49:10.250+0000] {logging_mixin.py:115} INFO - [2022-09-15T16:49:10.250+0000] {dag.py:2981} INFO - Setting next_dagrun for example_sla_dag to 2022-09-15T16:46:00+00:00, run_after=2022-09-15T16:48:00+00:00
[2022-09-15T16:49:10.259+0000] {processor.py:161} INFO - Processing /home/airflow/.local/lib/python3.7/site-packages/airflow/example_dags/example_sla_dag.py took 0.086 seconds
[2022-09-15T16:49:40.420+0000] {processor.py:153} INFO - Started process (PID=850) to work on /home/airflow/.local/lib/python3.7/site-packages/airflow/example_dags/example_sla_dag.py
[2022-09-15T16:49:40.422+0000] {processor.py:640} INFO - Processing file /home/airflow/.local/lib/python3.7/site-packages/airflow/example_dags/example_sla_dag.py for tasks to queue
[2022-09-15T16:49:40.424+0000] {logging_mixin.py:115} INFO - [2022-09-15T16:49:40.423+0000] {dagbag.py:508} INFO - Filling up the DagBag from /home/airflow/.local/lib/python3.7/site-packages/airflow/example_dags/example_sla_dag.py
[2022-09-15T16:49:40.439+0000] {processor.py:650} INFO - DAG(s) dict_keys(['example_sla_dag']) retrieved from /home/airflow/.local/lib/python3.7/site-packages/airflow/example_dags/example_sla_dag.py
[2022-09-15T16:49:40.461+0000] {logging_mixin.py:115} INFO - [2022-09-15T16:49:40.461+0000] {dag.py:2429} INFO - Sync 1 DAGs
[2022-09-15T16:49:40.482+0000] {logging_mixin.py:115} INFO - [2022-09-15T16:49:40.482+0000] {dag.py:2981} INFO - Setting next_dagrun for example_sla_dag to 2022-09-15T16:46:00+00:00, run_after=2022-09-15T16:48:00+00:00
[2022-09-15T16:49:40.492+0000] {processor.py:161} INFO - Processing /home/airflow/.local/lib/python3.7/site-packages/airflow/example_dags/example_sla_dag.py took 0.077 seconds
[2022-09-15T16:50:10.551+0000] {processor.py:153} INFO - Started process (PID=916) to work on /home/airflow/.local/lib/python3.7/site-packages/airflow/example_dags/example_sla_dag.py
[2022-09-15T16:50:10.553+0000] {processor.py:640} INFO - Processing file /home/airflow/.local/lib/python3.7/site-packages/airflow/example_dags/example_sla_dag.py for tasks to queue
[2022-09-15T16:50:10.554+0000] {logging_mixin.py:115} INFO - [2022-09-15T16:50:10.554+0000] {dagbag.py:508} INFO - Filling up the DagBag from /home/airflow/.local/lib/python3.7/site-packages/airflow/example_dags/example_sla_dag.py
[2022-09-15T16:50:10.565+0000] {processor.py:650} INFO - DAG(s) dict_keys(['example_sla_dag']) retrieved from /home/airflow/.local/lib/python3.7/site-packages/airflow/example_dags/example_sla_dag.py
[2022-09-15T16:50:10.585+0000] {logging_mixin.py:115} INFO - [2022-09-15T16:50:10.585+0000] {dag.py:2429} INFO - Sync 1 DAGs
[2022-09-15T16:50:10.603+0000] {logging_mixin.py:115} INFO - [2022-09-15T16:50:10.603+0000] {dag.py:2981} INFO - Setting next_dagrun for example_sla_dag to 2022-09-15T16:48:00+00:00, run_after=2022-09-15T16:50:00+00:00
[2022-09-15T16:50:10.612+0000] {processor.py:161} INFO - Processing /home/airflow/.local/lib/python3.7/site-packages/airflow/example_dags/example_sla_dag.py took 0.063 seconds
[2022-09-15T16:50:41.522+0000] {processor.py:153} INFO - Started process (PID=976) to work on /home/airflow/.local/lib/python3.7/site-packages/airflow/example_dags/example_sla_dag.py
[2022-09-15T16:50:41.525+0000] {processor.py:640} INFO - Processing file /home/airflow/.local/lib/python3.7/site-packages/airflow/example_dags/example_sla_dag.py for tasks to queue
[2022-09-15T16:50:41.528+0000] {logging_mixin.py:115} INFO - [2022-09-15T16:50:41.528+0000] {dagbag.py:508} INFO - Filling up the DagBag from /home/airflow/.local/lib/python3.7/site-packages/airflow/example_dags/example_sla_dag.py
[2022-09-15T16:50:41.545+0000] {processor.py:650} INFO - DAG(s) dict_keys(['example_sla_dag']) retrieved from /home/airflow/.local/lib/python3.7/site-packages/airflow/example_dags/example_sla_dag.py
[2022-09-15T16:50:41.569+0000] {logging_mixin.py:115} INFO - [2022-09-15T16:50:41.569+0000] {dag.py:2429} INFO - Sync 1 DAGs
[2022-09-15T16:50:41.586+0000] {logging_mixin.py:115} INFO - [2022-09-15T16:50:41.586+0000] {dag.py:2981} INFO - Setting next_dagrun for example_sla_dag to 2022-09-15T16:48:00+00:00, run_after=2022-09-15T16:50:00+00:00
[2022-09-15T16:50:41.593+0000] {processor.py:161} INFO - Processing /home/airflow/.local/lib/python3.7/site-packages/airflow/example_dags/example_sla_dag.py took 0.077 seconds
[2022-09-15T16:51:12.367+0000] {processor.py:153} INFO - Started process (PID=1042) to work on /home/airflow/.local/lib/python3.7/site-packages/airflow/example_dags/example_sla_dag.py
[2022-09-15T16:51:12.369+0000] {processor.py:640} INFO - Processing file /home/airflow/.local/lib/python3.7/site-packages/airflow/example_dags/example_sla_dag.py for tasks to queue
[2022-09-15T16:51:12.370+0000] {logging_mixin.py:115} INFO - [2022-09-15T16:51:12.370+0000] {dagbag.py:508} INFO - Filling up the DagBag from /home/airflow/.local/lib/python3.7/site-packages/airflow/example_dags/example_sla_dag.py
[2022-09-15T16:51:12.384+0000] {processor.py:650} INFO - DAG(s) dict_keys(['example_sla_dag']) retrieved from /home/airflow/.local/lib/python3.7/site-packages/airflow/example_dags/example_sla_dag.py
[2022-09-15T16:51:12.403+0000] {logging_mixin.py:115} INFO - [2022-09-15T16:51:12.403+0000] {dag.py:2429} INFO - Sync 1 DAGs
[2022-09-15T16:51:12.426+0000] {logging_mixin.py:115} INFO - [2022-09-15T16:51:12.426+0000] {dag.py:2981} INFO - Setting next_dagrun for example_sla_dag to 2022-09-15T16:48:00+00:00, run_after=2022-09-15T16:50:00+00:00
[2022-09-15T16:51:12.434+0000] {processor.py:161} INFO - Processing /home/airflow/.local/lib/python3.7/site-packages/airflow/example_dags/example_sla_dag.py took 0.073 seconds
[2022-09-15T16:51:43.401+0000] {processor.py:153} INFO - Started process (PID=1112) to work on /home/airflow/.local/lib/python3.7/site-packages/airflow/example_dags/example_sla_dag.py
[2022-09-15T16:51:43.403+0000] {processor.py:640} INFO - Processing file /home/airflow/.local/lib/python3.7/site-packages/airflow/example_dags/example_sla_dag.py for tasks to queue
[2022-09-15T16:51:43.404+0000] {logging_mixin.py:115} INFO - [2022-09-15T16:51:43.404+0000] {dagbag.py:508} INFO - Filling up the DagBag from /home/airflow/.local/lib/python3.7/site-packages/airflow/example_dags/example_sla_dag.py
[2022-09-15T16:51:43.417+0000] {processor.py:650} INFO - DAG(s) dict_keys(['example_sla_dag']) retrieved from /home/airflow/.local/lib/python3.7/site-packages/airflow/example_dags/example_sla_dag.py
[2022-09-15T16:51:43.440+0000] {logging_mixin.py:115} INFO - [2022-09-15T16:51:43.440+0000] {dag.py:2429} INFO - Sync 1 DAGs
[2022-09-15T16:51:43.458+0000] {logging_mixin.py:115} INFO - [2022-09-15T16:51:43.458+0000] {dag.py:2981} INFO - Setting next_dagrun for example_sla_dag to 2022-09-15T16:48:00+00:00, run_after=2022-09-15T16:50:00+00:00
[2022-09-15T16:51:43.467+0000] {processor.py:161} INFO - Processing /home/airflow/.local/lib/python3.7/site-packages/airflow/example_dags/example_sla_dag.py took 0.071 seconds
[2022-09-15T16:52:14.315+0000] {processor.py:153} INFO - Started process (PID=1177) to work on /home/airflow/.local/lib/python3.7/site-packages/airflow/example_dags/example_sla_dag.py
[2022-09-15T16:52:14.318+0000] {processor.py:640} INFO - Processing file /home/airflow/.local/lib/python3.7/site-packages/airflow/example_dags/example_sla_dag.py for tasks to queue
[2022-09-15T16:52:14.319+0000] {logging_mixin.py:115} INFO - [2022-09-15T16:52:14.319+0000] {dagbag.py:508} INFO - Filling up the DagBag from /home/airflow/.local/lib/python3.7/site-packages/airflow/example_dags/example_sla_dag.py
[2022-09-15T16:52:14.333+0000] {processor.py:650} INFO - DAG(s) dict_keys(['example_sla_dag']) retrieved from /home/airflow/.local/lib/python3.7/site-packages/airflow/example_dags/example_sla_dag.py
[2022-09-15T16:52:14.354+0000] {logging_mixin.py:115} INFO - [2022-09-15T16:52:14.354+0000] {dag.py:2429} INFO - Sync 1 DAGs
[2022-09-15T16:52:14.375+0000] {logging_mixin.py:115} INFO - [2022-09-15T16:52:14.374+0000] {dag.py:2981} INFO - Setting next_dagrun for example_sla_dag to 2022-09-15T16:50:00+00:00, run_after=2022-09-15T16:52:00+00:00
[2022-09-15T16:52:14.386+0000] {processor.py:161} INFO - Processing /home/airflow/.local/lib/python3.7/site-packages/airflow/example_dags/example_sla_dag.py took 0.073 seconds
[2022-09-15T16:52:45.356+0000] {processor.py:153} INFO - Started process (PID=1245) to work on /home/airflow/.local/lib/python3.7/site-packages/airflow/example_dags/example_sla_dag.py
[2022-09-15T16:52:45.359+0000] {processor.py:640} INFO - Processing file /home/airflow/.local/lib/python3.7/site-packages/airflow/example_dags/example_sla_dag.py for tasks to queue
[2022-09-15T16:52:45.362+0000] {logging_mixin.py:115} INFO - [2022-09-15T16:52:45.362+0000] {dagbag.py:508} INFO - Filling up the DagBag from /home/airflow/.local/lib/python3.7/site-packages/airflow/example_dags/example_sla_dag.py
[2022-09-15T16:52:45.378+0000] {processor.py:650} INFO - DAG(s) dict_keys(['example_sla_dag']) retrieved from /home/airflow/.local/lib/python3.7/site-packages/airflow/example_dags/example_sla_dag.py
[2022-09-15T16:52:45.397+0000] {logging_mixin.py:115} INFO - [2022-09-15T16:52:45.397+0000] {dag.py:2429} INFO - Sync 1 DAGs
[2022-09-15T16:52:45.414+0000] {logging_mixin.py:115} INFO - [2022-09-15T16:52:45.414+0000] {dag.py:2981} INFO - Setting next_dagrun for example_sla_dag to 2022-09-15T16:50:00+00:00, run_after=2022-09-15T16:52:00+00:00
[2022-09-15T16:52:45.422+0000] {processor.py:161} INFO - Processing /home/airflow/.local/lib/python3.7/site-packages/airflow/example_dags/example_sla_dag.py took 0.070 seconds
[2022-09-15T16:53:15.651+0000] {processor.py:153} INFO - Started process (PID=1311) to work on /home/airflow/.local/lib/python3.7/site-packages/airflow/example_dags/example_sla_dag.py
[2022-09-15T16:53:15.654+0000] {processor.py:640} INFO - Processing file /home/airflow/.local/lib/python3.7/site-packages/airflow/example_dags/example_sla_dag.py for tasks to queue
[2022-09-15T16:53:15.657+0000] {logging_mixin.py:115} INFO - [2022-09-15T16:53:15.657+0000] {dagbag.py:508} INFO - Filling up the DagBag from /home/airflow/.local/lib/python3.7/site-packages/airflow/example_dags/example_sla_dag.py
[2022-09-15T16:53:15.672+0000] {processor.py:650} INFO - DAG(s) dict_keys(['example_sla_dag']) retrieved from /home/airflow/.local/lib/python3.7/site-packages/airflow/example_dags/example_sla_dag.py
[2022-09-15T16:53:15.694+0000] {logging_mixin.py:115} INFO - [2022-09-15T16:53:15.694+0000] {dag.py:2429} INFO - Sync 1 DAGs
[2022-09-15T16:53:15.717+0000] {logging_mixin.py:115} INFO - [2022-09-15T16:53:15.717+0000] {dag.py:2981} INFO - Setting next_dagrun for example_sla_dag to 2022-09-15T16:50:00+00:00, run_after=2022-09-15T16:52:00+00:00
[2022-09-15T16:53:15.728+0000] {processor.py:161} INFO - Processing /home/airflow/.local/lib/python3.7/site-packages/airflow/example_dags/example_sla_dag.py took 0.082 seconds
[2022-09-15T16:53:45.888+0000] {processor.py:153} INFO - Started process (PID=1369) to work on /home/airflow/.local/lib/python3.7/site-packages/airflow/example_dags/example_sla_dag.py
[2022-09-15T16:53:45.895+0000] {processor.py:640} INFO - Processing file /home/airflow/.local/lib/python3.7/site-packages/airflow/example_dags/example_sla_dag.py for tasks to queue
[2022-09-15T16:53:45.902+0000] {logging_mixin.py:115} INFO - [2022-09-15T16:53:45.901+0000] {dagbag.py:508} INFO - Filling up the DagBag from /home/airflow/.local/lib/python3.7/site-packages/airflow/example_dags/example_sla_dag.py
[2022-09-15T16:53:45.916+0000] {processor.py:650} INFO - DAG(s) dict_keys(['example_sla_dag']) retrieved from /home/airflow/.local/lib/python3.7/site-packages/airflow/example_dags/example_sla_dag.py
[2022-09-15T16:53:45.939+0000] {logging_mixin.py:115} INFO - [2022-09-15T16:53:45.939+0000] {dag.py:2429} INFO - Sync 1 DAGs
[2022-09-15T16:53:45.957+0000] {logging_mixin.py:115} INFO - [2022-09-15T16:53:45.957+0000] {dag.py:2981} INFO - Setting next_dagrun for example_sla_dag to 2022-09-15T16:50:00+00:00, run_after=2022-09-15T16:52:00+00:00
[2022-09-15T16:53:45.965+0000] {processor.py:161} INFO - Processing /home/airflow/.local/lib/python3.7/site-packages/airflow/example_dags/example_sla_dag.py took 0.080 seconds
[2022-09-15T16:54:16.798+0000] {processor.py:153} INFO - Started process (PID=1438) to work on /home/airflow/.local/lib/python3.7/site-packages/airflow/example_dags/example_sla_dag.py
[2022-09-15T16:54:16.802+0000] {processor.py:640} INFO - Processing file /home/airflow/.local/lib/python3.7/site-packages/airflow/example_dags/example_sla_dag.py for tasks to queue
[2022-09-15T16:54:16.804+0000] {logging_mixin.py:115} INFO - [2022-09-15T16:54:16.804+0000] {dagbag.py:508} INFO - Filling up the DagBag from /home/airflow/.local/lib/python3.7/site-packages/airflow/example_dags/example_sla_dag.py
[2022-09-15T16:54:16.820+0000] {processor.py:650} INFO - DAG(s) dict_keys(['example_sla_dag']) retrieved from /home/airflow/.local/lib/python3.7/site-packages/airflow/example_dags/example_sla_dag.py
[2022-09-15T16:54:16.840+0000] {logging_mixin.py:115} INFO - [2022-09-15T16:54:16.840+0000] {dag.py:2429} INFO - Sync 1 DAGs
[2022-09-15T16:54:16.857+0000] {logging_mixin.py:115} INFO - [2022-09-15T16:54:16.857+0000] {dag.py:2981} INFO - Setting next_dagrun for example_sla_dag to 2022-09-15T16:52:00+00:00, run_after=2022-09-15T16:54:00+00:00
[2022-09-15T16:54:16.865+0000] {processor.py:161} INFO - Processing /home/airflow/.local/lib/python3.7/site-packages/airflow/example_dags/example_sla_dag.py took 0.072 seconds
[2022-09-15T16:54:47.854+0000] {processor.py:153} INFO - Started process (PID=1503) to work on /home/airflow/.local/lib/python3.7/site-packages/airflow/example_dags/example_sla_dag.py
[2022-09-15T16:54:47.856+0000] {processor.py:640} INFO - Processing file /home/airflow/.local/lib/python3.7/site-packages/airflow/example_dags/example_sla_dag.py for tasks to queue
[2022-09-15T16:54:47.858+0000] {logging_mixin.py:115} INFO - [2022-09-15T16:54:47.858+0000] {dagbag.py:508} INFO - Filling up the DagBag from /home/airflow/.local/lib/python3.7/site-packages/airflow/example_dags/example_sla_dag.py
[2022-09-15T16:54:47.874+0000] {processor.py:650} INFO - DAG(s) dict_keys(['example_sla_dag']) retrieved from /home/airflow/.local/lib/python3.7/site-packages/airflow/example_dags/example_sla_dag.py
[2022-09-15T16:54:47.895+0000] {logging_mixin.py:115} INFO - [2022-09-15T16:54:47.895+0000] {dag.py:2429} INFO - Sync 1 DAGs
[2022-09-15T16:54:47.912+0000] {logging_mixin.py:115} INFO - [2022-09-15T16:54:47.912+0000] {dag.py:2981} INFO - Setting next_dagrun for example_sla_dag to 2022-09-15T16:52:00+00:00, run_after=2022-09-15T16:54:00+00:00
[2022-09-15T16:54:47.919+0000] {processor.py:161} INFO - Processing /home/airflow/.local/lib/python3.7/site-packages/airflow/example_dags/example_sla_dag.py took 0.071 seconds
[2022-09-15T16:55:18.110+0000] {processor.py:153} INFO - Started process (PID=1571) to work on /home/airflow/.local/lib/python3.7/site-packages/airflow/example_dags/example_sla_dag.py
[2022-09-15T16:55:18.112+0000] {processor.py:640} INFO - Processing file /home/airflow/.local/lib/python3.7/site-packages/airflow/example_dags/example_sla_dag.py for tasks to queue
[2022-09-15T16:55:18.114+0000] {logging_mixin.py:115} INFO - [2022-09-15T16:55:18.114+0000] {dagbag.py:508} INFO - Filling up the DagBag from /home/airflow/.local/lib/python3.7/site-packages/airflow/example_dags/example_sla_dag.py
[2022-09-15T16:55:18.130+0000] {processor.py:650} INFO - DAG(s) dict_keys(['example_sla_dag']) retrieved from /home/airflow/.local/lib/python3.7/site-packages/airflow/example_dags/example_sla_dag.py
[2022-09-15T16:55:18.150+0000] {logging_mixin.py:115} INFO - [2022-09-15T16:55:18.150+0000] {dag.py:2429} INFO - Sync 1 DAGs
[2022-09-15T16:55:18.167+0000] {logging_mixin.py:115} INFO - [2022-09-15T16:55:18.167+0000] {dag.py:2981} INFO - Setting next_dagrun for example_sla_dag to 2022-09-15T16:52:00+00:00, run_after=2022-09-15T16:54:00+00:00
[2022-09-15T16:55:18.174+0000] {processor.py:161} INFO - Processing /home/airflow/.local/lib/python3.7/site-packages/airflow/example_dags/example_sla_dag.py took 0.067 seconds
[2022-09-15T16:55:48.269+0000] {processor.py:153} INFO - Started process (PID=1631) to work on /home/airflow/.local/lib/python3.7/site-packages/airflow/example_dags/example_sla_dag.py
[2022-09-15T16:55:48.271+0000] {processor.py:640} INFO - Processing file /home/airflow/.local/lib/python3.7/site-packages/airflow/example_dags/example_sla_dag.py for tasks to queue
[2022-09-15T16:55:48.273+0000] {logging_mixin.py:115} INFO - [2022-09-15T16:55:48.273+0000] {dagbag.py:508} INFO - Filling up the DagBag from /home/airflow/.local/lib/python3.7/site-packages/airflow/example_dags/example_sla_dag.py
[2022-09-15T16:55:48.285+0000] {processor.py:650} INFO - DAG(s) dict_keys(['example_sla_dag']) retrieved from /home/airflow/.local/lib/python3.7/site-packages/airflow/example_dags/example_sla_dag.py
[2022-09-15T16:55:48.303+0000] {logging_mixin.py:115} INFO - [2022-09-15T16:55:48.303+0000] {dag.py:2429} INFO - Sync 1 DAGs
[2022-09-15T16:55:48.318+0000] {logging_mixin.py:115} INFO - [2022-09-15T16:55:48.318+0000] {dag.py:2981} INFO - Setting next_dagrun for example_sla_dag to 2022-09-15T16:52:00+00:00, run_after=2022-09-15T16:54:00+00:00
[2022-09-15T16:55:48.325+0000] {processor.py:161} INFO - Processing /home/airflow/.local/lib/python3.7/site-packages/airflow/example_dags/example_sla_dag.py took 0.058 seconds
[2022-09-15T16:56:19.343+0000] {processor.py:153} INFO - Started process (PID=1697) to work on /home/airflow/.local/lib/python3.7/site-packages/airflow/example_dags/example_sla_dag.py
[2022-09-15T16:56:19.346+0000] {processor.py:640} INFO - Processing file /home/airflow/.local/lib/python3.7/site-packages/airflow/example_dags/example_sla_dag.py for tasks to queue
[2022-09-15T16:56:19.348+0000] {logging_mixin.py:115} INFO - [2022-09-15T16:56:19.348+0000] {dagbag.py:508} INFO - Filling up the DagBag from /home/airflow/.local/lib/python3.7/site-packages/airflow/example_dags/example_sla_dag.py
[2022-09-15T16:56:19.364+0000] {processor.py:650} INFO - DAG(s) dict_keys(['example_sla_dag']) retrieved from /home/airflow/.local/lib/python3.7/site-packages/airflow/example_dags/example_sla_dag.py
[2022-09-15T16:56:19.384+0000] {logging_mixin.py:115} INFO - [2022-09-15T16:56:19.384+0000] {dag.py:2429} INFO - Sync 1 DAGs
[2022-09-15T16:56:19.403+0000] {logging_mixin.py:115} INFO - [2022-09-15T16:56:19.402+0000] {dag.py:2981} INFO - Setting next_dagrun for example_sla_dag to 2022-09-15T16:54:00+00:00, run_after=2022-09-15T16:56:00+00:00
[2022-09-15T16:56:19.411+0000] {processor.py:161} INFO - Processing /home/airflow/.local/lib/python3.7/site-packages/airflow/example_dags/example_sla_dag.py took 0.074 seconds
[2022-09-15T16:56:50.214+0000] {processor.py:153} INFO - Started process (PID=1768) to work on /home/airflow/.local/lib/python3.7/site-packages/airflow/example_dags/example_sla_dag.py
[2022-09-15T16:56:50.216+0000] {processor.py:640} INFO - Processing file /home/airflow/.local/lib/python3.7/site-packages/airflow/example_dags/example_sla_dag.py for tasks to queue
[2022-09-15T16:56:50.218+0000] {logging_mixin.py:115} INFO - [2022-09-15T16:56:50.218+0000] {dagbag.py:508} INFO - Filling up the DagBag from /home/airflow/.local/lib/python3.7/site-packages/airflow/example_dags/example_sla_dag.py
[2022-09-15T16:56:50.234+0000] {processor.py:650} INFO - DAG(s) dict_keys(['example_sla_dag']) retrieved from /home/airflow/.local/lib/python3.7/site-packages/airflow/example_dags/example_sla_dag.py
[2022-09-15T16:56:50.257+0000] {logging_mixin.py:115} INFO - [2022-09-15T16:56:50.256+0000] {dag.py:2429} INFO - Sync 1 DAGs
[2022-09-15T16:56:50.277+0000] {logging_mixin.py:115} INFO - [2022-09-15T16:56:50.276+0000] {dag.py:2981} INFO - Setting next_dagrun for example_sla_dag to 2022-09-15T16:54:00+00:00, run_after=2022-09-15T16:56:00+00:00
[2022-09-15T16:56:50.286+0000] {processor.py:161} INFO - Processing /home/airflow/.local/lib/python3.7/site-packages/airflow/example_dags/example_sla_dag.py took 0.076 seconds
[2022-09-15T16:57:20.386+0000] {processor.py:153} INFO - Started process (PID=1833) to work on /home/airflow/.local/lib/python3.7/site-packages/airflow/example_dags/example_sla_dag.py
[2022-09-15T16:57:20.388+0000] {processor.py:640} INFO - Processing file /home/airflow/.local/lib/python3.7/site-packages/airflow/example_dags/example_sla_dag.py for tasks to queue
[2022-09-15T16:57:20.390+0000] {logging_mixin.py:115} INFO - [2022-09-15T16:57:20.390+0000] {dagbag.py:508} INFO - Filling up the DagBag from /home/airflow/.local/lib/python3.7/site-packages/airflow/example_dags/example_sla_dag.py
[2022-09-15T16:57:20.406+0000] {processor.py:650} INFO - DAG(s) dict_keys(['example_sla_dag']) retrieved from /home/airflow/.local/lib/python3.7/site-packages/airflow/example_dags/example_sla_dag.py
[2022-09-15T16:57:20.434+0000] {logging_mixin.py:115} INFO - [2022-09-15T16:57:20.434+0000] {dag.py:2429} INFO - Sync 1 DAGs
[2022-09-15T16:57:20.460+0000] {logging_mixin.py:115} INFO - [2022-09-15T16:57:20.460+0000] {dag.py:2981} INFO - Setting next_dagrun for example_sla_dag to 2022-09-15T16:54:00+00:00, run_after=2022-09-15T16:56:00+00:00
[2022-09-15T16:57:20.470+0000] {processor.py:161} INFO - Processing /home/airflow/.local/lib/python3.7/site-packages/airflow/example_dags/example_sla_dag.py took 0.088 seconds
[2022-09-15T16:57:50.732+0000] {processor.py:153} INFO - Started process (PID=1903) to work on /home/airflow/.local/lib/python3.7/site-packages/airflow/example_dags/example_sla_dag.py
[2022-09-15T16:57:50.735+0000] {processor.py:640} INFO - Processing file /home/airflow/.local/lib/python3.7/site-packages/airflow/example_dags/example_sla_dag.py for tasks to queue
[2022-09-15T16:57:50.738+0000] {logging_mixin.py:115} INFO - [2022-09-15T16:57:50.738+0000] {dagbag.py:508} INFO - Filling up the DagBag from /home/airflow/.local/lib/python3.7/site-packages/airflow/example_dags/example_sla_dag.py
[2022-09-15T16:57:50.755+0000] {processor.py:650} INFO - DAG(s) dict_keys(['example_sla_dag']) retrieved from /home/airflow/.local/lib/python3.7/site-packages/airflow/example_dags/example_sla_dag.py
[2022-09-15T16:57:50.775+0000] {logging_mixin.py:115} INFO - [2022-09-15T16:57:50.775+0000] {dag.py:2429} INFO - Sync 1 DAGs
[2022-09-15T16:57:50.796+0000] {logging_mixin.py:115} INFO - [2022-09-15T16:57:50.796+0000] {dag.py:2981} INFO - Setting next_dagrun for example_sla_dag to 2022-09-15T16:54:00+00:00, run_after=2022-09-15T16:56:00+00:00
[2022-09-15T16:57:50.804+0000] {processor.py:161} INFO - Processing /home/airflow/.local/lib/python3.7/site-packages/airflow/example_dags/example_sla_dag.py took 0.080 seconds
[2022-09-15T16:58:21.587+0000] {processor.py:153} INFO - Started process (PID=1968) to work on /home/airflow/.local/lib/python3.7/site-packages/airflow/example_dags/example_sla_dag.py
[2022-09-15T16:58:21.590+0000] {processor.py:640} INFO - Processing file /home/airflow/.local/lib/python3.7/site-packages/airflow/example_dags/example_sla_dag.py for tasks to queue
[2022-09-15T16:58:21.591+0000] {logging_mixin.py:115} INFO - [2022-09-15T16:58:21.591+0000] {dagbag.py:508} INFO - Filling up the DagBag from /home/airflow/.local/lib/python3.7/site-packages/airflow/example_dags/example_sla_dag.py
[2022-09-15T16:58:21.605+0000] {processor.py:650} INFO - DAG(s) dict_keys(['example_sla_dag']) retrieved from /home/airflow/.local/lib/python3.7/site-packages/airflow/example_dags/example_sla_dag.py
[2022-09-15T16:58:21.630+0000] {logging_mixin.py:115} INFO - [2022-09-15T16:58:21.629+0000] {dag.py:2429} INFO - Sync 1 DAGs
[2022-09-15T16:58:21.653+0000] {logging_mixin.py:115} INFO - [2022-09-15T16:58:21.653+0000] {dag.py:2981} INFO - Setting next_dagrun for example_sla_dag to 2022-09-15T16:56:00+00:00, run_after=2022-09-15T16:58:00+00:00
[2022-09-15T16:58:21.661+0000] {processor.py:161} INFO - Processing /home/airflow/.local/lib/python3.7/site-packages/airflow/example_dags/example_sla_dag.py took 0.078 seconds
[2022-09-15T16:58:51.706+0000] {processor.py:153} INFO - Started process (PID=2026) to work on /home/airflow/.local/lib/python3.7/site-packages/airflow/example_dags/example_sla_dag.py
[2022-09-15T16:58:51.709+0000] {processor.py:640} INFO - Processing file /home/airflow/.local/lib/python3.7/site-packages/airflow/example_dags/example_sla_dag.py for tasks to queue
[2022-09-15T16:58:51.711+0000] {logging_mixin.py:115} INFO - [2022-09-15T16:58:51.711+0000] {dagbag.py:508} INFO - Filling up the DagBag from /home/airflow/.local/lib/python3.7/site-packages/airflow/example_dags/example_sla_dag.py
[2022-09-15T16:58:51.727+0000] {processor.py:650} INFO - DAG(s) dict_keys(['example_sla_dag']) retrieved from /home/airflow/.local/lib/python3.7/site-packages/airflow/example_dags/example_sla_dag.py
[2022-09-15T16:58:51.747+0000] {logging_mixin.py:115} INFO - [2022-09-15T16:58:51.747+0000] {dag.py:2429} INFO - Sync 1 DAGs
[2022-09-15T16:58:51.763+0000] {logging_mixin.py:115} INFO - [2022-09-15T16:58:51.763+0000] {dag.py:2981} INFO - Setting next_dagrun for example_sla_dag to 2022-09-15T16:56:00+00:00, run_after=2022-09-15T16:58:00+00:00
[2022-09-15T16:58:51.771+0000] {processor.py:161} INFO - Processing /home/airflow/.local/lib/python3.7/site-packages/airflow/example_dags/example_sla_dag.py took 0.070 seconds
[2022-09-15T16:59:21.840+0000] {processor.py:153} INFO - Started process (PID=2095) to work on /home/airflow/.local/lib/python3.7/site-packages/airflow/example_dags/example_sla_dag.py
[2022-09-15T16:59:21.842+0000] {processor.py:640} INFO - Processing file /home/airflow/.local/lib/python3.7/site-packages/airflow/example_dags/example_sla_dag.py for tasks to queue
[2022-09-15T16:59:21.844+0000] {logging_mixin.py:115} INFO - [2022-09-15T16:59:21.844+0000] {dagbag.py:508} INFO - Filling up the DagBag from /home/airflow/.local/lib/python3.7/site-packages/airflow/example_dags/example_sla_dag.py
[2022-09-15T16:59:21.859+0000] {processor.py:650} INFO - DAG(s) dict_keys(['example_sla_dag']) retrieved from /home/airflow/.local/lib/python3.7/site-packages/airflow/example_dags/example_sla_dag.py
[2022-09-15T16:59:21.888+0000] {logging_mixin.py:115} INFO - [2022-09-15T16:59:21.888+0000] {dag.py:2429} INFO - Sync 1 DAGs
[2022-09-15T16:59:21.910+0000] {logging_mixin.py:115} INFO - [2022-09-15T16:59:21.910+0000] {dag.py:2981} INFO - Setting next_dagrun for example_sla_dag to 2022-09-15T16:56:00+00:00, run_after=2022-09-15T16:58:00+00:00
[2022-09-15T16:59:21.919+0000] {processor.py:161} INFO - Processing /home/airflow/.local/lib/python3.7/site-packages/airflow/example_dags/example_sla_dag.py took 0.083 seconds
[2022-09-15T16:59:52.920+0000] {processor.py:153} INFO - Started process (PID=2162) to work on /home/airflow/.local/lib/python3.7/site-packages/airflow/example_dags/example_sla_dag.py
[2022-09-15T16:59:52.923+0000] {processor.py:640} INFO - Processing file /home/airflow/.local/lib/python3.7/site-packages/airflow/example_dags/example_sla_dag.py for tasks to queue
[2022-09-15T16:59:52.925+0000] {logging_mixin.py:115} INFO - [2022-09-15T16:59:52.925+0000] {dagbag.py:508} INFO - Filling up the DagBag from /home/airflow/.local/lib/python3.7/site-packages/airflow/example_dags/example_sla_dag.py
[2022-09-15T16:59:52.940+0000] {processor.py:650} INFO - DAG(s) dict_keys(['example_sla_dag']) retrieved from /home/airflow/.local/lib/python3.7/site-packages/airflow/example_dags/example_sla_dag.py
[2022-09-15T16:59:52.961+0000] {logging_mixin.py:115} INFO - [2022-09-15T16:59:52.961+0000] {dag.py:2429} INFO - Sync 1 DAGs
[2022-09-15T16:59:52.978+0000] {logging_mixin.py:115} INFO - [2022-09-15T16:59:52.977+0000] {dag.py:2981} INFO - Setting next_dagrun for example_sla_dag to 2022-09-15T16:56:00+00:00, run_after=2022-09-15T16:58:00+00:00
[2022-09-15T16:59:52.987+0000] {processor.py:161} INFO - Processing /home/airflow/.local/lib/python3.7/site-packages/airflow/example_dags/example_sla_dag.py took 0.071 seconds
[2022-09-15T17:00:23.044+0000] {processor.py:153} INFO - Started process (PID=2235) to work on /home/airflow/.local/lib/python3.7/site-packages/airflow/example_dags/example_sla_dag.py
[2022-09-15T17:00:23.047+0000] {processor.py:640} INFO - Processing file /home/airflow/.local/lib/python3.7/site-packages/airflow/example_dags/example_sla_dag.py for tasks to queue
[2022-09-15T17:00:23.048+0000] {logging_mixin.py:115} INFO - [2022-09-15T17:00:23.048+0000] {dagbag.py:508} INFO - Filling up the DagBag from /home/airflow/.local/lib/python3.7/site-packages/airflow/example_dags/example_sla_dag.py
[2022-09-15T17:00:23.060+0000] {processor.py:650} INFO - DAG(s) dict_keys(['example_sla_dag']) retrieved from /home/airflow/.local/lib/python3.7/site-packages/airflow/example_dags/example_sla_dag.py
[2022-09-15T17:00:23.079+0000] {logging_mixin.py:115} INFO - [2022-09-15T17:00:23.079+0000] {dag.py:2429} INFO - Sync 1 DAGs
[2022-09-15T17:00:23.097+0000] {logging_mixin.py:115} INFO - [2022-09-15T17:00:23.097+0000] {dag.py:2981} INFO - Setting next_dagrun for example_sla_dag to 2022-09-15T16:58:00+00:00, run_after=2022-09-15T17:00:00+00:00
[2022-09-15T17:00:23.107+0000] {processor.py:161} INFO - Processing /home/airflow/.local/lib/python3.7/site-packages/airflow/example_dags/example_sla_dag.py took 0.066 seconds
[2022-09-15T17:00:53.272+0000] {processor.py:153} INFO - Started process (PID=2294) to work on /home/airflow/.local/lib/python3.7/site-packages/airflow/example_dags/example_sla_dag.py
[2022-09-15T17:00:53.275+0000] {processor.py:640} INFO - Processing file /home/airflow/.local/lib/python3.7/site-packages/airflow/example_dags/example_sla_dag.py for tasks to queue
[2022-09-15T17:00:53.277+0000] {logging_mixin.py:115} INFO - [2022-09-15T17:00:53.277+0000] {dagbag.py:508} INFO - Filling up the DagBag from /home/airflow/.local/lib/python3.7/site-packages/airflow/example_dags/example_sla_dag.py
[2022-09-15T17:00:53.292+0000] {processor.py:650} INFO - DAG(s) dict_keys(['example_sla_dag']) retrieved from /home/airflow/.local/lib/python3.7/site-packages/airflow/example_dags/example_sla_dag.py
[2022-09-15T17:00:53.310+0000] {logging_mixin.py:115} INFO - [2022-09-15T17:00:53.310+0000] {dag.py:2429} INFO - Sync 1 DAGs
[2022-09-15T17:00:53.328+0000] {logging_mixin.py:115} INFO - [2022-09-15T17:00:53.328+0000] {dag.py:2981} INFO - Setting next_dagrun for example_sla_dag to 2022-09-15T16:58:00+00:00, run_after=2022-09-15T17:00:00+00:00
[2022-09-15T17:00:53.337+0000] {processor.py:161} INFO - Processing /home/airflow/.local/lib/python3.7/site-packages/airflow/example_dags/example_sla_dag.py took 0.070 seconds
[2022-09-15T17:01:24.280+0000] {processor.py:153} INFO - Started process (PID=2358) to work on /home/airflow/.local/lib/python3.7/site-packages/airflow/example_dags/example_sla_dag.py
[2022-09-15T17:01:24.283+0000] {processor.py:640} INFO - Processing file /home/airflow/.local/lib/python3.7/site-packages/airflow/example_dags/example_sla_dag.py for tasks to queue
[2022-09-15T17:01:24.284+0000] {logging_mixin.py:115} INFO - [2022-09-15T17:01:24.284+0000] {dagbag.py:508} INFO - Filling up the DagBag from /home/airflow/.local/lib/python3.7/site-packages/airflow/example_dags/example_sla_dag.py
[2022-09-15T17:01:24.301+0000] {processor.py:650} INFO - DAG(s) dict_keys(['example_sla_dag']) retrieved from /home/airflow/.local/lib/python3.7/site-packages/airflow/example_dags/example_sla_dag.py
[2022-09-15T17:01:24.322+0000] {logging_mixin.py:115} INFO - [2022-09-15T17:01:24.322+0000] {dag.py:2429} INFO - Sync 1 DAGs
[2022-09-15T17:01:24.339+0000] {logging_mixin.py:115} INFO - [2022-09-15T17:01:24.339+0000] {dag.py:2981} INFO - Setting next_dagrun for example_sla_dag to 2022-09-15T16:58:00+00:00, run_after=2022-09-15T17:00:00+00:00
[2022-09-15T17:01:24.347+0000] {processor.py:161} INFO - Processing /home/airflow/.local/lib/python3.7/site-packages/airflow/example_dags/example_sla_dag.py took 0.071 seconds
[2022-09-15T17:01:55.251+0000] {processor.py:153} INFO - Started process (PID=2427) to work on /home/airflow/.local/lib/python3.7/site-packages/airflow/example_dags/example_sla_dag.py
[2022-09-15T17:01:55.294+0000] {processor.py:640} INFO - Processing file /home/airflow/.local/lib/python3.7/site-packages/airflow/example_dags/example_sla_dag.py for tasks to queue
[2022-09-15T17:01:55.296+0000] {logging_mixin.py:115} INFO - [2022-09-15T17:01:55.296+0000] {dagbag.py:508} INFO - Filling up the DagBag from /home/airflow/.local/lib/python3.7/site-packages/airflow/example_dags/example_sla_dag.py
[2022-09-15T17:01:55.309+0000] {processor.py:650} INFO - DAG(s) dict_keys(['example_sla_dag']) retrieved from /home/airflow/.local/lib/python3.7/site-packages/airflow/example_dags/example_sla_dag.py
[2022-09-15T17:01:55.329+0000] {logging_mixin.py:115} INFO - [2022-09-15T17:01:55.329+0000] {dag.py:2429} INFO - Sync 1 DAGs
[2022-09-15T17:01:55.353+0000] {logging_mixin.py:115} INFO - [2022-09-15T17:01:55.353+0000] {dag.py:2981} INFO - Setting next_dagrun for example_sla_dag to 2022-09-15T16:58:00+00:00, run_after=2022-09-15T17:00:00+00:00
[2022-09-15T17:01:55.365+0000] {processor.py:161} INFO - Processing /home/airflow/.local/lib/python3.7/site-packages/airflow/example_dags/example_sla_dag.py took 0.123 seconds
[2022-09-15T17:02:25.603+0000] {processor.py:153} INFO - Started process (PID=2496) to work on /home/airflow/.local/lib/python3.7/site-packages/airflow/example_dags/example_sla_dag.py
[2022-09-15T17:02:25.606+0000] {processor.py:640} INFO - Processing file /home/airflow/.local/lib/python3.7/site-packages/airflow/example_dags/example_sla_dag.py for tasks to queue
[2022-09-15T17:02:25.608+0000] {logging_mixin.py:115} INFO - [2022-09-15T17:02:25.608+0000] {dagbag.py:508} INFO - Filling up the DagBag from /home/airflow/.local/lib/python3.7/site-packages/airflow/example_dags/example_sla_dag.py
[2022-09-15T17:02:25.623+0000] {processor.py:650} INFO - DAG(s) dict_keys(['example_sla_dag']) retrieved from /home/airflow/.local/lib/python3.7/site-packages/airflow/example_dags/example_sla_dag.py
[2022-09-15T17:02:25.647+0000] {logging_mixin.py:115} INFO - [2022-09-15T17:02:25.647+0000] {dag.py:2429} INFO - Sync 1 DAGs
[2022-09-15T17:02:25.669+0000] {logging_mixin.py:115} INFO - [2022-09-15T17:02:25.669+0000] {dag.py:2981} INFO - Setting next_dagrun for example_sla_dag to 2022-09-15T17:00:00+00:00, run_after=2022-09-15T17:02:00+00:00
[2022-09-15T17:02:25.677+0000] {processor.py:161} INFO - Processing /home/airflow/.local/lib/python3.7/site-packages/airflow/example_dags/example_sla_dag.py took 0.078 seconds
[2022-09-15T17:02:55.748+0000] {processor.py:153} INFO - Started process (PID=2564) to work on /home/airflow/.local/lib/python3.7/site-packages/airflow/example_dags/example_sla_dag.py
[2022-09-15T17:02:55.751+0000] {processor.py:640} INFO - Processing file /home/airflow/.local/lib/python3.7/site-packages/airflow/example_dags/example_sla_dag.py for tasks to queue
[2022-09-15T17:02:55.752+0000] {logging_mixin.py:115} INFO - [2022-09-15T17:02:55.752+0000] {dagbag.py:508} INFO - Filling up the DagBag from /home/airflow/.local/lib/python3.7/site-packages/airflow/example_dags/example_sla_dag.py
[2022-09-15T17:02:55.767+0000] {processor.py:650} INFO - DAG(s) dict_keys(['example_sla_dag']) retrieved from /home/airflow/.local/lib/python3.7/site-packages/airflow/example_dags/example_sla_dag.py
[2022-09-15T17:02:55.793+0000] {logging_mixin.py:115} INFO - [2022-09-15T17:02:55.793+0000] {dag.py:2429} INFO - Sync 1 DAGs
[2022-09-15T17:02:55.820+0000] {logging_mixin.py:115} INFO - [2022-09-15T17:02:55.820+0000] {dag.py:2981} INFO - Setting next_dagrun for example_sla_dag to 2022-09-15T17:00:00+00:00, run_after=2022-09-15T17:02:00+00:00
[2022-09-15T17:02:55.830+0000] {processor.py:161} INFO - Processing /home/airflow/.local/lib/python3.7/site-packages/airflow/example_dags/example_sla_dag.py took 0.085 seconds
[2022-09-15T17:03:25.952+0000] {processor.py:153} INFO - Started process (PID=2624) to work on /home/airflow/.local/lib/python3.7/site-packages/airflow/example_dags/example_sla_dag.py
[2022-09-15T17:03:25.954+0000] {processor.py:640} INFO - Processing file /home/airflow/.local/lib/python3.7/site-packages/airflow/example_dags/example_sla_dag.py for tasks to queue
[2022-09-15T17:03:25.956+0000] {logging_mixin.py:115} INFO - [2022-09-15T17:03:25.956+0000] {dagbag.py:508} INFO - Filling up the DagBag from /home/airflow/.local/lib/python3.7/site-packages/airflow/example_dags/example_sla_dag.py
[2022-09-15T17:03:25.970+0000] {processor.py:650} INFO - DAG(s) dict_keys(['example_sla_dag']) retrieved from /home/airflow/.local/lib/python3.7/site-packages/airflow/example_dags/example_sla_dag.py
[2022-09-15T17:03:25.994+0000] {logging_mixin.py:115} INFO - [2022-09-15T17:03:25.994+0000] {dag.py:2429} INFO - Sync 1 DAGs
[2022-09-15T17:03:26.012+0000] {logging_mixin.py:115} INFO - [2022-09-15T17:03:26.012+0000] {dag.py:2981} INFO - Setting next_dagrun for example_sla_dag to 2022-09-15T17:00:00+00:00, run_after=2022-09-15T17:02:00+00:00
[2022-09-15T17:03:26.021+0000] {processor.py:161} INFO - Processing /home/airflow/.local/lib/python3.7/site-packages/airflow/example_dags/example_sla_dag.py took 0.073 seconds
[2022-09-15T17:03:56.192+0000] {processor.py:153} INFO - Started process (PID=2692) to work on /home/airflow/.local/lib/python3.7/site-packages/airflow/example_dags/example_sla_dag.py
[2022-09-15T17:03:56.195+0000] {processor.py:640} INFO - Processing file /home/airflow/.local/lib/python3.7/site-packages/airflow/example_dags/example_sla_dag.py for tasks to queue
[2022-09-15T17:03:56.197+0000] {logging_mixin.py:115} INFO - [2022-09-15T17:03:56.196+0000] {dagbag.py:508} INFO - Filling up the DagBag from /home/airflow/.local/lib/python3.7/site-packages/airflow/example_dags/example_sla_dag.py
[2022-09-15T17:03:56.211+0000] {processor.py:650} INFO - DAG(s) dict_keys(['example_sla_dag']) retrieved from /home/airflow/.local/lib/python3.7/site-packages/airflow/example_dags/example_sla_dag.py
[2022-09-15T17:03:56.231+0000] {logging_mixin.py:115} INFO - [2022-09-15T17:03:56.230+0000] {dag.py:2429} INFO - Sync 1 DAGs
[2022-09-15T17:03:56.248+0000] {logging_mixin.py:115} INFO - [2022-09-15T17:03:56.248+0000] {dag.py:2981} INFO - Setting next_dagrun for example_sla_dag to 2022-09-15T17:00:00+00:00, run_after=2022-09-15T17:02:00+00:00
[2022-09-15T17:03:56.254+0000] {processor.py:161} INFO - Processing /home/airflow/.local/lib/python3.7/site-packages/airflow/example_dags/example_sla_dag.py took 0.066 seconds
[2022-09-15T17:04:26.472+0000] {processor.py:153} INFO - Started process (PID=2760) to work on /home/airflow/.local/lib/python3.7/site-packages/airflow/example_dags/example_sla_dag.py
[2022-09-15T17:04:26.475+0000] {processor.py:640} INFO - Processing file /home/airflow/.local/lib/python3.7/site-packages/airflow/example_dags/example_sla_dag.py for tasks to queue
[2022-09-15T17:04:26.477+0000] {logging_mixin.py:115} INFO - [2022-09-15T17:04:26.477+0000] {dagbag.py:508} INFO - Filling up the DagBag from /home/airflow/.local/lib/python3.7/site-packages/airflow/example_dags/example_sla_dag.py
[2022-09-15T17:04:26.494+0000] {processor.py:650} INFO - DAG(s) dict_keys(['example_sla_dag']) retrieved from /home/airflow/.local/lib/python3.7/site-packages/airflow/example_dags/example_sla_dag.py
[2022-09-15T17:04:26.515+0000] {logging_mixin.py:115} INFO - [2022-09-15T17:04:26.515+0000] {dag.py:2429} INFO - Sync 1 DAGs
[2022-09-15T17:04:26.531+0000] {logging_mixin.py:115} INFO - [2022-09-15T17:04:26.531+0000] {dag.py:2981} INFO - Setting next_dagrun for example_sla_dag to 2022-09-15T17:02:00+00:00, run_after=2022-09-15T17:04:00+00:00
[2022-09-15T17:04:26.538+0000] {processor.py:161} INFO - Processing /home/airflow/.local/lib/python3.7/site-packages/airflow/example_dags/example_sla_dag.py took 0.071 seconds
[2022-09-15T17:04:56.649+0000] {processor.py:153} INFO - Started process (PID=2828) to work on /home/airflow/.local/lib/python3.7/site-packages/airflow/example_dags/example_sla_dag.py
[2022-09-15T17:04:56.651+0000] {processor.py:640} INFO - Processing file /home/airflow/.local/lib/python3.7/site-packages/airflow/example_dags/example_sla_dag.py for tasks to queue
[2022-09-15T17:04:56.653+0000] {logging_mixin.py:115} INFO - [2022-09-15T17:04:56.653+0000] {dagbag.py:508} INFO - Filling up the DagBag from /home/airflow/.local/lib/python3.7/site-packages/airflow/example_dags/example_sla_dag.py
[2022-09-15T17:04:56.664+0000] {processor.py:650} INFO - DAG(s) dict_keys(['example_sla_dag']) retrieved from /home/airflow/.local/lib/python3.7/site-packages/airflow/example_dags/example_sla_dag.py
[2022-09-15T17:04:56.683+0000] {logging_mixin.py:115} INFO - [2022-09-15T17:04:56.683+0000] {dag.py:2429} INFO - Sync 1 DAGs
[2022-09-15T17:04:56.700+0000] {logging_mixin.py:115} INFO - [2022-09-15T17:04:56.700+0000] {dag.py:2981} INFO - Setting next_dagrun for example_sla_dag to 2022-09-15T17:02:00+00:00, run_after=2022-09-15T17:04:00+00:00
[2022-09-15T17:04:56.707+0000] {processor.py:161} INFO - Processing /home/airflow/.local/lib/python3.7/site-packages/airflow/example_dags/example_sla_dag.py took 0.063 seconds
