[2022-09-15T16:43:29.010+0000] {processor.py:153} INFO - Started process (PID=62) to work on /home/airflow/.local/lib/python3.7/site-packages/airflow/example_dags/example_complex.py
[2022-09-15T16:43:29.013+0000] {processor.py:640} INFO - Processing file /home/airflow/.local/lib/python3.7/site-packages/airflow/example_dags/example_complex.py for tasks to queue
[2022-09-15T16:43:29.020+0000] {logging_mixin.py:115} INFO - [2022-09-15T16:43:29.020+0000] {dagbag.py:508} INFO - Filling up the DagBag from /home/airflow/.local/lib/python3.7/site-packages/airflow/example_dags/example_complex.py
[2022-09-15T16:43:29.079+0000] {processor.py:650} INFO - DAG(s) dict_keys(['example_complex']) retrieved from /home/airflow/.local/lib/python3.7/site-packages/airflow/example_dags/example_complex.py
[2022-09-15T16:43:29.439+0000] {logging_mixin.py:115} INFO - [2022-09-15T16:43:29.439+0000] {manager.py:508} INFO - Created Permission View: can delete on DAG:example_complex
[2022-09-15T16:43:29.465+0000] {logging_mixin.py:115} INFO - [2022-09-15T16:43:29.465+0000] {manager.py:508} INFO - Created Permission View: can read on DAG:example_complex
[2022-09-15T16:43:29.481+0000] {logging_mixin.py:115} INFO - [2022-09-15T16:43:29.480+0000] {manager.py:508} INFO - Created Permission View: can edit on DAG:example_complex
[2022-09-15T16:43:29.492+0000] {logging_mixin.py:115} INFO - [2022-09-15T16:43:29.492+0000] {dag.py:2429} INFO - Sync 1 DAGs
[2022-09-15T16:43:29.517+0000] {logging_mixin.py:115} INFO - [2022-09-15T16:43:29.517+0000] {dag.py:2448} INFO - Creating ORM DAG for example_complex
[2022-09-15T16:43:29.541+0000] {logging_mixin.py:115} INFO - [2022-09-15T16:43:29.541+0000] {dag.py:2981} INFO - Setting next_dagrun for example_complex to None, run_after=None
[2022-09-15T16:43:29.614+0000] {processor.py:161} INFO - Processing /home/airflow/.local/lib/python3.7/site-packages/airflow/example_dags/example_complex.py took 0.613 seconds
[2022-09-15T16:44:00.383+0000] {processor.py:153} INFO - Started process (PID=118) to work on /home/airflow/.local/lib/python3.7/site-packages/airflow/example_dags/example_complex.py
[2022-09-15T16:44:00.386+0000] {processor.py:640} INFO - Processing file /home/airflow/.local/lib/python3.7/site-packages/airflow/example_dags/example_complex.py for tasks to queue
[2022-09-15T16:44:00.387+0000] {logging_mixin.py:115} INFO - [2022-09-15T16:44:00.387+0000] {dagbag.py:508} INFO - Filling up the DagBag from /home/airflow/.local/lib/python3.7/site-packages/airflow/example_dags/example_complex.py
[2022-09-15T16:44:00.400+0000] {processor.py:650} INFO - DAG(s) dict_keys(['example_complex']) retrieved from /home/airflow/.local/lib/python3.7/site-packages/airflow/example_dags/example_complex.py
[2022-09-15T16:44:00.425+0000] {logging_mixin.py:115} INFO - [2022-09-15T16:44:00.424+0000] {dag.py:2429} INFO - Sync 1 DAGs
[2022-09-15T16:44:00.439+0000] {logging_mixin.py:115} INFO - [2022-09-15T16:44:00.439+0000] {dag.py:2981} INFO - Setting next_dagrun for example_complex to None, run_after=None
[2022-09-15T16:44:00.448+0000] {processor.py:161} INFO - Processing /home/airflow/.local/lib/python3.7/site-packages/airflow/example_dags/example_complex.py took 0.069 seconds
[2022-09-15T16:44:30.498+0000] {processor.py:153} INFO - Started process (PID=184) to work on /home/airflow/.local/lib/python3.7/site-packages/airflow/example_dags/example_complex.py
[2022-09-15T16:44:30.500+0000] {processor.py:640} INFO - Processing file /home/airflow/.local/lib/python3.7/site-packages/airflow/example_dags/example_complex.py for tasks to queue
[2022-09-15T16:44:30.501+0000] {logging_mixin.py:115} INFO - [2022-09-15T16:44:30.501+0000] {dagbag.py:508} INFO - Filling up the DagBag from /home/airflow/.local/lib/python3.7/site-packages/airflow/example_dags/example_complex.py
[2022-09-15T16:44:30.509+0000] {processor.py:650} INFO - DAG(s) dict_keys(['example_complex']) retrieved from /home/airflow/.local/lib/python3.7/site-packages/airflow/example_dags/example_complex.py
[2022-09-15T16:44:30.530+0000] {logging_mixin.py:115} INFO - [2022-09-15T16:44:30.530+0000] {dag.py:2429} INFO - Sync 1 DAGs
[2022-09-15T16:44:30.544+0000] {logging_mixin.py:115} INFO - [2022-09-15T16:44:30.544+0000] {dag.py:2981} INFO - Setting next_dagrun for example_complex to None, run_after=None
[2022-09-15T16:44:30.552+0000] {processor.py:161} INFO - Processing /home/airflow/.local/lib/python3.7/site-packages/airflow/example_dags/example_complex.py took 0.057 seconds
[2022-09-15T16:45:00.643+0000] {processor.py:153} INFO - Started process (PID=250) to work on /home/airflow/.local/lib/python3.7/site-packages/airflow/example_dags/example_complex.py
[2022-09-15T16:45:00.648+0000] {processor.py:640} INFO - Processing file /home/airflow/.local/lib/python3.7/site-packages/airflow/example_dags/example_complex.py for tasks to queue
[2022-09-15T16:45:00.649+0000] {logging_mixin.py:115} INFO - [2022-09-15T16:45:00.649+0000] {dagbag.py:508} INFO - Filling up the DagBag from /home/airflow/.local/lib/python3.7/site-packages/airflow/example_dags/example_complex.py
[2022-09-15T16:45:00.661+0000] {processor.py:650} INFO - DAG(s) dict_keys(['example_complex']) retrieved from /home/airflow/.local/lib/python3.7/site-packages/airflow/example_dags/example_complex.py
[2022-09-15T16:45:00.687+0000] {logging_mixin.py:115} INFO - [2022-09-15T16:45:00.687+0000] {dag.py:2429} INFO - Sync 1 DAGs
[2022-09-15T16:45:00.703+0000] {logging_mixin.py:115} INFO - [2022-09-15T16:45:00.703+0000] {dag.py:2981} INFO - Setting next_dagrun for example_complex to None, run_after=None
[2022-09-15T16:45:00.714+0000] {processor.py:161} INFO - Processing /home/airflow/.local/lib/python3.7/site-packages/airflow/example_dags/example_complex.py took 0.075 seconds
[2022-09-15T16:45:30.954+0000] {processor.py:153} INFO - Started process (PID=317) to work on /home/airflow/.local/lib/python3.7/site-packages/airflow/example_dags/example_complex.py
[2022-09-15T16:45:30.956+0000] {processor.py:640} INFO - Processing file /home/airflow/.local/lib/python3.7/site-packages/airflow/example_dags/example_complex.py for tasks to queue
[2022-09-15T16:45:30.957+0000] {logging_mixin.py:115} INFO - [2022-09-15T16:45:30.957+0000] {dagbag.py:508} INFO - Filling up the DagBag from /home/airflow/.local/lib/python3.7/site-packages/airflow/example_dags/example_complex.py
[2022-09-15T16:45:30.966+0000] {processor.py:650} INFO - DAG(s) dict_keys(['example_complex']) retrieved from /home/airflow/.local/lib/python3.7/site-packages/airflow/example_dags/example_complex.py
[2022-09-15T16:45:30.988+0000] {logging_mixin.py:115} INFO - [2022-09-15T16:45:30.988+0000] {dag.py:2429} INFO - Sync 1 DAGs
[2022-09-15T16:45:31.002+0000] {logging_mixin.py:115} INFO - [2022-09-15T16:45:31.002+0000] {dag.py:2981} INFO - Setting next_dagrun for example_complex to None, run_after=None
[2022-09-15T16:45:31.010+0000] {processor.py:161} INFO - Processing /home/airflow/.local/lib/python3.7/site-packages/airflow/example_dags/example_complex.py took 0.059 seconds
[2022-09-15T16:46:01.942+0000] {processor.py:153} INFO - Started process (PID=382) to work on /home/airflow/.local/lib/python3.7/site-packages/airflow/example_dags/example_complex.py
[2022-09-15T16:46:01.943+0000] {processor.py:640} INFO - Processing file /home/airflow/.local/lib/python3.7/site-packages/airflow/example_dags/example_complex.py for tasks to queue
[2022-09-15T16:46:01.944+0000] {logging_mixin.py:115} INFO - [2022-09-15T16:46:01.944+0000] {dagbag.py:508} INFO - Filling up the DagBag from /home/airflow/.local/lib/python3.7/site-packages/airflow/example_dags/example_complex.py
[2022-09-15T16:46:01.952+0000] {processor.py:650} INFO - DAG(s) dict_keys(['example_complex']) retrieved from /home/airflow/.local/lib/python3.7/site-packages/airflow/example_dags/example_complex.py
[2022-09-15T16:46:01.978+0000] {logging_mixin.py:115} INFO - [2022-09-15T16:46:01.978+0000] {dag.py:2429} INFO - Sync 1 DAGs
[2022-09-15T16:46:01.993+0000] {logging_mixin.py:115} INFO - [2022-09-15T16:46:01.993+0000] {dag.py:2981} INFO - Setting next_dagrun for example_complex to None, run_after=None
[2022-09-15T16:46:02.004+0000] {processor.py:161} INFO - Processing /home/airflow/.local/lib/python3.7/site-packages/airflow/example_dags/example_complex.py took 0.065 seconds
[2022-09-15T16:46:32.900+0000] {processor.py:153} INFO - Started process (PID=440) to work on /home/airflow/.local/lib/python3.7/site-packages/airflow/example_dags/example_complex.py
[2022-09-15T16:46:32.902+0000] {processor.py:640} INFO - Processing file /home/airflow/.local/lib/python3.7/site-packages/airflow/example_dags/example_complex.py for tasks to queue
[2022-09-15T16:46:32.905+0000] {logging_mixin.py:115} INFO - [2022-09-15T16:46:32.905+0000] {dagbag.py:508} INFO - Filling up the DagBag from /home/airflow/.local/lib/python3.7/site-packages/airflow/example_dags/example_complex.py
[2022-09-15T16:46:32.916+0000] {processor.py:650} INFO - DAG(s) dict_keys(['example_complex']) retrieved from /home/airflow/.local/lib/python3.7/site-packages/airflow/example_dags/example_complex.py
[2022-09-15T16:46:32.938+0000] {logging_mixin.py:115} INFO - [2022-09-15T16:46:32.938+0000] {dag.py:2429} INFO - Sync 1 DAGs
[2022-09-15T16:46:32.952+0000] {logging_mixin.py:115} INFO - [2022-09-15T16:46:32.952+0000] {dag.py:2981} INFO - Setting next_dagrun for example_complex to None, run_after=None
[2022-09-15T16:46:32.959+0000] {processor.py:161} INFO - Processing /home/airflow/.local/lib/python3.7/site-packages/airflow/example_dags/example_complex.py took 0.062 seconds
[2022-09-15T16:47:03.857+0000] {processor.py:153} INFO - Started process (PID=509) to work on /home/airflow/.local/lib/python3.7/site-packages/airflow/example_dags/example_complex.py
[2022-09-15T16:47:03.859+0000] {processor.py:640} INFO - Processing file /home/airflow/.local/lib/python3.7/site-packages/airflow/example_dags/example_complex.py for tasks to queue
[2022-09-15T16:47:03.860+0000] {logging_mixin.py:115} INFO - [2022-09-15T16:47:03.860+0000] {dagbag.py:508} INFO - Filling up the DagBag from /home/airflow/.local/lib/python3.7/site-packages/airflow/example_dags/example_complex.py
[2022-09-15T16:47:03.871+0000] {processor.py:650} INFO - DAG(s) dict_keys(['example_complex']) retrieved from /home/airflow/.local/lib/python3.7/site-packages/airflow/example_dags/example_complex.py
[2022-09-15T16:47:03.893+0000] {logging_mixin.py:115} INFO - [2022-09-15T16:47:03.893+0000] {dag.py:2429} INFO - Sync 1 DAGs
[2022-09-15T16:47:03.908+0000] {logging_mixin.py:115} INFO - [2022-09-15T16:47:03.908+0000] {dag.py:2981} INFO - Setting next_dagrun for example_complex to None, run_after=None
[2022-09-15T16:47:03.918+0000] {processor.py:161} INFO - Processing /home/airflow/.local/lib/python3.7/site-packages/airflow/example_dags/example_complex.py took 0.066 seconds
[2022-09-15T16:47:34.874+0000] {processor.py:153} INFO - Started process (PID=577) to work on /home/airflow/.local/lib/python3.7/site-packages/airflow/example_dags/example_complex.py
[2022-09-15T16:47:34.876+0000] {processor.py:640} INFO - Processing file /home/airflow/.local/lib/python3.7/site-packages/airflow/example_dags/example_complex.py for tasks to queue
[2022-09-15T16:47:34.877+0000] {logging_mixin.py:115} INFO - [2022-09-15T16:47:34.877+0000] {dagbag.py:508} INFO - Filling up the DagBag from /home/airflow/.local/lib/python3.7/site-packages/airflow/example_dags/example_complex.py
[2022-09-15T16:47:34.886+0000] {processor.py:650} INFO - DAG(s) dict_keys(['example_complex']) retrieved from /home/airflow/.local/lib/python3.7/site-packages/airflow/example_dags/example_complex.py
[2022-09-15T16:47:34.909+0000] {logging_mixin.py:115} INFO - [2022-09-15T16:47:34.909+0000] {dag.py:2429} INFO - Sync 1 DAGs
[2022-09-15T16:47:34.925+0000] {logging_mixin.py:115} INFO - [2022-09-15T16:47:34.925+0000] {dag.py:2981} INFO - Setting next_dagrun for example_complex to None, run_after=None
[2022-09-15T16:47:34.933+0000] {processor.py:161} INFO - Processing /home/airflow/.local/lib/python3.7/site-packages/airflow/example_dags/example_complex.py took 0.061 seconds
[2022-09-15T16:48:05.596+0000] {processor.py:153} INFO - Started process (PID=645) to work on /home/airflow/.local/lib/python3.7/site-packages/airflow/example_dags/example_complex.py
[2022-09-15T16:48:05.598+0000] {processor.py:640} INFO - Processing file /home/airflow/.local/lib/python3.7/site-packages/airflow/example_dags/example_complex.py for tasks to queue
[2022-09-15T16:48:05.599+0000] {logging_mixin.py:115} INFO - [2022-09-15T16:48:05.599+0000] {dagbag.py:508} INFO - Filling up the DagBag from /home/airflow/.local/lib/python3.7/site-packages/airflow/example_dags/example_complex.py
[2022-09-15T16:48:05.607+0000] {processor.py:650} INFO - DAG(s) dict_keys(['example_complex']) retrieved from /home/airflow/.local/lib/python3.7/site-packages/airflow/example_dags/example_complex.py
[2022-09-15T16:48:05.628+0000] {logging_mixin.py:115} INFO - [2022-09-15T16:48:05.628+0000] {dag.py:2429} INFO - Sync 1 DAGs
[2022-09-15T16:48:05.642+0000] {logging_mixin.py:115} INFO - [2022-09-15T16:48:05.642+0000] {dag.py:2981} INFO - Setting next_dagrun for example_complex to None, run_after=None
[2022-09-15T16:48:05.651+0000] {processor.py:161} INFO - Processing /home/airflow/.local/lib/python3.7/site-packages/airflow/example_dags/example_complex.py took 0.057 seconds
[2022-09-15T16:48:35.682+0000] {processor.py:153} INFO - Started process (PID=710) to work on /home/airflow/.local/lib/python3.7/site-packages/airflow/example_dags/example_complex.py
[2022-09-15T16:48:35.684+0000] {processor.py:640} INFO - Processing file /home/airflow/.local/lib/python3.7/site-packages/airflow/example_dags/example_complex.py for tasks to queue
[2022-09-15T16:48:35.685+0000] {logging_mixin.py:115} INFO - [2022-09-15T16:48:35.685+0000] {dagbag.py:508} INFO - Filling up the DagBag from /home/airflow/.local/lib/python3.7/site-packages/airflow/example_dags/example_complex.py
[2022-09-15T16:48:35.693+0000] {processor.py:650} INFO - DAG(s) dict_keys(['example_complex']) retrieved from /home/airflow/.local/lib/python3.7/site-packages/airflow/example_dags/example_complex.py
[2022-09-15T16:48:35.716+0000] {logging_mixin.py:115} INFO - [2022-09-15T16:48:35.716+0000] {dag.py:2429} INFO - Sync 1 DAGs
[2022-09-15T16:48:35.730+0000] {logging_mixin.py:115} INFO - [2022-09-15T16:48:35.730+0000] {dag.py:2981} INFO - Setting next_dagrun for example_complex to None, run_after=None
[2022-09-15T16:48:35.740+0000] {processor.py:161} INFO - Processing /home/airflow/.local/lib/python3.7/site-packages/airflow/example_dags/example_complex.py took 0.060 seconds
[2022-09-15T16:49:05.781+0000] {processor.py:153} INFO - Started process (PID=776) to work on /home/airflow/.local/lib/python3.7/site-packages/airflow/example_dags/example_complex.py
[2022-09-15T16:49:05.783+0000] {processor.py:640} INFO - Processing file /home/airflow/.local/lib/python3.7/site-packages/airflow/example_dags/example_complex.py for tasks to queue
[2022-09-15T16:49:05.784+0000] {logging_mixin.py:115} INFO - [2022-09-15T16:49:05.784+0000] {dagbag.py:508} INFO - Filling up the DagBag from /home/airflow/.local/lib/python3.7/site-packages/airflow/example_dags/example_complex.py
[2022-09-15T16:49:05.793+0000] {processor.py:650} INFO - DAG(s) dict_keys(['example_complex']) retrieved from /home/airflow/.local/lib/python3.7/site-packages/airflow/example_dags/example_complex.py
[2022-09-15T16:49:05.814+0000] {logging_mixin.py:115} INFO - [2022-09-15T16:49:05.814+0000] {dag.py:2429} INFO - Sync 1 DAGs
[2022-09-15T16:49:05.828+0000] {logging_mixin.py:115} INFO - [2022-09-15T16:49:05.828+0000] {dag.py:2981} INFO - Setting next_dagrun for example_complex to None, run_after=None
[2022-09-15T16:49:05.840+0000] {processor.py:161} INFO - Processing /home/airflow/.local/lib/python3.7/site-packages/airflow/example_dags/example_complex.py took 0.061 seconds
[2022-09-15T16:49:36.917+0000] {processor.py:153} INFO - Started process (PID=831) to work on /home/airflow/.local/lib/python3.7/site-packages/airflow/example_dags/example_complex.py
[2022-09-15T16:49:36.918+0000] {processor.py:640} INFO - Processing file /home/airflow/.local/lib/python3.7/site-packages/airflow/example_dags/example_complex.py for tasks to queue
[2022-09-15T16:49:36.920+0000] {logging_mixin.py:115} INFO - [2022-09-15T16:49:36.920+0000] {dagbag.py:508} INFO - Filling up the DagBag from /home/airflow/.local/lib/python3.7/site-packages/airflow/example_dags/example_complex.py
[2022-09-15T16:49:36.929+0000] {processor.py:650} INFO - DAG(s) dict_keys(['example_complex']) retrieved from /home/airflow/.local/lib/python3.7/site-packages/airflow/example_dags/example_complex.py
[2022-09-15T16:49:36.952+0000] {logging_mixin.py:115} INFO - [2022-09-15T16:49:36.952+0000] {dag.py:2429} INFO - Sync 1 DAGs
[2022-09-15T16:49:36.967+0000] {logging_mixin.py:115} INFO - [2022-09-15T16:49:36.967+0000] {dag.py:2981} INFO - Setting next_dagrun for example_complex to None, run_after=None
[2022-09-15T16:49:36.978+0000] {processor.py:161} INFO - Processing /home/airflow/.local/lib/python3.7/site-packages/airflow/example_dags/example_complex.py took 0.064 seconds
[2022-09-15T16:50:07.126+0000] {processor.py:153} INFO - Started process (PID=900) to work on /home/airflow/.local/lib/python3.7/site-packages/airflow/example_dags/example_complex.py
[2022-09-15T16:50:07.127+0000] {processor.py:640} INFO - Processing file /home/airflow/.local/lib/python3.7/site-packages/airflow/example_dags/example_complex.py for tasks to queue
[2022-09-15T16:50:07.129+0000] {logging_mixin.py:115} INFO - [2022-09-15T16:50:07.129+0000] {dagbag.py:508} INFO - Filling up the DagBag from /home/airflow/.local/lib/python3.7/site-packages/airflow/example_dags/example_complex.py
[2022-09-15T16:50:07.137+0000] {processor.py:650} INFO - DAG(s) dict_keys(['example_complex']) retrieved from /home/airflow/.local/lib/python3.7/site-packages/airflow/example_dags/example_complex.py
[2022-09-15T16:50:07.161+0000] {logging_mixin.py:115} INFO - [2022-09-15T16:50:07.161+0000] {dag.py:2429} INFO - Sync 1 DAGs
[2022-09-15T16:50:07.178+0000] {logging_mixin.py:115} INFO - [2022-09-15T16:50:07.178+0000] {dag.py:2981} INFO - Setting next_dagrun for example_complex to None, run_after=None
[2022-09-15T16:50:07.188+0000] {processor.py:161} INFO - Processing /home/airflow/.local/lib/python3.7/site-packages/airflow/example_dags/example_complex.py took 0.064 seconds
[2022-09-15T16:50:38.153+0000] {processor.py:153} INFO - Started process (PID=969) to work on /home/airflow/.local/lib/python3.7/site-packages/airflow/example_dags/example_complex.py
[2022-09-15T16:50:38.155+0000] {processor.py:640} INFO - Processing file /home/airflow/.local/lib/python3.7/site-packages/airflow/example_dags/example_complex.py for tasks to queue
[2022-09-15T16:50:38.156+0000] {logging_mixin.py:115} INFO - [2022-09-15T16:50:38.156+0000] {dagbag.py:508} INFO - Filling up the DagBag from /home/airflow/.local/lib/python3.7/site-packages/airflow/example_dags/example_complex.py
[2022-09-15T16:50:38.164+0000] {processor.py:650} INFO - DAG(s) dict_keys(['example_complex']) retrieved from /home/airflow/.local/lib/python3.7/site-packages/airflow/example_dags/example_complex.py
[2022-09-15T16:50:38.185+0000] {logging_mixin.py:115} INFO - [2022-09-15T16:50:38.185+0000] {dag.py:2429} INFO - Sync 1 DAGs
[2022-09-15T16:50:38.197+0000] {logging_mixin.py:115} INFO - [2022-09-15T16:50:38.197+0000] {dag.py:2981} INFO - Setting next_dagrun for example_complex to None, run_after=None
[2022-09-15T16:50:38.207+0000] {processor.py:161} INFO - Processing /home/airflow/.local/lib/python3.7/site-packages/airflow/example_dags/example_complex.py took 0.057 seconds
[2022-09-15T16:51:08.980+0000] {processor.py:153} INFO - Started process (PID=1035) to work on /home/airflow/.local/lib/python3.7/site-packages/airflow/example_dags/example_complex.py
[2022-09-15T16:51:08.981+0000] {processor.py:640} INFO - Processing file /home/airflow/.local/lib/python3.7/site-packages/airflow/example_dags/example_complex.py for tasks to queue
[2022-09-15T16:51:08.982+0000] {logging_mixin.py:115} INFO - [2022-09-15T16:51:08.982+0000] {dagbag.py:508} INFO - Filling up the DagBag from /home/airflow/.local/lib/python3.7/site-packages/airflow/example_dags/example_complex.py
[2022-09-15T16:51:08.992+0000] {processor.py:650} INFO - DAG(s) dict_keys(['example_complex']) retrieved from /home/airflow/.local/lib/python3.7/site-packages/airflow/example_dags/example_complex.py
[2022-09-15T16:51:09.012+0000] {logging_mixin.py:115} INFO - [2022-09-15T16:51:09.012+0000] {dag.py:2429} INFO - Sync 1 DAGs
[2022-09-15T16:51:09.024+0000] {logging_mixin.py:115} INFO - [2022-09-15T16:51:09.024+0000] {dag.py:2981} INFO - Setting next_dagrun for example_complex to None, run_after=None
[2022-09-15T16:51:09.032+0000] {processor.py:161} INFO - Processing /home/airflow/.local/lib/python3.7/site-packages/airflow/example_dags/example_complex.py took 0.055 seconds
[2022-09-15T16:51:40.060+0000] {processor.py:153} INFO - Started process (PID=1105) to work on /home/airflow/.local/lib/python3.7/site-packages/airflow/example_dags/example_complex.py
[2022-09-15T16:51:40.062+0000] {processor.py:640} INFO - Processing file /home/airflow/.local/lib/python3.7/site-packages/airflow/example_dags/example_complex.py for tasks to queue
[2022-09-15T16:51:40.063+0000] {logging_mixin.py:115} INFO - [2022-09-15T16:51:40.063+0000] {dagbag.py:508} INFO - Filling up the DagBag from /home/airflow/.local/lib/python3.7/site-packages/airflow/example_dags/example_complex.py
[2022-09-15T16:51:40.071+0000] {processor.py:650} INFO - DAG(s) dict_keys(['example_complex']) retrieved from /home/airflow/.local/lib/python3.7/site-packages/airflow/example_dags/example_complex.py
[2022-09-15T16:51:40.092+0000] {logging_mixin.py:115} INFO - [2022-09-15T16:51:40.092+0000] {dag.py:2429} INFO - Sync 1 DAGs
[2022-09-15T16:51:40.105+0000] {logging_mixin.py:115} INFO - [2022-09-15T16:51:40.105+0000] {dag.py:2981} INFO - Setting next_dagrun for example_complex to None, run_after=None
[2022-09-15T16:51:40.113+0000] {processor.py:161} INFO - Processing /home/airflow/.local/lib/python3.7/site-packages/airflow/example_dags/example_complex.py took 0.056 seconds
[2022-09-15T16:52:10.971+0000] {processor.py:153} INFO - Started process (PID=1170) to work on /home/airflow/.local/lib/python3.7/site-packages/airflow/example_dags/example_complex.py
[2022-09-15T16:52:10.973+0000] {processor.py:640} INFO - Processing file /home/airflow/.local/lib/python3.7/site-packages/airflow/example_dags/example_complex.py for tasks to queue
[2022-09-15T16:52:10.975+0000] {logging_mixin.py:115} INFO - [2022-09-15T16:52:10.974+0000] {dagbag.py:508} INFO - Filling up the DagBag from /home/airflow/.local/lib/python3.7/site-packages/airflow/example_dags/example_complex.py
[2022-09-15T16:52:10.984+0000] {processor.py:650} INFO - DAG(s) dict_keys(['example_complex']) retrieved from /home/airflow/.local/lib/python3.7/site-packages/airflow/example_dags/example_complex.py
[2022-09-15T16:52:11.011+0000] {logging_mixin.py:115} INFO - [2022-09-15T16:52:11.010+0000] {dag.py:2429} INFO - Sync 1 DAGs
[2022-09-15T16:52:11.029+0000] {logging_mixin.py:115} INFO - [2022-09-15T16:52:11.029+0000] {dag.py:2981} INFO - Setting next_dagrun for example_complex to None, run_after=None
[2022-09-15T16:52:11.043+0000] {processor.py:161} INFO - Processing /home/airflow/.local/lib/python3.7/site-packages/airflow/example_dags/example_complex.py took 0.075 seconds
[2022-09-15T16:52:41.948+0000] {processor.py:153} INFO - Started process (PID=1226) to work on /home/airflow/.local/lib/python3.7/site-packages/airflow/example_dags/example_complex.py
[2022-09-15T16:52:41.951+0000] {processor.py:640} INFO - Processing file /home/airflow/.local/lib/python3.7/site-packages/airflow/example_dags/example_complex.py for tasks to queue
[2022-09-15T16:52:41.954+0000] {logging_mixin.py:115} INFO - [2022-09-15T16:52:41.954+0000] {dagbag.py:508} INFO - Filling up the DagBag from /home/airflow/.local/lib/python3.7/site-packages/airflow/example_dags/example_complex.py
[2022-09-15T16:52:41.964+0000] {processor.py:650} INFO - DAG(s) dict_keys(['example_complex']) retrieved from /home/airflow/.local/lib/python3.7/site-packages/airflow/example_dags/example_complex.py
[2022-09-15T16:52:41.992+0000] {logging_mixin.py:115} INFO - [2022-09-15T16:52:41.992+0000] {dag.py:2429} INFO - Sync 1 DAGs
[2022-09-15T16:52:42.007+0000] {logging_mixin.py:115} INFO - [2022-09-15T16:52:42.007+0000] {dag.py:2981} INFO - Setting next_dagrun for example_complex to None, run_after=None
[2022-09-15T16:52:42.019+0000] {processor.py:161} INFO - Processing /home/airflow/.local/lib/python3.7/site-packages/airflow/example_dags/example_complex.py took 0.074 seconds
[2022-09-15T16:53:12.093+0000] {processor.py:153} INFO - Started process (PID=1294) to work on /home/airflow/.local/lib/python3.7/site-packages/airflow/example_dags/example_complex.py
[2022-09-15T16:53:12.095+0000] {processor.py:640} INFO - Processing file /home/airflow/.local/lib/python3.7/site-packages/airflow/example_dags/example_complex.py for tasks to queue
[2022-09-15T16:53:12.096+0000] {logging_mixin.py:115} INFO - [2022-09-15T16:53:12.096+0000] {dagbag.py:508} INFO - Filling up the DagBag from /home/airflow/.local/lib/python3.7/site-packages/airflow/example_dags/example_complex.py
[2022-09-15T16:53:12.106+0000] {processor.py:650} INFO - DAG(s) dict_keys(['example_complex']) retrieved from /home/airflow/.local/lib/python3.7/site-packages/airflow/example_dags/example_complex.py
[2022-09-15T16:53:12.131+0000] {logging_mixin.py:115} INFO - [2022-09-15T16:53:12.131+0000] {dag.py:2429} INFO - Sync 1 DAGs
[2022-09-15T16:53:12.146+0000] {logging_mixin.py:115} INFO - [2022-09-15T16:53:12.145+0000] {dag.py:2981} INFO - Setting next_dagrun for example_complex to None, run_after=None
[2022-09-15T16:53:12.156+0000] {processor.py:161} INFO - Processing /home/airflow/.local/lib/python3.7/site-packages/airflow/example_dags/example_complex.py took 0.066 seconds
[2022-09-15T16:53:42.464+0000] {processor.py:153} INFO - Started process (PID=1362) to work on /home/airflow/.local/lib/python3.7/site-packages/airflow/example_dags/example_complex.py
[2022-09-15T16:53:42.466+0000] {processor.py:640} INFO - Processing file /home/airflow/.local/lib/python3.7/site-packages/airflow/example_dags/example_complex.py for tasks to queue
[2022-09-15T16:53:42.467+0000] {logging_mixin.py:115} INFO - [2022-09-15T16:53:42.467+0000] {dagbag.py:508} INFO - Filling up the DagBag from /home/airflow/.local/lib/python3.7/site-packages/airflow/example_dags/example_complex.py
[2022-09-15T16:53:42.475+0000] {processor.py:650} INFO - DAG(s) dict_keys(['example_complex']) retrieved from /home/airflow/.local/lib/python3.7/site-packages/airflow/example_dags/example_complex.py
[2022-09-15T16:53:42.496+0000] {logging_mixin.py:115} INFO - [2022-09-15T16:53:42.496+0000] {dag.py:2429} INFO - Sync 1 DAGs
[2022-09-15T16:53:42.510+0000] {logging_mixin.py:115} INFO - [2022-09-15T16:53:42.510+0000] {dag.py:2981} INFO - Setting next_dagrun for example_complex to None, run_after=None
[2022-09-15T16:53:42.520+0000] {processor.py:161} INFO - Processing /home/airflow/.local/lib/python3.7/site-packages/airflow/example_dags/example_complex.py took 0.058 seconds
[2022-09-15T16:54:13.367+0000] {processor.py:153} INFO - Started process (PID=1431) to work on /home/airflow/.local/lib/python3.7/site-packages/airflow/example_dags/example_complex.py
[2022-09-15T16:54:13.369+0000] {processor.py:640} INFO - Processing file /home/airflow/.local/lib/python3.7/site-packages/airflow/example_dags/example_complex.py for tasks to queue
[2022-09-15T16:54:13.370+0000] {logging_mixin.py:115} INFO - [2022-09-15T16:54:13.370+0000] {dagbag.py:508} INFO - Filling up the DagBag from /home/airflow/.local/lib/python3.7/site-packages/airflow/example_dags/example_complex.py
[2022-09-15T16:54:13.378+0000] {processor.py:650} INFO - DAG(s) dict_keys(['example_complex']) retrieved from /home/airflow/.local/lib/python3.7/site-packages/airflow/example_dags/example_complex.py
[2022-09-15T16:54:13.399+0000] {logging_mixin.py:115} INFO - [2022-09-15T16:54:13.399+0000] {dag.py:2429} INFO - Sync 1 DAGs
[2022-09-15T16:54:13.412+0000] {logging_mixin.py:115} INFO - [2022-09-15T16:54:13.411+0000] {dag.py:2981} INFO - Setting next_dagrun for example_complex to None, run_after=None
[2022-09-15T16:54:13.420+0000] {processor.py:161} INFO - Processing /home/airflow/.local/lib/python3.7/site-packages/airflow/example_dags/example_complex.py took 0.055 seconds
[2022-09-15T16:54:44.430+0000] {processor.py:153} INFO - Started process (PID=1496) to work on /home/airflow/.local/lib/python3.7/site-packages/airflow/example_dags/example_complex.py
[2022-09-15T16:54:44.433+0000] {processor.py:640} INFO - Processing file /home/airflow/.local/lib/python3.7/site-packages/airflow/example_dags/example_complex.py for tasks to queue
[2022-09-15T16:54:44.434+0000] {logging_mixin.py:115} INFO - [2022-09-15T16:54:44.434+0000] {dagbag.py:508} INFO - Filling up the DagBag from /home/airflow/.local/lib/python3.7/site-packages/airflow/example_dags/example_complex.py
[2022-09-15T16:54:44.443+0000] {processor.py:650} INFO - DAG(s) dict_keys(['example_complex']) retrieved from /home/airflow/.local/lib/python3.7/site-packages/airflow/example_dags/example_complex.py
[2022-09-15T16:54:44.465+0000] {logging_mixin.py:115} INFO - [2022-09-15T16:54:44.464+0000] {dag.py:2429} INFO - Sync 1 DAGs
[2022-09-15T16:54:44.480+0000] {logging_mixin.py:115} INFO - [2022-09-15T16:54:44.480+0000] {dag.py:2981} INFO - Setting next_dagrun for example_complex to None, run_after=None
[2022-09-15T16:54:44.491+0000] {processor.py:161} INFO - Processing /home/airflow/.local/lib/python3.7/site-packages/airflow/example_dags/example_complex.py took 0.063 seconds
[2022-09-15T16:55:14.709+0000] {processor.py:153} INFO - Started process (PID=1554) to work on /home/airflow/.local/lib/python3.7/site-packages/airflow/example_dags/example_complex.py
[2022-09-15T16:55:14.711+0000] {processor.py:640} INFO - Processing file /home/airflow/.local/lib/python3.7/site-packages/airflow/example_dags/example_complex.py for tasks to queue
[2022-09-15T16:55:14.712+0000] {logging_mixin.py:115} INFO - [2022-09-15T16:55:14.712+0000] {dagbag.py:508} INFO - Filling up the DagBag from /home/airflow/.local/lib/python3.7/site-packages/airflow/example_dags/example_complex.py
[2022-09-15T16:55:14.721+0000] {processor.py:650} INFO - DAG(s) dict_keys(['example_complex']) retrieved from /home/airflow/.local/lib/python3.7/site-packages/airflow/example_dags/example_complex.py
[2022-09-15T16:55:14.743+0000] {logging_mixin.py:115} INFO - [2022-09-15T16:55:14.743+0000] {dag.py:2429} INFO - Sync 1 DAGs
[2022-09-15T16:55:14.758+0000] {logging_mixin.py:115} INFO - [2022-09-15T16:55:14.758+0000] {dag.py:2981} INFO - Setting next_dagrun for example_complex to None, run_after=None
[2022-09-15T16:55:14.767+0000] {processor.py:161} INFO - Processing /home/airflow/.local/lib/python3.7/site-packages/airflow/example_dags/example_complex.py took 0.060 seconds
[2022-09-15T16:55:45.788+0000] {processor.py:153} INFO - Started process (PID=1624) to work on /home/airflow/.local/lib/python3.7/site-packages/airflow/example_dags/example_complex.py
[2022-09-15T16:55:45.790+0000] {processor.py:640} INFO - Processing file /home/airflow/.local/lib/python3.7/site-packages/airflow/example_dags/example_complex.py for tasks to queue
[2022-09-15T16:55:45.792+0000] {logging_mixin.py:115} INFO - [2022-09-15T16:55:45.792+0000] {dagbag.py:508} INFO - Filling up the DagBag from /home/airflow/.local/lib/python3.7/site-packages/airflow/example_dags/example_complex.py
[2022-09-15T16:55:45.800+0000] {processor.py:650} INFO - DAG(s) dict_keys(['example_complex']) retrieved from /home/airflow/.local/lib/python3.7/site-packages/airflow/example_dags/example_complex.py
[2022-09-15T16:55:45.823+0000] {logging_mixin.py:115} INFO - [2022-09-15T16:55:45.823+0000] {dag.py:2429} INFO - Sync 1 DAGs
[2022-09-15T16:55:45.837+0000] {logging_mixin.py:115} INFO - [2022-09-15T16:55:45.837+0000] {dag.py:2981} INFO - Setting next_dagrun for example_complex to None, run_after=None
[2022-09-15T16:55:45.845+0000] {processor.py:161} INFO - Processing /home/airflow/.local/lib/python3.7/site-packages/airflow/example_dags/example_complex.py took 0.060 seconds
[2022-09-15T16:56:15.895+0000] {processor.py:153} INFO - Started process (PID=1690) to work on /home/airflow/.local/lib/python3.7/site-packages/airflow/example_dags/example_complex.py
[2022-09-15T16:56:15.897+0000] {processor.py:640} INFO - Processing file /home/airflow/.local/lib/python3.7/site-packages/airflow/example_dags/example_complex.py for tasks to queue
[2022-09-15T16:56:15.901+0000] {logging_mixin.py:115} INFO - [2022-09-15T16:56:15.901+0000] {dagbag.py:508} INFO - Filling up the DagBag from /home/airflow/.local/lib/python3.7/site-packages/airflow/example_dags/example_complex.py
[2022-09-15T16:56:15.911+0000] {processor.py:650} INFO - DAG(s) dict_keys(['example_complex']) retrieved from /home/airflow/.local/lib/python3.7/site-packages/airflow/example_dags/example_complex.py
[2022-09-15T16:56:15.934+0000] {logging_mixin.py:115} INFO - [2022-09-15T16:56:15.934+0000] {dag.py:2429} INFO - Sync 1 DAGs
[2022-09-15T16:56:15.949+0000] {logging_mixin.py:115} INFO - [2022-09-15T16:56:15.949+0000] {dag.py:2981} INFO - Setting next_dagrun for example_complex to None, run_after=None
[2022-09-15T16:56:15.960+0000] {processor.py:161} INFO - Processing /home/airflow/.local/lib/python3.7/site-packages/airflow/example_dags/example_complex.py took 0.067 seconds
[2022-09-15T16:56:46.837+0000] {processor.py:153} INFO - Started process (PID=1761) to work on /home/airflow/.local/lib/python3.7/site-packages/airflow/example_dags/example_complex.py
[2022-09-15T16:56:46.838+0000] {processor.py:640} INFO - Processing file /home/airflow/.local/lib/python3.7/site-packages/airflow/example_dags/example_complex.py for tasks to queue
[2022-09-15T16:56:46.839+0000] {logging_mixin.py:115} INFO - [2022-09-15T16:56:46.839+0000] {dagbag.py:508} INFO - Filling up the DagBag from /home/airflow/.local/lib/python3.7/site-packages/airflow/example_dags/example_complex.py
[2022-09-15T16:56:46.847+0000] {processor.py:650} INFO - DAG(s) dict_keys(['example_complex']) retrieved from /home/airflow/.local/lib/python3.7/site-packages/airflow/example_dags/example_complex.py
[2022-09-15T16:56:46.869+0000] {logging_mixin.py:115} INFO - [2022-09-15T16:56:46.869+0000] {dag.py:2429} INFO - Sync 1 DAGs
[2022-09-15T16:56:46.884+0000] {logging_mixin.py:115} INFO - [2022-09-15T16:56:46.884+0000] {dag.py:2981} INFO - Setting next_dagrun for example_complex to None, run_after=None
[2022-09-15T16:56:46.895+0000] {processor.py:161} INFO - Processing /home/airflow/.local/lib/python3.7/site-packages/airflow/example_dags/example_complex.py took 0.060 seconds
[2022-09-15T16:57:17.038+0000] {processor.py:153} INFO - Started process (PID=1826) to work on /home/airflow/.local/lib/python3.7/site-packages/airflow/example_dags/example_complex.py
[2022-09-15T16:57:17.040+0000] {processor.py:640} INFO - Processing file /home/airflow/.local/lib/python3.7/site-packages/airflow/example_dags/example_complex.py for tasks to queue
[2022-09-15T16:57:17.045+0000] {logging_mixin.py:115} INFO - [2022-09-15T16:57:17.045+0000] {dagbag.py:508} INFO - Filling up the DagBag from /home/airflow/.local/lib/python3.7/site-packages/airflow/example_dags/example_complex.py
[2022-09-15T16:57:17.054+0000] {processor.py:650} INFO - DAG(s) dict_keys(['example_complex']) retrieved from /home/airflow/.local/lib/python3.7/site-packages/airflow/example_dags/example_complex.py
[2022-09-15T16:57:17.081+0000] {logging_mixin.py:115} INFO - [2022-09-15T16:57:17.081+0000] {dag.py:2429} INFO - Sync 1 DAGs
[2022-09-15T16:57:17.095+0000] {logging_mixin.py:115} INFO - [2022-09-15T16:57:17.095+0000] {dag.py:2981} INFO - Setting next_dagrun for example_complex to None, run_after=None
[2022-09-15T16:57:17.106+0000] {processor.py:161} INFO - Processing /home/airflow/.local/lib/python3.7/site-packages/airflow/example_dags/example_complex.py took 0.070 seconds
[2022-09-15T16:57:47.325+0000] {processor.py:153} INFO - Started process (PID=1881) to work on /home/airflow/.local/lib/python3.7/site-packages/airflow/example_dags/example_complex.py
[2022-09-15T16:57:47.331+0000] {processor.py:640} INFO - Processing file /home/airflow/.local/lib/python3.7/site-packages/airflow/example_dags/example_complex.py for tasks to queue
[2022-09-15T16:57:47.334+0000] {logging_mixin.py:115} INFO - [2022-09-15T16:57:47.333+0000] {dagbag.py:508} INFO - Filling up the DagBag from /home/airflow/.local/lib/python3.7/site-packages/airflow/example_dags/example_complex.py
[2022-09-15T16:57:47.347+0000] {processor.py:650} INFO - DAG(s) dict_keys(['example_complex']) retrieved from /home/airflow/.local/lib/python3.7/site-packages/airflow/example_dags/example_complex.py
[2022-09-15T16:57:47.373+0000] {logging_mixin.py:115} INFO - [2022-09-15T16:57:47.373+0000] {dag.py:2429} INFO - Sync 1 DAGs
[2022-09-15T16:57:47.395+0000] {logging_mixin.py:115} INFO - [2022-09-15T16:57:47.395+0000] {dag.py:2981} INFO - Setting next_dagrun for example_complex to None, run_after=None
[2022-09-15T16:57:47.404+0000] {processor.py:161} INFO - Processing /home/airflow/.local/lib/python3.7/site-packages/airflow/example_dags/example_complex.py took 0.083 seconds
[2022-09-15T16:58:18.262+0000] {processor.py:153} INFO - Started process (PID=1953) to work on /home/airflow/.local/lib/python3.7/site-packages/airflow/example_dags/example_complex.py
[2022-09-15T16:58:18.264+0000] {processor.py:640} INFO - Processing file /home/airflow/.local/lib/python3.7/site-packages/airflow/example_dags/example_complex.py for tasks to queue
[2022-09-15T16:58:18.265+0000] {logging_mixin.py:115} INFO - [2022-09-15T16:58:18.265+0000] {dagbag.py:508} INFO - Filling up the DagBag from /home/airflow/.local/lib/python3.7/site-packages/airflow/example_dags/example_complex.py
[2022-09-15T16:58:18.274+0000] {processor.py:650} INFO - DAG(s) dict_keys(['example_complex']) retrieved from /home/airflow/.local/lib/python3.7/site-packages/airflow/example_dags/example_complex.py
[2022-09-15T16:58:18.292+0000] {logging_mixin.py:115} INFO - [2022-09-15T16:58:18.292+0000] {dag.py:2429} INFO - Sync 1 DAGs
[2022-09-15T16:58:18.305+0000] {logging_mixin.py:115} INFO - [2022-09-15T16:58:18.305+0000] {dag.py:2981} INFO - Setting next_dagrun for example_complex to None, run_after=None
[2022-09-15T16:58:18.314+0000] {processor.py:161} INFO - Processing /home/airflow/.local/lib/python3.7/site-packages/airflow/example_dags/example_complex.py took 0.054 seconds
[2022-09-15T16:58:49.384+0000] {processor.py:153} INFO - Started process (PID=2019) to work on /home/airflow/.local/lib/python3.7/site-packages/airflow/example_dags/example_complex.py
[2022-09-15T16:58:49.386+0000] {processor.py:640} INFO - Processing file /home/airflow/.local/lib/python3.7/site-packages/airflow/example_dags/example_complex.py for tasks to queue
[2022-09-15T16:58:49.387+0000] {logging_mixin.py:115} INFO - [2022-09-15T16:58:49.387+0000] {dagbag.py:508} INFO - Filling up the DagBag from /home/airflow/.local/lib/python3.7/site-packages/airflow/example_dags/example_complex.py
[2022-09-15T16:58:49.395+0000] {processor.py:650} INFO - DAG(s) dict_keys(['example_complex']) retrieved from /home/airflow/.local/lib/python3.7/site-packages/airflow/example_dags/example_complex.py
[2022-09-15T16:58:49.418+0000] {logging_mixin.py:115} INFO - [2022-09-15T16:58:49.418+0000] {dag.py:2429} INFO - Sync 1 DAGs
[2022-09-15T16:58:49.433+0000] {logging_mixin.py:115} INFO - [2022-09-15T16:58:49.433+0000] {dag.py:2981} INFO - Setting next_dagrun for example_complex to None, run_after=None
[2022-09-15T16:58:49.442+0000] {processor.py:161} INFO - Processing /home/airflow/.local/lib/python3.7/site-packages/airflow/example_dags/example_complex.py took 0.060 seconds
[2022-09-15T16:59:19.524+0000] {processor.py:153} INFO - Started process (PID=2088) to work on /home/airflow/.local/lib/python3.7/site-packages/airflow/example_dags/example_complex.py
[2022-09-15T16:59:19.526+0000] {processor.py:640} INFO - Processing file /home/airflow/.local/lib/python3.7/site-packages/airflow/example_dags/example_complex.py for tasks to queue
[2022-09-15T16:59:19.527+0000] {logging_mixin.py:115} INFO - [2022-09-15T16:59:19.527+0000] {dagbag.py:508} INFO - Filling up the DagBag from /home/airflow/.local/lib/python3.7/site-packages/airflow/example_dags/example_complex.py
[2022-09-15T16:59:19.535+0000] {processor.py:650} INFO - DAG(s) dict_keys(['example_complex']) retrieved from /home/airflow/.local/lib/python3.7/site-packages/airflow/example_dags/example_complex.py
[2022-09-15T16:59:19.559+0000] {logging_mixin.py:115} INFO - [2022-09-15T16:59:19.559+0000] {dag.py:2429} INFO - Sync 1 DAGs
[2022-09-15T16:59:19.574+0000] {logging_mixin.py:115} INFO - [2022-09-15T16:59:19.574+0000] {dag.py:2981} INFO - Setting next_dagrun for example_complex to None, run_after=None
[2022-09-15T16:59:19.583+0000] {processor.py:161} INFO - Processing /home/airflow/.local/lib/python3.7/site-packages/airflow/example_dags/example_complex.py took 0.061 seconds
[2022-09-15T16:59:50.547+0000] {processor.py:153} INFO - Started process (PID=2155) to work on /home/airflow/.local/lib/python3.7/site-packages/airflow/example_dags/example_complex.py
[2022-09-15T16:59:50.549+0000] {processor.py:640} INFO - Processing file /home/airflow/.local/lib/python3.7/site-packages/airflow/example_dags/example_complex.py for tasks to queue
[2022-09-15T16:59:50.550+0000] {logging_mixin.py:115} INFO - [2022-09-15T16:59:50.550+0000] {dagbag.py:508} INFO - Filling up the DagBag from /home/airflow/.local/lib/python3.7/site-packages/airflow/example_dags/example_complex.py
[2022-09-15T16:59:50.559+0000] {processor.py:650} INFO - DAG(s) dict_keys(['example_complex']) retrieved from /home/airflow/.local/lib/python3.7/site-packages/airflow/example_dags/example_complex.py
[2022-09-15T16:59:50.581+0000] {logging_mixin.py:115} INFO - [2022-09-15T16:59:50.581+0000] {dag.py:2429} INFO - Sync 1 DAGs
[2022-09-15T16:59:50.601+0000] {logging_mixin.py:115} INFO - [2022-09-15T16:59:50.601+0000] {dag.py:2981} INFO - Setting next_dagrun for example_complex to None, run_after=None
[2022-09-15T16:59:50.613+0000] {processor.py:161} INFO - Processing /home/airflow/.local/lib/python3.7/site-packages/airflow/example_dags/example_complex.py took 0.068 seconds
[2022-09-15T17:00:21.587+0000] {processor.py:153} INFO - Started process (PID=2215) to work on /home/airflow/.local/lib/python3.7/site-packages/airflow/example_dags/example_complex.py
[2022-09-15T17:00:21.589+0000] {processor.py:640} INFO - Processing file /home/airflow/.local/lib/python3.7/site-packages/airflow/example_dags/example_complex.py for tasks to queue
[2022-09-15T17:00:21.591+0000] {logging_mixin.py:115} INFO - [2022-09-15T17:00:21.590+0000] {dagbag.py:508} INFO - Filling up the DagBag from /home/airflow/.local/lib/python3.7/site-packages/airflow/example_dags/example_complex.py
[2022-09-15T17:00:21.598+0000] {processor.py:650} INFO - DAG(s) dict_keys(['example_complex']) retrieved from /home/airflow/.local/lib/python3.7/site-packages/airflow/example_dags/example_complex.py
[2022-09-15T17:00:21.618+0000] {logging_mixin.py:115} INFO - [2022-09-15T17:00:21.618+0000] {dag.py:2429} INFO - Sync 1 DAGs
[2022-09-15T17:00:21.631+0000] {logging_mixin.py:115} INFO - [2022-09-15T17:00:21.631+0000] {dag.py:2981} INFO - Setting next_dagrun for example_complex to None, run_after=None
[2022-09-15T17:00:21.638+0000] {processor.py:161} INFO - Processing /home/airflow/.local/lib/python3.7/site-packages/airflow/example_dags/example_complex.py took 0.053 seconds
[2022-09-15T17:00:51.810+0000] {processor.py:153} INFO - Started process (PID=2287) to work on /home/airflow/.local/lib/python3.7/site-packages/airflow/example_dags/example_complex.py
[2022-09-15T17:00:51.812+0000] {processor.py:640} INFO - Processing file /home/airflow/.local/lib/python3.7/site-packages/airflow/example_dags/example_complex.py for tasks to queue
[2022-09-15T17:00:51.813+0000] {logging_mixin.py:115} INFO - [2022-09-15T17:00:51.813+0000] {dagbag.py:508} INFO - Filling up the DagBag from /home/airflow/.local/lib/python3.7/site-packages/airflow/example_dags/example_complex.py
[2022-09-15T17:00:51.822+0000] {processor.py:650} INFO - DAG(s) dict_keys(['example_complex']) retrieved from /home/airflow/.local/lib/python3.7/site-packages/airflow/example_dags/example_complex.py
[2022-09-15T17:00:51.851+0000] {logging_mixin.py:115} INFO - [2022-09-15T17:00:51.851+0000] {dag.py:2429} INFO - Sync 1 DAGs
[2022-09-15T17:00:51.866+0000] {logging_mixin.py:115} INFO - [2022-09-15T17:00:51.865+0000] {dag.py:2981} INFO - Setting next_dagrun for example_complex to None, run_after=None
[2022-09-15T17:00:51.874+0000] {processor.py:161} INFO - Processing /home/airflow/.local/lib/python3.7/site-packages/airflow/example_dags/example_complex.py took 0.066 seconds
[2022-09-15T17:01:21.948+0000] {processor.py:153} INFO - Started process (PID=2351) to work on /home/airflow/.local/lib/python3.7/site-packages/airflow/example_dags/example_complex.py
[2022-09-15T17:01:21.950+0000] {processor.py:640} INFO - Processing file /home/airflow/.local/lib/python3.7/site-packages/airflow/example_dags/example_complex.py for tasks to queue
[2022-09-15T17:01:21.951+0000] {logging_mixin.py:115} INFO - [2022-09-15T17:01:21.951+0000] {dagbag.py:508} INFO - Filling up the DagBag from /home/airflow/.local/lib/python3.7/site-packages/airflow/example_dags/example_complex.py
[2022-09-15T17:01:21.958+0000] {processor.py:650} INFO - DAG(s) dict_keys(['example_complex']) retrieved from /home/airflow/.local/lib/python3.7/site-packages/airflow/example_dags/example_complex.py
[2022-09-15T17:01:21.978+0000] {logging_mixin.py:115} INFO - [2022-09-15T17:01:21.978+0000] {dag.py:2429} INFO - Sync 1 DAGs
[2022-09-15T17:01:21.992+0000] {logging_mixin.py:115} INFO - [2022-09-15T17:01:21.992+0000] {dag.py:2981} INFO - Setting next_dagrun for example_complex to None, run_after=None
[2022-09-15T17:01:22.000+0000] {processor.py:161} INFO - Processing /home/airflow/.local/lib/python3.7/site-packages/airflow/example_dags/example_complex.py took 0.054 seconds
[2022-09-15T17:01:52.858+0000] {processor.py:153} INFO - Started process (PID=2420) to work on /home/airflow/.local/lib/python3.7/site-packages/airflow/example_dags/example_complex.py
[2022-09-15T17:01:52.860+0000] {processor.py:640} INFO - Processing file /home/airflow/.local/lib/python3.7/site-packages/airflow/example_dags/example_complex.py for tasks to queue
[2022-09-15T17:01:52.861+0000] {logging_mixin.py:115} INFO - [2022-09-15T17:01:52.861+0000] {dagbag.py:508} INFO - Filling up the DagBag from /home/airflow/.local/lib/python3.7/site-packages/airflow/example_dags/example_complex.py
[2022-09-15T17:01:52.868+0000] {processor.py:650} INFO - DAG(s) dict_keys(['example_complex']) retrieved from /home/airflow/.local/lib/python3.7/site-packages/airflow/example_dags/example_complex.py
[2022-09-15T17:01:52.890+0000] {logging_mixin.py:115} INFO - [2022-09-15T17:01:52.890+0000] {dag.py:2429} INFO - Sync 1 DAGs
[2022-09-15T17:01:52.905+0000] {logging_mixin.py:115} INFO - [2022-09-15T17:01:52.905+0000] {dag.py:2981} INFO - Setting next_dagrun for example_complex to None, run_after=None
[2022-09-15T17:01:52.913+0000] {processor.py:161} INFO - Processing /home/airflow/.local/lib/python3.7/site-packages/airflow/example_dags/example_complex.py took 0.057 seconds
[2022-09-15T17:02:23.173+0000] {processor.py:153} INFO - Started process (PID=2489) to work on /home/airflow/.local/lib/python3.7/site-packages/airflow/example_dags/example_complex.py
[2022-09-15T17:02:23.174+0000] {processor.py:640} INFO - Processing file /home/airflow/.local/lib/python3.7/site-packages/airflow/example_dags/example_complex.py for tasks to queue
[2022-09-15T17:02:23.176+0000] {logging_mixin.py:115} INFO - [2022-09-15T17:02:23.175+0000] {dagbag.py:508} INFO - Filling up the DagBag from /home/airflow/.local/lib/python3.7/site-packages/airflow/example_dags/example_complex.py
[2022-09-15T17:02:23.185+0000] {processor.py:650} INFO - DAG(s) dict_keys(['example_complex']) retrieved from /home/airflow/.local/lib/python3.7/site-packages/airflow/example_dags/example_complex.py
[2022-09-15T17:02:23.210+0000] {logging_mixin.py:115} INFO - [2022-09-15T17:02:23.209+0000] {dag.py:2429} INFO - Sync 1 DAGs
[2022-09-15T17:02:23.228+0000] {logging_mixin.py:115} INFO - [2022-09-15T17:02:23.228+0000] {dag.py:2981} INFO - Setting next_dagrun for example_complex to None, run_after=None
[2022-09-15T17:02:23.238+0000] {processor.py:161} INFO - Processing /home/airflow/.local/lib/python3.7/site-packages/airflow/example_dags/example_complex.py took 0.068 seconds
[2022-09-15T17:02:53.395+0000] {processor.py:153} INFO - Started process (PID=2547) to work on /home/airflow/.local/lib/python3.7/site-packages/airflow/example_dags/example_complex.py
[2022-09-15T17:02:53.402+0000] {processor.py:640} INFO - Processing file /home/airflow/.local/lib/python3.7/site-packages/airflow/example_dags/example_complex.py for tasks to queue
[2022-09-15T17:02:53.404+0000] {logging_mixin.py:115} INFO - [2022-09-15T17:02:53.404+0000] {dagbag.py:508} INFO - Filling up the DagBag from /home/airflow/.local/lib/python3.7/site-packages/airflow/example_dags/example_complex.py
[2022-09-15T17:02:53.414+0000] {processor.py:650} INFO - DAG(s) dict_keys(['example_complex']) retrieved from /home/airflow/.local/lib/python3.7/site-packages/airflow/example_dags/example_complex.py
[2022-09-15T17:02:53.447+0000] {logging_mixin.py:115} INFO - [2022-09-15T17:02:53.446+0000] {dag.py:2429} INFO - Sync 1 DAGs
[2022-09-15T17:02:53.463+0000] {logging_mixin.py:115} INFO - [2022-09-15T17:02:53.463+0000] {dag.py:2981} INFO - Setting next_dagrun for example_complex to None, run_after=None
[2022-09-15T17:02:53.473+0000] {processor.py:161} INFO - Processing /home/airflow/.local/lib/python3.7/site-packages/airflow/example_dags/example_complex.py took 0.081 seconds
[2022-09-15T17:03:23.548+0000] {processor.py:153} INFO - Started process (PID=2617) to work on /home/airflow/.local/lib/python3.7/site-packages/airflow/example_dags/example_complex.py
[2022-09-15T17:03:23.551+0000] {processor.py:640} INFO - Processing file /home/airflow/.local/lib/python3.7/site-packages/airflow/example_dags/example_complex.py for tasks to queue
[2022-09-15T17:03:23.552+0000] {logging_mixin.py:115} INFO - [2022-09-15T17:03:23.552+0000] {dagbag.py:508} INFO - Filling up the DagBag from /home/airflow/.local/lib/python3.7/site-packages/airflow/example_dags/example_complex.py
[2022-09-15T17:03:23.564+0000] {processor.py:650} INFO - DAG(s) dict_keys(['example_complex']) retrieved from /home/airflow/.local/lib/python3.7/site-packages/airflow/example_dags/example_complex.py
[2022-09-15T17:03:23.592+0000] {logging_mixin.py:115} INFO - [2022-09-15T17:03:23.592+0000] {dag.py:2429} INFO - Sync 1 DAGs
[2022-09-15T17:03:23.610+0000] {logging_mixin.py:115} INFO - [2022-09-15T17:03:23.609+0000] {dag.py:2981} INFO - Setting next_dagrun for example_complex to None, run_after=None
[2022-09-15T17:03:23.621+0000] {processor.py:161} INFO - Processing /home/airflow/.local/lib/python3.7/site-packages/airflow/example_dags/example_complex.py took 0.076 seconds
[2022-09-15T17:03:53.752+0000] {processor.py:153} INFO - Started process (PID=2685) to work on /home/airflow/.local/lib/python3.7/site-packages/airflow/example_dags/example_complex.py
[2022-09-15T17:03:53.753+0000] {processor.py:640} INFO - Processing file /home/airflow/.local/lib/python3.7/site-packages/airflow/example_dags/example_complex.py for tasks to queue
[2022-09-15T17:03:53.754+0000] {logging_mixin.py:115} INFO - [2022-09-15T17:03:53.754+0000] {dagbag.py:508} INFO - Filling up the DagBag from /home/airflow/.local/lib/python3.7/site-packages/airflow/example_dags/example_complex.py
[2022-09-15T17:03:53.762+0000] {processor.py:650} INFO - DAG(s) dict_keys(['example_complex']) retrieved from /home/airflow/.local/lib/python3.7/site-packages/airflow/example_dags/example_complex.py
[2022-09-15T17:03:53.784+0000] {logging_mixin.py:115} INFO - [2022-09-15T17:03:53.784+0000] {dag.py:2429} INFO - Sync 1 DAGs
[2022-09-15T17:03:53.799+0000] {logging_mixin.py:115} INFO - [2022-09-15T17:03:53.799+0000] {dag.py:2981} INFO - Setting next_dagrun for example_complex to None, run_after=None
[2022-09-15T17:03:53.808+0000] {processor.py:161} INFO - Processing /home/airflow/.local/lib/python3.7/site-packages/airflow/example_dags/example_complex.py took 0.058 seconds
[2022-09-15T17:04:23.994+0000] {processor.py:153} INFO - Started process (PID=2753) to work on /home/airflow/.local/lib/python3.7/site-packages/airflow/example_dags/example_complex.py
[2022-09-15T17:04:23.996+0000] {processor.py:640} INFO - Processing file /home/airflow/.local/lib/python3.7/site-packages/airflow/example_dags/example_complex.py for tasks to queue
[2022-09-15T17:04:23.997+0000] {logging_mixin.py:115} INFO - [2022-09-15T17:04:23.997+0000] {dagbag.py:508} INFO - Filling up the DagBag from /home/airflow/.local/lib/python3.7/site-packages/airflow/example_dags/example_complex.py
[2022-09-15T17:04:24.006+0000] {processor.py:650} INFO - DAG(s) dict_keys(['example_complex']) retrieved from /home/airflow/.local/lib/python3.7/site-packages/airflow/example_dags/example_complex.py
[2022-09-15T17:04:24.026+0000] {logging_mixin.py:115} INFO - [2022-09-15T17:04:24.026+0000] {dag.py:2429} INFO - Sync 1 DAGs
[2022-09-15T17:04:24.042+0000] {logging_mixin.py:115} INFO - [2022-09-15T17:04:24.042+0000] {dag.py:2981} INFO - Setting next_dagrun for example_complex to None, run_after=None
[2022-09-15T17:04:24.051+0000] {processor.py:161} INFO - Processing /home/airflow/.local/lib/python3.7/site-packages/airflow/example_dags/example_complex.py took 0.059 seconds
[2022-09-15T17:04:55.079+0000] {processor.py:153} INFO - Started process (PID=2809) to work on /home/airflow/.local/lib/python3.7/site-packages/airflow/example_dags/example_complex.py
[2022-09-15T17:04:55.080+0000] {processor.py:640} INFO - Processing file /home/airflow/.local/lib/python3.7/site-packages/airflow/example_dags/example_complex.py for tasks to queue
[2022-09-15T17:04:55.081+0000] {logging_mixin.py:115} INFO - [2022-09-15T17:04:55.081+0000] {dagbag.py:508} INFO - Filling up the DagBag from /home/airflow/.local/lib/python3.7/site-packages/airflow/example_dags/example_complex.py
[2022-09-15T17:04:55.090+0000] {processor.py:650} INFO - DAG(s) dict_keys(['example_complex']) retrieved from /home/airflow/.local/lib/python3.7/site-packages/airflow/example_dags/example_complex.py
[2022-09-15T17:04:55.114+0000] {logging_mixin.py:115} INFO - [2022-09-15T17:04:55.113+0000] {dag.py:2429} INFO - Sync 1 DAGs
[2022-09-15T17:04:55.130+0000] {logging_mixin.py:115} INFO - [2022-09-15T17:04:55.130+0000] {dag.py:2981} INFO - Setting next_dagrun for example_complex to None, run_after=None
[2022-09-15T17:04:55.140+0000] {processor.py:161} INFO - Processing /home/airflow/.local/lib/python3.7/site-packages/airflow/example_dags/example_complex.py took 0.064 seconds
