[2022-09-15T16:43:33.879+0000] {processor.py:153} INFO - Started process (PID=77) to work on /home/airflow/.local/lib/python3.7/site-packages/airflow/example_dags/example_python_operator.py
[2022-09-15T16:43:33.881+0000] {processor.py:640} INFO - Processing file /home/airflow/.local/lib/python3.7/site-packages/airflow/example_dags/example_python_operator.py for tasks to queue
[2022-09-15T16:43:33.883+0000] {logging_mixin.py:115} INFO - [2022-09-15T16:43:33.882+0000] {dagbag.py:508} INFO - Filling up the DagBag from /home/airflow/.local/lib/python3.7/site-packages/airflow/example_dags/example_python_operator.py
[2022-09-15T16:43:33.902+0000] {processor.py:650} INFO - DAG(s) dict_keys(['example_python_operator']) retrieved from /home/airflow/.local/lib/python3.7/site-packages/airflow/example_dags/example_python_operator.py
[2022-09-15T16:43:34.009+0000] {logging_mixin.py:115} INFO - [2022-09-15T16:43:34.008+0000] {manager.py:508} INFO - Created Permission View: can delete on DAG:example_python_operator
[2022-09-15T16:43:34.080+0000] {logging_mixin.py:115} INFO - [2022-09-15T16:43:34.080+0000] {manager.py:508} INFO - Created Permission View: can read on DAG:example_python_operator
[2022-09-15T16:43:34.100+0000] {logging_mixin.py:115} INFO - [2022-09-15T16:43:34.099+0000] {manager.py:508} INFO - Created Permission View: can edit on DAG:example_python_operator
[2022-09-15T16:43:34.109+0000] {logging_mixin.py:115} INFO - [2022-09-15T16:43:34.109+0000] {dag.py:2429} INFO - Sync 1 DAGs
[2022-09-15T16:43:34.131+0000] {logging_mixin.py:115} INFO - [2022-09-15T16:43:34.131+0000] {dag.py:2448} INFO - Creating ORM DAG for example_python_operator
[2022-09-15T16:43:34.148+0000] {logging_mixin.py:115} INFO - [2022-09-15T16:43:34.148+0000] {dag.py:2981} INFO - Setting next_dagrun for example_python_operator to None, run_after=None
[2022-09-15T16:43:34.163+0000] {processor.py:161} INFO - Processing /home/airflow/.local/lib/python3.7/site-packages/airflow/example_dags/example_python_operator.py took 0.288 seconds
[2022-09-15T16:44:05.161+0000] {processor.py:153} INFO - Started process (PID=144) to work on /home/airflow/.local/lib/python3.7/site-packages/airflow/example_dags/example_python_operator.py
[2022-09-15T16:44:05.163+0000] {processor.py:640} INFO - Processing file /home/airflow/.local/lib/python3.7/site-packages/airflow/example_dags/example_python_operator.py for tasks to queue
[2022-09-15T16:44:05.164+0000] {logging_mixin.py:115} INFO - [2022-09-15T16:44:05.164+0000] {dagbag.py:508} INFO - Filling up the DagBag from /home/airflow/.local/lib/python3.7/site-packages/airflow/example_dags/example_python_operator.py
[2022-09-15T16:44:05.176+0000] {processor.py:650} INFO - DAG(s) dict_keys(['example_python_operator']) retrieved from /home/airflow/.local/lib/python3.7/site-packages/airflow/example_dags/example_python_operator.py
[2022-09-15T16:44:05.196+0000] {logging_mixin.py:115} INFO - [2022-09-15T16:44:05.196+0000] {dag.py:2429} INFO - Sync 1 DAGs
[2022-09-15T16:44:05.211+0000] {logging_mixin.py:115} INFO - [2022-09-15T16:44:05.211+0000] {dag.py:2981} INFO - Setting next_dagrun for example_python_operator to None, run_after=None
[2022-09-15T16:44:05.219+0000] {processor.py:161} INFO - Processing /home/airflow/.local/lib/python3.7/site-packages/airflow/example_dags/example_python_operator.py took 0.061 seconds
[2022-09-15T16:44:35.435+0000] {processor.py:153} INFO - Started process (PID=200) to work on /home/airflow/.local/lib/python3.7/site-packages/airflow/example_dags/example_python_operator.py
[2022-09-15T16:44:35.438+0000] {processor.py:640} INFO - Processing file /home/airflow/.local/lib/python3.7/site-packages/airflow/example_dags/example_python_operator.py for tasks to queue
[2022-09-15T16:44:35.439+0000] {logging_mixin.py:115} INFO - [2022-09-15T16:44:35.439+0000] {dagbag.py:508} INFO - Filling up the DagBag from /home/airflow/.local/lib/python3.7/site-packages/airflow/example_dags/example_python_operator.py
[2022-09-15T16:44:35.453+0000] {processor.py:650} INFO - DAG(s) dict_keys(['example_python_operator']) retrieved from /home/airflow/.local/lib/python3.7/site-packages/airflow/example_dags/example_python_operator.py
[2022-09-15T16:44:35.476+0000] {logging_mixin.py:115} INFO - [2022-09-15T16:44:35.476+0000] {dag.py:2429} INFO - Sync 1 DAGs
[2022-09-15T16:44:35.492+0000] {logging_mixin.py:115} INFO - [2022-09-15T16:44:35.492+0000] {dag.py:2981} INFO - Setting next_dagrun for example_python_operator to None, run_after=None
[2022-09-15T16:44:35.500+0000] {processor.py:161} INFO - Processing /home/airflow/.local/lib/python3.7/site-packages/airflow/example_dags/example_python_operator.py took 0.069 seconds
[2022-09-15T16:45:05.652+0000] {processor.py:153} INFO - Started process (PID=266) to work on /home/airflow/.local/lib/python3.7/site-packages/airflow/example_dags/example_python_operator.py
[2022-09-15T16:45:05.654+0000] {processor.py:640} INFO - Processing file /home/airflow/.local/lib/python3.7/site-packages/airflow/example_dags/example_python_operator.py for tasks to queue
[2022-09-15T16:45:05.656+0000] {logging_mixin.py:115} INFO - [2022-09-15T16:45:05.656+0000] {dagbag.py:508} INFO - Filling up the DagBag from /home/airflow/.local/lib/python3.7/site-packages/airflow/example_dags/example_python_operator.py
[2022-09-15T16:45:05.673+0000] {processor.py:650} INFO - DAG(s) dict_keys(['example_python_operator']) retrieved from /home/airflow/.local/lib/python3.7/site-packages/airflow/example_dags/example_python_operator.py
[2022-09-15T16:45:05.698+0000] {logging_mixin.py:115} INFO - [2022-09-15T16:45:05.698+0000] {dag.py:2429} INFO - Sync 1 DAGs
[2022-09-15T16:45:05.715+0000] {logging_mixin.py:115} INFO - [2022-09-15T16:45:05.715+0000] {dag.py:2981} INFO - Setting next_dagrun for example_python_operator to None, run_after=None
[2022-09-15T16:45:05.723+0000] {processor.py:161} INFO - Processing /home/airflow/.local/lib/python3.7/site-packages/airflow/example_dags/example_python_operator.py took 0.075 seconds
[2022-09-15T16:45:35.825+0000] {processor.py:153} INFO - Started process (PID=333) to work on /home/airflow/.local/lib/python3.7/site-packages/airflow/example_dags/example_python_operator.py
[2022-09-15T16:45:35.828+0000] {processor.py:640} INFO - Processing file /home/airflow/.local/lib/python3.7/site-packages/airflow/example_dags/example_python_operator.py for tasks to queue
[2022-09-15T16:45:35.831+0000] {logging_mixin.py:115} INFO - [2022-09-15T16:45:35.831+0000] {dagbag.py:508} INFO - Filling up the DagBag from /home/airflow/.local/lib/python3.7/site-packages/airflow/example_dags/example_python_operator.py
[2022-09-15T16:45:35.846+0000] {processor.py:650} INFO - DAG(s) dict_keys(['example_python_operator']) retrieved from /home/airflow/.local/lib/python3.7/site-packages/airflow/example_dags/example_python_operator.py
[2022-09-15T16:45:35.867+0000] {logging_mixin.py:115} INFO - [2022-09-15T16:45:35.867+0000] {dag.py:2429} INFO - Sync 1 DAGs
[2022-09-15T16:45:35.881+0000] {logging_mixin.py:115} INFO - [2022-09-15T16:45:35.881+0000] {dag.py:2981} INFO - Setting next_dagrun for example_python_operator to None, run_after=None
[2022-09-15T16:45:35.888+0000] {processor.py:161} INFO - Processing /home/airflow/.local/lib/python3.7/site-packages/airflow/example_dags/example_python_operator.py took 0.067 seconds
[2022-09-15T16:46:06.839+0000] {processor.py:153} INFO - Started process (PID=400) to work on /home/airflow/.local/lib/python3.7/site-packages/airflow/example_dags/example_python_operator.py
[2022-09-15T16:46:06.843+0000] {processor.py:640} INFO - Processing file /home/airflow/.local/lib/python3.7/site-packages/airflow/example_dags/example_python_operator.py for tasks to queue
[2022-09-15T16:46:06.845+0000] {logging_mixin.py:115} INFO - [2022-09-15T16:46:06.845+0000] {dagbag.py:508} INFO - Filling up the DagBag from /home/airflow/.local/lib/python3.7/site-packages/airflow/example_dags/example_python_operator.py
[2022-09-15T16:46:06.861+0000] {processor.py:650} INFO - DAG(s) dict_keys(['example_python_operator']) retrieved from /home/airflow/.local/lib/python3.7/site-packages/airflow/example_dags/example_python_operator.py
[2022-09-15T16:46:06.881+0000] {logging_mixin.py:115} INFO - [2022-09-15T16:46:06.881+0000] {dag.py:2429} INFO - Sync 1 DAGs
[2022-09-15T16:46:06.896+0000] {logging_mixin.py:115} INFO - [2022-09-15T16:46:06.896+0000] {dag.py:2981} INFO - Setting next_dagrun for example_python_operator to None, run_after=None
[2022-09-15T16:46:06.904+0000] {processor.py:161} INFO - Processing /home/airflow/.local/lib/python3.7/site-packages/airflow/example_dags/example_python_operator.py took 0.071 seconds
[2022-09-15T16:46:37.780+0000] {processor.py:153} INFO - Started process (PID=466) to work on /home/airflow/.local/lib/python3.7/site-packages/airflow/example_dags/example_python_operator.py
[2022-09-15T16:46:37.783+0000] {processor.py:640} INFO - Processing file /home/airflow/.local/lib/python3.7/site-packages/airflow/example_dags/example_python_operator.py for tasks to queue
[2022-09-15T16:46:37.784+0000] {logging_mixin.py:115} INFO - [2022-09-15T16:46:37.784+0000] {dagbag.py:508} INFO - Filling up the DagBag from /home/airflow/.local/lib/python3.7/site-packages/airflow/example_dags/example_python_operator.py
[2022-09-15T16:46:37.799+0000] {processor.py:650} INFO - DAG(s) dict_keys(['example_python_operator']) retrieved from /home/airflow/.local/lib/python3.7/site-packages/airflow/example_dags/example_python_operator.py
[2022-09-15T16:46:37.819+0000] {logging_mixin.py:115} INFO - [2022-09-15T16:46:37.818+0000] {dag.py:2429} INFO - Sync 1 DAGs
[2022-09-15T16:46:37.836+0000] {logging_mixin.py:115} INFO - [2022-09-15T16:46:37.836+0000] {dag.py:2981} INFO - Setting next_dagrun for example_python_operator to None, run_after=None
[2022-09-15T16:46:37.845+0000] {processor.py:161} INFO - Processing /home/airflow/.local/lib/python3.7/site-packages/airflow/example_dags/example_python_operator.py took 0.069 seconds
[2022-09-15T16:47:08.684+0000] {processor.py:153} INFO - Started process (PID=535) to work on /home/airflow/.local/lib/python3.7/site-packages/airflow/example_dags/example_python_operator.py
[2022-09-15T16:47:08.687+0000] {processor.py:640} INFO - Processing file /home/airflow/.local/lib/python3.7/site-packages/airflow/example_dags/example_python_operator.py for tasks to queue
[2022-09-15T16:47:08.689+0000] {logging_mixin.py:115} INFO - [2022-09-15T16:47:08.688+0000] {dagbag.py:508} INFO - Filling up the DagBag from /home/airflow/.local/lib/python3.7/site-packages/airflow/example_dags/example_python_operator.py
[2022-09-15T16:47:08.705+0000] {processor.py:650} INFO - DAG(s) dict_keys(['example_python_operator']) retrieved from /home/airflow/.local/lib/python3.7/site-packages/airflow/example_dags/example_python_operator.py
[2022-09-15T16:47:08.726+0000] {logging_mixin.py:115} INFO - [2022-09-15T16:47:08.726+0000] {dag.py:2429} INFO - Sync 1 DAGs
[2022-09-15T16:47:08.741+0000] {logging_mixin.py:115} INFO - [2022-09-15T16:47:08.741+0000] {dag.py:2981} INFO - Setting next_dagrun for example_python_operator to None, run_after=None
[2022-09-15T16:47:08.749+0000] {processor.py:161} INFO - Processing /home/airflow/.local/lib/python3.7/site-packages/airflow/example_dags/example_python_operator.py took 0.069 seconds
[2022-09-15T16:47:39.574+0000] {processor.py:153} INFO - Started process (PID=603) to work on /home/airflow/.local/lib/python3.7/site-packages/airflow/example_dags/example_python_operator.py
[2022-09-15T16:47:39.575+0000] {processor.py:640} INFO - Processing file /home/airflow/.local/lib/python3.7/site-packages/airflow/example_dags/example_python_operator.py for tasks to queue
[2022-09-15T16:47:39.577+0000] {logging_mixin.py:115} INFO - [2022-09-15T16:47:39.577+0000] {dagbag.py:508} INFO - Filling up the DagBag from /home/airflow/.local/lib/python3.7/site-packages/airflow/example_dags/example_python_operator.py
[2022-09-15T16:47:39.592+0000] {processor.py:650} INFO - DAG(s) dict_keys(['example_python_operator']) retrieved from /home/airflow/.local/lib/python3.7/site-packages/airflow/example_dags/example_python_operator.py
[2022-09-15T16:47:39.620+0000] {logging_mixin.py:115} INFO - [2022-09-15T16:47:39.619+0000] {dag.py:2429} INFO - Sync 1 DAGs
[2022-09-15T16:47:39.638+0000] {logging_mixin.py:115} INFO - [2022-09-15T16:47:39.638+0000] {dag.py:2981} INFO - Setting next_dagrun for example_python_operator to None, run_after=None
[2022-09-15T16:47:39.649+0000] {processor.py:161} INFO - Processing /home/airflow/.local/lib/python3.7/site-packages/airflow/example_dags/example_python_operator.py took 0.078 seconds
[2022-09-15T16:48:10.403+0000] {processor.py:153} INFO - Started process (PID=661) to work on /home/airflow/.local/lib/python3.7/site-packages/airflow/example_dags/example_python_operator.py
[2022-09-15T16:48:10.406+0000] {processor.py:640} INFO - Processing file /home/airflow/.local/lib/python3.7/site-packages/airflow/example_dags/example_python_operator.py for tasks to queue
[2022-09-15T16:48:10.407+0000] {logging_mixin.py:115} INFO - [2022-09-15T16:48:10.407+0000] {dagbag.py:508} INFO - Filling up the DagBag from /home/airflow/.local/lib/python3.7/site-packages/airflow/example_dags/example_python_operator.py
[2022-09-15T16:48:10.422+0000] {processor.py:650} INFO - DAG(s) dict_keys(['example_python_operator']) retrieved from /home/airflow/.local/lib/python3.7/site-packages/airflow/example_dags/example_python_operator.py
[2022-09-15T16:48:10.452+0000] {logging_mixin.py:115} INFO - [2022-09-15T16:48:10.452+0000] {dag.py:2429} INFO - Sync 1 DAGs
[2022-09-15T16:48:10.470+0000] {logging_mixin.py:115} INFO - [2022-09-15T16:48:10.470+0000] {dag.py:2981} INFO - Setting next_dagrun for example_python_operator to None, run_after=None
[2022-09-15T16:48:10.478+0000] {processor.py:161} INFO - Processing /home/airflow/.local/lib/python3.7/site-packages/airflow/example_dags/example_python_operator.py took 0.079 seconds
[2022-09-15T16:48:40.677+0000] {processor.py:153} INFO - Started process (PID=726) to work on /home/airflow/.local/lib/python3.7/site-packages/airflow/example_dags/example_python_operator.py
[2022-09-15T16:48:40.681+0000] {processor.py:640} INFO - Processing file /home/airflow/.local/lib/python3.7/site-packages/airflow/example_dags/example_python_operator.py for tasks to queue
[2022-09-15T16:48:40.682+0000] {logging_mixin.py:115} INFO - [2022-09-15T16:48:40.682+0000] {dagbag.py:508} INFO - Filling up the DagBag from /home/airflow/.local/lib/python3.7/site-packages/airflow/example_dags/example_python_operator.py
[2022-09-15T16:48:40.702+0000] {processor.py:650} INFO - DAG(s) dict_keys(['example_python_operator']) retrieved from /home/airflow/.local/lib/python3.7/site-packages/airflow/example_dags/example_python_operator.py
[2022-09-15T16:48:40.724+0000] {logging_mixin.py:115} INFO - [2022-09-15T16:48:40.724+0000] {dag.py:2429} INFO - Sync 1 DAGs
[2022-09-15T16:48:40.748+0000] {logging_mixin.py:115} INFO - [2022-09-15T16:48:40.748+0000] {dag.py:2981} INFO - Setting next_dagrun for example_python_operator to None, run_after=None
[2022-09-15T16:48:40.758+0000] {processor.py:161} INFO - Processing /home/airflow/.local/lib/python3.7/site-packages/airflow/example_dags/example_python_operator.py took 0.087 seconds
[2022-09-15T16:49:11.646+0000] {processor.py:153} INFO - Started process (PID=792) to work on /home/airflow/.local/lib/python3.7/site-packages/airflow/example_dags/example_python_operator.py
[2022-09-15T16:49:11.649+0000] {processor.py:640} INFO - Processing file /home/airflow/.local/lib/python3.7/site-packages/airflow/example_dags/example_python_operator.py for tasks to queue
[2022-09-15T16:49:11.651+0000] {logging_mixin.py:115} INFO - [2022-09-15T16:49:11.651+0000] {dagbag.py:508} INFO - Filling up the DagBag from /home/airflow/.local/lib/python3.7/site-packages/airflow/example_dags/example_python_operator.py
[2022-09-15T16:49:11.671+0000] {processor.py:650} INFO - DAG(s) dict_keys(['example_python_operator']) retrieved from /home/airflow/.local/lib/python3.7/site-packages/airflow/example_dags/example_python_operator.py
[2022-09-15T16:49:11.695+0000] {logging_mixin.py:115} INFO - [2022-09-15T16:49:11.695+0000] {dag.py:2429} INFO - Sync 1 DAGs
[2022-09-15T16:49:11.720+0000] {logging_mixin.py:115} INFO - [2022-09-15T16:49:11.720+0000] {dag.py:2981} INFO - Setting next_dagrun for example_python_operator to None, run_after=None
[2022-09-15T16:49:11.733+0000] {processor.py:161} INFO - Processing /home/airflow/.local/lib/python3.7/site-packages/airflow/example_dags/example_python_operator.py took 0.092 seconds
[2022-09-15T16:49:41.910+0000] {processor.py:153} INFO - Started process (PID=859) to work on /home/airflow/.local/lib/python3.7/site-packages/airflow/example_dags/example_python_operator.py
[2022-09-15T16:49:41.912+0000] {processor.py:640} INFO - Processing file /home/airflow/.local/lib/python3.7/site-packages/airflow/example_dags/example_python_operator.py for tasks to queue
[2022-09-15T16:49:41.914+0000] {logging_mixin.py:115} INFO - [2022-09-15T16:49:41.914+0000] {dagbag.py:508} INFO - Filling up the DagBag from /home/airflow/.local/lib/python3.7/site-packages/airflow/example_dags/example_python_operator.py
[2022-09-15T16:49:41.931+0000] {processor.py:650} INFO - DAG(s) dict_keys(['example_python_operator']) retrieved from /home/airflow/.local/lib/python3.7/site-packages/airflow/example_dags/example_python_operator.py
[2022-09-15T16:49:41.953+0000] {logging_mixin.py:115} INFO - [2022-09-15T16:49:41.953+0000] {dag.py:2429} INFO - Sync 1 DAGs
[2022-09-15T16:49:41.969+0000] {logging_mixin.py:115} INFO - [2022-09-15T16:49:41.969+0000] {dag.py:2981} INFO - Setting next_dagrun for example_python_operator to None, run_after=None
[2022-09-15T16:49:41.977+0000] {processor.py:161} INFO - Processing /home/airflow/.local/lib/python3.7/site-packages/airflow/example_dags/example_python_operator.py took 0.071 seconds
[2022-09-15T16:50:12.041+0000] {processor.py:153} INFO - Started process (PID=927) to work on /home/airflow/.local/lib/python3.7/site-packages/airflow/example_dags/example_python_operator.py
[2022-09-15T16:50:12.043+0000] {processor.py:640} INFO - Processing file /home/airflow/.local/lib/python3.7/site-packages/airflow/example_dags/example_python_operator.py for tasks to queue
[2022-09-15T16:50:12.044+0000] {logging_mixin.py:115} INFO - [2022-09-15T16:50:12.044+0000] {dagbag.py:508} INFO - Filling up the DagBag from /home/airflow/.local/lib/python3.7/site-packages/airflow/example_dags/example_python_operator.py
[2022-09-15T16:50:12.057+0000] {processor.py:650} INFO - DAG(s) dict_keys(['example_python_operator']) retrieved from /home/airflow/.local/lib/python3.7/site-packages/airflow/example_dags/example_python_operator.py
[2022-09-15T16:50:12.076+0000] {logging_mixin.py:115} INFO - [2022-09-15T16:50:12.076+0000] {dag.py:2429} INFO - Sync 1 DAGs
[2022-09-15T16:50:12.091+0000] {logging_mixin.py:115} INFO - [2022-09-15T16:50:12.090+0000] {dag.py:2981} INFO - Setting next_dagrun for example_python_operator to None, run_after=None
[2022-09-15T16:50:12.098+0000] {processor.py:161} INFO - Processing /home/airflow/.local/lib/python3.7/site-packages/airflow/example_dags/example_python_operator.py took 0.059 seconds
[2022-09-15T16:50:42.982+0000] {processor.py:153} INFO - Started process (PID=985) to work on /home/airflow/.local/lib/python3.7/site-packages/airflow/example_dags/example_python_operator.py
[2022-09-15T16:50:42.987+0000] {processor.py:640} INFO - Processing file /home/airflow/.local/lib/python3.7/site-packages/airflow/example_dags/example_python_operator.py for tasks to queue
[2022-09-15T16:50:42.989+0000] {logging_mixin.py:115} INFO - [2022-09-15T16:50:42.989+0000] {dagbag.py:508} INFO - Filling up the DagBag from /home/airflow/.local/lib/python3.7/site-packages/airflow/example_dags/example_python_operator.py
[2022-09-15T16:50:43.003+0000] {processor.py:650} INFO - DAG(s) dict_keys(['example_python_operator']) retrieved from /home/airflow/.local/lib/python3.7/site-packages/airflow/example_dags/example_python_operator.py
[2022-09-15T16:50:43.022+0000] {logging_mixin.py:115} INFO - [2022-09-15T16:50:43.022+0000] {dag.py:2429} INFO - Sync 1 DAGs
[2022-09-15T16:50:43.040+0000] {logging_mixin.py:115} INFO - [2022-09-15T16:50:43.040+0000] {dag.py:2981} INFO - Setting next_dagrun for example_python_operator to None, run_after=None
[2022-09-15T16:50:43.049+0000] {processor.py:161} INFO - Processing /home/airflow/.local/lib/python3.7/site-packages/airflow/example_dags/example_python_operator.py took 0.070 seconds
[2022-09-15T16:51:13.806+0000] {processor.py:153} INFO - Started process (PID=1051) to work on /home/airflow/.local/lib/python3.7/site-packages/airflow/example_dags/example_python_operator.py
[2022-09-15T16:51:13.809+0000] {processor.py:640} INFO - Processing file /home/airflow/.local/lib/python3.7/site-packages/airflow/example_dags/example_python_operator.py for tasks to queue
[2022-09-15T16:51:13.811+0000] {logging_mixin.py:115} INFO - [2022-09-15T16:51:13.810+0000] {dagbag.py:508} INFO - Filling up the DagBag from /home/airflow/.local/lib/python3.7/site-packages/airflow/example_dags/example_python_operator.py
[2022-09-15T16:51:13.827+0000] {processor.py:650} INFO - DAG(s) dict_keys(['example_python_operator']) retrieved from /home/airflow/.local/lib/python3.7/site-packages/airflow/example_dags/example_python_operator.py
[2022-09-15T16:51:13.854+0000] {logging_mixin.py:115} INFO - [2022-09-15T16:51:13.854+0000] {dag.py:2429} INFO - Sync 1 DAGs
[2022-09-15T16:51:13.870+0000] {logging_mixin.py:115} INFO - [2022-09-15T16:51:13.870+0000] {dag.py:2981} INFO - Setting next_dagrun for example_python_operator to None, run_after=None
[2022-09-15T16:51:13.879+0000] {processor.py:161} INFO - Processing /home/airflow/.local/lib/python3.7/site-packages/airflow/example_dags/example_python_operator.py took 0.077 seconds
[2022-09-15T16:51:44.819+0000] {processor.py:153} INFO - Started process (PID=1121) to work on /home/airflow/.local/lib/python3.7/site-packages/airflow/example_dags/example_python_operator.py
[2022-09-15T16:51:44.822+0000] {processor.py:640} INFO - Processing file /home/airflow/.local/lib/python3.7/site-packages/airflow/example_dags/example_python_operator.py for tasks to queue
[2022-09-15T16:51:44.825+0000] {logging_mixin.py:115} INFO - [2022-09-15T16:51:44.825+0000] {dagbag.py:508} INFO - Filling up the DagBag from /home/airflow/.local/lib/python3.7/site-packages/airflow/example_dags/example_python_operator.py
[2022-09-15T16:51:44.844+0000] {processor.py:650} INFO - DAG(s) dict_keys(['example_python_operator']) retrieved from /home/airflow/.local/lib/python3.7/site-packages/airflow/example_dags/example_python_operator.py
[2022-09-15T16:51:44.866+0000] {logging_mixin.py:115} INFO - [2022-09-15T16:51:44.866+0000] {dag.py:2429} INFO - Sync 1 DAGs
[2022-09-15T16:51:44.881+0000] {logging_mixin.py:115} INFO - [2022-09-15T16:51:44.881+0000] {dag.py:2981} INFO - Setting next_dagrun for example_python_operator to None, run_after=None
[2022-09-15T16:51:44.888+0000] {processor.py:161} INFO - Processing /home/airflow/.local/lib/python3.7/site-packages/airflow/example_dags/example_python_operator.py took 0.072 seconds
[2022-09-15T16:52:15.756+0000] {processor.py:153} INFO - Started process (PID=1186) to work on /home/airflow/.local/lib/python3.7/site-packages/airflow/example_dags/example_python_operator.py
[2022-09-15T16:52:15.759+0000] {processor.py:640} INFO - Processing file /home/airflow/.local/lib/python3.7/site-packages/airflow/example_dags/example_python_operator.py for tasks to queue
[2022-09-15T16:52:15.760+0000] {logging_mixin.py:115} INFO - [2022-09-15T16:52:15.760+0000] {dagbag.py:508} INFO - Filling up the DagBag from /home/airflow/.local/lib/python3.7/site-packages/airflow/example_dags/example_python_operator.py
[2022-09-15T16:52:15.773+0000] {processor.py:650} INFO - DAG(s) dict_keys(['example_python_operator']) retrieved from /home/airflow/.local/lib/python3.7/site-packages/airflow/example_dags/example_python_operator.py
[2022-09-15T16:52:15.793+0000] {logging_mixin.py:115} INFO - [2022-09-15T16:52:15.793+0000] {dag.py:2429} INFO - Sync 1 DAGs
[2022-09-15T16:52:15.808+0000] {logging_mixin.py:115} INFO - [2022-09-15T16:52:15.808+0000] {dag.py:2981} INFO - Setting next_dagrun for example_python_operator to None, run_after=None
[2022-09-15T16:52:15.816+0000] {processor.py:161} INFO - Processing /home/airflow/.local/lib/python3.7/site-packages/airflow/example_dags/example_python_operator.py took 0.063 seconds
[2022-09-15T16:52:45.840+0000] {processor.py:153} INFO - Started process (PID=1255) to work on /home/airflow/.local/lib/python3.7/site-packages/airflow/example_dags/example_python_operator.py
[2022-09-15T16:52:45.843+0000] {processor.py:640} INFO - Processing file /home/airflow/.local/lib/python3.7/site-packages/airflow/example_dags/example_python_operator.py for tasks to queue
[2022-09-15T16:52:45.844+0000] {logging_mixin.py:115} INFO - [2022-09-15T16:52:45.844+0000] {dagbag.py:508} INFO - Filling up the DagBag from /home/airflow/.local/lib/python3.7/site-packages/airflow/example_dags/example_python_operator.py
[2022-09-15T16:52:45.855+0000] {processor.py:650} INFO - DAG(s) dict_keys(['example_python_operator']) retrieved from /home/airflow/.local/lib/python3.7/site-packages/airflow/example_dags/example_python_operator.py
[2022-09-15T16:52:45.874+0000] {logging_mixin.py:115} INFO - [2022-09-15T16:52:45.874+0000] {dag.py:2429} INFO - Sync 1 DAGs
[2022-09-15T16:52:45.890+0000] {logging_mixin.py:115} INFO - [2022-09-15T16:52:45.890+0000] {dag.py:2981} INFO - Setting next_dagrun for example_python_operator to None, run_after=None
[2022-09-15T16:52:45.898+0000] {processor.py:161} INFO - Processing /home/airflow/.local/lib/python3.7/site-packages/airflow/example_dags/example_python_operator.py took 0.061 seconds
[2022-09-15T16:53:16.138+0000] {processor.py:153} INFO - Started process (PID=1321) to work on /home/airflow/.local/lib/python3.7/site-packages/airflow/example_dags/example_python_operator.py
[2022-09-15T16:53:16.141+0000] {processor.py:640} INFO - Processing file /home/airflow/.local/lib/python3.7/site-packages/airflow/example_dags/example_python_operator.py for tasks to queue
[2022-09-15T16:53:16.142+0000] {logging_mixin.py:115} INFO - [2022-09-15T16:53:16.141+0000] {dagbag.py:508} INFO - Filling up the DagBag from /home/airflow/.local/lib/python3.7/site-packages/airflow/example_dags/example_python_operator.py
[2022-09-15T16:53:16.156+0000] {processor.py:650} INFO - DAG(s) dict_keys(['example_python_operator']) retrieved from /home/airflow/.local/lib/python3.7/site-packages/airflow/example_dags/example_python_operator.py
[2022-09-15T16:53:16.180+0000] {logging_mixin.py:115} INFO - [2022-09-15T16:53:16.180+0000] {dag.py:2429} INFO - Sync 1 DAGs
[2022-09-15T16:53:16.200+0000] {logging_mixin.py:115} INFO - [2022-09-15T16:53:16.199+0000] {dag.py:2981} INFO - Setting next_dagrun for example_python_operator to None, run_after=None
[2022-09-15T16:53:16.212+0000] {processor.py:161} INFO - Processing /home/airflow/.local/lib/python3.7/site-packages/airflow/example_dags/example_python_operator.py took 0.077 seconds
[2022-09-15T16:53:46.269+0000] {processor.py:153} INFO - Started process (PID=1377) to work on /home/airflow/.local/lib/python3.7/site-packages/airflow/example_dags/example_python_operator.py
[2022-09-15T16:53:46.270+0000] {processor.py:640} INFO - Processing file /home/airflow/.local/lib/python3.7/site-packages/airflow/example_dags/example_python_operator.py for tasks to queue
[2022-09-15T16:53:46.272+0000] {logging_mixin.py:115} INFO - [2022-09-15T16:53:46.272+0000] {dagbag.py:508} INFO - Filling up the DagBag from /home/airflow/.local/lib/python3.7/site-packages/airflow/example_dags/example_python_operator.py
[2022-09-15T16:53:46.283+0000] {processor.py:650} INFO - DAG(s) dict_keys(['example_python_operator']) retrieved from /home/airflow/.local/lib/python3.7/site-packages/airflow/example_dags/example_python_operator.py
[2022-09-15T16:53:46.301+0000] {logging_mixin.py:115} INFO - [2022-09-15T16:53:46.301+0000] {dag.py:2429} INFO - Sync 1 DAGs
[2022-09-15T16:53:46.318+0000] {logging_mixin.py:115} INFO - [2022-09-15T16:53:46.318+0000] {dag.py:2981} INFO - Setting next_dagrun for example_python_operator to None, run_after=None
[2022-09-15T16:53:46.327+0000] {processor.py:161} INFO - Processing /home/airflow/.local/lib/python3.7/site-packages/airflow/example_dags/example_python_operator.py took 0.061 seconds
[2022-09-15T16:54:17.173+0000] {processor.py:153} INFO - Started process (PID=1446) to work on /home/airflow/.local/lib/python3.7/site-packages/airflow/example_dags/example_python_operator.py
[2022-09-15T16:54:17.176+0000] {processor.py:640} INFO - Processing file /home/airflow/.local/lib/python3.7/site-packages/airflow/example_dags/example_python_operator.py for tasks to queue
[2022-09-15T16:54:17.177+0000] {logging_mixin.py:115} INFO - [2022-09-15T16:54:17.177+0000] {dagbag.py:508} INFO - Filling up the DagBag from /home/airflow/.local/lib/python3.7/site-packages/airflow/example_dags/example_python_operator.py
[2022-09-15T16:54:17.189+0000] {processor.py:650} INFO - DAG(s) dict_keys(['example_python_operator']) retrieved from /home/airflow/.local/lib/python3.7/site-packages/airflow/example_dags/example_python_operator.py
[2022-09-15T16:54:17.208+0000] {logging_mixin.py:115} INFO - [2022-09-15T16:54:17.208+0000] {dag.py:2429} INFO - Sync 1 DAGs
[2022-09-15T16:54:17.224+0000] {logging_mixin.py:115} INFO - [2022-09-15T16:54:17.224+0000] {dag.py:2981} INFO - Setting next_dagrun for example_python_operator to None, run_after=None
[2022-09-15T16:54:17.234+0000] {processor.py:161} INFO - Processing /home/airflow/.local/lib/python3.7/site-packages/airflow/example_dags/example_python_operator.py took 0.063 seconds
[2022-09-15T16:54:48.248+0000] {processor.py:153} INFO - Started process (PID=1511) to work on /home/airflow/.local/lib/python3.7/site-packages/airflow/example_dags/example_python_operator.py
[2022-09-15T16:54:48.250+0000] {processor.py:640} INFO - Processing file /home/airflow/.local/lib/python3.7/site-packages/airflow/example_dags/example_python_operator.py for tasks to queue
[2022-09-15T16:54:48.251+0000] {logging_mixin.py:115} INFO - [2022-09-15T16:54:48.251+0000] {dagbag.py:508} INFO - Filling up the DagBag from /home/airflow/.local/lib/python3.7/site-packages/airflow/example_dags/example_python_operator.py
[2022-09-15T16:54:48.263+0000] {processor.py:650} INFO - DAG(s) dict_keys(['example_python_operator']) retrieved from /home/airflow/.local/lib/python3.7/site-packages/airflow/example_dags/example_python_operator.py
[2022-09-15T16:54:48.282+0000] {logging_mixin.py:115} INFO - [2022-09-15T16:54:48.282+0000] {dag.py:2429} INFO - Sync 1 DAGs
[2022-09-15T16:54:48.297+0000] {logging_mixin.py:115} INFO - [2022-09-15T16:54:48.297+0000] {dag.py:2981} INFO - Setting next_dagrun for example_python_operator to None, run_after=None
[2022-09-15T16:54:48.339+0000] {processor.py:161} INFO - Processing /home/airflow/.local/lib/python3.7/site-packages/airflow/example_dags/example_python_operator.py took 0.095 seconds
[2022-09-15T16:55:18.505+0000] {processor.py:153} INFO - Started process (PID=1579) to work on /home/airflow/.local/lib/python3.7/site-packages/airflow/example_dags/example_python_operator.py
[2022-09-15T16:55:18.506+0000] {processor.py:640} INFO - Processing file /home/airflow/.local/lib/python3.7/site-packages/airflow/example_dags/example_python_operator.py for tasks to queue
[2022-09-15T16:55:18.508+0000] {logging_mixin.py:115} INFO - [2022-09-15T16:55:18.508+0000] {dagbag.py:508} INFO - Filling up the DagBag from /home/airflow/.local/lib/python3.7/site-packages/airflow/example_dags/example_python_operator.py
[2022-09-15T16:55:18.520+0000] {processor.py:650} INFO - DAG(s) dict_keys(['example_python_operator']) retrieved from /home/airflow/.local/lib/python3.7/site-packages/airflow/example_dags/example_python_operator.py
[2022-09-15T16:55:18.540+0000] {logging_mixin.py:115} INFO - [2022-09-15T16:55:18.540+0000] {dag.py:2429} INFO - Sync 1 DAGs
[2022-09-15T16:55:18.561+0000] {logging_mixin.py:115} INFO - [2022-09-15T16:55:18.560+0000] {dag.py:2981} INFO - Setting next_dagrun for example_python_operator to None, run_after=None
[2022-09-15T16:55:18.569+0000] {processor.py:161} INFO - Processing /home/airflow/.local/lib/python3.7/site-packages/airflow/example_dags/example_python_operator.py took 0.067 seconds
[2022-09-15T16:55:48.725+0000] {processor.py:153} INFO - Started process (PID=1645) to work on /home/airflow/.local/lib/python3.7/site-packages/airflow/example_dags/example_python_operator.py
[2022-09-15T16:55:48.728+0000] {processor.py:640} INFO - Processing file /home/airflow/.local/lib/python3.7/site-packages/airflow/example_dags/example_python_operator.py for tasks to queue
[2022-09-15T16:55:48.729+0000] {logging_mixin.py:115} INFO - [2022-09-15T16:55:48.729+0000] {dagbag.py:508} INFO - Filling up the DagBag from /home/airflow/.local/lib/python3.7/site-packages/airflow/example_dags/example_python_operator.py
[2022-09-15T16:55:48.741+0000] {processor.py:650} INFO - DAG(s) dict_keys(['example_python_operator']) retrieved from /home/airflow/.local/lib/python3.7/site-packages/airflow/example_dags/example_python_operator.py
[2022-09-15T16:55:48.761+0000] {logging_mixin.py:115} INFO - [2022-09-15T16:55:48.761+0000] {dag.py:2429} INFO - Sync 1 DAGs
[2022-09-15T16:55:48.777+0000] {logging_mixin.py:115} INFO - [2022-09-15T16:55:48.777+0000] {dag.py:2981} INFO - Setting next_dagrun for example_python_operator to None, run_after=None
[2022-09-15T16:55:48.786+0000] {processor.py:161} INFO - Processing /home/airflow/.local/lib/python3.7/site-packages/airflow/example_dags/example_python_operator.py took 0.063 seconds
[2022-09-15T16:56:19.741+0000] {processor.py:153} INFO - Started process (PID=1705) to work on /home/airflow/.local/lib/python3.7/site-packages/airflow/example_dags/example_python_operator.py
[2022-09-15T16:56:19.743+0000] {processor.py:640} INFO - Processing file /home/airflow/.local/lib/python3.7/site-packages/airflow/example_dags/example_python_operator.py for tasks to queue
[2022-09-15T16:56:19.745+0000] {logging_mixin.py:115} INFO - [2022-09-15T16:56:19.745+0000] {dagbag.py:508} INFO - Filling up the DagBag from /home/airflow/.local/lib/python3.7/site-packages/airflow/example_dags/example_python_operator.py
[2022-09-15T16:56:19.757+0000] {processor.py:650} INFO - DAG(s) dict_keys(['example_python_operator']) retrieved from /home/airflow/.local/lib/python3.7/site-packages/airflow/example_dags/example_python_operator.py
[2022-09-15T16:56:19.776+0000] {logging_mixin.py:115} INFO - [2022-09-15T16:56:19.776+0000] {dag.py:2429} INFO - Sync 1 DAGs
[2022-09-15T16:56:19.794+0000] {logging_mixin.py:115} INFO - [2022-09-15T16:56:19.794+0000] {dag.py:2981} INFO - Setting next_dagrun for example_python_operator to None, run_after=None
[2022-09-15T16:56:19.802+0000] {processor.py:161} INFO - Processing /home/airflow/.local/lib/python3.7/site-packages/airflow/example_dags/example_python_operator.py took 0.064 seconds
[2022-09-15T16:56:50.800+0000] {processor.py:153} INFO - Started process (PID=1776) to work on /home/airflow/.local/lib/python3.7/site-packages/airflow/example_dags/example_python_operator.py
[2022-09-15T16:56:50.802+0000] {processor.py:640} INFO - Processing file /home/airflow/.local/lib/python3.7/site-packages/airflow/example_dags/example_python_operator.py for tasks to queue
[2022-09-15T16:56:50.804+0000] {logging_mixin.py:115} INFO - [2022-09-15T16:56:50.804+0000] {dagbag.py:508} INFO - Filling up the DagBag from /home/airflow/.local/lib/python3.7/site-packages/airflow/example_dags/example_python_operator.py
[2022-09-15T16:56:50.818+0000] {processor.py:650} INFO - DAG(s) dict_keys(['example_python_operator']) retrieved from /home/airflow/.local/lib/python3.7/site-packages/airflow/example_dags/example_python_operator.py
[2022-09-15T16:56:50.844+0000] {logging_mixin.py:115} INFO - [2022-09-15T16:56:50.844+0000] {dag.py:2429} INFO - Sync 1 DAGs
[2022-09-15T16:56:50.864+0000] {logging_mixin.py:115} INFO - [2022-09-15T16:56:50.864+0000] {dag.py:2981} INFO - Setting next_dagrun for example_python_operator to None, run_after=None
[2022-09-15T16:56:50.885+0000] {processor.py:161} INFO - Processing /home/airflow/.local/lib/python3.7/site-packages/airflow/example_dags/example_python_operator.py took 0.088 seconds
[2022-09-15T16:57:21.865+0000] {processor.py:153} INFO - Started process (PID=1841) to work on /home/airflow/.local/lib/python3.7/site-packages/airflow/example_dags/example_python_operator.py
[2022-09-15T16:57:21.867+0000] {processor.py:640} INFO - Processing file /home/airflow/.local/lib/python3.7/site-packages/airflow/example_dags/example_python_operator.py for tasks to queue
[2022-09-15T16:57:21.870+0000] {logging_mixin.py:115} INFO - [2022-09-15T16:57:21.870+0000] {dagbag.py:508} INFO - Filling up the DagBag from /home/airflow/.local/lib/python3.7/site-packages/airflow/example_dags/example_python_operator.py
[2022-09-15T16:57:21.883+0000] {processor.py:650} INFO - DAG(s) dict_keys(['example_python_operator']) retrieved from /home/airflow/.local/lib/python3.7/site-packages/airflow/example_dags/example_python_operator.py
[2022-09-15T16:57:21.905+0000] {logging_mixin.py:115} INFO - [2022-09-15T16:57:21.905+0000] {dag.py:2429} INFO - Sync 1 DAGs
[2022-09-15T16:57:21.924+0000] {logging_mixin.py:115} INFO - [2022-09-15T16:57:21.924+0000] {dag.py:2981} INFO - Setting next_dagrun for example_python_operator to None, run_after=None
[2022-09-15T16:57:21.935+0000] {processor.py:161} INFO - Processing /home/airflow/.local/lib/python3.7/site-packages/airflow/example_dags/example_python_operator.py took 0.073 seconds
[2022-09-15T16:57:52.147+0000] {processor.py:153} INFO - Started process (PID=1911) to work on /home/airflow/.local/lib/python3.7/site-packages/airflow/example_dags/example_python_operator.py
[2022-09-15T16:57:52.149+0000] {processor.py:640} INFO - Processing file /home/airflow/.local/lib/python3.7/site-packages/airflow/example_dags/example_python_operator.py for tasks to queue
[2022-09-15T16:57:52.150+0000] {logging_mixin.py:115} INFO - [2022-09-15T16:57:52.150+0000] {dagbag.py:508} INFO - Filling up the DagBag from /home/airflow/.local/lib/python3.7/site-packages/airflow/example_dags/example_python_operator.py
[2022-09-15T16:57:52.162+0000] {processor.py:650} INFO - DAG(s) dict_keys(['example_python_operator']) retrieved from /home/airflow/.local/lib/python3.7/site-packages/airflow/example_dags/example_python_operator.py
[2022-09-15T16:57:52.182+0000] {logging_mixin.py:115} INFO - [2022-09-15T16:57:52.182+0000] {dag.py:2429} INFO - Sync 1 DAGs
[2022-09-15T16:57:52.201+0000] {logging_mixin.py:115} INFO - [2022-09-15T16:57:52.201+0000] {dag.py:2981} INFO - Setting next_dagrun for example_python_operator to None, run_after=None
[2022-09-15T16:57:52.209+0000] {processor.py:161} INFO - Processing /home/airflow/.local/lib/python3.7/site-packages/airflow/example_dags/example_python_operator.py took 0.064 seconds
[2022-09-15T16:58:22.998+0000] {processor.py:153} INFO - Started process (PID=1978) to work on /home/airflow/.local/lib/python3.7/site-packages/airflow/example_dags/example_python_operator.py
[2022-09-15T16:58:23.000+0000] {processor.py:640} INFO - Processing file /home/airflow/.local/lib/python3.7/site-packages/airflow/example_dags/example_python_operator.py for tasks to queue
[2022-09-15T16:58:23.002+0000] {logging_mixin.py:115} INFO - [2022-09-15T16:58:23.002+0000] {dagbag.py:508} INFO - Filling up the DagBag from /home/airflow/.local/lib/python3.7/site-packages/airflow/example_dags/example_python_operator.py
[2022-09-15T16:58:23.014+0000] {processor.py:650} INFO - DAG(s) dict_keys(['example_python_operator']) retrieved from /home/airflow/.local/lib/python3.7/site-packages/airflow/example_dags/example_python_operator.py
[2022-09-15T16:58:23.033+0000] {logging_mixin.py:115} INFO - [2022-09-15T16:58:23.033+0000] {dag.py:2429} INFO - Sync 1 DAGs
[2022-09-15T16:58:23.049+0000] {logging_mixin.py:115} INFO - [2022-09-15T16:58:23.049+0000] {dag.py:2981} INFO - Setting next_dagrun for example_python_operator to None, run_after=None
[2022-09-15T16:58:23.057+0000] {processor.py:161} INFO - Processing /home/airflow/.local/lib/python3.7/site-packages/airflow/example_dags/example_python_operator.py took 0.061 seconds
[2022-09-15T16:58:53.274+0000] {processor.py:153} INFO - Started process (PID=2034) to work on /home/airflow/.local/lib/python3.7/site-packages/airflow/example_dags/example_python_operator.py
[2022-09-15T16:58:53.276+0000] {processor.py:640} INFO - Processing file /home/airflow/.local/lib/python3.7/site-packages/airflow/example_dags/example_python_operator.py for tasks to queue
[2022-09-15T16:58:53.278+0000] {logging_mixin.py:115} INFO - [2022-09-15T16:58:53.278+0000] {dagbag.py:508} INFO - Filling up the DagBag from /home/airflow/.local/lib/python3.7/site-packages/airflow/example_dags/example_python_operator.py
[2022-09-15T16:58:53.292+0000] {processor.py:650} INFO - DAG(s) dict_keys(['example_python_operator']) retrieved from /home/airflow/.local/lib/python3.7/site-packages/airflow/example_dags/example_python_operator.py
[2022-09-15T16:58:53.317+0000] {logging_mixin.py:115} INFO - [2022-09-15T16:58:53.317+0000] {dag.py:2429} INFO - Sync 1 DAGs
[2022-09-15T16:58:53.335+0000] {logging_mixin.py:115} INFO - [2022-09-15T16:58:53.335+0000] {dag.py:2981} INFO - Setting next_dagrun for example_python_operator to None, run_after=None
[2022-09-15T16:58:53.346+0000] {processor.py:161} INFO - Processing /home/airflow/.local/lib/python3.7/site-packages/airflow/example_dags/example_python_operator.py took 0.075 seconds
[2022-09-15T16:59:24.281+0000] {processor.py:153} INFO - Started process (PID=2103) to work on /home/airflow/.local/lib/python3.7/site-packages/airflow/example_dags/example_python_operator.py
[2022-09-15T16:59:24.283+0000] {processor.py:640} INFO - Processing file /home/airflow/.local/lib/python3.7/site-packages/airflow/example_dags/example_python_operator.py for tasks to queue
[2022-09-15T16:59:24.284+0000] {logging_mixin.py:115} INFO - [2022-09-15T16:59:24.284+0000] {dagbag.py:508} INFO - Filling up the DagBag from /home/airflow/.local/lib/python3.7/site-packages/airflow/example_dags/example_python_operator.py
[2022-09-15T16:59:24.294+0000] {processor.py:650} INFO - DAG(s) dict_keys(['example_python_operator']) retrieved from /home/airflow/.local/lib/python3.7/site-packages/airflow/example_dags/example_python_operator.py
[2022-09-15T16:59:24.313+0000] {logging_mixin.py:115} INFO - [2022-09-15T16:59:24.313+0000] {dag.py:2429} INFO - Sync 1 DAGs
[2022-09-15T16:59:24.328+0000] {logging_mixin.py:115} INFO - [2022-09-15T16:59:24.328+0000] {dag.py:2981} INFO - Setting next_dagrun for example_python_operator to None, run_after=None
[2022-09-15T16:59:24.337+0000] {processor.py:161} INFO - Processing /home/airflow/.local/lib/python3.7/site-packages/airflow/example_dags/example_python_operator.py took 0.058 seconds
[2022-09-15T16:59:55.301+0000] {processor.py:153} INFO - Started process (PID=2170) to work on /home/airflow/.local/lib/python3.7/site-packages/airflow/example_dags/example_python_operator.py
[2022-09-15T16:59:55.303+0000] {processor.py:640} INFO - Processing file /home/airflow/.local/lib/python3.7/site-packages/airflow/example_dags/example_python_operator.py for tasks to queue
[2022-09-15T16:59:55.304+0000] {logging_mixin.py:115} INFO - [2022-09-15T16:59:55.304+0000] {dagbag.py:508} INFO - Filling up the DagBag from /home/airflow/.local/lib/python3.7/site-packages/airflow/example_dags/example_python_operator.py
[2022-09-15T16:59:55.316+0000] {processor.py:650} INFO - DAG(s) dict_keys(['example_python_operator']) retrieved from /home/airflow/.local/lib/python3.7/site-packages/airflow/example_dags/example_python_operator.py
[2022-09-15T16:59:55.335+0000] {logging_mixin.py:115} INFO - [2022-09-15T16:59:55.335+0000] {dag.py:2429} INFO - Sync 1 DAGs
[2022-09-15T16:59:55.380+0000] {logging_mixin.py:115} INFO - [2022-09-15T16:59:55.380+0000] {dag.py:2981} INFO - Setting next_dagrun for example_python_operator to None, run_after=None
[2022-09-15T16:59:55.408+0000] {processor.py:161} INFO - Processing /home/airflow/.local/lib/python3.7/site-packages/airflow/example_dags/example_python_operator.py took 0.109 seconds
[2022-09-15T17:00:25.512+0000] {processor.py:153} INFO - Started process (PID=2244) to work on /home/airflow/.local/lib/python3.7/site-packages/airflow/example_dags/example_python_operator.py
[2022-09-15T17:00:25.513+0000] {processor.py:640} INFO - Processing file /home/airflow/.local/lib/python3.7/site-packages/airflow/example_dags/example_python_operator.py for tasks to queue
[2022-09-15T17:00:25.515+0000] {logging_mixin.py:115} INFO - [2022-09-15T17:00:25.514+0000] {dagbag.py:508} INFO - Filling up the DagBag from /home/airflow/.local/lib/python3.7/site-packages/airflow/example_dags/example_python_operator.py
[2022-09-15T17:00:25.528+0000] {processor.py:650} INFO - DAG(s) dict_keys(['example_python_operator']) retrieved from /home/airflow/.local/lib/python3.7/site-packages/airflow/example_dags/example_python_operator.py
[2022-09-15T17:00:25.555+0000] {logging_mixin.py:115} INFO - [2022-09-15T17:00:25.555+0000] {dag.py:2429} INFO - Sync 1 DAGs
[2022-09-15T17:00:25.572+0000] {logging_mixin.py:115} INFO - [2022-09-15T17:00:25.572+0000] {dag.py:2981} INFO - Setting next_dagrun for example_python_operator to None, run_after=None
[2022-09-15T17:00:25.581+0000] {processor.py:161} INFO - Processing /home/airflow/.local/lib/python3.7/site-packages/airflow/example_dags/example_python_operator.py took 0.073 seconds
[2022-09-15T17:00:55.789+0000] {processor.py:153} INFO - Started process (PID=2315) to work on /home/airflow/.local/lib/python3.7/site-packages/airflow/example_dags/example_python_operator.py
[2022-09-15T17:00:55.791+0000] {processor.py:640} INFO - Processing file /home/airflow/.local/lib/python3.7/site-packages/airflow/example_dags/example_python_operator.py for tasks to queue
[2022-09-15T17:00:55.793+0000] {logging_mixin.py:115} INFO - [2022-09-15T17:00:55.792+0000] {dagbag.py:508} INFO - Filling up the DagBag from /home/airflow/.local/lib/python3.7/site-packages/airflow/example_dags/example_python_operator.py
[2022-09-15T17:00:55.822+0000] {processor.py:650} INFO - DAG(s) dict_keys(['example_python_operator']) retrieved from /home/airflow/.local/lib/python3.7/site-packages/airflow/example_dags/example_python_operator.py
[2022-09-15T17:00:55.846+0000] {logging_mixin.py:115} INFO - [2022-09-15T17:00:55.846+0000] {dag.py:2429} INFO - Sync 1 DAGs
[2022-09-15T17:00:55.867+0000] {logging_mixin.py:115} INFO - [2022-09-15T17:00:55.867+0000] {dag.py:2981} INFO - Setting next_dagrun for example_python_operator to None, run_after=None
[2022-09-15T17:00:55.876+0000] {processor.py:161} INFO - Processing /home/airflow/.local/lib/python3.7/site-packages/airflow/example_dags/example_python_operator.py took 0.091 seconds
[2022-09-15T17:01:26.570+0000] {processor.py:153} INFO - Started process (PID=2366) to work on /home/airflow/.local/lib/python3.7/site-packages/airflow/example_dags/example_python_operator.py
[2022-09-15T17:01:26.572+0000] {processor.py:640} INFO - Processing file /home/airflow/.local/lib/python3.7/site-packages/airflow/example_dags/example_python_operator.py for tasks to queue
[2022-09-15T17:01:26.573+0000] {logging_mixin.py:115} INFO - [2022-09-15T17:01:26.573+0000] {dagbag.py:508} INFO - Filling up the DagBag from /home/airflow/.local/lib/python3.7/site-packages/airflow/example_dags/example_python_operator.py
[2022-09-15T17:01:26.589+0000] {processor.py:650} INFO - DAG(s) dict_keys(['example_python_operator']) retrieved from /home/airflow/.local/lib/python3.7/site-packages/airflow/example_dags/example_python_operator.py
[2022-09-15T17:01:26.607+0000] {logging_mixin.py:115} INFO - [2022-09-15T17:01:26.607+0000] {dag.py:2429} INFO - Sync 1 DAGs
[2022-09-15T17:01:26.626+0000] {logging_mixin.py:115} INFO - [2022-09-15T17:01:26.626+0000] {dag.py:2981} INFO - Setting next_dagrun for example_python_operator to None, run_after=None
[2022-09-15T17:01:26.634+0000] {processor.py:161} INFO - Processing /home/airflow/.local/lib/python3.7/site-packages/airflow/example_dags/example_python_operator.py took 0.066 seconds
[2022-09-15T17:01:56.953+0000] {processor.py:153} INFO - Started process (PID=2435) to work on /home/airflow/.local/lib/python3.7/site-packages/airflow/example_dags/example_python_operator.py
[2022-09-15T17:01:56.955+0000] {processor.py:640} INFO - Processing file /home/airflow/.local/lib/python3.7/site-packages/airflow/example_dags/example_python_operator.py for tasks to queue
[2022-09-15T17:01:56.957+0000] {logging_mixin.py:115} INFO - [2022-09-15T17:01:56.956+0000] {dagbag.py:508} INFO - Filling up the DagBag from /home/airflow/.local/lib/python3.7/site-packages/airflow/example_dags/example_python_operator.py
[2022-09-15T17:01:56.969+0000] {processor.py:650} INFO - DAG(s) dict_keys(['example_python_operator']) retrieved from /home/airflow/.local/lib/python3.7/site-packages/airflow/example_dags/example_python_operator.py
[2022-09-15T17:01:56.990+0000] {logging_mixin.py:115} INFO - [2022-09-15T17:01:56.990+0000] {dag.py:2429} INFO - Sync 1 DAGs
[2022-09-15T17:01:57.012+0000] {logging_mixin.py:115} INFO - [2022-09-15T17:01:57.012+0000] {dag.py:2981} INFO - Setting next_dagrun for example_python_operator to None, run_after=None
[2022-09-15T17:01:57.022+0000] {processor.py:161} INFO - Processing /home/airflow/.local/lib/python3.7/site-packages/airflow/example_dags/example_python_operator.py took 0.072 seconds
[2022-09-15T17:02:27.095+0000] {processor.py:153} INFO - Started process (PID=2504) to work on /home/airflow/.local/lib/python3.7/site-packages/airflow/example_dags/example_python_operator.py
[2022-09-15T17:02:27.096+0000] {processor.py:640} INFO - Processing file /home/airflow/.local/lib/python3.7/site-packages/airflow/example_dags/example_python_operator.py for tasks to queue
[2022-09-15T17:02:27.097+0000] {logging_mixin.py:115} INFO - [2022-09-15T17:02:27.097+0000] {dagbag.py:508} INFO - Filling up the DagBag from /home/airflow/.local/lib/python3.7/site-packages/airflow/example_dags/example_python_operator.py
[2022-09-15T17:02:27.110+0000] {processor.py:650} INFO - DAG(s) dict_keys(['example_python_operator']) retrieved from /home/airflow/.local/lib/python3.7/site-packages/airflow/example_dags/example_python_operator.py
[2022-09-15T17:02:27.130+0000] {logging_mixin.py:115} INFO - [2022-09-15T17:02:27.130+0000] {dag.py:2429} INFO - Sync 1 DAGs
[2022-09-15T17:02:27.153+0000] {logging_mixin.py:115} INFO - [2022-09-15T17:02:27.153+0000] {dag.py:2981} INFO - Setting next_dagrun for example_python_operator to None, run_after=None
[2022-09-15T17:02:27.166+0000] {processor.py:161} INFO - Processing /home/airflow/.local/lib/python3.7/site-packages/airflow/example_dags/example_python_operator.py took 0.074 seconds
[2022-09-15T17:02:57.218+0000] {processor.py:153} INFO - Started process (PID=2572) to work on /home/airflow/.local/lib/python3.7/site-packages/airflow/example_dags/example_python_operator.py
[2022-09-15T17:02:57.219+0000] {processor.py:640} INFO - Processing file /home/airflow/.local/lib/python3.7/site-packages/airflow/example_dags/example_python_operator.py for tasks to queue
[2022-09-15T17:02:57.220+0000] {logging_mixin.py:115} INFO - [2022-09-15T17:02:57.220+0000] {dagbag.py:508} INFO - Filling up the DagBag from /home/airflow/.local/lib/python3.7/site-packages/airflow/example_dags/example_python_operator.py
[2022-09-15T17:02:57.230+0000] {processor.py:650} INFO - DAG(s) dict_keys(['example_python_operator']) retrieved from /home/airflow/.local/lib/python3.7/site-packages/airflow/example_dags/example_python_operator.py
[2022-09-15T17:02:57.249+0000] {logging_mixin.py:115} INFO - [2022-09-15T17:02:57.249+0000] {dag.py:2429} INFO - Sync 1 DAGs
[2022-09-15T17:02:57.263+0000] {logging_mixin.py:115} INFO - [2022-09-15T17:02:57.263+0000] {dag.py:2981} INFO - Setting next_dagrun for example_python_operator to None, run_after=None
[2022-09-15T17:02:57.272+0000] {processor.py:161} INFO - Processing /home/airflow/.local/lib/python3.7/site-packages/airflow/example_dags/example_python_operator.py took 0.056 seconds
[2022-09-15T17:03:27.471+0000] {processor.py:153} INFO - Started process (PID=2632) to work on /home/airflow/.local/lib/python3.7/site-packages/airflow/example_dags/example_python_operator.py
[2022-09-15T17:03:27.473+0000] {processor.py:640} INFO - Processing file /home/airflow/.local/lib/python3.7/site-packages/airflow/example_dags/example_python_operator.py for tasks to queue
[2022-09-15T17:03:27.475+0000] {logging_mixin.py:115} INFO - [2022-09-15T17:03:27.475+0000] {dagbag.py:508} INFO - Filling up the DagBag from /home/airflow/.local/lib/python3.7/site-packages/airflow/example_dags/example_python_operator.py
[2022-09-15T17:03:27.488+0000] {processor.py:650} INFO - DAG(s) dict_keys(['example_python_operator']) retrieved from /home/airflow/.local/lib/python3.7/site-packages/airflow/example_dags/example_python_operator.py
[2022-09-15T17:03:27.508+0000] {logging_mixin.py:115} INFO - [2022-09-15T17:03:27.508+0000] {dag.py:2429} INFO - Sync 1 DAGs
[2022-09-15T17:03:27.525+0000] {logging_mixin.py:115} INFO - [2022-09-15T17:03:27.525+0000] {dag.py:2981} INFO - Setting next_dagrun for example_python_operator to None, run_after=None
[2022-09-15T17:03:27.534+0000] {processor.py:161} INFO - Processing /home/airflow/.local/lib/python3.7/site-packages/airflow/example_dags/example_python_operator.py took 0.066 seconds
[2022-09-15T17:03:57.714+0000] {processor.py:153} INFO - Started process (PID=2700) to work on /home/airflow/.local/lib/python3.7/site-packages/airflow/example_dags/example_python_operator.py
[2022-09-15T17:03:57.716+0000] {processor.py:640} INFO - Processing file /home/airflow/.local/lib/python3.7/site-packages/airflow/example_dags/example_python_operator.py for tasks to queue
[2022-09-15T17:03:57.717+0000] {logging_mixin.py:115} INFO - [2022-09-15T17:03:57.717+0000] {dagbag.py:508} INFO - Filling up the DagBag from /home/airflow/.local/lib/python3.7/site-packages/airflow/example_dags/example_python_operator.py
[2022-09-15T17:03:57.734+0000] {processor.py:650} INFO - DAG(s) dict_keys(['example_python_operator']) retrieved from /home/airflow/.local/lib/python3.7/site-packages/airflow/example_dags/example_python_operator.py
[2022-09-15T17:03:57.752+0000] {logging_mixin.py:115} INFO - [2022-09-15T17:03:57.752+0000] {dag.py:2429} INFO - Sync 1 DAGs
[2022-09-15T17:03:57.768+0000] {logging_mixin.py:115} INFO - [2022-09-15T17:03:57.768+0000] {dag.py:2981} INFO - Setting next_dagrun for example_python_operator to None, run_after=None
[2022-09-15T17:03:57.776+0000] {processor.py:161} INFO - Processing /home/airflow/.local/lib/python3.7/site-packages/airflow/example_dags/example_python_operator.py took 0.064 seconds
[2022-09-15T17:04:27.920+0000] {processor.py:153} INFO - Started process (PID=2768) to work on /home/airflow/.local/lib/python3.7/site-packages/airflow/example_dags/example_python_operator.py
[2022-09-15T17:04:27.922+0000] {processor.py:640} INFO - Processing file /home/airflow/.local/lib/python3.7/site-packages/airflow/example_dags/example_python_operator.py for tasks to queue
[2022-09-15T17:04:27.923+0000] {logging_mixin.py:115} INFO - [2022-09-15T17:04:27.923+0000] {dagbag.py:508} INFO - Filling up the DagBag from /home/airflow/.local/lib/python3.7/site-packages/airflow/example_dags/example_python_operator.py
[2022-09-15T17:04:27.934+0000] {processor.py:650} INFO - DAG(s) dict_keys(['example_python_operator']) retrieved from /home/airflow/.local/lib/python3.7/site-packages/airflow/example_dags/example_python_operator.py
[2022-09-15T17:04:27.953+0000] {logging_mixin.py:115} INFO - [2022-09-15T17:04:27.953+0000] {dag.py:2429} INFO - Sync 1 DAGs
[2022-09-15T17:04:27.969+0000] {logging_mixin.py:115} INFO - [2022-09-15T17:04:27.969+0000] {dag.py:2981} INFO - Setting next_dagrun for example_python_operator to None, run_after=None
[2022-09-15T17:04:27.978+0000] {processor.py:161} INFO - Processing /home/airflow/.local/lib/python3.7/site-packages/airflow/example_dags/example_python_operator.py took 0.060 seconds
[2022-09-15T17:04:58.124+0000] {processor.py:153} INFO - Started process (PID=2836) to work on /home/airflow/.local/lib/python3.7/site-packages/airflow/example_dags/example_python_operator.py
[2022-09-15T17:04:58.126+0000] {processor.py:640} INFO - Processing file /home/airflow/.local/lib/python3.7/site-packages/airflow/example_dags/example_python_operator.py for tasks to queue
[2022-09-15T17:04:58.127+0000] {logging_mixin.py:115} INFO - [2022-09-15T17:04:58.127+0000] {dagbag.py:508} INFO - Filling up the DagBag from /home/airflow/.local/lib/python3.7/site-packages/airflow/example_dags/example_python_operator.py
[2022-09-15T17:04:58.139+0000] {processor.py:650} INFO - DAG(s) dict_keys(['example_python_operator']) retrieved from /home/airflow/.local/lib/python3.7/site-packages/airflow/example_dags/example_python_operator.py
[2022-09-15T17:04:58.162+0000] {logging_mixin.py:115} INFO - [2022-09-15T17:04:58.162+0000] {dag.py:2429} INFO - Sync 1 DAGs
[2022-09-15T17:04:58.183+0000] {logging_mixin.py:115} INFO - [2022-09-15T17:04:58.183+0000] {dag.py:2981} INFO - Setting next_dagrun for example_python_operator to None, run_after=None
[2022-09-15T17:04:58.192+0000] {processor.py:161} INFO - Processing /home/airflow/.local/lib/python3.7/site-packages/airflow/example_dags/example_python_operator.py took 0.070 seconds
