[2022-09-15T16:43:33.540+0000] {processor.py:153} INFO - Started process (PID=75) to work on /home/airflow/.local/lib/python3.7/site-packages/airflow/example_dags/example_kubernetes_executor.py
[2022-09-15T16:43:33.542+0000] {processor.py:640} INFO - Processing file /home/airflow/.local/lib/python3.7/site-packages/airflow/example_dags/example_kubernetes_executor.py for tasks to queue
[2022-09-15T16:43:33.543+0000] {logging_mixin.py:115} INFO - [2022-09-15T16:43:33.543+0000] {dagbag.py:508} INFO - Filling up the DagBag from /home/airflow/.local/lib/python3.7/site-packages/airflow/example_dags/example_kubernetes_executor.py
[2022-09-15T16:43:33.594+0000] {processor.py:650} INFO - DAG(s) dict_keys(['example_kubernetes_executor']) retrieved from /home/airflow/.local/lib/python3.7/site-packages/airflow/example_dags/example_kubernetes_executor.py
[2022-09-15T16:43:33.731+0000] {logging_mixin.py:115} INFO - [2022-09-15T16:43:33.731+0000] {manager.py:508} INFO - Created Permission View: can delete on DAG:example_kubernetes_executor
[2022-09-15T16:43:33.748+0000] {logging_mixin.py:115} INFO - [2022-09-15T16:43:33.747+0000] {manager.py:508} INFO - Created Permission View: can read on DAG:example_kubernetes_executor
[2022-09-15T16:43:33.755+0000] {logging_mixin.py:115} INFO - [2022-09-15T16:43:33.755+0000] {manager.py:508} INFO - Created Permission View: can edit on DAG:example_kubernetes_executor
[2022-09-15T16:43:33.757+0000] {logging_mixin.py:115} INFO - [2022-09-15T16:43:33.756+0000] {dag.py:2429} INFO - Sync 1 DAGs
[2022-09-15T16:43:33.765+0000] {logging_mixin.py:115} INFO - [2022-09-15T16:43:33.765+0000] {dag.py:2448} INFO - Creating ORM DAG for example_kubernetes_executor
[2022-09-15T16:43:33.783+0000] {logging_mixin.py:115} INFO - [2022-09-15T16:43:33.783+0000] {dag.py:2981} INFO - Setting next_dagrun for example_kubernetes_executor to None, run_after=None
[2022-09-15T16:43:33.825+0000] {processor.py:161} INFO - Processing /home/airflow/.local/lib/python3.7/site-packages/airflow/example_dags/example_kubernetes_executor.py took 0.288 seconds
[2022-09-15T16:44:04.052+0000] {processor.py:153} INFO - Started process (PID=141) to work on /home/airflow/.local/lib/python3.7/site-packages/airflow/example_dags/example_kubernetes_executor.py
[2022-09-15T16:44:04.054+0000] {processor.py:640} INFO - Processing file /home/airflow/.local/lib/python3.7/site-packages/airflow/example_dags/example_kubernetes_executor.py for tasks to queue
[2022-09-15T16:44:04.055+0000] {logging_mixin.py:115} INFO - [2022-09-15T16:44:04.055+0000] {dagbag.py:508} INFO - Filling up the DagBag from /home/airflow/.local/lib/python3.7/site-packages/airflow/example_dags/example_kubernetes_executor.py
[2022-09-15T16:44:04.071+0000] {processor.py:650} INFO - DAG(s) dict_keys(['example_kubernetes_executor']) retrieved from /home/airflow/.local/lib/python3.7/site-packages/airflow/example_dags/example_kubernetes_executor.py
[2022-09-15T16:44:04.090+0000] {logging_mixin.py:115} INFO - [2022-09-15T16:44:04.090+0000] {dag.py:2429} INFO - Sync 1 DAGs
[2022-09-15T16:44:04.107+0000] {logging_mixin.py:115} INFO - [2022-09-15T16:44:04.106+0000] {dag.py:2981} INFO - Setting next_dagrun for example_kubernetes_executor to None, run_after=None
[2022-09-15T16:44:04.115+0000] {processor.py:161} INFO - Processing /home/airflow/.local/lib/python3.7/site-packages/airflow/example_dags/example_kubernetes_executor.py took 0.065 seconds
[2022-09-15T16:44:34.302+0000] {processor.py:153} INFO - Started process (PID=197) to work on /home/airflow/.local/lib/python3.7/site-packages/airflow/example_dags/example_kubernetes_executor.py
[2022-09-15T16:44:34.304+0000] {processor.py:640} INFO - Processing file /home/airflow/.local/lib/python3.7/site-packages/airflow/example_dags/example_kubernetes_executor.py for tasks to queue
[2022-09-15T16:44:34.306+0000] {logging_mixin.py:115} INFO - [2022-09-15T16:44:34.305+0000] {dagbag.py:508} INFO - Filling up the DagBag from /home/airflow/.local/lib/python3.7/site-packages/airflow/example_dags/example_kubernetes_executor.py
[2022-09-15T16:44:34.322+0000] {processor.py:650} INFO - DAG(s) dict_keys(['example_kubernetes_executor']) retrieved from /home/airflow/.local/lib/python3.7/site-packages/airflow/example_dags/example_kubernetes_executor.py
[2022-09-15T16:44:34.349+0000] {logging_mixin.py:115} INFO - [2022-09-15T16:44:34.349+0000] {dag.py:2429} INFO - Sync 1 DAGs
[2022-09-15T16:44:34.366+0000] {logging_mixin.py:115} INFO - [2022-09-15T16:44:34.366+0000] {dag.py:2981} INFO - Setting next_dagrun for example_kubernetes_executor to None, run_after=None
[2022-09-15T16:44:34.378+0000] {processor.py:161} INFO - Processing /home/airflow/.local/lib/python3.7/site-packages/airflow/example_dags/example_kubernetes_executor.py took 0.078 seconds
[2022-09-15T16:45:04.499+0000] {processor.py:153} INFO - Started process (PID=263) to work on /home/airflow/.local/lib/python3.7/site-packages/airflow/example_dags/example_kubernetes_executor.py
[2022-09-15T16:45:04.501+0000] {processor.py:640} INFO - Processing file /home/airflow/.local/lib/python3.7/site-packages/airflow/example_dags/example_kubernetes_executor.py for tasks to queue
[2022-09-15T16:45:04.502+0000] {logging_mixin.py:115} INFO - [2022-09-15T16:45:04.502+0000] {dagbag.py:508} INFO - Filling up the DagBag from /home/airflow/.local/lib/python3.7/site-packages/airflow/example_dags/example_kubernetes_executor.py
[2022-09-15T16:45:04.518+0000] {processor.py:650} INFO - DAG(s) dict_keys(['example_kubernetes_executor']) retrieved from /home/airflow/.local/lib/python3.7/site-packages/airflow/example_dags/example_kubernetes_executor.py
[2022-09-15T16:45:04.542+0000] {logging_mixin.py:115} INFO - [2022-09-15T16:45:04.541+0000] {dag.py:2429} INFO - Sync 1 DAGs
[2022-09-15T16:45:04.559+0000] {logging_mixin.py:115} INFO - [2022-09-15T16:45:04.559+0000] {dag.py:2981} INFO - Setting next_dagrun for example_kubernetes_executor to None, run_after=None
[2022-09-15T16:45:04.568+0000] {processor.py:161} INFO - Processing /home/airflow/.local/lib/python3.7/site-packages/airflow/example_dags/example_kubernetes_executor.py took 0.072 seconds
[2022-09-15T16:45:34.684+0000] {processor.py:153} INFO - Started process (PID=330) to work on /home/airflow/.local/lib/python3.7/site-packages/airflow/example_dags/example_kubernetes_executor.py
[2022-09-15T16:45:34.686+0000] {processor.py:640} INFO - Processing file /home/airflow/.local/lib/python3.7/site-packages/airflow/example_dags/example_kubernetes_executor.py for tasks to queue
[2022-09-15T16:45:34.687+0000] {logging_mixin.py:115} INFO - [2022-09-15T16:45:34.687+0000] {dagbag.py:508} INFO - Filling up the DagBag from /home/airflow/.local/lib/python3.7/site-packages/airflow/example_dags/example_kubernetes_executor.py
[2022-09-15T16:45:34.703+0000] {processor.py:650} INFO - DAG(s) dict_keys(['example_kubernetes_executor']) retrieved from /home/airflow/.local/lib/python3.7/site-packages/airflow/example_dags/example_kubernetes_executor.py
[2022-09-15T16:45:34.722+0000] {logging_mixin.py:115} INFO - [2022-09-15T16:45:34.722+0000] {dag.py:2429} INFO - Sync 1 DAGs
[2022-09-15T16:45:34.737+0000] {logging_mixin.py:115} INFO - [2022-09-15T16:45:34.737+0000] {dag.py:2981} INFO - Setting next_dagrun for example_kubernetes_executor to None, run_after=None
[2022-09-15T16:45:34.746+0000] {processor.py:161} INFO - Processing /home/airflow/.local/lib/python3.7/site-packages/airflow/example_dags/example_kubernetes_executor.py took 0.064 seconds
[2022-09-15T16:46:05.695+0000] {processor.py:153} INFO - Started process (PID=397) to work on /home/airflow/.local/lib/python3.7/site-packages/airflow/example_dags/example_kubernetes_executor.py
[2022-09-15T16:46:05.697+0000] {processor.py:640} INFO - Processing file /home/airflow/.local/lib/python3.7/site-packages/airflow/example_dags/example_kubernetes_executor.py for tasks to queue
[2022-09-15T16:46:05.698+0000] {logging_mixin.py:115} INFO - [2022-09-15T16:46:05.698+0000] {dagbag.py:508} INFO - Filling up the DagBag from /home/airflow/.local/lib/python3.7/site-packages/airflow/example_dags/example_kubernetes_executor.py
[2022-09-15T16:46:05.715+0000] {processor.py:650} INFO - DAG(s) dict_keys(['example_kubernetes_executor']) retrieved from /home/airflow/.local/lib/python3.7/site-packages/airflow/example_dags/example_kubernetes_executor.py
[2022-09-15T16:46:05.737+0000] {logging_mixin.py:115} INFO - [2022-09-15T16:46:05.737+0000] {dag.py:2429} INFO - Sync 1 DAGs
[2022-09-15T16:46:05.754+0000] {logging_mixin.py:115} INFO - [2022-09-15T16:46:05.754+0000] {dag.py:2981} INFO - Setting next_dagrun for example_kubernetes_executor to None, run_after=None
[2022-09-15T16:46:05.765+0000] {processor.py:161} INFO - Processing /home/airflow/.local/lib/python3.7/site-packages/airflow/example_dags/example_kubernetes_executor.py took 0.072 seconds
[2022-09-15T16:46:36.647+0000] {processor.py:153} INFO - Started process (PID=463) to work on /home/airflow/.local/lib/python3.7/site-packages/airflow/example_dags/example_kubernetes_executor.py
[2022-09-15T16:46:36.649+0000] {processor.py:640} INFO - Processing file /home/airflow/.local/lib/python3.7/site-packages/airflow/example_dags/example_kubernetes_executor.py for tasks to queue
[2022-09-15T16:46:36.650+0000] {logging_mixin.py:115} INFO - [2022-09-15T16:46:36.650+0000] {dagbag.py:508} INFO - Filling up the DagBag from /home/airflow/.local/lib/python3.7/site-packages/airflow/example_dags/example_kubernetes_executor.py
[2022-09-15T16:46:36.666+0000] {processor.py:650} INFO - DAG(s) dict_keys(['example_kubernetes_executor']) retrieved from /home/airflow/.local/lib/python3.7/site-packages/airflow/example_dags/example_kubernetes_executor.py
[2022-09-15T16:46:36.686+0000] {logging_mixin.py:115} INFO - [2022-09-15T16:46:36.686+0000] {dag.py:2429} INFO - Sync 1 DAGs
[2022-09-15T16:46:36.702+0000] {logging_mixin.py:115} INFO - [2022-09-15T16:46:36.701+0000] {dag.py:2981} INFO - Setting next_dagrun for example_kubernetes_executor to None, run_after=None
[2022-09-15T16:46:36.709+0000] {processor.py:161} INFO - Processing /home/airflow/.local/lib/python3.7/site-packages/airflow/example_dags/example_kubernetes_executor.py took 0.065 seconds
[2022-09-15T16:47:07.559+0000] {processor.py:153} INFO - Started process (PID=532) to work on /home/airflow/.local/lib/python3.7/site-packages/airflow/example_dags/example_kubernetes_executor.py
[2022-09-15T16:47:07.561+0000] {processor.py:640} INFO - Processing file /home/airflow/.local/lib/python3.7/site-packages/airflow/example_dags/example_kubernetes_executor.py for tasks to queue
[2022-09-15T16:47:07.562+0000] {logging_mixin.py:115} INFO - [2022-09-15T16:47:07.562+0000] {dagbag.py:508} INFO - Filling up the DagBag from /home/airflow/.local/lib/python3.7/site-packages/airflow/example_dags/example_kubernetes_executor.py
[2022-09-15T16:47:07.583+0000] {processor.py:650} INFO - DAG(s) dict_keys(['example_kubernetes_executor']) retrieved from /home/airflow/.local/lib/python3.7/site-packages/airflow/example_dags/example_kubernetes_executor.py
[2022-09-15T16:47:07.605+0000] {logging_mixin.py:115} INFO - [2022-09-15T16:47:07.604+0000] {dag.py:2429} INFO - Sync 1 DAGs
[2022-09-15T16:47:07.619+0000] {logging_mixin.py:115} INFO - [2022-09-15T16:47:07.619+0000] {dag.py:2981} INFO - Setting next_dagrun for example_kubernetes_executor to None, run_after=None
[2022-09-15T16:47:07.627+0000] {processor.py:161} INFO - Processing /home/airflow/.local/lib/python3.7/site-packages/airflow/example_dags/example_kubernetes_executor.py took 0.071 seconds
[2022-09-15T16:47:38.479+0000] {processor.py:153} INFO - Started process (PID=590) to work on /home/airflow/.local/lib/python3.7/site-packages/airflow/example_dags/example_kubernetes_executor.py
[2022-09-15T16:47:38.481+0000] {processor.py:640} INFO - Processing file /home/airflow/.local/lib/python3.7/site-packages/airflow/example_dags/example_kubernetes_executor.py for tasks to queue
[2022-09-15T16:47:38.482+0000] {logging_mixin.py:115} INFO - [2022-09-15T16:47:38.482+0000] {dagbag.py:508} INFO - Filling up the DagBag from /home/airflow/.local/lib/python3.7/site-packages/airflow/example_dags/example_kubernetes_executor.py
[2022-09-15T16:47:38.499+0000] {processor.py:650} INFO - DAG(s) dict_keys(['example_kubernetes_executor']) retrieved from /home/airflow/.local/lib/python3.7/site-packages/airflow/example_dags/example_kubernetes_executor.py
[2022-09-15T16:47:38.519+0000] {logging_mixin.py:115} INFO - [2022-09-15T16:47:38.519+0000] {dag.py:2429} INFO - Sync 1 DAGs
[2022-09-15T16:47:38.534+0000] {logging_mixin.py:115} INFO - [2022-09-15T16:47:38.534+0000] {dag.py:2981} INFO - Setting next_dagrun for example_kubernetes_executor to None, run_after=None
[2022-09-15T16:47:38.542+0000] {processor.py:161} INFO - Processing /home/airflow/.local/lib/python3.7/site-packages/airflow/example_dags/example_kubernetes_executor.py took 0.065 seconds
[2022-09-15T16:48:09.292+0000] {processor.py:153} INFO - Started process (PID=658) to work on /home/airflow/.local/lib/python3.7/site-packages/airflow/example_dags/example_kubernetes_executor.py
[2022-09-15T16:48:09.294+0000] {processor.py:640} INFO - Processing file /home/airflow/.local/lib/python3.7/site-packages/airflow/example_dags/example_kubernetes_executor.py for tasks to queue
[2022-09-15T16:48:09.295+0000] {logging_mixin.py:115} INFO - [2022-09-15T16:48:09.295+0000] {dagbag.py:508} INFO - Filling up the DagBag from /home/airflow/.local/lib/python3.7/site-packages/airflow/example_dags/example_kubernetes_executor.py
[2022-09-15T16:48:09.312+0000] {processor.py:650} INFO - DAG(s) dict_keys(['example_kubernetes_executor']) retrieved from /home/airflow/.local/lib/python3.7/site-packages/airflow/example_dags/example_kubernetes_executor.py
[2022-09-15T16:48:09.334+0000] {logging_mixin.py:115} INFO - [2022-09-15T16:48:09.333+0000] {dag.py:2429} INFO - Sync 1 DAGs
[2022-09-15T16:48:09.348+0000] {logging_mixin.py:115} INFO - [2022-09-15T16:48:09.348+0000] {dag.py:2981} INFO - Setting next_dagrun for example_kubernetes_executor to None, run_after=None
[2022-09-15T16:48:09.357+0000] {processor.py:161} INFO - Processing /home/airflow/.local/lib/python3.7/site-packages/airflow/example_dags/example_kubernetes_executor.py took 0.067 seconds
[2022-09-15T16:48:39.503+0000] {processor.py:153} INFO - Started process (PID=723) to work on /home/airflow/.local/lib/python3.7/site-packages/airflow/example_dags/example_kubernetes_executor.py
[2022-09-15T16:48:39.505+0000] {processor.py:640} INFO - Processing file /home/airflow/.local/lib/python3.7/site-packages/airflow/example_dags/example_kubernetes_executor.py for tasks to queue
[2022-09-15T16:48:39.506+0000] {logging_mixin.py:115} INFO - [2022-09-15T16:48:39.506+0000] {dagbag.py:508} INFO - Filling up the DagBag from /home/airflow/.local/lib/python3.7/site-packages/airflow/example_dags/example_kubernetes_executor.py
[2022-09-15T16:48:39.524+0000] {processor.py:650} INFO - DAG(s) dict_keys(['example_kubernetes_executor']) retrieved from /home/airflow/.local/lib/python3.7/site-packages/airflow/example_dags/example_kubernetes_executor.py
[2022-09-15T16:48:39.555+0000] {logging_mixin.py:115} INFO - [2022-09-15T16:48:39.555+0000] {dag.py:2429} INFO - Sync 1 DAGs
[2022-09-15T16:48:39.571+0000] {logging_mixin.py:115} INFO - [2022-09-15T16:48:39.570+0000] {dag.py:2981} INFO - Setting next_dagrun for example_kubernetes_executor to None, run_after=None
[2022-09-15T16:48:39.581+0000] {processor.py:161} INFO - Processing /home/airflow/.local/lib/python3.7/site-packages/airflow/example_dags/example_kubernetes_executor.py took 0.081 seconds
[2022-09-15T16:49:10.529+0000] {processor.py:153} INFO - Started process (PID=789) to work on /home/airflow/.local/lib/python3.7/site-packages/airflow/example_dags/example_kubernetes_executor.py
[2022-09-15T16:49:10.535+0000] {processor.py:640} INFO - Processing file /home/airflow/.local/lib/python3.7/site-packages/airflow/example_dags/example_kubernetes_executor.py for tasks to queue
[2022-09-15T16:49:10.536+0000] {logging_mixin.py:115} INFO - [2022-09-15T16:49:10.536+0000] {dagbag.py:508} INFO - Filling up the DagBag from /home/airflow/.local/lib/python3.7/site-packages/airflow/example_dags/example_kubernetes_executor.py
[2022-09-15T16:49:10.553+0000] {processor.py:650} INFO - DAG(s) dict_keys(['example_kubernetes_executor']) retrieved from /home/airflow/.local/lib/python3.7/site-packages/airflow/example_dags/example_kubernetes_executor.py
[2022-09-15T16:49:10.574+0000] {logging_mixin.py:115} INFO - [2022-09-15T16:49:10.574+0000] {dag.py:2429} INFO - Sync 1 DAGs
[2022-09-15T16:49:10.591+0000] {logging_mixin.py:115} INFO - [2022-09-15T16:49:10.591+0000] {dag.py:2981} INFO - Setting next_dagrun for example_kubernetes_executor to None, run_after=None
[2022-09-15T16:49:10.600+0000] {processor.py:161} INFO - Processing /home/airflow/.local/lib/python3.7/site-packages/airflow/example_dags/example_kubernetes_executor.py took 0.073 seconds
[2022-09-15T16:49:40.743+0000] {processor.py:153} INFO - Started process (PID=856) to work on /home/airflow/.local/lib/python3.7/site-packages/airflow/example_dags/example_kubernetes_executor.py
[2022-09-15T16:49:40.746+0000] {processor.py:640} INFO - Processing file /home/airflow/.local/lib/python3.7/site-packages/airflow/example_dags/example_kubernetes_executor.py for tasks to queue
[2022-09-15T16:49:40.748+0000] {logging_mixin.py:115} INFO - [2022-09-15T16:49:40.747+0000] {dagbag.py:508} INFO - Filling up the DagBag from /home/airflow/.local/lib/python3.7/site-packages/airflow/example_dags/example_kubernetes_executor.py
[2022-09-15T16:49:40.766+0000] {processor.py:650} INFO - DAG(s) dict_keys(['example_kubernetes_executor']) retrieved from /home/airflow/.local/lib/python3.7/site-packages/airflow/example_dags/example_kubernetes_executor.py
[2022-09-15T16:49:40.790+0000] {logging_mixin.py:115} INFO - [2022-09-15T16:49:40.790+0000] {dag.py:2429} INFO - Sync 1 DAGs
[2022-09-15T16:49:40.820+0000] {logging_mixin.py:115} INFO - [2022-09-15T16:49:40.820+0000] {dag.py:2981} INFO - Setting next_dagrun for example_kubernetes_executor to None, run_after=None
[2022-09-15T16:49:40.830+0000] {processor.py:161} INFO - Processing /home/airflow/.local/lib/python3.7/site-packages/airflow/example_dags/example_kubernetes_executor.py took 0.090 seconds
[2022-09-15T16:50:10.939+0000] {processor.py:153} INFO - Started process (PID=924) to work on /home/airflow/.local/lib/python3.7/site-packages/airflow/example_dags/example_kubernetes_executor.py
[2022-09-15T16:50:10.940+0000] {processor.py:640} INFO - Processing file /home/airflow/.local/lib/python3.7/site-packages/airflow/example_dags/example_kubernetes_executor.py for tasks to queue
[2022-09-15T16:50:10.942+0000] {logging_mixin.py:115} INFO - [2022-09-15T16:50:10.942+0000] {dagbag.py:508} INFO - Filling up the DagBag from /home/airflow/.local/lib/python3.7/site-packages/airflow/example_dags/example_kubernetes_executor.py
[2022-09-15T16:50:10.960+0000] {processor.py:650} INFO - DAG(s) dict_keys(['example_kubernetes_executor']) retrieved from /home/airflow/.local/lib/python3.7/site-packages/airflow/example_dags/example_kubernetes_executor.py
[2022-09-15T16:50:10.981+0000] {logging_mixin.py:115} INFO - [2022-09-15T16:50:10.980+0000] {dag.py:2429} INFO - Sync 1 DAGs
[2022-09-15T16:50:11.000+0000] {logging_mixin.py:115} INFO - [2022-09-15T16:50:11.000+0000] {dag.py:2981} INFO - Setting next_dagrun for example_kubernetes_executor to None, run_after=None
[2022-09-15T16:50:11.011+0000] {processor.py:161} INFO - Processing /home/airflow/.local/lib/python3.7/site-packages/airflow/example_dags/example_kubernetes_executor.py took 0.076 seconds
[2022-09-15T16:50:41.822+0000] {processor.py:153} INFO - Started process (PID=982) to work on /home/airflow/.local/lib/python3.7/site-packages/airflow/example_dags/example_kubernetes_executor.py
[2022-09-15T16:50:41.823+0000] {processor.py:640} INFO - Processing file /home/airflow/.local/lib/python3.7/site-packages/airflow/example_dags/example_kubernetes_executor.py for tasks to queue
[2022-09-15T16:50:41.825+0000] {logging_mixin.py:115} INFO - [2022-09-15T16:50:41.825+0000] {dagbag.py:508} INFO - Filling up the DagBag from /home/airflow/.local/lib/python3.7/site-packages/airflow/example_dags/example_kubernetes_executor.py
[2022-09-15T16:50:41.852+0000] {processor.py:650} INFO - DAG(s) dict_keys(['example_kubernetes_executor']) retrieved from /home/airflow/.local/lib/python3.7/site-packages/airflow/example_dags/example_kubernetes_executor.py
[2022-09-15T16:50:41.897+0000] {logging_mixin.py:115} INFO - [2022-09-15T16:50:41.897+0000] {dag.py:2429} INFO - Sync 1 DAGs
[2022-09-15T16:50:41.916+0000] {logging_mixin.py:115} INFO - [2022-09-15T16:50:41.916+0000] {dag.py:2981} INFO - Setting next_dagrun for example_kubernetes_executor to None, run_after=None
[2022-09-15T16:50:41.930+0000] {processor.py:161} INFO - Processing /home/airflow/.local/lib/python3.7/site-packages/airflow/example_dags/example_kubernetes_executor.py took 0.112 seconds
[2022-09-15T16:51:12.645+0000] {processor.py:153} INFO - Started process (PID=1048) to work on /home/airflow/.local/lib/python3.7/site-packages/airflow/example_dags/example_kubernetes_executor.py
[2022-09-15T16:51:12.647+0000] {processor.py:640} INFO - Processing file /home/airflow/.local/lib/python3.7/site-packages/airflow/example_dags/example_kubernetes_executor.py for tasks to queue
[2022-09-15T16:51:12.648+0000] {logging_mixin.py:115} INFO - [2022-09-15T16:51:12.648+0000] {dagbag.py:508} INFO - Filling up the DagBag from /home/airflow/.local/lib/python3.7/site-packages/airflow/example_dags/example_kubernetes_executor.py
[2022-09-15T16:51:12.664+0000] {processor.py:650} INFO - DAG(s) dict_keys(['example_kubernetes_executor']) retrieved from /home/airflow/.local/lib/python3.7/site-packages/airflow/example_dags/example_kubernetes_executor.py
[2022-09-15T16:51:12.683+0000] {logging_mixin.py:115} INFO - [2022-09-15T16:51:12.683+0000] {dag.py:2429} INFO - Sync 1 DAGs
[2022-09-15T16:51:12.700+0000] {logging_mixin.py:115} INFO - [2022-09-15T16:51:12.700+0000] {dag.py:2981} INFO - Setting next_dagrun for example_kubernetes_executor to None, run_after=None
[2022-09-15T16:51:12.708+0000] {processor.py:161} INFO - Processing /home/airflow/.local/lib/python3.7/site-packages/airflow/example_dags/example_kubernetes_executor.py took 0.066 seconds
[2022-09-15T16:51:43.714+0000] {processor.py:153} INFO - Started process (PID=1118) to work on /home/airflow/.local/lib/python3.7/site-packages/airflow/example_dags/example_kubernetes_executor.py
[2022-09-15T16:51:43.716+0000] {processor.py:640} INFO - Processing file /home/airflow/.local/lib/python3.7/site-packages/airflow/example_dags/example_kubernetes_executor.py for tasks to queue
[2022-09-15T16:51:43.717+0000] {logging_mixin.py:115} INFO - [2022-09-15T16:51:43.717+0000] {dagbag.py:508} INFO - Filling up the DagBag from /home/airflow/.local/lib/python3.7/site-packages/airflow/example_dags/example_kubernetes_executor.py
[2022-09-15T16:51:43.733+0000] {processor.py:650} INFO - DAG(s) dict_keys(['example_kubernetes_executor']) retrieved from /home/airflow/.local/lib/python3.7/site-packages/airflow/example_dags/example_kubernetes_executor.py
[2022-09-15T16:51:43.752+0000] {logging_mixin.py:115} INFO - [2022-09-15T16:51:43.752+0000] {dag.py:2429} INFO - Sync 1 DAGs
[2022-09-15T16:51:43.768+0000] {logging_mixin.py:115} INFO - [2022-09-15T16:51:43.767+0000] {dag.py:2981} INFO - Setting next_dagrun for example_kubernetes_executor to None, run_after=None
[2022-09-15T16:51:43.777+0000] {processor.py:161} INFO - Processing /home/airflow/.local/lib/python3.7/site-packages/airflow/example_dags/example_kubernetes_executor.py took 0.065 seconds
[2022-09-15T16:52:14.637+0000] {processor.py:153} INFO - Started process (PID=1183) to work on /home/airflow/.local/lib/python3.7/site-packages/airflow/example_dags/example_kubernetes_executor.py
[2022-09-15T16:52:14.640+0000] {processor.py:640} INFO - Processing file /home/airflow/.local/lib/python3.7/site-packages/airflow/example_dags/example_kubernetes_executor.py for tasks to queue
[2022-09-15T16:52:14.643+0000] {logging_mixin.py:115} INFO - [2022-09-15T16:52:14.643+0000] {dagbag.py:508} INFO - Filling up the DagBag from /home/airflow/.local/lib/python3.7/site-packages/airflow/example_dags/example_kubernetes_executor.py
[2022-09-15T16:52:14.662+0000] {processor.py:650} INFO - DAG(s) dict_keys(['example_kubernetes_executor']) retrieved from /home/airflow/.local/lib/python3.7/site-packages/airflow/example_dags/example_kubernetes_executor.py
[2022-09-15T16:52:14.687+0000] {logging_mixin.py:115} INFO - [2022-09-15T16:52:14.687+0000] {dag.py:2429} INFO - Sync 1 DAGs
[2022-09-15T16:52:14.704+0000] {logging_mixin.py:115} INFO - [2022-09-15T16:52:14.704+0000] {dag.py:2981} INFO - Setting next_dagrun for example_kubernetes_executor to None, run_after=None
[2022-09-15T16:52:14.712+0000] {processor.py:161} INFO - Processing /home/airflow/.local/lib/python3.7/site-packages/airflow/example_dags/example_kubernetes_executor.py took 0.078 seconds
[2022-09-15T16:52:45.671+0000] {processor.py:153} INFO - Started process (PID=1251) to work on /home/airflow/.local/lib/python3.7/site-packages/airflow/example_dags/example_kubernetes_executor.py
[2022-09-15T16:52:45.673+0000] {processor.py:640} INFO - Processing file /home/airflow/.local/lib/python3.7/site-packages/airflow/example_dags/example_kubernetes_executor.py for tasks to queue
[2022-09-15T16:52:45.674+0000] {logging_mixin.py:115} INFO - [2022-09-15T16:52:45.674+0000] {dagbag.py:508} INFO - Filling up the DagBag from /home/airflow/.local/lib/python3.7/site-packages/airflow/example_dags/example_kubernetes_executor.py
[2022-09-15T16:52:45.689+0000] {processor.py:650} INFO - DAG(s) dict_keys(['example_kubernetes_executor']) retrieved from /home/airflow/.local/lib/python3.7/site-packages/airflow/example_dags/example_kubernetes_executor.py
[2022-09-15T16:52:45.711+0000] {logging_mixin.py:115} INFO - [2022-09-15T16:52:45.711+0000] {dag.py:2429} INFO - Sync 1 DAGs
[2022-09-15T16:52:45.726+0000] {logging_mixin.py:115} INFO - [2022-09-15T16:52:45.726+0000] {dag.py:2981} INFO - Setting next_dagrun for example_kubernetes_executor to None, run_after=None
[2022-09-15T16:52:45.734+0000] {processor.py:161} INFO - Processing /home/airflow/.local/lib/python3.7/site-packages/airflow/example_dags/example_kubernetes_executor.py took 0.066 seconds
[2022-09-15T16:53:16.025+0000] {processor.py:153} INFO - Started process (PID=1319) to work on /home/airflow/.local/lib/python3.7/site-packages/airflow/example_dags/example_kubernetes_executor.py
[2022-09-15T16:53:16.028+0000] {processor.py:640} INFO - Processing file /home/airflow/.local/lib/python3.7/site-packages/airflow/example_dags/example_kubernetes_executor.py for tasks to queue
[2022-09-15T16:53:16.030+0000] {logging_mixin.py:115} INFO - [2022-09-15T16:53:16.029+0000] {dagbag.py:508} INFO - Filling up the DagBag from /home/airflow/.local/lib/python3.7/site-packages/airflow/example_dags/example_kubernetes_executor.py
[2022-09-15T16:53:16.049+0000] {processor.py:650} INFO - DAG(s) dict_keys(['example_kubernetes_executor']) retrieved from /home/airflow/.local/lib/python3.7/site-packages/airflow/example_dags/example_kubernetes_executor.py
[2022-09-15T16:53:16.076+0000] {logging_mixin.py:115} INFO - [2022-09-15T16:53:16.076+0000] {dag.py:2429} INFO - Sync 1 DAGs
[2022-09-15T16:53:16.097+0000] {logging_mixin.py:115} INFO - [2022-09-15T16:53:16.096+0000] {dag.py:2981} INFO - Setting next_dagrun for example_kubernetes_executor to None, run_after=None
[2022-09-15T16:53:16.110+0000] {processor.py:161} INFO - Processing /home/airflow/.local/lib/python3.7/site-packages/airflow/example_dags/example_kubernetes_executor.py took 0.088 seconds
[2022-09-15T16:53:46.170+0000] {processor.py:153} INFO - Started process (PID=1375) to work on /home/airflow/.local/lib/python3.7/site-packages/airflow/example_dags/example_kubernetes_executor.py
[2022-09-15T16:53:46.172+0000] {processor.py:640} INFO - Processing file /home/airflow/.local/lib/python3.7/site-packages/airflow/example_dags/example_kubernetes_executor.py for tasks to queue
[2022-09-15T16:53:46.173+0000] {logging_mixin.py:115} INFO - [2022-09-15T16:53:46.173+0000] {dagbag.py:508} INFO - Filling up the DagBag from /home/airflow/.local/lib/python3.7/site-packages/airflow/example_dags/example_kubernetes_executor.py
[2022-09-15T16:53:46.189+0000] {processor.py:650} INFO - DAG(s) dict_keys(['example_kubernetes_executor']) retrieved from /home/airflow/.local/lib/python3.7/site-packages/airflow/example_dags/example_kubernetes_executor.py
[2022-09-15T16:53:46.211+0000] {logging_mixin.py:115} INFO - [2022-09-15T16:53:46.210+0000] {dag.py:2429} INFO - Sync 1 DAGs
[2022-09-15T16:53:46.227+0000] {logging_mixin.py:115} INFO - [2022-09-15T16:53:46.226+0000] {dag.py:2981} INFO - Setting next_dagrun for example_kubernetes_executor to None, run_after=None
[2022-09-15T16:53:46.237+0000] {processor.py:161} INFO - Processing /home/airflow/.local/lib/python3.7/site-packages/airflow/example_dags/example_kubernetes_executor.py took 0.069 seconds
[2022-09-15T16:54:17.087+0000] {processor.py:153} INFO - Started process (PID=1444) to work on /home/airflow/.local/lib/python3.7/site-packages/airflow/example_dags/example_kubernetes_executor.py
[2022-09-15T16:54:17.088+0000] {processor.py:640} INFO - Processing file /home/airflow/.local/lib/python3.7/site-packages/airflow/example_dags/example_kubernetes_executor.py for tasks to queue
[2022-09-15T16:54:17.090+0000] {logging_mixin.py:115} INFO - [2022-09-15T16:54:17.090+0000] {dagbag.py:508} INFO - Filling up the DagBag from /home/airflow/.local/lib/python3.7/site-packages/airflow/example_dags/example_kubernetes_executor.py
[2022-09-15T16:54:17.107+0000] {processor.py:650} INFO - DAG(s) dict_keys(['example_kubernetes_executor']) retrieved from /home/airflow/.local/lib/python3.7/site-packages/airflow/example_dags/example_kubernetes_executor.py
[2022-09-15T16:54:17.126+0000] {logging_mixin.py:115} INFO - [2022-09-15T16:54:17.126+0000] {dag.py:2429} INFO - Sync 1 DAGs
[2022-09-15T16:54:17.141+0000] {logging_mixin.py:115} INFO - [2022-09-15T16:54:17.141+0000] {dag.py:2981} INFO - Setting next_dagrun for example_kubernetes_executor to None, run_after=None
[2022-09-15T16:54:17.148+0000] {processor.py:161} INFO - Processing /home/airflow/.local/lib/python3.7/site-packages/airflow/example_dags/example_kubernetes_executor.py took 0.064 seconds
[2022-09-15T16:54:48.159+0000] {processor.py:153} INFO - Started process (PID=1509) to work on /home/airflow/.local/lib/python3.7/site-packages/airflow/example_dags/example_kubernetes_executor.py
[2022-09-15T16:54:48.161+0000] {processor.py:640} INFO - Processing file /home/airflow/.local/lib/python3.7/site-packages/airflow/example_dags/example_kubernetes_executor.py for tasks to queue
[2022-09-15T16:54:48.162+0000] {logging_mixin.py:115} INFO - [2022-09-15T16:54:48.162+0000] {dagbag.py:508} INFO - Filling up the DagBag from /home/airflow/.local/lib/python3.7/site-packages/airflow/example_dags/example_kubernetes_executor.py
[2022-09-15T16:54:48.179+0000] {processor.py:650} INFO - DAG(s) dict_keys(['example_kubernetes_executor']) retrieved from /home/airflow/.local/lib/python3.7/site-packages/airflow/example_dags/example_kubernetes_executor.py
[2022-09-15T16:54:48.198+0000] {logging_mixin.py:115} INFO - [2022-09-15T16:54:48.197+0000] {dag.py:2429} INFO - Sync 1 DAGs
[2022-09-15T16:54:48.213+0000] {logging_mixin.py:115} INFO - [2022-09-15T16:54:48.213+0000] {dag.py:2981} INFO - Setting next_dagrun for example_kubernetes_executor to None, run_after=None
[2022-09-15T16:54:48.221+0000] {processor.py:161} INFO - Processing /home/airflow/.local/lib/python3.7/site-packages/airflow/example_dags/example_kubernetes_executor.py took 0.064 seconds
[2022-09-15T16:55:18.410+0000] {processor.py:153} INFO - Started process (PID=1577) to work on /home/airflow/.local/lib/python3.7/site-packages/airflow/example_dags/example_kubernetes_executor.py
[2022-09-15T16:55:18.418+0000] {processor.py:640} INFO - Processing file /home/airflow/.local/lib/python3.7/site-packages/airflow/example_dags/example_kubernetes_executor.py for tasks to queue
[2022-09-15T16:55:18.420+0000] {logging_mixin.py:115} INFO - [2022-09-15T16:55:18.420+0000] {dagbag.py:508} INFO - Filling up the DagBag from /home/airflow/.local/lib/python3.7/site-packages/airflow/example_dags/example_kubernetes_executor.py
[2022-09-15T16:55:18.443+0000] {processor.py:650} INFO - DAG(s) dict_keys(['example_kubernetes_executor']) retrieved from /home/airflow/.local/lib/python3.7/site-packages/airflow/example_dags/example_kubernetes_executor.py
[2022-09-15T16:55:18.463+0000] {logging_mixin.py:115} INFO - [2022-09-15T16:55:18.463+0000] {dag.py:2429} INFO - Sync 1 DAGs
[2022-09-15T16:55:18.477+0000] {logging_mixin.py:115} INFO - [2022-09-15T16:55:18.477+0000] {dag.py:2981} INFO - Setting next_dagrun for example_kubernetes_executor to None, run_after=None
[2022-09-15T16:55:18.485+0000] {processor.py:161} INFO - Processing /home/airflow/.local/lib/python3.7/site-packages/airflow/example_dags/example_kubernetes_executor.py took 0.077 seconds
[2022-09-15T16:55:48.621+0000] {processor.py:153} INFO - Started process (PID=1643) to work on /home/airflow/.local/lib/python3.7/site-packages/airflow/example_dags/example_kubernetes_executor.py
[2022-09-15T16:55:48.624+0000] {processor.py:640} INFO - Processing file /home/airflow/.local/lib/python3.7/site-packages/airflow/example_dags/example_kubernetes_executor.py for tasks to queue
[2022-09-15T16:55:48.632+0000] {logging_mixin.py:115} INFO - [2022-09-15T16:55:48.632+0000] {dagbag.py:508} INFO - Filling up the DagBag from /home/airflow/.local/lib/python3.7/site-packages/airflow/example_dags/example_kubernetes_executor.py
[2022-09-15T16:55:48.655+0000] {processor.py:650} INFO - DAG(s) dict_keys(['example_kubernetes_executor']) retrieved from /home/airflow/.local/lib/python3.7/site-packages/airflow/example_dags/example_kubernetes_executor.py
[2022-09-15T16:55:48.675+0000] {logging_mixin.py:115} INFO - [2022-09-15T16:55:48.675+0000] {dag.py:2429} INFO - Sync 1 DAGs
[2022-09-15T16:55:48.693+0000] {logging_mixin.py:115} INFO - [2022-09-15T16:55:48.693+0000] {dag.py:2981} INFO - Setting next_dagrun for example_kubernetes_executor to None, run_after=None
[2022-09-15T16:55:48.701+0000] {processor.py:161} INFO - Processing /home/airflow/.local/lib/python3.7/site-packages/airflow/example_dags/example_kubernetes_executor.py took 0.084 seconds
[2022-09-15T16:56:19.644+0000] {processor.py:153} INFO - Started process (PID=1703) to work on /home/airflow/.local/lib/python3.7/site-packages/airflow/example_dags/example_kubernetes_executor.py
[2022-09-15T16:56:19.646+0000] {processor.py:640} INFO - Processing file /home/airflow/.local/lib/python3.7/site-packages/airflow/example_dags/example_kubernetes_executor.py for tasks to queue
[2022-09-15T16:56:19.647+0000] {logging_mixin.py:115} INFO - [2022-09-15T16:56:19.647+0000] {dagbag.py:508} INFO - Filling up the DagBag from /home/airflow/.local/lib/python3.7/site-packages/airflow/example_dags/example_kubernetes_executor.py
[2022-09-15T16:56:19.664+0000] {processor.py:650} INFO - DAG(s) dict_keys(['example_kubernetes_executor']) retrieved from /home/airflow/.local/lib/python3.7/site-packages/airflow/example_dags/example_kubernetes_executor.py
[2022-09-15T16:56:19.686+0000] {logging_mixin.py:115} INFO - [2022-09-15T16:56:19.686+0000] {dag.py:2429} INFO - Sync 1 DAGs
[2022-09-15T16:56:19.704+0000] {logging_mixin.py:115} INFO - [2022-09-15T16:56:19.704+0000] {dag.py:2981} INFO - Setting next_dagrun for example_kubernetes_executor to None, run_after=None
[2022-09-15T16:56:19.715+0000] {processor.py:161} INFO - Processing /home/airflow/.local/lib/python3.7/site-packages/airflow/example_dags/example_kubernetes_executor.py took 0.073 seconds
[2022-09-15T16:56:50.611+0000] {processor.py:153} INFO - Started process (PID=1774) to work on /home/airflow/.local/lib/python3.7/site-packages/airflow/example_dags/example_kubernetes_executor.py
[2022-09-15T16:56:50.613+0000] {processor.py:640} INFO - Processing file /home/airflow/.local/lib/python3.7/site-packages/airflow/example_dags/example_kubernetes_executor.py for tasks to queue
[2022-09-15T16:56:50.615+0000] {logging_mixin.py:115} INFO - [2022-09-15T16:56:50.614+0000] {dagbag.py:508} INFO - Filling up the DagBag from /home/airflow/.local/lib/python3.7/site-packages/airflow/example_dags/example_kubernetes_executor.py
[2022-09-15T16:56:50.639+0000] {processor.py:650} INFO - DAG(s) dict_keys(['example_kubernetes_executor']) retrieved from /home/airflow/.local/lib/python3.7/site-packages/airflow/example_dags/example_kubernetes_executor.py
[2022-09-15T16:56:50.713+0000] {logging_mixin.py:115} INFO - [2022-09-15T16:56:50.713+0000] {dag.py:2429} INFO - Sync 1 DAGs
[2022-09-15T16:56:50.756+0000] {logging_mixin.py:115} INFO - [2022-09-15T16:56:50.756+0000] {dag.py:2981} INFO - Setting next_dagrun for example_kubernetes_executor to None, run_after=None
[2022-09-15T16:56:50.768+0000] {processor.py:161} INFO - Processing /home/airflow/.local/lib/python3.7/site-packages/airflow/example_dags/example_kubernetes_executor.py took 0.161 seconds
[2022-09-15T16:57:21.779+0000] {processor.py:153} INFO - Started process (PID=1839) to work on /home/airflow/.local/lib/python3.7/site-packages/airflow/example_dags/example_kubernetes_executor.py
[2022-09-15T16:57:21.782+0000] {processor.py:640} INFO - Processing file /home/airflow/.local/lib/python3.7/site-packages/airflow/example_dags/example_kubernetes_executor.py for tasks to queue
[2022-09-15T16:57:21.784+0000] {logging_mixin.py:115} INFO - [2022-09-15T16:57:21.783+0000] {dagbag.py:508} INFO - Filling up the DagBag from /home/airflow/.local/lib/python3.7/site-packages/airflow/example_dags/example_kubernetes_executor.py
[2022-09-15T16:57:21.807+0000] {processor.py:650} INFO - DAG(s) dict_keys(['example_kubernetes_executor']) retrieved from /home/airflow/.local/lib/python3.7/site-packages/airflow/example_dags/example_kubernetes_executor.py
[2022-09-15T16:57:21.829+0000] {logging_mixin.py:115} INFO - [2022-09-15T16:57:21.829+0000] {dag.py:2429} INFO - Sync 1 DAGs
[2022-09-15T16:57:21.845+0000] {logging_mixin.py:115} INFO - [2022-09-15T16:57:21.845+0000] {dag.py:2981} INFO - Setting next_dagrun for example_kubernetes_executor to None, run_after=None
[2022-09-15T16:57:21.854+0000] {processor.py:161} INFO - Processing /home/airflow/.local/lib/python3.7/site-packages/airflow/example_dags/example_kubernetes_executor.py took 0.081 seconds
[2022-09-15T16:57:52.046+0000] {processor.py:153} INFO - Started process (PID=1909) to work on /home/airflow/.local/lib/python3.7/site-packages/airflow/example_dags/example_kubernetes_executor.py
[2022-09-15T16:57:52.049+0000] {processor.py:640} INFO - Processing file /home/airflow/.local/lib/python3.7/site-packages/airflow/example_dags/example_kubernetes_executor.py for tasks to queue
[2022-09-15T16:57:52.056+0000] {logging_mixin.py:115} INFO - [2022-09-15T16:57:52.055+0000] {dagbag.py:508} INFO - Filling up the DagBag from /home/airflow/.local/lib/python3.7/site-packages/airflow/example_dags/example_kubernetes_executor.py
[2022-09-15T16:57:52.080+0000] {processor.py:650} INFO - DAG(s) dict_keys(['example_kubernetes_executor']) retrieved from /home/airflow/.local/lib/python3.7/site-packages/airflow/example_dags/example_kubernetes_executor.py
[2022-09-15T16:57:52.103+0000] {logging_mixin.py:115} INFO - [2022-09-15T16:57:52.102+0000] {dag.py:2429} INFO - Sync 1 DAGs
[2022-09-15T16:57:52.119+0000] {logging_mixin.py:115} INFO - [2022-09-15T16:57:52.119+0000] {dag.py:2981} INFO - Setting next_dagrun for example_kubernetes_executor to None, run_after=None
[2022-09-15T16:57:52.128+0000] {processor.py:161} INFO - Processing /home/airflow/.local/lib/python3.7/site-packages/airflow/example_dags/example_kubernetes_executor.py took 0.087 seconds
[2022-09-15T16:58:22.915+0000] {processor.py:153} INFO - Started process (PID=1976) to work on /home/airflow/.local/lib/python3.7/site-packages/airflow/example_dags/example_kubernetes_executor.py
[2022-09-15T16:58:22.917+0000] {processor.py:640} INFO - Processing file /home/airflow/.local/lib/python3.7/site-packages/airflow/example_dags/example_kubernetes_executor.py for tasks to queue
[2022-09-15T16:58:22.919+0000] {logging_mixin.py:115} INFO - [2022-09-15T16:58:22.919+0000] {dagbag.py:508} INFO - Filling up the DagBag from /home/airflow/.local/lib/python3.7/site-packages/airflow/example_dags/example_kubernetes_executor.py
[2022-09-15T16:58:22.940+0000] {processor.py:650} INFO - DAG(s) dict_keys(['example_kubernetes_executor']) retrieved from /home/airflow/.local/lib/python3.7/site-packages/airflow/example_dags/example_kubernetes_executor.py
[2022-09-15T16:58:22.961+0000] {logging_mixin.py:115} INFO - [2022-09-15T16:58:22.961+0000] {dag.py:2429} INFO - Sync 1 DAGs
[2022-09-15T16:58:22.976+0000] {logging_mixin.py:115} INFO - [2022-09-15T16:58:22.976+0000] {dag.py:2981} INFO - Setting next_dagrun for example_kubernetes_executor to None, run_after=None
[2022-09-15T16:58:22.984+0000] {processor.py:161} INFO - Processing /home/airflow/.local/lib/python3.7/site-packages/airflow/example_dags/example_kubernetes_executor.py took 0.074 seconds
[2022-09-15T16:58:53.180+0000] {processor.py:153} INFO - Started process (PID=2032) to work on /home/airflow/.local/lib/python3.7/site-packages/airflow/example_dags/example_kubernetes_executor.py
[2022-09-15T16:58:53.182+0000] {processor.py:640} INFO - Processing file /home/airflow/.local/lib/python3.7/site-packages/airflow/example_dags/example_kubernetes_executor.py for tasks to queue
[2022-09-15T16:58:53.184+0000] {logging_mixin.py:115} INFO - [2022-09-15T16:58:53.184+0000] {dagbag.py:508} INFO - Filling up the DagBag from /home/airflow/.local/lib/python3.7/site-packages/airflow/example_dags/example_kubernetes_executor.py
[2022-09-15T16:58:53.204+0000] {processor.py:650} INFO - DAG(s) dict_keys(['example_kubernetes_executor']) retrieved from /home/airflow/.local/lib/python3.7/site-packages/airflow/example_dags/example_kubernetes_executor.py
[2022-09-15T16:58:53.225+0000] {logging_mixin.py:115} INFO - [2022-09-15T16:58:53.225+0000] {dag.py:2429} INFO - Sync 1 DAGs
[2022-09-15T16:58:53.243+0000] {logging_mixin.py:115} INFO - [2022-09-15T16:58:53.243+0000] {dag.py:2981} INFO - Setting next_dagrun for example_kubernetes_executor to None, run_after=None
[2022-09-15T16:58:53.259+0000] {processor.py:161} INFO - Processing /home/airflow/.local/lib/python3.7/site-packages/airflow/example_dags/example_kubernetes_executor.py took 0.082 seconds
[2022-09-15T16:59:24.198+0000] {processor.py:153} INFO - Started process (PID=2101) to work on /home/airflow/.local/lib/python3.7/site-packages/airflow/example_dags/example_kubernetes_executor.py
[2022-09-15T16:59:24.201+0000] {processor.py:640} INFO - Processing file /home/airflow/.local/lib/python3.7/site-packages/airflow/example_dags/example_kubernetes_executor.py for tasks to queue
[2022-09-15T16:59:24.203+0000] {logging_mixin.py:115} INFO - [2022-09-15T16:59:24.203+0000] {dagbag.py:508} INFO - Filling up the DagBag from /home/airflow/.local/lib/python3.7/site-packages/airflow/example_dags/example_kubernetes_executor.py
[2022-09-15T16:59:24.222+0000] {processor.py:650} INFO - DAG(s) dict_keys(['example_kubernetes_executor']) retrieved from /home/airflow/.local/lib/python3.7/site-packages/airflow/example_dags/example_kubernetes_executor.py
[2022-09-15T16:59:24.240+0000] {logging_mixin.py:115} INFO - [2022-09-15T16:59:24.240+0000] {dag.py:2429} INFO - Sync 1 DAGs
[2022-09-15T16:59:24.254+0000] {logging_mixin.py:115} INFO - [2022-09-15T16:59:24.254+0000] {dag.py:2981} INFO - Setting next_dagrun for example_kubernetes_executor to None, run_after=None
[2022-09-15T16:59:24.261+0000] {processor.py:161} INFO - Processing /home/airflow/.local/lib/python3.7/site-packages/airflow/example_dags/example_kubernetes_executor.py took 0.070 seconds
[2022-09-15T16:59:55.220+0000] {processor.py:153} INFO - Started process (PID=2168) to work on /home/airflow/.local/lib/python3.7/site-packages/airflow/example_dags/example_kubernetes_executor.py
[2022-09-15T16:59:55.223+0000] {processor.py:640} INFO - Processing file /home/airflow/.local/lib/python3.7/site-packages/airflow/example_dags/example_kubernetes_executor.py for tasks to queue
[2022-09-15T16:59:55.225+0000] {logging_mixin.py:115} INFO - [2022-09-15T16:59:55.225+0000] {dagbag.py:508} INFO - Filling up the DagBag from /home/airflow/.local/lib/python3.7/site-packages/airflow/example_dags/example_kubernetes_executor.py
[2022-09-15T16:59:55.246+0000] {processor.py:650} INFO - DAG(s) dict_keys(['example_kubernetes_executor']) retrieved from /home/airflow/.local/lib/python3.7/site-packages/airflow/example_dags/example_kubernetes_executor.py
[2022-09-15T16:59:55.265+0000] {logging_mixin.py:115} INFO - [2022-09-15T16:59:55.265+0000] {dag.py:2429} INFO - Sync 1 DAGs
[2022-09-15T16:59:55.280+0000] {logging_mixin.py:115} INFO - [2022-09-15T16:59:55.280+0000] {dag.py:2981} INFO - Setting next_dagrun for example_kubernetes_executor to None, run_after=None
[2022-09-15T16:59:55.290+0000] {processor.py:161} INFO - Processing /home/airflow/.local/lib/python3.7/site-packages/airflow/example_dags/example_kubernetes_executor.py took 0.074 seconds
[2022-09-15T17:00:25.407+0000] {processor.py:153} INFO - Started process (PID=2241) to work on /home/airflow/.local/lib/python3.7/site-packages/airflow/example_dags/example_kubernetes_executor.py
[2022-09-15T17:00:25.410+0000] {processor.py:640} INFO - Processing file /home/airflow/.local/lib/python3.7/site-packages/airflow/example_dags/example_kubernetes_executor.py for tasks to queue
[2022-09-15T17:00:25.413+0000] {logging_mixin.py:115} INFO - [2022-09-15T17:00:25.413+0000] {dagbag.py:508} INFO - Filling up the DagBag from /home/airflow/.local/lib/python3.7/site-packages/airflow/example_dags/example_kubernetes_executor.py
[2022-09-15T17:00:25.435+0000] {processor.py:650} INFO - DAG(s) dict_keys(['example_kubernetes_executor']) retrieved from /home/airflow/.local/lib/python3.7/site-packages/airflow/example_dags/example_kubernetes_executor.py
[2022-09-15T17:00:25.456+0000] {logging_mixin.py:115} INFO - [2022-09-15T17:00:25.456+0000] {dag.py:2429} INFO - Sync 1 DAGs
[2022-09-15T17:00:25.472+0000] {logging_mixin.py:115} INFO - [2022-09-15T17:00:25.472+0000] {dag.py:2981} INFO - Setting next_dagrun for example_kubernetes_executor to None, run_after=None
[2022-09-15T17:00:25.481+0000] {processor.py:161} INFO - Processing /home/airflow/.local/lib/python3.7/site-packages/airflow/example_dags/example_kubernetes_executor.py took 0.080 seconds
[2022-09-15T17:00:55.598+0000] {processor.py:153} INFO - Started process (PID=2311) to work on /home/airflow/.local/lib/python3.7/site-packages/airflow/example_dags/example_kubernetes_executor.py
[2022-09-15T17:00:55.601+0000] {processor.py:640} INFO - Processing file /home/airflow/.local/lib/python3.7/site-packages/airflow/example_dags/example_kubernetes_executor.py for tasks to queue
[2022-09-15T17:00:55.603+0000] {logging_mixin.py:115} INFO - [2022-09-15T17:00:55.602+0000] {dagbag.py:508} INFO - Filling up the DagBag from /home/airflow/.local/lib/python3.7/site-packages/airflow/example_dags/example_kubernetes_executor.py
[2022-09-15T17:00:55.630+0000] {processor.py:650} INFO - DAG(s) dict_keys(['example_kubernetes_executor']) retrieved from /home/airflow/.local/lib/python3.7/site-packages/airflow/example_dags/example_kubernetes_executor.py
[2022-09-15T17:00:55.670+0000] {logging_mixin.py:115} INFO - [2022-09-15T17:00:55.670+0000] {dag.py:2429} INFO - Sync 1 DAGs
[2022-09-15T17:00:55.701+0000] {logging_mixin.py:115} INFO - [2022-09-15T17:00:55.701+0000] {dag.py:2981} INFO - Setting next_dagrun for example_kubernetes_executor to None, run_after=None
[2022-09-15T17:00:55.717+0000] {processor.py:161} INFO - Processing /home/airflow/.local/lib/python3.7/site-packages/airflow/example_dags/example_kubernetes_executor.py took 0.126 seconds
[2022-09-15T17:01:26.491+0000] {processor.py:153} INFO - Started process (PID=2364) to work on /home/airflow/.local/lib/python3.7/site-packages/airflow/example_dags/example_kubernetes_executor.py
[2022-09-15T17:01:26.494+0000] {processor.py:640} INFO - Processing file /home/airflow/.local/lib/python3.7/site-packages/airflow/example_dags/example_kubernetes_executor.py for tasks to queue
[2022-09-15T17:01:26.495+0000] {logging_mixin.py:115} INFO - [2022-09-15T17:01:26.495+0000] {dagbag.py:508} INFO - Filling up the DagBag from /home/airflow/.local/lib/python3.7/site-packages/airflow/example_dags/example_kubernetes_executor.py
[2022-09-15T17:01:26.514+0000] {processor.py:650} INFO - DAG(s) dict_keys(['example_kubernetes_executor']) retrieved from /home/airflow/.local/lib/python3.7/site-packages/airflow/example_dags/example_kubernetes_executor.py
[2022-09-15T17:01:26.533+0000] {logging_mixin.py:115} INFO - [2022-09-15T17:01:26.533+0000] {dag.py:2429} INFO - Sync 1 DAGs
[2022-09-15T17:01:26.548+0000] {logging_mixin.py:115} INFO - [2022-09-15T17:01:26.548+0000] {dag.py:2981} INFO - Setting next_dagrun for example_kubernetes_executor to None, run_after=None
[2022-09-15T17:01:26.556+0000] {processor.py:161} INFO - Processing /home/airflow/.local/lib/python3.7/site-packages/airflow/example_dags/example_kubernetes_executor.py took 0.069 seconds
[2022-09-15T17:01:56.857+0000] {processor.py:153} INFO - Started process (PID=2433) to work on /home/airflow/.local/lib/python3.7/site-packages/airflow/example_dags/example_kubernetes_executor.py
[2022-09-15T17:01:56.860+0000] {processor.py:640} INFO - Processing file /home/airflow/.local/lib/python3.7/site-packages/airflow/example_dags/example_kubernetes_executor.py for tasks to queue
[2022-09-15T17:01:56.862+0000] {logging_mixin.py:115} INFO - [2022-09-15T17:01:56.862+0000] {dagbag.py:508} INFO - Filling up the DagBag from /home/airflow/.local/lib/python3.7/site-packages/airflow/example_dags/example_kubernetes_executor.py
[2022-09-15T17:01:56.889+0000] {processor.py:650} INFO - DAG(s) dict_keys(['example_kubernetes_executor']) retrieved from /home/airflow/.local/lib/python3.7/site-packages/airflow/example_dags/example_kubernetes_executor.py
[2022-09-15T17:01:56.912+0000] {logging_mixin.py:115} INFO - [2022-09-15T17:01:56.912+0000] {dag.py:2429} INFO - Sync 1 DAGs
[2022-09-15T17:01:56.927+0000] {logging_mixin.py:115} INFO - [2022-09-15T17:01:56.927+0000] {dag.py:2981} INFO - Setting next_dagrun for example_kubernetes_executor to None, run_after=None
[2022-09-15T17:01:56.937+0000] {processor.py:161} INFO - Processing /home/airflow/.local/lib/python3.7/site-packages/airflow/example_dags/example_kubernetes_executor.py took 0.085 seconds
[2022-09-15T17:02:27.003+0000] {processor.py:153} INFO - Started process (PID=2502) to work on /home/airflow/.local/lib/python3.7/site-packages/airflow/example_dags/example_kubernetes_executor.py
[2022-09-15T17:02:27.006+0000] {processor.py:640} INFO - Processing file /home/airflow/.local/lib/python3.7/site-packages/airflow/example_dags/example_kubernetes_executor.py for tasks to queue
[2022-09-15T17:02:27.008+0000] {logging_mixin.py:115} INFO - [2022-09-15T17:02:27.007+0000] {dagbag.py:508} INFO - Filling up the DagBag from /home/airflow/.local/lib/python3.7/site-packages/airflow/example_dags/example_kubernetes_executor.py
[2022-09-15T17:02:27.030+0000] {processor.py:650} INFO - DAG(s) dict_keys(['example_kubernetes_executor']) retrieved from /home/airflow/.local/lib/python3.7/site-packages/airflow/example_dags/example_kubernetes_executor.py
[2022-09-15T17:02:27.053+0000] {logging_mixin.py:115} INFO - [2022-09-15T17:02:27.053+0000] {dag.py:2429} INFO - Sync 1 DAGs
[2022-09-15T17:02:27.069+0000] {logging_mixin.py:115} INFO - [2022-09-15T17:02:27.069+0000] {dag.py:2981} INFO - Setting next_dagrun for example_kubernetes_executor to None, run_after=None
[2022-09-15T17:02:27.078+0000] {processor.py:161} INFO - Processing /home/airflow/.local/lib/python3.7/site-packages/airflow/example_dags/example_kubernetes_executor.py took 0.079 seconds
[2022-09-15T17:02:57.132+0000] {processor.py:153} INFO - Started process (PID=2570) to work on /home/airflow/.local/lib/python3.7/site-packages/airflow/example_dags/example_kubernetes_executor.py
[2022-09-15T17:02:57.134+0000] {processor.py:640} INFO - Processing file /home/airflow/.local/lib/python3.7/site-packages/airflow/example_dags/example_kubernetes_executor.py for tasks to queue
[2022-09-15T17:02:57.135+0000] {logging_mixin.py:115} INFO - [2022-09-15T17:02:57.135+0000] {dagbag.py:508} INFO - Filling up the DagBag from /home/airflow/.local/lib/python3.7/site-packages/airflow/example_dags/example_kubernetes_executor.py
[2022-09-15T17:02:57.152+0000] {processor.py:650} INFO - DAG(s) dict_keys(['example_kubernetes_executor']) retrieved from /home/airflow/.local/lib/python3.7/site-packages/airflow/example_dags/example_kubernetes_executor.py
[2022-09-15T17:02:57.170+0000] {logging_mixin.py:115} INFO - [2022-09-15T17:02:57.170+0000] {dag.py:2429} INFO - Sync 1 DAGs
[2022-09-15T17:02:57.188+0000] {logging_mixin.py:115} INFO - [2022-09-15T17:02:57.188+0000] {dag.py:2981} INFO - Setting next_dagrun for example_kubernetes_executor to None, run_after=None
[2022-09-15T17:02:57.196+0000] {processor.py:161} INFO - Processing /home/airflow/.local/lib/python3.7/site-packages/airflow/example_dags/example_kubernetes_executor.py took 0.067 seconds
[2022-09-15T17:03:27.378+0000] {processor.py:153} INFO - Started process (PID=2630) to work on /home/airflow/.local/lib/python3.7/site-packages/airflow/example_dags/example_kubernetes_executor.py
[2022-09-15T17:03:27.381+0000] {processor.py:640} INFO - Processing file /home/airflow/.local/lib/python3.7/site-packages/airflow/example_dags/example_kubernetes_executor.py for tasks to queue
[2022-09-15T17:03:27.382+0000] {logging_mixin.py:115} INFO - [2022-09-15T17:03:27.382+0000] {dagbag.py:508} INFO - Filling up the DagBag from /home/airflow/.local/lib/python3.7/site-packages/airflow/example_dags/example_kubernetes_executor.py
[2022-09-15T17:03:27.403+0000] {processor.py:650} INFO - DAG(s) dict_keys(['example_kubernetes_executor']) retrieved from /home/airflow/.local/lib/python3.7/site-packages/airflow/example_dags/example_kubernetes_executor.py
[2022-09-15T17:03:27.425+0000] {logging_mixin.py:115} INFO - [2022-09-15T17:03:27.425+0000] {dag.py:2429} INFO - Sync 1 DAGs
[2022-09-15T17:03:27.442+0000] {logging_mixin.py:115} INFO - [2022-09-15T17:03:27.442+0000] {dag.py:2981} INFO - Setting next_dagrun for example_kubernetes_executor to None, run_after=None
[2022-09-15T17:03:27.452+0000] {processor.py:161} INFO - Processing /home/airflow/.local/lib/python3.7/site-packages/airflow/example_dags/example_kubernetes_executor.py took 0.077 seconds
[2022-09-15T17:03:57.638+0000] {processor.py:153} INFO - Started process (PID=2698) to work on /home/airflow/.local/lib/python3.7/site-packages/airflow/example_dags/example_kubernetes_executor.py
[2022-09-15T17:03:57.640+0000] {processor.py:640} INFO - Processing file /home/airflow/.local/lib/python3.7/site-packages/airflow/example_dags/example_kubernetes_executor.py for tasks to queue
[2022-09-15T17:03:57.641+0000] {logging_mixin.py:115} INFO - [2022-09-15T17:03:57.641+0000] {dagbag.py:508} INFO - Filling up the DagBag from /home/airflow/.local/lib/python3.7/site-packages/airflow/example_dags/example_kubernetes_executor.py
[2022-09-15T17:03:57.659+0000] {processor.py:650} INFO - DAG(s) dict_keys(['example_kubernetes_executor']) retrieved from /home/airflow/.local/lib/python3.7/site-packages/airflow/example_dags/example_kubernetes_executor.py
[2022-09-15T17:03:57.679+0000] {logging_mixin.py:115} INFO - [2022-09-15T17:03:57.679+0000] {dag.py:2429} INFO - Sync 1 DAGs
[2022-09-15T17:03:57.694+0000] {logging_mixin.py:115} INFO - [2022-09-15T17:03:57.694+0000] {dag.py:2981} INFO - Setting next_dagrun for example_kubernetes_executor to None, run_after=None
[2022-09-15T17:03:57.703+0000] {processor.py:161} INFO - Processing /home/airflow/.local/lib/python3.7/site-packages/airflow/example_dags/example_kubernetes_executor.py took 0.068 seconds
[2022-09-15T17:04:27.806+0000] {processor.py:153} INFO - Started process (PID=2766) to work on /home/airflow/.local/lib/python3.7/site-packages/airflow/example_dags/example_kubernetes_executor.py
[2022-09-15T17:04:27.808+0000] {processor.py:640} INFO - Processing file /home/airflow/.local/lib/python3.7/site-packages/airflow/example_dags/example_kubernetes_executor.py for tasks to queue
[2022-09-15T17:04:27.809+0000] {logging_mixin.py:115} INFO - [2022-09-15T17:04:27.809+0000] {dagbag.py:508} INFO - Filling up the DagBag from /home/airflow/.local/lib/python3.7/site-packages/airflow/example_dags/example_kubernetes_executor.py
[2022-09-15T17:04:27.824+0000] {processor.py:650} INFO - DAG(s) dict_keys(['example_kubernetes_executor']) retrieved from /home/airflow/.local/lib/python3.7/site-packages/airflow/example_dags/example_kubernetes_executor.py
[2022-09-15T17:04:27.844+0000] {logging_mixin.py:115} INFO - [2022-09-15T17:04:27.844+0000] {dag.py:2429} INFO - Sync 1 DAGs
[2022-09-15T17:04:27.859+0000] {logging_mixin.py:115} INFO - [2022-09-15T17:04:27.858+0000] {dag.py:2981} INFO - Setting next_dagrun for example_kubernetes_executor to None, run_after=None
[2022-09-15T17:04:27.869+0000] {processor.py:161} INFO - Processing /home/airflow/.local/lib/python3.7/site-packages/airflow/example_dags/example_kubernetes_executor.py took 0.065 seconds
[2022-09-15T17:04:57.931+0000] {processor.py:153} INFO - Started process (PID=2834) to work on /home/airflow/.local/lib/python3.7/site-packages/airflow/example_dags/example_kubernetes_executor.py
[2022-09-15T17:04:57.932+0000] {processor.py:640} INFO - Processing file /home/airflow/.local/lib/python3.7/site-packages/airflow/example_dags/example_kubernetes_executor.py for tasks to queue
[2022-09-15T17:04:57.933+0000] {logging_mixin.py:115} INFO - [2022-09-15T17:04:57.933+0000] {dagbag.py:508} INFO - Filling up the DagBag from /home/airflow/.local/lib/python3.7/site-packages/airflow/example_dags/example_kubernetes_executor.py
[2022-09-15T17:04:57.953+0000] {processor.py:650} INFO - DAG(s) dict_keys(['example_kubernetes_executor']) retrieved from /home/airflow/.local/lib/python3.7/site-packages/airflow/example_dags/example_kubernetes_executor.py
[2022-09-15T17:04:57.982+0000] {logging_mixin.py:115} INFO - [2022-09-15T17:04:57.982+0000] {dag.py:2429} INFO - Sync 1 DAGs
[2022-09-15T17:04:57.999+0000] {logging_mixin.py:115} INFO - [2022-09-15T17:04:57.999+0000] {dag.py:2981} INFO - Setting next_dagrun for example_kubernetes_executor to None, run_after=None
[2022-09-15T17:04:58.009+0000] {processor.py:161} INFO - Processing /home/airflow/.local/lib/python3.7/site-packages/airflow/example_dags/example_kubernetes_executor.py took 0.081 seconds
