[2022-09-15T16:43:27.695+0000] {processor.py:153} INFO - Started process (PID=56) to work on /home/airflow/.local/lib/python3.7/site-packages/airflow/example_dags/example_latest_only_with_trigger.py
[2022-09-15T16:43:27.699+0000] {processor.py:640} INFO - Processing file /home/airflow/.local/lib/python3.7/site-packages/airflow/example_dags/example_latest_only_with_trigger.py for tasks to queue
[2022-09-15T16:43:27.701+0000] {logging_mixin.py:115} INFO - [2022-09-15T16:43:27.701+0000] {dagbag.py:508} INFO - Filling up the DagBag from /home/airflow/.local/lib/python3.7/site-packages/airflow/example_dags/example_latest_only_with_trigger.py
[2022-09-15T16:43:27.713+0000] {processor.py:650} INFO - DAG(s) dict_keys(['latest_only_with_trigger']) retrieved from /home/airflow/.local/lib/python3.7/site-packages/airflow/example_dags/example_latest_only_with_trigger.py
[2022-09-15T16:43:27.957+0000] {logging_mixin.py:115} INFO - [2022-09-15T16:43:27.956+0000] {manager.py:508} INFO - Created Permission View: can delete on DAG:latest_only_with_trigger
[2022-09-15T16:43:27.996+0000] {logging_mixin.py:115} INFO - [2022-09-15T16:43:27.996+0000] {manager.py:508} INFO - Created Permission View: can read on DAG:latest_only_with_trigger
[2022-09-15T16:43:28.031+0000] {logging_mixin.py:115} INFO - [2022-09-15T16:43:28.031+0000] {manager.py:508} INFO - Created Permission View: can edit on DAG:latest_only_with_trigger
[2022-09-15T16:43:28.037+0000] {logging_mixin.py:115} INFO - [2022-09-15T16:43:28.037+0000] {dag.py:2429} INFO - Sync 1 DAGs
[2022-09-15T16:43:28.097+0000] {logging_mixin.py:115} INFO - [2022-09-15T16:43:28.097+0000] {dag.py:2448} INFO - Creating ORM DAG for latest_only_with_trigger
[2022-09-15T16:43:28.122+0000] {logging_mixin.py:115} INFO - [2022-09-15T16:43:28.122+0000] {dag.py:2981} INFO - Setting next_dagrun for latest_only_with_trigger to 2022-09-15T12:43:28.122178+00:00, run_after=2022-09-15T16:43:28.122178+00:00
[2022-09-15T16:43:28.166+0000] {processor.py:161} INFO - Processing /home/airflow/.local/lib/python3.7/site-packages/airflow/example_dags/example_latest_only_with_trigger.py took 0.474 seconds
[2022-09-15T16:43:58.215+0000] {processor.py:153} INFO - Started process (PID=114) to work on /home/airflow/.local/lib/python3.7/site-packages/airflow/example_dags/example_latest_only_with_trigger.py
[2022-09-15T16:43:58.217+0000] {processor.py:640} INFO - Processing file /home/airflow/.local/lib/python3.7/site-packages/airflow/example_dags/example_latest_only_with_trigger.py for tasks to queue
[2022-09-15T16:43:58.218+0000] {logging_mixin.py:115} INFO - [2022-09-15T16:43:58.218+0000] {dagbag.py:508} INFO - Filling up the DagBag from /home/airflow/.local/lib/python3.7/site-packages/airflow/example_dags/example_latest_only_with_trigger.py
[2022-09-15T16:43:58.223+0000] {processor.py:650} INFO - DAG(s) dict_keys(['latest_only_with_trigger']) retrieved from /home/airflow/.local/lib/python3.7/site-packages/airflow/example_dags/example_latest_only_with_trigger.py
[2022-09-15T16:43:58.240+0000] {logging_mixin.py:115} INFO - [2022-09-15T16:43:58.240+0000] {dag.py:2429} INFO - Sync 1 DAGs
[2022-09-15T16:43:58.254+0000] {logging_mixin.py:115} INFO - [2022-09-15T16:43:58.253+0000] {dag.py:2981} INFO - Setting next_dagrun for latest_only_with_trigger to 2022-09-15T12:43:58.253789+00:00, run_after=2022-09-15T16:43:58.253789+00:00
[2022-09-15T16:43:58.261+0000] {processor.py:161} INFO - Processing /home/airflow/.local/lib/python3.7/site-packages/airflow/example_dags/example_latest_only_with_trigger.py took 0.049 seconds
[2022-09-15T16:44:28.289+0000] {processor.py:153} INFO - Started process (PID=180) to work on /home/airflow/.local/lib/python3.7/site-packages/airflow/example_dags/example_latest_only_with_trigger.py
[2022-09-15T16:44:28.291+0000] {processor.py:640} INFO - Processing file /home/airflow/.local/lib/python3.7/site-packages/airflow/example_dags/example_latest_only_with_trigger.py for tasks to queue
[2022-09-15T16:44:28.292+0000] {logging_mixin.py:115} INFO - [2022-09-15T16:44:28.292+0000] {dagbag.py:508} INFO - Filling up the DagBag from /home/airflow/.local/lib/python3.7/site-packages/airflow/example_dags/example_latest_only_with_trigger.py
[2022-09-15T16:44:28.298+0000] {processor.py:650} INFO - DAG(s) dict_keys(['latest_only_with_trigger']) retrieved from /home/airflow/.local/lib/python3.7/site-packages/airflow/example_dags/example_latest_only_with_trigger.py
[2022-09-15T16:44:28.319+0000] {logging_mixin.py:115} INFO - [2022-09-15T16:44:28.319+0000] {dag.py:2429} INFO - Sync 1 DAGs
[2022-09-15T16:44:28.333+0000] {logging_mixin.py:115} INFO - [2022-09-15T16:44:28.333+0000] {dag.py:2981} INFO - Setting next_dagrun for latest_only_with_trigger to 2022-09-15T12:44:28.333543+00:00, run_after=2022-09-15T16:44:28.333543+00:00
[2022-09-15T16:44:28.342+0000] {processor.py:161} INFO - Processing /home/airflow/.local/lib/python3.7/site-packages/airflow/example_dags/example_latest_only_with_trigger.py took 0.056 seconds
[2022-09-15T16:44:59.472+0000] {processor.py:153} INFO - Started process (PID=246) to work on /home/airflow/.local/lib/python3.7/site-packages/airflow/example_dags/example_latest_only_with_trigger.py
[2022-09-15T16:44:59.475+0000] {processor.py:640} INFO - Processing file /home/airflow/.local/lib/python3.7/site-packages/airflow/example_dags/example_latest_only_with_trigger.py for tasks to queue
[2022-09-15T16:44:59.476+0000] {logging_mixin.py:115} INFO - [2022-09-15T16:44:59.476+0000] {dagbag.py:508} INFO - Filling up the DagBag from /home/airflow/.local/lib/python3.7/site-packages/airflow/example_dags/example_latest_only_with_trigger.py
[2022-09-15T16:44:59.481+0000] {processor.py:650} INFO - DAG(s) dict_keys(['latest_only_with_trigger']) retrieved from /home/airflow/.local/lib/python3.7/site-packages/airflow/example_dags/example_latest_only_with_trigger.py
[2022-09-15T16:44:59.504+0000] {logging_mixin.py:115} INFO - [2022-09-15T16:44:59.504+0000] {dag.py:2429} INFO - Sync 1 DAGs
[2022-09-15T16:44:59.521+0000] {logging_mixin.py:115} INFO - [2022-09-15T16:44:59.521+0000] {dag.py:2981} INFO - Setting next_dagrun for latest_only_with_trigger to 2022-09-15T12:44:59.521196+00:00, run_after=2022-09-15T16:44:59.521196+00:00
[2022-09-15T16:44:59.531+0000] {processor.py:161} INFO - Processing /home/airflow/.local/lib/python3.7/site-packages/airflow/example_dags/example_latest_only_with_trigger.py took 0.061 seconds
[2022-09-15T16:45:29.761+0000] {processor.py:153} INFO - Started process (PID=313) to work on /home/airflow/.local/lib/python3.7/site-packages/airflow/example_dags/example_latest_only_with_trigger.py
[2022-09-15T16:45:29.762+0000] {processor.py:640} INFO - Processing file /home/airflow/.local/lib/python3.7/site-packages/airflow/example_dags/example_latest_only_with_trigger.py for tasks to queue
[2022-09-15T16:45:29.764+0000] {logging_mixin.py:115} INFO - [2022-09-15T16:45:29.764+0000] {dagbag.py:508} INFO - Filling up the DagBag from /home/airflow/.local/lib/python3.7/site-packages/airflow/example_dags/example_latest_only_with_trigger.py
[2022-09-15T16:45:29.769+0000] {processor.py:650} INFO - DAG(s) dict_keys(['latest_only_with_trigger']) retrieved from /home/airflow/.local/lib/python3.7/site-packages/airflow/example_dags/example_latest_only_with_trigger.py
[2022-09-15T16:45:29.788+0000] {logging_mixin.py:115} INFO - [2022-09-15T16:45:29.788+0000] {dag.py:2429} INFO - Sync 1 DAGs
[2022-09-15T16:45:29.803+0000] {logging_mixin.py:115} INFO - [2022-09-15T16:45:29.802+0000] {dag.py:2981} INFO - Setting next_dagrun for latest_only_with_trigger to 2022-09-15T12:45:29.802791+00:00, run_after=2022-09-15T16:45:29.802791+00:00
[2022-09-15T16:45:29.812+0000] {processor.py:161} INFO - Processing /home/airflow/.local/lib/python3.7/site-packages/airflow/example_dags/example_latest_only_with_trigger.py took 0.053 seconds
[2022-09-15T16:46:00.821+0000] {processor.py:153} INFO - Started process (PID=370) to work on /home/airflow/.local/lib/python3.7/site-packages/airflow/example_dags/example_latest_only_with_trigger.py
[2022-09-15T16:46:00.823+0000] {processor.py:640} INFO - Processing file /home/airflow/.local/lib/python3.7/site-packages/airflow/example_dags/example_latest_only_with_trigger.py for tasks to queue
[2022-09-15T16:46:00.825+0000] {logging_mixin.py:115} INFO - [2022-09-15T16:46:00.825+0000] {dagbag.py:508} INFO - Filling up the DagBag from /home/airflow/.local/lib/python3.7/site-packages/airflow/example_dags/example_latest_only_with_trigger.py
[2022-09-15T16:46:00.830+0000] {processor.py:650} INFO - DAG(s) dict_keys(['latest_only_with_trigger']) retrieved from /home/airflow/.local/lib/python3.7/site-packages/airflow/example_dags/example_latest_only_with_trigger.py
[2022-09-15T16:46:00.850+0000] {logging_mixin.py:115} INFO - [2022-09-15T16:46:00.850+0000] {dag.py:2429} INFO - Sync 1 DAGs
[2022-09-15T16:46:00.867+0000] {logging_mixin.py:115} INFO - [2022-09-15T16:46:00.867+0000] {dag.py:2981} INFO - Setting next_dagrun for latest_only_with_trigger to 2022-09-15T12:46:00.866870+00:00, run_after=2022-09-15T16:46:00.866870+00:00
[2022-09-15T16:46:00.876+0000] {processor.py:161} INFO - Processing /home/airflow/.local/lib/python3.7/site-packages/airflow/example_dags/example_latest_only_with_trigger.py took 0.059 seconds
[2022-09-15T16:46:31.783+0000] {processor.py:153} INFO - Started process (PID=436) to work on /home/airflow/.local/lib/python3.7/site-packages/airflow/example_dags/example_latest_only_with_trigger.py
[2022-09-15T16:46:31.785+0000] {processor.py:640} INFO - Processing file /home/airflow/.local/lib/python3.7/site-packages/airflow/example_dags/example_latest_only_with_trigger.py for tasks to queue
[2022-09-15T16:46:31.786+0000] {logging_mixin.py:115} INFO - [2022-09-15T16:46:31.786+0000] {dagbag.py:508} INFO - Filling up the DagBag from /home/airflow/.local/lib/python3.7/site-packages/airflow/example_dags/example_latest_only_with_trigger.py
[2022-09-15T16:46:31.792+0000] {processor.py:650} INFO - DAG(s) dict_keys(['latest_only_with_trigger']) retrieved from /home/airflow/.local/lib/python3.7/site-packages/airflow/example_dags/example_latest_only_with_trigger.py
[2022-09-15T16:46:31.810+0000] {logging_mixin.py:115} INFO - [2022-09-15T16:46:31.810+0000] {dag.py:2429} INFO - Sync 1 DAGs
[2022-09-15T16:46:31.828+0000] {logging_mixin.py:115} INFO - [2022-09-15T16:46:31.828+0000] {dag.py:2981} INFO - Setting next_dagrun for latest_only_with_trigger to 2022-09-15T12:46:31.827844+00:00, run_after=2022-09-15T16:46:31.827844+00:00
[2022-09-15T16:46:31.836+0000] {processor.py:161} INFO - Processing /home/airflow/.local/lib/python3.7/site-packages/airflow/example_dags/example_latest_only_with_trigger.py took 0.056 seconds
[2022-09-15T16:47:02.599+0000] {processor.py:153} INFO - Started process (PID=505) to work on /home/airflow/.local/lib/python3.7/site-packages/airflow/example_dags/example_latest_only_with_trigger.py
[2022-09-15T16:47:02.600+0000] {processor.py:640} INFO - Processing file /home/airflow/.local/lib/python3.7/site-packages/airflow/example_dags/example_latest_only_with_trigger.py for tasks to queue
[2022-09-15T16:47:02.601+0000] {logging_mixin.py:115} INFO - [2022-09-15T16:47:02.601+0000] {dagbag.py:508} INFO - Filling up the DagBag from /home/airflow/.local/lib/python3.7/site-packages/airflow/example_dags/example_latest_only_with_trigger.py
[2022-09-15T16:47:02.607+0000] {processor.py:650} INFO - DAG(s) dict_keys(['latest_only_with_trigger']) retrieved from /home/airflow/.local/lib/python3.7/site-packages/airflow/example_dags/example_latest_only_with_trigger.py
[2022-09-15T16:47:02.673+0000] {logging_mixin.py:115} INFO - [2022-09-15T16:47:02.673+0000] {dag.py:2429} INFO - Sync 1 DAGs
[2022-09-15T16:47:02.697+0000] {logging_mixin.py:115} INFO - [2022-09-15T16:47:02.697+0000] {dag.py:2981} INFO - Setting next_dagrun for latest_only_with_trigger to 2022-09-15T12:47:02.696691+00:00, run_after=2022-09-15T16:47:02.696691+00:00
[2022-09-15T16:47:02.709+0000] {processor.py:161} INFO - Processing /home/airflow/.local/lib/python3.7/site-packages/airflow/example_dags/example_latest_only_with_trigger.py took 0.113 seconds
[2022-09-15T16:47:33.709+0000] {processor.py:153} INFO - Started process (PID=573) to work on /home/airflow/.local/lib/python3.7/site-packages/airflow/example_dags/example_latest_only_with_trigger.py
[2022-09-15T16:47:33.712+0000] {processor.py:640} INFO - Processing file /home/airflow/.local/lib/python3.7/site-packages/airflow/example_dags/example_latest_only_with_trigger.py for tasks to queue
[2022-09-15T16:47:33.713+0000] {logging_mixin.py:115} INFO - [2022-09-15T16:47:33.713+0000] {dagbag.py:508} INFO - Filling up the DagBag from /home/airflow/.local/lib/python3.7/site-packages/airflow/example_dags/example_latest_only_with_trigger.py
[2022-09-15T16:47:33.718+0000] {processor.py:650} INFO - DAG(s) dict_keys(['latest_only_with_trigger']) retrieved from /home/airflow/.local/lib/python3.7/site-packages/airflow/example_dags/example_latest_only_with_trigger.py
[2022-09-15T16:47:33.738+0000] {logging_mixin.py:115} INFO - [2022-09-15T16:47:33.738+0000] {dag.py:2429} INFO - Sync 1 DAGs
[2022-09-15T16:47:33.757+0000] {logging_mixin.py:115} INFO - [2022-09-15T16:47:33.757+0000] {dag.py:2981} INFO - Setting next_dagrun for latest_only_with_trigger to 2022-09-15T12:47:33.757152+00:00, run_after=2022-09-15T16:47:33.757152+00:00
[2022-09-15T16:47:33.766+0000] {processor.py:161} INFO - Processing /home/airflow/.local/lib/python3.7/site-packages/airflow/example_dags/example_latest_only_with_trigger.py took 0.059 seconds
[2022-09-15T16:48:04.445+0000] {processor.py:153} INFO - Started process (PID=641) to work on /home/airflow/.local/lib/python3.7/site-packages/airflow/example_dags/example_latest_only_with_trigger.py
[2022-09-15T16:48:04.447+0000] {processor.py:640} INFO - Processing file /home/airflow/.local/lib/python3.7/site-packages/airflow/example_dags/example_latest_only_with_trigger.py for tasks to queue
[2022-09-15T16:48:04.448+0000] {logging_mixin.py:115} INFO - [2022-09-15T16:48:04.448+0000] {dagbag.py:508} INFO - Filling up the DagBag from /home/airflow/.local/lib/python3.7/site-packages/airflow/example_dags/example_latest_only_with_trigger.py
[2022-09-15T16:48:04.452+0000] {processor.py:650} INFO - DAG(s) dict_keys(['latest_only_with_trigger']) retrieved from /home/airflow/.local/lib/python3.7/site-packages/airflow/example_dags/example_latest_only_with_trigger.py
[2022-09-15T16:48:04.471+0000] {logging_mixin.py:115} INFO - [2022-09-15T16:48:04.471+0000] {dag.py:2429} INFO - Sync 1 DAGs
[2022-09-15T16:48:04.486+0000] {logging_mixin.py:115} INFO - [2022-09-15T16:48:04.485+0000] {dag.py:2981} INFO - Setting next_dagrun for latest_only_with_trigger to 2022-09-15T12:48:04.485830+00:00, run_after=2022-09-15T16:48:04.485830+00:00
[2022-09-15T16:48:04.495+0000] {processor.py:161} INFO - Processing /home/airflow/.local/lib/python3.7/site-packages/airflow/example_dags/example_latest_only_with_trigger.py took 0.052 seconds
[2022-09-15T16:48:35.528+0000] {processor.py:153} INFO - Started process (PID=706) to work on /home/airflow/.local/lib/python3.7/site-packages/airflow/example_dags/example_latest_only_with_trigger.py
[2022-09-15T16:48:35.530+0000] {processor.py:640} INFO - Processing file /home/airflow/.local/lib/python3.7/site-packages/airflow/example_dags/example_latest_only_with_trigger.py for tasks to queue
[2022-09-15T16:48:35.531+0000] {logging_mixin.py:115} INFO - [2022-09-15T16:48:35.531+0000] {dagbag.py:508} INFO - Filling up the DagBag from /home/airflow/.local/lib/python3.7/site-packages/airflow/example_dags/example_latest_only_with_trigger.py
[2022-09-15T16:48:35.536+0000] {processor.py:650} INFO - DAG(s) dict_keys(['latest_only_with_trigger']) retrieved from /home/airflow/.local/lib/python3.7/site-packages/airflow/example_dags/example_latest_only_with_trigger.py
[2022-09-15T16:48:35.557+0000] {logging_mixin.py:115} INFO - [2022-09-15T16:48:35.557+0000] {dag.py:2429} INFO - Sync 1 DAGs
[2022-09-15T16:48:35.573+0000] {logging_mixin.py:115} INFO - [2022-09-15T16:48:35.573+0000] {dag.py:2981} INFO - Setting next_dagrun for latest_only_with_trigger to 2022-09-15T12:48:35.572851+00:00, run_after=2022-09-15T16:48:35.572851+00:00
[2022-09-15T16:48:35.581+0000] {processor.py:161} INFO - Processing /home/airflow/.local/lib/python3.7/site-packages/airflow/example_dags/example_latest_only_with_trigger.py took 0.055 seconds
[2022-09-15T16:49:05.629+0000] {processor.py:153} INFO - Started process (PID=772) to work on /home/airflow/.local/lib/python3.7/site-packages/airflow/example_dags/example_latest_only_with_trigger.py
[2022-09-15T16:49:05.631+0000] {processor.py:640} INFO - Processing file /home/airflow/.local/lib/python3.7/site-packages/airflow/example_dags/example_latest_only_with_trigger.py for tasks to queue
[2022-09-15T16:49:05.632+0000] {logging_mixin.py:115} INFO - [2022-09-15T16:49:05.632+0000] {dagbag.py:508} INFO - Filling up the DagBag from /home/airflow/.local/lib/python3.7/site-packages/airflow/example_dags/example_latest_only_with_trigger.py
[2022-09-15T16:49:05.636+0000] {processor.py:650} INFO - DAG(s) dict_keys(['latest_only_with_trigger']) retrieved from /home/airflow/.local/lib/python3.7/site-packages/airflow/example_dags/example_latest_only_with_trigger.py
[2022-09-15T16:49:05.657+0000] {logging_mixin.py:115} INFO - [2022-09-15T16:49:05.657+0000] {dag.py:2429} INFO - Sync 1 DAGs
[2022-09-15T16:49:05.673+0000] {logging_mixin.py:115} INFO - [2022-09-15T16:49:05.673+0000] {dag.py:2981} INFO - Setting next_dagrun for latest_only_with_trigger to 2022-09-15T12:49:05.673037+00:00, run_after=2022-09-15T16:49:05.673037+00:00
[2022-09-15T16:49:05.682+0000] {processor.py:161} INFO - Processing /home/airflow/.local/lib/python3.7/site-packages/airflow/example_dags/example_latest_only_with_trigger.py took 0.055 seconds
[2022-09-15T16:49:36.758+0000] {processor.py:153} INFO - Started process (PID=827) to work on /home/airflow/.local/lib/python3.7/site-packages/airflow/example_dags/example_latest_only_with_trigger.py
[2022-09-15T16:49:36.760+0000] {processor.py:640} INFO - Processing file /home/airflow/.local/lib/python3.7/site-packages/airflow/example_dags/example_latest_only_with_trigger.py for tasks to queue
[2022-09-15T16:49:36.761+0000] {logging_mixin.py:115} INFO - [2022-09-15T16:49:36.761+0000] {dagbag.py:508} INFO - Filling up the DagBag from /home/airflow/.local/lib/python3.7/site-packages/airflow/example_dags/example_latest_only_with_trigger.py
[2022-09-15T16:49:36.766+0000] {processor.py:650} INFO - DAG(s) dict_keys(['latest_only_with_trigger']) retrieved from /home/airflow/.local/lib/python3.7/site-packages/airflow/example_dags/example_latest_only_with_trigger.py
[2022-09-15T16:49:36.785+0000] {logging_mixin.py:115} INFO - [2022-09-15T16:49:36.785+0000] {dag.py:2429} INFO - Sync 1 DAGs
[2022-09-15T16:49:36.799+0000] {logging_mixin.py:115} INFO - [2022-09-15T16:49:36.799+0000] {dag.py:2981} INFO - Setting next_dagrun for latest_only_with_trigger to 2022-09-15T12:49:36.799401+00:00, run_after=2022-09-15T16:49:36.799401+00:00
[2022-09-15T16:49:36.809+0000] {processor.py:161} INFO - Processing /home/airflow/.local/lib/python3.7/site-packages/airflow/example_dags/example_latest_only_with_trigger.py took 0.054 seconds
[2022-09-15T16:50:06.967+0000] {processor.py:153} INFO - Started process (PID=896) to work on /home/airflow/.local/lib/python3.7/site-packages/airflow/example_dags/example_latest_only_with_trigger.py
[2022-09-15T16:50:06.969+0000] {processor.py:640} INFO - Processing file /home/airflow/.local/lib/python3.7/site-packages/airflow/example_dags/example_latest_only_with_trigger.py for tasks to queue
[2022-09-15T16:50:06.971+0000] {logging_mixin.py:115} INFO - [2022-09-15T16:50:06.970+0000] {dagbag.py:508} INFO - Filling up the DagBag from /home/airflow/.local/lib/python3.7/site-packages/airflow/example_dags/example_latest_only_with_trigger.py
[2022-09-15T16:50:06.975+0000] {processor.py:650} INFO - DAG(s) dict_keys(['latest_only_with_trigger']) retrieved from /home/airflow/.local/lib/python3.7/site-packages/airflow/example_dags/example_latest_only_with_trigger.py
[2022-09-15T16:50:06.995+0000] {logging_mixin.py:115} INFO - [2022-09-15T16:50:06.994+0000] {dag.py:2429} INFO - Sync 1 DAGs
[2022-09-15T16:50:07.012+0000] {logging_mixin.py:115} INFO - [2022-09-15T16:50:07.011+0000] {dag.py:2981} INFO - Setting next_dagrun for latest_only_with_trigger to 2022-09-15T12:50:07.011827+00:00, run_after=2022-09-15T16:50:07.011827+00:00
[2022-09-15T16:50:07.020+0000] {processor.py:161} INFO - Processing /home/airflow/.local/lib/python3.7/site-packages/airflow/example_dags/example_latest_only_with_trigger.py took 0.055 seconds
[2022-09-15T16:50:37.898+0000] {processor.py:153} INFO - Started process (PID=965) to work on /home/airflow/.local/lib/python3.7/site-packages/airflow/example_dags/example_latest_only_with_trigger.py
[2022-09-15T16:50:37.901+0000] {processor.py:640} INFO - Processing file /home/airflow/.local/lib/python3.7/site-packages/airflow/example_dags/example_latest_only_with_trigger.py for tasks to queue
[2022-09-15T16:50:37.902+0000] {logging_mixin.py:115} INFO - [2022-09-15T16:50:37.902+0000] {dagbag.py:508} INFO - Filling up the DagBag from /home/airflow/.local/lib/python3.7/site-packages/airflow/example_dags/example_latest_only_with_trigger.py
[2022-09-15T16:50:37.907+0000] {processor.py:650} INFO - DAG(s) dict_keys(['latest_only_with_trigger']) retrieved from /home/airflow/.local/lib/python3.7/site-packages/airflow/example_dags/example_latest_only_with_trigger.py
[2022-09-15T16:50:37.929+0000] {logging_mixin.py:115} INFO - [2022-09-15T16:50:37.929+0000] {dag.py:2429} INFO - Sync 1 DAGs
[2022-09-15T16:50:37.942+0000] {logging_mixin.py:115} INFO - [2022-09-15T16:50:37.942+0000] {dag.py:2981} INFO - Setting next_dagrun for latest_only_with_trigger to 2022-09-15T12:50:37.942577+00:00, run_after=2022-09-15T16:50:37.942577+00:00
[2022-09-15T16:50:37.950+0000] {processor.py:161} INFO - Processing /home/airflow/.local/lib/python3.7/site-packages/airflow/example_dags/example_latest_only_with_trigger.py took 0.055 seconds
[2022-09-15T16:51:08.769+0000] {processor.py:153} INFO - Started process (PID=1031) to work on /home/airflow/.local/lib/python3.7/site-packages/airflow/example_dags/example_latest_only_with_trigger.py
[2022-09-15T16:51:08.771+0000] {processor.py:640} INFO - Processing file /home/airflow/.local/lib/python3.7/site-packages/airflow/example_dags/example_latest_only_with_trigger.py for tasks to queue
[2022-09-15T16:51:08.773+0000] {logging_mixin.py:115} INFO - [2022-09-15T16:51:08.773+0000] {dagbag.py:508} INFO - Filling up the DagBag from /home/airflow/.local/lib/python3.7/site-packages/airflow/example_dags/example_latest_only_with_trigger.py
[2022-09-15T16:51:08.777+0000] {processor.py:650} INFO - DAG(s) dict_keys(['latest_only_with_trigger']) retrieved from /home/airflow/.local/lib/python3.7/site-packages/airflow/example_dags/example_latest_only_with_trigger.py
[2022-09-15T16:51:08.796+0000] {logging_mixin.py:115} INFO - [2022-09-15T16:51:08.796+0000] {dag.py:2429} INFO - Sync 1 DAGs
[2022-09-15T16:51:08.809+0000] {logging_mixin.py:115} INFO - [2022-09-15T16:51:08.809+0000] {dag.py:2981} INFO - Setting next_dagrun for latest_only_with_trigger to 2022-09-15T12:51:08.809151+00:00, run_after=2022-09-15T16:51:08.809151+00:00
[2022-09-15T16:51:08.818+0000] {processor.py:161} INFO - Processing /home/airflow/.local/lib/python3.7/site-packages/airflow/example_dags/example_latest_only_with_trigger.py took 0.051 seconds
[2022-09-15T16:51:39.918+0000] {processor.py:153} INFO - Started process (PID=1101) to work on /home/airflow/.local/lib/python3.7/site-packages/airflow/example_dags/example_latest_only_with_trigger.py
[2022-09-15T16:51:39.920+0000] {processor.py:640} INFO - Processing file /home/airflow/.local/lib/python3.7/site-packages/airflow/example_dags/example_latest_only_with_trigger.py for tasks to queue
[2022-09-15T16:51:39.921+0000] {logging_mixin.py:115} INFO - [2022-09-15T16:51:39.921+0000] {dagbag.py:508} INFO - Filling up the DagBag from /home/airflow/.local/lib/python3.7/site-packages/airflow/example_dags/example_latest_only_with_trigger.py
[2022-09-15T16:51:39.926+0000] {processor.py:650} INFO - DAG(s) dict_keys(['latest_only_with_trigger']) retrieved from /home/airflow/.local/lib/python3.7/site-packages/airflow/example_dags/example_latest_only_with_trigger.py
[2022-09-15T16:51:39.944+0000] {logging_mixin.py:115} INFO - [2022-09-15T16:51:39.944+0000] {dag.py:2429} INFO - Sync 1 DAGs
[2022-09-15T16:51:39.959+0000] {logging_mixin.py:115} INFO - [2022-09-15T16:51:39.959+0000] {dag.py:2981} INFO - Setting next_dagrun for latest_only_with_trigger to 2022-09-15T12:51:39.959281+00:00, run_after=2022-09-15T16:51:39.959281+00:00
[2022-09-15T16:51:39.968+0000] {processor.py:161} INFO - Processing /home/airflow/.local/lib/python3.7/site-packages/airflow/example_dags/example_latest_only_with_trigger.py took 0.051 seconds
[2022-09-15T16:52:10.787+0000] {processor.py:153} INFO - Started process (PID=1166) to work on /home/airflow/.local/lib/python3.7/site-packages/airflow/example_dags/example_latest_only_with_trigger.py
[2022-09-15T16:52:10.796+0000] {processor.py:640} INFO - Processing file /home/airflow/.local/lib/python3.7/site-packages/airflow/example_dags/example_latest_only_with_trigger.py for tasks to queue
[2022-09-15T16:52:10.798+0000] {logging_mixin.py:115} INFO - [2022-09-15T16:52:10.798+0000] {dagbag.py:508} INFO - Filling up the DagBag from /home/airflow/.local/lib/python3.7/site-packages/airflow/example_dags/example_latest_only_with_trigger.py
[2022-09-15T16:52:10.803+0000] {processor.py:650} INFO - DAG(s) dict_keys(['latest_only_with_trigger']) retrieved from /home/airflow/.local/lib/python3.7/site-packages/airflow/example_dags/example_latest_only_with_trigger.py
[2022-09-15T16:52:10.831+0000] {logging_mixin.py:115} INFO - [2022-09-15T16:52:10.830+0000] {dag.py:2429} INFO - Sync 1 DAGs
[2022-09-15T16:52:10.847+0000] {logging_mixin.py:115} INFO - [2022-09-15T16:52:10.847+0000] {dag.py:2981} INFO - Setting next_dagrun for latest_only_with_trigger to 2022-09-15T12:52:10.846929+00:00, run_after=2022-09-15T16:52:10.846929+00:00
[2022-09-15T16:52:10.855+0000] {processor.py:161} INFO - Processing /home/airflow/.local/lib/python3.7/site-packages/airflow/example_dags/example_latest_only_with_trigger.py took 0.071 seconds
[2022-09-15T16:52:41.638+0000] {processor.py:153} INFO - Started process (PID=1222) to work on /home/airflow/.local/lib/python3.7/site-packages/airflow/example_dags/example_latest_only_with_trigger.py
[2022-09-15T16:52:41.655+0000] {processor.py:640} INFO - Processing file /home/airflow/.local/lib/python3.7/site-packages/airflow/example_dags/example_latest_only_with_trigger.py for tasks to queue
[2022-09-15T16:52:41.657+0000] {logging_mixin.py:115} INFO - [2022-09-15T16:52:41.657+0000] {dagbag.py:508} INFO - Filling up the DagBag from /home/airflow/.local/lib/python3.7/site-packages/airflow/example_dags/example_latest_only_with_trigger.py
[2022-09-15T16:52:41.661+0000] {processor.py:650} INFO - DAG(s) dict_keys(['latest_only_with_trigger']) retrieved from /home/airflow/.local/lib/python3.7/site-packages/airflow/example_dags/example_latest_only_with_trigger.py
[2022-09-15T16:52:41.682+0000] {logging_mixin.py:115} INFO - [2022-09-15T16:52:41.682+0000] {dag.py:2429} INFO - Sync 1 DAGs
[2022-09-15T16:52:41.702+0000] {logging_mixin.py:115} INFO - [2022-09-15T16:52:41.702+0000] {dag.py:2981} INFO - Setting next_dagrun for latest_only_with_trigger to 2022-09-15T12:52:41.702679+00:00, run_after=2022-09-15T16:52:41.702679+00:00
[2022-09-15T16:52:41.714+0000] {processor.py:161} INFO - Processing /home/airflow/.local/lib/python3.7/site-packages/airflow/example_dags/example_latest_only_with_trigger.py took 0.078 seconds
[2022-09-15T16:53:11.921+0000] {processor.py:153} INFO - Started process (PID=1290) to work on /home/airflow/.local/lib/python3.7/site-packages/airflow/example_dags/example_latest_only_with_trigger.py
[2022-09-15T16:53:11.923+0000] {processor.py:640} INFO - Processing file /home/airflow/.local/lib/python3.7/site-packages/airflow/example_dags/example_latest_only_with_trigger.py for tasks to queue
[2022-09-15T16:53:11.925+0000] {logging_mixin.py:115} INFO - [2022-09-15T16:53:11.925+0000] {dagbag.py:508} INFO - Filling up the DagBag from /home/airflow/.local/lib/python3.7/site-packages/airflow/example_dags/example_latest_only_with_trigger.py
[2022-09-15T16:53:11.929+0000] {processor.py:650} INFO - DAG(s) dict_keys(['latest_only_with_trigger']) retrieved from /home/airflow/.local/lib/python3.7/site-packages/airflow/example_dags/example_latest_only_with_trigger.py
[2022-09-15T16:53:11.954+0000] {logging_mixin.py:115} INFO - [2022-09-15T16:53:11.954+0000] {dag.py:2429} INFO - Sync 1 DAGs
[2022-09-15T16:53:11.968+0000] {logging_mixin.py:115} INFO - [2022-09-15T16:53:11.968+0000] {dag.py:2981} INFO - Setting next_dagrun for latest_only_with_trigger to 2022-09-15T12:53:11.968436+00:00, run_after=2022-09-15T16:53:11.968436+00:00
[2022-09-15T16:53:11.977+0000] {processor.py:161} INFO - Processing /home/airflow/.local/lib/python3.7/site-packages/airflow/example_dags/example_latest_only_with_trigger.py took 0.059 seconds
[2022-09-15T16:53:42.219+0000] {processor.py:153} INFO - Started process (PID=1358) to work on /home/airflow/.local/lib/python3.7/site-packages/airflow/example_dags/example_latest_only_with_trigger.py
[2022-09-15T16:53:42.221+0000] {processor.py:640} INFO - Processing file /home/airflow/.local/lib/python3.7/site-packages/airflow/example_dags/example_latest_only_with_trigger.py for tasks to queue
[2022-09-15T16:53:42.222+0000] {logging_mixin.py:115} INFO - [2022-09-15T16:53:42.222+0000] {dagbag.py:508} INFO - Filling up the DagBag from /home/airflow/.local/lib/python3.7/site-packages/airflow/example_dags/example_latest_only_with_trigger.py
[2022-09-15T16:53:42.228+0000] {processor.py:650} INFO - DAG(s) dict_keys(['latest_only_with_trigger']) retrieved from /home/airflow/.local/lib/python3.7/site-packages/airflow/example_dags/example_latest_only_with_trigger.py
[2022-09-15T16:53:42.246+0000] {logging_mixin.py:115} INFO - [2022-09-15T16:53:42.246+0000] {dag.py:2429} INFO - Sync 1 DAGs
[2022-09-15T16:53:42.260+0000] {logging_mixin.py:115} INFO - [2022-09-15T16:53:42.260+0000] {dag.py:2981} INFO - Setting next_dagrun for latest_only_with_trigger to 2022-09-15T12:53:42.260270+00:00, run_after=2022-09-15T16:53:42.260270+00:00
[2022-09-15T16:53:42.269+0000] {processor.py:161} INFO - Processing /home/airflow/.local/lib/python3.7/site-packages/airflow/example_dags/example_latest_only_with_trigger.py took 0.052 seconds
[2022-09-15T16:54:13.215+0000] {processor.py:153} INFO - Started process (PID=1427) to work on /home/airflow/.local/lib/python3.7/site-packages/airflow/example_dags/example_latest_only_with_trigger.py
[2022-09-15T16:54:13.217+0000] {processor.py:640} INFO - Processing file /home/airflow/.local/lib/python3.7/site-packages/airflow/example_dags/example_latest_only_with_trigger.py for tasks to queue
[2022-09-15T16:54:13.218+0000] {logging_mixin.py:115} INFO - [2022-09-15T16:54:13.218+0000] {dagbag.py:508} INFO - Filling up the DagBag from /home/airflow/.local/lib/python3.7/site-packages/airflow/example_dags/example_latest_only_with_trigger.py
[2022-09-15T16:54:13.223+0000] {processor.py:650} INFO - DAG(s) dict_keys(['latest_only_with_trigger']) retrieved from /home/airflow/.local/lib/python3.7/site-packages/airflow/example_dags/example_latest_only_with_trigger.py
[2022-09-15T16:54:13.242+0000] {logging_mixin.py:115} INFO - [2022-09-15T16:54:13.242+0000] {dag.py:2429} INFO - Sync 1 DAGs
[2022-09-15T16:54:13.257+0000] {logging_mixin.py:115} INFO - [2022-09-15T16:54:13.257+0000] {dag.py:2981} INFO - Setting next_dagrun for latest_only_with_trigger to 2022-09-15T12:54:13.256867+00:00, run_after=2022-09-15T16:54:13.256867+00:00
[2022-09-15T16:54:13.267+0000] {processor.py:161} INFO - Processing /home/airflow/.local/lib/python3.7/site-packages/airflow/example_dags/example_latest_only_with_trigger.py took 0.054 seconds
[2022-09-15T16:54:44.252+0000] {processor.py:153} INFO - Started process (PID=1492) to work on /home/airflow/.local/lib/python3.7/site-packages/airflow/example_dags/example_latest_only_with_trigger.py
[2022-09-15T16:54:44.255+0000] {processor.py:640} INFO - Processing file /home/airflow/.local/lib/python3.7/site-packages/airflow/example_dags/example_latest_only_with_trigger.py for tasks to queue
[2022-09-15T16:54:44.258+0000] {logging_mixin.py:115} INFO - [2022-09-15T16:54:44.258+0000] {dagbag.py:508} INFO - Filling up the DagBag from /home/airflow/.local/lib/python3.7/site-packages/airflow/example_dags/example_latest_only_with_trigger.py
[2022-09-15T16:54:44.272+0000] {processor.py:650} INFO - DAG(s) dict_keys(['latest_only_with_trigger']) retrieved from /home/airflow/.local/lib/python3.7/site-packages/airflow/example_dags/example_latest_only_with_trigger.py
[2022-09-15T16:54:44.302+0000] {logging_mixin.py:115} INFO - [2022-09-15T16:54:44.302+0000] {dag.py:2429} INFO - Sync 1 DAGs
[2022-09-15T16:54:44.318+0000] {logging_mixin.py:115} INFO - [2022-09-15T16:54:44.318+0000] {dag.py:2981} INFO - Setting next_dagrun for latest_only_with_trigger to 2022-09-15T12:54:44.317859+00:00, run_after=2022-09-15T16:54:44.317859+00:00
[2022-09-15T16:54:44.330+0000] {processor.py:161} INFO - Processing /home/airflow/.local/lib/python3.7/site-packages/airflow/example_dags/example_latest_only_with_trigger.py took 0.083 seconds
[2022-09-15T16:55:14.498+0000] {processor.py:153} INFO - Started process (PID=1550) to work on /home/airflow/.local/lib/python3.7/site-packages/airflow/example_dags/example_latest_only_with_trigger.py
[2022-09-15T16:55:14.500+0000] {processor.py:640} INFO - Processing file /home/airflow/.local/lib/python3.7/site-packages/airflow/example_dags/example_latest_only_with_trigger.py for tasks to queue
[2022-09-15T16:55:14.502+0000] {logging_mixin.py:115} INFO - [2022-09-15T16:55:14.502+0000] {dagbag.py:508} INFO - Filling up the DagBag from /home/airflow/.local/lib/python3.7/site-packages/airflow/example_dags/example_latest_only_with_trigger.py
[2022-09-15T16:55:14.508+0000] {processor.py:650} INFO - DAG(s) dict_keys(['latest_only_with_trigger']) retrieved from /home/airflow/.local/lib/python3.7/site-packages/airflow/example_dags/example_latest_only_with_trigger.py
[2022-09-15T16:55:14.534+0000] {logging_mixin.py:115} INFO - [2022-09-15T16:55:14.533+0000] {dag.py:2429} INFO - Sync 1 DAGs
[2022-09-15T16:55:14.552+0000] {logging_mixin.py:115} INFO - [2022-09-15T16:55:14.552+0000] {dag.py:2981} INFO - Setting next_dagrun for latest_only_with_trigger to 2022-09-15T12:55:14.552533+00:00, run_after=2022-09-15T16:55:14.552533+00:00
[2022-09-15T16:55:14.563+0000] {processor.py:161} INFO - Processing /home/airflow/.local/lib/python3.7/site-packages/airflow/example_dags/example_latest_only_with_trigger.py took 0.069 seconds
[2022-09-15T16:55:45.538+0000] {processor.py:153} INFO - Started process (PID=1620) to work on /home/airflow/.local/lib/python3.7/site-packages/airflow/example_dags/example_latest_only_with_trigger.py
[2022-09-15T16:55:45.541+0000] {processor.py:640} INFO - Processing file /home/airflow/.local/lib/python3.7/site-packages/airflow/example_dags/example_latest_only_with_trigger.py for tasks to queue
[2022-09-15T16:55:45.542+0000] {logging_mixin.py:115} INFO - [2022-09-15T16:55:45.542+0000] {dagbag.py:508} INFO - Filling up the DagBag from /home/airflow/.local/lib/python3.7/site-packages/airflow/example_dags/example_latest_only_with_trigger.py
[2022-09-15T16:55:45.547+0000] {processor.py:650} INFO - DAG(s) dict_keys(['latest_only_with_trigger']) retrieved from /home/airflow/.local/lib/python3.7/site-packages/airflow/example_dags/example_latest_only_with_trigger.py
[2022-09-15T16:55:45.569+0000] {logging_mixin.py:115} INFO - [2022-09-15T16:55:45.568+0000] {dag.py:2429} INFO - Sync 1 DAGs
[2022-09-15T16:55:45.584+0000] {logging_mixin.py:115} INFO - [2022-09-15T16:55:45.584+0000] {dag.py:2981} INFO - Setting next_dagrun for latest_only_with_trigger to 2022-09-15T12:55:45.584062+00:00, run_after=2022-09-15T16:55:45.584062+00:00
[2022-09-15T16:55:45.594+0000] {processor.py:161} INFO - Processing /home/airflow/.local/lib/python3.7/site-packages/airflow/example_dags/example_latest_only_with_trigger.py took 0.059 seconds
[2022-09-15T16:56:15.697+0000] {processor.py:153} INFO - Started process (PID=1686) to work on /home/airflow/.local/lib/python3.7/site-packages/airflow/example_dags/example_latest_only_with_trigger.py
[2022-09-15T16:56:15.698+0000] {processor.py:640} INFO - Processing file /home/airflow/.local/lib/python3.7/site-packages/airflow/example_dags/example_latest_only_with_trigger.py for tasks to queue
[2022-09-15T16:56:15.700+0000] {logging_mixin.py:115} INFO - [2022-09-15T16:56:15.700+0000] {dagbag.py:508} INFO - Filling up the DagBag from /home/airflow/.local/lib/python3.7/site-packages/airflow/example_dags/example_latest_only_with_trigger.py
[2022-09-15T16:56:15.704+0000] {processor.py:650} INFO - DAG(s) dict_keys(['latest_only_with_trigger']) retrieved from /home/airflow/.local/lib/python3.7/site-packages/airflow/example_dags/example_latest_only_with_trigger.py
[2022-09-15T16:56:15.724+0000] {logging_mixin.py:115} INFO - [2022-09-15T16:56:15.724+0000] {dag.py:2429} INFO - Sync 1 DAGs
[2022-09-15T16:56:15.738+0000] {logging_mixin.py:115} INFO - [2022-09-15T16:56:15.737+0000] {dag.py:2981} INFO - Setting next_dagrun for latest_only_with_trigger to 2022-09-15T12:56:15.737722+00:00, run_after=2022-09-15T16:56:15.737722+00:00
[2022-09-15T16:56:15.745+0000] {processor.py:161} INFO - Processing /home/airflow/.local/lib/python3.7/site-packages/airflow/example_dags/example_latest_only_with_trigger.py took 0.051 seconds
[2022-09-15T16:56:46.651+0000] {processor.py:153} INFO - Started process (PID=1757) to work on /home/airflow/.local/lib/python3.7/site-packages/airflow/example_dags/example_latest_only_with_trigger.py
[2022-09-15T16:56:46.654+0000] {processor.py:640} INFO - Processing file /home/airflow/.local/lib/python3.7/site-packages/airflow/example_dags/example_latest_only_with_trigger.py for tasks to queue
[2022-09-15T16:56:46.656+0000] {logging_mixin.py:115} INFO - [2022-09-15T16:56:46.656+0000] {dagbag.py:508} INFO - Filling up the DagBag from /home/airflow/.local/lib/python3.7/site-packages/airflow/example_dags/example_latest_only_with_trigger.py
[2022-09-15T16:56:46.661+0000] {processor.py:650} INFO - DAG(s) dict_keys(['latest_only_with_trigger']) retrieved from /home/airflow/.local/lib/python3.7/site-packages/airflow/example_dags/example_latest_only_with_trigger.py
[2022-09-15T16:56:46.682+0000] {logging_mixin.py:115} INFO - [2022-09-15T16:56:46.682+0000] {dag.py:2429} INFO - Sync 1 DAGs
[2022-09-15T16:56:46.698+0000] {logging_mixin.py:115} INFO - [2022-09-15T16:56:46.698+0000] {dag.py:2981} INFO - Setting next_dagrun for latest_only_with_trigger to 2022-09-15T12:56:46.698372+00:00, run_after=2022-09-15T16:56:46.698372+00:00
[2022-09-15T16:56:46.707+0000] {processor.py:161} INFO - Processing /home/airflow/.local/lib/python3.7/site-packages/airflow/example_dags/example_latest_only_with_trigger.py took 0.058 seconds
[2022-09-15T16:57:16.773+0000] {processor.py:153} INFO - Started process (PID=1822) to work on /home/airflow/.local/lib/python3.7/site-packages/airflow/example_dags/example_latest_only_with_trigger.py
[2022-09-15T16:57:16.781+0000] {processor.py:640} INFO - Processing file /home/airflow/.local/lib/python3.7/site-packages/airflow/example_dags/example_latest_only_with_trigger.py for tasks to queue
[2022-09-15T16:57:16.783+0000] {logging_mixin.py:115} INFO - [2022-09-15T16:57:16.783+0000] {dagbag.py:508} INFO - Filling up the DagBag from /home/airflow/.local/lib/python3.7/site-packages/airflow/example_dags/example_latest_only_with_trigger.py
[2022-09-15T16:57:16.790+0000] {processor.py:650} INFO - DAG(s) dict_keys(['latest_only_with_trigger']) retrieved from /home/airflow/.local/lib/python3.7/site-packages/airflow/example_dags/example_latest_only_with_trigger.py
[2022-09-15T16:57:16.811+0000] {logging_mixin.py:115} INFO - [2022-09-15T16:57:16.811+0000] {dag.py:2429} INFO - Sync 1 DAGs
[2022-09-15T16:57:16.830+0000] {logging_mixin.py:115} INFO - [2022-09-15T16:57:16.830+0000] {dag.py:2981} INFO - Setting next_dagrun for latest_only_with_trigger to 2022-09-15T12:57:16.829893+00:00, run_after=2022-09-15T16:57:16.829893+00:00
[2022-09-15T16:57:16.840+0000] {processor.py:161} INFO - Processing /home/airflow/.local/lib/python3.7/site-packages/airflow/example_dags/example_latest_only_with_trigger.py took 0.069 seconds
[2022-09-15T16:57:47.024+0000] {processor.py:153} INFO - Started process (PID=1876) to work on /home/airflow/.local/lib/python3.7/site-packages/airflow/example_dags/example_latest_only_with_trigger.py
[2022-09-15T16:57:47.026+0000] {processor.py:640} INFO - Processing file /home/airflow/.local/lib/python3.7/site-packages/airflow/example_dags/example_latest_only_with_trigger.py for tasks to queue
[2022-09-15T16:57:47.037+0000] {logging_mixin.py:115} INFO - [2022-09-15T16:57:47.037+0000] {dagbag.py:508} INFO - Filling up the DagBag from /home/airflow/.local/lib/python3.7/site-packages/airflow/example_dags/example_latest_only_with_trigger.py
[2022-09-15T16:57:47.043+0000] {processor.py:650} INFO - DAG(s) dict_keys(['latest_only_with_trigger']) retrieved from /home/airflow/.local/lib/python3.7/site-packages/airflow/example_dags/example_latest_only_with_trigger.py
[2022-09-15T16:57:47.066+0000] {logging_mixin.py:115} INFO - [2022-09-15T16:57:47.066+0000] {dag.py:2429} INFO - Sync 1 DAGs
[2022-09-15T16:57:47.081+0000] {logging_mixin.py:115} INFO - [2022-09-15T16:57:47.081+0000] {dag.py:2981} INFO - Setting next_dagrun for latest_only_with_trigger to 2022-09-15T12:57:47.081443+00:00, run_after=2022-09-15T16:57:47.081443+00:00
[2022-09-15T16:57:47.090+0000] {processor.py:161} INFO - Processing /home/airflow/.local/lib/python3.7/site-packages/airflow/example_dags/example_latest_only_with_trigger.py took 0.068 seconds
[2022-09-15T16:58:18.113+0000] {processor.py:153} INFO - Started process (PID=1949) to work on /home/airflow/.local/lib/python3.7/site-packages/airflow/example_dags/example_latest_only_with_trigger.py
[2022-09-15T16:58:18.114+0000] {processor.py:640} INFO - Processing file /home/airflow/.local/lib/python3.7/site-packages/airflow/example_dags/example_latest_only_with_trigger.py for tasks to queue
[2022-09-15T16:58:18.116+0000] {logging_mixin.py:115} INFO - [2022-09-15T16:58:18.116+0000] {dagbag.py:508} INFO - Filling up the DagBag from /home/airflow/.local/lib/python3.7/site-packages/airflow/example_dags/example_latest_only_with_trigger.py
[2022-09-15T16:58:18.121+0000] {processor.py:650} INFO - DAG(s) dict_keys(['latest_only_with_trigger']) retrieved from /home/airflow/.local/lib/python3.7/site-packages/airflow/example_dags/example_latest_only_with_trigger.py
[2022-09-15T16:58:18.139+0000] {logging_mixin.py:115} INFO - [2022-09-15T16:58:18.139+0000] {dag.py:2429} INFO - Sync 1 DAGs
[2022-09-15T16:58:18.155+0000] {logging_mixin.py:115} INFO - [2022-09-15T16:58:18.155+0000] {dag.py:2981} INFO - Setting next_dagrun for latest_only_with_trigger to 2022-09-15T12:58:18.154909+00:00, run_after=2022-09-15T16:58:18.154909+00:00
[2022-09-15T16:58:18.164+0000] {processor.py:161} INFO - Processing /home/airflow/.local/lib/python3.7/site-packages/airflow/example_dags/example_latest_only_with_trigger.py took 0.054 seconds
[2022-09-15T16:58:49.232+0000] {processor.py:153} INFO - Started process (PID=2015) to work on /home/airflow/.local/lib/python3.7/site-packages/airflow/example_dags/example_latest_only_with_trigger.py
[2022-09-15T16:58:49.233+0000] {processor.py:640} INFO - Processing file /home/airflow/.local/lib/python3.7/site-packages/airflow/example_dags/example_latest_only_with_trigger.py for tasks to queue
[2022-09-15T16:58:49.234+0000] {logging_mixin.py:115} INFO - [2022-09-15T16:58:49.234+0000] {dagbag.py:508} INFO - Filling up the DagBag from /home/airflow/.local/lib/python3.7/site-packages/airflow/example_dags/example_latest_only_with_trigger.py
[2022-09-15T16:58:49.238+0000] {processor.py:650} INFO - DAG(s) dict_keys(['latest_only_with_trigger']) retrieved from /home/airflow/.local/lib/python3.7/site-packages/airflow/example_dags/example_latest_only_with_trigger.py
[2022-09-15T16:58:49.256+0000] {logging_mixin.py:115} INFO - [2022-09-15T16:58:49.256+0000] {dag.py:2429} INFO - Sync 1 DAGs
[2022-09-15T16:58:49.270+0000] {logging_mixin.py:115} INFO - [2022-09-15T16:58:49.270+0000] {dag.py:2981} INFO - Setting next_dagrun for latest_only_with_trigger to 2022-09-15T12:58:49.270607+00:00, run_after=2022-09-15T16:58:49.270607+00:00
[2022-09-15T16:58:49.280+0000] {processor.py:161} INFO - Processing /home/airflow/.local/lib/python3.7/site-packages/airflow/example_dags/example_latest_only_with_trigger.py took 0.051 seconds
[2022-09-15T16:59:19.361+0000] {processor.py:153} INFO - Started process (PID=2084) to work on /home/airflow/.local/lib/python3.7/site-packages/airflow/example_dags/example_latest_only_with_trigger.py
[2022-09-15T16:59:19.363+0000] {processor.py:640} INFO - Processing file /home/airflow/.local/lib/python3.7/site-packages/airflow/example_dags/example_latest_only_with_trigger.py for tasks to queue
[2022-09-15T16:59:19.364+0000] {logging_mixin.py:115} INFO - [2022-09-15T16:59:19.364+0000] {dagbag.py:508} INFO - Filling up the DagBag from /home/airflow/.local/lib/python3.7/site-packages/airflow/example_dags/example_latest_only_with_trigger.py
[2022-09-15T16:59:19.368+0000] {processor.py:650} INFO - DAG(s) dict_keys(['latest_only_with_trigger']) retrieved from /home/airflow/.local/lib/python3.7/site-packages/airflow/example_dags/example_latest_only_with_trigger.py
[2022-09-15T16:59:19.389+0000] {logging_mixin.py:115} INFO - [2022-09-15T16:59:19.389+0000] {dag.py:2429} INFO - Sync 1 DAGs
[2022-09-15T16:59:19.405+0000] {logging_mixin.py:115} INFO - [2022-09-15T16:59:19.405+0000] {dag.py:2981} INFO - Setting next_dagrun for latest_only_with_trigger to 2022-09-15T12:59:19.405522+00:00, run_after=2022-09-15T16:59:19.405522+00:00
[2022-09-15T16:59:19.417+0000] {processor.py:161} INFO - Processing /home/airflow/.local/lib/python3.7/site-packages/airflow/example_dags/example_latest_only_with_trigger.py took 0.058 seconds
[2022-09-15T16:59:50.371+0000] {processor.py:153} INFO - Started process (PID=2151) to work on /home/airflow/.local/lib/python3.7/site-packages/airflow/example_dags/example_latest_only_with_trigger.py
[2022-09-15T16:59:50.374+0000] {processor.py:640} INFO - Processing file /home/airflow/.local/lib/python3.7/site-packages/airflow/example_dags/example_latest_only_with_trigger.py for tasks to queue
[2022-09-15T16:59:50.375+0000] {logging_mixin.py:115} INFO - [2022-09-15T16:59:50.375+0000] {dagbag.py:508} INFO - Filling up the DagBag from /home/airflow/.local/lib/python3.7/site-packages/airflow/example_dags/example_latest_only_with_trigger.py
[2022-09-15T16:59:50.380+0000] {processor.py:650} INFO - DAG(s) dict_keys(['latest_only_with_trigger']) retrieved from /home/airflow/.local/lib/python3.7/site-packages/airflow/example_dags/example_latest_only_with_trigger.py
[2022-09-15T16:59:50.407+0000] {logging_mixin.py:115} INFO - [2022-09-15T16:59:50.407+0000] {dag.py:2429} INFO - Sync 1 DAGs
[2022-09-15T16:59:50.427+0000] {logging_mixin.py:115} INFO - [2022-09-15T16:59:50.427+0000] {dag.py:2981} INFO - Setting next_dagrun for latest_only_with_trigger to 2022-09-15T12:59:50.426987+00:00, run_after=2022-09-15T16:59:50.426987+00:00
[2022-09-15T16:59:50.441+0000] {processor.py:161} INFO - Processing /home/airflow/.local/lib/python3.7/site-packages/airflow/example_dags/example_latest_only_with_trigger.py took 0.073 seconds
[2022-09-15T17:00:21.325+0000] {processor.py:153} INFO - Started process (PID=2211) to work on /home/airflow/.local/lib/python3.7/site-packages/airflow/example_dags/example_latest_only_with_trigger.py
[2022-09-15T17:00:21.326+0000] {processor.py:640} INFO - Processing file /home/airflow/.local/lib/python3.7/site-packages/airflow/example_dags/example_latest_only_with_trigger.py for tasks to queue
[2022-09-15T17:00:21.328+0000] {logging_mixin.py:115} INFO - [2022-09-15T17:00:21.328+0000] {dagbag.py:508} INFO - Filling up the DagBag from /home/airflow/.local/lib/python3.7/site-packages/airflow/example_dags/example_latest_only_with_trigger.py
[2022-09-15T17:00:21.332+0000] {processor.py:650} INFO - DAG(s) dict_keys(['latest_only_with_trigger']) retrieved from /home/airflow/.local/lib/python3.7/site-packages/airflow/example_dags/example_latest_only_with_trigger.py
[2022-09-15T17:00:21.351+0000] {logging_mixin.py:115} INFO - [2022-09-15T17:00:21.351+0000] {dag.py:2429} INFO - Sync 1 DAGs
[2022-09-15T17:00:21.365+0000] {logging_mixin.py:115} INFO - [2022-09-15T17:00:21.365+0000] {dag.py:2981} INFO - Setting next_dagrun for latest_only_with_trigger to 2022-09-15T13:00:21.365463+00:00, run_after=2022-09-15T17:00:21.365463+00:00
[2022-09-15T17:00:21.375+0000] {processor.py:161} INFO - Processing /home/airflow/.local/lib/python3.7/site-packages/airflow/example_dags/example_latest_only_with_trigger.py took 0.052 seconds
[2022-09-15T17:00:51.642+0000] {processor.py:153} INFO - Started process (PID=2283) to work on /home/airflow/.local/lib/python3.7/site-packages/airflow/example_dags/example_latest_only_with_trigger.py
[2022-09-15T17:00:51.645+0000] {processor.py:640} INFO - Processing file /home/airflow/.local/lib/python3.7/site-packages/airflow/example_dags/example_latest_only_with_trigger.py for tasks to queue
[2022-09-15T17:00:51.646+0000] {logging_mixin.py:115} INFO - [2022-09-15T17:00:51.646+0000] {dagbag.py:508} INFO - Filling up the DagBag from /home/airflow/.local/lib/python3.7/site-packages/airflow/example_dags/example_latest_only_with_trigger.py
[2022-09-15T17:00:51.655+0000] {processor.py:650} INFO - DAG(s) dict_keys(['latest_only_with_trigger']) retrieved from /home/airflow/.local/lib/python3.7/site-packages/airflow/example_dags/example_latest_only_with_trigger.py
[2022-09-15T17:00:51.678+0000] {logging_mixin.py:115} INFO - [2022-09-15T17:00:51.678+0000] {dag.py:2429} INFO - Sync 1 DAGs
[2022-09-15T17:00:51.692+0000] {logging_mixin.py:115} INFO - [2022-09-15T17:00:51.692+0000] {dag.py:2981} INFO - Setting next_dagrun for latest_only_with_trigger to 2022-09-15T13:00:51.692335+00:00, run_after=2022-09-15T17:00:51.692335+00:00
[2022-09-15T17:00:51.703+0000] {processor.py:161} INFO - Processing /home/airflow/.local/lib/python3.7/site-packages/airflow/example_dags/example_latest_only_with_trigger.py took 0.063 seconds
[2022-09-15T17:01:21.730+0000] {processor.py:153} INFO - Started process (PID=2347) to work on /home/airflow/.local/lib/python3.7/site-packages/airflow/example_dags/example_latest_only_with_trigger.py
[2022-09-15T17:01:21.732+0000] {processor.py:640} INFO - Processing file /home/airflow/.local/lib/python3.7/site-packages/airflow/example_dags/example_latest_only_with_trigger.py for tasks to queue
[2022-09-15T17:01:21.733+0000] {logging_mixin.py:115} INFO - [2022-09-15T17:01:21.733+0000] {dagbag.py:508} INFO - Filling up the DagBag from /home/airflow/.local/lib/python3.7/site-packages/airflow/example_dags/example_latest_only_with_trigger.py
[2022-09-15T17:01:21.738+0000] {processor.py:650} INFO - DAG(s) dict_keys(['latest_only_with_trigger']) retrieved from /home/airflow/.local/lib/python3.7/site-packages/airflow/example_dags/example_latest_only_with_trigger.py
[2022-09-15T17:01:21.757+0000] {logging_mixin.py:115} INFO - [2022-09-15T17:01:21.757+0000] {dag.py:2429} INFO - Sync 1 DAGs
[2022-09-15T17:01:21.771+0000] {logging_mixin.py:115} INFO - [2022-09-15T17:01:21.771+0000] {dag.py:2981} INFO - Setting next_dagrun for latest_only_with_trigger to 2022-09-15T13:01:21.771659+00:00, run_after=2022-09-15T17:01:21.771659+00:00
[2022-09-15T17:01:21.782+0000] {processor.py:161} INFO - Processing /home/airflow/.local/lib/python3.7/site-packages/airflow/example_dags/example_latest_only_with_trigger.py took 0.055 seconds
[2022-09-15T17:01:52.577+0000] {processor.py:153} INFO - Started process (PID=2416) to work on /home/airflow/.local/lib/python3.7/site-packages/airflow/example_dags/example_latest_only_with_trigger.py
[2022-09-15T17:01:52.596+0000] {processor.py:640} INFO - Processing file /home/airflow/.local/lib/python3.7/site-packages/airflow/example_dags/example_latest_only_with_trigger.py for tasks to queue
[2022-09-15T17:01:52.598+0000] {logging_mixin.py:115} INFO - [2022-09-15T17:01:52.598+0000] {dagbag.py:508} INFO - Filling up the DagBag from /home/airflow/.local/lib/python3.7/site-packages/airflow/example_dags/example_latest_only_with_trigger.py
[2022-09-15T17:01:52.603+0000] {processor.py:650} INFO - DAG(s) dict_keys(['latest_only_with_trigger']) retrieved from /home/airflow/.local/lib/python3.7/site-packages/airflow/example_dags/example_latest_only_with_trigger.py
[2022-09-15T17:01:52.627+0000] {logging_mixin.py:115} INFO - [2022-09-15T17:01:52.627+0000] {dag.py:2429} INFO - Sync 1 DAGs
[2022-09-15T17:01:52.642+0000] {logging_mixin.py:115} INFO - [2022-09-15T17:01:52.642+0000] {dag.py:2981} INFO - Setting next_dagrun for latest_only_with_trigger to 2022-09-15T13:01:52.642480+00:00, run_after=2022-09-15T17:01:52.642480+00:00
[2022-09-15T17:01:52.653+0000] {processor.py:161} INFO - Processing /home/airflow/.local/lib/python3.7/site-packages/airflow/example_dags/example_latest_only_with_trigger.py took 0.078 seconds
[2022-09-15T17:02:22.961+0000] {processor.py:153} INFO - Started process (PID=2485) to work on /home/airflow/.local/lib/python3.7/site-packages/airflow/example_dags/example_latest_only_with_trigger.py
[2022-09-15T17:02:22.963+0000] {processor.py:640} INFO - Processing file /home/airflow/.local/lib/python3.7/site-packages/airflow/example_dags/example_latest_only_with_trigger.py for tasks to queue
[2022-09-15T17:02:22.964+0000] {logging_mixin.py:115} INFO - [2022-09-15T17:02:22.964+0000] {dagbag.py:508} INFO - Filling up the DagBag from /home/airflow/.local/lib/python3.7/site-packages/airflow/example_dags/example_latest_only_with_trigger.py
[2022-09-15T17:02:22.969+0000] {processor.py:650} INFO - DAG(s) dict_keys(['latest_only_with_trigger']) retrieved from /home/airflow/.local/lib/python3.7/site-packages/airflow/example_dags/example_latest_only_with_trigger.py
[2022-09-15T17:02:22.991+0000] {logging_mixin.py:115} INFO - [2022-09-15T17:02:22.991+0000] {dag.py:2429} INFO - Sync 1 DAGs
[2022-09-15T17:02:23.008+0000] {logging_mixin.py:115} INFO - [2022-09-15T17:02:23.008+0000] {dag.py:2981} INFO - Setting next_dagrun for latest_only_with_trigger to 2022-09-15T13:02:23.008349+00:00, run_after=2022-09-15T17:02:23.008349+00:00
[2022-09-15T17:02:23.021+0000] {processor.py:161} INFO - Processing /home/airflow/.local/lib/python3.7/site-packages/airflow/example_dags/example_latest_only_with_trigger.py took 0.063 seconds
[2022-09-15T17:02:53.220+0000] {processor.py:153} INFO - Started process (PID=2543) to work on /home/airflow/.local/lib/python3.7/site-packages/airflow/example_dags/example_latest_only_with_trigger.py
[2022-09-15T17:02:53.221+0000] {processor.py:640} INFO - Processing file /home/airflow/.local/lib/python3.7/site-packages/airflow/example_dags/example_latest_only_with_trigger.py for tasks to queue
[2022-09-15T17:02:53.223+0000] {logging_mixin.py:115} INFO - [2022-09-15T17:02:53.223+0000] {dagbag.py:508} INFO - Filling up the DagBag from /home/airflow/.local/lib/python3.7/site-packages/airflow/example_dags/example_latest_only_with_trigger.py
[2022-09-15T17:02:53.228+0000] {processor.py:650} INFO - DAG(s) dict_keys(['latest_only_with_trigger']) retrieved from /home/airflow/.local/lib/python3.7/site-packages/airflow/example_dags/example_latest_only_with_trigger.py
[2022-09-15T17:02:53.248+0000] {logging_mixin.py:115} INFO - [2022-09-15T17:02:53.248+0000] {dag.py:2429} INFO - Sync 1 DAGs
[2022-09-15T17:02:53.262+0000] {logging_mixin.py:115} INFO - [2022-09-15T17:02:53.262+0000] {dag.py:2981} INFO - Setting next_dagrun for latest_only_with_trigger to 2022-09-15T13:02:53.262137+00:00, run_after=2022-09-15T17:02:53.262137+00:00
[2022-09-15T17:02:53.272+0000] {processor.py:161} INFO - Processing /home/airflow/.local/lib/python3.7/site-packages/airflow/example_dags/example_latest_only_with_trigger.py took 0.054 seconds
[2022-09-15T17:03:23.339+0000] {processor.py:153} INFO - Started process (PID=2613) to work on /home/airflow/.local/lib/python3.7/site-packages/airflow/example_dags/example_latest_only_with_trigger.py
[2022-09-15T17:03:23.341+0000] {processor.py:640} INFO - Processing file /home/airflow/.local/lib/python3.7/site-packages/airflow/example_dags/example_latest_only_with_trigger.py for tasks to queue
[2022-09-15T17:03:23.342+0000] {logging_mixin.py:115} INFO - [2022-09-15T17:03:23.342+0000] {dagbag.py:508} INFO - Filling up the DagBag from /home/airflow/.local/lib/python3.7/site-packages/airflow/example_dags/example_latest_only_with_trigger.py
[2022-09-15T17:03:23.346+0000] {processor.py:650} INFO - DAG(s) dict_keys(['latest_only_with_trigger']) retrieved from /home/airflow/.local/lib/python3.7/site-packages/airflow/example_dags/example_latest_only_with_trigger.py
[2022-09-15T17:03:23.370+0000] {logging_mixin.py:115} INFO - [2022-09-15T17:03:23.369+0000] {dag.py:2429} INFO - Sync 1 DAGs
[2022-09-15T17:03:23.386+0000] {logging_mixin.py:115} INFO - [2022-09-15T17:03:23.386+0000] {dag.py:2981} INFO - Setting next_dagrun for latest_only_with_trigger to 2022-09-15T13:03:23.386161+00:00, run_after=2022-09-15T17:03:23.386161+00:00
[2022-09-15T17:03:23.397+0000] {processor.py:161} INFO - Processing /home/airflow/.local/lib/python3.7/site-packages/airflow/example_dags/example_latest_only_with_trigger.py took 0.061 seconds
[2022-09-15T17:03:53.496+0000] {processor.py:153} INFO - Started process (PID=2680) to work on /home/airflow/.local/lib/python3.7/site-packages/airflow/example_dags/example_latest_only_with_trigger.py
[2022-09-15T17:03:53.498+0000] {processor.py:640} INFO - Processing file /home/airflow/.local/lib/python3.7/site-packages/airflow/example_dags/example_latest_only_with_trigger.py for tasks to queue
[2022-09-15T17:03:53.499+0000] {logging_mixin.py:115} INFO - [2022-09-15T17:03:53.499+0000] {dagbag.py:508} INFO - Filling up the DagBag from /home/airflow/.local/lib/python3.7/site-packages/airflow/example_dags/example_latest_only_with_trigger.py
[2022-09-15T17:03:53.504+0000] {processor.py:650} INFO - DAG(s) dict_keys(['latest_only_with_trigger']) retrieved from /home/airflow/.local/lib/python3.7/site-packages/airflow/example_dags/example_latest_only_with_trigger.py
[2022-09-15T17:03:53.522+0000] {logging_mixin.py:115} INFO - [2022-09-15T17:03:53.522+0000] {dag.py:2429} INFO - Sync 1 DAGs
[2022-09-15T17:03:53.535+0000] {logging_mixin.py:115} INFO - [2022-09-15T17:03:53.535+0000] {dag.py:2981} INFO - Setting next_dagrun for latest_only_with_trigger to 2022-09-15T13:03:53.535310+00:00, run_after=2022-09-15T17:03:53.535310+00:00
[2022-09-15T17:03:53.544+0000] {processor.py:161} INFO - Processing /home/airflow/.local/lib/python3.7/site-packages/airflow/example_dags/example_latest_only_with_trigger.py took 0.049 seconds
[2022-09-15T17:04:23.721+0000] {processor.py:153} INFO - Started process (PID=2748) to work on /home/airflow/.local/lib/python3.7/site-packages/airflow/example_dags/example_latest_only_with_trigger.py
[2022-09-15T17:04:23.723+0000] {processor.py:640} INFO - Processing file /home/airflow/.local/lib/python3.7/site-packages/airflow/example_dags/example_latest_only_with_trigger.py for tasks to queue
[2022-09-15T17:04:23.724+0000] {logging_mixin.py:115} INFO - [2022-09-15T17:04:23.724+0000] {dagbag.py:508} INFO - Filling up the DagBag from /home/airflow/.local/lib/python3.7/site-packages/airflow/example_dags/example_latest_only_with_trigger.py
[2022-09-15T17:04:23.729+0000] {processor.py:650} INFO - DAG(s) dict_keys(['latest_only_with_trigger']) retrieved from /home/airflow/.local/lib/python3.7/site-packages/airflow/example_dags/example_latest_only_with_trigger.py
[2022-09-15T17:04:23.753+0000] {logging_mixin.py:115} INFO - [2022-09-15T17:04:23.753+0000] {dag.py:2429} INFO - Sync 1 DAGs
[2022-09-15T17:04:23.766+0000] {logging_mixin.py:115} INFO - [2022-09-15T17:04:23.766+0000] {dag.py:2981} INFO - Setting next_dagrun for latest_only_with_trigger to 2022-09-15T13:04:23.766566+00:00, run_after=2022-09-15T17:04:23.766566+00:00
[2022-09-15T17:04:23.776+0000] {processor.py:161} INFO - Processing /home/airflow/.local/lib/python3.7/site-packages/airflow/example_dags/example_latest_only_with_trigger.py took 0.058 seconds
[2022-09-15T17:04:53.812+0000] {processor.py:153} INFO - Started process (PID=2804) to work on /home/airflow/.local/lib/python3.7/site-packages/airflow/example_dags/example_latest_only_with_trigger.py
[2022-09-15T17:04:53.814+0000] {processor.py:640} INFO - Processing file /home/airflow/.local/lib/python3.7/site-packages/airflow/example_dags/example_latest_only_with_trigger.py for tasks to queue
[2022-09-15T17:04:53.815+0000] {logging_mixin.py:115} INFO - [2022-09-15T17:04:53.815+0000] {dagbag.py:508} INFO - Filling up the DagBag from /home/airflow/.local/lib/python3.7/site-packages/airflow/example_dags/example_latest_only_with_trigger.py
[2022-09-15T17:04:53.820+0000] {processor.py:650} INFO - DAG(s) dict_keys(['latest_only_with_trigger']) retrieved from /home/airflow/.local/lib/python3.7/site-packages/airflow/example_dags/example_latest_only_with_trigger.py
[2022-09-15T17:04:53.841+0000] {logging_mixin.py:115} INFO - [2022-09-15T17:04:53.841+0000] {dag.py:2429} INFO - Sync 1 DAGs
[2022-09-15T17:04:53.855+0000] {logging_mixin.py:115} INFO - [2022-09-15T17:04:53.855+0000] {dag.py:2981} INFO - Setting next_dagrun for latest_only_with_trigger to 2022-09-15T13:04:53.854976+00:00, run_after=2022-09-15T17:04:53.854976+00:00
[2022-09-15T17:04:53.864+0000] {processor.py:161} INFO - Processing /home/airflow/.local/lib/python3.7/site-packages/airflow/example_dags/example_latest_only_with_trigger.py took 0.055 seconds
