[2022-09-15T16:43:33.212+0000] {processor.py:153} INFO - Started process (PID=73) to work on /home/airflow/.local/lib/python3.7/site-packages/airflow/example_dags/example_task_group_decorator.py
[2022-09-15T16:43:33.220+0000] {processor.py:640} INFO - Processing file /home/airflow/.local/lib/python3.7/site-packages/airflow/example_dags/example_task_group_decorator.py for tasks to queue
[2022-09-15T16:43:33.222+0000] {logging_mixin.py:115} INFO - [2022-09-15T16:43:33.222+0000] {dagbag.py:508} INFO - Filling up the DagBag from /home/airflow/.local/lib/python3.7/site-packages/airflow/example_dags/example_task_group_decorator.py
[2022-09-15T16:43:33.252+0000] {processor.py:650} INFO - DAG(s) dict_keys(['example_task_group_decorator']) retrieved from /home/airflow/.local/lib/python3.7/site-packages/airflow/example_dags/example_task_group_decorator.py
[2022-09-15T16:43:33.333+0000] {logging_mixin.py:115} INFO - [2022-09-15T16:43:33.332+0000] {manager.py:508} INFO - Created Permission View: can delete on DAG:example_task_group_decorator
[2022-09-15T16:43:33.342+0000] {logging_mixin.py:115} INFO - [2022-09-15T16:43:33.342+0000] {manager.py:508} INFO - Created Permission View: can read on DAG:example_task_group_decorator
[2022-09-15T16:43:33.349+0000] {logging_mixin.py:115} INFO - [2022-09-15T16:43:33.349+0000] {manager.py:508} INFO - Created Permission View: can edit on DAG:example_task_group_decorator
[2022-09-15T16:43:33.354+0000] {logging_mixin.py:115} INFO - [2022-09-15T16:43:33.354+0000] {dag.py:2429} INFO - Sync 1 DAGs
[2022-09-15T16:43:33.368+0000] {logging_mixin.py:115} INFO - [2022-09-15T16:43:33.368+0000] {dag.py:2448} INFO - Creating ORM DAG for example_task_group_decorator
[2022-09-15T16:43:33.379+0000] {logging_mixin.py:115} INFO - [2022-09-15T16:43:33.379+0000] {dag.py:2981} INFO - Setting next_dagrun for example_task_group_decorator to 2022-09-14T16:43:33.379389+00:00, run_after=2022-09-15T16:43:33.379389+00:00
[2022-09-15T16:43:33.407+0000] {processor.py:161} INFO - Processing /home/airflow/.local/lib/python3.7/site-packages/airflow/example_dags/example_task_group_decorator.py took 0.198 seconds
[2022-09-15T16:44:03.931+0000] {processor.py:153} INFO - Started process (PID=139) to work on /home/airflow/.local/lib/python3.7/site-packages/airflow/example_dags/example_task_group_decorator.py
[2022-09-15T16:44:03.933+0000] {processor.py:640} INFO - Processing file /home/airflow/.local/lib/python3.7/site-packages/airflow/example_dags/example_task_group_decorator.py for tasks to queue
[2022-09-15T16:44:03.935+0000] {logging_mixin.py:115} INFO - [2022-09-15T16:44:03.934+0000] {dagbag.py:508} INFO - Filling up the DagBag from /home/airflow/.local/lib/python3.7/site-packages/airflow/example_dags/example_task_group_decorator.py
[2022-09-15T16:44:03.952+0000] {processor.py:650} INFO - DAG(s) dict_keys(['example_task_group_decorator']) retrieved from /home/airflow/.local/lib/python3.7/site-packages/airflow/example_dags/example_task_group_decorator.py
[2022-09-15T16:44:04.003+0000] {logging_mixin.py:115} INFO - [2022-09-15T16:44:04.002+0000] {dag.py:2429} INFO - Sync 1 DAGs
[2022-09-15T16:44:04.017+0000] {logging_mixin.py:115} INFO - [2022-09-15T16:44:04.017+0000] {dag.py:2981} INFO - Setting next_dagrun for example_task_group_decorator to 2022-09-14T16:44:04.016782+00:00, run_after=2022-09-15T16:44:04.016782+00:00
[2022-09-15T16:44:04.027+0000] {processor.py:161} INFO - Processing /home/airflow/.local/lib/python3.7/site-packages/airflow/example_dags/example_task_group_decorator.py took 0.099 seconds
[2022-09-15T16:44:34.187+0000] {processor.py:153} INFO - Started process (PID=195) to work on /home/airflow/.local/lib/python3.7/site-packages/airflow/example_dags/example_task_group_decorator.py
[2022-09-15T16:44:34.188+0000] {processor.py:640} INFO - Processing file /home/airflow/.local/lib/python3.7/site-packages/airflow/example_dags/example_task_group_decorator.py for tasks to queue
[2022-09-15T16:44:34.190+0000] {logging_mixin.py:115} INFO - [2022-09-15T16:44:34.190+0000] {dagbag.py:508} INFO - Filling up the DagBag from /home/airflow/.local/lib/python3.7/site-packages/airflow/example_dags/example_task_group_decorator.py
[2022-09-15T16:44:34.208+0000] {processor.py:650} INFO - DAG(s) dict_keys(['example_task_group_decorator']) retrieved from /home/airflow/.local/lib/python3.7/site-packages/airflow/example_dags/example_task_group_decorator.py
[2022-09-15T16:44:34.254+0000] {logging_mixin.py:115} INFO - [2022-09-15T16:44:34.254+0000] {dag.py:2429} INFO - Sync 1 DAGs
[2022-09-15T16:44:34.268+0000] {logging_mixin.py:115} INFO - [2022-09-15T16:44:34.268+0000] {dag.py:2981} INFO - Setting next_dagrun for example_task_group_decorator to 2022-09-14T16:44:34.268175+00:00, run_after=2022-09-15T16:44:34.268175+00:00
[2022-09-15T16:44:34.278+0000] {processor.py:161} INFO - Processing /home/airflow/.local/lib/python3.7/site-packages/airflow/example_dags/example_task_group_decorator.py took 0.094 seconds
[2022-09-15T16:45:04.387+0000] {processor.py:153} INFO - Started process (PID=261) to work on /home/airflow/.local/lib/python3.7/site-packages/airflow/example_dags/example_task_group_decorator.py
[2022-09-15T16:45:04.388+0000] {processor.py:640} INFO - Processing file /home/airflow/.local/lib/python3.7/site-packages/airflow/example_dags/example_task_group_decorator.py for tasks to queue
[2022-09-15T16:45:04.389+0000] {logging_mixin.py:115} INFO - [2022-09-15T16:45:04.389+0000] {dagbag.py:508} INFO - Filling up the DagBag from /home/airflow/.local/lib/python3.7/site-packages/airflow/example_dags/example_task_group_decorator.py
[2022-09-15T16:45:04.404+0000] {processor.py:650} INFO - DAG(s) dict_keys(['example_task_group_decorator']) retrieved from /home/airflow/.local/lib/python3.7/site-packages/airflow/example_dags/example_task_group_decorator.py
[2022-09-15T16:45:04.451+0000] {logging_mixin.py:115} INFO - [2022-09-15T16:45:04.451+0000] {dag.py:2429} INFO - Sync 1 DAGs
[2022-09-15T16:45:04.467+0000] {logging_mixin.py:115} INFO - [2022-09-15T16:45:04.467+0000] {dag.py:2981} INFO - Setting next_dagrun for example_task_group_decorator to 2022-09-14T16:45:04.467299+00:00, run_after=2022-09-15T16:45:04.467299+00:00
[2022-09-15T16:45:04.477+0000] {processor.py:161} INFO - Processing /home/airflow/.local/lib/python3.7/site-packages/airflow/example_dags/example_task_group_decorator.py took 0.093 seconds
[2022-09-15T16:45:34.573+0000] {processor.py:153} INFO - Started process (PID=328) to work on /home/airflow/.local/lib/python3.7/site-packages/airflow/example_dags/example_task_group_decorator.py
[2022-09-15T16:45:34.575+0000] {processor.py:640} INFO - Processing file /home/airflow/.local/lib/python3.7/site-packages/airflow/example_dags/example_task_group_decorator.py for tasks to queue
[2022-09-15T16:45:34.576+0000] {logging_mixin.py:115} INFO - [2022-09-15T16:45:34.576+0000] {dagbag.py:508} INFO - Filling up the DagBag from /home/airflow/.local/lib/python3.7/site-packages/airflow/example_dags/example_task_group_decorator.py
[2022-09-15T16:45:34.592+0000] {processor.py:650} INFO - DAG(s) dict_keys(['example_task_group_decorator']) retrieved from /home/airflow/.local/lib/python3.7/site-packages/airflow/example_dags/example_task_group_decorator.py
[2022-09-15T16:45:34.637+0000] {logging_mixin.py:115} INFO - [2022-09-15T16:45:34.637+0000] {dag.py:2429} INFO - Sync 1 DAGs
[2022-09-15T16:45:34.651+0000] {logging_mixin.py:115} INFO - [2022-09-15T16:45:34.651+0000] {dag.py:2981} INFO - Setting next_dagrun for example_task_group_decorator to 2022-09-14T16:45:34.651346+00:00, run_after=2022-09-15T16:45:34.651346+00:00
[2022-09-15T16:45:34.660+0000] {processor.py:161} INFO - Processing /home/airflow/.local/lib/python3.7/site-packages/airflow/example_dags/example_task_group_decorator.py took 0.090 seconds
[2022-09-15T16:46:05.585+0000] {processor.py:153} INFO - Started process (PID=395) to work on /home/airflow/.local/lib/python3.7/site-packages/airflow/example_dags/example_task_group_decorator.py
[2022-09-15T16:46:05.587+0000] {processor.py:640} INFO - Processing file /home/airflow/.local/lib/python3.7/site-packages/airflow/example_dags/example_task_group_decorator.py for tasks to queue
[2022-09-15T16:46:05.589+0000] {logging_mixin.py:115} INFO - [2022-09-15T16:46:05.589+0000] {dagbag.py:508} INFO - Filling up the DagBag from /home/airflow/.local/lib/python3.7/site-packages/airflow/example_dags/example_task_group_decorator.py
[2022-09-15T16:46:05.604+0000] {processor.py:650} INFO - DAG(s) dict_keys(['example_task_group_decorator']) retrieved from /home/airflow/.local/lib/python3.7/site-packages/airflow/example_dags/example_task_group_decorator.py
[2022-09-15T16:46:05.650+0000] {logging_mixin.py:115} INFO - [2022-09-15T16:46:05.650+0000] {dag.py:2429} INFO - Sync 1 DAGs
[2022-09-15T16:46:05.663+0000] {logging_mixin.py:115} INFO - [2022-09-15T16:46:05.663+0000] {dag.py:2981} INFO - Setting next_dagrun for example_task_group_decorator to 2022-09-14T16:46:05.663410+00:00, run_after=2022-09-15T16:46:05.663410+00:00
[2022-09-15T16:46:05.673+0000] {processor.py:161} INFO - Processing /home/airflow/.local/lib/python3.7/site-packages/airflow/example_dags/example_task_group_decorator.py took 0.090 seconds
[2022-09-15T16:46:36.533+0000] {processor.py:153} INFO - Started process (PID=461) to work on /home/airflow/.local/lib/python3.7/site-packages/airflow/example_dags/example_task_group_decorator.py
[2022-09-15T16:46:36.535+0000] {processor.py:640} INFO - Processing file /home/airflow/.local/lib/python3.7/site-packages/airflow/example_dags/example_task_group_decorator.py for tasks to queue
[2022-09-15T16:46:36.536+0000] {logging_mixin.py:115} INFO - [2022-09-15T16:46:36.536+0000] {dagbag.py:508} INFO - Filling up the DagBag from /home/airflow/.local/lib/python3.7/site-packages/airflow/example_dags/example_task_group_decorator.py
[2022-09-15T16:46:36.551+0000] {processor.py:650} INFO - DAG(s) dict_keys(['example_task_group_decorator']) retrieved from /home/airflow/.local/lib/python3.7/site-packages/airflow/example_dags/example_task_group_decorator.py
[2022-09-15T16:46:36.600+0000] {logging_mixin.py:115} INFO - [2022-09-15T16:46:36.600+0000] {dag.py:2429} INFO - Sync 1 DAGs
[2022-09-15T16:46:36.613+0000] {logging_mixin.py:115} INFO - [2022-09-15T16:46:36.613+0000] {dag.py:2981} INFO - Setting next_dagrun for example_task_group_decorator to 2022-09-14T16:46:36.613349+00:00, run_after=2022-09-15T16:46:36.613349+00:00
[2022-09-15T16:46:36.623+0000] {processor.py:161} INFO - Processing /home/airflow/.local/lib/python3.7/site-packages/airflow/example_dags/example_task_group_decorator.py took 0.093 seconds
[2022-09-15T16:47:07.436+0000] {processor.py:153} INFO - Started process (PID=530) to work on /home/airflow/.local/lib/python3.7/site-packages/airflow/example_dags/example_task_group_decorator.py
[2022-09-15T16:47:07.438+0000] {processor.py:640} INFO - Processing file /home/airflow/.local/lib/python3.7/site-packages/airflow/example_dags/example_task_group_decorator.py for tasks to queue
[2022-09-15T16:47:07.439+0000] {logging_mixin.py:115} INFO - [2022-09-15T16:47:07.439+0000] {dagbag.py:508} INFO - Filling up the DagBag from /home/airflow/.local/lib/python3.7/site-packages/airflow/example_dags/example_task_group_decorator.py
[2022-09-15T16:47:07.456+0000] {processor.py:650} INFO - DAG(s) dict_keys(['example_task_group_decorator']) retrieved from /home/airflow/.local/lib/python3.7/site-packages/airflow/example_dags/example_task_group_decorator.py
[2022-09-15T16:47:07.506+0000] {logging_mixin.py:115} INFO - [2022-09-15T16:47:07.506+0000] {dag.py:2429} INFO - Sync 1 DAGs
[2022-09-15T16:47:07.518+0000] {logging_mixin.py:115} INFO - [2022-09-15T16:47:07.518+0000] {dag.py:2981} INFO - Setting next_dagrun for example_task_group_decorator to 2022-09-14T16:47:07.518523+00:00, run_after=2022-09-15T16:47:07.518523+00:00
[2022-09-15T16:47:07.529+0000] {processor.py:161} INFO - Processing /home/airflow/.local/lib/python3.7/site-packages/airflow/example_dags/example_task_group_decorator.py took 0.095 seconds
[2022-09-15T16:47:38.356+0000] {processor.py:153} INFO - Started process (PID=588) to work on /home/airflow/.local/lib/python3.7/site-packages/airflow/example_dags/example_task_group_decorator.py
[2022-09-15T16:47:38.359+0000] {processor.py:640} INFO - Processing file /home/airflow/.local/lib/python3.7/site-packages/airflow/example_dags/example_task_group_decorator.py for tasks to queue
[2022-09-15T16:47:38.361+0000] {logging_mixin.py:115} INFO - [2022-09-15T16:47:38.361+0000] {dagbag.py:508} INFO - Filling up the DagBag from /home/airflow/.local/lib/python3.7/site-packages/airflow/example_dags/example_task_group_decorator.py
[2022-09-15T16:47:38.378+0000] {processor.py:650} INFO - DAG(s) dict_keys(['example_task_group_decorator']) retrieved from /home/airflow/.local/lib/python3.7/site-packages/airflow/example_dags/example_task_group_decorator.py
[2022-09-15T16:47:38.431+0000] {logging_mixin.py:115} INFO - [2022-09-15T16:47:38.430+0000] {dag.py:2429} INFO - Sync 1 DAGs
[2022-09-15T16:47:38.446+0000] {logging_mixin.py:115} INFO - [2022-09-15T16:47:38.446+0000] {dag.py:2981} INFO - Setting next_dagrun for example_task_group_decorator to 2022-09-14T16:47:38.445820+00:00, run_after=2022-09-15T16:47:38.445820+00:00
[2022-09-15T16:47:38.455+0000] {processor.py:161} INFO - Processing /home/airflow/.local/lib/python3.7/site-packages/airflow/example_dags/example_task_group_decorator.py took 0.102 seconds
[2022-09-15T16:48:09.186+0000] {processor.py:153} INFO - Started process (PID=656) to work on /home/airflow/.local/lib/python3.7/site-packages/airflow/example_dags/example_task_group_decorator.py
[2022-09-15T16:48:09.187+0000] {processor.py:640} INFO - Processing file /home/airflow/.local/lib/python3.7/site-packages/airflow/example_dags/example_task_group_decorator.py for tasks to queue
[2022-09-15T16:48:09.188+0000] {logging_mixin.py:115} INFO - [2022-09-15T16:48:09.188+0000] {dagbag.py:508} INFO - Filling up the DagBag from /home/airflow/.local/lib/python3.7/site-packages/airflow/example_dags/example_task_group_decorator.py
[2022-09-15T16:48:09.203+0000] {processor.py:650} INFO - DAG(s) dict_keys(['example_task_group_decorator']) retrieved from /home/airflow/.local/lib/python3.7/site-packages/airflow/example_dags/example_task_group_decorator.py
[2022-09-15T16:48:09.248+0000] {logging_mixin.py:115} INFO - [2022-09-15T16:48:09.248+0000] {dag.py:2429} INFO - Sync 1 DAGs
[2022-09-15T16:48:09.260+0000] {logging_mixin.py:115} INFO - [2022-09-15T16:48:09.260+0000] {dag.py:2981} INFO - Setting next_dagrun for example_task_group_decorator to 2022-09-14T16:48:09.260477+00:00, run_after=2022-09-15T16:48:09.260477+00:00
[2022-09-15T16:48:09.270+0000] {processor.py:161} INFO - Processing /home/airflow/.local/lib/python3.7/site-packages/airflow/example_dags/example_task_group_decorator.py took 0.086 seconds
[2022-09-15T16:48:39.391+0000] {processor.py:153} INFO - Started process (PID=721) to work on /home/airflow/.local/lib/python3.7/site-packages/airflow/example_dags/example_task_group_decorator.py
[2022-09-15T16:48:39.392+0000] {processor.py:640} INFO - Processing file /home/airflow/.local/lib/python3.7/site-packages/airflow/example_dags/example_task_group_decorator.py for tasks to queue
[2022-09-15T16:48:39.393+0000] {logging_mixin.py:115} INFO - [2022-09-15T16:48:39.393+0000] {dagbag.py:508} INFO - Filling up the DagBag from /home/airflow/.local/lib/python3.7/site-packages/airflow/example_dags/example_task_group_decorator.py
[2022-09-15T16:48:39.408+0000] {processor.py:650} INFO - DAG(s) dict_keys(['example_task_group_decorator']) retrieved from /home/airflow/.local/lib/python3.7/site-packages/airflow/example_dags/example_task_group_decorator.py
[2022-09-15T16:48:39.454+0000] {logging_mixin.py:115} INFO - [2022-09-15T16:48:39.454+0000] {dag.py:2429} INFO - Sync 1 DAGs
[2022-09-15T16:48:39.467+0000] {logging_mixin.py:115} INFO - [2022-09-15T16:48:39.467+0000] {dag.py:2981} INFO - Setting next_dagrun for example_task_group_decorator to 2022-09-14T16:48:39.467364+00:00, run_after=2022-09-15T16:48:39.467364+00:00
[2022-09-15T16:48:39.477+0000] {processor.py:161} INFO - Processing /home/airflow/.local/lib/python3.7/site-packages/airflow/example_dags/example_task_group_decorator.py took 0.089 seconds
[2022-09-15T16:49:10.391+0000] {processor.py:153} INFO - Started process (PID=787) to work on /home/airflow/.local/lib/python3.7/site-packages/airflow/example_dags/example_task_group_decorator.py
[2022-09-15T16:49:10.394+0000] {processor.py:640} INFO - Processing file /home/airflow/.local/lib/python3.7/site-packages/airflow/example_dags/example_task_group_decorator.py for tasks to queue
[2022-09-15T16:49:10.395+0000] {logging_mixin.py:115} INFO - [2022-09-15T16:49:10.395+0000] {dagbag.py:508} INFO - Filling up the DagBag from /home/airflow/.local/lib/python3.7/site-packages/airflow/example_dags/example_task_group_decorator.py
[2022-09-15T16:49:10.411+0000] {processor.py:650} INFO - DAG(s) dict_keys(['example_task_group_decorator']) retrieved from /home/airflow/.local/lib/python3.7/site-packages/airflow/example_dags/example_task_group_decorator.py
[2022-09-15T16:49:10.460+0000] {logging_mixin.py:115} INFO - [2022-09-15T16:49:10.460+0000] {dag.py:2429} INFO - Sync 1 DAGs
[2022-09-15T16:49:10.474+0000] {logging_mixin.py:115} INFO - [2022-09-15T16:49:10.474+0000] {dag.py:2981} INFO - Setting next_dagrun for example_task_group_decorator to 2022-09-14T16:49:10.474018+00:00, run_after=2022-09-15T16:49:10.474018+00:00
[2022-09-15T16:49:10.495+0000] {processor.py:161} INFO - Processing /home/airflow/.local/lib/python3.7/site-packages/airflow/example_dags/example_task_group_decorator.py took 0.107 seconds
[2022-09-15T16:49:40.621+0000] {processor.py:153} INFO - Started process (PID=854) to work on /home/airflow/.local/lib/python3.7/site-packages/airflow/example_dags/example_task_group_decorator.py
[2022-09-15T16:49:40.623+0000] {processor.py:640} INFO - Processing file /home/airflow/.local/lib/python3.7/site-packages/airflow/example_dags/example_task_group_decorator.py for tasks to queue
[2022-09-15T16:49:40.625+0000] {logging_mixin.py:115} INFO - [2022-09-15T16:49:40.625+0000] {dagbag.py:508} INFO - Filling up the DagBag from /home/airflow/.local/lib/python3.7/site-packages/airflow/example_dags/example_task_group_decorator.py
[2022-09-15T16:49:40.641+0000] {processor.py:650} INFO - DAG(s) dict_keys(['example_task_group_decorator']) retrieved from /home/airflow/.local/lib/python3.7/site-packages/airflow/example_dags/example_task_group_decorator.py
[2022-09-15T16:49:40.690+0000] {logging_mixin.py:115} INFO - [2022-09-15T16:49:40.690+0000] {dag.py:2429} INFO - Sync 1 DAGs
[2022-09-15T16:49:40.705+0000] {logging_mixin.py:115} INFO - [2022-09-15T16:49:40.705+0000] {dag.py:2981} INFO - Setting next_dagrun for example_task_group_decorator to 2022-09-14T16:49:40.704898+00:00, run_after=2022-09-15T16:49:40.704898+00:00
[2022-09-15T16:49:40.716+0000] {processor.py:161} INFO - Processing /home/airflow/.local/lib/python3.7/site-packages/airflow/example_dags/example_task_group_decorator.py took 0.098 seconds
[2022-09-15T16:50:10.814+0000] {processor.py:153} INFO - Started process (PID=922) to work on /home/airflow/.local/lib/python3.7/site-packages/airflow/example_dags/example_task_group_decorator.py
[2022-09-15T16:50:10.816+0000] {processor.py:640} INFO - Processing file /home/airflow/.local/lib/python3.7/site-packages/airflow/example_dags/example_task_group_decorator.py for tasks to queue
[2022-09-15T16:50:10.817+0000] {logging_mixin.py:115} INFO - [2022-09-15T16:50:10.817+0000] {dagbag.py:508} INFO - Filling up the DagBag from /home/airflow/.local/lib/python3.7/site-packages/airflow/example_dags/example_task_group_decorator.py
[2022-09-15T16:50:10.835+0000] {processor.py:650} INFO - DAG(s) dict_keys(['example_task_group_decorator']) retrieved from /home/airflow/.local/lib/python3.7/site-packages/airflow/example_dags/example_task_group_decorator.py
[2022-09-15T16:50:10.886+0000] {logging_mixin.py:115} INFO - [2022-09-15T16:50:10.886+0000] {dag.py:2429} INFO - Sync 1 DAGs
[2022-09-15T16:50:10.907+0000] {logging_mixin.py:115} INFO - [2022-09-15T16:50:10.907+0000] {dag.py:2981} INFO - Setting next_dagrun for example_task_group_decorator to 2022-09-14T16:50:10.907442+00:00, run_after=2022-09-15T16:50:10.907442+00:00
[2022-09-15T16:50:10.919+0000] {processor.py:161} INFO - Processing /home/airflow/.local/lib/python3.7/site-packages/airflow/example_dags/example_task_group_decorator.py took 0.108 seconds
[2022-09-15T16:50:41.703+0000] {processor.py:153} INFO - Started process (PID=980) to work on /home/airflow/.local/lib/python3.7/site-packages/airflow/example_dags/example_task_group_decorator.py
[2022-09-15T16:50:41.705+0000] {processor.py:640} INFO - Processing file /home/airflow/.local/lib/python3.7/site-packages/airflow/example_dags/example_task_group_decorator.py for tasks to queue
[2022-09-15T16:50:41.706+0000] {logging_mixin.py:115} INFO - [2022-09-15T16:50:41.706+0000] {dagbag.py:508} INFO - Filling up the DagBag from /home/airflow/.local/lib/python3.7/site-packages/airflow/example_dags/example_task_group_decorator.py
[2022-09-15T16:50:41.721+0000] {processor.py:650} INFO - DAG(s) dict_keys(['example_task_group_decorator']) retrieved from /home/airflow/.local/lib/python3.7/site-packages/airflow/example_dags/example_task_group_decorator.py
[2022-09-15T16:50:41.769+0000] {logging_mixin.py:115} INFO - [2022-09-15T16:50:41.769+0000] {dag.py:2429} INFO - Sync 1 DAGs
[2022-09-15T16:50:41.783+0000] {logging_mixin.py:115} INFO - [2022-09-15T16:50:41.783+0000] {dag.py:2981} INFO - Setting next_dagrun for example_task_group_decorator to 2022-09-14T16:50:41.782968+00:00, run_after=2022-09-15T16:50:41.782968+00:00
[2022-09-15T16:50:41.793+0000] {processor.py:161} INFO - Processing /home/airflow/.local/lib/python3.7/site-packages/airflow/example_dags/example_task_group_decorator.py took 0.092 seconds
[2022-09-15T16:51:12.560+0000] {processor.py:153} INFO - Started process (PID=1046) to work on /home/airflow/.local/lib/python3.7/site-packages/airflow/example_dags/example_task_group_decorator.py
[2022-09-15T16:51:12.562+0000] {processor.py:640} INFO - Processing file /home/airflow/.local/lib/python3.7/site-packages/airflow/example_dags/example_task_group_decorator.py for tasks to queue
[2022-09-15T16:51:12.563+0000] {logging_mixin.py:115} INFO - [2022-09-15T16:51:12.563+0000] {dagbag.py:508} INFO - Filling up the DagBag from /home/airflow/.local/lib/python3.7/site-packages/airflow/example_dags/example_task_group_decorator.py
[2022-09-15T16:51:12.578+0000] {processor.py:650} INFO - DAG(s) dict_keys(['example_task_group_decorator']) retrieved from /home/airflow/.local/lib/python3.7/site-packages/airflow/example_dags/example_task_group_decorator.py
[2022-09-15T16:51:12.596+0000] {logging_mixin.py:115} INFO - [2022-09-15T16:51:12.596+0000] {dag.py:2429} INFO - Sync 1 DAGs
[2022-09-15T16:51:12.612+0000] {logging_mixin.py:115} INFO - [2022-09-15T16:51:12.612+0000] {dag.py:2981} INFO - Setting next_dagrun for example_task_group_decorator to 2022-09-14T16:51:12.612274+00:00, run_after=2022-09-15T16:51:12.612274+00:00
[2022-09-15T16:51:12.622+0000] {processor.py:161} INFO - Processing /home/airflow/.local/lib/python3.7/site-packages/airflow/example_dags/example_task_group_decorator.py took 0.064 seconds
[2022-09-15T16:51:43.591+0000] {processor.py:153} INFO - Started process (PID=1116) to work on /home/airflow/.local/lib/python3.7/site-packages/airflow/example_dags/example_task_group_decorator.py
[2022-09-15T16:51:43.596+0000] {processor.py:640} INFO - Processing file /home/airflow/.local/lib/python3.7/site-packages/airflow/example_dags/example_task_group_decorator.py for tasks to queue
[2022-09-15T16:51:43.598+0000] {logging_mixin.py:115} INFO - [2022-09-15T16:51:43.598+0000] {dagbag.py:508} INFO - Filling up the DagBag from /home/airflow/.local/lib/python3.7/site-packages/airflow/example_dags/example_task_group_decorator.py
[2022-09-15T16:51:43.613+0000] {processor.py:650} INFO - DAG(s) dict_keys(['example_task_group_decorator']) retrieved from /home/airflow/.local/lib/python3.7/site-packages/airflow/example_dags/example_task_group_decorator.py
[2022-09-15T16:51:43.666+0000] {logging_mixin.py:115} INFO - [2022-09-15T16:51:43.666+0000] {dag.py:2429} INFO - Sync 1 DAGs
[2022-09-15T16:51:43.679+0000] {logging_mixin.py:115} INFO - [2022-09-15T16:51:43.678+0000] {dag.py:2981} INFO - Setting next_dagrun for example_task_group_decorator to 2022-09-14T16:51:43.678706+00:00, run_after=2022-09-15T16:51:43.678706+00:00
[2022-09-15T16:51:43.689+0000] {processor.py:161} INFO - Processing /home/airflow/.local/lib/python3.7/site-packages/airflow/example_dags/example_task_group_decorator.py took 0.101 seconds
[2022-09-15T16:52:14.511+0000] {processor.py:153} INFO - Started process (PID=1181) to work on /home/airflow/.local/lib/python3.7/site-packages/airflow/example_dags/example_task_group_decorator.py
[2022-09-15T16:52:14.514+0000] {processor.py:640} INFO - Processing file /home/airflow/.local/lib/python3.7/site-packages/airflow/example_dags/example_task_group_decorator.py for tasks to queue
[2022-09-15T16:52:14.515+0000] {logging_mixin.py:115} INFO - [2022-09-15T16:52:14.515+0000] {dagbag.py:508} INFO - Filling up the DagBag from /home/airflow/.local/lib/python3.7/site-packages/airflow/example_dags/example_task_group_decorator.py
[2022-09-15T16:52:14.532+0000] {processor.py:650} INFO - DAG(s) dict_keys(['example_task_group_decorator']) retrieved from /home/airflow/.local/lib/python3.7/site-packages/airflow/example_dags/example_task_group_decorator.py
[2022-09-15T16:52:14.581+0000] {logging_mixin.py:115} INFO - [2022-09-15T16:52:14.581+0000] {dag.py:2429} INFO - Sync 1 DAGs
[2022-09-15T16:52:14.596+0000] {logging_mixin.py:115} INFO - [2022-09-15T16:52:14.596+0000] {dag.py:2981} INFO - Setting next_dagrun for example_task_group_decorator to 2022-09-14T16:52:14.596641+00:00, run_after=2022-09-15T16:52:14.596641+00:00
[2022-09-15T16:52:14.612+0000] {processor.py:161} INFO - Processing /home/airflow/.local/lib/python3.7/site-packages/airflow/example_dags/example_task_group_decorator.py took 0.104 seconds
[2022-09-15T16:52:45.545+0000] {processor.py:153} INFO - Started process (PID=1249) to work on /home/airflow/.local/lib/python3.7/site-packages/airflow/example_dags/example_task_group_decorator.py
[2022-09-15T16:52:45.546+0000] {processor.py:640} INFO - Processing file /home/airflow/.local/lib/python3.7/site-packages/airflow/example_dags/example_task_group_decorator.py for tasks to queue
[2022-09-15T16:52:45.548+0000] {logging_mixin.py:115} INFO - [2022-09-15T16:52:45.547+0000] {dagbag.py:508} INFO - Filling up the DagBag from /home/airflow/.local/lib/python3.7/site-packages/airflow/example_dags/example_task_group_decorator.py
[2022-09-15T16:52:45.564+0000] {processor.py:650} INFO - DAG(s) dict_keys(['example_task_group_decorator']) retrieved from /home/airflow/.local/lib/python3.7/site-packages/airflow/example_dags/example_task_group_decorator.py
[2022-09-15T16:52:45.623+0000] {logging_mixin.py:115} INFO - [2022-09-15T16:52:45.622+0000] {dag.py:2429} INFO - Sync 1 DAGs
[2022-09-15T16:52:45.636+0000] {logging_mixin.py:115} INFO - [2022-09-15T16:52:45.636+0000] {dag.py:2981} INFO - Setting next_dagrun for example_task_group_decorator to 2022-09-14T16:52:45.636704+00:00, run_after=2022-09-15T16:52:45.636704+00:00
[2022-09-15T16:52:45.646+0000] {processor.py:161} INFO - Processing /home/airflow/.local/lib/python3.7/site-packages/airflow/example_dags/example_task_group_decorator.py took 0.104 seconds
[2022-09-15T16:53:15.931+0000] {processor.py:153} INFO - Started process (PID=1317) to work on /home/airflow/.local/lib/python3.7/site-packages/airflow/example_dags/example_task_group_decorator.py
[2022-09-15T16:53:15.935+0000] {processor.py:640} INFO - Processing file /home/airflow/.local/lib/python3.7/site-packages/airflow/example_dags/example_task_group_decorator.py for tasks to queue
[2022-09-15T16:53:15.937+0000] {logging_mixin.py:115} INFO - [2022-09-15T16:53:15.936+0000] {dagbag.py:508} INFO - Filling up the DagBag from /home/airflow/.local/lib/python3.7/site-packages/airflow/example_dags/example_task_group_decorator.py
[2022-09-15T16:53:15.959+0000] {processor.py:650} INFO - DAG(s) dict_keys(['example_task_group_decorator']) retrieved from /home/airflow/.local/lib/python3.7/site-packages/airflow/example_dags/example_task_group_decorator.py
[2022-09-15T16:53:16.017+0000] {logging_mixin.py:115} INFO - [2022-09-15T16:53:16.017+0000] {dag.py:2429} INFO - Sync 1 DAGs
[2022-09-15T16:53:16.033+0000] {logging_mixin.py:115} INFO - [2022-09-15T16:53:16.033+0000] {dag.py:2981} INFO - Setting next_dagrun for example_task_group_decorator to 2022-09-14T16:53:16.033624+00:00, run_after=2022-09-15T16:53:16.033624+00:00
[2022-09-15T16:53:16.046+0000] {processor.py:161} INFO - Processing /home/airflow/.local/lib/python3.7/site-packages/airflow/example_dags/example_task_group_decorator.py took 0.118 seconds
[2022-09-15T16:53:46.146+0000] {processor.py:153} INFO - Started process (PID=1374) to work on /home/airflow/.local/lib/python3.7/site-packages/airflow/example_dags/example_task_group_decorator.py
[2022-09-15T16:53:46.148+0000] {processor.py:640} INFO - Processing file /home/airflow/.local/lib/python3.7/site-packages/airflow/example_dags/example_task_group_decorator.py for tasks to queue
[2022-09-15T16:53:46.150+0000] {logging_mixin.py:115} INFO - [2022-09-15T16:53:46.149+0000] {dagbag.py:508} INFO - Filling up the DagBag from /home/airflow/.local/lib/python3.7/site-packages/airflow/example_dags/example_task_group_decorator.py
[2022-09-15T16:53:46.168+0000] {processor.py:650} INFO - DAG(s) dict_keys(['example_task_group_decorator']) retrieved from /home/airflow/.local/lib/python3.7/site-packages/airflow/example_dags/example_task_group_decorator.py
[2022-09-15T16:53:46.224+0000] {logging_mixin.py:115} INFO - [2022-09-15T16:53:46.224+0000] {dag.py:2429} INFO - Sync 1 DAGs
[2022-09-15T16:53:46.237+0000] {logging_mixin.py:115} INFO - [2022-09-15T16:53:46.237+0000] {dag.py:2981} INFO - Setting next_dagrun for example_task_group_decorator to 2022-09-14T16:53:46.237284+00:00, run_after=2022-09-15T16:53:46.237284+00:00
[2022-09-15T16:53:46.246+0000] {processor.py:161} INFO - Processing /home/airflow/.local/lib/python3.7/site-packages/airflow/example_dags/example_task_group_decorator.py took 0.102 seconds
[2022-09-15T16:54:16.973+0000] {processor.py:153} INFO - Started process (PID=1442) to work on /home/airflow/.local/lib/python3.7/site-packages/airflow/example_dags/example_task_group_decorator.py
[2022-09-15T16:54:16.975+0000] {processor.py:640} INFO - Processing file /home/airflow/.local/lib/python3.7/site-packages/airflow/example_dags/example_task_group_decorator.py for tasks to queue
[2022-09-15T16:54:16.976+0000] {logging_mixin.py:115} INFO - [2022-09-15T16:54:16.976+0000] {dagbag.py:508} INFO - Filling up the DagBag from /home/airflow/.local/lib/python3.7/site-packages/airflow/example_dags/example_task_group_decorator.py
[2022-09-15T16:54:16.991+0000] {processor.py:650} INFO - DAG(s) dict_keys(['example_task_group_decorator']) retrieved from /home/airflow/.local/lib/python3.7/site-packages/airflow/example_dags/example_task_group_decorator.py
[2022-09-15T16:54:17.043+0000] {logging_mixin.py:115} INFO - [2022-09-15T16:54:17.043+0000] {dag.py:2429} INFO - Sync 1 DAGs
[2022-09-15T16:54:17.055+0000] {logging_mixin.py:115} INFO - [2022-09-15T16:54:17.055+0000] {dag.py:2981} INFO - Setting next_dagrun for example_task_group_decorator to 2022-09-14T16:54:17.055714+00:00, run_after=2022-09-15T16:54:17.055714+00:00
[2022-09-15T16:54:17.065+0000] {processor.py:161} INFO - Processing /home/airflow/.local/lib/python3.7/site-packages/airflow/example_dags/example_task_group_decorator.py took 0.095 seconds
[2022-09-15T16:54:48.042+0000] {processor.py:153} INFO - Started process (PID=1507) to work on /home/airflow/.local/lib/python3.7/site-packages/airflow/example_dags/example_task_group_decorator.py
[2022-09-15T16:54:48.043+0000] {processor.py:640} INFO - Processing file /home/airflow/.local/lib/python3.7/site-packages/airflow/example_dags/example_task_group_decorator.py for tasks to queue
[2022-09-15T16:54:48.045+0000] {logging_mixin.py:115} INFO - [2022-09-15T16:54:48.045+0000] {dagbag.py:508} INFO - Filling up the DagBag from /home/airflow/.local/lib/python3.7/site-packages/airflow/example_dags/example_task_group_decorator.py
[2022-09-15T16:54:48.060+0000] {processor.py:650} INFO - DAG(s) dict_keys(['example_task_group_decorator']) retrieved from /home/airflow/.local/lib/python3.7/site-packages/airflow/example_dags/example_task_group_decorator.py
[2022-09-15T16:54:48.112+0000] {logging_mixin.py:115} INFO - [2022-09-15T16:54:48.112+0000] {dag.py:2429} INFO - Sync 1 DAGs
[2022-09-15T16:54:48.125+0000] {logging_mixin.py:115} INFO - [2022-09-15T16:54:48.125+0000] {dag.py:2981} INFO - Setting next_dagrun for example_task_group_decorator to 2022-09-14T16:54:48.125216+00:00, run_after=2022-09-15T16:54:48.125216+00:00
[2022-09-15T16:54:48.135+0000] {processor.py:161} INFO - Processing /home/airflow/.local/lib/python3.7/site-packages/airflow/example_dags/example_task_group_decorator.py took 0.095 seconds
[2022-09-15T16:55:18.299+0000] {processor.py:153} INFO - Started process (PID=1575) to work on /home/airflow/.local/lib/python3.7/site-packages/airflow/example_dags/example_task_group_decorator.py
[2022-09-15T16:55:18.300+0000] {processor.py:640} INFO - Processing file /home/airflow/.local/lib/python3.7/site-packages/airflow/example_dags/example_task_group_decorator.py for tasks to queue
[2022-09-15T16:55:18.302+0000] {logging_mixin.py:115} INFO - [2022-09-15T16:55:18.302+0000] {dagbag.py:508} INFO - Filling up the DagBag from /home/airflow/.local/lib/python3.7/site-packages/airflow/example_dags/example_task_group_decorator.py
[2022-09-15T16:55:18.316+0000] {processor.py:650} INFO - DAG(s) dict_keys(['example_task_group_decorator']) retrieved from /home/airflow/.local/lib/python3.7/site-packages/airflow/example_dags/example_task_group_decorator.py
[2022-09-15T16:55:18.366+0000] {logging_mixin.py:115} INFO - [2022-09-15T16:55:18.366+0000] {dag.py:2429} INFO - Sync 1 DAGs
[2022-09-15T16:55:18.379+0000] {logging_mixin.py:115} INFO - [2022-09-15T16:55:18.379+0000] {dag.py:2981} INFO - Setting next_dagrun for example_task_group_decorator to 2022-09-14T16:55:18.379373+00:00, run_after=2022-09-15T16:55:18.379373+00:00
[2022-09-15T16:55:18.389+0000] {processor.py:161} INFO - Processing /home/airflow/.local/lib/python3.7/site-packages/airflow/example_dags/example_task_group_decorator.py took 0.092 seconds
[2022-09-15T16:55:48.521+0000] {processor.py:153} INFO - Started process (PID=1635) to work on /home/airflow/.local/lib/python3.7/site-packages/airflow/example_dags/example_task_group_decorator.py
[2022-09-15T16:55:48.523+0000] {processor.py:640} INFO - Processing file /home/airflow/.local/lib/python3.7/site-packages/airflow/example_dags/example_task_group_decorator.py for tasks to queue
[2022-09-15T16:55:48.525+0000] {logging_mixin.py:115} INFO - [2022-09-15T16:55:48.524+0000] {dagbag.py:508} INFO - Filling up the DagBag from /home/airflow/.local/lib/python3.7/site-packages/airflow/example_dags/example_task_group_decorator.py
[2022-09-15T16:55:48.548+0000] {processor.py:650} INFO - DAG(s) dict_keys(['example_task_group_decorator']) retrieved from /home/airflow/.local/lib/python3.7/site-packages/airflow/example_dags/example_task_group_decorator.py
[2022-09-15T16:55:48.568+0000] {logging_mixin.py:115} INFO - [2022-09-15T16:55:48.568+0000] {dag.py:2429} INFO - Sync 1 DAGs
[2022-09-15T16:55:48.584+0000] {logging_mixin.py:115} INFO - [2022-09-15T16:55:48.584+0000] {dag.py:2981} INFO - Setting next_dagrun for example_task_group_decorator to 2022-09-14T16:55:48.584616+00:00, run_after=2022-09-15T16:55:48.584616+00:00
[2022-09-15T16:55:48.595+0000] {processor.py:161} INFO - Processing /home/airflow/.local/lib/python3.7/site-packages/airflow/example_dags/example_task_group_decorator.py took 0.077 seconds
[2022-09-15T16:56:19.521+0000] {processor.py:153} INFO - Started process (PID=1701) to work on /home/airflow/.local/lib/python3.7/site-packages/airflow/example_dags/example_task_group_decorator.py
[2022-09-15T16:56:19.524+0000] {processor.py:640} INFO - Processing file /home/airflow/.local/lib/python3.7/site-packages/airflow/example_dags/example_task_group_decorator.py for tasks to queue
[2022-09-15T16:56:19.530+0000] {logging_mixin.py:115} INFO - [2022-09-15T16:56:19.530+0000] {dagbag.py:508} INFO - Filling up the DagBag from /home/airflow/.local/lib/python3.7/site-packages/airflow/example_dags/example_task_group_decorator.py
[2022-09-15T16:56:19.549+0000] {processor.py:650} INFO - DAG(s) dict_keys(['example_task_group_decorator']) retrieved from /home/airflow/.local/lib/python3.7/site-packages/airflow/example_dags/example_task_group_decorator.py
[2022-09-15T16:56:19.597+0000] {logging_mixin.py:115} INFO - [2022-09-15T16:56:19.597+0000] {dag.py:2429} INFO - Sync 1 DAGs
[2022-09-15T16:56:19.609+0000] {logging_mixin.py:115} INFO - [2022-09-15T16:56:19.609+0000] {dag.py:2981} INFO - Setting next_dagrun for example_task_group_decorator to 2022-09-14T16:56:19.609726+00:00, run_after=2022-09-15T16:56:19.609726+00:00
[2022-09-15T16:56:19.619+0000] {processor.py:161} INFO - Processing /home/airflow/.local/lib/python3.7/site-packages/airflow/example_dags/example_task_group_decorator.py took 0.101 seconds
[2022-09-15T16:56:50.408+0000] {processor.py:153} INFO - Started process (PID=1772) to work on /home/airflow/.local/lib/python3.7/site-packages/airflow/example_dags/example_task_group_decorator.py
[2022-09-15T16:56:50.410+0000] {processor.py:640} INFO - Processing file /home/airflow/.local/lib/python3.7/site-packages/airflow/example_dags/example_task_group_decorator.py for tasks to queue
[2022-09-15T16:56:50.411+0000] {logging_mixin.py:115} INFO - [2022-09-15T16:56:50.411+0000] {dagbag.py:508} INFO - Filling up the DagBag from /home/airflow/.local/lib/python3.7/site-packages/airflow/example_dags/example_task_group_decorator.py
[2022-09-15T16:56:50.429+0000] {processor.py:650} INFO - DAG(s) dict_keys(['example_task_group_decorator']) retrieved from /home/airflow/.local/lib/python3.7/site-packages/airflow/example_dags/example_task_group_decorator.py
[2022-09-15T16:56:50.486+0000] {logging_mixin.py:115} INFO - [2022-09-15T16:56:50.486+0000] {dag.py:2429} INFO - Sync 1 DAGs
[2022-09-15T16:56:50.505+0000] {logging_mixin.py:115} INFO - [2022-09-15T16:56:50.505+0000] {dag.py:2981} INFO - Setting next_dagrun for example_task_group_decorator to 2022-09-14T16:56:50.505406+00:00, run_after=2022-09-15T16:56:50.505406+00:00
[2022-09-15T16:56:50.537+0000] {processor.py:161} INFO - Processing /home/airflow/.local/lib/python3.7/site-packages/airflow/example_dags/example_task_group_decorator.py took 0.132 seconds
[2022-09-15T16:57:20.647+0000] {processor.py:153} INFO - Started process (PID=1837) to work on /home/airflow/.local/lib/python3.7/site-packages/airflow/example_dags/example_task_group_decorator.py
[2022-09-15T16:57:20.649+0000] {processor.py:640} INFO - Processing file /home/airflow/.local/lib/python3.7/site-packages/airflow/example_dags/example_task_group_decorator.py for tasks to queue
[2022-09-15T16:57:20.651+0000] {logging_mixin.py:115} INFO - [2022-09-15T16:57:20.650+0000] {dagbag.py:508} INFO - Filling up the DagBag from /home/airflow/.local/lib/python3.7/site-packages/airflow/example_dags/example_task_group_decorator.py
[2022-09-15T16:57:20.668+0000] {processor.py:650} INFO - DAG(s) dict_keys(['example_task_group_decorator']) retrieved from /home/airflow/.local/lib/python3.7/site-packages/airflow/example_dags/example_task_group_decorator.py
[2022-09-15T16:57:20.691+0000] {logging_mixin.py:115} INFO - [2022-09-15T16:57:20.691+0000] {dag.py:2429} INFO - Sync 1 DAGs
[2022-09-15T16:57:20.707+0000] {logging_mixin.py:115} INFO - [2022-09-15T16:57:20.707+0000] {dag.py:2981} INFO - Setting next_dagrun for example_task_group_decorator to 2022-09-14T16:57:20.707053+00:00, run_after=2022-09-15T16:57:20.707053+00:00
[2022-09-15T16:57:20.716+0000] {processor.py:161} INFO - Processing /home/airflow/.local/lib/python3.7/site-packages/airflow/example_dags/example_task_group_decorator.py took 0.071 seconds
[2022-09-15T16:57:50.909+0000] {processor.py:153} INFO - Started process (PID=1907) to work on /home/airflow/.local/lib/python3.7/site-packages/airflow/example_dags/example_task_group_decorator.py
[2022-09-15T16:57:50.910+0000] {processor.py:640} INFO - Processing file /home/airflow/.local/lib/python3.7/site-packages/airflow/example_dags/example_task_group_decorator.py for tasks to queue
[2022-09-15T16:57:50.911+0000] {logging_mixin.py:115} INFO - [2022-09-15T16:57:50.911+0000] {dagbag.py:508} INFO - Filling up the DagBag from /home/airflow/.local/lib/python3.7/site-packages/airflow/example_dags/example_task_group_decorator.py
[2022-09-15T16:57:50.926+0000] {processor.py:650} INFO - DAG(s) dict_keys(['example_task_group_decorator']) retrieved from /home/airflow/.local/lib/python3.7/site-packages/airflow/example_dags/example_task_group_decorator.py
[2022-09-15T16:57:50.970+0000] {logging_mixin.py:115} INFO - [2022-09-15T16:57:50.970+0000] {dag.py:2429} INFO - Sync 1 DAGs
[2022-09-15T16:57:50.984+0000] {logging_mixin.py:115} INFO - [2022-09-15T16:57:50.984+0000] {dag.py:2981} INFO - Setting next_dagrun for example_task_group_decorator to 2022-09-14T16:57:50.984071+00:00, run_after=2022-09-15T16:57:50.984071+00:00
[2022-09-15T16:57:50.994+0000] {processor.py:161} INFO - Processing /home/airflow/.local/lib/python3.7/site-packages/airflow/example_dags/example_task_group_decorator.py took 0.087 seconds
[2022-09-15T16:58:21.836+0000] {processor.py:153} INFO - Started process (PID=1974) to work on /home/airflow/.local/lib/python3.7/site-packages/airflow/example_dags/example_task_group_decorator.py
[2022-09-15T16:58:21.839+0000] {processor.py:640} INFO - Processing file /home/airflow/.local/lib/python3.7/site-packages/airflow/example_dags/example_task_group_decorator.py for tasks to queue
[2022-09-15T16:58:21.840+0000] {logging_mixin.py:115} INFO - [2022-09-15T16:58:21.840+0000] {dagbag.py:508} INFO - Filling up the DagBag from /home/airflow/.local/lib/python3.7/site-packages/airflow/example_dags/example_task_group_decorator.py
[2022-09-15T16:58:21.860+0000] {processor.py:650} INFO - DAG(s) dict_keys(['example_task_group_decorator']) retrieved from /home/airflow/.local/lib/python3.7/site-packages/airflow/example_dags/example_task_group_decorator.py
[2022-09-15T16:58:21.921+0000] {logging_mixin.py:115} INFO - [2022-09-15T16:58:21.921+0000] {dag.py:2429} INFO - Sync 1 DAGs
[2022-09-15T16:58:21.935+0000] {logging_mixin.py:115} INFO - [2022-09-15T16:58:21.935+0000] {dag.py:2981} INFO - Setting next_dagrun for example_task_group_decorator to 2022-09-14T16:58:21.935608+00:00, run_after=2022-09-15T16:58:21.935608+00:00
[2022-09-15T16:58:21.947+0000] {processor.py:161} INFO - Processing /home/airflow/.local/lib/python3.7/site-packages/airflow/example_dags/example_task_group_decorator.py took 0.116 seconds
[2022-09-15T16:58:52.017+0000] {processor.py:153} INFO - Started process (PID=2030) to work on /home/airflow/.local/lib/python3.7/site-packages/airflow/example_dags/example_task_group_decorator.py
[2022-09-15T16:58:52.047+0000] {processor.py:640} INFO - Processing file /home/airflow/.local/lib/python3.7/site-packages/airflow/example_dags/example_task_group_decorator.py for tasks to queue
[2022-09-15T16:58:52.049+0000] {logging_mixin.py:115} INFO - [2022-09-15T16:58:52.049+0000] {dagbag.py:508} INFO - Filling up the DagBag from /home/airflow/.local/lib/python3.7/site-packages/airflow/example_dags/example_task_group_decorator.py
[2022-09-15T16:58:52.066+0000] {processor.py:650} INFO - DAG(s) dict_keys(['example_task_group_decorator']) retrieved from /home/airflow/.local/lib/python3.7/site-packages/airflow/example_dags/example_task_group_decorator.py
[2022-09-15T16:58:52.114+0000] {logging_mixin.py:115} INFO - [2022-09-15T16:58:52.114+0000] {dag.py:2429} INFO - Sync 1 DAGs
[2022-09-15T16:58:52.128+0000] {logging_mixin.py:115} INFO - [2022-09-15T16:58:52.128+0000] {dag.py:2981} INFO - Setting next_dagrun for example_task_group_decorator to 2022-09-14T16:58:52.127845+00:00, run_after=2022-09-15T16:58:52.127845+00:00
[2022-09-15T16:58:52.137+0000] {processor.py:161} INFO - Processing /home/airflow/.local/lib/python3.7/site-packages/airflow/example_dags/example_task_group_decorator.py took 0.122 seconds
[2022-09-15T16:59:23.048+0000] {processor.py:153} INFO - Started process (PID=2099) to work on /home/airflow/.local/lib/python3.7/site-packages/airflow/example_dags/example_task_group_decorator.py
[2022-09-15T16:59:23.050+0000] {processor.py:640} INFO - Processing file /home/airflow/.local/lib/python3.7/site-packages/airflow/example_dags/example_task_group_decorator.py for tasks to queue
[2022-09-15T16:59:23.052+0000] {logging_mixin.py:115} INFO - [2022-09-15T16:59:23.052+0000] {dagbag.py:508} INFO - Filling up the DagBag from /home/airflow/.local/lib/python3.7/site-packages/airflow/example_dags/example_task_group_decorator.py
[2022-09-15T16:59:23.066+0000] {processor.py:650} INFO - DAG(s) dict_keys(['example_task_group_decorator']) retrieved from /home/airflow/.local/lib/python3.7/site-packages/airflow/example_dags/example_task_group_decorator.py
[2022-09-15T16:59:23.110+0000] {logging_mixin.py:115} INFO - [2022-09-15T16:59:23.110+0000] {dag.py:2429} INFO - Sync 1 DAGs
[2022-09-15T16:59:23.122+0000] {logging_mixin.py:115} INFO - [2022-09-15T16:59:23.122+0000] {dag.py:2981} INFO - Setting next_dagrun for example_task_group_decorator to 2022-09-14T16:59:23.122613+00:00, run_after=2022-09-15T16:59:23.122613+00:00
[2022-09-15T16:59:23.132+0000] {processor.py:161} INFO - Processing /home/airflow/.local/lib/python3.7/site-packages/airflow/example_dags/example_task_group_decorator.py took 0.087 seconds
[2022-09-15T16:59:54.057+0000] {processor.py:153} INFO - Started process (PID=2166) to work on /home/airflow/.local/lib/python3.7/site-packages/airflow/example_dags/example_task_group_decorator.py
[2022-09-15T16:59:54.072+0000] {processor.py:640} INFO - Processing file /home/airflow/.local/lib/python3.7/site-packages/airflow/example_dags/example_task_group_decorator.py for tasks to queue
[2022-09-15T16:59:54.073+0000] {logging_mixin.py:115} INFO - [2022-09-15T16:59:54.073+0000] {dagbag.py:508} INFO - Filling up the DagBag from /home/airflow/.local/lib/python3.7/site-packages/airflow/example_dags/example_task_group_decorator.py
[2022-09-15T16:59:54.088+0000] {processor.py:650} INFO - DAG(s) dict_keys(['example_task_group_decorator']) retrieved from /home/airflow/.local/lib/python3.7/site-packages/airflow/example_dags/example_task_group_decorator.py
[2022-09-15T16:59:54.129+0000] {logging_mixin.py:115} INFO - [2022-09-15T16:59:54.129+0000] {dag.py:2429} INFO - Sync 1 DAGs
[2022-09-15T16:59:54.142+0000] {logging_mixin.py:115} INFO - [2022-09-15T16:59:54.142+0000] {dag.py:2981} INFO - Setting next_dagrun for example_task_group_decorator to 2022-09-14T16:59:54.142426+00:00, run_after=2022-09-15T16:59:54.142426+00:00
[2022-09-15T16:59:54.154+0000] {processor.py:161} INFO - Processing /home/airflow/.local/lib/python3.7/site-packages/airflow/example_dags/example_task_group_decorator.py took 0.100 seconds
[2022-09-15T17:00:24.246+0000] {processor.py:153} INFO - Started process (PID=2239) to work on /home/airflow/.local/lib/python3.7/site-packages/airflow/example_dags/example_task_group_decorator.py
[2022-09-15T17:00:24.248+0000] {processor.py:640} INFO - Processing file /home/airflow/.local/lib/python3.7/site-packages/airflow/example_dags/example_task_group_decorator.py for tasks to queue
[2022-09-15T17:00:24.249+0000] {logging_mixin.py:115} INFO - [2022-09-15T17:00:24.249+0000] {dagbag.py:508} INFO - Filling up the DagBag from /home/airflow/.local/lib/python3.7/site-packages/airflow/example_dags/example_task_group_decorator.py
[2022-09-15T17:00:24.264+0000] {processor.py:650} INFO - DAG(s) dict_keys(['example_task_group_decorator']) retrieved from /home/airflow/.local/lib/python3.7/site-packages/airflow/example_dags/example_task_group_decorator.py
[2022-09-15T17:00:24.309+0000] {logging_mixin.py:115} INFO - [2022-09-15T17:00:24.309+0000] {dag.py:2429} INFO - Sync 1 DAGs
[2022-09-15T17:00:24.322+0000] {logging_mixin.py:115} INFO - [2022-09-15T17:00:24.322+0000] {dag.py:2981} INFO - Setting next_dagrun for example_task_group_decorator to 2022-09-14T17:00:24.322266+00:00, run_after=2022-09-15T17:00:24.322266+00:00
[2022-09-15T17:00:24.346+0000] {processor.py:161} INFO - Processing /home/airflow/.local/lib/python3.7/site-packages/airflow/example_dags/example_task_group_decorator.py took 0.102 seconds
[2022-09-15T17:00:54.478+0000] {processor.py:153} INFO - Started process (PID=2298) to work on /home/airflow/.local/lib/python3.7/site-packages/airflow/example_dags/example_task_group_decorator.py
[2022-09-15T17:00:54.480+0000] {processor.py:640} INFO - Processing file /home/airflow/.local/lib/python3.7/site-packages/airflow/example_dags/example_task_group_decorator.py for tasks to queue
[2022-09-15T17:00:54.481+0000] {logging_mixin.py:115} INFO - [2022-09-15T17:00:54.481+0000] {dagbag.py:508} INFO - Filling up the DagBag from /home/airflow/.local/lib/python3.7/site-packages/airflow/example_dags/example_task_group_decorator.py
[2022-09-15T17:00:54.495+0000] {processor.py:650} INFO - DAG(s) dict_keys(['example_task_group_decorator']) retrieved from /home/airflow/.local/lib/python3.7/site-packages/airflow/example_dags/example_task_group_decorator.py
[2022-09-15T17:00:54.537+0000] {logging_mixin.py:115} INFO - [2022-09-15T17:00:54.537+0000] {dag.py:2429} INFO - Sync 1 DAGs
[2022-09-15T17:00:54.551+0000] {logging_mixin.py:115} INFO - [2022-09-15T17:00:54.551+0000] {dag.py:2981} INFO - Setting next_dagrun for example_task_group_decorator to 2022-09-14T17:00:54.551034+00:00, run_after=2022-09-15T17:00:54.551034+00:00
[2022-09-15T17:00:54.562+0000] {processor.py:161} INFO - Processing /home/airflow/.local/lib/python3.7/site-packages/airflow/example_dags/example_task_group_decorator.py took 0.086 seconds
[2022-09-15T17:01:25.374+0000] {processor.py:153} INFO - Started process (PID=2362) to work on /home/airflow/.local/lib/python3.7/site-packages/airflow/example_dags/example_task_group_decorator.py
[2022-09-15T17:01:25.376+0000] {processor.py:640} INFO - Processing file /home/airflow/.local/lib/python3.7/site-packages/airflow/example_dags/example_task_group_decorator.py for tasks to queue
[2022-09-15T17:01:25.377+0000] {logging_mixin.py:115} INFO - [2022-09-15T17:01:25.377+0000] {dagbag.py:508} INFO - Filling up the DagBag from /home/airflow/.local/lib/python3.7/site-packages/airflow/example_dags/example_task_group_decorator.py
[2022-09-15T17:01:25.391+0000] {processor.py:650} INFO - DAG(s) dict_keys(['example_task_group_decorator']) retrieved from /home/airflow/.local/lib/python3.7/site-packages/airflow/example_dags/example_task_group_decorator.py
[2022-09-15T17:01:25.410+0000] {logging_mixin.py:115} INFO - [2022-09-15T17:01:25.410+0000] {dag.py:2429} INFO - Sync 1 DAGs
[2022-09-15T17:01:25.425+0000] {logging_mixin.py:115} INFO - [2022-09-15T17:01:25.425+0000] {dag.py:2981} INFO - Setting next_dagrun for example_task_group_decorator to 2022-09-14T17:01:25.425410+00:00, run_after=2022-09-15T17:01:25.425410+00:00
[2022-09-15T17:01:25.435+0000] {processor.py:161} INFO - Processing /home/airflow/.local/lib/python3.7/site-packages/airflow/example_dags/example_task_group_decorator.py took 0.064 seconds
[2022-09-15T17:01:55.533+0000] {processor.py:153} INFO - Started process (PID=2431) to work on /home/airflow/.local/lib/python3.7/site-packages/airflow/example_dags/example_task_group_decorator.py
[2022-09-15T17:01:55.535+0000] {processor.py:640} INFO - Processing file /home/airflow/.local/lib/python3.7/site-packages/airflow/example_dags/example_task_group_decorator.py for tasks to queue
[2022-09-15T17:01:55.536+0000] {logging_mixin.py:115} INFO - [2022-09-15T17:01:55.536+0000] {dagbag.py:508} INFO - Filling up the DagBag from /home/airflow/.local/lib/python3.7/site-packages/airflow/example_dags/example_task_group_decorator.py
[2022-09-15T17:01:55.555+0000] {processor.py:650} INFO - DAG(s) dict_keys(['example_task_group_decorator']) retrieved from /home/airflow/.local/lib/python3.7/site-packages/airflow/example_dags/example_task_group_decorator.py
[2022-09-15T17:01:55.632+0000] {logging_mixin.py:115} INFO - [2022-09-15T17:01:55.632+0000] {dag.py:2429} INFO - Sync 1 DAGs
[2022-09-15T17:01:55.655+0000] {logging_mixin.py:115} INFO - [2022-09-15T17:01:55.655+0000] {dag.py:2981} INFO - Setting next_dagrun for example_task_group_decorator to 2022-09-14T17:01:55.655612+00:00, run_after=2022-09-15T17:01:55.655612+00:00
[2022-09-15T17:01:55.695+0000] {processor.py:161} INFO - Processing /home/airflow/.local/lib/python3.7/site-packages/airflow/example_dags/example_task_group_decorator.py took 0.165 seconds
[2022-09-15T17:02:25.788+0000] {processor.py:153} INFO - Started process (PID=2499) to work on /home/airflow/.local/lib/python3.7/site-packages/airflow/example_dags/example_task_group_decorator.py
[2022-09-15T17:02:25.792+0000] {processor.py:640} INFO - Processing file /home/airflow/.local/lib/python3.7/site-packages/airflow/example_dags/example_task_group_decorator.py for tasks to queue
[2022-09-15T17:02:25.793+0000] {logging_mixin.py:115} INFO - [2022-09-15T17:02:25.793+0000] {dagbag.py:508} INFO - Filling up the DagBag from /home/airflow/.local/lib/python3.7/site-packages/airflow/example_dags/example_task_group_decorator.py
[2022-09-15T17:02:25.808+0000] {processor.py:650} INFO - DAG(s) dict_keys(['example_task_group_decorator']) retrieved from /home/airflow/.local/lib/python3.7/site-packages/airflow/example_dags/example_task_group_decorator.py
[2022-09-15T17:02:25.853+0000] {logging_mixin.py:115} INFO - [2022-09-15T17:02:25.853+0000] {dag.py:2429} INFO - Sync 1 DAGs
[2022-09-15T17:02:25.868+0000] {logging_mixin.py:115} INFO - [2022-09-15T17:02:25.867+0000] {dag.py:2981} INFO - Setting next_dagrun for example_task_group_decorator to 2022-09-14T17:02:25.867688+00:00, run_after=2022-09-15T17:02:25.867688+00:00
[2022-09-15T17:02:25.878+0000] {processor.py:161} INFO - Processing /home/airflow/.local/lib/python3.7/site-packages/airflow/example_dags/example_task_group_decorator.py took 0.093 seconds
[2022-09-15T17:02:55.933+0000] {processor.py:153} INFO - Started process (PID=2567) to work on /home/airflow/.local/lib/python3.7/site-packages/airflow/example_dags/example_task_group_decorator.py
[2022-09-15T17:02:55.935+0000] {processor.py:640} INFO - Processing file /home/airflow/.local/lib/python3.7/site-packages/airflow/example_dags/example_task_group_decorator.py for tasks to queue
[2022-09-15T17:02:55.936+0000] {logging_mixin.py:115} INFO - [2022-09-15T17:02:55.936+0000] {dagbag.py:508} INFO - Filling up the DagBag from /home/airflow/.local/lib/python3.7/site-packages/airflow/example_dags/example_task_group_decorator.py
[2022-09-15T17:02:55.954+0000] {processor.py:650} INFO - DAG(s) dict_keys(['example_task_group_decorator']) retrieved from /home/airflow/.local/lib/python3.7/site-packages/airflow/example_dags/example_task_group_decorator.py
[2022-09-15T17:02:56.002+0000] {logging_mixin.py:115} INFO - [2022-09-15T17:02:56.002+0000] {dag.py:2429} INFO - Sync 1 DAGs
[2022-09-15T17:02:56.017+0000] {logging_mixin.py:115} INFO - [2022-09-15T17:02:56.017+0000] {dag.py:2981} INFO - Setting next_dagrun for example_task_group_decorator to 2022-09-14T17:02:56.017168+00:00, run_after=2022-09-15T17:02:56.017168+00:00
[2022-09-15T17:02:56.027+0000] {processor.py:161} INFO - Processing /home/airflow/.local/lib/python3.7/site-packages/airflow/example_dags/example_task_group_decorator.py took 0.097 seconds
[2022-09-15T17:03:26.120+0000] {processor.py:153} INFO - Started process (PID=2627) to work on /home/airflow/.local/lib/python3.7/site-packages/airflow/example_dags/example_task_group_decorator.py
[2022-09-15T17:03:26.122+0000] {processor.py:640} INFO - Processing file /home/airflow/.local/lib/python3.7/site-packages/airflow/example_dags/example_task_group_decorator.py for tasks to queue
[2022-09-15T17:03:26.123+0000] {logging_mixin.py:115} INFO - [2022-09-15T17:03:26.123+0000] {dagbag.py:508} INFO - Filling up the DagBag from /home/airflow/.local/lib/python3.7/site-packages/airflow/example_dags/example_task_group_decorator.py
[2022-09-15T17:03:26.138+0000] {processor.py:650} INFO - DAG(s) dict_keys(['example_task_group_decorator']) retrieved from /home/airflow/.local/lib/python3.7/site-packages/airflow/example_dags/example_task_group_decorator.py
[2022-09-15T17:03:26.181+0000] {logging_mixin.py:115} INFO - [2022-09-15T17:03:26.181+0000] {dag.py:2429} INFO - Sync 1 DAGs
[2022-09-15T17:03:26.194+0000] {logging_mixin.py:115} INFO - [2022-09-15T17:03:26.194+0000] {dag.py:2981} INFO - Setting next_dagrun for example_task_group_decorator to 2022-09-14T17:03:26.193896+00:00, run_after=2022-09-15T17:03:26.193896+00:00
[2022-09-15T17:03:26.204+0000] {processor.py:161} INFO - Processing /home/airflow/.local/lib/python3.7/site-packages/airflow/example_dags/example_task_group_decorator.py took 0.087 seconds
[2022-09-15T17:03:56.346+0000] {processor.py:153} INFO - Started process (PID=2695) to work on /home/airflow/.local/lib/python3.7/site-packages/airflow/example_dags/example_task_group_decorator.py
[2022-09-15T17:03:56.347+0000] {processor.py:640} INFO - Processing file /home/airflow/.local/lib/python3.7/site-packages/airflow/example_dags/example_task_group_decorator.py for tasks to queue
[2022-09-15T17:03:56.348+0000] {logging_mixin.py:115} INFO - [2022-09-15T17:03:56.348+0000] {dagbag.py:508} INFO - Filling up the DagBag from /home/airflow/.local/lib/python3.7/site-packages/airflow/example_dags/example_task_group_decorator.py
[2022-09-15T17:03:56.362+0000] {processor.py:650} INFO - DAG(s) dict_keys(['example_task_group_decorator']) retrieved from /home/airflow/.local/lib/python3.7/site-packages/airflow/example_dags/example_task_group_decorator.py
[2022-09-15T17:03:56.404+0000] {logging_mixin.py:115} INFO - [2022-09-15T17:03:56.403+0000] {dag.py:2429} INFO - Sync 1 DAGs
[2022-09-15T17:03:56.418+0000] {logging_mixin.py:115} INFO - [2022-09-15T17:03:56.418+0000] {dag.py:2981} INFO - Setting next_dagrun for example_task_group_decorator to 2022-09-14T17:03:56.418147+00:00, run_after=2022-09-15T17:03:56.418147+00:00
[2022-09-15T17:03:56.427+0000] {processor.py:161} INFO - Processing /home/airflow/.local/lib/python3.7/site-packages/airflow/example_dags/example_task_group_decorator.py took 0.084 seconds
[2022-09-15T17:04:26.698+0000] {processor.py:153} INFO - Started process (PID=2764) to work on /home/airflow/.local/lib/python3.7/site-packages/airflow/example_dags/example_task_group_decorator.py
[2022-09-15T17:04:26.700+0000] {processor.py:640} INFO - Processing file /home/airflow/.local/lib/python3.7/site-packages/airflow/example_dags/example_task_group_decorator.py for tasks to queue
[2022-09-15T17:04:26.701+0000] {logging_mixin.py:115} INFO - [2022-09-15T17:04:26.701+0000] {dagbag.py:508} INFO - Filling up the DagBag from /home/airflow/.local/lib/python3.7/site-packages/airflow/example_dags/example_task_group_decorator.py
[2022-09-15T17:04:26.715+0000] {processor.py:650} INFO - DAG(s) dict_keys(['example_task_group_decorator']) retrieved from /home/airflow/.local/lib/python3.7/site-packages/airflow/example_dags/example_task_group_decorator.py
[2022-09-15T17:04:26.760+0000] {logging_mixin.py:115} INFO - [2022-09-15T17:04:26.760+0000] {dag.py:2429} INFO - Sync 1 DAGs
[2022-09-15T17:04:26.773+0000] {logging_mixin.py:115} INFO - [2022-09-15T17:04:26.773+0000] {dag.py:2981} INFO - Setting next_dagrun for example_task_group_decorator to 2022-09-14T17:04:26.772992+00:00, run_after=2022-09-15T17:04:26.772992+00:00
[2022-09-15T17:04:26.782+0000] {processor.py:161} INFO - Processing /home/airflow/.local/lib/python3.7/site-packages/airflow/example_dags/example_task_group_decorator.py took 0.087 seconds
[2022-09-15T17:04:56.815+0000] {processor.py:153} INFO - Started process (PID=2831) to work on /home/airflow/.local/lib/python3.7/site-packages/airflow/example_dags/example_task_group_decorator.py
[2022-09-15T17:04:56.817+0000] {processor.py:640} INFO - Processing file /home/airflow/.local/lib/python3.7/site-packages/airflow/example_dags/example_task_group_decorator.py for tasks to queue
[2022-09-15T17:04:56.817+0000] {logging_mixin.py:115} INFO - [2022-09-15T17:04:56.817+0000] {dagbag.py:508} INFO - Filling up the DagBag from /home/airflow/.local/lib/python3.7/site-packages/airflow/example_dags/example_task_group_decorator.py
[2022-09-15T17:04:56.838+0000] {processor.py:650} INFO - DAG(s) dict_keys(['example_task_group_decorator']) retrieved from /home/airflow/.local/lib/python3.7/site-packages/airflow/example_dags/example_task_group_decorator.py
[2022-09-15T17:04:56.872+0000] {logging_mixin.py:115} INFO - [2022-09-15T17:04:56.871+0000] {dag.py:2429} INFO - Sync 1 DAGs
[2022-09-15T17:04:56.890+0000] {logging_mixin.py:115} INFO - [2022-09-15T17:04:56.890+0000] {dag.py:2981} INFO - Setting next_dagrun for example_task_group_decorator to 2022-09-14T17:04:56.890627+00:00, run_after=2022-09-15T17:04:56.890627+00:00
[2022-09-15T17:04:56.902+0000] {processor.py:161} INFO - Processing /home/airflow/.local/lib/python3.7/site-packages/airflow/example_dags/example_task_group_decorator.py took 0.090 seconds
