[2022-09-15T16:43:27.136+0000] {processor.py:153} INFO - Started process (PID=46) to work on /home/airflow/.local/lib/python3.7/site-packages/airflow/example_dags/example_branch_datetime_operator.py
[2022-09-15T16:43:27.138+0000] {processor.py:640} INFO - Processing file /home/airflow/.local/lib/python3.7/site-packages/airflow/example_dags/example_branch_datetime_operator.py for tasks to queue
[2022-09-15T16:43:27.139+0000] {logging_mixin.py:115} INFO - [2022-09-15T16:43:27.139+0000] {dagbag.py:508} INFO - Filling up the DagBag from /home/airflow/.local/lib/python3.7/site-packages/airflow/example_dags/example_branch_datetime_operator.py
[2022-09-15T16:43:27.161+0000] {processor.py:650} INFO - DAG(s) dict_keys(['example_branch_datetime_operator', 'example_branch_datetime_operator_2']) retrieved from /home/airflow/.local/lib/python3.7/site-packages/airflow/example_dags/example_branch_datetime_operator.py
[2022-09-15T16:43:27.332+0000] {logging_mixin.py:115} INFO - [2022-09-15T16:43:27.332+0000] {manager.py:508} INFO - Created Permission View: can delete on DAG:example_branch_datetime_operator
[2022-09-15T16:43:27.356+0000] {logging_mixin.py:115} INFO - [2022-09-15T16:43:27.355+0000] {manager.py:508} INFO - Created Permission View: can read on DAG:example_branch_datetime_operator
[2022-09-15T16:43:27.382+0000] {logging_mixin.py:115} INFO - [2022-09-15T16:43:27.381+0000] {manager.py:508} INFO - Created Permission View: can edit on DAG:example_branch_datetime_operator
[2022-09-15T16:43:27.426+0000] {logging_mixin.py:115} INFO - [2022-09-15T16:43:27.426+0000] {manager.py:508} INFO - Created Permission View: can delete on DAG:example_branch_datetime_operator_2
[2022-09-15T16:43:27.452+0000] {logging_mixin.py:115} INFO - [2022-09-15T16:43:27.452+0000] {manager.py:508} INFO - Created Permission View: can read on DAG:example_branch_datetime_operator_2
[2022-09-15T16:43:27.475+0000] {logging_mixin.py:115} INFO - [2022-09-15T16:43:27.474+0000] {manager.py:508} INFO - Created Permission View: can edit on DAG:example_branch_datetime_operator_2
[2022-09-15T16:43:27.485+0000] {logging_mixin.py:115} INFO - [2022-09-15T16:43:27.485+0000] {dag.py:2429} INFO - Sync 2 DAGs
[2022-09-15T16:43:27.522+0000] {logging_mixin.py:115} INFO - [2022-09-15T16:43:27.522+0000] {dag.py:2448} INFO - Creating ORM DAG for example_branch_datetime_operator_2
[2022-09-15T16:43:27.528+0000] {logging_mixin.py:115} INFO - [2022-09-15T16:43:27.528+0000] {dag.py:2448} INFO - Creating ORM DAG for example_branch_datetime_operator
[2022-09-15T16:43:27.565+0000] {logging_mixin.py:115} INFO - [2022-09-15T16:43:27.565+0000] {dag.py:2981} INFO - Setting next_dagrun for example_branch_datetime_operator to 2022-09-14T00:00:00+00:00, run_after=2022-09-15T00:00:00+00:00
[2022-09-15T16:43:27.577+0000] {logging_mixin.py:115} INFO - [2022-09-15T16:43:27.577+0000] {dag.py:2981} INFO - Setting next_dagrun for example_branch_datetime_operator_2 to 2022-09-14T00:00:00+00:00, run_after=2022-09-15T00:00:00+00:00
[2022-09-15T16:43:27.614+0000] {processor.py:161} INFO - Processing /home/airflow/.local/lib/python3.7/site-packages/airflow/example_dags/example_branch_datetime_operator.py took 0.482 seconds
[2022-09-15T16:43:58.010+0000] {processor.py:153} INFO - Started process (PID=112) to work on /home/airflow/.local/lib/python3.7/site-packages/airflow/example_dags/example_branch_datetime_operator.py
[2022-09-15T16:43:58.012+0000] {processor.py:640} INFO - Processing file /home/airflow/.local/lib/python3.7/site-packages/airflow/example_dags/example_branch_datetime_operator.py for tasks to queue
[2022-09-15T16:43:58.016+0000] {logging_mixin.py:115} INFO - [2022-09-15T16:43:58.015+0000] {dagbag.py:508} INFO - Filling up the DagBag from /home/airflow/.local/lib/python3.7/site-packages/airflow/example_dags/example_branch_datetime_operator.py
[2022-09-15T16:43:58.024+0000] {processor.py:650} INFO - DAG(s) dict_keys(['example_branch_datetime_operator', 'example_branch_datetime_operator_2']) retrieved from /home/airflow/.local/lib/python3.7/site-packages/airflow/example_dags/example_branch_datetime_operator.py
[2022-09-15T16:43:58.048+0000] {logging_mixin.py:115} INFO - [2022-09-15T16:43:58.047+0000] {dag.py:2429} INFO - Sync 2 DAGs
[2022-09-15T16:43:58.065+0000] {logging_mixin.py:115} INFO - [2022-09-15T16:43:58.065+0000] {dag.py:2981} INFO - Setting next_dagrun for example_branch_datetime_operator to 2022-09-14T00:00:00+00:00, run_after=2022-09-15T00:00:00+00:00
[2022-09-15T16:43:58.067+0000] {logging_mixin.py:115} INFO - [2022-09-15T16:43:58.067+0000] {dag.py:2981} INFO - Setting next_dagrun for example_branch_datetime_operator_2 to 2022-09-14T00:00:00+00:00, run_after=2022-09-15T00:00:00+00:00
[2022-09-15T16:43:58.076+0000] {processor.py:161} INFO - Processing /home/airflow/.local/lib/python3.7/site-packages/airflow/example_dags/example_branch_datetime_operator.py took 0.068 seconds
[2022-09-15T16:44:28.201+0000] {processor.py:153} INFO - Started process (PID=178) to work on /home/airflow/.local/lib/python3.7/site-packages/airflow/example_dags/example_branch_datetime_operator.py
[2022-09-15T16:44:28.203+0000] {processor.py:640} INFO - Processing file /home/airflow/.local/lib/python3.7/site-packages/airflow/example_dags/example_branch_datetime_operator.py for tasks to queue
[2022-09-15T16:44:28.204+0000] {logging_mixin.py:115} INFO - [2022-09-15T16:44:28.204+0000] {dagbag.py:508} INFO - Filling up the DagBag from /home/airflow/.local/lib/python3.7/site-packages/airflow/example_dags/example_branch_datetime_operator.py
[2022-09-15T16:44:28.211+0000] {processor.py:650} INFO - DAG(s) dict_keys(['example_branch_datetime_operator', 'example_branch_datetime_operator_2']) retrieved from /home/airflow/.local/lib/python3.7/site-packages/airflow/example_dags/example_branch_datetime_operator.py
[2022-09-15T16:44:28.236+0000] {logging_mixin.py:115} INFO - [2022-09-15T16:44:28.236+0000] {dag.py:2429} INFO - Sync 2 DAGs
[2022-09-15T16:44:28.254+0000] {logging_mixin.py:115} INFO - [2022-09-15T16:44:28.253+0000] {dag.py:2981} INFO - Setting next_dagrun for example_branch_datetime_operator to 2022-09-14T00:00:00+00:00, run_after=2022-09-15T00:00:00+00:00
[2022-09-15T16:44:28.255+0000] {logging_mixin.py:115} INFO - [2022-09-15T16:44:28.255+0000] {dag.py:2981} INFO - Setting next_dagrun for example_branch_datetime_operator_2 to 2022-09-14T00:00:00+00:00, run_after=2022-09-15T00:00:00+00:00
[2022-09-15T16:44:28.264+0000] {processor.py:161} INFO - Processing /home/airflow/.local/lib/python3.7/site-packages/airflow/example_dags/example_branch_datetime_operator.py took 0.066 seconds
[2022-09-15T16:44:59.346+0000] {processor.py:153} INFO - Started process (PID=244) to work on /home/airflow/.local/lib/python3.7/site-packages/airflow/example_dags/example_branch_datetime_operator.py
[2022-09-15T16:44:59.354+0000] {processor.py:640} INFO - Processing file /home/airflow/.local/lib/python3.7/site-packages/airflow/example_dags/example_branch_datetime_operator.py for tasks to queue
[2022-09-15T16:44:59.358+0000] {logging_mixin.py:115} INFO - [2022-09-15T16:44:59.358+0000] {dagbag.py:508} INFO - Filling up the DagBag from /home/airflow/.local/lib/python3.7/site-packages/airflow/example_dags/example_branch_datetime_operator.py
[2022-09-15T16:44:59.368+0000] {processor.py:650} INFO - DAG(s) dict_keys(['example_branch_datetime_operator', 'example_branch_datetime_operator_2']) retrieved from /home/airflow/.local/lib/python3.7/site-packages/airflow/example_dags/example_branch_datetime_operator.py
[2022-09-15T16:44:59.397+0000] {logging_mixin.py:115} INFO - [2022-09-15T16:44:59.396+0000] {dag.py:2429} INFO - Sync 2 DAGs
[2022-09-15T16:44:59.415+0000] {logging_mixin.py:115} INFO - [2022-09-15T16:44:59.415+0000] {dag.py:2981} INFO - Setting next_dagrun for example_branch_datetime_operator to 2022-09-14T00:00:00+00:00, run_after=2022-09-15T00:00:00+00:00
[2022-09-15T16:44:59.418+0000] {logging_mixin.py:115} INFO - [2022-09-15T16:44:59.417+0000] {dag.py:2981} INFO - Setting next_dagrun for example_branch_datetime_operator_2 to 2022-09-14T00:00:00+00:00, run_after=2022-09-15T00:00:00+00:00
[2022-09-15T16:44:59.433+0000] {processor.py:161} INFO - Processing /home/airflow/.local/lib/python3.7/site-packages/airflow/example_dags/example_branch_datetime_operator.py took 0.131 seconds
[2022-09-15T16:45:29.677+0000] {processor.py:153} INFO - Started process (PID=309) to work on /home/airflow/.local/lib/python3.7/site-packages/airflow/example_dags/example_branch_datetime_operator.py
[2022-09-15T16:45:29.679+0000] {processor.py:640} INFO - Processing file /home/airflow/.local/lib/python3.7/site-packages/airflow/example_dags/example_branch_datetime_operator.py for tasks to queue
[2022-09-15T16:45:29.681+0000] {logging_mixin.py:115} INFO - [2022-09-15T16:45:29.681+0000] {dagbag.py:508} INFO - Filling up the DagBag from /home/airflow/.local/lib/python3.7/site-packages/airflow/example_dags/example_branch_datetime_operator.py
[2022-09-15T16:45:29.688+0000] {processor.py:650} INFO - DAG(s) dict_keys(['example_branch_datetime_operator', 'example_branch_datetime_operator_2']) retrieved from /home/airflow/.local/lib/python3.7/site-packages/airflow/example_dags/example_branch_datetime_operator.py
[2022-09-15T16:45:29.709+0000] {logging_mixin.py:115} INFO - [2022-09-15T16:45:29.709+0000] {dag.py:2429} INFO - Sync 2 DAGs
[2022-09-15T16:45:29.726+0000] {logging_mixin.py:115} INFO - [2022-09-15T16:45:29.726+0000] {dag.py:2981} INFO - Setting next_dagrun for example_branch_datetime_operator to 2022-09-14T00:00:00+00:00, run_after=2022-09-15T00:00:00+00:00
[2022-09-15T16:45:29.728+0000] {logging_mixin.py:115} INFO - [2022-09-15T16:45:29.728+0000] {dag.py:2981} INFO - Setting next_dagrun for example_branch_datetime_operator_2 to 2022-09-14T00:00:00+00:00, run_after=2022-09-15T00:00:00+00:00
[2022-09-15T16:45:29.738+0000] {processor.py:161} INFO - Processing /home/airflow/.local/lib/python3.7/site-packages/airflow/example_dags/example_branch_datetime_operator.py took 0.063 seconds
[2022-09-15T16:46:00.665+0000] {processor.py:153} INFO - Started process (PID=368) to work on /home/airflow/.local/lib/python3.7/site-packages/airflow/example_dags/example_branch_datetime_operator.py
[2022-09-15T16:46:00.668+0000] {processor.py:640} INFO - Processing file /home/airflow/.local/lib/python3.7/site-packages/airflow/example_dags/example_branch_datetime_operator.py for tasks to queue
[2022-09-15T16:46:00.669+0000] {logging_mixin.py:115} INFO - [2022-09-15T16:46:00.669+0000] {dagbag.py:508} INFO - Filling up the DagBag from /home/airflow/.local/lib/python3.7/site-packages/airflow/example_dags/example_branch_datetime_operator.py
[2022-09-15T16:46:00.676+0000] {processor.py:650} INFO - DAG(s) dict_keys(['example_branch_datetime_operator', 'example_branch_datetime_operator_2']) retrieved from /home/airflow/.local/lib/python3.7/site-packages/airflow/example_dags/example_branch_datetime_operator.py
[2022-09-15T16:46:00.698+0000] {logging_mixin.py:115} INFO - [2022-09-15T16:46:00.698+0000] {dag.py:2429} INFO - Sync 2 DAGs
[2022-09-15T16:46:00.714+0000] {logging_mixin.py:115} INFO - [2022-09-15T16:46:00.714+0000] {dag.py:2981} INFO - Setting next_dagrun for example_branch_datetime_operator to 2022-09-14T00:00:00+00:00, run_after=2022-09-15T00:00:00+00:00
[2022-09-15T16:46:00.716+0000] {logging_mixin.py:115} INFO - [2022-09-15T16:46:00.716+0000] {dag.py:2981} INFO - Setting next_dagrun for example_branch_datetime_operator_2 to 2022-09-14T00:00:00+00:00, run_after=2022-09-15T00:00:00+00:00
[2022-09-15T16:46:00.725+0000] {processor.py:161} INFO - Processing /home/airflow/.local/lib/python3.7/site-packages/airflow/example_dags/example_branch_datetime_operator.py took 0.062 seconds
[2022-09-15T16:46:31.631+0000] {processor.py:153} INFO - Started process (PID=434) to work on /home/airflow/.local/lib/python3.7/site-packages/airflow/example_dags/example_branch_datetime_operator.py
[2022-09-15T16:46:31.632+0000] {processor.py:640} INFO - Processing file /home/airflow/.local/lib/python3.7/site-packages/airflow/example_dags/example_branch_datetime_operator.py for tasks to queue
[2022-09-15T16:46:31.633+0000] {logging_mixin.py:115} INFO - [2022-09-15T16:46:31.633+0000] {dagbag.py:508} INFO - Filling up the DagBag from /home/airflow/.local/lib/python3.7/site-packages/airflow/example_dags/example_branch_datetime_operator.py
[2022-09-15T16:46:31.641+0000] {processor.py:650} INFO - DAG(s) dict_keys(['example_branch_datetime_operator', 'example_branch_datetime_operator_2']) retrieved from /home/airflow/.local/lib/python3.7/site-packages/airflow/example_dags/example_branch_datetime_operator.py
[2022-09-15T16:46:31.661+0000] {logging_mixin.py:115} INFO - [2022-09-15T16:46:31.661+0000] {dag.py:2429} INFO - Sync 2 DAGs
[2022-09-15T16:46:31.677+0000] {logging_mixin.py:115} INFO - [2022-09-15T16:46:31.677+0000] {dag.py:2981} INFO - Setting next_dagrun for example_branch_datetime_operator to 2022-09-14T00:00:00+00:00, run_after=2022-09-15T00:00:00+00:00
[2022-09-15T16:46:31.682+0000] {logging_mixin.py:115} INFO - [2022-09-15T16:46:31.682+0000] {dag.py:2981} INFO - Setting next_dagrun for example_branch_datetime_operator_2 to 2022-09-14T00:00:00+00:00, run_after=2022-09-15T00:00:00+00:00
[2022-09-15T16:46:31.690+0000] {processor.py:161} INFO - Processing /home/airflow/.local/lib/python3.7/site-packages/airflow/example_dags/example_branch_datetime_operator.py took 0.062 seconds
[2022-09-15T16:47:02.510+0000] {processor.py:153} INFO - Started process (PID=503) to work on /home/airflow/.local/lib/python3.7/site-packages/airflow/example_dags/example_branch_datetime_operator.py
[2022-09-15T16:47:02.512+0000] {processor.py:640} INFO - Processing file /home/airflow/.local/lib/python3.7/site-packages/airflow/example_dags/example_branch_datetime_operator.py for tasks to queue
[2022-09-15T16:47:02.513+0000] {logging_mixin.py:115} INFO - [2022-09-15T16:47:02.513+0000] {dagbag.py:508} INFO - Filling up the DagBag from /home/airflow/.local/lib/python3.7/site-packages/airflow/example_dags/example_branch_datetime_operator.py
[2022-09-15T16:47:02.520+0000] {processor.py:650} INFO - DAG(s) dict_keys(['example_branch_datetime_operator', 'example_branch_datetime_operator_2']) retrieved from /home/airflow/.local/lib/python3.7/site-packages/airflow/example_dags/example_branch_datetime_operator.py
[2022-09-15T16:47:02.542+0000] {logging_mixin.py:115} INFO - [2022-09-15T16:47:02.542+0000] {dag.py:2429} INFO - Sync 2 DAGs
[2022-09-15T16:47:02.559+0000] {logging_mixin.py:115} INFO - [2022-09-15T16:47:02.559+0000] {dag.py:2981} INFO - Setting next_dagrun for example_branch_datetime_operator to 2022-09-14T00:00:00+00:00, run_after=2022-09-15T00:00:00+00:00
[2022-09-15T16:47:02.561+0000] {logging_mixin.py:115} INFO - [2022-09-15T16:47:02.561+0000] {dag.py:2981} INFO - Setting next_dagrun for example_branch_datetime_operator_2 to 2022-09-14T00:00:00+00:00, run_after=2022-09-15T00:00:00+00:00
[2022-09-15T16:47:02.570+0000] {processor.py:161} INFO - Processing /home/airflow/.local/lib/python3.7/site-packages/airflow/example_dags/example_branch_datetime_operator.py took 0.062 seconds
[2022-09-15T16:47:33.621+0000] {processor.py:153} INFO - Started process (PID=571) to work on /home/airflow/.local/lib/python3.7/site-packages/airflow/example_dags/example_branch_datetime_operator.py
[2022-09-15T16:47:33.623+0000] {processor.py:640} INFO - Processing file /home/airflow/.local/lib/python3.7/site-packages/airflow/example_dags/example_branch_datetime_operator.py for tasks to queue
[2022-09-15T16:47:33.624+0000] {logging_mixin.py:115} INFO - [2022-09-15T16:47:33.624+0000] {dagbag.py:508} INFO - Filling up the DagBag from /home/airflow/.local/lib/python3.7/site-packages/airflow/example_dags/example_branch_datetime_operator.py
[2022-09-15T16:47:33.631+0000] {processor.py:650} INFO - DAG(s) dict_keys(['example_branch_datetime_operator', 'example_branch_datetime_operator_2']) retrieved from /home/airflow/.local/lib/python3.7/site-packages/airflow/example_dags/example_branch_datetime_operator.py
[2022-09-15T16:47:33.655+0000] {logging_mixin.py:115} INFO - [2022-09-15T16:47:33.655+0000] {dag.py:2429} INFO - Sync 2 DAGs
[2022-09-15T16:47:33.673+0000] {logging_mixin.py:115} INFO - [2022-09-15T16:47:33.673+0000] {dag.py:2981} INFO - Setting next_dagrun for example_branch_datetime_operator to 2022-09-14T00:00:00+00:00, run_after=2022-09-15T00:00:00+00:00
[2022-09-15T16:47:33.675+0000] {logging_mixin.py:115} INFO - [2022-09-15T16:47:33.675+0000] {dag.py:2981} INFO - Setting next_dagrun for example_branch_datetime_operator_2 to 2022-09-14T00:00:00+00:00, run_after=2022-09-15T00:00:00+00:00
[2022-09-15T16:47:33.684+0000] {processor.py:161} INFO - Processing /home/airflow/.local/lib/python3.7/site-packages/airflow/example_dags/example_branch_datetime_operator.py took 0.065 seconds
[2022-09-15T16:48:04.367+0000] {processor.py:153} INFO - Started process (PID=639) to work on /home/airflow/.local/lib/python3.7/site-packages/airflow/example_dags/example_branch_datetime_operator.py
[2022-09-15T16:48:04.369+0000] {processor.py:640} INFO - Processing file /home/airflow/.local/lib/python3.7/site-packages/airflow/example_dags/example_branch_datetime_operator.py for tasks to queue
[2022-09-15T16:48:04.370+0000] {logging_mixin.py:115} INFO - [2022-09-15T16:48:04.370+0000] {dagbag.py:508} INFO - Filling up the DagBag from /home/airflow/.local/lib/python3.7/site-packages/airflow/example_dags/example_branch_datetime_operator.py
[2022-09-15T16:48:04.377+0000] {processor.py:650} INFO - DAG(s) dict_keys(['example_branch_datetime_operator', 'example_branch_datetime_operator_2']) retrieved from /home/airflow/.local/lib/python3.7/site-packages/airflow/example_dags/example_branch_datetime_operator.py
[2022-09-15T16:48:04.399+0000] {logging_mixin.py:115} INFO - [2022-09-15T16:48:04.399+0000] {dag.py:2429} INFO - Sync 2 DAGs
[2022-09-15T16:48:04.415+0000] {logging_mixin.py:115} INFO - [2022-09-15T16:48:04.415+0000] {dag.py:2981} INFO - Setting next_dagrun for example_branch_datetime_operator to 2022-09-14T00:00:00+00:00, run_after=2022-09-15T00:00:00+00:00
[2022-09-15T16:48:04.416+0000] {logging_mixin.py:115} INFO - [2022-09-15T16:48:04.416+0000] {dag.py:2981} INFO - Setting next_dagrun for example_branch_datetime_operator_2 to 2022-09-14T00:00:00+00:00, run_after=2022-09-15T00:00:00+00:00
[2022-09-15T16:48:04.424+0000] {processor.py:161} INFO - Processing /home/airflow/.local/lib/python3.7/site-packages/airflow/example_dags/example_branch_datetime_operator.py took 0.060 seconds
[2022-09-15T16:48:35.352+0000] {processor.py:153} INFO - Started process (PID=704) to work on /home/airflow/.local/lib/python3.7/site-packages/airflow/example_dags/example_branch_datetime_operator.py
[2022-09-15T16:48:35.355+0000] {processor.py:640} INFO - Processing file /home/airflow/.local/lib/python3.7/site-packages/airflow/example_dags/example_branch_datetime_operator.py for tasks to queue
[2022-09-15T16:48:35.356+0000] {logging_mixin.py:115} INFO - [2022-09-15T16:48:35.356+0000] {dagbag.py:508} INFO - Filling up the DagBag from /home/airflow/.local/lib/python3.7/site-packages/airflow/example_dags/example_branch_datetime_operator.py
[2022-09-15T16:48:35.363+0000] {processor.py:650} INFO - DAG(s) dict_keys(['example_branch_datetime_operator', 'example_branch_datetime_operator_2']) retrieved from /home/airflow/.local/lib/python3.7/site-packages/airflow/example_dags/example_branch_datetime_operator.py
[2022-09-15T16:48:35.385+0000] {logging_mixin.py:115} INFO - [2022-09-15T16:48:35.385+0000] {dag.py:2429} INFO - Sync 2 DAGs
[2022-09-15T16:48:35.401+0000] {logging_mixin.py:115} INFO - [2022-09-15T16:48:35.401+0000] {dag.py:2981} INFO - Setting next_dagrun for example_branch_datetime_operator to 2022-09-14T00:00:00+00:00, run_after=2022-09-15T00:00:00+00:00
[2022-09-15T16:48:35.403+0000] {logging_mixin.py:115} INFO - [2022-09-15T16:48:35.403+0000] {dag.py:2981} INFO - Setting next_dagrun for example_branch_datetime_operator_2 to 2022-09-14T00:00:00+00:00, run_after=2022-09-15T00:00:00+00:00
[2022-09-15T16:48:35.412+0000] {processor.py:161} INFO - Processing /home/airflow/.local/lib/python3.7/site-packages/airflow/example_dags/example_branch_datetime_operator.py took 0.063 seconds
[2022-09-15T16:49:05.503+0000] {processor.py:153} INFO - Started process (PID=768) to work on /home/airflow/.local/lib/python3.7/site-packages/airflow/example_dags/example_branch_datetime_operator.py
[2022-09-15T16:49:05.506+0000] {processor.py:640} INFO - Processing file /home/airflow/.local/lib/python3.7/site-packages/airflow/example_dags/example_branch_datetime_operator.py for tasks to queue
[2022-09-15T16:49:05.508+0000] {logging_mixin.py:115} INFO - [2022-09-15T16:49:05.508+0000] {dagbag.py:508} INFO - Filling up the DagBag from /home/airflow/.local/lib/python3.7/site-packages/airflow/example_dags/example_branch_datetime_operator.py
[2022-09-15T16:49:05.514+0000] {processor.py:650} INFO - DAG(s) dict_keys(['example_branch_datetime_operator', 'example_branch_datetime_operator_2']) retrieved from /home/airflow/.local/lib/python3.7/site-packages/airflow/example_dags/example_branch_datetime_operator.py
[2022-09-15T16:49:05.536+0000] {logging_mixin.py:115} INFO - [2022-09-15T16:49:05.536+0000] {dag.py:2429} INFO - Sync 2 DAGs
[2022-09-15T16:49:05.552+0000] {logging_mixin.py:115} INFO - [2022-09-15T16:49:05.551+0000] {dag.py:2981} INFO - Setting next_dagrun for example_branch_datetime_operator to 2022-09-14T00:00:00+00:00, run_after=2022-09-15T00:00:00+00:00
[2022-09-15T16:49:05.554+0000] {logging_mixin.py:115} INFO - [2022-09-15T16:49:05.554+0000] {dag.py:2981} INFO - Setting next_dagrun for example_branch_datetime_operator_2 to 2022-09-14T00:00:00+00:00, run_after=2022-09-15T00:00:00+00:00
[2022-09-15T16:49:05.562+0000] {processor.py:161} INFO - Processing /home/airflow/.local/lib/python3.7/site-packages/airflow/example_dags/example_branch_datetime_operator.py took 0.062 seconds
[2022-09-15T16:49:36.594+0000] {processor.py:153} INFO - Started process (PID=825) to work on /home/airflow/.local/lib/python3.7/site-packages/airflow/example_dags/example_branch_datetime_operator.py
[2022-09-15T16:49:36.596+0000] {processor.py:640} INFO - Processing file /home/airflow/.local/lib/python3.7/site-packages/airflow/example_dags/example_branch_datetime_operator.py for tasks to queue
[2022-09-15T16:49:36.598+0000] {logging_mixin.py:115} INFO - [2022-09-15T16:49:36.598+0000] {dagbag.py:508} INFO - Filling up the DagBag from /home/airflow/.local/lib/python3.7/site-packages/airflow/example_dags/example_branch_datetime_operator.py
[2022-09-15T16:49:36.604+0000] {processor.py:650} INFO - DAG(s) dict_keys(['example_branch_datetime_operator', 'example_branch_datetime_operator_2']) retrieved from /home/airflow/.local/lib/python3.7/site-packages/airflow/example_dags/example_branch_datetime_operator.py
[2022-09-15T16:49:36.626+0000] {logging_mixin.py:115} INFO - [2022-09-15T16:49:36.626+0000] {dag.py:2429} INFO - Sync 2 DAGs
[2022-09-15T16:49:36.641+0000] {logging_mixin.py:115} INFO - [2022-09-15T16:49:36.641+0000] {dag.py:2981} INFO - Setting next_dagrun for example_branch_datetime_operator to 2022-09-14T00:00:00+00:00, run_after=2022-09-15T00:00:00+00:00
[2022-09-15T16:49:36.666+0000] {logging_mixin.py:115} INFO - [2022-09-15T16:49:36.666+0000] {dag.py:2981} INFO - Setting next_dagrun for example_branch_datetime_operator_2 to 2022-09-14T00:00:00+00:00, run_after=2022-09-15T00:00:00+00:00
[2022-09-15T16:49:36.721+0000] {processor.py:161} INFO - Processing /home/airflow/.local/lib/python3.7/site-packages/airflow/example_dags/example_branch_datetime_operator.py took 0.129 seconds
[2022-09-15T16:50:06.863+0000] {processor.py:153} INFO - Started process (PID=894) to work on /home/airflow/.local/lib/python3.7/site-packages/airflow/example_dags/example_branch_datetime_operator.py
[2022-09-15T16:50:06.871+0000] {processor.py:640} INFO - Processing file /home/airflow/.local/lib/python3.7/site-packages/airflow/example_dags/example_branch_datetime_operator.py for tasks to queue
[2022-09-15T16:50:06.875+0000] {logging_mixin.py:115} INFO - [2022-09-15T16:50:06.875+0000] {dagbag.py:508} INFO - Filling up the DagBag from /home/airflow/.local/lib/python3.7/site-packages/airflow/example_dags/example_branch_datetime_operator.py
[2022-09-15T16:50:06.887+0000] {processor.py:650} INFO - DAG(s) dict_keys(['example_branch_datetime_operator', 'example_branch_datetime_operator_2']) retrieved from /home/airflow/.local/lib/python3.7/site-packages/airflow/example_dags/example_branch_datetime_operator.py
[2022-09-15T16:50:06.916+0000] {logging_mixin.py:115} INFO - [2022-09-15T16:50:06.916+0000] {dag.py:2429} INFO - Sync 2 DAGs
[2022-09-15T16:50:06.933+0000] {logging_mixin.py:115} INFO - [2022-09-15T16:50:06.933+0000] {dag.py:2981} INFO - Setting next_dagrun for example_branch_datetime_operator to 2022-09-14T00:00:00+00:00, run_after=2022-09-15T00:00:00+00:00
[2022-09-15T16:50:06.935+0000] {logging_mixin.py:115} INFO - [2022-09-15T16:50:06.935+0000] {dag.py:2981} INFO - Setting next_dagrun for example_branch_datetime_operator_2 to 2022-09-14T00:00:00+00:00, run_after=2022-09-15T00:00:00+00:00
[2022-09-15T16:50:06.945+0000] {processor.py:161} INFO - Processing /home/airflow/.local/lib/python3.7/site-packages/airflow/example_dags/example_branch_datetime_operator.py took 0.085 seconds
[2022-09-15T16:50:37.811+0000] {processor.py:153} INFO - Started process (PID=963) to work on /home/airflow/.local/lib/python3.7/site-packages/airflow/example_dags/example_branch_datetime_operator.py
[2022-09-15T16:50:37.813+0000] {processor.py:640} INFO - Processing file /home/airflow/.local/lib/python3.7/site-packages/airflow/example_dags/example_branch_datetime_operator.py for tasks to queue
[2022-09-15T16:50:37.814+0000] {logging_mixin.py:115} INFO - [2022-09-15T16:50:37.814+0000] {dagbag.py:508} INFO - Filling up the DagBag from /home/airflow/.local/lib/python3.7/site-packages/airflow/example_dags/example_branch_datetime_operator.py
[2022-09-15T16:50:37.821+0000] {processor.py:650} INFO - DAG(s) dict_keys(['example_branch_datetime_operator', 'example_branch_datetime_operator_2']) retrieved from /home/airflow/.local/lib/python3.7/site-packages/airflow/example_dags/example_branch_datetime_operator.py
[2022-09-15T16:50:37.841+0000] {logging_mixin.py:115} INFO - [2022-09-15T16:50:37.841+0000] {dag.py:2429} INFO - Sync 2 DAGs
[2022-09-15T16:50:37.857+0000] {logging_mixin.py:115} INFO - [2022-09-15T16:50:37.857+0000] {dag.py:2981} INFO - Setting next_dagrun for example_branch_datetime_operator to 2022-09-14T00:00:00+00:00, run_after=2022-09-15T00:00:00+00:00
[2022-09-15T16:50:37.859+0000] {logging_mixin.py:115} INFO - [2022-09-15T16:50:37.859+0000] {dag.py:2981} INFO - Setting next_dagrun for example_branch_datetime_operator_2 to 2022-09-14T00:00:00+00:00, run_after=2022-09-15T00:00:00+00:00
[2022-09-15T16:50:37.871+0000] {processor.py:161} INFO - Processing /home/airflow/.local/lib/python3.7/site-packages/airflow/example_dags/example_branch_datetime_operator.py took 0.063 seconds
[2022-09-15T16:51:08.670+0000] {processor.py:153} INFO - Started process (PID=1029) to work on /home/airflow/.local/lib/python3.7/site-packages/airflow/example_dags/example_branch_datetime_operator.py
[2022-09-15T16:51:08.672+0000] {processor.py:640} INFO - Processing file /home/airflow/.local/lib/python3.7/site-packages/airflow/example_dags/example_branch_datetime_operator.py for tasks to queue
[2022-09-15T16:51:08.674+0000] {logging_mixin.py:115} INFO - [2022-09-15T16:51:08.673+0000] {dagbag.py:508} INFO - Filling up the DagBag from /home/airflow/.local/lib/python3.7/site-packages/airflow/example_dags/example_branch_datetime_operator.py
[2022-09-15T16:51:08.683+0000] {processor.py:650} INFO - DAG(s) dict_keys(['example_branch_datetime_operator', 'example_branch_datetime_operator_2']) retrieved from /home/airflow/.local/lib/python3.7/site-packages/airflow/example_dags/example_branch_datetime_operator.py
[2022-09-15T16:51:08.704+0000] {logging_mixin.py:115} INFO - [2022-09-15T16:51:08.704+0000] {dag.py:2429} INFO - Sync 2 DAGs
[2022-09-15T16:51:08.719+0000] {logging_mixin.py:115} INFO - [2022-09-15T16:51:08.719+0000] {dag.py:2981} INFO - Setting next_dagrun for example_branch_datetime_operator to 2022-09-14T00:00:00+00:00, run_after=2022-09-15T00:00:00+00:00
[2022-09-15T16:51:08.721+0000] {logging_mixin.py:115} INFO - [2022-09-15T16:51:08.721+0000] {dag.py:2981} INFO - Setting next_dagrun for example_branch_datetime_operator_2 to 2022-09-14T00:00:00+00:00, run_after=2022-09-15T00:00:00+00:00
[2022-09-15T16:51:08.729+0000] {processor.py:161} INFO - Processing /home/airflow/.local/lib/python3.7/site-packages/airflow/example_dags/example_branch_datetime_operator.py took 0.061 seconds
[2022-09-15T16:51:39.763+0000] {processor.py:153} INFO - Started process (PID=1099) to work on /home/airflow/.local/lib/python3.7/site-packages/airflow/example_dags/example_branch_datetime_operator.py
[2022-09-15T16:51:39.769+0000] {processor.py:640} INFO - Processing file /home/airflow/.local/lib/python3.7/site-packages/airflow/example_dags/example_branch_datetime_operator.py for tasks to queue
[2022-09-15T16:51:39.770+0000] {logging_mixin.py:115} INFO - [2022-09-15T16:51:39.770+0000] {dagbag.py:508} INFO - Filling up the DagBag from /home/airflow/.local/lib/python3.7/site-packages/airflow/example_dags/example_branch_datetime_operator.py
[2022-09-15T16:51:39.778+0000] {processor.py:650} INFO - DAG(s) dict_keys(['example_branch_datetime_operator', 'example_branch_datetime_operator_2']) retrieved from /home/airflow/.local/lib/python3.7/site-packages/airflow/example_dags/example_branch_datetime_operator.py
[2022-09-15T16:51:39.799+0000] {logging_mixin.py:115} INFO - [2022-09-15T16:51:39.799+0000] {dag.py:2429} INFO - Sync 2 DAGs
[2022-09-15T16:51:39.816+0000] {logging_mixin.py:115} INFO - [2022-09-15T16:51:39.816+0000] {dag.py:2981} INFO - Setting next_dagrun for example_branch_datetime_operator to 2022-09-14T00:00:00+00:00, run_after=2022-09-15T00:00:00+00:00
[2022-09-15T16:51:39.818+0000] {logging_mixin.py:115} INFO - [2022-09-15T16:51:39.818+0000] {dag.py:2981} INFO - Setting next_dagrun for example_branch_datetime_operator_2 to 2022-09-14T00:00:00+00:00, run_after=2022-09-15T00:00:00+00:00
[2022-09-15T16:51:39.828+0000] {processor.py:161} INFO - Processing /home/airflow/.local/lib/python3.7/site-packages/airflow/example_dags/example_branch_datetime_operator.py took 0.067 seconds
[2022-09-15T16:52:10.678+0000] {processor.py:153} INFO - Started process (PID=1164) to work on /home/airflow/.local/lib/python3.7/site-packages/airflow/example_dags/example_branch_datetime_operator.py
[2022-09-15T16:52:10.680+0000] {processor.py:640} INFO - Processing file /home/airflow/.local/lib/python3.7/site-packages/airflow/example_dags/example_branch_datetime_operator.py for tasks to queue
[2022-09-15T16:52:10.681+0000] {logging_mixin.py:115} INFO - [2022-09-15T16:52:10.681+0000] {dagbag.py:508} INFO - Filling up the DagBag from /home/airflow/.local/lib/python3.7/site-packages/airflow/example_dags/example_branch_datetime_operator.py
[2022-09-15T16:52:10.688+0000] {processor.py:650} INFO - DAG(s) dict_keys(['example_branch_datetime_operator', 'example_branch_datetime_operator_2']) retrieved from /home/airflow/.local/lib/python3.7/site-packages/airflow/example_dags/example_branch_datetime_operator.py
[2022-09-15T16:52:10.708+0000] {logging_mixin.py:115} INFO - [2022-09-15T16:52:10.708+0000] {dag.py:2429} INFO - Sync 2 DAGs
[2022-09-15T16:52:10.733+0000] {logging_mixin.py:115} INFO - [2022-09-15T16:52:10.733+0000] {dag.py:2981} INFO - Setting next_dagrun for example_branch_datetime_operator to 2022-09-14T00:00:00+00:00, run_after=2022-09-15T00:00:00+00:00
[2022-09-15T16:52:10.736+0000] {logging_mixin.py:115} INFO - [2022-09-15T16:52:10.736+0000] {dag.py:2981} INFO - Setting next_dagrun for example_branch_datetime_operator_2 to 2022-09-14T00:00:00+00:00, run_after=2022-09-15T00:00:00+00:00
[2022-09-15T16:52:10.745+0000] {processor.py:161} INFO - Processing /home/airflow/.local/lib/python3.7/site-packages/airflow/example_dags/example_branch_datetime_operator.py took 0.069 seconds
[2022-09-15T16:52:41.540+0000] {processor.py:153} INFO - Started process (PID=1220) to work on /home/airflow/.local/lib/python3.7/site-packages/airflow/example_dags/example_branch_datetime_operator.py
[2022-09-15T16:52:41.544+0000] {processor.py:640} INFO - Processing file /home/airflow/.local/lib/python3.7/site-packages/airflow/example_dags/example_branch_datetime_operator.py for tasks to queue
[2022-09-15T16:52:41.545+0000] {logging_mixin.py:115} INFO - [2022-09-15T16:52:41.545+0000] {dagbag.py:508} INFO - Filling up the DagBag from /home/airflow/.local/lib/python3.7/site-packages/airflow/example_dags/example_branch_datetime_operator.py
[2022-09-15T16:52:41.555+0000] {processor.py:650} INFO - DAG(s) dict_keys(['example_branch_datetime_operator', 'example_branch_datetime_operator_2']) retrieved from /home/airflow/.local/lib/python3.7/site-packages/airflow/example_dags/example_branch_datetime_operator.py
[2022-09-15T16:52:41.581+0000] {logging_mixin.py:115} INFO - [2022-09-15T16:52:41.581+0000] {dag.py:2429} INFO - Sync 2 DAGs
[2022-09-15T16:52:41.602+0000] {logging_mixin.py:115} INFO - [2022-09-15T16:52:41.602+0000] {dag.py:2981} INFO - Setting next_dagrun for example_branch_datetime_operator to 2022-09-14T00:00:00+00:00, run_after=2022-09-15T00:00:00+00:00
[2022-09-15T16:52:41.604+0000] {logging_mixin.py:115} INFO - [2022-09-15T16:52:41.604+0000] {dag.py:2981} INFO - Setting next_dagrun for example_branch_datetime_operator_2 to 2022-09-14T00:00:00+00:00, run_after=2022-09-15T00:00:00+00:00
[2022-09-15T16:52:41.614+0000] {processor.py:161} INFO - Processing /home/airflow/.local/lib/python3.7/site-packages/airflow/example_dags/example_branch_datetime_operator.py took 0.077 seconds
[2022-09-15T16:53:11.755+0000] {processor.py:153} INFO - Started process (PID=1288) to work on /home/airflow/.local/lib/python3.7/site-packages/airflow/example_dags/example_branch_datetime_operator.py
[2022-09-15T16:53:11.756+0000] {processor.py:640} INFO - Processing file /home/airflow/.local/lib/python3.7/site-packages/airflow/example_dags/example_branch_datetime_operator.py for tasks to queue
[2022-09-15T16:53:11.757+0000] {logging_mixin.py:115} INFO - [2022-09-15T16:53:11.757+0000] {dagbag.py:508} INFO - Filling up the DagBag from /home/airflow/.local/lib/python3.7/site-packages/airflow/example_dags/example_branch_datetime_operator.py
[2022-09-15T16:53:11.764+0000] {processor.py:650} INFO - DAG(s) dict_keys(['example_branch_datetime_operator', 'example_branch_datetime_operator_2']) retrieved from /home/airflow/.local/lib/python3.7/site-packages/airflow/example_dags/example_branch_datetime_operator.py
[2022-09-15T16:53:11.787+0000] {logging_mixin.py:115} INFO - [2022-09-15T16:53:11.787+0000] {dag.py:2429} INFO - Sync 2 DAGs
[2022-09-15T16:53:11.803+0000] {logging_mixin.py:115} INFO - [2022-09-15T16:53:11.803+0000] {dag.py:2981} INFO - Setting next_dagrun for example_branch_datetime_operator to 2022-09-14T00:00:00+00:00, run_after=2022-09-15T00:00:00+00:00
[2022-09-15T16:53:11.805+0000] {logging_mixin.py:115} INFO - [2022-09-15T16:53:11.805+0000] {dag.py:2981} INFO - Setting next_dagrun for example_branch_datetime_operator_2 to 2022-09-14T00:00:00+00:00, run_after=2022-09-15T00:00:00+00:00
[2022-09-15T16:53:11.813+0000] {processor.py:161} INFO - Processing /home/airflow/.local/lib/python3.7/site-packages/airflow/example_dags/example_branch_datetime_operator.py took 0.061 seconds
[2022-09-15T16:53:42.131+0000] {processor.py:153} INFO - Started process (PID=1356) to work on /home/airflow/.local/lib/python3.7/site-packages/airflow/example_dags/example_branch_datetime_operator.py
[2022-09-15T16:53:42.133+0000] {processor.py:640} INFO - Processing file /home/airflow/.local/lib/python3.7/site-packages/airflow/example_dags/example_branch_datetime_operator.py for tasks to queue
[2022-09-15T16:53:42.134+0000] {logging_mixin.py:115} INFO - [2022-09-15T16:53:42.134+0000] {dagbag.py:508} INFO - Filling up the DagBag from /home/airflow/.local/lib/python3.7/site-packages/airflow/example_dags/example_branch_datetime_operator.py
[2022-09-15T16:53:42.141+0000] {processor.py:650} INFO - DAG(s) dict_keys(['example_branch_datetime_operator', 'example_branch_datetime_operator_2']) retrieved from /home/airflow/.local/lib/python3.7/site-packages/airflow/example_dags/example_branch_datetime_operator.py
[2022-09-15T16:53:42.165+0000] {logging_mixin.py:115} INFO - [2022-09-15T16:53:42.165+0000] {dag.py:2429} INFO - Sync 2 DAGs
[2022-09-15T16:53:42.180+0000] {logging_mixin.py:115} INFO - [2022-09-15T16:53:42.180+0000] {dag.py:2981} INFO - Setting next_dagrun for example_branch_datetime_operator to 2022-09-14T00:00:00+00:00, run_after=2022-09-15T00:00:00+00:00
[2022-09-15T16:53:42.183+0000] {logging_mixin.py:115} INFO - [2022-09-15T16:53:42.183+0000] {dag.py:2981} INFO - Setting next_dagrun for example_branch_datetime_operator_2 to 2022-09-14T00:00:00+00:00, run_after=2022-09-15T00:00:00+00:00
[2022-09-15T16:53:42.194+0000] {processor.py:161} INFO - Processing /home/airflow/.local/lib/python3.7/site-packages/airflow/example_dags/example_branch_datetime_operator.py took 0.066 seconds
[2022-09-15T16:54:13.114+0000] {processor.py:153} INFO - Started process (PID=1425) to work on /home/airflow/.local/lib/python3.7/site-packages/airflow/example_dags/example_branch_datetime_operator.py
[2022-09-15T16:54:13.117+0000] {processor.py:640} INFO - Processing file /home/airflow/.local/lib/python3.7/site-packages/airflow/example_dags/example_branch_datetime_operator.py for tasks to queue
[2022-09-15T16:54:13.119+0000] {logging_mixin.py:115} INFO - [2022-09-15T16:54:13.119+0000] {dagbag.py:508} INFO - Filling up the DagBag from /home/airflow/.local/lib/python3.7/site-packages/airflow/example_dags/example_branch_datetime_operator.py
[2022-09-15T16:54:13.127+0000] {processor.py:650} INFO - DAG(s) dict_keys(['example_branch_datetime_operator', 'example_branch_datetime_operator_2']) retrieved from /home/airflow/.local/lib/python3.7/site-packages/airflow/example_dags/example_branch_datetime_operator.py
[2022-09-15T16:54:13.156+0000] {logging_mixin.py:115} INFO - [2022-09-15T16:54:13.156+0000] {dag.py:2429} INFO - Sync 2 DAGs
[2022-09-15T16:54:13.174+0000] {logging_mixin.py:115} INFO - [2022-09-15T16:54:13.174+0000] {dag.py:2981} INFO - Setting next_dagrun for example_branch_datetime_operator to 2022-09-14T00:00:00+00:00, run_after=2022-09-15T00:00:00+00:00
[2022-09-15T16:54:13.179+0000] {logging_mixin.py:115} INFO - [2022-09-15T16:54:13.179+0000] {dag.py:2981} INFO - Setting next_dagrun for example_branch_datetime_operator_2 to 2022-09-14T00:00:00+00:00, run_after=2022-09-15T00:00:00+00:00
[2022-09-15T16:54:13.192+0000] {processor.py:161} INFO - Processing /home/airflow/.local/lib/python3.7/site-packages/airflow/example_dags/example_branch_datetime_operator.py took 0.081 seconds
[2022-09-15T16:54:44.133+0000] {processor.py:153} INFO - Started process (PID=1490) to work on /home/airflow/.local/lib/python3.7/site-packages/airflow/example_dags/example_branch_datetime_operator.py
[2022-09-15T16:54:44.135+0000] {processor.py:640} INFO - Processing file /home/airflow/.local/lib/python3.7/site-packages/airflow/example_dags/example_branch_datetime_operator.py for tasks to queue
[2022-09-15T16:54:44.137+0000] {logging_mixin.py:115} INFO - [2022-09-15T16:54:44.136+0000] {dagbag.py:508} INFO - Filling up the DagBag from /home/airflow/.local/lib/python3.7/site-packages/airflow/example_dags/example_branch_datetime_operator.py
[2022-09-15T16:54:44.144+0000] {processor.py:650} INFO - DAG(s) dict_keys(['example_branch_datetime_operator', 'example_branch_datetime_operator_2']) retrieved from /home/airflow/.local/lib/python3.7/site-packages/airflow/example_dags/example_branch_datetime_operator.py
[2022-09-15T16:54:44.167+0000] {logging_mixin.py:115} INFO - [2022-09-15T16:54:44.167+0000] {dag.py:2429} INFO - Sync 2 DAGs
[2022-09-15T16:54:44.185+0000] {logging_mixin.py:115} INFO - [2022-09-15T16:54:44.185+0000] {dag.py:2981} INFO - Setting next_dagrun for example_branch_datetime_operator to 2022-09-14T00:00:00+00:00, run_after=2022-09-15T00:00:00+00:00
[2022-09-15T16:54:44.191+0000] {logging_mixin.py:115} INFO - [2022-09-15T16:54:44.191+0000] {dag.py:2981} INFO - Setting next_dagrun for example_branch_datetime_operator_2 to 2022-09-14T00:00:00+00:00, run_after=2022-09-15T00:00:00+00:00
[2022-09-15T16:54:44.206+0000] {processor.py:161} INFO - Processing /home/airflow/.local/lib/python3.7/site-packages/airflow/example_dags/example_branch_datetime_operator.py took 0.076 seconds
[2022-09-15T16:55:14.288+0000] {processor.py:153} INFO - Started process (PID=1548) to work on /home/airflow/.local/lib/python3.7/site-packages/airflow/example_dags/example_branch_datetime_operator.py
[2022-09-15T16:55:14.292+0000] {processor.py:640} INFO - Processing file /home/airflow/.local/lib/python3.7/site-packages/airflow/example_dags/example_branch_datetime_operator.py for tasks to queue
[2022-09-15T16:55:14.294+0000] {logging_mixin.py:115} INFO - [2022-09-15T16:55:14.294+0000] {dagbag.py:508} INFO - Filling up the DagBag from /home/airflow/.local/lib/python3.7/site-packages/airflow/example_dags/example_branch_datetime_operator.py
[2022-09-15T16:55:14.305+0000] {processor.py:650} INFO - DAG(s) dict_keys(['example_branch_datetime_operator', 'example_branch_datetime_operator_2']) retrieved from /home/airflow/.local/lib/python3.7/site-packages/airflow/example_dags/example_branch_datetime_operator.py
[2022-09-15T16:55:14.332+0000] {logging_mixin.py:115} INFO - [2022-09-15T16:55:14.332+0000] {dag.py:2429} INFO - Sync 2 DAGs
[2022-09-15T16:55:14.351+0000] {logging_mixin.py:115} INFO - [2022-09-15T16:55:14.351+0000] {dag.py:2981} INFO - Setting next_dagrun for example_branch_datetime_operator to 2022-09-14T00:00:00+00:00, run_after=2022-09-15T00:00:00+00:00
[2022-09-15T16:55:14.353+0000] {logging_mixin.py:115} INFO - [2022-09-15T16:55:14.353+0000] {dag.py:2981} INFO - Setting next_dagrun for example_branch_datetime_operator_2 to 2022-09-14T00:00:00+00:00, run_after=2022-09-15T00:00:00+00:00
[2022-09-15T16:55:14.364+0000] {processor.py:161} INFO - Processing /home/airflow/.local/lib/python3.7/site-packages/airflow/example_dags/example_branch_datetime_operator.py took 0.082 seconds
[2022-09-15T16:55:44.406+0000] {processor.py:153} INFO - Started process (PID=1617) to work on /home/airflow/.local/lib/python3.7/site-packages/airflow/example_dags/example_branch_datetime_operator.py
[2022-09-15T16:55:44.407+0000] {processor.py:640} INFO - Processing file /home/airflow/.local/lib/python3.7/site-packages/airflow/example_dags/example_branch_datetime_operator.py for tasks to queue
[2022-09-15T16:55:44.409+0000] {logging_mixin.py:115} INFO - [2022-09-15T16:55:44.408+0000] {dagbag.py:508} INFO - Filling up the DagBag from /home/airflow/.local/lib/python3.7/site-packages/airflow/example_dags/example_branch_datetime_operator.py
[2022-09-15T16:55:44.415+0000] {processor.py:650} INFO - DAG(s) dict_keys(['example_branch_datetime_operator', 'example_branch_datetime_operator_2']) retrieved from /home/airflow/.local/lib/python3.7/site-packages/airflow/example_dags/example_branch_datetime_operator.py
[2022-09-15T16:55:44.435+0000] {logging_mixin.py:115} INFO - [2022-09-15T16:55:44.435+0000] {dag.py:2429} INFO - Sync 2 DAGs
[2022-09-15T16:55:44.448+0000] {logging_mixin.py:115} INFO - [2022-09-15T16:55:44.448+0000] {dag.py:2981} INFO - Setting next_dagrun for example_branch_datetime_operator to 2022-09-14T00:00:00+00:00, run_after=2022-09-15T00:00:00+00:00
[2022-09-15T16:55:44.450+0000] {logging_mixin.py:115} INFO - [2022-09-15T16:55:44.450+0000] {dag.py:2981} INFO - Setting next_dagrun for example_branch_datetime_operator_2 to 2022-09-14T00:00:00+00:00, run_after=2022-09-15T00:00:00+00:00
[2022-09-15T16:55:44.459+0000] {processor.py:161} INFO - Processing /home/airflow/.local/lib/python3.7/site-packages/airflow/example_dags/example_branch_datetime_operator.py took 0.056 seconds
[2022-09-15T16:56:14.556+0000] {processor.py:153} INFO - Started process (PID=1683) to work on /home/airflow/.local/lib/python3.7/site-packages/airflow/example_dags/example_branch_datetime_operator.py
[2022-09-15T16:56:14.557+0000] {processor.py:640} INFO - Processing file /home/airflow/.local/lib/python3.7/site-packages/airflow/example_dags/example_branch_datetime_operator.py for tasks to queue
[2022-09-15T16:56:14.558+0000] {logging_mixin.py:115} INFO - [2022-09-15T16:56:14.558+0000] {dagbag.py:508} INFO - Filling up the DagBag from /home/airflow/.local/lib/python3.7/site-packages/airflow/example_dags/example_branch_datetime_operator.py
[2022-09-15T16:56:14.564+0000] {processor.py:650} INFO - DAG(s) dict_keys(['example_branch_datetime_operator', 'example_branch_datetime_operator_2']) retrieved from /home/airflow/.local/lib/python3.7/site-packages/airflow/example_dags/example_branch_datetime_operator.py
[2022-09-15T16:56:14.583+0000] {logging_mixin.py:115} INFO - [2022-09-15T16:56:14.583+0000] {dag.py:2429} INFO - Sync 2 DAGs
[2022-09-15T16:56:14.597+0000] {logging_mixin.py:115} INFO - [2022-09-15T16:56:14.597+0000] {dag.py:2981} INFO - Setting next_dagrun for example_branch_datetime_operator to 2022-09-14T00:00:00+00:00, run_after=2022-09-15T00:00:00+00:00
[2022-09-15T16:56:14.599+0000] {logging_mixin.py:115} INFO - [2022-09-15T16:56:14.599+0000] {dag.py:2981} INFO - Setting next_dagrun for example_branch_datetime_operator_2 to 2022-09-14T00:00:00+00:00, run_after=2022-09-15T00:00:00+00:00
[2022-09-15T16:56:14.609+0000] {processor.py:161} INFO - Processing /home/airflow/.local/lib/python3.7/site-packages/airflow/example_dags/example_branch_datetime_operator.py took 0.055 seconds
[2022-09-15T16:56:45.446+0000] {processor.py:153} INFO - Started process (PID=1754) to work on /home/airflow/.local/lib/python3.7/site-packages/airflow/example_dags/example_branch_datetime_operator.py
[2022-09-15T16:56:45.449+0000] {processor.py:640} INFO - Processing file /home/airflow/.local/lib/python3.7/site-packages/airflow/example_dags/example_branch_datetime_operator.py for tasks to queue
[2022-09-15T16:56:45.450+0000] {logging_mixin.py:115} INFO - [2022-09-15T16:56:45.450+0000] {dagbag.py:508} INFO - Filling up the DagBag from /home/airflow/.local/lib/python3.7/site-packages/airflow/example_dags/example_branch_datetime_operator.py
[2022-09-15T16:56:45.457+0000] {processor.py:650} INFO - DAG(s) dict_keys(['example_branch_datetime_operator', 'example_branch_datetime_operator_2']) retrieved from /home/airflow/.local/lib/python3.7/site-packages/airflow/example_dags/example_branch_datetime_operator.py
[2022-09-15T16:56:45.482+0000] {logging_mixin.py:115} INFO - [2022-09-15T16:56:45.482+0000] {dag.py:2429} INFO - Sync 2 DAGs
[2022-09-15T16:56:45.498+0000] {logging_mixin.py:115} INFO - [2022-09-15T16:56:45.498+0000] {dag.py:2981} INFO - Setting next_dagrun for example_branch_datetime_operator to 2022-09-14T00:00:00+00:00, run_after=2022-09-15T00:00:00+00:00
[2022-09-15T16:56:45.500+0000] {logging_mixin.py:115} INFO - [2022-09-15T16:56:45.500+0000] {dag.py:2981} INFO - Setting next_dagrun for example_branch_datetime_operator_2 to 2022-09-14T00:00:00+00:00, run_after=2022-09-15T00:00:00+00:00
[2022-09-15T16:56:45.510+0000] {processor.py:161} INFO - Processing /home/airflow/.local/lib/python3.7/site-packages/airflow/example_dags/example_branch_datetime_operator.py took 0.067 seconds
[2022-09-15T16:57:15.598+0000] {processor.py:153} INFO - Started process (PID=1809) to work on /home/airflow/.local/lib/python3.7/site-packages/airflow/example_dags/example_branch_datetime_operator.py
[2022-09-15T16:57:15.600+0000] {processor.py:640} INFO - Processing file /home/airflow/.local/lib/python3.7/site-packages/airflow/example_dags/example_branch_datetime_operator.py for tasks to queue
[2022-09-15T16:57:15.601+0000] {logging_mixin.py:115} INFO - [2022-09-15T16:57:15.601+0000] {dagbag.py:508} INFO - Filling up the DagBag from /home/airflow/.local/lib/python3.7/site-packages/airflow/example_dags/example_branch_datetime_operator.py
[2022-09-15T16:57:15.609+0000] {processor.py:650} INFO - DAG(s) dict_keys(['example_branch_datetime_operator', 'example_branch_datetime_operator_2']) retrieved from /home/airflow/.local/lib/python3.7/site-packages/airflow/example_dags/example_branch_datetime_operator.py
[2022-09-15T16:57:15.633+0000] {logging_mixin.py:115} INFO - [2022-09-15T16:57:15.633+0000] {dag.py:2429} INFO - Sync 2 DAGs
[2022-09-15T16:57:15.650+0000] {logging_mixin.py:115} INFO - [2022-09-15T16:57:15.650+0000] {dag.py:2981} INFO - Setting next_dagrun for example_branch_datetime_operator to 2022-09-14T00:00:00+00:00, run_after=2022-09-15T00:00:00+00:00
[2022-09-15T16:57:15.652+0000] {logging_mixin.py:115} INFO - [2022-09-15T16:57:15.652+0000] {dag.py:2981} INFO - Setting next_dagrun for example_branch_datetime_operator_2 to 2022-09-14T00:00:00+00:00, run_after=2022-09-15T00:00:00+00:00
[2022-09-15T16:57:15.664+0000] {processor.py:161} INFO - Processing /home/airflow/.local/lib/python3.7/site-packages/airflow/example_dags/example_branch_datetime_operator.py took 0.072 seconds
[2022-09-15T16:57:46.820+0000] {processor.py:153} INFO - Started process (PID=1874) to work on /home/airflow/.local/lib/python3.7/site-packages/airflow/example_dags/example_branch_datetime_operator.py
[2022-09-15T16:57:46.823+0000] {processor.py:640} INFO - Processing file /home/airflow/.local/lib/python3.7/site-packages/airflow/example_dags/example_branch_datetime_operator.py for tasks to queue
[2022-09-15T16:57:46.825+0000] {logging_mixin.py:115} INFO - [2022-09-15T16:57:46.825+0000] {dagbag.py:508} INFO - Filling up the DagBag from /home/airflow/.local/lib/python3.7/site-packages/airflow/example_dags/example_branch_datetime_operator.py
[2022-09-15T16:57:46.837+0000] {processor.py:650} INFO - DAG(s) dict_keys(['example_branch_datetime_operator', 'example_branch_datetime_operator_2']) retrieved from /home/airflow/.local/lib/python3.7/site-packages/airflow/example_dags/example_branch_datetime_operator.py
[2022-09-15T16:57:46.865+0000] {logging_mixin.py:115} INFO - [2022-09-15T16:57:46.865+0000] {dag.py:2429} INFO - Sync 2 DAGs
[2022-09-15T16:57:46.888+0000] {logging_mixin.py:115} INFO - [2022-09-15T16:57:46.888+0000] {dag.py:2981} INFO - Setting next_dagrun for example_branch_datetime_operator to 2022-09-14T00:00:00+00:00, run_after=2022-09-15T00:00:00+00:00
[2022-09-15T16:57:46.890+0000] {logging_mixin.py:115} INFO - [2022-09-15T16:57:46.890+0000] {dag.py:2981} INFO - Setting next_dagrun for example_branch_datetime_operator_2 to 2022-09-14T00:00:00+00:00, run_after=2022-09-15T00:00:00+00:00
[2022-09-15T16:57:46.902+0000] {processor.py:161} INFO - Processing /home/airflow/.local/lib/python3.7/site-packages/airflow/example_dags/example_branch_datetime_operator.py took 0.086 seconds
[2022-09-15T16:58:17.958+0000] {processor.py:153} INFO - Started process (PID=1947) to work on /home/airflow/.local/lib/python3.7/site-packages/airflow/example_dags/example_branch_datetime_operator.py
[2022-09-15T16:58:17.960+0000] {processor.py:640} INFO - Processing file /home/airflow/.local/lib/python3.7/site-packages/airflow/example_dags/example_branch_datetime_operator.py for tasks to queue
[2022-09-15T16:58:17.961+0000] {logging_mixin.py:115} INFO - [2022-09-15T16:58:17.961+0000] {dagbag.py:508} INFO - Filling up the DagBag from /home/airflow/.local/lib/python3.7/site-packages/airflow/example_dags/example_branch_datetime_operator.py
[2022-09-15T16:58:17.968+0000] {processor.py:650} INFO - DAG(s) dict_keys(['example_branch_datetime_operator', 'example_branch_datetime_operator_2']) retrieved from /home/airflow/.local/lib/python3.7/site-packages/airflow/example_dags/example_branch_datetime_operator.py
[2022-09-15T16:58:17.990+0000] {logging_mixin.py:115} INFO - [2022-09-15T16:58:17.990+0000] {dag.py:2429} INFO - Sync 2 DAGs
[2022-09-15T16:58:18.007+0000] {logging_mixin.py:115} INFO - [2022-09-15T16:58:18.007+0000] {dag.py:2981} INFO - Setting next_dagrun for example_branch_datetime_operator to 2022-09-14T00:00:00+00:00, run_after=2022-09-15T00:00:00+00:00
[2022-09-15T16:58:18.009+0000] {logging_mixin.py:115} INFO - [2022-09-15T16:58:18.009+0000] {dag.py:2981} INFO - Setting next_dagrun for example_branch_datetime_operator_2 to 2022-09-14T00:00:00+00:00, run_after=2022-09-15T00:00:00+00:00
[2022-09-15T16:58:18.019+0000] {processor.py:161} INFO - Processing /home/airflow/.local/lib/python3.7/site-packages/airflow/example_dags/example_branch_datetime_operator.py took 0.064 seconds
[2022-09-15T16:58:49.061+0000] {processor.py:153} INFO - Started process (PID=2013) to work on /home/airflow/.local/lib/python3.7/site-packages/airflow/example_dags/example_branch_datetime_operator.py
[2022-09-15T16:58:49.063+0000] {processor.py:640} INFO - Processing file /home/airflow/.local/lib/python3.7/site-packages/airflow/example_dags/example_branch_datetime_operator.py for tasks to queue
[2022-09-15T16:58:49.065+0000] {logging_mixin.py:115} INFO - [2022-09-15T16:58:49.064+0000] {dagbag.py:508} INFO - Filling up the DagBag from /home/airflow/.local/lib/python3.7/site-packages/airflow/example_dags/example_branch_datetime_operator.py
[2022-09-15T16:58:49.072+0000] {processor.py:650} INFO - DAG(s) dict_keys(['example_branch_datetime_operator', 'example_branch_datetime_operator_2']) retrieved from /home/airflow/.local/lib/python3.7/site-packages/airflow/example_dags/example_branch_datetime_operator.py
[2022-09-15T16:58:49.102+0000] {logging_mixin.py:115} INFO - [2022-09-15T16:58:49.102+0000] {dag.py:2429} INFO - Sync 2 DAGs
[2022-09-15T16:58:49.120+0000] {logging_mixin.py:115} INFO - [2022-09-15T16:58:49.120+0000] {dag.py:2981} INFO - Setting next_dagrun for example_branch_datetime_operator to 2022-09-14T00:00:00+00:00, run_after=2022-09-15T00:00:00+00:00
[2022-09-15T16:58:49.121+0000] {logging_mixin.py:115} INFO - [2022-09-15T16:58:49.121+0000] {dag.py:2981} INFO - Setting next_dagrun for example_branch_datetime_operator_2 to 2022-09-14T00:00:00+00:00, run_after=2022-09-15T00:00:00+00:00
[2022-09-15T16:58:49.131+0000] {processor.py:161} INFO - Processing /home/airflow/.local/lib/python3.7/site-packages/airflow/example_dags/example_branch_datetime_operator.py took 0.073 seconds
[2022-09-15T16:59:19.241+0000] {processor.py:153} INFO - Started process (PID=2082) to work on /home/airflow/.local/lib/python3.7/site-packages/airflow/example_dags/example_branch_datetime_operator.py
[2022-09-15T16:59:19.243+0000] {processor.py:640} INFO - Processing file /home/airflow/.local/lib/python3.7/site-packages/airflow/example_dags/example_branch_datetime_operator.py for tasks to queue
[2022-09-15T16:59:19.245+0000] {logging_mixin.py:115} INFO - [2022-09-15T16:59:19.245+0000] {dagbag.py:508} INFO - Filling up the DagBag from /home/airflow/.local/lib/python3.7/site-packages/airflow/example_dags/example_branch_datetime_operator.py
[2022-09-15T16:59:19.251+0000] {processor.py:650} INFO - DAG(s) dict_keys(['example_branch_datetime_operator', 'example_branch_datetime_operator_2']) retrieved from /home/airflow/.local/lib/python3.7/site-packages/airflow/example_dags/example_branch_datetime_operator.py
[2022-09-15T16:59:19.273+0000] {logging_mixin.py:115} INFO - [2022-09-15T16:59:19.273+0000] {dag.py:2429} INFO - Sync 2 DAGs
[2022-09-15T16:59:19.289+0000] {logging_mixin.py:115} INFO - [2022-09-15T16:59:19.289+0000] {dag.py:2981} INFO - Setting next_dagrun for example_branch_datetime_operator to 2022-09-14T00:00:00+00:00, run_after=2022-09-15T00:00:00+00:00
[2022-09-15T16:59:19.291+0000] {logging_mixin.py:115} INFO - [2022-09-15T16:59:19.291+0000] {dag.py:2981} INFO - Setting next_dagrun for example_branch_datetime_operator_2 to 2022-09-14T00:00:00+00:00, run_after=2022-09-15T00:00:00+00:00
[2022-09-15T16:59:19.302+0000] {processor.py:161} INFO - Processing /home/airflow/.local/lib/python3.7/site-packages/airflow/example_dags/example_branch_datetime_operator.py took 0.063 seconds
[2022-09-15T16:59:50.269+0000] {processor.py:153} INFO - Started process (PID=2149) to work on /home/airflow/.local/lib/python3.7/site-packages/airflow/example_dags/example_branch_datetime_operator.py
[2022-09-15T16:59:50.271+0000] {processor.py:640} INFO - Processing file /home/airflow/.local/lib/python3.7/site-packages/airflow/example_dags/example_branch_datetime_operator.py for tasks to queue
[2022-09-15T16:59:50.272+0000] {logging_mixin.py:115} INFO - [2022-09-15T16:59:50.272+0000] {dagbag.py:508} INFO - Filling up the DagBag from /home/airflow/.local/lib/python3.7/site-packages/airflow/example_dags/example_branch_datetime_operator.py
[2022-09-15T16:59:50.283+0000] {processor.py:650} INFO - DAG(s) dict_keys(['example_branch_datetime_operator', 'example_branch_datetime_operator_2']) retrieved from /home/airflow/.local/lib/python3.7/site-packages/airflow/example_dags/example_branch_datetime_operator.py
[2022-09-15T16:59:50.315+0000] {logging_mixin.py:115} INFO - [2022-09-15T16:59:50.315+0000] {dag.py:2429} INFO - Sync 2 DAGs
[2022-09-15T16:59:50.333+0000] {logging_mixin.py:115} INFO - [2022-09-15T16:59:50.333+0000] {dag.py:2981} INFO - Setting next_dagrun for example_branch_datetime_operator to 2022-09-14T00:00:00+00:00, run_after=2022-09-15T00:00:00+00:00
[2022-09-15T16:59:50.336+0000] {logging_mixin.py:115} INFO - [2022-09-15T16:59:50.336+0000] {dag.py:2981} INFO - Setting next_dagrun for example_branch_datetime_operator_2 to 2022-09-14T00:00:00+00:00, run_after=2022-09-15T00:00:00+00:00
[2022-09-15T16:59:50.346+0000] {processor.py:161} INFO - Processing /home/airflow/.local/lib/python3.7/site-packages/airflow/example_dags/example_branch_datetime_operator.py took 0.081 seconds
[2022-09-15T17:00:21.239+0000] {processor.py:153} INFO - Started process (PID=2209) to work on /home/airflow/.local/lib/python3.7/site-packages/airflow/example_dags/example_branch_datetime_operator.py
[2022-09-15T17:00:21.241+0000] {processor.py:640} INFO - Processing file /home/airflow/.local/lib/python3.7/site-packages/airflow/example_dags/example_branch_datetime_operator.py for tasks to queue
[2022-09-15T17:00:21.242+0000] {logging_mixin.py:115} INFO - [2022-09-15T17:00:21.242+0000] {dagbag.py:508} INFO - Filling up the DagBag from /home/airflow/.local/lib/python3.7/site-packages/airflow/example_dags/example_branch_datetime_operator.py
[2022-09-15T17:00:21.248+0000] {processor.py:650} INFO - DAG(s) dict_keys(['example_branch_datetime_operator', 'example_branch_datetime_operator_2']) retrieved from /home/airflow/.local/lib/python3.7/site-packages/airflow/example_dags/example_branch_datetime_operator.py
[2022-09-15T17:00:21.268+0000] {logging_mixin.py:115} INFO - [2022-09-15T17:00:21.268+0000] {dag.py:2429} INFO - Sync 2 DAGs
[2022-09-15T17:00:21.285+0000] {logging_mixin.py:115} INFO - [2022-09-15T17:00:21.285+0000] {dag.py:2981} INFO - Setting next_dagrun for example_branch_datetime_operator to 2022-09-14T00:00:00+00:00, run_after=2022-09-15T00:00:00+00:00
[2022-09-15T17:00:21.287+0000] {logging_mixin.py:115} INFO - [2022-09-15T17:00:21.287+0000] {dag.py:2981} INFO - Setting next_dagrun for example_branch_datetime_operator_2 to 2022-09-14T00:00:00+00:00, run_after=2022-09-15T00:00:00+00:00
[2022-09-15T17:00:21.297+0000] {processor.py:161} INFO - Processing /home/airflow/.local/lib/python3.7/site-packages/airflow/example_dags/example_branch_datetime_operator.py took 0.061 seconds
[2022-09-15T17:00:51.453+0000] {processor.py:153} INFO - Started process (PID=2281) to work on /home/airflow/.local/lib/python3.7/site-packages/airflow/example_dags/example_branch_datetime_operator.py
[2022-09-15T17:00:51.455+0000] {processor.py:640} INFO - Processing file /home/airflow/.local/lib/python3.7/site-packages/airflow/example_dags/example_branch_datetime_operator.py for tasks to queue
[2022-09-15T17:00:51.457+0000] {logging_mixin.py:115} INFO - [2022-09-15T17:00:51.456+0000] {dagbag.py:508} INFO - Filling up the DagBag from /home/airflow/.local/lib/python3.7/site-packages/airflow/example_dags/example_branch_datetime_operator.py
[2022-09-15T17:00:51.463+0000] {processor.py:650} INFO - DAG(s) dict_keys(['example_branch_datetime_operator', 'example_branch_datetime_operator_2']) retrieved from /home/airflow/.local/lib/python3.7/site-packages/airflow/example_dags/example_branch_datetime_operator.py
[2022-09-15T17:00:51.482+0000] {logging_mixin.py:115} INFO - [2022-09-15T17:00:51.482+0000] {dag.py:2429} INFO - Sync 2 DAGs
[2022-09-15T17:00:51.497+0000] {logging_mixin.py:115} INFO - [2022-09-15T17:00:51.497+0000] {dag.py:2981} INFO - Setting next_dagrun for example_branch_datetime_operator to 2022-09-14T00:00:00+00:00, run_after=2022-09-15T00:00:00+00:00
[2022-09-15T17:00:51.499+0000] {logging_mixin.py:115} INFO - [2022-09-15T17:00:51.499+0000] {dag.py:2981} INFO - Setting next_dagrun for example_branch_datetime_operator_2 to 2022-09-14T00:00:00+00:00, run_after=2022-09-15T00:00:00+00:00
[2022-09-15T17:00:51.509+0000] {processor.py:161} INFO - Processing /home/airflow/.local/lib/python3.7/site-packages/airflow/example_dags/example_branch_datetime_operator.py took 0.060 seconds
[2022-09-15T17:01:21.626+0000] {processor.py:153} INFO - Started process (PID=2345) to work on /home/airflow/.local/lib/python3.7/site-packages/airflow/example_dags/example_branch_datetime_operator.py
[2022-09-15T17:01:21.629+0000] {processor.py:640} INFO - Processing file /home/airflow/.local/lib/python3.7/site-packages/airflow/example_dags/example_branch_datetime_operator.py for tasks to queue
[2022-09-15T17:01:21.630+0000] {logging_mixin.py:115} INFO - [2022-09-15T17:01:21.630+0000] {dagbag.py:508} INFO - Filling up the DagBag from /home/airflow/.local/lib/python3.7/site-packages/airflow/example_dags/example_branch_datetime_operator.py
[2022-09-15T17:01:21.637+0000] {processor.py:650} INFO - DAG(s) dict_keys(['example_branch_datetime_operator', 'example_branch_datetime_operator_2']) retrieved from /home/airflow/.local/lib/python3.7/site-packages/airflow/example_dags/example_branch_datetime_operator.py
[2022-09-15T17:01:21.660+0000] {logging_mixin.py:115} INFO - [2022-09-15T17:01:21.660+0000] {dag.py:2429} INFO - Sync 2 DAGs
[2022-09-15T17:01:21.677+0000] {logging_mixin.py:115} INFO - [2022-09-15T17:01:21.677+0000] {dag.py:2981} INFO - Setting next_dagrun for example_branch_datetime_operator to 2022-09-14T00:00:00+00:00, run_after=2022-09-15T00:00:00+00:00
[2022-09-15T17:01:21.679+0000] {logging_mixin.py:115} INFO - [2022-09-15T17:01:21.679+0000] {dag.py:2981} INFO - Setting next_dagrun for example_branch_datetime_operator_2 to 2022-09-14T00:00:00+00:00, run_after=2022-09-15T00:00:00+00:00
[2022-09-15T17:01:21.690+0000] {processor.py:161} INFO - Processing /home/airflow/.local/lib/python3.7/site-packages/airflow/example_dags/example_branch_datetime_operator.py took 0.067 seconds
[2022-09-15T17:01:52.491+0000] {processor.py:153} INFO - Started process (PID=2414) to work on /home/airflow/.local/lib/python3.7/site-packages/airflow/example_dags/example_branch_datetime_operator.py
[2022-09-15T17:01:52.493+0000] {processor.py:640} INFO - Processing file /home/airflow/.local/lib/python3.7/site-packages/airflow/example_dags/example_branch_datetime_operator.py for tasks to queue
[2022-09-15T17:01:52.494+0000] {logging_mixin.py:115} INFO - [2022-09-15T17:01:52.494+0000] {dagbag.py:508} INFO - Filling up the DagBag from /home/airflow/.local/lib/python3.7/site-packages/airflow/example_dags/example_branch_datetime_operator.py
[2022-09-15T17:01:52.501+0000] {processor.py:650} INFO - DAG(s) dict_keys(['example_branch_datetime_operator', 'example_branch_datetime_operator_2']) retrieved from /home/airflow/.local/lib/python3.7/site-packages/airflow/example_dags/example_branch_datetime_operator.py
[2022-09-15T17:01:52.523+0000] {logging_mixin.py:115} INFO - [2022-09-15T17:01:52.523+0000] {dag.py:2429} INFO - Sync 2 DAGs
[2022-09-15T17:01:52.538+0000] {logging_mixin.py:115} INFO - [2022-09-15T17:01:52.538+0000] {dag.py:2981} INFO - Setting next_dagrun for example_branch_datetime_operator to 2022-09-14T00:00:00+00:00, run_after=2022-09-15T00:00:00+00:00
[2022-09-15T17:01:52.541+0000] {logging_mixin.py:115} INFO - [2022-09-15T17:01:52.541+0000] {dag.py:2981} INFO - Setting next_dagrun for example_branch_datetime_operator_2 to 2022-09-14T00:00:00+00:00, run_after=2022-09-15T00:00:00+00:00
[2022-09-15T17:01:52.552+0000] {processor.py:161} INFO - Processing /home/airflow/.local/lib/python3.7/site-packages/airflow/example_dags/example_branch_datetime_operator.py took 0.063 seconds
[2022-09-15T17:02:22.827+0000] {processor.py:153} INFO - Started process (PID=2483) to work on /home/airflow/.local/lib/python3.7/site-packages/airflow/example_dags/example_branch_datetime_operator.py
[2022-09-15T17:02:22.829+0000] {processor.py:640} INFO - Processing file /home/airflow/.local/lib/python3.7/site-packages/airflow/example_dags/example_branch_datetime_operator.py for tasks to queue
[2022-09-15T17:02:22.830+0000] {logging_mixin.py:115} INFO - [2022-09-15T17:02:22.830+0000] {dagbag.py:508} INFO - Filling up the DagBag from /home/airflow/.local/lib/python3.7/site-packages/airflow/example_dags/example_branch_datetime_operator.py
[2022-09-15T17:02:22.838+0000] {processor.py:650} INFO - DAG(s) dict_keys(['example_branch_datetime_operator', 'example_branch_datetime_operator_2']) retrieved from /home/airflow/.local/lib/python3.7/site-packages/airflow/example_dags/example_branch_datetime_operator.py
[2022-09-15T17:02:22.872+0000] {logging_mixin.py:115} INFO - [2022-09-15T17:02:22.872+0000] {dag.py:2429} INFO - Sync 2 DAGs
[2022-09-15T17:02:22.893+0000] {logging_mixin.py:115} INFO - [2022-09-15T17:02:22.892+0000] {dag.py:2981} INFO - Setting next_dagrun for example_branch_datetime_operator to 2022-09-14T00:00:00+00:00, run_after=2022-09-15T00:00:00+00:00
[2022-09-15T17:02:22.895+0000] {logging_mixin.py:115} INFO - [2022-09-15T17:02:22.895+0000] {dag.py:2981} INFO - Setting next_dagrun for example_branch_datetime_operator_2 to 2022-09-14T00:00:00+00:00, run_after=2022-09-15T00:00:00+00:00
[2022-09-15T17:02:22.909+0000] {processor.py:161} INFO - Processing /home/airflow/.local/lib/python3.7/site-packages/airflow/example_dags/example_branch_datetime_operator.py took 0.085 seconds
[2022-09-15T17:02:53.046+0000] {processor.py:153} INFO - Started process (PID=2541) to work on /home/airflow/.local/lib/python3.7/site-packages/airflow/example_dags/example_branch_datetime_operator.py
[2022-09-15T17:02:53.047+0000] {processor.py:640} INFO - Processing file /home/airflow/.local/lib/python3.7/site-packages/airflow/example_dags/example_branch_datetime_operator.py for tasks to queue
[2022-09-15T17:02:53.049+0000] {logging_mixin.py:115} INFO - [2022-09-15T17:02:53.049+0000] {dagbag.py:508} INFO - Filling up the DagBag from /home/airflow/.local/lib/python3.7/site-packages/airflow/example_dags/example_branch_datetime_operator.py
[2022-09-15T17:02:53.056+0000] {processor.py:650} INFO - DAG(s) dict_keys(['example_branch_datetime_operator', 'example_branch_datetime_operator_2']) retrieved from /home/airflow/.local/lib/python3.7/site-packages/airflow/example_dags/example_branch_datetime_operator.py
[2022-09-15T17:02:53.078+0000] {logging_mixin.py:115} INFO - [2022-09-15T17:02:53.078+0000] {dag.py:2429} INFO - Sync 2 DAGs
[2022-09-15T17:02:53.099+0000] {logging_mixin.py:115} INFO - [2022-09-15T17:02:53.099+0000] {dag.py:2981} INFO - Setting next_dagrun for example_branch_datetime_operator to 2022-09-14T00:00:00+00:00, run_after=2022-09-15T00:00:00+00:00
[2022-09-15T17:02:53.101+0000] {logging_mixin.py:115} INFO - [2022-09-15T17:02:53.101+0000] {dag.py:2981} INFO - Setting next_dagrun for example_branch_datetime_operator_2 to 2022-09-14T00:00:00+00:00, run_after=2022-09-15T00:00:00+00:00
[2022-09-15T17:02:53.112+0000] {processor.py:161} INFO - Processing /home/airflow/.local/lib/python3.7/site-packages/airflow/example_dags/example_branch_datetime_operator.py took 0.069 seconds
[2022-09-15T17:03:23.148+0000] {processor.py:153} INFO - Started process (PID=2610) to work on /home/airflow/.local/lib/python3.7/site-packages/airflow/example_dags/example_branch_datetime_operator.py
[2022-09-15T17:03:23.150+0000] {processor.py:640} INFO - Processing file /home/airflow/.local/lib/python3.7/site-packages/airflow/example_dags/example_branch_datetime_operator.py for tasks to queue
[2022-09-15T17:03:23.151+0000] {logging_mixin.py:115} INFO - [2022-09-15T17:03:23.151+0000] {dagbag.py:508} INFO - Filling up the DagBag from /home/airflow/.local/lib/python3.7/site-packages/airflow/example_dags/example_branch_datetime_operator.py
[2022-09-15T17:03:23.158+0000] {processor.py:650} INFO - DAG(s) dict_keys(['example_branch_datetime_operator', 'example_branch_datetime_operator_2']) retrieved from /home/airflow/.local/lib/python3.7/site-packages/airflow/example_dags/example_branch_datetime_operator.py
[2022-09-15T17:03:23.183+0000] {logging_mixin.py:115} INFO - [2022-09-15T17:03:23.182+0000] {dag.py:2429} INFO - Sync 2 DAGs
[2022-09-15T17:03:23.200+0000] {logging_mixin.py:115} INFO - [2022-09-15T17:03:23.200+0000] {dag.py:2981} INFO - Setting next_dagrun for example_branch_datetime_operator to 2022-09-14T00:00:00+00:00, run_after=2022-09-15T00:00:00+00:00
[2022-09-15T17:03:23.202+0000] {logging_mixin.py:115} INFO - [2022-09-15T17:03:23.202+0000] {dag.py:2981} INFO - Setting next_dagrun for example_branch_datetime_operator_2 to 2022-09-14T00:00:00+00:00, run_after=2022-09-15T00:00:00+00:00
[2022-09-15T17:03:23.215+0000] {processor.py:161} INFO - Processing /home/airflow/.local/lib/python3.7/site-packages/airflow/example_dags/example_branch_datetime_operator.py took 0.070 seconds
[2022-09-15T17:03:53.341+0000] {processor.py:153} INFO - Started process (PID=2678) to work on /home/airflow/.local/lib/python3.7/site-packages/airflow/example_dags/example_branch_datetime_operator.py
[2022-09-15T17:03:53.342+0000] {processor.py:640} INFO - Processing file /home/airflow/.local/lib/python3.7/site-packages/airflow/example_dags/example_branch_datetime_operator.py for tasks to queue
[2022-09-15T17:03:53.343+0000] {logging_mixin.py:115} INFO - [2022-09-15T17:03:53.343+0000] {dagbag.py:508} INFO - Filling up the DagBag from /home/airflow/.local/lib/python3.7/site-packages/airflow/example_dags/example_branch_datetime_operator.py
[2022-09-15T17:03:53.350+0000] {processor.py:650} INFO - DAG(s) dict_keys(['example_branch_datetime_operator', 'example_branch_datetime_operator_2']) retrieved from /home/airflow/.local/lib/python3.7/site-packages/airflow/example_dags/example_branch_datetime_operator.py
[2022-09-15T17:03:53.368+0000] {logging_mixin.py:115} INFO - [2022-09-15T17:03:53.368+0000] {dag.py:2429} INFO - Sync 2 DAGs
[2022-09-15T17:03:53.384+0000] {logging_mixin.py:115} INFO - [2022-09-15T17:03:53.384+0000] {dag.py:2981} INFO - Setting next_dagrun for example_branch_datetime_operator to 2022-09-14T00:00:00+00:00, run_after=2022-09-15T00:00:00+00:00
[2022-09-15T17:03:53.392+0000] {logging_mixin.py:115} INFO - [2022-09-15T17:03:53.392+0000] {dag.py:2981} INFO - Setting next_dagrun for example_branch_datetime_operator_2 to 2022-09-14T00:00:00+00:00, run_after=2022-09-15T00:00:00+00:00
[2022-09-15T17:03:53.399+0000] {processor.py:161} INFO - Processing /home/airflow/.local/lib/python3.7/site-packages/airflow/example_dags/example_branch_datetime_operator.py took 0.061 seconds
[2022-09-15T17:04:23.523+0000] {processor.py:153} INFO - Started process (PID=2746) to work on /home/airflow/.local/lib/python3.7/site-packages/airflow/example_dags/example_branch_datetime_operator.py
[2022-09-15T17:04:23.526+0000] {processor.py:640} INFO - Processing file /home/airflow/.local/lib/python3.7/site-packages/airflow/example_dags/example_branch_datetime_operator.py for tasks to queue
[2022-09-15T17:04:23.527+0000] {logging_mixin.py:115} INFO - [2022-09-15T17:04:23.527+0000] {dagbag.py:508} INFO - Filling up the DagBag from /home/airflow/.local/lib/python3.7/site-packages/airflow/example_dags/example_branch_datetime_operator.py
[2022-09-15T17:04:23.538+0000] {processor.py:650} INFO - DAG(s) dict_keys(['example_branch_datetime_operator', 'example_branch_datetime_operator_2']) retrieved from /home/airflow/.local/lib/python3.7/site-packages/airflow/example_dags/example_branch_datetime_operator.py
[2022-09-15T17:04:23.565+0000] {logging_mixin.py:115} INFO - [2022-09-15T17:04:23.565+0000] {dag.py:2429} INFO - Sync 2 DAGs
[2022-09-15T17:04:23.587+0000] {logging_mixin.py:115} INFO - [2022-09-15T17:04:23.587+0000] {dag.py:2981} INFO - Setting next_dagrun for example_branch_datetime_operator to 2022-09-14T00:00:00+00:00, run_after=2022-09-15T00:00:00+00:00
[2022-09-15T17:04:23.590+0000] {logging_mixin.py:115} INFO - [2022-09-15T17:04:23.590+0000] {dag.py:2981} INFO - Setting next_dagrun for example_branch_datetime_operator_2 to 2022-09-14T00:00:00+00:00, run_after=2022-09-15T00:00:00+00:00
[2022-09-15T17:04:23.602+0000] {processor.py:161} INFO - Processing /home/airflow/.local/lib/python3.7/site-packages/airflow/example_dags/example_branch_datetime_operator.py took 0.082 seconds
[2022-09-15T17:04:53.697+0000] {processor.py:153} INFO - Started process (PID=2802) to work on /home/airflow/.local/lib/python3.7/site-packages/airflow/example_dags/example_branch_datetime_operator.py
[2022-09-15T17:04:53.698+0000] {processor.py:640} INFO - Processing file /home/airflow/.local/lib/python3.7/site-packages/airflow/example_dags/example_branch_datetime_operator.py for tasks to queue
[2022-09-15T17:04:53.699+0000] {logging_mixin.py:115} INFO - [2022-09-15T17:04:53.699+0000] {dagbag.py:508} INFO - Filling up the DagBag from /home/airflow/.local/lib/python3.7/site-packages/airflow/example_dags/example_branch_datetime_operator.py
[2022-09-15T17:04:53.707+0000] {processor.py:650} INFO - DAG(s) dict_keys(['example_branch_datetime_operator', 'example_branch_datetime_operator_2']) retrieved from /home/airflow/.local/lib/python3.7/site-packages/airflow/example_dags/example_branch_datetime_operator.py
[2022-09-15T17:04:53.727+0000] {logging_mixin.py:115} INFO - [2022-09-15T17:04:53.726+0000] {dag.py:2429} INFO - Sync 2 DAGs
[2022-09-15T17:04:53.744+0000] {logging_mixin.py:115} INFO - [2022-09-15T17:04:53.744+0000] {dag.py:2981} INFO - Setting next_dagrun for example_branch_datetime_operator to 2022-09-14T00:00:00+00:00, run_after=2022-09-15T00:00:00+00:00
[2022-09-15T17:04:53.746+0000] {logging_mixin.py:115} INFO - [2022-09-15T17:04:53.746+0000] {dag.py:2981} INFO - Setting next_dagrun for example_branch_datetime_operator_2 to 2022-09-14T00:00:00+00:00, run_after=2022-09-15T00:00:00+00:00
[2022-09-15T17:04:53.754+0000] {processor.py:161} INFO - Processing /home/airflow/.local/lib/python3.7/site-packages/airflow/example_dags/example_branch_datetime_operator.py took 0.060 seconds
