[2022-09-15T16:43:30.648+0000] {processor.py:153} INFO - Started process (PID=65) to work on /home/airflow/.local/lib/python3.7/site-packages/airflow/example_dags/example_branch_operator_decorator.py
[2022-09-15T16:43:30.652+0000] {processor.py:640} INFO - Processing file /home/airflow/.local/lib/python3.7/site-packages/airflow/example_dags/example_branch_operator_decorator.py for tasks to queue
[2022-09-15T16:43:30.656+0000] {logging_mixin.py:115} INFO - [2022-09-15T16:43:30.655+0000] {dagbag.py:508} INFO - Filling up the DagBag from /home/airflow/.local/lib/python3.7/site-packages/airflow/example_dags/example_branch_operator_decorator.py
[2022-09-15T16:43:30.826+0000] {processor.py:650} INFO - DAG(s) dict_keys(['example_branch_python_operator_decorator']) retrieved from /home/airflow/.local/lib/python3.7/site-packages/airflow/example_dags/example_branch_operator_decorator.py
[2022-09-15T16:43:31.190+0000] {logging_mixin.py:115} INFO - [2022-09-15T16:43:31.190+0000] {manager.py:508} INFO - Created Permission View: can delete on DAG:example_branch_python_operator_decorator
[2022-09-15T16:43:31.214+0000] {logging_mixin.py:115} INFO - [2022-09-15T16:43:31.213+0000] {manager.py:508} INFO - Created Permission View: can read on DAG:example_branch_python_operator_decorator
[2022-09-15T16:43:31.232+0000] {logging_mixin.py:115} INFO - [2022-09-15T16:43:31.232+0000] {manager.py:508} INFO - Created Permission View: can edit on DAG:example_branch_python_operator_decorator
[2022-09-15T16:43:31.238+0000] {logging_mixin.py:115} INFO - [2022-09-15T16:43:31.238+0000] {dag.py:2429} INFO - Sync 1 DAGs
[2022-09-15T16:43:31.276+0000] {logging_mixin.py:115} INFO - [2022-09-15T16:43:31.276+0000] {dag.py:2448} INFO - Creating ORM DAG for example_branch_python_operator_decorator
[2022-09-15T16:43:31.328+0000] {logging_mixin.py:115} INFO - [2022-09-15T16:43:31.327+0000] {dag.py:2981} INFO - Setting next_dagrun for example_branch_python_operator_decorator to 2022-09-14T00:00:00+00:00, run_after=2022-09-15T00:00:00+00:00
[2022-09-15T16:43:31.389+0000] {processor.py:161} INFO - Processing /home/airflow/.local/lib/python3.7/site-packages/airflow/example_dags/example_branch_operator_decorator.py took 0.748 seconds
[2022-09-15T16:44:01.551+0000] {processor.py:153} INFO - Started process (PID=121) to work on /home/airflow/.local/lib/python3.7/site-packages/airflow/example_dags/example_branch_operator_decorator.py
[2022-09-15T16:44:01.554+0000] {processor.py:640} INFO - Processing file /home/airflow/.local/lib/python3.7/site-packages/airflow/example_dags/example_branch_operator_decorator.py for tasks to queue
[2022-09-15T16:44:01.556+0000] {logging_mixin.py:115} INFO - [2022-09-15T16:44:01.555+0000] {dagbag.py:508} INFO - Filling up the DagBag from /home/airflow/.local/lib/python3.7/site-packages/airflow/example_dags/example_branch_operator_decorator.py
[2022-09-15T16:44:01.567+0000] {processor.py:650} INFO - DAG(s) dict_keys(['example_branch_python_operator_decorator']) retrieved from /home/airflow/.local/lib/python3.7/site-packages/airflow/example_dags/example_branch_operator_decorator.py
[2022-09-15T16:44:01.589+0000] {logging_mixin.py:115} INFO - [2022-09-15T16:44:01.589+0000] {dag.py:2429} INFO - Sync 1 DAGs
[2022-09-15T16:44:01.604+0000] {logging_mixin.py:115} INFO - [2022-09-15T16:44:01.604+0000] {dag.py:2981} INFO - Setting next_dagrun for example_branch_python_operator_decorator to 2022-09-14T00:00:00+00:00, run_after=2022-09-15T00:00:00+00:00
[2022-09-15T16:44:01.615+0000] {processor.py:161} INFO - Processing /home/airflow/.local/lib/python3.7/site-packages/airflow/example_dags/example_branch_operator_decorator.py took 0.067 seconds
[2022-09-15T16:44:31.660+0000] {processor.py:153} INFO - Started process (PID=187) to work on /home/airflow/.local/lib/python3.7/site-packages/airflow/example_dags/example_branch_operator_decorator.py
[2022-09-15T16:44:31.662+0000] {processor.py:640} INFO - Processing file /home/airflow/.local/lib/python3.7/site-packages/airflow/example_dags/example_branch_operator_decorator.py for tasks to queue
[2022-09-15T16:44:31.675+0000] {logging_mixin.py:115} INFO - [2022-09-15T16:44:31.675+0000] {dagbag.py:508} INFO - Filling up the DagBag from /home/airflow/.local/lib/python3.7/site-packages/airflow/example_dags/example_branch_operator_decorator.py
[2022-09-15T16:44:31.693+0000] {processor.py:650} INFO - DAG(s) dict_keys(['example_branch_python_operator_decorator']) retrieved from /home/airflow/.local/lib/python3.7/site-packages/airflow/example_dags/example_branch_operator_decorator.py
[2022-09-15T16:44:31.713+0000] {logging_mixin.py:115} INFO - [2022-09-15T16:44:31.713+0000] {dag.py:2429} INFO - Sync 1 DAGs
[2022-09-15T16:44:31.730+0000] {logging_mixin.py:115} INFO - [2022-09-15T16:44:31.730+0000] {dag.py:2981} INFO - Setting next_dagrun for example_branch_python_operator_decorator to 2022-09-14T00:00:00+00:00, run_after=2022-09-15T00:00:00+00:00
[2022-09-15T16:44:31.738+0000] {processor.py:161} INFO - Processing /home/airflow/.local/lib/python3.7/site-packages/airflow/example_dags/example_branch_operator_decorator.py took 0.081 seconds
[2022-09-15T16:45:01.852+0000] {processor.py:153} INFO - Started process (PID=253) to work on /home/airflow/.local/lib/python3.7/site-packages/airflow/example_dags/example_branch_operator_decorator.py
[2022-09-15T16:45:01.853+0000] {processor.py:640} INFO - Processing file /home/airflow/.local/lib/python3.7/site-packages/airflow/example_dags/example_branch_operator_decorator.py for tasks to queue
[2022-09-15T16:45:01.854+0000] {logging_mixin.py:115} INFO - [2022-09-15T16:45:01.854+0000] {dagbag.py:508} INFO - Filling up the DagBag from /home/airflow/.local/lib/python3.7/site-packages/airflow/example_dags/example_branch_operator_decorator.py
[2022-09-15T16:45:01.867+0000] {processor.py:650} INFO - DAG(s) dict_keys(['example_branch_python_operator_decorator']) retrieved from /home/airflow/.local/lib/python3.7/site-packages/airflow/example_dags/example_branch_operator_decorator.py
[2022-09-15T16:45:01.887+0000] {logging_mixin.py:115} INFO - [2022-09-15T16:45:01.887+0000] {dag.py:2429} INFO - Sync 1 DAGs
[2022-09-15T16:45:01.901+0000] {logging_mixin.py:115} INFO - [2022-09-15T16:45:01.901+0000] {dag.py:2981} INFO - Setting next_dagrun for example_branch_python_operator_decorator to 2022-09-14T00:00:00+00:00, run_after=2022-09-15T00:00:00+00:00
[2022-09-15T16:45:01.909+0000] {processor.py:161} INFO - Processing /home/airflow/.local/lib/python3.7/site-packages/airflow/example_dags/example_branch_operator_decorator.py took 0.059 seconds
[2022-09-15T16:45:31.991+0000] {processor.py:153} INFO - Started process (PID=319) to work on /home/airflow/.local/lib/python3.7/site-packages/airflow/example_dags/example_branch_operator_decorator.py
[2022-09-15T16:45:31.994+0000] {processor.py:640} INFO - Processing file /home/airflow/.local/lib/python3.7/site-packages/airflow/example_dags/example_branch_operator_decorator.py for tasks to queue
[2022-09-15T16:45:31.995+0000] {logging_mixin.py:115} INFO - [2022-09-15T16:45:31.995+0000] {dagbag.py:508} INFO - Filling up the DagBag from /home/airflow/.local/lib/python3.7/site-packages/airflow/example_dags/example_branch_operator_decorator.py
[2022-09-15T16:45:32.011+0000] {processor.py:650} INFO - DAG(s) dict_keys(['example_branch_python_operator_decorator']) retrieved from /home/airflow/.local/lib/python3.7/site-packages/airflow/example_dags/example_branch_operator_decorator.py
[2022-09-15T16:45:32.030+0000] {logging_mixin.py:115} INFO - [2022-09-15T16:45:32.030+0000] {dag.py:2429} INFO - Sync 1 DAGs
[2022-09-15T16:45:32.048+0000] {logging_mixin.py:115} INFO - [2022-09-15T16:45:32.048+0000] {dag.py:2981} INFO - Setting next_dagrun for example_branch_python_operator_decorator to 2022-09-14T00:00:00+00:00, run_after=2022-09-15T00:00:00+00:00
[2022-09-15T16:45:32.057+0000] {processor.py:161} INFO - Processing /home/airflow/.local/lib/python3.7/site-packages/airflow/example_dags/example_branch_operator_decorator.py took 0.069 seconds
[2022-09-15T16:46:03.142+0000] {processor.py:153} INFO - Started process (PID=387) to work on /home/airflow/.local/lib/python3.7/site-packages/airflow/example_dags/example_branch_operator_decorator.py
[2022-09-15T16:46:03.144+0000] {processor.py:640} INFO - Processing file /home/airflow/.local/lib/python3.7/site-packages/airflow/example_dags/example_branch_operator_decorator.py for tasks to queue
[2022-09-15T16:46:03.153+0000] {logging_mixin.py:115} INFO - [2022-09-15T16:46:03.153+0000] {dagbag.py:508} INFO - Filling up the DagBag from /home/airflow/.local/lib/python3.7/site-packages/airflow/example_dags/example_branch_operator_decorator.py
[2022-09-15T16:46:03.171+0000] {processor.py:650} INFO - DAG(s) dict_keys(['example_branch_python_operator_decorator']) retrieved from /home/airflow/.local/lib/python3.7/site-packages/airflow/example_dags/example_branch_operator_decorator.py
[2022-09-15T16:46:03.191+0000] {logging_mixin.py:115} INFO - [2022-09-15T16:46:03.191+0000] {dag.py:2429} INFO - Sync 1 DAGs
[2022-09-15T16:46:03.208+0000] {logging_mixin.py:115} INFO - [2022-09-15T16:46:03.208+0000] {dag.py:2981} INFO - Setting next_dagrun for example_branch_python_operator_decorator to 2022-09-14T00:00:00+00:00, run_after=2022-09-15T00:00:00+00:00
[2022-09-15T16:46:03.217+0000] {processor.py:161} INFO - Processing /home/airflow/.local/lib/python3.7/site-packages/airflow/example_dags/example_branch_operator_decorator.py took 0.078 seconds
[2022-09-15T16:46:34.058+0000] {processor.py:153} INFO - Started process (PID=443) to work on /home/airflow/.local/lib/python3.7/site-packages/airflow/example_dags/example_branch_operator_decorator.py
[2022-09-15T16:46:34.059+0000] {processor.py:640} INFO - Processing file /home/airflow/.local/lib/python3.7/site-packages/airflow/example_dags/example_branch_operator_decorator.py for tasks to queue
[2022-09-15T16:46:34.060+0000] {logging_mixin.py:115} INFO - [2022-09-15T16:46:34.060+0000] {dagbag.py:508} INFO - Filling up the DagBag from /home/airflow/.local/lib/python3.7/site-packages/airflow/example_dags/example_branch_operator_decorator.py
[2022-09-15T16:46:34.072+0000] {processor.py:650} INFO - DAG(s) dict_keys(['example_branch_python_operator_decorator']) retrieved from /home/airflow/.local/lib/python3.7/site-packages/airflow/example_dags/example_branch_operator_decorator.py
[2022-09-15T16:46:34.092+0000] {logging_mixin.py:115} INFO - [2022-09-15T16:46:34.092+0000] {dag.py:2429} INFO - Sync 1 DAGs
[2022-09-15T16:46:34.110+0000] {logging_mixin.py:115} INFO - [2022-09-15T16:46:34.110+0000] {dag.py:2981} INFO - Setting next_dagrun for example_branch_python_operator_decorator to 2022-09-14T00:00:00+00:00, run_after=2022-09-15T00:00:00+00:00
[2022-09-15T16:46:34.120+0000] {processor.py:161} INFO - Processing /home/airflow/.local/lib/python3.7/site-packages/airflow/example_dags/example_branch_operator_decorator.py took 0.065 seconds
[2022-09-15T16:47:05.033+0000] {processor.py:153} INFO - Started process (PID=512) to work on /home/airflow/.local/lib/python3.7/site-packages/airflow/example_dags/example_branch_operator_decorator.py
[2022-09-15T16:47:05.035+0000] {processor.py:640} INFO - Processing file /home/airflow/.local/lib/python3.7/site-packages/airflow/example_dags/example_branch_operator_decorator.py for tasks to queue
[2022-09-15T16:47:05.037+0000] {logging_mixin.py:115} INFO - [2022-09-15T16:47:05.037+0000] {dagbag.py:508} INFO - Filling up the DagBag from /home/airflow/.local/lib/python3.7/site-packages/airflow/example_dags/example_branch_operator_decorator.py
[2022-09-15T16:47:05.049+0000] {processor.py:650} INFO - DAG(s) dict_keys(['example_branch_python_operator_decorator']) retrieved from /home/airflow/.local/lib/python3.7/site-packages/airflow/example_dags/example_branch_operator_decorator.py
[2022-09-15T16:47:05.069+0000] {logging_mixin.py:115} INFO - [2022-09-15T16:47:05.069+0000] {dag.py:2429} INFO - Sync 1 DAGs
[2022-09-15T16:47:05.087+0000] {logging_mixin.py:115} INFO - [2022-09-15T16:47:05.087+0000] {dag.py:2981} INFO - Setting next_dagrun for example_branch_python_operator_decorator to 2022-09-14T00:00:00+00:00, run_after=2022-09-15T00:00:00+00:00
[2022-09-15T16:47:05.099+0000] {processor.py:161} INFO - Processing /home/airflow/.local/lib/python3.7/site-packages/airflow/example_dags/example_branch_operator_decorator.py took 0.069 seconds
[2022-09-15T16:47:35.975+0000] {processor.py:153} INFO - Started process (PID=580) to work on /home/airflow/.local/lib/python3.7/site-packages/airflow/example_dags/example_branch_operator_decorator.py
[2022-09-15T16:47:35.977+0000] {processor.py:640} INFO - Processing file /home/airflow/.local/lib/python3.7/site-packages/airflow/example_dags/example_branch_operator_decorator.py for tasks to queue
[2022-09-15T16:47:35.978+0000] {logging_mixin.py:115} INFO - [2022-09-15T16:47:35.978+0000] {dagbag.py:508} INFO - Filling up the DagBag from /home/airflow/.local/lib/python3.7/site-packages/airflow/example_dags/example_branch_operator_decorator.py
[2022-09-15T16:47:35.991+0000] {processor.py:650} INFO - DAG(s) dict_keys(['example_branch_python_operator_decorator']) retrieved from /home/airflow/.local/lib/python3.7/site-packages/airflow/example_dags/example_branch_operator_decorator.py
[2022-09-15T16:47:36.010+0000] {logging_mixin.py:115} INFO - [2022-09-15T16:47:36.010+0000] {dag.py:2429} INFO - Sync 1 DAGs
[2022-09-15T16:47:36.026+0000] {logging_mixin.py:115} INFO - [2022-09-15T16:47:36.026+0000] {dag.py:2981} INFO - Setting next_dagrun for example_branch_python_operator_decorator to 2022-09-14T00:00:00+00:00, run_after=2022-09-15T00:00:00+00:00
[2022-09-15T16:47:36.034+0000] {processor.py:161} INFO - Processing /home/airflow/.local/lib/python3.7/site-packages/airflow/example_dags/example_branch_operator_decorator.py took 0.061 seconds
[2022-09-15T16:48:06.769+0000] {processor.py:153} INFO - Started process (PID=648) to work on /home/airflow/.local/lib/python3.7/site-packages/airflow/example_dags/example_branch_operator_decorator.py
[2022-09-15T16:48:06.771+0000] {processor.py:640} INFO - Processing file /home/airflow/.local/lib/python3.7/site-packages/airflow/example_dags/example_branch_operator_decorator.py for tasks to queue
[2022-09-15T16:48:06.772+0000] {logging_mixin.py:115} INFO - [2022-09-15T16:48:06.772+0000] {dagbag.py:508} INFO - Filling up the DagBag from /home/airflow/.local/lib/python3.7/site-packages/airflow/example_dags/example_branch_operator_decorator.py
[2022-09-15T16:48:06.784+0000] {processor.py:650} INFO - DAG(s) dict_keys(['example_branch_python_operator_decorator']) retrieved from /home/airflow/.local/lib/python3.7/site-packages/airflow/example_dags/example_branch_operator_decorator.py
[2022-09-15T16:48:06.804+0000] {logging_mixin.py:115} INFO - [2022-09-15T16:48:06.803+0000] {dag.py:2429} INFO - Sync 1 DAGs
[2022-09-15T16:48:06.819+0000] {logging_mixin.py:115} INFO - [2022-09-15T16:48:06.819+0000] {dag.py:2981} INFO - Setting next_dagrun for example_branch_python_operator_decorator to 2022-09-14T00:00:00+00:00, run_after=2022-09-15T00:00:00+00:00
[2022-09-15T16:48:06.835+0000] {processor.py:161} INFO - Processing /home/airflow/.local/lib/python3.7/site-packages/airflow/example_dags/example_branch_operator_decorator.py took 0.069 seconds
[2022-09-15T16:48:36.897+0000] {processor.py:153} INFO - Started process (PID=713) to work on /home/airflow/.local/lib/python3.7/site-packages/airflow/example_dags/example_branch_operator_decorator.py
[2022-09-15T16:48:36.899+0000] {processor.py:640} INFO - Processing file /home/airflow/.local/lib/python3.7/site-packages/airflow/example_dags/example_branch_operator_decorator.py for tasks to queue
[2022-09-15T16:48:36.901+0000] {logging_mixin.py:115} INFO - [2022-09-15T16:48:36.900+0000] {dagbag.py:508} INFO - Filling up the DagBag from /home/airflow/.local/lib/python3.7/site-packages/airflow/example_dags/example_branch_operator_decorator.py
[2022-09-15T16:48:36.916+0000] {processor.py:650} INFO - DAG(s) dict_keys(['example_branch_python_operator_decorator']) retrieved from /home/airflow/.local/lib/python3.7/site-packages/airflow/example_dags/example_branch_operator_decorator.py
[2022-09-15T16:48:36.940+0000] {logging_mixin.py:115} INFO - [2022-09-15T16:48:36.940+0000] {dag.py:2429} INFO - Sync 1 DAGs
[2022-09-15T16:48:36.959+0000] {logging_mixin.py:115} INFO - [2022-09-15T16:48:36.959+0000] {dag.py:2981} INFO - Setting next_dagrun for example_branch_python_operator_decorator to 2022-09-14T00:00:00+00:00, run_after=2022-09-15T00:00:00+00:00
[2022-09-15T16:48:36.968+0000] {processor.py:161} INFO - Processing /home/airflow/.local/lib/python3.7/site-packages/airflow/example_dags/example_branch_operator_decorator.py took 0.073 seconds
[2022-09-15T16:49:07.962+0000] {processor.py:153} INFO - Started process (PID=779) to work on /home/airflow/.local/lib/python3.7/site-packages/airflow/example_dags/example_branch_operator_decorator.py
[2022-09-15T16:49:07.964+0000] {processor.py:640} INFO - Processing file /home/airflow/.local/lib/python3.7/site-packages/airflow/example_dags/example_branch_operator_decorator.py for tasks to queue
[2022-09-15T16:49:07.966+0000] {logging_mixin.py:115} INFO - [2022-09-15T16:49:07.965+0000] {dagbag.py:508} INFO - Filling up the DagBag from /home/airflow/.local/lib/python3.7/site-packages/airflow/example_dags/example_branch_operator_decorator.py
[2022-09-15T16:49:07.978+0000] {processor.py:650} INFO - DAG(s) dict_keys(['example_branch_python_operator_decorator']) retrieved from /home/airflow/.local/lib/python3.7/site-packages/airflow/example_dags/example_branch_operator_decorator.py
[2022-09-15T16:49:07.999+0000] {logging_mixin.py:115} INFO - [2022-09-15T16:49:07.999+0000] {dag.py:2429} INFO - Sync 1 DAGs
[2022-09-15T16:49:08.015+0000] {logging_mixin.py:115} INFO - [2022-09-15T16:49:08.014+0000] {dag.py:2981} INFO - Setting next_dagrun for example_branch_python_operator_decorator to 2022-09-14T00:00:00+00:00, run_after=2022-09-15T00:00:00+00:00
[2022-09-15T16:49:08.023+0000] {processor.py:161} INFO - Processing /home/airflow/.local/lib/python3.7/site-packages/airflow/example_dags/example_branch_operator_decorator.py took 0.064 seconds
[2022-09-15T16:49:38.090+0000] {processor.py:153} INFO - Started process (PID=844) to work on /home/airflow/.local/lib/python3.7/site-packages/airflow/example_dags/example_branch_operator_decorator.py
[2022-09-15T16:49:38.092+0000] {processor.py:640} INFO - Processing file /home/airflow/.local/lib/python3.7/site-packages/airflow/example_dags/example_branch_operator_decorator.py for tasks to queue
[2022-09-15T16:49:38.093+0000] {logging_mixin.py:115} INFO - [2022-09-15T16:49:38.093+0000] {dagbag.py:508} INFO - Filling up the DagBag from /home/airflow/.local/lib/python3.7/site-packages/airflow/example_dags/example_branch_operator_decorator.py
[2022-09-15T16:49:38.111+0000] {processor.py:650} INFO - DAG(s) dict_keys(['example_branch_python_operator_decorator']) retrieved from /home/airflow/.local/lib/python3.7/site-packages/airflow/example_dags/example_branch_operator_decorator.py
[2022-09-15T16:49:38.133+0000] {logging_mixin.py:115} INFO - [2022-09-15T16:49:38.132+0000] {dag.py:2429} INFO - Sync 1 DAGs
[2022-09-15T16:49:38.152+0000] {logging_mixin.py:115} INFO - [2022-09-15T16:49:38.151+0000] {dag.py:2981} INFO - Setting next_dagrun for example_branch_python_operator_decorator to 2022-09-14T00:00:00+00:00, run_after=2022-09-15T00:00:00+00:00
[2022-09-15T16:49:38.169+0000] {processor.py:161} INFO - Processing /home/airflow/.local/lib/python3.7/site-packages/airflow/example_dags/example_branch_operator_decorator.py took 0.081 seconds
[2022-09-15T16:50:08.208+0000] {processor.py:153} INFO - Started process (PID=902) to work on /home/airflow/.local/lib/python3.7/site-packages/airflow/example_dags/example_branch_operator_decorator.py
[2022-09-15T16:50:08.210+0000] {processor.py:640} INFO - Processing file /home/airflow/.local/lib/python3.7/site-packages/airflow/example_dags/example_branch_operator_decorator.py for tasks to queue
[2022-09-15T16:50:08.211+0000] {logging_mixin.py:115} INFO - [2022-09-15T16:50:08.211+0000] {dagbag.py:508} INFO - Filling up the DagBag from /home/airflow/.local/lib/python3.7/site-packages/airflow/example_dags/example_branch_operator_decorator.py
[2022-09-15T16:50:08.229+0000] {processor.py:650} INFO - DAG(s) dict_keys(['example_branch_python_operator_decorator']) retrieved from /home/airflow/.local/lib/python3.7/site-packages/airflow/example_dags/example_branch_operator_decorator.py
[2022-09-15T16:50:08.252+0000] {logging_mixin.py:115} INFO - [2022-09-15T16:50:08.252+0000] {dag.py:2429} INFO - Sync 1 DAGs
[2022-09-15T16:50:08.268+0000] {logging_mixin.py:115} INFO - [2022-09-15T16:50:08.268+0000] {dag.py:2981} INFO - Setting next_dagrun for example_branch_python_operator_decorator to 2022-09-14T00:00:00+00:00, run_after=2022-09-15T00:00:00+00:00
[2022-09-15T16:50:08.279+0000] {processor.py:161} INFO - Processing /home/airflow/.local/lib/python3.7/site-packages/airflow/example_dags/example_branch_operator_decorator.py took 0.073 seconds
[2022-09-15T16:50:39.280+0000] {processor.py:153} INFO - Started process (PID=972) to work on /home/airflow/.local/lib/python3.7/site-packages/airflow/example_dags/example_branch_operator_decorator.py
[2022-09-15T16:50:39.281+0000] {processor.py:640} INFO - Processing file /home/airflow/.local/lib/python3.7/site-packages/airflow/example_dags/example_branch_operator_decorator.py for tasks to queue
[2022-09-15T16:50:39.283+0000] {logging_mixin.py:115} INFO - [2022-09-15T16:50:39.283+0000] {dagbag.py:508} INFO - Filling up the DagBag from /home/airflow/.local/lib/python3.7/site-packages/airflow/example_dags/example_branch_operator_decorator.py
[2022-09-15T16:50:39.294+0000] {processor.py:650} INFO - DAG(s) dict_keys(['example_branch_python_operator_decorator']) retrieved from /home/airflow/.local/lib/python3.7/site-packages/airflow/example_dags/example_branch_operator_decorator.py
[2022-09-15T16:50:39.313+0000] {logging_mixin.py:115} INFO - [2022-09-15T16:50:39.313+0000] {dag.py:2429} INFO - Sync 1 DAGs
[2022-09-15T16:50:39.329+0000] {logging_mixin.py:115} INFO - [2022-09-15T16:50:39.329+0000] {dag.py:2981} INFO - Setting next_dagrun for example_branch_python_operator_decorator to 2022-09-14T00:00:00+00:00, run_after=2022-09-15T00:00:00+00:00
[2022-09-15T16:50:39.346+0000] {processor.py:161} INFO - Processing /home/airflow/.local/lib/python3.7/site-packages/airflow/example_dags/example_branch_operator_decorator.py took 0.068 seconds
[2022-09-15T16:51:10.143+0000] {processor.py:153} INFO - Started process (PID=1038) to work on /home/airflow/.local/lib/python3.7/site-packages/airflow/example_dags/example_branch_operator_decorator.py
[2022-09-15T16:51:10.145+0000] {processor.py:640} INFO - Processing file /home/airflow/.local/lib/python3.7/site-packages/airflow/example_dags/example_branch_operator_decorator.py for tasks to queue
[2022-09-15T16:51:10.146+0000] {logging_mixin.py:115} INFO - [2022-09-15T16:51:10.146+0000] {dagbag.py:508} INFO - Filling up the DagBag from /home/airflow/.local/lib/python3.7/site-packages/airflow/example_dags/example_branch_operator_decorator.py
[2022-09-15T16:51:10.159+0000] {processor.py:650} INFO - DAG(s) dict_keys(['example_branch_python_operator_decorator']) retrieved from /home/airflow/.local/lib/python3.7/site-packages/airflow/example_dags/example_branch_operator_decorator.py
[2022-09-15T16:51:10.182+0000] {logging_mixin.py:115} INFO - [2022-09-15T16:51:10.182+0000] {dag.py:2429} INFO - Sync 1 DAGs
[2022-09-15T16:51:10.201+0000] {logging_mixin.py:115} INFO - [2022-09-15T16:51:10.201+0000] {dag.py:2981} INFO - Setting next_dagrun for example_branch_python_operator_decorator to 2022-09-14T00:00:00+00:00, run_after=2022-09-15T00:00:00+00:00
[2022-09-15T16:51:10.213+0000] {processor.py:161} INFO - Processing /home/airflow/.local/lib/python3.7/site-packages/airflow/example_dags/example_branch_operator_decorator.py took 0.072 seconds
[2022-09-15T16:51:41.192+0000] {processor.py:153} INFO - Started process (PID=1108) to work on /home/airflow/.local/lib/python3.7/site-packages/airflow/example_dags/example_branch_operator_decorator.py
[2022-09-15T16:51:41.194+0000] {processor.py:640} INFO - Processing file /home/airflow/.local/lib/python3.7/site-packages/airflow/example_dags/example_branch_operator_decorator.py for tasks to queue
[2022-09-15T16:51:41.195+0000] {logging_mixin.py:115} INFO - [2022-09-15T16:51:41.195+0000] {dagbag.py:508} INFO - Filling up the DagBag from /home/airflow/.local/lib/python3.7/site-packages/airflow/example_dags/example_branch_operator_decorator.py
[2022-09-15T16:51:41.207+0000] {processor.py:650} INFO - DAG(s) dict_keys(['example_branch_python_operator_decorator']) retrieved from /home/airflow/.local/lib/python3.7/site-packages/airflow/example_dags/example_branch_operator_decorator.py
[2022-09-15T16:51:41.226+0000] {logging_mixin.py:115} INFO - [2022-09-15T16:51:41.226+0000] {dag.py:2429} INFO - Sync 1 DAGs
[2022-09-15T16:51:41.242+0000] {logging_mixin.py:115} INFO - [2022-09-15T16:51:41.242+0000] {dag.py:2981} INFO - Setting next_dagrun for example_branch_python_operator_decorator to 2022-09-14T00:00:00+00:00, run_after=2022-09-15T00:00:00+00:00
[2022-09-15T16:51:41.251+0000] {processor.py:161} INFO - Processing /home/airflow/.local/lib/python3.7/site-packages/airflow/example_dags/example_branch_operator_decorator.py took 0.062 seconds
[2022-09-15T16:52:12.132+0000] {processor.py:153} INFO - Started process (PID=1173) to work on /home/airflow/.local/lib/python3.7/site-packages/airflow/example_dags/example_branch_operator_decorator.py
[2022-09-15T16:52:12.134+0000] {processor.py:640} INFO - Processing file /home/airflow/.local/lib/python3.7/site-packages/airflow/example_dags/example_branch_operator_decorator.py for tasks to queue
[2022-09-15T16:52:12.135+0000] {logging_mixin.py:115} INFO - [2022-09-15T16:52:12.135+0000] {dagbag.py:508} INFO - Filling up the DagBag from /home/airflow/.local/lib/python3.7/site-packages/airflow/example_dags/example_branch_operator_decorator.py
[2022-09-15T16:52:12.146+0000] {processor.py:650} INFO - DAG(s) dict_keys(['example_branch_python_operator_decorator']) retrieved from /home/airflow/.local/lib/python3.7/site-packages/airflow/example_dags/example_branch_operator_decorator.py
[2022-09-15T16:52:12.166+0000] {logging_mixin.py:115} INFO - [2022-09-15T16:52:12.166+0000] {dag.py:2429} INFO - Sync 1 DAGs
[2022-09-15T16:52:12.182+0000] {logging_mixin.py:115} INFO - [2022-09-15T16:52:12.182+0000] {dag.py:2981} INFO - Setting next_dagrun for example_branch_python_operator_decorator to 2022-09-14T00:00:00+00:00, run_after=2022-09-15T00:00:00+00:00
[2022-09-15T16:52:12.190+0000] {processor.py:161} INFO - Processing /home/airflow/.local/lib/python3.7/site-packages/airflow/example_dags/example_branch_operator_decorator.py took 0.061 seconds
[2022-09-15T16:52:43.069+0000] {processor.py:153} INFO - Started process (PID=1241) to work on /home/airflow/.local/lib/python3.7/site-packages/airflow/example_dags/example_branch_operator_decorator.py
[2022-09-15T16:52:43.074+0000] {processor.py:640} INFO - Processing file /home/airflow/.local/lib/python3.7/site-packages/airflow/example_dags/example_branch_operator_decorator.py for tasks to queue
[2022-09-15T16:52:43.081+0000] {logging_mixin.py:115} INFO - [2022-09-15T16:52:43.081+0000] {dagbag.py:508} INFO - Filling up the DagBag from /home/airflow/.local/lib/python3.7/site-packages/airflow/example_dags/example_branch_operator_decorator.py
[2022-09-15T16:52:43.100+0000] {processor.py:650} INFO - DAG(s) dict_keys(['example_branch_python_operator_decorator']) retrieved from /home/airflow/.local/lib/python3.7/site-packages/airflow/example_dags/example_branch_operator_decorator.py
[2022-09-15T16:52:43.143+0000] {logging_mixin.py:115} INFO - [2022-09-15T16:52:43.143+0000] {dag.py:2429} INFO - Sync 1 DAGs
[2022-09-15T16:52:43.176+0000] {logging_mixin.py:115} INFO - [2022-09-15T16:52:43.176+0000] {dag.py:2981} INFO - Setting next_dagrun for example_branch_python_operator_decorator to 2022-09-14T00:00:00+00:00, run_after=2022-09-15T00:00:00+00:00
[2022-09-15T16:52:43.189+0000] {processor.py:161} INFO - Processing /home/airflow/.local/lib/python3.7/site-packages/airflow/example_dags/example_branch_operator_decorator.py took 0.123 seconds
[2022-09-15T16:53:13.319+0000] {processor.py:153} INFO - Started process (PID=1297) to work on /home/airflow/.local/lib/python3.7/site-packages/airflow/example_dags/example_branch_operator_decorator.py
[2022-09-15T16:53:13.324+0000] {processor.py:640} INFO - Processing file /home/airflow/.local/lib/python3.7/site-packages/airflow/example_dags/example_branch_operator_decorator.py for tasks to queue
[2022-09-15T16:53:13.326+0000] {logging_mixin.py:115} INFO - [2022-09-15T16:53:13.326+0000] {dagbag.py:508} INFO - Filling up the DagBag from /home/airflow/.local/lib/python3.7/site-packages/airflow/example_dags/example_branch_operator_decorator.py
[2022-09-15T16:53:13.345+0000] {processor.py:650} INFO - DAG(s) dict_keys(['example_branch_python_operator_decorator']) retrieved from /home/airflow/.local/lib/python3.7/site-packages/airflow/example_dags/example_branch_operator_decorator.py
[2022-09-15T16:53:13.381+0000] {logging_mixin.py:115} INFO - [2022-09-15T16:53:13.381+0000] {dag.py:2429} INFO - Sync 1 DAGs
[2022-09-15T16:53:13.409+0000] {logging_mixin.py:115} INFO - [2022-09-15T16:53:13.408+0000] {dag.py:2981} INFO - Setting next_dagrun for example_branch_python_operator_decorator to 2022-09-14T00:00:00+00:00, run_after=2022-09-15T00:00:00+00:00
[2022-09-15T16:53:13.425+0000] {processor.py:161} INFO - Processing /home/airflow/.local/lib/python3.7/site-packages/airflow/example_dags/example_branch_operator_decorator.py took 0.108 seconds
[2022-09-15T16:53:43.492+0000] {processor.py:153} INFO - Started process (PID=1364) to work on /home/airflow/.local/lib/python3.7/site-packages/airflow/example_dags/example_branch_operator_decorator.py
[2022-09-15T16:53:43.494+0000] {processor.py:640} INFO - Processing file /home/airflow/.local/lib/python3.7/site-packages/airflow/example_dags/example_branch_operator_decorator.py for tasks to queue
[2022-09-15T16:53:43.496+0000] {logging_mixin.py:115} INFO - [2022-09-15T16:53:43.496+0000] {dagbag.py:508} INFO - Filling up the DagBag from /home/airflow/.local/lib/python3.7/site-packages/airflow/example_dags/example_branch_operator_decorator.py
[2022-09-15T16:53:43.510+0000] {processor.py:650} INFO - DAG(s) dict_keys(['example_branch_python_operator_decorator']) retrieved from /home/airflow/.local/lib/python3.7/site-packages/airflow/example_dags/example_branch_operator_decorator.py
[2022-09-15T16:53:43.529+0000] {logging_mixin.py:115} INFO - [2022-09-15T16:53:43.529+0000] {dag.py:2429} INFO - Sync 1 DAGs
[2022-09-15T16:53:43.545+0000] {logging_mixin.py:115} INFO - [2022-09-15T16:53:43.545+0000] {dag.py:2981} INFO - Setting next_dagrun for example_branch_python_operator_decorator to 2022-09-14T00:00:00+00:00, run_after=2022-09-15T00:00:00+00:00
[2022-09-15T16:53:43.553+0000] {processor.py:161} INFO - Processing /home/airflow/.local/lib/python3.7/site-packages/airflow/example_dags/example_branch_operator_decorator.py took 0.063 seconds
[2022-09-15T16:54:14.565+0000] {processor.py:153} INFO - Started process (PID=1434) to work on /home/airflow/.local/lib/python3.7/site-packages/airflow/example_dags/example_branch_operator_decorator.py
[2022-09-15T16:54:14.567+0000] {processor.py:640} INFO - Processing file /home/airflow/.local/lib/python3.7/site-packages/airflow/example_dags/example_branch_operator_decorator.py for tasks to queue
[2022-09-15T16:54:14.568+0000] {logging_mixin.py:115} INFO - [2022-09-15T16:54:14.568+0000] {dagbag.py:508} INFO - Filling up the DagBag from /home/airflow/.local/lib/python3.7/site-packages/airflow/example_dags/example_branch_operator_decorator.py
[2022-09-15T16:54:14.579+0000] {processor.py:650} INFO - DAG(s) dict_keys(['example_branch_python_operator_decorator']) retrieved from /home/airflow/.local/lib/python3.7/site-packages/airflow/example_dags/example_branch_operator_decorator.py
[2022-09-15T16:54:14.598+0000] {logging_mixin.py:115} INFO - [2022-09-15T16:54:14.598+0000] {dag.py:2429} INFO - Sync 1 DAGs
[2022-09-15T16:54:14.613+0000] {logging_mixin.py:115} INFO - [2022-09-15T16:54:14.613+0000] {dag.py:2981} INFO - Setting next_dagrun for example_branch_python_operator_decorator to 2022-09-14T00:00:00+00:00, run_after=2022-09-15T00:00:00+00:00
[2022-09-15T16:54:14.621+0000] {processor.py:161} INFO - Processing /home/airflow/.local/lib/python3.7/site-packages/airflow/example_dags/example_branch_operator_decorator.py took 0.058 seconds
[2022-09-15T16:54:45.612+0000] {processor.py:153} INFO - Started process (PID=1499) to work on /home/airflow/.local/lib/python3.7/site-packages/airflow/example_dags/example_branch_operator_decorator.py
[2022-09-15T16:54:45.614+0000] {processor.py:640} INFO - Processing file /home/airflow/.local/lib/python3.7/site-packages/airflow/example_dags/example_branch_operator_decorator.py for tasks to queue
[2022-09-15T16:54:45.615+0000] {logging_mixin.py:115} INFO - [2022-09-15T16:54:45.615+0000] {dagbag.py:508} INFO - Filling up the DagBag from /home/airflow/.local/lib/python3.7/site-packages/airflow/example_dags/example_branch_operator_decorator.py
[2022-09-15T16:54:45.628+0000] {processor.py:650} INFO - DAG(s) dict_keys(['example_branch_python_operator_decorator']) retrieved from /home/airflow/.local/lib/python3.7/site-packages/airflow/example_dags/example_branch_operator_decorator.py
[2022-09-15T16:54:45.647+0000] {logging_mixin.py:115} INFO - [2022-09-15T16:54:45.647+0000] {dag.py:2429} INFO - Sync 1 DAGs
[2022-09-15T16:54:45.663+0000] {logging_mixin.py:115} INFO - [2022-09-15T16:54:45.663+0000] {dag.py:2981} INFO - Setting next_dagrun for example_branch_python_operator_decorator to 2022-09-14T00:00:00+00:00, run_after=2022-09-15T00:00:00+00:00
[2022-09-15T16:54:45.671+0000] {processor.py:161} INFO - Processing /home/airflow/.local/lib/python3.7/site-packages/airflow/example_dags/example_branch_operator_decorator.py took 0.061 seconds
[2022-09-15T16:55:15.877+0000] {processor.py:153} INFO - Started process (PID=1567) to work on /home/airflow/.local/lib/python3.7/site-packages/airflow/example_dags/example_branch_operator_decorator.py
[2022-09-15T16:55:15.879+0000] {processor.py:640} INFO - Processing file /home/airflow/.local/lib/python3.7/site-packages/airflow/example_dags/example_branch_operator_decorator.py for tasks to queue
[2022-09-15T16:55:15.880+0000] {logging_mixin.py:115} INFO - [2022-09-15T16:55:15.880+0000] {dagbag.py:508} INFO - Filling up the DagBag from /home/airflow/.local/lib/python3.7/site-packages/airflow/example_dags/example_branch_operator_decorator.py
[2022-09-15T16:55:15.895+0000] {processor.py:650} INFO - DAG(s) dict_keys(['example_branch_python_operator_decorator']) retrieved from /home/airflow/.local/lib/python3.7/site-packages/airflow/example_dags/example_branch_operator_decorator.py
[2022-09-15T16:55:15.917+0000] {logging_mixin.py:115} INFO - [2022-09-15T16:55:15.917+0000] {dag.py:2429} INFO - Sync 1 DAGs
[2022-09-15T16:55:15.943+0000] {logging_mixin.py:115} INFO - [2022-09-15T16:55:15.943+0000] {dag.py:2981} INFO - Setting next_dagrun for example_branch_python_operator_decorator to 2022-09-14T00:00:00+00:00, run_after=2022-09-15T00:00:00+00:00
[2022-09-15T16:55:15.956+0000] {processor.py:161} INFO - Processing /home/airflow/.local/lib/python3.7/site-packages/airflow/example_dags/example_branch_operator_decorator.py took 0.082 seconds
[2022-09-15T16:55:46.914+0000] {processor.py:153} INFO - Started process (PID=1627) to work on /home/airflow/.local/lib/python3.7/site-packages/airflow/example_dags/example_branch_operator_decorator.py
[2022-09-15T16:55:46.916+0000] {processor.py:640} INFO - Processing file /home/airflow/.local/lib/python3.7/site-packages/airflow/example_dags/example_branch_operator_decorator.py for tasks to queue
[2022-09-15T16:55:46.917+0000] {logging_mixin.py:115} INFO - [2022-09-15T16:55:46.917+0000] {dagbag.py:508} INFO - Filling up the DagBag from /home/airflow/.local/lib/python3.7/site-packages/airflow/example_dags/example_branch_operator_decorator.py
[2022-09-15T16:55:46.930+0000] {processor.py:650} INFO - DAG(s) dict_keys(['example_branch_python_operator_decorator']) retrieved from /home/airflow/.local/lib/python3.7/site-packages/airflow/example_dags/example_branch_operator_decorator.py
[2022-09-15T16:55:46.958+0000] {logging_mixin.py:115} INFO - [2022-09-15T16:55:46.958+0000] {dag.py:2429} INFO - Sync 1 DAGs
[2022-09-15T16:55:46.976+0000] {logging_mixin.py:115} INFO - [2022-09-15T16:55:46.976+0000] {dag.py:2981} INFO - Setting next_dagrun for example_branch_python_operator_decorator to 2022-09-14T00:00:00+00:00, run_after=2022-09-15T00:00:00+00:00
[2022-09-15T16:55:46.991+0000] {processor.py:161} INFO - Processing /home/airflow/.local/lib/python3.7/site-packages/airflow/example_dags/example_branch_operator_decorator.py took 0.080 seconds
[2022-09-15T16:56:17.073+0000] {processor.py:153} INFO - Started process (PID=1693) to work on /home/airflow/.local/lib/python3.7/site-packages/airflow/example_dags/example_branch_operator_decorator.py
[2022-09-15T16:56:17.075+0000] {processor.py:640} INFO - Processing file /home/airflow/.local/lib/python3.7/site-packages/airflow/example_dags/example_branch_operator_decorator.py for tasks to queue
[2022-09-15T16:56:17.076+0000] {logging_mixin.py:115} INFO - [2022-09-15T16:56:17.076+0000] {dagbag.py:508} INFO - Filling up the DagBag from /home/airflow/.local/lib/python3.7/site-packages/airflow/example_dags/example_branch_operator_decorator.py
[2022-09-15T16:56:17.088+0000] {processor.py:650} INFO - DAG(s) dict_keys(['example_branch_python_operator_decorator']) retrieved from /home/airflow/.local/lib/python3.7/site-packages/airflow/example_dags/example_branch_operator_decorator.py
[2022-09-15T16:56:17.108+0000] {logging_mixin.py:115} INFO - [2022-09-15T16:56:17.108+0000] {dag.py:2429} INFO - Sync 1 DAGs
[2022-09-15T16:56:17.126+0000] {logging_mixin.py:115} INFO - [2022-09-15T16:56:17.126+0000] {dag.py:2981} INFO - Setting next_dagrun for example_branch_python_operator_decorator to 2022-09-14T00:00:00+00:00, run_after=2022-09-15T00:00:00+00:00
[2022-09-15T16:56:17.135+0000] {processor.py:161} INFO - Processing /home/airflow/.local/lib/python3.7/site-packages/airflow/example_dags/example_branch_operator_decorator.py took 0.066 seconds
[2022-09-15T16:56:47.992+0000] {processor.py:153} INFO - Started process (PID=1764) to work on /home/airflow/.local/lib/python3.7/site-packages/airflow/example_dags/example_branch_operator_decorator.py
[2022-09-15T16:56:47.994+0000] {processor.py:640} INFO - Processing file /home/airflow/.local/lib/python3.7/site-packages/airflow/example_dags/example_branch_operator_decorator.py for tasks to queue
[2022-09-15T16:56:47.995+0000] {logging_mixin.py:115} INFO - [2022-09-15T16:56:47.995+0000] {dagbag.py:508} INFO - Filling up the DagBag from /home/airflow/.local/lib/python3.7/site-packages/airflow/example_dags/example_branch_operator_decorator.py
[2022-09-15T16:56:48.006+0000] {processor.py:650} INFO - DAG(s) dict_keys(['example_branch_python_operator_decorator']) retrieved from /home/airflow/.local/lib/python3.7/site-packages/airflow/example_dags/example_branch_operator_decorator.py
[2022-09-15T16:56:48.026+0000] {logging_mixin.py:115} INFO - [2022-09-15T16:56:48.025+0000] {dag.py:2429} INFO - Sync 1 DAGs
[2022-09-15T16:56:48.041+0000] {logging_mixin.py:115} INFO - [2022-09-15T16:56:48.041+0000] {dag.py:2981} INFO - Setting next_dagrun for example_branch_python_operator_decorator to 2022-09-14T00:00:00+00:00, run_after=2022-09-15T00:00:00+00:00
[2022-09-15T16:56:48.052+0000] {processor.py:161} INFO - Processing /home/airflow/.local/lib/python3.7/site-packages/airflow/example_dags/example_branch_operator_decorator.py took 0.062 seconds
[2022-09-15T16:57:18.212+0000] {processor.py:153} INFO - Started process (PID=1829) to work on /home/airflow/.local/lib/python3.7/site-packages/airflow/example_dags/example_branch_operator_decorator.py
[2022-09-15T16:57:18.214+0000] {processor.py:640} INFO - Processing file /home/airflow/.local/lib/python3.7/site-packages/airflow/example_dags/example_branch_operator_decorator.py for tasks to queue
[2022-09-15T16:57:18.215+0000] {logging_mixin.py:115} INFO - [2022-09-15T16:57:18.215+0000] {dagbag.py:508} INFO - Filling up the DagBag from /home/airflow/.local/lib/python3.7/site-packages/airflow/example_dags/example_branch_operator_decorator.py
[2022-09-15T16:57:18.228+0000] {processor.py:650} INFO - DAG(s) dict_keys(['example_branch_python_operator_decorator']) retrieved from /home/airflow/.local/lib/python3.7/site-packages/airflow/example_dags/example_branch_operator_decorator.py
[2022-09-15T16:57:18.248+0000] {logging_mixin.py:115} INFO - [2022-09-15T16:57:18.248+0000] {dag.py:2429} INFO - Sync 1 DAGs
[2022-09-15T16:57:18.264+0000] {logging_mixin.py:115} INFO - [2022-09-15T16:57:18.264+0000] {dag.py:2981} INFO - Setting next_dagrun for example_branch_python_operator_decorator to 2022-09-14T00:00:00+00:00, run_after=2022-09-15T00:00:00+00:00
[2022-09-15T16:57:18.272+0000] {processor.py:161} INFO - Processing /home/airflow/.local/lib/python3.7/site-packages/airflow/example_dags/example_branch_operator_decorator.py took 0.062 seconds
[2022-09-15T16:57:48.556+0000] {processor.py:153} INFO - Started process (PID=1897) to work on /home/airflow/.local/lib/python3.7/site-packages/airflow/example_dags/example_branch_operator_decorator.py
[2022-09-15T16:57:48.559+0000] {processor.py:640} INFO - Processing file /home/airflow/.local/lib/python3.7/site-packages/airflow/example_dags/example_branch_operator_decorator.py for tasks to queue
[2022-09-15T16:57:48.560+0000] {logging_mixin.py:115} INFO - [2022-09-15T16:57:48.560+0000] {dagbag.py:508} INFO - Filling up the DagBag from /home/airflow/.local/lib/python3.7/site-packages/airflow/example_dags/example_branch_operator_decorator.py
[2022-09-15T16:57:48.574+0000] {processor.py:650} INFO - DAG(s) dict_keys(['example_branch_python_operator_decorator']) retrieved from /home/airflow/.local/lib/python3.7/site-packages/airflow/example_dags/example_branch_operator_decorator.py
[2022-09-15T16:57:48.601+0000] {logging_mixin.py:115} INFO - [2022-09-15T16:57:48.601+0000] {dag.py:2429} INFO - Sync 1 DAGs
[2022-09-15T16:57:48.627+0000] {logging_mixin.py:115} INFO - [2022-09-15T16:57:48.627+0000] {dag.py:2981} INFO - Setting next_dagrun for example_branch_python_operator_decorator to 2022-09-14T00:00:00+00:00, run_after=2022-09-15T00:00:00+00:00
[2022-09-15T16:57:48.638+0000] {processor.py:161} INFO - Processing /home/airflow/.local/lib/python3.7/site-packages/airflow/example_dags/example_branch_operator_decorator.py took 0.085 seconds
[2022-09-15T16:58:19.393+0000] {processor.py:153} INFO - Started process (PID=1956) to work on /home/airflow/.local/lib/python3.7/site-packages/airflow/example_dags/example_branch_operator_decorator.py
[2022-09-15T16:58:19.395+0000] {processor.py:640} INFO - Processing file /home/airflow/.local/lib/python3.7/site-packages/airflow/example_dags/example_branch_operator_decorator.py for tasks to queue
[2022-09-15T16:58:19.397+0000] {logging_mixin.py:115} INFO - [2022-09-15T16:58:19.397+0000] {dagbag.py:508} INFO - Filling up the DagBag from /home/airflow/.local/lib/python3.7/site-packages/airflow/example_dags/example_branch_operator_decorator.py
[2022-09-15T16:58:19.408+0000] {processor.py:650} INFO - DAG(s) dict_keys(['example_branch_python_operator_decorator']) retrieved from /home/airflow/.local/lib/python3.7/site-packages/airflow/example_dags/example_branch_operator_decorator.py
[2022-09-15T16:58:19.430+0000] {logging_mixin.py:115} INFO - [2022-09-15T16:58:19.429+0000] {dag.py:2429} INFO - Sync 1 DAGs
[2022-09-15T16:58:19.447+0000] {logging_mixin.py:115} INFO - [2022-09-15T16:58:19.447+0000] {dag.py:2981} INFO - Setting next_dagrun for example_branch_python_operator_decorator to 2022-09-14T00:00:00+00:00, run_after=2022-09-15T00:00:00+00:00
[2022-09-15T16:58:19.456+0000] {processor.py:161} INFO - Processing /home/airflow/.local/lib/python3.7/site-packages/airflow/example_dags/example_branch_operator_decorator.py took 0.065 seconds
[2022-09-15T16:58:49.492+0000] {processor.py:153} INFO - Started process (PID=2022) to work on /home/airflow/.local/lib/python3.7/site-packages/airflow/example_dags/example_branch_operator_decorator.py
[2022-09-15T16:58:49.494+0000] {processor.py:640} INFO - Processing file /home/airflow/.local/lib/python3.7/site-packages/airflow/example_dags/example_branch_operator_decorator.py for tasks to queue
[2022-09-15T16:58:49.495+0000] {logging_mixin.py:115} INFO - [2022-09-15T16:58:49.495+0000] {dagbag.py:508} INFO - Filling up the DagBag from /home/airflow/.local/lib/python3.7/site-packages/airflow/example_dags/example_branch_operator_decorator.py
[2022-09-15T16:58:49.507+0000] {processor.py:650} INFO - DAG(s) dict_keys(['example_branch_python_operator_decorator']) retrieved from /home/airflow/.local/lib/python3.7/site-packages/airflow/example_dags/example_branch_operator_decorator.py
[2022-09-15T16:58:49.528+0000] {logging_mixin.py:115} INFO - [2022-09-15T16:58:49.528+0000] {dag.py:2429} INFO - Sync 1 DAGs
[2022-09-15T16:58:49.543+0000] {logging_mixin.py:115} INFO - [2022-09-15T16:58:49.543+0000] {dag.py:2981} INFO - Setting next_dagrun for example_branch_python_operator_decorator to 2022-09-14T00:00:00+00:00, run_after=2022-09-15T00:00:00+00:00
[2022-09-15T16:58:49.551+0000] {processor.py:161} INFO - Processing /home/airflow/.local/lib/python3.7/site-packages/airflow/example_dags/example_branch_operator_decorator.py took 0.063 seconds
[2022-09-15T16:59:19.610+0000] {processor.py:153} INFO - Started process (PID=2090) to work on /home/airflow/.local/lib/python3.7/site-packages/airflow/example_dags/example_branch_operator_decorator.py
[2022-09-15T16:59:19.613+0000] {processor.py:640} INFO - Processing file /home/airflow/.local/lib/python3.7/site-packages/airflow/example_dags/example_branch_operator_decorator.py for tasks to queue
[2022-09-15T16:59:19.614+0000] {logging_mixin.py:115} INFO - [2022-09-15T16:59:19.614+0000] {dagbag.py:508} INFO - Filling up the DagBag from /home/airflow/.local/lib/python3.7/site-packages/airflow/example_dags/example_branch_operator_decorator.py
[2022-09-15T16:59:19.625+0000] {processor.py:650} INFO - DAG(s) dict_keys(['example_branch_python_operator_decorator']) retrieved from /home/airflow/.local/lib/python3.7/site-packages/airflow/example_dags/example_branch_operator_decorator.py
[2022-09-15T16:59:19.644+0000] {logging_mixin.py:115} INFO - [2022-09-15T16:59:19.644+0000] {dag.py:2429} INFO - Sync 1 DAGs
[2022-09-15T16:59:19.661+0000] {logging_mixin.py:115} INFO - [2022-09-15T16:59:19.661+0000] {dag.py:2981} INFO - Setting next_dagrun for example_branch_python_operator_decorator to 2022-09-14T00:00:00+00:00, run_after=2022-09-15T00:00:00+00:00
[2022-09-15T16:59:19.673+0000] {processor.py:161} INFO - Processing /home/airflow/.local/lib/python3.7/site-packages/airflow/example_dags/example_branch_operator_decorator.py took 0.065 seconds
[2022-09-15T16:59:50.724+0000] {processor.py:153} INFO - Started process (PID=2158) to work on /home/airflow/.local/lib/python3.7/site-packages/airflow/example_dags/example_branch_operator_decorator.py
[2022-09-15T16:59:50.726+0000] {processor.py:640} INFO - Processing file /home/airflow/.local/lib/python3.7/site-packages/airflow/example_dags/example_branch_operator_decorator.py for tasks to queue
[2022-09-15T16:59:50.727+0000] {logging_mixin.py:115} INFO - [2022-09-15T16:59:50.727+0000] {dagbag.py:508} INFO - Filling up the DagBag from /home/airflow/.local/lib/python3.7/site-packages/airflow/example_dags/example_branch_operator_decorator.py
[2022-09-15T16:59:50.742+0000] {processor.py:650} INFO - DAG(s) dict_keys(['example_branch_python_operator_decorator']) retrieved from /home/airflow/.local/lib/python3.7/site-packages/airflow/example_dags/example_branch_operator_decorator.py
[2022-09-15T16:59:50.761+0000] {logging_mixin.py:115} INFO - [2022-09-15T16:59:50.761+0000] {dag.py:2429} INFO - Sync 1 DAGs
[2022-09-15T16:59:50.779+0000] {logging_mixin.py:115} INFO - [2022-09-15T16:59:50.779+0000] {dag.py:2981} INFO - Setting next_dagrun for example_branch_python_operator_decorator to 2022-09-14T00:00:00+00:00, run_after=2022-09-15T00:00:00+00:00
[2022-09-15T16:59:50.789+0000] {processor.py:161} INFO - Processing /home/airflow/.local/lib/python3.7/site-packages/airflow/example_dags/example_branch_operator_decorator.py took 0.068 seconds
[2022-09-15T17:00:21.744+0000] {processor.py:153} INFO - Started process (PID=2218) to work on /home/airflow/.local/lib/python3.7/site-packages/airflow/example_dags/example_branch_operator_decorator.py
[2022-09-15T17:00:21.745+0000] {processor.py:640} INFO - Processing file /home/airflow/.local/lib/python3.7/site-packages/airflow/example_dags/example_branch_operator_decorator.py for tasks to queue
[2022-09-15T17:00:21.748+0000] {logging_mixin.py:115} INFO - [2022-09-15T17:00:21.748+0000] {dagbag.py:508} INFO - Filling up the DagBag from /home/airflow/.local/lib/python3.7/site-packages/airflow/example_dags/example_branch_operator_decorator.py
[2022-09-15T17:00:21.759+0000] {processor.py:650} INFO - DAG(s) dict_keys(['example_branch_python_operator_decorator']) retrieved from /home/airflow/.local/lib/python3.7/site-packages/airflow/example_dags/example_branch_operator_decorator.py
[2022-09-15T17:00:21.777+0000] {logging_mixin.py:115} INFO - [2022-09-15T17:00:21.777+0000] {dag.py:2429} INFO - Sync 1 DAGs
[2022-09-15T17:00:21.796+0000] {logging_mixin.py:115} INFO - [2022-09-15T17:00:21.796+0000] {dag.py:2981} INFO - Setting next_dagrun for example_branch_python_operator_decorator to 2022-09-14T00:00:00+00:00, run_after=2022-09-15T00:00:00+00:00
[2022-09-15T17:00:21.805+0000] {processor.py:161} INFO - Processing /home/airflow/.local/lib/python3.7/site-packages/airflow/example_dags/example_branch_operator_decorator.py took 0.064 seconds
[2022-09-15T17:00:52.034+0000] {processor.py:153} INFO - Started process (PID=2290) to work on /home/airflow/.local/lib/python3.7/site-packages/airflow/example_dags/example_branch_operator_decorator.py
[2022-09-15T17:00:52.051+0000] {processor.py:640} INFO - Processing file /home/airflow/.local/lib/python3.7/site-packages/airflow/example_dags/example_branch_operator_decorator.py for tasks to queue
[2022-09-15T17:00:52.053+0000] {logging_mixin.py:115} INFO - [2022-09-15T17:00:52.053+0000] {dagbag.py:508} INFO - Filling up the DagBag from /home/airflow/.local/lib/python3.7/site-packages/airflow/example_dags/example_branch_operator_decorator.py
[2022-09-15T17:00:52.065+0000] {processor.py:650} INFO - DAG(s) dict_keys(['example_branch_python_operator_decorator']) retrieved from /home/airflow/.local/lib/python3.7/site-packages/airflow/example_dags/example_branch_operator_decorator.py
[2022-09-15T17:00:52.086+0000] {logging_mixin.py:115} INFO - [2022-09-15T17:00:52.086+0000] {dag.py:2429} INFO - Sync 1 DAGs
[2022-09-15T17:00:52.102+0000] {logging_mixin.py:115} INFO - [2022-09-15T17:00:52.102+0000] {dag.py:2981} INFO - Setting next_dagrun for example_branch_python_operator_decorator to 2022-09-14T00:00:00+00:00, run_after=2022-09-15T00:00:00+00:00
[2022-09-15T17:00:52.111+0000] {processor.py:161} INFO - Processing /home/airflow/.local/lib/python3.7/site-packages/airflow/example_dags/example_branch_operator_decorator.py took 0.079 seconds
[2022-09-15T17:01:23.030+0000] {processor.py:153} INFO - Started process (PID=2354) to work on /home/airflow/.local/lib/python3.7/site-packages/airflow/example_dags/example_branch_operator_decorator.py
[2022-09-15T17:01:23.032+0000] {processor.py:640} INFO - Processing file /home/airflow/.local/lib/python3.7/site-packages/airflow/example_dags/example_branch_operator_decorator.py for tasks to queue
[2022-09-15T17:01:23.034+0000] {logging_mixin.py:115} INFO - [2022-09-15T17:01:23.033+0000] {dagbag.py:508} INFO - Filling up the DagBag from /home/airflow/.local/lib/python3.7/site-packages/airflow/example_dags/example_branch_operator_decorator.py
[2022-09-15T17:01:23.046+0000] {processor.py:650} INFO - DAG(s) dict_keys(['example_branch_python_operator_decorator']) retrieved from /home/airflow/.local/lib/python3.7/site-packages/airflow/example_dags/example_branch_operator_decorator.py
[2022-09-15T17:01:23.065+0000] {logging_mixin.py:115} INFO - [2022-09-15T17:01:23.065+0000] {dag.py:2429} INFO - Sync 1 DAGs
[2022-09-15T17:01:23.080+0000] {logging_mixin.py:115} INFO - [2022-09-15T17:01:23.080+0000] {dag.py:2981} INFO - Setting next_dagrun for example_branch_python_operator_decorator to 2022-09-14T00:00:00+00:00, run_after=2022-09-15T00:00:00+00:00
[2022-09-15T17:01:23.087+0000] {processor.py:161} INFO - Processing /home/airflow/.local/lib/python3.7/site-packages/airflow/example_dags/example_branch_operator_decorator.py took 0.059 seconds
[2022-09-15T17:01:54.007+0000] {processor.py:153} INFO - Started process (PID=2423) to work on /home/airflow/.local/lib/python3.7/site-packages/airflow/example_dags/example_branch_operator_decorator.py
[2022-09-15T17:01:54.010+0000] {processor.py:640} INFO - Processing file /home/airflow/.local/lib/python3.7/site-packages/airflow/example_dags/example_branch_operator_decorator.py for tasks to queue
[2022-09-15T17:01:54.011+0000] {logging_mixin.py:115} INFO - [2022-09-15T17:01:54.011+0000] {dagbag.py:508} INFO - Filling up the DagBag from /home/airflow/.local/lib/python3.7/site-packages/airflow/example_dags/example_branch_operator_decorator.py
[2022-09-15T17:01:54.023+0000] {processor.py:650} INFO - DAG(s) dict_keys(['example_branch_python_operator_decorator']) retrieved from /home/airflow/.local/lib/python3.7/site-packages/airflow/example_dags/example_branch_operator_decorator.py
[2022-09-15T17:01:54.042+0000] {logging_mixin.py:115} INFO - [2022-09-15T17:01:54.042+0000] {dag.py:2429} INFO - Sync 1 DAGs
[2022-09-15T17:01:54.057+0000] {logging_mixin.py:115} INFO - [2022-09-15T17:01:54.057+0000] {dag.py:2981} INFO - Setting next_dagrun for example_branch_python_operator_decorator to 2022-09-14T00:00:00+00:00, run_after=2022-09-15T00:00:00+00:00
[2022-09-15T17:01:54.065+0000] {processor.py:161} INFO - Processing /home/airflow/.local/lib/python3.7/site-packages/airflow/example_dags/example_branch_operator_decorator.py took 0.061 seconds
[2022-09-15T17:02:24.330+0000] {processor.py:153} INFO - Started process (PID=2492) to work on /home/airflow/.local/lib/python3.7/site-packages/airflow/example_dags/example_branch_operator_decorator.py
[2022-09-15T17:02:24.332+0000] {processor.py:640} INFO - Processing file /home/airflow/.local/lib/python3.7/site-packages/airflow/example_dags/example_branch_operator_decorator.py for tasks to queue
[2022-09-15T17:02:24.334+0000] {logging_mixin.py:115} INFO - [2022-09-15T17:02:24.334+0000] {dagbag.py:508} INFO - Filling up the DagBag from /home/airflow/.local/lib/python3.7/site-packages/airflow/example_dags/example_branch_operator_decorator.py
[2022-09-15T17:02:24.348+0000] {processor.py:650} INFO - DAG(s) dict_keys(['example_branch_python_operator_decorator']) retrieved from /home/airflow/.local/lib/python3.7/site-packages/airflow/example_dags/example_branch_operator_decorator.py
[2022-09-15T17:02:24.371+0000] {logging_mixin.py:115} INFO - [2022-09-15T17:02:24.371+0000] {dag.py:2429} INFO - Sync 1 DAGs
[2022-09-15T17:02:24.391+0000] {logging_mixin.py:115} INFO - [2022-09-15T17:02:24.391+0000] {dag.py:2981} INFO - Setting next_dagrun for example_branch_python_operator_decorator to 2022-09-14T00:00:00+00:00, run_after=2022-09-15T00:00:00+00:00
[2022-09-15T17:02:24.402+0000] {processor.py:161} INFO - Processing /home/airflow/.local/lib/python3.7/site-packages/airflow/example_dags/example_branch_operator_decorator.py took 0.075 seconds
[2022-09-15T17:02:54.562+0000] {processor.py:153} INFO - Started process (PID=2550) to work on /home/airflow/.local/lib/python3.7/site-packages/airflow/example_dags/example_branch_operator_decorator.py
[2022-09-15T17:02:54.564+0000] {processor.py:640} INFO - Processing file /home/airflow/.local/lib/python3.7/site-packages/airflow/example_dags/example_branch_operator_decorator.py for tasks to queue
[2022-09-15T17:02:54.565+0000] {logging_mixin.py:115} INFO - [2022-09-15T17:02:54.565+0000] {dagbag.py:508} INFO - Filling up the DagBag from /home/airflow/.local/lib/python3.7/site-packages/airflow/example_dags/example_branch_operator_decorator.py
[2022-09-15T17:02:54.576+0000] {processor.py:650} INFO - DAG(s) dict_keys(['example_branch_python_operator_decorator']) retrieved from /home/airflow/.local/lib/python3.7/site-packages/airflow/example_dags/example_branch_operator_decorator.py
[2022-09-15T17:02:54.595+0000] {logging_mixin.py:115} INFO - [2022-09-15T17:02:54.595+0000] {dag.py:2429} INFO - Sync 1 DAGs
[2022-09-15T17:02:54.609+0000] {logging_mixin.py:115} INFO - [2022-09-15T17:02:54.609+0000] {dag.py:2981} INFO - Setting next_dagrun for example_branch_python_operator_decorator to 2022-09-14T00:00:00+00:00, run_after=2022-09-15T00:00:00+00:00
[2022-09-15T17:02:54.618+0000] {processor.py:161} INFO - Processing /home/airflow/.local/lib/python3.7/site-packages/airflow/example_dags/example_branch_operator_decorator.py took 0.058 seconds
[2022-09-15T17:03:24.733+0000] {processor.py:153} INFO - Started process (PID=2620) to work on /home/airflow/.local/lib/python3.7/site-packages/airflow/example_dags/example_branch_operator_decorator.py
[2022-09-15T17:03:24.735+0000] {processor.py:640} INFO - Processing file /home/airflow/.local/lib/python3.7/site-packages/airflow/example_dags/example_branch_operator_decorator.py for tasks to queue
[2022-09-15T17:03:24.737+0000] {logging_mixin.py:115} INFO - [2022-09-15T17:03:24.737+0000] {dagbag.py:508} INFO - Filling up the DagBag from /home/airflow/.local/lib/python3.7/site-packages/airflow/example_dags/example_branch_operator_decorator.py
[2022-09-15T17:03:24.751+0000] {processor.py:650} INFO - DAG(s) dict_keys(['example_branch_python_operator_decorator']) retrieved from /home/airflow/.local/lib/python3.7/site-packages/airflow/example_dags/example_branch_operator_decorator.py
[2022-09-15T17:03:24.772+0000] {logging_mixin.py:115} INFO - [2022-09-15T17:03:24.772+0000] {dag.py:2429} INFO - Sync 1 DAGs
[2022-09-15T17:03:24.789+0000] {logging_mixin.py:115} INFO - [2022-09-15T17:03:24.789+0000] {dag.py:2981} INFO - Setting next_dagrun for example_branch_python_operator_decorator to 2022-09-14T00:00:00+00:00, run_after=2022-09-15T00:00:00+00:00
[2022-09-15T17:03:24.798+0000] {processor.py:161} INFO - Processing /home/airflow/.local/lib/python3.7/site-packages/airflow/example_dags/example_branch_operator_decorator.py took 0.067 seconds
[2022-09-15T17:03:54.955+0000] {processor.py:153} INFO - Started process (PID=2688) to work on /home/airflow/.local/lib/python3.7/site-packages/airflow/example_dags/example_branch_operator_decorator.py
[2022-09-15T17:03:54.957+0000] {processor.py:640} INFO - Processing file /home/airflow/.local/lib/python3.7/site-packages/airflow/example_dags/example_branch_operator_decorator.py for tasks to queue
[2022-09-15T17:03:54.958+0000] {logging_mixin.py:115} INFO - [2022-09-15T17:03:54.958+0000] {dagbag.py:508} INFO - Filling up the DagBag from /home/airflow/.local/lib/python3.7/site-packages/airflow/example_dags/example_branch_operator_decorator.py
[2022-09-15T17:03:54.970+0000] {processor.py:650} INFO - DAG(s) dict_keys(['example_branch_python_operator_decorator']) retrieved from /home/airflow/.local/lib/python3.7/site-packages/airflow/example_dags/example_branch_operator_decorator.py
[2022-09-15T17:03:54.989+0000] {logging_mixin.py:115} INFO - [2022-09-15T17:03:54.989+0000] {dag.py:2429} INFO - Sync 1 DAGs
[2022-09-15T17:03:55.006+0000] {logging_mixin.py:115} INFO - [2022-09-15T17:03:55.006+0000] {dag.py:2981} INFO - Setting next_dagrun for example_branch_python_operator_decorator to 2022-09-14T00:00:00+00:00, run_after=2022-09-15T00:00:00+00:00
[2022-09-15T17:03:55.015+0000] {processor.py:161} INFO - Processing /home/airflow/.local/lib/python3.7/site-packages/airflow/example_dags/example_branch_operator_decorator.py took 0.062 seconds
[2022-09-15T17:04:25.147+0000] {processor.py:153} INFO - Started process (PID=2756) to work on /home/airflow/.local/lib/python3.7/site-packages/airflow/example_dags/example_branch_operator_decorator.py
[2022-09-15T17:04:25.149+0000] {processor.py:640} INFO - Processing file /home/airflow/.local/lib/python3.7/site-packages/airflow/example_dags/example_branch_operator_decorator.py for tasks to queue
[2022-09-15T17:04:25.150+0000] {logging_mixin.py:115} INFO - [2022-09-15T17:04:25.150+0000] {dagbag.py:508} INFO - Filling up the DagBag from /home/airflow/.local/lib/python3.7/site-packages/airflow/example_dags/example_branch_operator_decorator.py
[2022-09-15T17:04:25.167+0000] {processor.py:650} INFO - DAG(s) dict_keys(['example_branch_python_operator_decorator']) retrieved from /home/airflow/.local/lib/python3.7/site-packages/airflow/example_dags/example_branch_operator_decorator.py
[2022-09-15T17:04:25.188+0000] {logging_mixin.py:115} INFO - [2022-09-15T17:04:25.188+0000] {dag.py:2429} INFO - Sync 1 DAGs
[2022-09-15T17:04:25.205+0000] {logging_mixin.py:115} INFO - [2022-09-15T17:04:25.205+0000] {dag.py:2981} INFO - Setting next_dagrun for example_branch_python_operator_decorator to 2022-09-14T00:00:00+00:00, run_after=2022-09-15T00:00:00+00:00
[2022-09-15T17:04:25.213+0000] {processor.py:161} INFO - Processing /home/airflow/.local/lib/python3.7/site-packages/airflow/example_dags/example_branch_operator_decorator.py took 0.069 seconds
[2022-09-15T17:04:55.250+0000] {processor.py:153} INFO - Started process (PID=2812) to work on /home/airflow/.local/lib/python3.7/site-packages/airflow/example_dags/example_branch_operator_decorator.py
[2022-09-15T17:04:55.254+0000] {processor.py:640} INFO - Processing file /home/airflow/.local/lib/python3.7/site-packages/airflow/example_dags/example_branch_operator_decorator.py for tasks to queue
[2022-09-15T17:04:55.255+0000] {logging_mixin.py:115} INFO - [2022-09-15T17:04:55.255+0000] {dagbag.py:508} INFO - Filling up the DagBag from /home/airflow/.local/lib/python3.7/site-packages/airflow/example_dags/example_branch_operator_decorator.py
[2022-09-15T17:04:55.269+0000] {processor.py:650} INFO - DAG(s) dict_keys(['example_branch_python_operator_decorator']) retrieved from /home/airflow/.local/lib/python3.7/site-packages/airflow/example_dags/example_branch_operator_decorator.py
[2022-09-15T17:04:55.292+0000] {logging_mixin.py:115} INFO - [2022-09-15T17:04:55.292+0000] {dag.py:2429} INFO - Sync 1 DAGs
[2022-09-15T17:04:55.309+0000] {logging_mixin.py:115} INFO - [2022-09-15T17:04:55.309+0000] {dag.py:2981} INFO - Setting next_dagrun for example_branch_python_operator_decorator to 2022-09-14T00:00:00+00:00, run_after=2022-09-15T00:00:00+00:00
[2022-09-15T17:04:55.319+0000] {processor.py:161} INFO - Processing /home/airflow/.local/lib/python3.7/site-packages/airflow/example_dags/example_branch_operator_decorator.py took 0.072 seconds
