[2022-09-15T16:43:30.672+0000] {processor.py:153} INFO - Started process (PID=66) to work on /home/airflow/.local/lib/python3.7/site-packages/airflow/example_dags/example_dag_decorator.py
[2022-09-15T16:43:30.681+0000] {processor.py:640} INFO - Processing file /home/airflow/.local/lib/python3.7/site-packages/airflow/example_dags/example_dag_decorator.py for tasks to queue
[2022-09-15T16:43:30.689+0000] {logging_mixin.py:115} INFO - [2022-09-15T16:43:30.689+0000] {dagbag.py:508} INFO - Filling up the DagBag from /home/airflow/.local/lib/python3.7/site-packages/airflow/example_dags/example_dag_decorator.py
[2022-09-15T16:43:30.932+0000] {processor.py:650} INFO - DAG(s) dict_keys(['example_dag_decorator']) retrieved from /home/airflow/.local/lib/python3.7/site-packages/airflow/example_dags/example_dag_decorator.py
[2022-09-15T16:43:31.209+0000] {logging_mixin.py:115} INFO - [2022-09-15T16:43:31.209+0000] {manager.py:508} INFO - Created Permission View: can delete on DAG:example_dag_decorator
[2022-09-15T16:43:31.234+0000] {logging_mixin.py:115} INFO - [2022-09-15T16:43:31.233+0000] {manager.py:508} INFO - Created Permission View: can read on DAG:example_dag_decorator
[2022-09-15T16:43:31.255+0000] {logging_mixin.py:115} INFO - [2022-09-15T16:43:31.255+0000] {manager.py:508} INFO - Created Permission View: can edit on DAG:example_dag_decorator
[2022-09-15T16:43:31.258+0000] {logging_mixin.py:115} INFO - [2022-09-15T16:43:31.257+0000] {dag.py:2429} INFO - Sync 1 DAGs
[2022-09-15T16:43:31.274+0000] {logging_mixin.py:115} INFO - [2022-09-15T16:43:31.274+0000] {dag.py:2448} INFO - Creating ORM DAG for example_dag_decorator
[2022-09-15T16:43:31.291+0000] {logging_mixin.py:115} INFO - [2022-09-15T16:43:31.291+0000] {dag.py:2981} INFO - Setting next_dagrun for example_dag_decorator to None, run_after=None
[2022-09-15T16:43:31.314+0000] {processor.py:161} INFO - Processing /home/airflow/.local/lib/python3.7/site-packages/airflow/example_dags/example_dag_decorator.py took 0.657 seconds
[2022-09-15T16:44:01.633+0000] {processor.py:153} INFO - Started process (PID=122) to work on /home/airflow/.local/lib/python3.7/site-packages/airflow/example_dags/example_dag_decorator.py
[2022-09-15T16:44:01.637+0000] {processor.py:640} INFO - Processing file /home/airflow/.local/lib/python3.7/site-packages/airflow/example_dags/example_dag_decorator.py for tasks to queue
[2022-09-15T16:44:01.641+0000] {logging_mixin.py:115} INFO - [2022-09-15T16:44:01.641+0000] {dagbag.py:508} INFO - Filling up the DagBag from /home/airflow/.local/lib/python3.7/site-packages/airflow/example_dags/example_dag_decorator.py
[2022-09-15T16:44:01.673+0000] {processor.py:650} INFO - DAG(s) dict_keys(['example_dag_decorator']) retrieved from /home/airflow/.local/lib/python3.7/site-packages/airflow/example_dags/example_dag_decorator.py
[2022-09-15T16:44:01.722+0000] {logging_mixin.py:115} INFO - [2022-09-15T16:44:01.722+0000] {dag.py:2429} INFO - Sync 1 DAGs
[2022-09-15T16:44:01.735+0000] {logging_mixin.py:115} INFO - [2022-09-15T16:44:01.735+0000] {dag.py:2981} INFO - Setting next_dagrun for example_dag_decorator to None, run_after=None
[2022-09-15T16:44:01.746+0000] {processor.py:161} INFO - Processing /home/airflow/.local/lib/python3.7/site-packages/airflow/example_dags/example_dag_decorator.py took 0.115 seconds
[2022-09-15T16:44:31.822+0000] {processor.py:153} INFO - Started process (PID=188) to work on /home/airflow/.local/lib/python3.7/site-packages/airflow/example_dags/example_dag_decorator.py
[2022-09-15T16:44:31.824+0000] {processor.py:640} INFO - Processing file /home/airflow/.local/lib/python3.7/site-packages/airflow/example_dags/example_dag_decorator.py for tasks to queue
[2022-09-15T16:44:31.825+0000] {logging_mixin.py:115} INFO - [2022-09-15T16:44:31.825+0000] {dagbag.py:508} INFO - Filling up the DagBag from /home/airflow/.local/lib/python3.7/site-packages/airflow/example_dags/example_dag_decorator.py
[2022-09-15T16:44:31.843+0000] {processor.py:650} INFO - DAG(s) dict_keys(['example_dag_decorator']) retrieved from /home/airflow/.local/lib/python3.7/site-packages/airflow/example_dags/example_dag_decorator.py
[2022-09-15T16:44:31.885+0000] {logging_mixin.py:115} INFO - [2022-09-15T16:44:31.885+0000] {dag.py:2429} INFO - Sync 1 DAGs
[2022-09-15T16:44:31.896+0000] {logging_mixin.py:115} INFO - [2022-09-15T16:44:31.896+0000] {dag.py:2981} INFO - Setting next_dagrun for example_dag_decorator to None, run_after=None
[2022-09-15T16:44:31.904+0000] {processor.py:161} INFO - Processing /home/airflow/.local/lib/python3.7/site-packages/airflow/example_dags/example_dag_decorator.py took 0.085 seconds
[2022-09-15T16:45:01.930+0000] {processor.py:153} INFO - Started process (PID=254) to work on /home/airflow/.local/lib/python3.7/site-packages/airflow/example_dags/example_dag_decorator.py
[2022-09-15T16:45:01.932+0000] {processor.py:640} INFO - Processing file /home/airflow/.local/lib/python3.7/site-packages/airflow/example_dags/example_dag_decorator.py for tasks to queue
[2022-09-15T16:45:01.933+0000] {logging_mixin.py:115} INFO - [2022-09-15T16:45:01.933+0000] {dagbag.py:508} INFO - Filling up the DagBag from /home/airflow/.local/lib/python3.7/site-packages/airflow/example_dags/example_dag_decorator.py
[2022-09-15T16:45:01.948+0000] {processor.py:650} INFO - DAG(s) dict_keys(['example_dag_decorator']) retrieved from /home/airflow/.local/lib/python3.7/site-packages/airflow/example_dags/example_dag_decorator.py
[2022-09-15T16:45:01.992+0000] {logging_mixin.py:115} INFO - [2022-09-15T16:45:01.992+0000] {dag.py:2429} INFO - Sync 1 DAGs
[2022-09-15T16:45:02.004+0000] {logging_mixin.py:115} INFO - [2022-09-15T16:45:02.004+0000] {dag.py:2981} INFO - Setting next_dagrun for example_dag_decorator to None, run_after=None
[2022-09-15T16:45:02.012+0000] {processor.py:161} INFO - Processing /home/airflow/.local/lib/python3.7/site-packages/airflow/example_dags/example_dag_decorator.py took 0.084 seconds
[2022-09-15T16:45:32.081+0000] {processor.py:153} INFO - Started process (PID=321) to work on /home/airflow/.local/lib/python3.7/site-packages/airflow/example_dags/example_dag_decorator.py
[2022-09-15T16:45:32.084+0000] {processor.py:640} INFO - Processing file /home/airflow/.local/lib/python3.7/site-packages/airflow/example_dags/example_dag_decorator.py for tasks to queue
[2022-09-15T16:45:32.085+0000] {logging_mixin.py:115} INFO - [2022-09-15T16:45:32.085+0000] {dagbag.py:508} INFO - Filling up the DagBag from /home/airflow/.local/lib/python3.7/site-packages/airflow/example_dags/example_dag_decorator.py
[2022-09-15T16:45:32.103+0000] {processor.py:650} INFO - DAG(s) dict_keys(['example_dag_decorator']) retrieved from /home/airflow/.local/lib/python3.7/site-packages/airflow/example_dags/example_dag_decorator.py
[2022-09-15T16:45:32.149+0000] {logging_mixin.py:115} INFO - [2022-09-15T16:45:32.149+0000] {dag.py:2429} INFO - Sync 1 DAGs
[2022-09-15T16:45:32.162+0000] {logging_mixin.py:115} INFO - [2022-09-15T16:45:32.162+0000] {dag.py:2981} INFO - Setting next_dagrun for example_dag_decorator to None, run_after=None
[2022-09-15T16:45:32.172+0000] {processor.py:161} INFO - Processing /home/airflow/.local/lib/python3.7/site-packages/airflow/example_dags/example_dag_decorator.py took 0.093 seconds
[2022-09-15T16:46:03.218+0000] {processor.py:153} INFO - Started process (PID=388) to work on /home/airflow/.local/lib/python3.7/site-packages/airflow/example_dags/example_dag_decorator.py
[2022-09-15T16:46:03.219+0000] {processor.py:640} INFO - Processing file /home/airflow/.local/lib/python3.7/site-packages/airflow/example_dags/example_dag_decorator.py for tasks to queue
[2022-09-15T16:46:03.221+0000] {logging_mixin.py:115} INFO - [2022-09-15T16:46:03.221+0000] {dagbag.py:508} INFO - Filling up the DagBag from /home/airflow/.local/lib/python3.7/site-packages/airflow/example_dags/example_dag_decorator.py
[2022-09-15T16:46:03.235+0000] {processor.py:650} INFO - DAG(s) dict_keys(['example_dag_decorator']) retrieved from /home/airflow/.local/lib/python3.7/site-packages/airflow/example_dags/example_dag_decorator.py
[2022-09-15T16:46:03.273+0000] {logging_mixin.py:115} INFO - [2022-09-15T16:46:03.273+0000] {dag.py:2429} INFO - Sync 1 DAGs
[2022-09-15T16:46:03.285+0000] {logging_mixin.py:115} INFO - [2022-09-15T16:46:03.285+0000] {dag.py:2981} INFO - Setting next_dagrun for example_dag_decorator to None, run_after=None
[2022-09-15T16:46:03.294+0000] {processor.py:161} INFO - Processing /home/airflow/.local/lib/python3.7/site-packages/airflow/example_dags/example_dag_decorator.py took 0.078 seconds
[2022-09-15T16:46:34.144+0000] {processor.py:153} INFO - Started process (PID=452) to work on /home/airflow/.local/lib/python3.7/site-packages/airflow/example_dags/example_dag_decorator.py
[2022-09-15T16:46:34.146+0000] {processor.py:640} INFO - Processing file /home/airflow/.local/lib/python3.7/site-packages/airflow/example_dags/example_dag_decorator.py for tasks to queue
[2022-09-15T16:46:34.147+0000] {logging_mixin.py:115} INFO - [2022-09-15T16:46:34.147+0000] {dagbag.py:508} INFO - Filling up the DagBag from /home/airflow/.local/lib/python3.7/site-packages/airflow/example_dags/example_dag_decorator.py
[2022-09-15T16:46:34.163+0000] {processor.py:650} INFO - DAG(s) dict_keys(['example_dag_decorator']) retrieved from /home/airflow/.local/lib/python3.7/site-packages/airflow/example_dags/example_dag_decorator.py
[2022-09-15T16:46:34.183+0000] {logging_mixin.py:115} INFO - [2022-09-15T16:46:34.183+0000] {dag.py:2429} INFO - Sync 1 DAGs
[2022-09-15T16:46:34.198+0000] {logging_mixin.py:115} INFO - [2022-09-15T16:46:34.198+0000] {dag.py:2981} INFO - Setting next_dagrun for example_dag_decorator to None, run_after=None
[2022-09-15T16:46:34.206+0000] {processor.py:161} INFO - Processing /home/airflow/.local/lib/python3.7/site-packages/airflow/example_dags/example_dag_decorator.py took 0.064 seconds
[2022-09-15T16:47:05.112+0000] {processor.py:153} INFO - Started process (PID=513) to work on /home/airflow/.local/lib/python3.7/site-packages/airflow/example_dags/example_dag_decorator.py
[2022-09-15T16:47:05.114+0000] {processor.py:640} INFO - Processing file /home/airflow/.local/lib/python3.7/site-packages/airflow/example_dags/example_dag_decorator.py for tasks to queue
[2022-09-15T16:47:05.116+0000] {logging_mixin.py:115} INFO - [2022-09-15T16:47:05.116+0000] {dagbag.py:508} INFO - Filling up the DagBag from /home/airflow/.local/lib/python3.7/site-packages/airflow/example_dags/example_dag_decorator.py
[2022-09-15T16:47:05.133+0000] {processor.py:650} INFO - DAG(s) dict_keys(['example_dag_decorator']) retrieved from /home/airflow/.local/lib/python3.7/site-packages/airflow/example_dags/example_dag_decorator.py
[2022-09-15T16:47:05.185+0000] {logging_mixin.py:115} INFO - [2022-09-15T16:47:05.184+0000] {dag.py:2429} INFO - Sync 1 DAGs
[2022-09-15T16:47:05.205+0000] {logging_mixin.py:115} INFO - [2022-09-15T16:47:05.205+0000] {dag.py:2981} INFO - Setting next_dagrun for example_dag_decorator to None, run_after=None
[2022-09-15T16:47:05.218+0000] {processor.py:161} INFO - Processing /home/airflow/.local/lib/python3.7/site-packages/airflow/example_dags/example_dag_decorator.py took 0.108 seconds
[2022-09-15T16:47:36.049+0000] {processor.py:153} INFO - Started process (PID=581) to work on /home/airflow/.local/lib/python3.7/site-packages/airflow/example_dags/example_dag_decorator.py
[2022-09-15T16:47:36.050+0000] {processor.py:640} INFO - Processing file /home/airflow/.local/lib/python3.7/site-packages/airflow/example_dags/example_dag_decorator.py for tasks to queue
[2022-09-15T16:47:36.051+0000] {logging_mixin.py:115} INFO - [2022-09-15T16:47:36.051+0000] {dagbag.py:508} INFO - Filling up the DagBag from /home/airflow/.local/lib/python3.7/site-packages/airflow/example_dags/example_dag_decorator.py
[2022-09-15T16:47:36.067+0000] {processor.py:650} INFO - DAG(s) dict_keys(['example_dag_decorator']) retrieved from /home/airflow/.local/lib/python3.7/site-packages/airflow/example_dags/example_dag_decorator.py
[2022-09-15T16:47:36.110+0000] {logging_mixin.py:115} INFO - [2022-09-15T16:47:36.110+0000] {dag.py:2429} INFO - Sync 1 DAGs
[2022-09-15T16:47:36.122+0000] {logging_mixin.py:115} INFO - [2022-09-15T16:47:36.122+0000] {dag.py:2981} INFO - Setting next_dagrun for example_dag_decorator to None, run_after=None
[2022-09-15T16:47:36.133+0000] {processor.py:161} INFO - Processing /home/airflow/.local/lib/python3.7/site-packages/airflow/example_dags/example_dag_decorator.py took 0.086 seconds
[2022-09-15T16:48:06.844+0000] {processor.py:153} INFO - Started process (PID=649) to work on /home/airflow/.local/lib/python3.7/site-packages/airflow/example_dags/example_dag_decorator.py
[2022-09-15T16:48:06.846+0000] {processor.py:640} INFO - Processing file /home/airflow/.local/lib/python3.7/site-packages/airflow/example_dags/example_dag_decorator.py for tasks to queue
[2022-09-15T16:48:06.847+0000] {logging_mixin.py:115} INFO - [2022-09-15T16:48:06.847+0000] {dagbag.py:508} INFO - Filling up the DagBag from /home/airflow/.local/lib/python3.7/site-packages/airflow/example_dags/example_dag_decorator.py
[2022-09-15T16:48:06.862+0000] {processor.py:650} INFO - DAG(s) dict_keys(['example_dag_decorator']) retrieved from /home/airflow/.local/lib/python3.7/site-packages/airflow/example_dags/example_dag_decorator.py
[2022-09-15T16:48:06.904+0000] {logging_mixin.py:115} INFO - [2022-09-15T16:48:06.904+0000] {dag.py:2429} INFO - Sync 1 DAGs
[2022-09-15T16:48:06.916+0000] {logging_mixin.py:115} INFO - [2022-09-15T16:48:06.916+0000] {dag.py:2981} INFO - Setting next_dagrun for example_dag_decorator to None, run_after=None
[2022-09-15T16:48:06.926+0000] {processor.py:161} INFO - Processing /home/airflow/.local/lib/python3.7/site-packages/airflow/example_dags/example_dag_decorator.py took 0.084 seconds
[2022-09-15T16:48:36.991+0000] {processor.py:153} INFO - Started process (PID=714) to work on /home/airflow/.local/lib/python3.7/site-packages/airflow/example_dags/example_dag_decorator.py
[2022-09-15T16:48:36.993+0000] {processor.py:640} INFO - Processing file /home/airflow/.local/lib/python3.7/site-packages/airflow/example_dags/example_dag_decorator.py for tasks to queue
[2022-09-15T16:48:36.994+0000] {logging_mixin.py:115} INFO - [2022-09-15T16:48:36.994+0000] {dagbag.py:508} INFO - Filling up the DagBag from /home/airflow/.local/lib/python3.7/site-packages/airflow/example_dags/example_dag_decorator.py
[2022-09-15T16:48:37.011+0000] {processor.py:650} INFO - DAG(s) dict_keys(['example_dag_decorator']) retrieved from /home/airflow/.local/lib/python3.7/site-packages/airflow/example_dags/example_dag_decorator.py
[2022-09-15T16:48:37.109+0000] {logging_mixin.py:115} INFO - [2022-09-15T16:48:37.109+0000] {dag.py:2429} INFO - Sync 1 DAGs
[2022-09-15T16:48:37.128+0000] {logging_mixin.py:115} INFO - [2022-09-15T16:48:37.128+0000] {dag.py:2981} INFO - Setting next_dagrun for example_dag_decorator to None, run_after=None
[2022-09-15T16:48:37.140+0000] {processor.py:161} INFO - Processing /home/airflow/.local/lib/python3.7/site-packages/airflow/example_dags/example_dag_decorator.py took 0.151 seconds
[2022-09-15T16:49:08.035+0000] {processor.py:153} INFO - Started process (PID=780) to work on /home/airflow/.local/lib/python3.7/site-packages/airflow/example_dags/example_dag_decorator.py
[2022-09-15T16:49:08.037+0000] {processor.py:640} INFO - Processing file /home/airflow/.local/lib/python3.7/site-packages/airflow/example_dags/example_dag_decorator.py for tasks to queue
[2022-09-15T16:49:08.038+0000] {logging_mixin.py:115} INFO - [2022-09-15T16:49:08.038+0000] {dagbag.py:508} INFO - Filling up the DagBag from /home/airflow/.local/lib/python3.7/site-packages/airflow/example_dags/example_dag_decorator.py
[2022-09-15T16:49:08.060+0000] {processor.py:650} INFO - DAG(s) dict_keys(['example_dag_decorator']) retrieved from /home/airflow/.local/lib/python3.7/site-packages/airflow/example_dags/example_dag_decorator.py
[2022-09-15T16:49:08.103+0000] {logging_mixin.py:115} INFO - [2022-09-15T16:49:08.103+0000] {dag.py:2429} INFO - Sync 1 DAGs
[2022-09-15T16:49:08.116+0000] {logging_mixin.py:115} INFO - [2022-09-15T16:49:08.116+0000] {dag.py:2981} INFO - Setting next_dagrun for example_dag_decorator to None, run_after=None
[2022-09-15T16:49:08.128+0000] {processor.py:161} INFO - Processing /home/airflow/.local/lib/python3.7/site-packages/airflow/example_dags/example_dag_decorator.py took 0.095 seconds
[2022-09-15T16:49:38.207+0000] {processor.py:153} INFO - Started process (PID=847) to work on /home/airflow/.local/lib/python3.7/site-packages/airflow/example_dags/example_dag_decorator.py
[2022-09-15T16:49:38.209+0000] {processor.py:640} INFO - Processing file /home/airflow/.local/lib/python3.7/site-packages/airflow/example_dags/example_dag_decorator.py for tasks to queue
[2022-09-15T16:49:38.210+0000] {logging_mixin.py:115} INFO - [2022-09-15T16:49:38.210+0000] {dagbag.py:508} INFO - Filling up the DagBag from /home/airflow/.local/lib/python3.7/site-packages/airflow/example_dags/example_dag_decorator.py
[2022-09-15T16:49:38.232+0000] {processor.py:650} INFO - DAG(s) dict_keys(['example_dag_decorator']) retrieved from /home/airflow/.local/lib/python3.7/site-packages/airflow/example_dags/example_dag_decorator.py
[2022-09-15T16:49:38.323+0000] {logging_mixin.py:115} INFO - [2022-09-15T16:49:38.323+0000] {dag.py:2429} INFO - Sync 1 DAGs
[2022-09-15T16:49:38.338+0000] {logging_mixin.py:115} INFO - [2022-09-15T16:49:38.338+0000] {dag.py:2981} INFO - Setting next_dagrun for example_dag_decorator to None, run_after=None
[2022-09-15T16:49:38.354+0000] {processor.py:161} INFO - Processing /home/airflow/.local/lib/python3.7/site-packages/airflow/example_dags/example_dag_decorator.py took 0.150 seconds
[2022-09-15T16:50:08.426+0000] {processor.py:153} INFO - Started process (PID=904) to work on /home/airflow/.local/lib/python3.7/site-packages/airflow/example_dags/example_dag_decorator.py
[2022-09-15T16:50:08.428+0000] {processor.py:640} INFO - Processing file /home/airflow/.local/lib/python3.7/site-packages/airflow/example_dags/example_dag_decorator.py for tasks to queue
[2022-09-15T16:50:08.429+0000] {logging_mixin.py:115} INFO - [2022-09-15T16:50:08.429+0000] {dagbag.py:508} INFO - Filling up the DagBag from /home/airflow/.local/lib/python3.7/site-packages/airflow/example_dags/example_dag_decorator.py
[2022-09-15T16:50:08.444+0000] {processor.py:650} INFO - DAG(s) dict_keys(['example_dag_decorator']) retrieved from /home/airflow/.local/lib/python3.7/site-packages/airflow/example_dags/example_dag_decorator.py
[2022-09-15T16:50:08.489+0000] {logging_mixin.py:115} INFO - [2022-09-15T16:50:08.489+0000] {dag.py:2429} INFO - Sync 1 DAGs
[2022-09-15T16:50:08.508+0000] {logging_mixin.py:115} INFO - [2022-09-15T16:50:08.508+0000] {dag.py:2981} INFO - Setting next_dagrun for example_dag_decorator to None, run_after=None
[2022-09-15T16:50:08.518+0000] {processor.py:161} INFO - Processing /home/airflow/.local/lib/python3.7/site-packages/airflow/example_dags/example_dag_decorator.py took 0.094 seconds
[2022-09-15T16:50:39.361+0000] {processor.py:153} INFO - Started process (PID=973) to work on /home/airflow/.local/lib/python3.7/site-packages/airflow/example_dags/example_dag_decorator.py
[2022-09-15T16:50:39.363+0000] {processor.py:640} INFO - Processing file /home/airflow/.local/lib/python3.7/site-packages/airflow/example_dags/example_dag_decorator.py for tasks to queue
[2022-09-15T16:50:39.364+0000] {logging_mixin.py:115} INFO - [2022-09-15T16:50:39.364+0000] {dagbag.py:508} INFO - Filling up the DagBag from /home/airflow/.local/lib/python3.7/site-packages/airflow/example_dags/example_dag_decorator.py
[2022-09-15T16:50:39.381+0000] {processor.py:650} INFO - DAG(s) dict_keys(['example_dag_decorator']) retrieved from /home/airflow/.local/lib/python3.7/site-packages/airflow/example_dags/example_dag_decorator.py
[2022-09-15T16:50:39.427+0000] {logging_mixin.py:115} INFO - [2022-09-15T16:50:39.427+0000] {dag.py:2429} INFO - Sync 1 DAGs
[2022-09-15T16:50:39.443+0000] {logging_mixin.py:115} INFO - [2022-09-15T16:50:39.443+0000] {dag.py:2981} INFO - Setting next_dagrun for example_dag_decorator to None, run_after=None
[2022-09-15T16:50:39.456+0000] {processor.py:161} INFO - Processing /home/airflow/.local/lib/python3.7/site-packages/airflow/example_dags/example_dag_decorator.py took 0.097 seconds
[2022-09-15T16:51:10.214+0000] {processor.py:153} INFO - Started process (PID=1039) to work on /home/airflow/.local/lib/python3.7/site-packages/airflow/example_dags/example_dag_decorator.py
[2022-09-15T16:51:10.216+0000] {processor.py:640} INFO - Processing file /home/airflow/.local/lib/python3.7/site-packages/airflow/example_dags/example_dag_decorator.py for tasks to queue
[2022-09-15T16:51:10.218+0000] {logging_mixin.py:115} INFO - [2022-09-15T16:51:10.218+0000] {dagbag.py:508} INFO - Filling up the DagBag from /home/airflow/.local/lib/python3.7/site-packages/airflow/example_dags/example_dag_decorator.py
[2022-09-15T16:51:10.234+0000] {processor.py:650} INFO - DAG(s) dict_keys(['example_dag_decorator']) retrieved from /home/airflow/.local/lib/python3.7/site-packages/airflow/example_dags/example_dag_decorator.py
[2022-09-15T16:51:10.271+0000] {logging_mixin.py:115} INFO - [2022-09-15T16:51:10.271+0000] {dag.py:2429} INFO - Sync 1 DAGs
[2022-09-15T16:51:10.293+0000] {logging_mixin.py:115} INFO - [2022-09-15T16:51:10.292+0000] {dag.py:2981} INFO - Setting next_dagrun for example_dag_decorator to None, run_after=None
[2022-09-15T16:51:10.303+0000] {processor.py:161} INFO - Processing /home/airflow/.local/lib/python3.7/site-packages/airflow/example_dags/example_dag_decorator.py took 0.091 seconds
[2022-09-15T16:51:41.266+0000] {processor.py:153} INFO - Started process (PID=1109) to work on /home/airflow/.local/lib/python3.7/site-packages/airflow/example_dags/example_dag_decorator.py
[2022-09-15T16:51:41.268+0000] {processor.py:640} INFO - Processing file /home/airflow/.local/lib/python3.7/site-packages/airflow/example_dags/example_dag_decorator.py for tasks to queue
[2022-09-15T16:51:41.269+0000] {logging_mixin.py:115} INFO - [2022-09-15T16:51:41.269+0000] {dagbag.py:508} INFO - Filling up the DagBag from /home/airflow/.local/lib/python3.7/site-packages/airflow/example_dags/example_dag_decorator.py
[2022-09-15T16:51:41.285+0000] {processor.py:650} INFO - DAG(s) dict_keys(['example_dag_decorator']) retrieved from /home/airflow/.local/lib/python3.7/site-packages/airflow/example_dags/example_dag_decorator.py
[2022-09-15T16:51:41.329+0000] {logging_mixin.py:115} INFO - [2022-09-15T16:51:41.329+0000] {dag.py:2429} INFO - Sync 1 DAGs
[2022-09-15T16:51:41.344+0000] {logging_mixin.py:115} INFO - [2022-09-15T16:51:41.344+0000] {dag.py:2981} INFO - Setting next_dagrun for example_dag_decorator to None, run_after=None
[2022-09-15T16:51:41.356+0000] {processor.py:161} INFO - Processing /home/airflow/.local/lib/python3.7/site-packages/airflow/example_dags/example_dag_decorator.py took 0.092 seconds
[2022-09-15T16:52:12.215+0000] {processor.py:153} INFO - Started process (PID=1174) to work on /home/airflow/.local/lib/python3.7/site-packages/airflow/example_dags/example_dag_decorator.py
[2022-09-15T16:52:12.217+0000] {processor.py:640} INFO - Processing file /home/airflow/.local/lib/python3.7/site-packages/airflow/example_dags/example_dag_decorator.py for tasks to queue
[2022-09-15T16:52:12.218+0000] {logging_mixin.py:115} INFO - [2022-09-15T16:52:12.218+0000] {dagbag.py:508} INFO - Filling up the DagBag from /home/airflow/.local/lib/python3.7/site-packages/airflow/example_dags/example_dag_decorator.py
[2022-09-15T16:52:12.233+0000] {processor.py:650} INFO - DAG(s) dict_keys(['example_dag_decorator']) retrieved from /home/airflow/.local/lib/python3.7/site-packages/airflow/example_dags/example_dag_decorator.py
[2022-09-15T16:52:12.253+0000] {logging_mixin.py:115} INFO - [2022-09-15T16:52:12.253+0000] {dag.py:2429} INFO - Sync 1 DAGs
[2022-09-15T16:52:12.267+0000] {logging_mixin.py:115} INFO - [2022-09-15T16:52:12.267+0000] {dag.py:2981} INFO - Setting next_dagrun for example_dag_decorator to None, run_after=None
[2022-09-15T16:52:12.275+0000] {processor.py:161} INFO - Processing /home/airflow/.local/lib/python3.7/site-packages/airflow/example_dags/example_dag_decorator.py took 0.063 seconds
[2022-09-15T16:52:43.187+0000] {processor.py:153} INFO - Started process (PID=1242) to work on /home/airflow/.local/lib/python3.7/site-packages/airflow/example_dags/example_dag_decorator.py
[2022-09-15T16:52:43.190+0000] {processor.py:640} INFO - Processing file /home/airflow/.local/lib/python3.7/site-packages/airflow/example_dags/example_dag_decorator.py for tasks to queue
[2022-09-15T16:52:43.197+0000] {logging_mixin.py:115} INFO - [2022-09-15T16:52:43.196+0000] {dagbag.py:508} INFO - Filling up the DagBag from /home/airflow/.local/lib/python3.7/site-packages/airflow/example_dags/example_dag_decorator.py
[2022-09-15T16:52:43.223+0000] {processor.py:650} INFO - DAG(s) dict_keys(['example_dag_decorator']) retrieved from /home/airflow/.local/lib/python3.7/site-packages/airflow/example_dags/example_dag_decorator.py
[2022-09-15T16:52:43.276+0000] {logging_mixin.py:115} INFO - [2022-09-15T16:52:43.276+0000] {dag.py:2429} INFO - Sync 1 DAGs
[2022-09-15T16:52:43.298+0000] {logging_mixin.py:115} INFO - [2022-09-15T16:52:43.298+0000] {dag.py:2981} INFO - Setting next_dagrun for example_dag_decorator to None, run_after=None
[2022-09-15T16:52:43.310+0000] {processor.py:161} INFO - Processing /home/airflow/.local/lib/python3.7/site-packages/airflow/example_dags/example_dag_decorator.py took 0.126 seconds
[2022-09-15T16:53:13.462+0000] {processor.py:153} INFO - Started process (PID=1298) to work on /home/airflow/.local/lib/python3.7/site-packages/airflow/example_dags/example_dag_decorator.py
[2022-09-15T16:53:13.466+0000] {processor.py:640} INFO - Processing file /home/airflow/.local/lib/python3.7/site-packages/airflow/example_dags/example_dag_decorator.py for tasks to queue
[2022-09-15T16:53:13.467+0000] {logging_mixin.py:115} INFO - [2022-09-15T16:53:13.467+0000] {dagbag.py:508} INFO - Filling up the DagBag from /home/airflow/.local/lib/python3.7/site-packages/airflow/example_dags/example_dag_decorator.py
[2022-09-15T16:53:13.496+0000] {processor.py:650} INFO - DAG(s) dict_keys(['example_dag_decorator']) retrieved from /home/airflow/.local/lib/python3.7/site-packages/airflow/example_dags/example_dag_decorator.py
[2022-09-15T16:53:13.558+0000] {logging_mixin.py:115} INFO - [2022-09-15T16:53:13.558+0000] {dag.py:2429} INFO - Sync 1 DAGs
[2022-09-15T16:53:13.572+0000] {logging_mixin.py:115} INFO - [2022-09-15T16:53:13.572+0000] {dag.py:2981} INFO - Setting next_dagrun for example_dag_decorator to None, run_after=None
[2022-09-15T16:53:13.583+0000] {processor.py:161} INFO - Processing /home/airflow/.local/lib/python3.7/site-packages/airflow/example_dags/example_dag_decorator.py took 0.129 seconds
[2022-09-15T16:53:43.728+0000] {processor.py:153} INFO - Started process (PID=1366) to work on /home/airflow/.local/lib/python3.7/site-packages/airflow/example_dags/example_dag_decorator.py
[2022-09-15T16:53:43.730+0000] {processor.py:640} INFO - Processing file /home/airflow/.local/lib/python3.7/site-packages/airflow/example_dags/example_dag_decorator.py for tasks to queue
[2022-09-15T16:53:43.732+0000] {logging_mixin.py:115} INFO - [2022-09-15T16:53:43.732+0000] {dagbag.py:508} INFO - Filling up the DagBag from /home/airflow/.local/lib/python3.7/site-packages/airflow/example_dags/example_dag_decorator.py
[2022-09-15T16:53:43.751+0000] {processor.py:650} INFO - DAG(s) dict_keys(['example_dag_decorator']) retrieved from /home/airflow/.local/lib/python3.7/site-packages/airflow/example_dags/example_dag_decorator.py
[2022-09-15T16:53:43.810+0000] {logging_mixin.py:115} INFO - [2022-09-15T16:53:43.810+0000] {dag.py:2429} INFO - Sync 1 DAGs
[2022-09-15T16:53:43.825+0000] {logging_mixin.py:115} INFO - [2022-09-15T16:53:43.825+0000] {dag.py:2981} INFO - Setting next_dagrun for example_dag_decorator to None, run_after=None
[2022-09-15T16:53:43.838+0000] {processor.py:161} INFO - Processing /home/airflow/.local/lib/python3.7/site-packages/airflow/example_dags/example_dag_decorator.py took 0.112 seconds
[2022-09-15T16:54:14.644+0000] {processor.py:153} INFO - Started process (PID=1435) to work on /home/airflow/.local/lib/python3.7/site-packages/airflow/example_dags/example_dag_decorator.py
[2022-09-15T16:54:14.646+0000] {processor.py:640} INFO - Processing file /home/airflow/.local/lib/python3.7/site-packages/airflow/example_dags/example_dag_decorator.py for tasks to queue
[2022-09-15T16:54:14.647+0000] {logging_mixin.py:115} INFO - [2022-09-15T16:54:14.647+0000] {dagbag.py:508} INFO - Filling up the DagBag from /home/airflow/.local/lib/python3.7/site-packages/airflow/example_dags/example_dag_decorator.py
[2022-09-15T16:54:14.662+0000] {processor.py:650} INFO - DAG(s) dict_keys(['example_dag_decorator']) retrieved from /home/airflow/.local/lib/python3.7/site-packages/airflow/example_dags/example_dag_decorator.py
[2022-09-15T16:54:14.702+0000] {logging_mixin.py:115} INFO - [2022-09-15T16:54:14.702+0000] {dag.py:2429} INFO - Sync 1 DAGs
[2022-09-15T16:54:14.713+0000] {logging_mixin.py:115} INFO - [2022-09-15T16:54:14.713+0000] {dag.py:2981} INFO - Setting next_dagrun for example_dag_decorator to None, run_after=None
[2022-09-15T16:54:14.721+0000] {processor.py:161} INFO - Processing /home/airflow/.local/lib/python3.7/site-packages/airflow/example_dags/example_dag_decorator.py took 0.079 seconds
[2022-09-15T16:54:45.685+0000] {processor.py:153} INFO - Started process (PID=1500) to work on /home/airflow/.local/lib/python3.7/site-packages/airflow/example_dags/example_dag_decorator.py
[2022-09-15T16:54:45.686+0000] {processor.py:640} INFO - Processing file /home/airflow/.local/lib/python3.7/site-packages/airflow/example_dags/example_dag_decorator.py for tasks to queue
[2022-09-15T16:54:45.688+0000] {logging_mixin.py:115} INFO - [2022-09-15T16:54:45.688+0000] {dagbag.py:508} INFO - Filling up the DagBag from /home/airflow/.local/lib/python3.7/site-packages/airflow/example_dags/example_dag_decorator.py
[2022-09-15T16:54:45.703+0000] {processor.py:650} INFO - DAG(s) dict_keys(['example_dag_decorator']) retrieved from /home/airflow/.local/lib/python3.7/site-packages/airflow/example_dags/example_dag_decorator.py
[2022-09-15T16:54:45.748+0000] {logging_mixin.py:115} INFO - [2022-09-15T16:54:45.748+0000] {dag.py:2429} INFO - Sync 1 DAGs
[2022-09-15T16:54:45.760+0000] {logging_mixin.py:115} INFO - [2022-09-15T16:54:45.759+0000] {dag.py:2981} INFO - Setting next_dagrun for example_dag_decorator to None, run_after=None
[2022-09-15T16:54:45.770+0000] {processor.py:161} INFO - Processing /home/airflow/.local/lib/python3.7/site-packages/airflow/example_dags/example_dag_decorator.py took 0.088 seconds
[2022-09-15T16:55:15.953+0000] {processor.py:153} INFO - Started process (PID=1568) to work on /home/airflow/.local/lib/python3.7/site-packages/airflow/example_dags/example_dag_decorator.py
[2022-09-15T16:55:15.954+0000] {processor.py:640} INFO - Processing file /home/airflow/.local/lib/python3.7/site-packages/airflow/example_dags/example_dag_decorator.py for tasks to queue
[2022-09-15T16:55:15.956+0000] {logging_mixin.py:115} INFO - [2022-09-15T16:55:15.956+0000] {dagbag.py:508} INFO - Filling up the DagBag from /home/airflow/.local/lib/python3.7/site-packages/airflow/example_dags/example_dag_decorator.py
[2022-09-15T16:55:15.975+0000] {processor.py:650} INFO - DAG(s) dict_keys(['example_dag_decorator']) retrieved from /home/airflow/.local/lib/python3.7/site-packages/airflow/example_dags/example_dag_decorator.py
[2022-09-15T16:55:16.028+0000] {logging_mixin.py:115} INFO - [2022-09-15T16:55:16.028+0000] {dag.py:2429} INFO - Sync 1 DAGs
[2022-09-15T16:55:16.042+0000] {logging_mixin.py:115} INFO - [2022-09-15T16:55:16.042+0000] {dag.py:2981} INFO - Setting next_dagrun for example_dag_decorator to None, run_after=None
[2022-09-15T16:55:16.053+0000] {processor.py:161} INFO - Processing /home/airflow/.local/lib/python3.7/site-packages/airflow/example_dags/example_dag_decorator.py took 0.104 seconds
[2022-09-15T16:55:47.028+0000] {processor.py:153} INFO - Started process (PID=1628) to work on /home/airflow/.local/lib/python3.7/site-packages/airflow/example_dags/example_dag_decorator.py
[2022-09-15T16:55:47.034+0000] {processor.py:640} INFO - Processing file /home/airflow/.local/lib/python3.7/site-packages/airflow/example_dags/example_dag_decorator.py for tasks to queue
[2022-09-15T16:55:47.035+0000] {logging_mixin.py:115} INFO - [2022-09-15T16:55:47.035+0000] {dagbag.py:508} INFO - Filling up the DagBag from /home/airflow/.local/lib/python3.7/site-packages/airflow/example_dags/example_dag_decorator.py
[2022-09-15T16:55:47.055+0000] {processor.py:650} INFO - DAG(s) dict_keys(['example_dag_decorator']) retrieved from /home/airflow/.local/lib/python3.7/site-packages/airflow/example_dags/example_dag_decorator.py
[2022-09-15T16:55:47.103+0000] {logging_mixin.py:115} INFO - [2022-09-15T16:55:47.103+0000] {dag.py:2429} INFO - Sync 1 DAGs
[2022-09-15T16:55:47.117+0000] {logging_mixin.py:115} INFO - [2022-09-15T16:55:47.116+0000] {dag.py:2981} INFO - Setting next_dagrun for example_dag_decorator to None, run_after=None
[2022-09-15T16:55:47.127+0000] {processor.py:161} INFO - Processing /home/airflow/.local/lib/python3.7/site-packages/airflow/example_dags/example_dag_decorator.py took 0.103 seconds
[2022-09-15T16:56:17.160+0000] {processor.py:153} INFO - Started process (PID=1694) to work on /home/airflow/.local/lib/python3.7/site-packages/airflow/example_dags/example_dag_decorator.py
[2022-09-15T16:56:17.161+0000] {processor.py:640} INFO - Processing file /home/airflow/.local/lib/python3.7/site-packages/airflow/example_dags/example_dag_decorator.py for tasks to queue
[2022-09-15T16:56:17.162+0000] {logging_mixin.py:115} INFO - [2022-09-15T16:56:17.162+0000] {dagbag.py:508} INFO - Filling up the DagBag from /home/airflow/.local/lib/python3.7/site-packages/airflow/example_dags/example_dag_decorator.py
[2022-09-15T16:56:17.176+0000] {processor.py:650} INFO - DAG(s) dict_keys(['example_dag_decorator']) retrieved from /home/airflow/.local/lib/python3.7/site-packages/airflow/example_dags/example_dag_decorator.py
[2022-09-15T16:56:17.197+0000] {logging_mixin.py:115} INFO - [2022-09-15T16:56:17.197+0000] {dag.py:2429} INFO - Sync 1 DAGs
[2022-09-15T16:56:17.213+0000] {logging_mixin.py:115} INFO - [2022-09-15T16:56:17.213+0000] {dag.py:2981} INFO - Setting next_dagrun for example_dag_decorator to None, run_after=None
[2022-09-15T16:56:17.221+0000] {processor.py:161} INFO - Processing /home/airflow/.local/lib/python3.7/site-packages/airflow/example_dags/example_dag_decorator.py took 0.064 seconds
[2022-09-15T16:56:48.055+0000] {processor.py:153} INFO - Started process (PID=1765) to work on /home/airflow/.local/lib/python3.7/site-packages/airflow/example_dags/example_dag_decorator.py
[2022-09-15T16:56:48.057+0000] {processor.py:640} INFO - Processing file /home/airflow/.local/lib/python3.7/site-packages/airflow/example_dags/example_dag_decorator.py for tasks to queue
[2022-09-15T16:56:48.058+0000] {logging_mixin.py:115} INFO - [2022-09-15T16:56:48.058+0000] {dagbag.py:508} INFO - Filling up the DagBag from /home/airflow/.local/lib/python3.7/site-packages/airflow/example_dags/example_dag_decorator.py
[2022-09-15T16:56:48.073+0000] {processor.py:650} INFO - DAG(s) dict_keys(['example_dag_decorator']) retrieved from /home/airflow/.local/lib/python3.7/site-packages/airflow/example_dags/example_dag_decorator.py
[2022-09-15T16:56:48.096+0000] {logging_mixin.py:115} INFO - [2022-09-15T16:56:48.096+0000] {dag.py:2429} INFO - Sync 1 DAGs
[2022-09-15T16:56:48.110+0000] {logging_mixin.py:115} INFO - [2022-09-15T16:56:48.109+0000] {dag.py:2981} INFO - Setting next_dagrun for example_dag_decorator to None, run_after=None
[2022-09-15T16:56:48.118+0000] {processor.py:161} INFO - Processing /home/airflow/.local/lib/python3.7/site-packages/airflow/example_dags/example_dag_decorator.py took 0.065 seconds
[2022-09-15T16:57:18.290+0000] {processor.py:153} INFO - Started process (PID=1830) to work on /home/airflow/.local/lib/python3.7/site-packages/airflow/example_dags/example_dag_decorator.py
[2022-09-15T16:57:18.291+0000] {processor.py:640} INFO - Processing file /home/airflow/.local/lib/python3.7/site-packages/airflow/example_dags/example_dag_decorator.py for tasks to queue
[2022-09-15T16:57:18.293+0000] {logging_mixin.py:115} INFO - [2022-09-15T16:57:18.293+0000] {dagbag.py:508} INFO - Filling up the DagBag from /home/airflow/.local/lib/python3.7/site-packages/airflow/example_dags/example_dag_decorator.py
[2022-09-15T16:57:18.308+0000] {processor.py:650} INFO - DAG(s) dict_keys(['example_dag_decorator']) retrieved from /home/airflow/.local/lib/python3.7/site-packages/airflow/example_dags/example_dag_decorator.py
[2022-09-15T16:57:18.330+0000] {logging_mixin.py:115} INFO - [2022-09-15T16:57:18.330+0000] {dag.py:2429} INFO - Sync 1 DAGs
[2022-09-15T16:57:18.344+0000] {logging_mixin.py:115} INFO - [2022-09-15T16:57:18.344+0000] {dag.py:2981} INFO - Setting next_dagrun for example_dag_decorator to None, run_after=None
[2022-09-15T16:57:18.353+0000] {processor.py:161} INFO - Processing /home/airflow/.local/lib/python3.7/site-packages/airflow/example_dags/example_dag_decorator.py took 0.065 seconds
[2022-09-15T16:57:48.674+0000] {processor.py:153} INFO - Started process (PID=1898) to work on /home/airflow/.local/lib/python3.7/site-packages/airflow/example_dags/example_dag_decorator.py
[2022-09-15T16:57:48.676+0000] {processor.py:640} INFO - Processing file /home/airflow/.local/lib/python3.7/site-packages/airflow/example_dags/example_dag_decorator.py for tasks to queue
[2022-09-15T16:57:48.700+0000] {logging_mixin.py:115} INFO - [2022-09-15T16:57:48.699+0000] {dagbag.py:508} INFO - Filling up the DagBag from /home/airflow/.local/lib/python3.7/site-packages/airflow/example_dags/example_dag_decorator.py
[2022-09-15T16:57:48.719+0000] {processor.py:650} INFO - DAG(s) dict_keys(['example_dag_decorator']) retrieved from /home/airflow/.local/lib/python3.7/site-packages/airflow/example_dags/example_dag_decorator.py
[2022-09-15T16:57:48.770+0000] {logging_mixin.py:115} INFO - [2022-09-15T16:57:48.770+0000] {dag.py:2429} INFO - Sync 1 DAGs
[2022-09-15T16:57:48.782+0000] {logging_mixin.py:115} INFO - [2022-09-15T16:57:48.782+0000] {dag.py:2981} INFO - Setting next_dagrun for example_dag_decorator to None, run_after=None
[2022-09-15T16:57:48.792+0000] {processor.py:161} INFO - Processing /home/airflow/.local/lib/python3.7/site-packages/airflow/example_dags/example_dag_decorator.py took 0.121 seconds
[2022-09-15T16:58:19.472+0000] {processor.py:153} INFO - Started process (PID=1957) to work on /home/airflow/.local/lib/python3.7/site-packages/airflow/example_dags/example_dag_decorator.py
[2022-09-15T16:58:19.473+0000] {processor.py:640} INFO - Processing file /home/airflow/.local/lib/python3.7/site-packages/airflow/example_dags/example_dag_decorator.py for tasks to queue
[2022-09-15T16:58:19.474+0000] {logging_mixin.py:115} INFO - [2022-09-15T16:58:19.474+0000] {dagbag.py:508} INFO - Filling up the DagBag from /home/airflow/.local/lib/python3.7/site-packages/airflow/example_dags/example_dag_decorator.py
[2022-09-15T16:58:19.489+0000] {processor.py:650} INFO - DAG(s) dict_keys(['example_dag_decorator']) retrieved from /home/airflow/.local/lib/python3.7/site-packages/airflow/example_dags/example_dag_decorator.py
[2022-09-15T16:58:19.527+0000] {logging_mixin.py:115} INFO - [2022-09-15T16:58:19.527+0000] {dag.py:2429} INFO - Sync 1 DAGs
[2022-09-15T16:58:19.537+0000] {logging_mixin.py:115} INFO - [2022-09-15T16:58:19.537+0000] {dag.py:2981} INFO - Setting next_dagrun for example_dag_decorator to None, run_after=None
[2022-09-15T16:58:19.545+0000] {processor.py:161} INFO - Processing /home/airflow/.local/lib/python3.7/site-packages/airflow/example_dags/example_dag_decorator.py took 0.076 seconds
[2022-09-15T16:58:49.572+0000] {processor.py:153} INFO - Started process (PID=2023) to work on /home/airflow/.local/lib/python3.7/site-packages/airflow/example_dags/example_dag_decorator.py
[2022-09-15T16:58:49.574+0000] {processor.py:640} INFO - Processing file /home/airflow/.local/lib/python3.7/site-packages/airflow/example_dags/example_dag_decorator.py for tasks to queue
[2022-09-15T16:58:49.575+0000] {logging_mixin.py:115} INFO - [2022-09-15T16:58:49.575+0000] {dagbag.py:508} INFO - Filling up the DagBag from /home/airflow/.local/lib/python3.7/site-packages/airflow/example_dags/example_dag_decorator.py
[2022-09-15T16:58:49.589+0000] {processor.py:650} INFO - DAG(s) dict_keys(['example_dag_decorator']) retrieved from /home/airflow/.local/lib/python3.7/site-packages/airflow/example_dags/example_dag_decorator.py
[2022-09-15T16:58:49.632+0000] {logging_mixin.py:115} INFO - [2022-09-15T16:58:49.632+0000] {dag.py:2429} INFO - Sync 1 DAGs
[2022-09-15T16:58:49.645+0000] {logging_mixin.py:115} INFO - [2022-09-15T16:58:49.645+0000] {dag.py:2981} INFO - Setting next_dagrun for example_dag_decorator to None, run_after=None
[2022-09-15T16:58:49.654+0000] {processor.py:161} INFO - Processing /home/airflow/.local/lib/python3.7/site-packages/airflow/example_dags/example_dag_decorator.py took 0.084 seconds
[2022-09-15T16:59:19.696+0000] {processor.py:153} INFO - Started process (PID=2092) to work on /home/airflow/.local/lib/python3.7/site-packages/airflow/example_dags/example_dag_decorator.py
[2022-09-15T16:59:19.698+0000] {processor.py:640} INFO - Processing file /home/airflow/.local/lib/python3.7/site-packages/airflow/example_dags/example_dag_decorator.py for tasks to queue
[2022-09-15T16:59:19.699+0000] {logging_mixin.py:115} INFO - [2022-09-15T16:59:19.698+0000] {dagbag.py:508} INFO - Filling up the DagBag from /home/airflow/.local/lib/python3.7/site-packages/airflow/example_dags/example_dag_decorator.py
[2022-09-15T16:59:19.712+0000] {processor.py:650} INFO - DAG(s) dict_keys(['example_dag_decorator']) retrieved from /home/airflow/.local/lib/python3.7/site-packages/airflow/example_dags/example_dag_decorator.py
[2022-09-15T16:59:19.731+0000] {logging_mixin.py:115} INFO - [2022-09-15T16:59:19.731+0000] {dag.py:2429} INFO - Sync 1 DAGs
[2022-09-15T16:59:19.745+0000] {logging_mixin.py:115} INFO - [2022-09-15T16:59:19.745+0000] {dag.py:2981} INFO - Setting next_dagrun for example_dag_decorator to None, run_after=None
[2022-09-15T16:59:19.754+0000] {processor.py:161} INFO - Processing /home/airflow/.local/lib/python3.7/site-packages/airflow/example_dags/example_dag_decorator.py took 0.060 seconds
[2022-09-15T16:59:50.784+0000] {processor.py:153} INFO - Started process (PID=2159) to work on /home/airflow/.local/lib/python3.7/site-packages/airflow/example_dags/example_dag_decorator.py
[2022-09-15T16:59:50.786+0000] {processor.py:640} INFO - Processing file /home/airflow/.local/lib/python3.7/site-packages/airflow/example_dags/example_dag_decorator.py for tasks to queue
[2022-09-15T16:59:50.788+0000] {logging_mixin.py:115} INFO - [2022-09-15T16:59:50.787+0000] {dagbag.py:508} INFO - Filling up the DagBag from /home/airflow/.local/lib/python3.7/site-packages/airflow/example_dags/example_dag_decorator.py
[2022-09-15T16:59:50.805+0000] {processor.py:650} INFO - DAG(s) dict_keys(['example_dag_decorator']) retrieved from /home/airflow/.local/lib/python3.7/site-packages/airflow/example_dags/example_dag_decorator.py
[2022-09-15T16:59:50.825+0000] {logging_mixin.py:115} INFO - [2022-09-15T16:59:50.825+0000] {dag.py:2429} INFO - Sync 1 DAGs
[2022-09-15T16:59:50.840+0000] {logging_mixin.py:115} INFO - [2022-09-15T16:59:50.840+0000] {dag.py:2981} INFO - Setting next_dagrun for example_dag_decorator to None, run_after=None
[2022-09-15T16:59:50.849+0000] {processor.py:161} INFO - Processing /home/airflow/.local/lib/python3.7/site-packages/airflow/example_dags/example_dag_decorator.py took 0.067 seconds
[2022-09-15T17:00:21.818+0000] {processor.py:153} INFO - Started process (PID=2219) to work on /home/airflow/.local/lib/python3.7/site-packages/airflow/example_dags/example_dag_decorator.py
[2022-09-15T17:00:21.832+0000] {processor.py:640} INFO - Processing file /home/airflow/.local/lib/python3.7/site-packages/airflow/example_dags/example_dag_decorator.py for tasks to queue
[2022-09-15T17:00:21.844+0000] {logging_mixin.py:115} INFO - [2022-09-15T17:00:21.843+0000] {dagbag.py:508} INFO - Filling up the DagBag from /home/airflow/.local/lib/python3.7/site-packages/airflow/example_dags/example_dag_decorator.py
[2022-09-15T17:00:21.893+0000] {processor.py:650} INFO - DAG(s) dict_keys(['example_dag_decorator']) retrieved from /home/airflow/.local/lib/python3.7/site-packages/airflow/example_dags/example_dag_decorator.py
[2022-09-15T17:00:21.984+0000] {logging_mixin.py:115} INFO - [2022-09-15T17:00:21.984+0000] {dag.py:2429} INFO - Sync 1 DAGs
[2022-09-15T17:00:21.998+0000] {logging_mixin.py:115} INFO - [2022-09-15T17:00:21.998+0000] {dag.py:2981} INFO - Setting next_dagrun for example_dag_decorator to None, run_after=None
[2022-09-15T17:00:22.010+0000] {processor.py:161} INFO - Processing /home/airflow/.local/lib/python3.7/site-packages/airflow/example_dags/example_dag_decorator.py took 0.195 seconds
[2022-09-15T17:00:52.051+0000] {processor.py:153} INFO - Started process (PID=2291) to work on /home/airflow/.local/lib/python3.7/site-packages/airflow/example_dags/example_dag_decorator.py
[2022-09-15T17:00:52.053+0000] {processor.py:640} INFO - Processing file /home/airflow/.local/lib/python3.7/site-packages/airflow/example_dags/example_dag_decorator.py for tasks to queue
[2022-09-15T17:00:52.054+0000] {logging_mixin.py:115} INFO - [2022-09-15T17:00:52.054+0000] {dagbag.py:508} INFO - Filling up the DagBag from /home/airflow/.local/lib/python3.7/site-packages/airflow/example_dags/example_dag_decorator.py
[2022-09-15T17:00:52.069+0000] {processor.py:650} INFO - DAG(s) dict_keys(['example_dag_decorator']) retrieved from /home/airflow/.local/lib/python3.7/site-packages/airflow/example_dags/example_dag_decorator.py
[2022-09-15T17:00:52.110+0000] {logging_mixin.py:115} INFO - [2022-09-15T17:00:52.110+0000] {dag.py:2429} INFO - Sync 1 DAGs
[2022-09-15T17:00:52.123+0000] {logging_mixin.py:115} INFO - [2022-09-15T17:00:52.123+0000] {dag.py:2981} INFO - Setting next_dagrun for example_dag_decorator to None, run_after=None
[2022-09-15T17:00:52.132+0000] {processor.py:161} INFO - Processing /home/airflow/.local/lib/python3.7/site-packages/airflow/example_dags/example_dag_decorator.py took 0.083 seconds
[2022-09-15T17:01:23.109+0000] {processor.py:153} INFO - Started process (PID=2355) to work on /home/airflow/.local/lib/python3.7/site-packages/airflow/example_dags/example_dag_decorator.py
[2022-09-15T17:01:23.110+0000] {processor.py:640} INFO - Processing file /home/airflow/.local/lib/python3.7/site-packages/airflow/example_dags/example_dag_decorator.py for tasks to queue
[2022-09-15T17:01:23.112+0000] {logging_mixin.py:115} INFO - [2022-09-15T17:01:23.111+0000] {dagbag.py:508} INFO - Filling up the DagBag from /home/airflow/.local/lib/python3.7/site-packages/airflow/example_dags/example_dag_decorator.py
[2022-09-15T17:01:23.125+0000] {processor.py:650} INFO - DAG(s) dict_keys(['example_dag_decorator']) retrieved from /home/airflow/.local/lib/python3.7/site-packages/airflow/example_dags/example_dag_decorator.py
[2022-09-15T17:01:23.143+0000] {logging_mixin.py:115} INFO - [2022-09-15T17:01:23.143+0000] {dag.py:2429} INFO - Sync 1 DAGs
[2022-09-15T17:01:23.158+0000] {logging_mixin.py:115} INFO - [2022-09-15T17:01:23.158+0000] {dag.py:2981} INFO - Setting next_dagrun for example_dag_decorator to None, run_after=None
[2022-09-15T17:01:23.166+0000] {processor.py:161} INFO - Processing /home/airflow/.local/lib/python3.7/site-packages/airflow/example_dags/example_dag_decorator.py took 0.059 seconds
[2022-09-15T17:01:54.087+0000] {processor.py:153} INFO - Started process (PID=2424) to work on /home/airflow/.local/lib/python3.7/site-packages/airflow/example_dags/example_dag_decorator.py
[2022-09-15T17:01:54.089+0000] {processor.py:640} INFO - Processing file /home/airflow/.local/lib/python3.7/site-packages/airflow/example_dags/example_dag_decorator.py for tasks to queue
[2022-09-15T17:01:54.090+0000] {logging_mixin.py:115} INFO - [2022-09-15T17:01:54.090+0000] {dagbag.py:508} INFO - Filling up the DagBag from /home/airflow/.local/lib/python3.7/site-packages/airflow/example_dags/example_dag_decorator.py
[2022-09-15T17:01:54.104+0000] {processor.py:650} INFO - DAG(s) dict_keys(['example_dag_decorator']) retrieved from /home/airflow/.local/lib/python3.7/site-packages/airflow/example_dags/example_dag_decorator.py
[2022-09-15T17:01:54.149+0000] {logging_mixin.py:115} INFO - [2022-09-15T17:01:54.149+0000] {dag.py:2429} INFO - Sync 1 DAGs
[2022-09-15T17:01:54.161+0000] {logging_mixin.py:115} INFO - [2022-09-15T17:01:54.161+0000] {dag.py:2981} INFO - Setting next_dagrun for example_dag_decorator to None, run_after=None
[2022-09-15T17:01:54.170+0000] {processor.py:161} INFO - Processing /home/airflow/.local/lib/python3.7/site-packages/airflow/example_dags/example_dag_decorator.py took 0.086 seconds
[2022-09-15T17:02:24.423+0000] {processor.py:153} INFO - Started process (PID=2493) to work on /home/airflow/.local/lib/python3.7/site-packages/airflow/example_dags/example_dag_decorator.py
[2022-09-15T17:02:24.427+0000] {processor.py:640} INFO - Processing file /home/airflow/.local/lib/python3.7/site-packages/airflow/example_dags/example_dag_decorator.py for tasks to queue
[2022-09-15T17:02:24.429+0000] {logging_mixin.py:115} INFO - [2022-09-15T17:02:24.429+0000] {dagbag.py:508} INFO - Filling up the DagBag from /home/airflow/.local/lib/python3.7/site-packages/airflow/example_dags/example_dag_decorator.py
[2022-09-15T17:02:24.450+0000] {processor.py:650} INFO - DAG(s) dict_keys(['example_dag_decorator']) retrieved from /home/airflow/.local/lib/python3.7/site-packages/airflow/example_dags/example_dag_decorator.py
[2022-09-15T17:02:24.507+0000] {logging_mixin.py:115} INFO - [2022-09-15T17:02:24.507+0000] {dag.py:2429} INFO - Sync 1 DAGs
[2022-09-15T17:02:24.523+0000] {logging_mixin.py:115} INFO - [2022-09-15T17:02:24.523+0000] {dag.py:2981} INFO - Setting next_dagrun for example_dag_decorator to None, run_after=None
[2022-09-15T17:02:24.535+0000] {processor.py:161} INFO - Processing /home/airflow/.local/lib/python3.7/site-packages/airflow/example_dags/example_dag_decorator.py took 0.115 seconds
[2022-09-15T17:02:54.637+0000] {processor.py:153} INFO - Started process (PID=2551) to work on /home/airflow/.local/lib/python3.7/site-packages/airflow/example_dags/example_dag_decorator.py
[2022-09-15T17:02:54.638+0000] {processor.py:640} INFO - Processing file /home/airflow/.local/lib/python3.7/site-packages/airflow/example_dags/example_dag_decorator.py for tasks to queue
[2022-09-15T17:02:54.640+0000] {logging_mixin.py:115} INFO - [2022-09-15T17:02:54.639+0000] {dagbag.py:508} INFO - Filling up the DagBag from /home/airflow/.local/lib/python3.7/site-packages/airflow/example_dags/example_dag_decorator.py
[2022-09-15T17:02:54.656+0000] {processor.py:650} INFO - DAG(s) dict_keys(['example_dag_decorator']) retrieved from /home/airflow/.local/lib/python3.7/site-packages/airflow/example_dags/example_dag_decorator.py
[2022-09-15T17:02:54.699+0000] {logging_mixin.py:115} INFO - [2022-09-15T17:02:54.699+0000] {dag.py:2429} INFO - Sync 1 DAGs
[2022-09-15T17:02:54.711+0000] {logging_mixin.py:115} INFO - [2022-09-15T17:02:54.711+0000] {dag.py:2981} INFO - Setting next_dagrun for example_dag_decorator to None, run_after=None
[2022-09-15T17:02:54.723+0000] {processor.py:161} INFO - Processing /home/airflow/.local/lib/python3.7/site-packages/airflow/example_dags/example_dag_decorator.py took 0.089 seconds
[2022-09-15T17:03:24.820+0000] {processor.py:153} INFO - Started process (PID=2621) to work on /home/airflow/.local/lib/python3.7/site-packages/airflow/example_dags/example_dag_decorator.py
[2022-09-15T17:03:24.822+0000] {processor.py:640} INFO - Processing file /home/airflow/.local/lib/python3.7/site-packages/airflow/example_dags/example_dag_decorator.py for tasks to queue
[2022-09-15T17:03:24.824+0000] {logging_mixin.py:115} INFO - [2022-09-15T17:03:24.824+0000] {dagbag.py:508} INFO - Filling up the DagBag from /home/airflow/.local/lib/python3.7/site-packages/airflow/example_dags/example_dag_decorator.py
[2022-09-15T17:03:24.841+0000] {processor.py:650} INFO - DAG(s) dict_keys(['example_dag_decorator']) retrieved from /home/airflow/.local/lib/python3.7/site-packages/airflow/example_dags/example_dag_decorator.py
[2022-09-15T17:03:24.885+0000] {logging_mixin.py:115} INFO - [2022-09-15T17:03:24.885+0000] {dag.py:2429} INFO - Sync 1 DAGs
[2022-09-15T17:03:24.900+0000] {logging_mixin.py:115} INFO - [2022-09-15T17:03:24.900+0000] {dag.py:2981} INFO - Setting next_dagrun for example_dag_decorator to None, run_after=None
[2022-09-15T17:03:24.916+0000] {processor.py:161} INFO - Processing /home/airflow/.local/lib/python3.7/site-packages/airflow/example_dags/example_dag_decorator.py took 0.099 seconds
[2022-09-15T17:03:55.030+0000] {processor.py:153} INFO - Started process (PID=2689) to work on /home/airflow/.local/lib/python3.7/site-packages/airflow/example_dags/example_dag_decorator.py
[2022-09-15T17:03:55.032+0000] {processor.py:640} INFO - Processing file /home/airflow/.local/lib/python3.7/site-packages/airflow/example_dags/example_dag_decorator.py for tasks to queue
[2022-09-15T17:03:55.034+0000] {logging_mixin.py:115} INFO - [2022-09-15T17:03:55.034+0000] {dagbag.py:508} INFO - Filling up the DagBag from /home/airflow/.local/lib/python3.7/site-packages/airflow/example_dags/example_dag_decorator.py
[2022-09-15T17:03:55.055+0000] {processor.py:650} INFO - DAG(s) dict_keys(['example_dag_decorator']) retrieved from /home/airflow/.local/lib/python3.7/site-packages/airflow/example_dags/example_dag_decorator.py
[2022-09-15T17:03:55.120+0000] {logging_mixin.py:115} INFO - [2022-09-15T17:03:55.120+0000] {dag.py:2429} INFO - Sync 1 DAGs
[2022-09-15T17:03:55.134+0000] {logging_mixin.py:115} INFO - [2022-09-15T17:03:55.134+0000] {dag.py:2981} INFO - Setting next_dagrun for example_dag_decorator to None, run_after=None
[2022-09-15T17:03:55.147+0000] {processor.py:161} INFO - Processing /home/airflow/.local/lib/python3.7/site-packages/airflow/example_dags/example_dag_decorator.py took 0.120 seconds
[2022-09-15T17:04:25.238+0000] {processor.py:153} INFO - Started process (PID=2757) to work on /home/airflow/.local/lib/python3.7/site-packages/airflow/example_dags/example_dag_decorator.py
[2022-09-15T17:04:25.239+0000] {processor.py:640} INFO - Processing file /home/airflow/.local/lib/python3.7/site-packages/airflow/example_dags/example_dag_decorator.py for tasks to queue
[2022-09-15T17:04:25.240+0000] {logging_mixin.py:115} INFO - [2022-09-15T17:04:25.240+0000] {dagbag.py:508} INFO - Filling up the DagBag from /home/airflow/.local/lib/python3.7/site-packages/airflow/example_dags/example_dag_decorator.py
[2022-09-15T17:04:25.255+0000] {processor.py:650} INFO - DAG(s) dict_keys(['example_dag_decorator']) retrieved from /home/airflow/.local/lib/python3.7/site-packages/airflow/example_dags/example_dag_decorator.py
[2022-09-15T17:04:25.295+0000] {logging_mixin.py:115} INFO - [2022-09-15T17:04:25.295+0000] {dag.py:2429} INFO - Sync 1 DAGs
[2022-09-15T17:04:25.311+0000] {logging_mixin.py:115} INFO - [2022-09-15T17:04:25.311+0000] {dag.py:2981} INFO - Setting next_dagrun for example_dag_decorator to None, run_after=None
[2022-09-15T17:04:25.321+0000] {processor.py:161} INFO - Processing /home/airflow/.local/lib/python3.7/site-packages/airflow/example_dags/example_dag_decorator.py took 0.086 seconds
[2022-09-15T17:04:55.416+0000] {processor.py:153} INFO - Started process (PID=2813) to work on /home/airflow/.local/lib/python3.7/site-packages/airflow/example_dags/example_dag_decorator.py
[2022-09-15T17:04:55.418+0000] {processor.py:640} INFO - Processing file /home/airflow/.local/lib/python3.7/site-packages/airflow/example_dags/example_dag_decorator.py for tasks to queue
[2022-09-15T17:04:55.419+0000] {logging_mixin.py:115} INFO - [2022-09-15T17:04:55.419+0000] {dagbag.py:508} INFO - Filling up the DagBag from /home/airflow/.local/lib/python3.7/site-packages/airflow/example_dags/example_dag_decorator.py
[2022-09-15T17:04:55.433+0000] {processor.py:650} INFO - DAG(s) dict_keys(['example_dag_decorator']) retrieved from /home/airflow/.local/lib/python3.7/site-packages/airflow/example_dags/example_dag_decorator.py
[2022-09-15T17:04:55.478+0000] {logging_mixin.py:115} INFO - [2022-09-15T17:04:55.478+0000] {dag.py:2429} INFO - Sync 1 DAGs
[2022-09-15T17:04:55.491+0000] {logging_mixin.py:115} INFO - [2022-09-15T17:04:55.491+0000] {dag.py:2981} INFO - Setting next_dagrun for example_dag_decorator to None, run_after=None
[2022-09-15T17:04:55.501+0000] {processor.py:161} INFO - Processing /home/airflow/.local/lib/python3.7/site-packages/airflow/example_dags/example_dag_decorator.py took 0.088 seconds
