[2022-09-15T16:43:33.207+0000] {processor.py:153} INFO - Started process (PID=72) to work on /home/airflow/.local/lib/python3.7/site-packages/airflow/example_dags/example_skip_dag.py
[2022-09-15T16:43:33.210+0000] {processor.py:640} INFO - Processing file /home/airflow/.local/lib/python3.7/site-packages/airflow/example_dags/example_skip_dag.py for tasks to queue
[2022-09-15T16:43:33.212+0000] {logging_mixin.py:115} INFO - [2022-09-15T16:43:33.212+0000] {dagbag.py:508} INFO - Filling up the DagBag from /home/airflow/.local/lib/python3.7/site-packages/airflow/example_dags/example_skip_dag.py
[2022-09-15T16:43:33.221+0000] {processor.py:650} INFO - DAG(s) dict_keys(['example_skip_dag']) retrieved from /home/airflow/.local/lib/python3.7/site-packages/airflow/example_dags/example_skip_dag.py
[2022-09-15T16:43:33.367+0000] {logging_mixin.py:115} INFO - [2022-09-15T16:43:33.367+0000] {manager.py:508} INFO - Created Permission View: can delete on DAG:example_skip_dag
[2022-09-15T16:43:33.398+0000] {logging_mixin.py:115} INFO - [2022-09-15T16:43:33.398+0000] {manager.py:508} INFO - Created Permission View: can read on DAG:example_skip_dag
[2022-09-15T16:43:33.408+0000] {logging_mixin.py:115} INFO - [2022-09-15T16:43:33.408+0000] {manager.py:508} INFO - Created Permission View: can edit on DAG:example_skip_dag
[2022-09-15T16:43:33.409+0000] {logging_mixin.py:115} INFO - [2022-09-15T16:43:33.409+0000] {dag.py:2429} INFO - Sync 1 DAGs
[2022-09-15T16:43:33.419+0000] {logging_mixin.py:115} INFO - [2022-09-15T16:43:33.419+0000] {dag.py:2448} INFO - Creating ORM DAG for example_skip_dag
[2022-09-15T16:43:33.437+0000] {logging_mixin.py:115} INFO - [2022-09-15T16:43:33.437+0000] {dag.py:2981} INFO - Setting next_dagrun for example_skip_dag to 2022-09-14T16:43:33.437266+00:00, run_after=2022-09-15T16:43:33.437266+00:00
[2022-09-15T16:43:33.482+0000] {processor.py:161} INFO - Processing /home/airflow/.local/lib/python3.7/site-packages/airflow/example_dags/example_skip_dag.py took 0.281 seconds
[2022-09-15T16:44:03.915+0000] {processor.py:153} INFO - Started process (PID=138) to work on /home/airflow/.local/lib/python3.7/site-packages/airflow/example_dags/example_skip_dag.py
[2022-09-15T16:44:03.917+0000] {processor.py:640} INFO - Processing file /home/airflow/.local/lib/python3.7/site-packages/airflow/example_dags/example_skip_dag.py for tasks to queue
[2022-09-15T16:44:03.918+0000] {logging_mixin.py:115} INFO - [2022-09-15T16:44:03.918+0000] {dagbag.py:508} INFO - Filling up the DagBag from /home/airflow/.local/lib/python3.7/site-packages/airflow/example_dags/example_skip_dag.py
[2022-09-15T16:44:03.922+0000] {processor.py:650} INFO - DAG(s) dict_keys(['example_skip_dag']) retrieved from /home/airflow/.local/lib/python3.7/site-packages/airflow/example_dags/example_skip_dag.py
[2022-09-15T16:44:03.945+0000] {logging_mixin.py:115} INFO - [2022-09-15T16:44:03.945+0000] {dag.py:2429} INFO - Sync 1 DAGs
[2022-09-15T16:44:03.961+0000] {logging_mixin.py:115} INFO - [2022-09-15T16:44:03.961+0000] {dag.py:2981} INFO - Setting next_dagrun for example_skip_dag to 2022-09-14T16:44:03.961396+00:00, run_after=2022-09-15T16:44:03.961396+00:00
[2022-09-15T16:44:03.976+0000] {processor.py:161} INFO - Processing /home/airflow/.local/lib/python3.7/site-packages/airflow/example_dags/example_skip_dag.py took 0.063 seconds
[2022-09-15T16:44:34.187+0000] {processor.py:153} INFO - Started process (PID=194) to work on /home/airflow/.local/lib/python3.7/site-packages/airflow/example_dags/example_skip_dag.py
[2022-09-15T16:44:34.189+0000] {processor.py:640} INFO - Processing file /home/airflow/.local/lib/python3.7/site-packages/airflow/example_dags/example_skip_dag.py for tasks to queue
[2022-09-15T16:44:34.190+0000] {logging_mixin.py:115} INFO - [2022-09-15T16:44:34.190+0000] {dagbag.py:508} INFO - Filling up the DagBag from /home/airflow/.local/lib/python3.7/site-packages/airflow/example_dags/example_skip_dag.py
[2022-09-15T16:44:34.194+0000] {processor.py:650} INFO - DAG(s) dict_keys(['example_skip_dag']) retrieved from /home/airflow/.local/lib/python3.7/site-packages/airflow/example_dags/example_skip_dag.py
[2022-09-15T16:44:34.214+0000] {logging_mixin.py:115} INFO - [2022-09-15T16:44:34.214+0000] {dag.py:2429} INFO - Sync 1 DAGs
[2022-09-15T16:44:34.230+0000] {logging_mixin.py:115} INFO - [2022-09-15T16:44:34.230+0000] {dag.py:2981} INFO - Setting next_dagrun for example_skip_dag to 2022-09-14T16:44:34.230072+00:00, run_after=2022-09-15T16:44:34.230072+00:00
[2022-09-15T16:44:34.239+0000] {processor.py:161} INFO - Processing /home/airflow/.local/lib/python3.7/site-packages/airflow/example_dags/example_skip_dag.py took 0.054 seconds
[2022-09-15T16:45:04.381+0000] {processor.py:153} INFO - Started process (PID=260) to work on /home/airflow/.local/lib/python3.7/site-packages/airflow/example_dags/example_skip_dag.py
[2022-09-15T16:45:04.383+0000] {processor.py:640} INFO - Processing file /home/airflow/.local/lib/python3.7/site-packages/airflow/example_dags/example_skip_dag.py for tasks to queue
[2022-09-15T16:45:04.384+0000] {logging_mixin.py:115} INFO - [2022-09-15T16:45:04.384+0000] {dagbag.py:508} INFO - Filling up the DagBag from /home/airflow/.local/lib/python3.7/site-packages/airflow/example_dags/example_skip_dag.py
[2022-09-15T16:45:04.388+0000] {processor.py:650} INFO - DAG(s) dict_keys(['example_skip_dag']) retrieved from /home/airflow/.local/lib/python3.7/site-packages/airflow/example_dags/example_skip_dag.py
[2022-09-15T16:45:04.407+0000] {logging_mixin.py:115} INFO - [2022-09-15T16:45:04.407+0000] {dag.py:2429} INFO - Sync 1 DAGs
[2022-09-15T16:45:04.422+0000] {logging_mixin.py:115} INFO - [2022-09-15T16:45:04.422+0000] {dag.py:2981} INFO - Setting next_dagrun for example_skip_dag to 2022-09-14T16:45:04.422051+00:00, run_after=2022-09-15T16:45:04.422051+00:00
[2022-09-15T16:45:04.431+0000] {processor.py:161} INFO - Processing /home/airflow/.local/lib/python3.7/site-packages/airflow/example_dags/example_skip_dag.py took 0.052 seconds
[2022-09-15T16:45:34.568+0000] {processor.py:153} INFO - Started process (PID=327) to work on /home/airflow/.local/lib/python3.7/site-packages/airflow/example_dags/example_skip_dag.py
[2022-09-15T16:45:34.571+0000] {processor.py:640} INFO - Processing file /home/airflow/.local/lib/python3.7/site-packages/airflow/example_dags/example_skip_dag.py for tasks to queue
[2022-09-15T16:45:34.572+0000] {logging_mixin.py:115} INFO - [2022-09-15T16:45:34.572+0000] {dagbag.py:508} INFO - Filling up the DagBag from /home/airflow/.local/lib/python3.7/site-packages/airflow/example_dags/example_skip_dag.py
[2022-09-15T16:45:34.576+0000] {processor.py:650} INFO - DAG(s) dict_keys(['example_skip_dag']) retrieved from /home/airflow/.local/lib/python3.7/site-packages/airflow/example_dags/example_skip_dag.py
[2022-09-15T16:45:34.595+0000] {logging_mixin.py:115} INFO - [2022-09-15T16:45:34.595+0000] {dag.py:2429} INFO - Sync 1 DAGs
[2022-09-15T16:45:34.609+0000] {logging_mixin.py:115} INFO - [2022-09-15T16:45:34.609+0000] {dag.py:2981} INFO - Setting next_dagrun for example_skip_dag to 2022-09-14T16:45:34.609668+00:00, run_after=2022-09-15T16:45:34.609668+00:00
[2022-09-15T16:45:34.618+0000] {processor.py:161} INFO - Processing /home/airflow/.local/lib/python3.7/site-packages/airflow/example_dags/example_skip_dag.py took 0.053 seconds
[2022-09-15T16:46:05.574+0000] {processor.py:153} INFO - Started process (PID=394) to work on /home/airflow/.local/lib/python3.7/site-packages/airflow/example_dags/example_skip_dag.py
[2022-09-15T16:46:05.576+0000] {processor.py:640} INFO - Processing file /home/airflow/.local/lib/python3.7/site-packages/airflow/example_dags/example_skip_dag.py for tasks to queue
[2022-09-15T16:46:05.577+0000] {logging_mixin.py:115} INFO - [2022-09-15T16:46:05.577+0000] {dagbag.py:508} INFO - Filling up the DagBag from /home/airflow/.local/lib/python3.7/site-packages/airflow/example_dags/example_skip_dag.py
[2022-09-15T16:46:05.581+0000] {processor.py:650} INFO - DAG(s) dict_keys(['example_skip_dag']) retrieved from /home/airflow/.local/lib/python3.7/site-packages/airflow/example_dags/example_skip_dag.py
[2022-09-15T16:46:05.601+0000] {logging_mixin.py:115} INFO - [2022-09-15T16:46:05.601+0000] {dag.py:2429} INFO - Sync 1 DAGs
[2022-09-15T16:46:05.617+0000] {logging_mixin.py:115} INFO - [2022-09-15T16:46:05.617+0000] {dag.py:2981} INFO - Setting next_dagrun for example_skip_dag to 2022-09-14T16:46:05.617389+00:00, run_after=2022-09-15T16:46:05.617389+00:00
[2022-09-15T16:46:05.626+0000] {processor.py:161} INFO - Processing /home/airflow/.local/lib/python3.7/site-packages/airflow/example_dags/example_skip_dag.py took 0.055 seconds
[2022-09-15T16:46:36.519+0000] {processor.py:153} INFO - Started process (PID=460) to work on /home/airflow/.local/lib/python3.7/site-packages/airflow/example_dags/example_skip_dag.py
[2022-09-15T16:46:36.521+0000] {processor.py:640} INFO - Processing file /home/airflow/.local/lib/python3.7/site-packages/airflow/example_dags/example_skip_dag.py for tasks to queue
[2022-09-15T16:46:36.522+0000] {logging_mixin.py:115} INFO - [2022-09-15T16:46:36.522+0000] {dagbag.py:508} INFO - Filling up the DagBag from /home/airflow/.local/lib/python3.7/site-packages/airflow/example_dags/example_skip_dag.py
[2022-09-15T16:46:36.529+0000] {processor.py:650} INFO - DAG(s) dict_keys(['example_skip_dag']) retrieved from /home/airflow/.local/lib/python3.7/site-packages/airflow/example_dags/example_skip_dag.py
[2022-09-15T16:46:36.549+0000] {logging_mixin.py:115} INFO - [2022-09-15T16:46:36.549+0000] {dag.py:2429} INFO - Sync 1 DAGs
[2022-09-15T16:46:36.564+0000] {logging_mixin.py:115} INFO - [2022-09-15T16:46:36.564+0000] {dag.py:2981} INFO - Setting next_dagrun for example_skip_dag to 2022-09-14T16:46:36.564702+00:00, run_after=2022-09-15T16:46:36.564702+00:00
[2022-09-15T16:46:36.573+0000] {processor.py:161} INFO - Processing /home/airflow/.local/lib/python3.7/site-packages/airflow/example_dags/example_skip_dag.py took 0.056 seconds
[2022-09-15T16:47:07.423+0000] {processor.py:153} INFO - Started process (PID=529) to work on /home/airflow/.local/lib/python3.7/site-packages/airflow/example_dags/example_skip_dag.py
[2022-09-15T16:47:07.425+0000] {processor.py:640} INFO - Processing file /home/airflow/.local/lib/python3.7/site-packages/airflow/example_dags/example_skip_dag.py for tasks to queue
[2022-09-15T16:47:07.426+0000] {logging_mixin.py:115} INFO - [2022-09-15T16:47:07.426+0000] {dagbag.py:508} INFO - Filling up the DagBag from /home/airflow/.local/lib/python3.7/site-packages/airflow/example_dags/example_skip_dag.py
[2022-09-15T16:47:07.431+0000] {processor.py:650} INFO - DAG(s) dict_keys(['example_skip_dag']) retrieved from /home/airflow/.local/lib/python3.7/site-packages/airflow/example_dags/example_skip_dag.py
[2022-09-15T16:47:07.452+0000] {logging_mixin.py:115} INFO - [2022-09-15T16:47:07.451+0000] {dag.py:2429} INFO - Sync 1 DAGs
[2022-09-15T16:47:07.466+0000] {logging_mixin.py:115} INFO - [2022-09-15T16:47:07.466+0000] {dag.py:2981} INFO - Setting next_dagrun for example_skip_dag to 2022-09-14T16:47:07.466509+00:00, run_after=2022-09-15T16:47:07.466509+00:00
[2022-09-15T16:47:07.475+0000] {processor.py:161} INFO - Processing /home/airflow/.local/lib/python3.7/site-packages/airflow/example_dags/example_skip_dag.py took 0.054 seconds
[2022-09-15T16:47:38.335+0000] {processor.py:153} INFO - Started process (PID=587) to work on /home/airflow/.local/lib/python3.7/site-packages/airflow/example_dags/example_skip_dag.py
[2022-09-15T16:47:38.337+0000] {processor.py:640} INFO - Processing file /home/airflow/.local/lib/python3.7/site-packages/airflow/example_dags/example_skip_dag.py for tasks to queue
[2022-09-15T16:47:38.338+0000] {logging_mixin.py:115} INFO - [2022-09-15T16:47:38.338+0000] {dagbag.py:508} INFO - Filling up the DagBag from /home/airflow/.local/lib/python3.7/site-packages/airflow/example_dags/example_skip_dag.py
[2022-09-15T16:47:38.342+0000] {processor.py:650} INFO - DAG(s) dict_keys(['example_skip_dag']) retrieved from /home/airflow/.local/lib/python3.7/site-packages/airflow/example_dags/example_skip_dag.py
[2022-09-15T16:47:38.363+0000] {logging_mixin.py:115} INFO - [2022-09-15T16:47:38.363+0000] {dag.py:2429} INFO - Sync 1 DAGs
[2022-09-15T16:47:38.379+0000] {logging_mixin.py:115} INFO - [2022-09-15T16:47:38.379+0000] {dag.py:2981} INFO - Setting next_dagrun for example_skip_dag to 2022-09-14T16:47:38.379120+00:00, run_after=2022-09-15T16:47:38.379120+00:00
[2022-09-15T16:47:38.389+0000] {processor.py:161} INFO - Processing /home/airflow/.local/lib/python3.7/site-packages/airflow/example_dags/example_skip_dag.py took 0.057 seconds
[2022-09-15T16:48:09.175+0000] {processor.py:153} INFO - Started process (PID=655) to work on /home/airflow/.local/lib/python3.7/site-packages/airflow/example_dags/example_skip_dag.py
[2022-09-15T16:48:09.178+0000] {processor.py:640} INFO - Processing file /home/airflow/.local/lib/python3.7/site-packages/airflow/example_dags/example_skip_dag.py for tasks to queue
[2022-09-15T16:48:09.179+0000] {logging_mixin.py:115} INFO - [2022-09-15T16:48:09.179+0000] {dagbag.py:508} INFO - Filling up the DagBag from /home/airflow/.local/lib/python3.7/site-packages/airflow/example_dags/example_skip_dag.py
[2022-09-15T16:48:09.183+0000] {processor.py:650} INFO - DAG(s) dict_keys(['example_skip_dag']) retrieved from /home/airflow/.local/lib/python3.7/site-packages/airflow/example_dags/example_skip_dag.py
[2022-09-15T16:48:09.202+0000] {logging_mixin.py:115} INFO - [2022-09-15T16:48:09.202+0000] {dag.py:2429} INFO - Sync 1 DAGs
[2022-09-15T16:48:09.216+0000] {logging_mixin.py:115} INFO - [2022-09-15T16:48:09.216+0000] {dag.py:2981} INFO - Setting next_dagrun for example_skip_dag to 2022-09-14T16:48:09.216689+00:00, run_after=2022-09-15T16:48:09.216689+00:00
[2022-09-15T16:48:09.225+0000] {processor.py:161} INFO - Processing /home/airflow/.local/lib/python3.7/site-packages/airflow/example_dags/example_skip_dag.py took 0.053 seconds
[2022-09-15T16:48:39.381+0000] {processor.py:153} INFO - Started process (PID=720) to work on /home/airflow/.local/lib/python3.7/site-packages/airflow/example_dags/example_skip_dag.py
[2022-09-15T16:48:39.383+0000] {processor.py:640} INFO - Processing file /home/airflow/.local/lib/python3.7/site-packages/airflow/example_dags/example_skip_dag.py for tasks to queue
[2022-09-15T16:48:39.385+0000] {logging_mixin.py:115} INFO - [2022-09-15T16:48:39.385+0000] {dagbag.py:508} INFO - Filling up the DagBag from /home/airflow/.local/lib/python3.7/site-packages/airflow/example_dags/example_skip_dag.py
[2022-09-15T16:48:39.390+0000] {processor.py:650} INFO - DAG(s) dict_keys(['example_skip_dag']) retrieved from /home/airflow/.local/lib/python3.7/site-packages/airflow/example_dags/example_skip_dag.py
[2022-09-15T16:48:39.409+0000] {logging_mixin.py:115} INFO - [2022-09-15T16:48:39.408+0000] {dag.py:2429} INFO - Sync 1 DAGs
[2022-09-15T16:48:39.423+0000] {logging_mixin.py:115} INFO - [2022-09-15T16:48:39.423+0000] {dag.py:2981} INFO - Setting next_dagrun for example_skip_dag to 2022-09-14T16:48:39.423073+00:00, run_after=2022-09-15T16:48:39.423073+00:00
[2022-09-15T16:48:39.431+0000] {processor.py:161} INFO - Processing /home/airflow/.local/lib/python3.7/site-packages/airflow/example_dags/example_skip_dag.py took 0.052 seconds
[2022-09-15T16:49:10.372+0000] {processor.py:153} INFO - Started process (PID=786) to work on /home/airflow/.local/lib/python3.7/site-packages/airflow/example_dags/example_skip_dag.py
[2022-09-15T16:49:10.373+0000] {processor.py:640} INFO - Processing file /home/airflow/.local/lib/python3.7/site-packages/airflow/example_dags/example_skip_dag.py for tasks to queue
[2022-09-15T16:49:10.374+0000] {logging_mixin.py:115} INFO - [2022-09-15T16:49:10.374+0000] {dagbag.py:508} INFO - Filling up the DagBag from /home/airflow/.local/lib/python3.7/site-packages/airflow/example_dags/example_skip_dag.py
[2022-09-15T16:49:10.379+0000] {processor.py:650} INFO - DAG(s) dict_keys(['example_skip_dag']) retrieved from /home/airflow/.local/lib/python3.7/site-packages/airflow/example_dags/example_skip_dag.py
[2022-09-15T16:49:10.404+0000] {logging_mixin.py:115} INFO - [2022-09-15T16:49:10.404+0000] {dag.py:2429} INFO - Sync 1 DAGs
[2022-09-15T16:49:10.420+0000] {logging_mixin.py:115} INFO - [2022-09-15T16:49:10.420+0000] {dag.py:2981} INFO - Setting next_dagrun for example_skip_dag to 2022-09-14T16:49:10.420068+00:00, run_after=2022-09-15T16:49:10.420068+00:00
[2022-09-15T16:49:10.430+0000] {processor.py:161} INFO - Processing /home/airflow/.local/lib/python3.7/site-packages/airflow/example_dags/example_skip_dag.py took 0.061 seconds
[2022-09-15T16:49:40.609+0000] {processor.py:153} INFO - Started process (PID=853) to work on /home/airflow/.local/lib/python3.7/site-packages/airflow/example_dags/example_skip_dag.py
[2022-09-15T16:49:40.612+0000] {processor.py:640} INFO - Processing file /home/airflow/.local/lib/python3.7/site-packages/airflow/example_dags/example_skip_dag.py for tasks to queue
[2022-09-15T16:49:40.614+0000] {logging_mixin.py:115} INFO - [2022-09-15T16:49:40.614+0000] {dagbag.py:508} INFO - Filling up the DagBag from /home/airflow/.local/lib/python3.7/site-packages/airflow/example_dags/example_skip_dag.py
[2022-09-15T16:49:40.619+0000] {processor.py:650} INFO - DAG(s) dict_keys(['example_skip_dag']) retrieved from /home/airflow/.local/lib/python3.7/site-packages/airflow/example_dags/example_skip_dag.py
[2022-09-15T16:49:40.640+0000] {logging_mixin.py:115} INFO - [2022-09-15T16:49:40.640+0000] {dag.py:2429} INFO - Sync 1 DAGs
[2022-09-15T16:49:40.657+0000] {logging_mixin.py:115} INFO - [2022-09-15T16:49:40.656+0000] {dag.py:2981} INFO - Setting next_dagrun for example_skip_dag to 2022-09-14T16:49:40.656659+00:00, run_after=2022-09-15T16:49:40.656659+00:00
[2022-09-15T16:49:40.666+0000] {processor.py:161} INFO - Processing /home/airflow/.local/lib/python3.7/site-packages/airflow/example_dags/example_skip_dag.py took 0.060 seconds
[2022-09-15T16:50:10.733+0000] {processor.py:153} INFO - Started process (PID=921) to work on /home/airflow/.local/lib/python3.7/site-packages/airflow/example_dags/example_skip_dag.py
[2022-09-15T16:50:10.735+0000] {processor.py:640} INFO - Processing file /home/airflow/.local/lib/python3.7/site-packages/airflow/example_dags/example_skip_dag.py for tasks to queue
[2022-09-15T16:50:10.736+0000] {logging_mixin.py:115} INFO - [2022-09-15T16:50:10.736+0000] {dagbag.py:508} INFO - Filling up the DagBag from /home/airflow/.local/lib/python3.7/site-packages/airflow/example_dags/example_skip_dag.py
[2022-09-15T16:50:10.740+0000] {processor.py:650} INFO - DAG(s) dict_keys(['example_skip_dag']) retrieved from /home/airflow/.local/lib/python3.7/site-packages/airflow/example_dags/example_skip_dag.py
[2022-09-15T16:50:10.759+0000] {logging_mixin.py:115} INFO - [2022-09-15T16:50:10.758+0000] {dag.py:2429} INFO - Sync 1 DAGs
[2022-09-15T16:50:10.777+0000] {logging_mixin.py:115} INFO - [2022-09-15T16:50:10.777+0000] {dag.py:2981} INFO - Setting next_dagrun for example_skip_dag to 2022-09-14T16:50:10.776877+00:00, run_after=2022-09-15T16:50:10.776877+00:00
[2022-09-15T16:50:10.785+0000] {processor.py:161} INFO - Processing /home/airflow/.local/lib/python3.7/site-packages/airflow/example_dags/example_skip_dag.py took 0.056 seconds
[2022-09-15T16:50:41.689+0000] {processor.py:153} INFO - Started process (PID=979) to work on /home/airflow/.local/lib/python3.7/site-packages/airflow/example_dags/example_skip_dag.py
[2022-09-15T16:50:41.691+0000] {processor.py:640} INFO - Processing file /home/airflow/.local/lib/python3.7/site-packages/airflow/example_dags/example_skip_dag.py for tasks to queue
[2022-09-15T16:50:41.692+0000] {logging_mixin.py:115} INFO - [2022-09-15T16:50:41.692+0000] {dagbag.py:508} INFO - Filling up the DagBag from /home/airflow/.local/lib/python3.7/site-packages/airflow/example_dags/example_skip_dag.py
[2022-09-15T16:50:41.696+0000] {processor.py:650} INFO - DAG(s) dict_keys(['example_skip_dag']) retrieved from /home/airflow/.local/lib/python3.7/site-packages/airflow/example_dags/example_skip_dag.py
[2022-09-15T16:50:41.715+0000] {logging_mixin.py:115} INFO - [2022-09-15T16:50:41.715+0000] {dag.py:2429} INFO - Sync 1 DAGs
[2022-09-15T16:50:41.730+0000] {logging_mixin.py:115} INFO - [2022-09-15T16:50:41.730+0000] {dag.py:2981} INFO - Setting next_dagrun for example_skip_dag to 2022-09-14T16:50:41.730503+00:00, run_after=2022-09-15T16:50:41.730503+00:00
[2022-09-15T16:50:41.740+0000] {processor.py:161} INFO - Processing /home/airflow/.local/lib/python3.7/site-packages/airflow/example_dags/example_skip_dag.py took 0.054 seconds
[2022-09-15T16:51:12.540+0000] {processor.py:153} INFO - Started process (PID=1045) to work on /home/airflow/.local/lib/python3.7/site-packages/airflow/example_dags/example_skip_dag.py
[2022-09-15T16:51:12.542+0000] {processor.py:640} INFO - Processing file /home/airflow/.local/lib/python3.7/site-packages/airflow/example_dags/example_skip_dag.py for tasks to queue
[2022-09-15T16:51:12.544+0000] {logging_mixin.py:115} INFO - [2022-09-15T16:51:12.543+0000] {dagbag.py:508} INFO - Filling up the DagBag from /home/airflow/.local/lib/python3.7/site-packages/airflow/example_dags/example_skip_dag.py
[2022-09-15T16:51:12.548+0000] {processor.py:650} INFO - DAG(s) dict_keys(['example_skip_dag']) retrieved from /home/airflow/.local/lib/python3.7/site-packages/airflow/example_dags/example_skip_dag.py
[2022-09-15T16:51:12.570+0000] {logging_mixin.py:115} INFO - [2022-09-15T16:51:12.570+0000] {dag.py:2429} INFO - Sync 1 DAGs
[2022-09-15T16:51:12.585+0000] {logging_mixin.py:115} INFO - [2022-09-15T16:51:12.585+0000] {dag.py:2981} INFO - Setting next_dagrun for example_skip_dag to 2022-09-14T16:51:12.585365+00:00, run_after=2022-09-15T16:51:12.585365+00:00
[2022-09-15T16:51:12.594+0000] {processor.py:161} INFO - Processing /home/airflow/.local/lib/python3.7/site-packages/airflow/example_dags/example_skip_dag.py took 0.056 seconds
[2022-09-15T16:51:43.572+0000] {processor.py:153} INFO - Started process (PID=1115) to work on /home/airflow/.local/lib/python3.7/site-packages/airflow/example_dags/example_skip_dag.py
[2022-09-15T16:51:43.574+0000] {processor.py:640} INFO - Processing file /home/airflow/.local/lib/python3.7/site-packages/airflow/example_dags/example_skip_dag.py for tasks to queue
[2022-09-15T16:51:43.575+0000] {logging_mixin.py:115} INFO - [2022-09-15T16:51:43.575+0000] {dagbag.py:508} INFO - Filling up the DagBag from /home/airflow/.local/lib/python3.7/site-packages/airflow/example_dags/example_skip_dag.py
[2022-09-15T16:51:43.579+0000] {processor.py:650} INFO - DAG(s) dict_keys(['example_skip_dag']) retrieved from /home/airflow/.local/lib/python3.7/site-packages/airflow/example_dags/example_skip_dag.py
[2022-09-15T16:51:43.603+0000] {logging_mixin.py:115} INFO - [2022-09-15T16:51:43.603+0000] {dag.py:2429} INFO - Sync 1 DAGs
[2022-09-15T16:51:43.619+0000] {logging_mixin.py:115} INFO - [2022-09-15T16:51:43.619+0000] {dag.py:2981} INFO - Setting next_dagrun for example_skip_dag to 2022-09-14T16:51:43.619200+00:00, run_after=2022-09-15T16:51:43.619200+00:00
[2022-09-15T16:51:43.628+0000] {processor.py:161} INFO - Processing /home/airflow/.local/lib/python3.7/site-packages/airflow/example_dags/example_skip_dag.py took 0.059 seconds
[2022-09-15T16:52:14.498+0000] {processor.py:153} INFO - Started process (PID=1180) to work on /home/airflow/.local/lib/python3.7/site-packages/airflow/example_dags/example_skip_dag.py
[2022-09-15T16:52:14.500+0000] {processor.py:640} INFO - Processing file /home/airflow/.local/lib/python3.7/site-packages/airflow/example_dags/example_skip_dag.py for tasks to queue
[2022-09-15T16:52:14.503+0000] {logging_mixin.py:115} INFO - [2022-09-15T16:52:14.502+0000] {dagbag.py:508} INFO - Filling up the DagBag from /home/airflow/.local/lib/python3.7/site-packages/airflow/example_dags/example_skip_dag.py
[2022-09-15T16:52:14.508+0000] {processor.py:650} INFO - DAG(s) dict_keys(['example_skip_dag']) retrieved from /home/airflow/.local/lib/python3.7/site-packages/airflow/example_dags/example_skip_dag.py
[2022-09-15T16:52:14.528+0000] {logging_mixin.py:115} INFO - [2022-09-15T16:52:14.528+0000] {dag.py:2429} INFO - Sync 1 DAGs
[2022-09-15T16:52:14.545+0000] {logging_mixin.py:115} INFO - [2022-09-15T16:52:14.545+0000] {dag.py:2981} INFO - Setting next_dagrun for example_skip_dag to 2022-09-14T16:52:14.545608+00:00, run_after=2022-09-15T16:52:14.545608+00:00
[2022-09-15T16:52:14.555+0000] {processor.py:161} INFO - Processing /home/airflow/.local/lib/python3.7/site-packages/airflow/example_dags/example_skip_dag.py took 0.059 seconds
[2022-09-15T16:52:45.520+0000] {processor.py:153} INFO - Started process (PID=1248) to work on /home/airflow/.local/lib/python3.7/site-packages/airflow/example_dags/example_skip_dag.py
[2022-09-15T16:52:45.522+0000] {processor.py:640} INFO - Processing file /home/airflow/.local/lib/python3.7/site-packages/airflow/example_dags/example_skip_dag.py for tasks to queue
[2022-09-15T16:52:45.524+0000] {logging_mixin.py:115} INFO - [2022-09-15T16:52:45.524+0000] {dagbag.py:508} INFO - Filling up the DagBag from /home/airflow/.local/lib/python3.7/site-packages/airflow/example_dags/example_skip_dag.py
[2022-09-15T16:52:45.528+0000] {processor.py:650} INFO - DAG(s) dict_keys(['example_skip_dag']) retrieved from /home/airflow/.local/lib/python3.7/site-packages/airflow/example_dags/example_skip_dag.py
[2022-09-15T16:52:45.550+0000] {logging_mixin.py:115} INFO - [2022-09-15T16:52:45.550+0000] {dag.py:2429} INFO - Sync 1 DAGs
[2022-09-15T16:52:45.565+0000] {logging_mixin.py:115} INFO - [2022-09-15T16:52:45.565+0000] {dag.py:2981} INFO - Setting next_dagrun for example_skip_dag to 2022-09-14T16:52:45.565582+00:00, run_after=2022-09-15T16:52:45.565582+00:00
[2022-09-15T16:52:45.575+0000] {processor.py:161} INFO - Processing /home/airflow/.local/lib/python3.7/site-packages/airflow/example_dags/example_skip_dag.py took 0.057 seconds
[2022-09-15T16:53:15.856+0000] {processor.py:153} INFO - Started process (PID=1316) to work on /home/airflow/.local/lib/python3.7/site-packages/airflow/example_dags/example_skip_dag.py
[2022-09-15T16:53:15.858+0000] {processor.py:640} INFO - Processing file /home/airflow/.local/lib/python3.7/site-packages/airflow/example_dags/example_skip_dag.py for tasks to queue
[2022-09-15T16:53:15.859+0000] {logging_mixin.py:115} INFO - [2022-09-15T16:53:15.859+0000] {dagbag.py:508} INFO - Filling up the DagBag from /home/airflow/.local/lib/python3.7/site-packages/airflow/example_dags/example_skip_dag.py
[2022-09-15T16:53:15.864+0000] {processor.py:650} INFO - DAG(s) dict_keys(['example_skip_dag']) retrieved from /home/airflow/.local/lib/python3.7/site-packages/airflow/example_dags/example_skip_dag.py
[2022-09-15T16:53:15.884+0000] {logging_mixin.py:115} INFO - [2022-09-15T16:53:15.883+0000] {dag.py:2429} INFO - Sync 1 DAGs
[2022-09-15T16:53:15.899+0000] {logging_mixin.py:115} INFO - [2022-09-15T16:53:15.898+0000] {dag.py:2981} INFO - Setting next_dagrun for example_skip_dag to 2022-09-14T16:53:15.898817+00:00, run_after=2022-09-15T16:53:15.898817+00:00
[2022-09-15T16:53:15.908+0000] {processor.py:161} INFO - Processing /home/airflow/.local/lib/python3.7/site-packages/airflow/example_dags/example_skip_dag.py took 0.055 seconds
[2022-09-15T16:53:46.069+0000] {processor.py:153} INFO - Started process (PID=1372) to work on /home/airflow/.local/lib/python3.7/site-packages/airflow/example_dags/example_skip_dag.py
[2022-09-15T16:53:46.071+0000] {processor.py:640} INFO - Processing file /home/airflow/.local/lib/python3.7/site-packages/airflow/example_dags/example_skip_dag.py for tasks to queue
[2022-09-15T16:53:46.073+0000] {logging_mixin.py:115} INFO - [2022-09-15T16:53:46.073+0000] {dagbag.py:508} INFO - Filling up the DagBag from /home/airflow/.local/lib/python3.7/site-packages/airflow/example_dags/example_skip_dag.py
[2022-09-15T16:53:46.078+0000] {processor.py:650} INFO - DAG(s) dict_keys(['example_skip_dag']) retrieved from /home/airflow/.local/lib/python3.7/site-packages/airflow/example_dags/example_skip_dag.py
[2022-09-15T16:53:46.099+0000] {logging_mixin.py:115} INFO - [2022-09-15T16:53:46.099+0000] {dag.py:2429} INFO - Sync 1 DAGs
[2022-09-15T16:53:46.113+0000] {logging_mixin.py:115} INFO - [2022-09-15T16:53:46.113+0000] {dag.py:2981} INFO - Setting next_dagrun for example_skip_dag to 2022-09-14T16:53:46.113412+00:00, run_after=2022-09-15T16:53:46.113412+00:00
[2022-09-15T16:53:46.122+0000] {processor.py:161} INFO - Processing /home/airflow/.local/lib/python3.7/site-packages/airflow/example_dags/example_skip_dag.py took 0.055 seconds
[2022-09-15T16:54:16.965+0000] {processor.py:153} INFO - Started process (PID=1441) to work on /home/airflow/.local/lib/python3.7/site-packages/airflow/example_dags/example_skip_dag.py
[2022-09-15T16:54:16.966+0000] {processor.py:640} INFO - Processing file /home/airflow/.local/lib/python3.7/site-packages/airflow/example_dags/example_skip_dag.py for tasks to queue
[2022-09-15T16:54:16.968+0000] {logging_mixin.py:115} INFO - [2022-09-15T16:54:16.968+0000] {dagbag.py:508} INFO - Filling up the DagBag from /home/airflow/.local/lib/python3.7/site-packages/airflow/example_dags/example_skip_dag.py
[2022-09-15T16:54:16.973+0000] {processor.py:650} INFO - DAG(s) dict_keys(['example_skip_dag']) retrieved from /home/airflow/.local/lib/python3.7/site-packages/airflow/example_dags/example_skip_dag.py
[2022-09-15T16:54:16.991+0000] {logging_mixin.py:115} INFO - [2022-09-15T16:54:16.991+0000] {dag.py:2429} INFO - Sync 1 DAGs
[2022-09-15T16:54:17.007+0000] {logging_mixin.py:115} INFO - [2022-09-15T16:54:17.007+0000] {dag.py:2981} INFO - Setting next_dagrun for example_skip_dag to 2022-09-14T16:54:17.007222+00:00, run_after=2022-09-15T16:54:17.007222+00:00
[2022-09-15T16:54:17.015+0000] {processor.py:161} INFO - Processing /home/airflow/.local/lib/python3.7/site-packages/airflow/example_dags/example_skip_dag.py took 0.053 seconds
[2022-09-15T16:54:48.027+0000] {processor.py:153} INFO - Started process (PID=1506) to work on /home/airflow/.local/lib/python3.7/site-packages/airflow/example_dags/example_skip_dag.py
[2022-09-15T16:54:48.029+0000] {processor.py:640} INFO - Processing file /home/airflow/.local/lib/python3.7/site-packages/airflow/example_dags/example_skip_dag.py for tasks to queue
[2022-09-15T16:54:48.031+0000] {logging_mixin.py:115} INFO - [2022-09-15T16:54:48.030+0000] {dagbag.py:508} INFO - Filling up the DagBag from /home/airflow/.local/lib/python3.7/site-packages/airflow/example_dags/example_skip_dag.py
[2022-09-15T16:54:48.036+0000] {processor.py:650} INFO - DAG(s) dict_keys(['example_skip_dag']) retrieved from /home/airflow/.local/lib/python3.7/site-packages/airflow/example_dags/example_skip_dag.py
[2022-09-15T16:54:48.055+0000] {logging_mixin.py:115} INFO - [2022-09-15T16:54:48.055+0000] {dag.py:2429} INFO - Sync 1 DAGs
[2022-09-15T16:54:48.070+0000] {logging_mixin.py:115} INFO - [2022-09-15T16:54:48.070+0000] {dag.py:2981} INFO - Setting next_dagrun for example_skip_dag to 2022-09-14T16:54:48.070217+00:00, run_after=2022-09-15T16:54:48.070217+00:00
[2022-09-15T16:54:48.078+0000] {processor.py:161} INFO - Processing /home/airflow/.local/lib/python3.7/site-packages/airflow/example_dags/example_skip_dag.py took 0.053 seconds
[2022-09-15T16:55:18.281+0000] {processor.py:153} INFO - Started process (PID=1574) to work on /home/airflow/.local/lib/python3.7/site-packages/airflow/example_dags/example_skip_dag.py
[2022-09-15T16:55:18.282+0000] {processor.py:640} INFO - Processing file /home/airflow/.local/lib/python3.7/site-packages/airflow/example_dags/example_skip_dag.py for tasks to queue
[2022-09-15T16:55:18.283+0000] {logging_mixin.py:115} INFO - [2022-09-15T16:55:18.283+0000] {dagbag.py:508} INFO - Filling up the DagBag from /home/airflow/.local/lib/python3.7/site-packages/airflow/example_dags/example_skip_dag.py
[2022-09-15T16:55:18.288+0000] {processor.py:650} INFO - DAG(s) dict_keys(['example_skip_dag']) retrieved from /home/airflow/.local/lib/python3.7/site-packages/airflow/example_dags/example_skip_dag.py
[2022-09-15T16:55:18.311+0000] {logging_mixin.py:115} INFO - [2022-09-15T16:55:18.310+0000] {dag.py:2429} INFO - Sync 1 DAGs
[2022-09-15T16:55:18.324+0000] {logging_mixin.py:115} INFO - [2022-09-15T16:55:18.324+0000] {dag.py:2981} INFO - Setting next_dagrun for example_skip_dag to 2022-09-14T16:55:18.324511+00:00, run_after=2022-09-15T16:55:18.324511+00:00
[2022-09-15T16:55:18.332+0000] {processor.py:161} INFO - Processing /home/airflow/.local/lib/python3.7/site-packages/airflow/example_dags/example_skip_dag.py took 0.054 seconds
[2022-09-15T16:55:48.434+0000] {processor.py:153} INFO - Started process (PID=1634) to work on /home/airflow/.local/lib/python3.7/site-packages/airflow/example_dags/example_skip_dag.py
[2022-09-15T16:55:48.437+0000] {processor.py:640} INFO - Processing file /home/airflow/.local/lib/python3.7/site-packages/airflow/example_dags/example_skip_dag.py for tasks to queue
[2022-09-15T16:55:48.438+0000] {logging_mixin.py:115} INFO - [2022-09-15T16:55:48.438+0000] {dagbag.py:508} INFO - Filling up the DagBag from /home/airflow/.local/lib/python3.7/site-packages/airflow/example_dags/example_skip_dag.py
[2022-09-15T16:55:48.442+0000] {processor.py:650} INFO - DAG(s) dict_keys(['example_skip_dag']) retrieved from /home/airflow/.local/lib/python3.7/site-packages/airflow/example_dags/example_skip_dag.py
[2022-09-15T16:55:48.461+0000] {logging_mixin.py:115} INFO - [2022-09-15T16:55:48.461+0000] {dag.py:2429} INFO - Sync 1 DAGs
[2022-09-15T16:55:48.479+0000] {logging_mixin.py:115} INFO - [2022-09-15T16:55:48.478+0000] {dag.py:2981} INFO - Setting next_dagrun for example_skip_dag to 2022-09-14T16:55:48.478798+00:00, run_after=2022-09-15T16:55:48.478798+00:00
[2022-09-15T16:55:48.491+0000] {processor.py:161} INFO - Processing /home/airflow/.local/lib/python3.7/site-packages/airflow/example_dags/example_skip_dag.py took 0.059 seconds
[2022-09-15T16:56:19.510+0000] {processor.py:153} INFO - Started process (PID=1700) to work on /home/airflow/.local/lib/python3.7/site-packages/airflow/example_dags/example_skip_dag.py
[2022-09-15T16:56:19.512+0000] {processor.py:640} INFO - Processing file /home/airflow/.local/lib/python3.7/site-packages/airflow/example_dags/example_skip_dag.py for tasks to queue
[2022-09-15T16:56:19.513+0000] {logging_mixin.py:115} INFO - [2022-09-15T16:56:19.513+0000] {dagbag.py:508} INFO - Filling up the DagBag from /home/airflow/.local/lib/python3.7/site-packages/airflow/example_dags/example_skip_dag.py
[2022-09-15T16:56:19.518+0000] {processor.py:650} INFO - DAG(s) dict_keys(['example_skip_dag']) retrieved from /home/airflow/.local/lib/python3.7/site-packages/airflow/example_dags/example_skip_dag.py
[2022-09-15T16:56:19.542+0000] {logging_mixin.py:115} INFO - [2022-09-15T16:56:19.542+0000] {dag.py:2429} INFO - Sync 1 DAGs
[2022-09-15T16:56:19.559+0000] {logging_mixin.py:115} INFO - [2022-09-15T16:56:19.559+0000] {dag.py:2981} INFO - Setting next_dagrun for example_skip_dag to 2022-09-14T16:56:19.559503+00:00, run_after=2022-09-15T16:56:19.559503+00:00
[2022-09-15T16:56:19.568+0000] {processor.py:161} INFO - Processing /home/airflow/.local/lib/python3.7/site-packages/airflow/example_dags/example_skip_dag.py took 0.061 seconds
[2022-09-15T16:56:50.398+0000] {processor.py:153} INFO - Started process (PID=1771) to work on /home/airflow/.local/lib/python3.7/site-packages/airflow/example_dags/example_skip_dag.py
[2022-09-15T16:56:50.400+0000] {processor.py:640} INFO - Processing file /home/airflow/.local/lib/python3.7/site-packages/airflow/example_dags/example_skip_dag.py for tasks to queue
[2022-09-15T16:56:50.402+0000] {logging_mixin.py:115} INFO - [2022-09-15T16:56:50.402+0000] {dagbag.py:508} INFO - Filling up the DagBag from /home/airflow/.local/lib/python3.7/site-packages/airflow/example_dags/example_skip_dag.py
[2022-09-15T16:56:50.407+0000] {processor.py:650} INFO - DAG(s) dict_keys(['example_skip_dag']) retrieved from /home/airflow/.local/lib/python3.7/site-packages/airflow/example_dags/example_skip_dag.py
[2022-09-15T16:56:50.428+0000] {logging_mixin.py:115} INFO - [2022-09-15T16:56:50.428+0000] {dag.py:2429} INFO - Sync 1 DAGs
[2022-09-15T16:56:50.445+0000] {logging_mixin.py:115} INFO - [2022-09-15T16:56:50.445+0000] {dag.py:2981} INFO - Setting next_dagrun for example_skip_dag to 2022-09-14T16:56:50.444998+00:00, run_after=2022-09-15T16:56:50.444998+00:00
[2022-09-15T16:56:50.456+0000] {processor.py:161} INFO - Processing /home/airflow/.local/lib/python3.7/site-packages/airflow/example_dags/example_skip_dag.py took 0.061 seconds
[2022-09-15T16:57:20.597+0000] {processor.py:153} INFO - Started process (PID=1836) to work on /home/airflow/.local/lib/python3.7/site-packages/airflow/example_dags/example_skip_dag.py
[2022-09-15T16:57:20.600+0000] {processor.py:640} INFO - Processing file /home/airflow/.local/lib/python3.7/site-packages/airflow/example_dags/example_skip_dag.py for tasks to queue
[2022-09-15T16:57:20.601+0000] {logging_mixin.py:115} INFO - [2022-09-15T16:57:20.601+0000] {dagbag.py:508} INFO - Filling up the DagBag from /home/airflow/.local/lib/python3.7/site-packages/airflow/example_dags/example_skip_dag.py
[2022-09-15T16:57:20.606+0000] {processor.py:650} INFO - DAG(s) dict_keys(['example_skip_dag']) retrieved from /home/airflow/.local/lib/python3.7/site-packages/airflow/example_dags/example_skip_dag.py
[2022-09-15T16:57:20.630+0000] {logging_mixin.py:115} INFO - [2022-09-15T16:57:20.630+0000] {dag.py:2429} INFO - Sync 1 DAGs
[2022-09-15T16:57:20.652+0000] {logging_mixin.py:115} INFO - [2022-09-15T16:57:20.652+0000] {dag.py:2981} INFO - Setting next_dagrun for example_skip_dag to 2022-09-14T16:57:20.652339+00:00, run_after=2022-09-15T16:57:20.652339+00:00
[2022-09-15T16:57:20.661+0000] {processor.py:161} INFO - Processing /home/airflow/.local/lib/python3.7/site-packages/airflow/example_dags/example_skip_dag.py took 0.067 seconds
[2022-09-15T16:57:50.900+0000] {processor.py:153} INFO - Started process (PID=1906) to work on /home/airflow/.local/lib/python3.7/site-packages/airflow/example_dags/example_skip_dag.py
[2022-09-15T16:57:50.901+0000] {processor.py:640} INFO - Processing file /home/airflow/.local/lib/python3.7/site-packages/airflow/example_dags/example_skip_dag.py for tasks to queue
[2022-09-15T16:57:50.903+0000] {logging_mixin.py:115} INFO - [2022-09-15T16:57:50.903+0000] {dagbag.py:508} INFO - Filling up the DagBag from /home/airflow/.local/lib/python3.7/site-packages/airflow/example_dags/example_skip_dag.py
[2022-09-15T16:57:50.907+0000] {processor.py:650} INFO - DAG(s) dict_keys(['example_skip_dag']) retrieved from /home/airflow/.local/lib/python3.7/site-packages/airflow/example_dags/example_skip_dag.py
[2022-09-15T16:57:50.925+0000] {logging_mixin.py:115} INFO - [2022-09-15T16:57:50.925+0000] {dag.py:2429} INFO - Sync 1 DAGs
[2022-09-15T16:57:50.941+0000] {logging_mixin.py:115} INFO - [2022-09-15T16:57:50.941+0000] {dag.py:2981} INFO - Setting next_dagrun for example_skip_dag to 2022-09-14T16:57:50.940794+00:00, run_after=2022-09-15T16:57:50.940794+00:00
[2022-09-15T16:57:50.949+0000] {processor.py:161} INFO - Processing /home/airflow/.local/lib/python3.7/site-packages/airflow/example_dags/example_skip_dag.py took 0.051 seconds
[2022-09-15T16:58:21.792+0000] {processor.py:153} INFO - Started process (PID=1973) to work on /home/airflow/.local/lib/python3.7/site-packages/airflow/example_dags/example_skip_dag.py
[2022-09-15T16:58:21.794+0000] {processor.py:640} INFO - Processing file /home/airflow/.local/lib/python3.7/site-packages/airflow/example_dags/example_skip_dag.py for tasks to queue
[2022-09-15T16:58:21.795+0000] {logging_mixin.py:115} INFO - [2022-09-15T16:58:21.795+0000] {dagbag.py:508} INFO - Filling up the DagBag from /home/airflow/.local/lib/python3.7/site-packages/airflow/example_dags/example_skip_dag.py
[2022-09-15T16:58:21.801+0000] {processor.py:650} INFO - DAG(s) dict_keys(['example_skip_dag']) retrieved from /home/airflow/.local/lib/python3.7/site-packages/airflow/example_dags/example_skip_dag.py
[2022-09-15T16:58:21.832+0000] {logging_mixin.py:115} INFO - [2022-09-15T16:58:21.831+0000] {dag.py:2429} INFO - Sync 1 DAGs
[2022-09-15T16:58:21.852+0000] {logging_mixin.py:115} INFO - [2022-09-15T16:58:21.852+0000] {dag.py:2981} INFO - Setting next_dagrun for example_skip_dag to 2022-09-14T16:58:21.852400+00:00, run_after=2022-09-15T16:58:21.852400+00:00
[2022-09-15T16:58:21.863+0000] {processor.py:161} INFO - Processing /home/airflow/.local/lib/python3.7/site-packages/airflow/example_dags/example_skip_dag.py took 0.074 seconds
[2022-09-15T16:58:52.016+0000] {processor.py:153} INFO - Started process (PID=2029) to work on /home/airflow/.local/lib/python3.7/site-packages/airflow/example_dags/example_skip_dag.py
[2022-09-15T16:58:52.047+0000] {processor.py:640} INFO - Processing file /home/airflow/.local/lib/python3.7/site-packages/airflow/example_dags/example_skip_dag.py for tasks to queue
[2022-09-15T16:58:52.050+0000] {logging_mixin.py:115} INFO - [2022-09-15T16:58:52.050+0000] {dagbag.py:508} INFO - Filling up the DagBag from /home/airflow/.local/lib/python3.7/site-packages/airflow/example_dags/example_skip_dag.py
[2022-09-15T16:58:52.055+0000] {processor.py:650} INFO - DAG(s) dict_keys(['example_skip_dag']) retrieved from /home/airflow/.local/lib/python3.7/site-packages/airflow/example_dags/example_skip_dag.py
[2022-09-15T16:58:52.077+0000] {logging_mixin.py:115} INFO - [2022-09-15T16:58:52.077+0000] {dag.py:2429} INFO - Sync 1 DAGs
[2022-09-15T16:58:52.093+0000] {logging_mixin.py:115} INFO - [2022-09-15T16:58:52.093+0000] {dag.py:2981} INFO - Setting next_dagrun for example_skip_dag to 2022-09-14T16:58:52.092865+00:00, run_after=2022-09-15T16:58:52.092865+00:00
[2022-09-15T16:58:52.103+0000] {processor.py:161} INFO - Processing /home/airflow/.local/lib/python3.7/site-packages/airflow/example_dags/example_skip_dag.py took 0.090 seconds
[2022-09-15T16:59:22.971+0000] {processor.py:153} INFO - Started process (PID=2098) to work on /home/airflow/.local/lib/python3.7/site-packages/airflow/example_dags/example_skip_dag.py
[2022-09-15T16:59:22.973+0000] {processor.py:640} INFO - Processing file /home/airflow/.local/lib/python3.7/site-packages/airflow/example_dags/example_skip_dag.py for tasks to queue
[2022-09-15T16:59:22.975+0000] {logging_mixin.py:115} INFO - [2022-09-15T16:59:22.975+0000] {dagbag.py:508} INFO - Filling up the DagBag from /home/airflow/.local/lib/python3.7/site-packages/airflow/example_dags/example_skip_dag.py
[2022-09-15T16:59:22.981+0000] {processor.py:650} INFO - DAG(s) dict_keys(['example_skip_dag']) retrieved from /home/airflow/.local/lib/python3.7/site-packages/airflow/example_dags/example_skip_dag.py
[2022-09-15T16:59:23.002+0000] {logging_mixin.py:115} INFO - [2022-09-15T16:59:23.001+0000] {dag.py:2429} INFO - Sync 1 DAGs
[2022-09-15T16:59:23.016+0000] {logging_mixin.py:115} INFO - [2022-09-15T16:59:23.016+0000] {dag.py:2981} INFO - Setting next_dagrun for example_skip_dag to 2022-09-14T16:59:23.016223+00:00, run_after=2022-09-15T16:59:23.016223+00:00
[2022-09-15T16:59:23.026+0000] {processor.py:161} INFO - Processing /home/airflow/.local/lib/python3.7/site-packages/airflow/example_dags/example_skip_dag.py took 0.059 seconds
[2022-09-15T16:59:53.987+0000] {processor.py:153} INFO - Started process (PID=2165) to work on /home/airflow/.local/lib/python3.7/site-packages/airflow/example_dags/example_skip_dag.py
[2022-09-15T16:59:53.989+0000] {processor.py:640} INFO - Processing file /home/airflow/.local/lib/python3.7/site-packages/airflow/example_dags/example_skip_dag.py for tasks to queue
[2022-09-15T16:59:53.990+0000] {logging_mixin.py:115} INFO - [2022-09-15T16:59:53.990+0000] {dagbag.py:508} INFO - Filling up the DagBag from /home/airflow/.local/lib/python3.7/site-packages/airflow/example_dags/example_skip_dag.py
[2022-09-15T16:59:53.996+0000] {processor.py:650} INFO - DAG(s) dict_keys(['example_skip_dag']) retrieved from /home/airflow/.local/lib/python3.7/site-packages/airflow/example_dags/example_skip_dag.py
[2022-09-15T16:59:54.013+0000] {logging_mixin.py:115} INFO - [2022-09-15T16:59:54.013+0000] {dag.py:2429} INFO - Sync 1 DAGs
[2022-09-15T16:59:54.027+0000] {logging_mixin.py:115} INFO - [2022-09-15T16:59:54.027+0000] {dag.py:2981} INFO - Setting next_dagrun for example_skip_dag to 2022-09-14T16:59:54.027657+00:00, run_after=2022-09-15T16:59:54.027657+00:00
[2022-09-15T16:59:54.037+0000] {processor.py:161} INFO - Processing /home/airflow/.local/lib/python3.7/site-packages/airflow/example_dags/example_skip_dag.py took 0.054 seconds
[2022-09-15T17:00:24.161+0000] {processor.py:153} INFO - Started process (PID=2237) to work on /home/airflow/.local/lib/python3.7/site-packages/airflow/example_dags/example_skip_dag.py
[2022-09-15T17:00:24.167+0000] {processor.py:640} INFO - Processing file /home/airflow/.local/lib/python3.7/site-packages/airflow/example_dags/example_skip_dag.py for tasks to queue
[2022-09-15T17:00:24.170+0000] {logging_mixin.py:115} INFO - [2022-09-15T17:00:24.170+0000] {dagbag.py:508} INFO - Filling up the DagBag from /home/airflow/.local/lib/python3.7/site-packages/airflow/example_dags/example_skip_dag.py
[2022-09-15T17:00:24.176+0000] {processor.py:650} INFO - DAG(s) dict_keys(['example_skip_dag']) retrieved from /home/airflow/.local/lib/python3.7/site-packages/airflow/example_dags/example_skip_dag.py
[2022-09-15T17:00:24.200+0000] {logging_mixin.py:115} INFO - [2022-09-15T17:00:24.200+0000] {dag.py:2429} INFO - Sync 1 DAGs
[2022-09-15T17:00:24.215+0000] {logging_mixin.py:115} INFO - [2022-09-15T17:00:24.215+0000] {dag.py:2981} INFO - Setting next_dagrun for example_skip_dag to 2022-09-14T17:00:24.215125+00:00, run_after=2022-09-15T17:00:24.215125+00:00
[2022-09-15T17:00:24.224+0000] {processor.py:161} INFO - Processing /home/airflow/.local/lib/python3.7/site-packages/airflow/example_dags/example_skip_dag.py took 0.067 seconds
[2022-09-15T17:00:54.401+0000] {processor.py:153} INFO - Started process (PID=2297) to work on /home/airflow/.local/lib/python3.7/site-packages/airflow/example_dags/example_skip_dag.py
[2022-09-15T17:00:54.404+0000] {processor.py:640} INFO - Processing file /home/airflow/.local/lib/python3.7/site-packages/airflow/example_dags/example_skip_dag.py for tasks to queue
[2022-09-15T17:00:54.406+0000] {logging_mixin.py:115} INFO - [2022-09-15T17:00:54.406+0000] {dagbag.py:508} INFO - Filling up the DagBag from /home/airflow/.local/lib/python3.7/site-packages/airflow/example_dags/example_skip_dag.py
[2022-09-15T17:00:54.412+0000] {processor.py:650} INFO - DAG(s) dict_keys(['example_skip_dag']) retrieved from /home/airflow/.local/lib/python3.7/site-packages/airflow/example_dags/example_skip_dag.py
[2022-09-15T17:00:54.433+0000] {logging_mixin.py:115} INFO - [2022-09-15T17:00:54.433+0000] {dag.py:2429} INFO - Sync 1 DAGs
[2022-09-15T17:00:54.448+0000] {logging_mixin.py:115} INFO - [2022-09-15T17:00:54.448+0000] {dag.py:2981} INFO - Setting next_dagrun for example_skip_dag to 2022-09-14T17:00:54.448418+00:00, run_after=2022-09-15T17:00:54.448418+00:00
[2022-09-15T17:00:54.458+0000] {processor.py:161} INFO - Processing /home/airflow/.local/lib/python3.7/site-packages/airflow/example_dags/example_skip_dag.py took 0.060 seconds
[2022-09-15T17:01:25.294+0000] {processor.py:153} INFO - Started process (PID=2361) to work on /home/airflow/.local/lib/python3.7/site-packages/airflow/example_dags/example_skip_dag.py
[2022-09-15T17:01:25.296+0000] {processor.py:640} INFO - Processing file /home/airflow/.local/lib/python3.7/site-packages/airflow/example_dags/example_skip_dag.py for tasks to queue
[2022-09-15T17:01:25.297+0000] {logging_mixin.py:115} INFO - [2022-09-15T17:01:25.297+0000] {dagbag.py:508} INFO - Filling up the DagBag from /home/airflow/.local/lib/python3.7/site-packages/airflow/example_dags/example_skip_dag.py
[2022-09-15T17:01:25.301+0000] {processor.py:650} INFO - DAG(s) dict_keys(['example_skip_dag']) retrieved from /home/airflow/.local/lib/python3.7/site-packages/airflow/example_dags/example_skip_dag.py
[2022-09-15T17:01:25.324+0000] {logging_mixin.py:115} INFO - [2022-09-15T17:01:25.324+0000] {dag.py:2429} INFO - Sync 1 DAGs
[2022-09-15T17:01:25.341+0000] {logging_mixin.py:115} INFO - [2022-09-15T17:01:25.341+0000] {dag.py:2981} INFO - Setting next_dagrun for example_skip_dag to 2022-09-14T17:01:25.341408+00:00, run_after=2022-09-15T17:01:25.341408+00:00
[2022-09-15T17:01:25.353+0000] {processor.py:161} INFO - Processing /home/airflow/.local/lib/python3.7/site-packages/airflow/example_dags/example_skip_dag.py took 0.061 seconds
[2022-09-15T17:01:55.429+0000] {processor.py:153} INFO - Started process (PID=2429) to work on /home/airflow/.local/lib/python3.7/site-packages/airflow/example_dags/example_skip_dag.py
[2022-09-15T17:01:55.438+0000] {processor.py:640} INFO - Processing file /home/airflow/.local/lib/python3.7/site-packages/airflow/example_dags/example_skip_dag.py for tasks to queue
[2022-09-15T17:01:55.440+0000] {logging_mixin.py:115} INFO - [2022-09-15T17:01:55.440+0000] {dagbag.py:508} INFO - Filling up the DagBag from /home/airflow/.local/lib/python3.7/site-packages/airflow/example_dags/example_skip_dag.py
[2022-09-15T17:01:55.446+0000] {processor.py:650} INFO - DAG(s) dict_keys(['example_skip_dag']) retrieved from /home/airflow/.local/lib/python3.7/site-packages/airflow/example_dags/example_skip_dag.py
[2022-09-15T17:01:55.468+0000] {logging_mixin.py:115} INFO - [2022-09-15T17:01:55.468+0000] {dag.py:2429} INFO - Sync 1 DAGs
[2022-09-15T17:01:55.486+0000] {logging_mixin.py:115} INFO - [2022-09-15T17:01:55.485+0000] {dag.py:2981} INFO - Setting next_dagrun for example_skip_dag to 2022-09-14T17:01:55.485811+00:00, run_after=2022-09-15T17:01:55.485811+00:00
[2022-09-15T17:01:55.496+0000] {processor.py:161} INFO - Processing /home/airflow/.local/lib/python3.7/site-packages/airflow/example_dags/example_skip_dag.py took 0.074 seconds
[2022-09-15T17:02:25.705+0000] {processor.py:153} INFO - Started process (PID=2498) to work on /home/airflow/.local/lib/python3.7/site-packages/airflow/example_dags/example_skip_dag.py
[2022-09-15T17:02:25.707+0000] {processor.py:640} INFO - Processing file /home/airflow/.local/lib/python3.7/site-packages/airflow/example_dags/example_skip_dag.py for tasks to queue
[2022-09-15T17:02:25.708+0000] {logging_mixin.py:115} INFO - [2022-09-15T17:02:25.708+0000] {dagbag.py:508} INFO - Filling up the DagBag from /home/airflow/.local/lib/python3.7/site-packages/airflow/example_dags/example_skip_dag.py
[2022-09-15T17:02:25.713+0000] {processor.py:650} INFO - DAG(s) dict_keys(['example_skip_dag']) retrieved from /home/airflow/.local/lib/python3.7/site-packages/airflow/example_dags/example_skip_dag.py
[2022-09-15T17:02:25.734+0000] {logging_mixin.py:115} INFO - [2022-09-15T17:02:25.734+0000] {dag.py:2429} INFO - Sync 1 DAGs
[2022-09-15T17:02:25.748+0000] {logging_mixin.py:115} INFO - [2022-09-15T17:02:25.748+0000] {dag.py:2981} INFO - Setting next_dagrun for example_skip_dag to 2022-09-14T17:02:25.748359+00:00, run_after=2022-09-15T17:02:25.748359+00:00
[2022-09-15T17:02:25.759+0000] {processor.py:161} INFO - Processing /home/airflow/.local/lib/python3.7/site-packages/airflow/example_dags/example_skip_dag.py took 0.057 seconds
[2022-09-15T17:02:55.856+0000] {processor.py:153} INFO - Started process (PID=2566) to work on /home/airflow/.local/lib/python3.7/site-packages/airflow/example_dags/example_skip_dag.py
[2022-09-15T17:02:55.858+0000] {processor.py:640} INFO - Processing file /home/airflow/.local/lib/python3.7/site-packages/airflow/example_dags/example_skip_dag.py for tasks to queue
[2022-09-15T17:02:55.859+0000] {logging_mixin.py:115} INFO - [2022-09-15T17:02:55.859+0000] {dagbag.py:508} INFO - Filling up the DagBag from /home/airflow/.local/lib/python3.7/site-packages/airflow/example_dags/example_skip_dag.py
[2022-09-15T17:02:55.863+0000] {processor.py:650} INFO - DAG(s) dict_keys(['example_skip_dag']) retrieved from /home/airflow/.local/lib/python3.7/site-packages/airflow/example_dags/example_skip_dag.py
[2022-09-15T17:02:55.883+0000] {logging_mixin.py:115} INFO - [2022-09-15T17:02:55.883+0000] {dag.py:2429} INFO - Sync 1 DAGs
[2022-09-15T17:02:55.899+0000] {logging_mixin.py:115} INFO - [2022-09-15T17:02:55.899+0000] {dag.py:2981} INFO - Setting next_dagrun for example_skip_dag to 2022-09-14T17:02:55.899431+00:00, run_after=2022-09-15T17:02:55.899431+00:00
[2022-09-15T17:02:55.910+0000] {processor.py:161} INFO - Processing /home/airflow/.local/lib/python3.7/site-packages/airflow/example_dags/example_skip_dag.py took 0.057 seconds
[2022-09-15T17:03:26.043+0000] {processor.py:153} INFO - Started process (PID=2626) to work on /home/airflow/.local/lib/python3.7/site-packages/airflow/example_dags/example_skip_dag.py
[2022-09-15T17:03:26.044+0000] {processor.py:640} INFO - Processing file /home/airflow/.local/lib/python3.7/site-packages/airflow/example_dags/example_skip_dag.py for tasks to queue
[2022-09-15T17:03:26.046+0000] {logging_mixin.py:115} INFO - [2022-09-15T17:03:26.046+0000] {dagbag.py:508} INFO - Filling up the DagBag from /home/airflow/.local/lib/python3.7/site-packages/airflow/example_dags/example_skip_dag.py
[2022-09-15T17:03:26.051+0000] {processor.py:650} INFO - DAG(s) dict_keys(['example_skip_dag']) retrieved from /home/airflow/.local/lib/python3.7/site-packages/airflow/example_dags/example_skip_dag.py
[2022-09-15T17:03:26.071+0000] {logging_mixin.py:115} INFO - [2022-09-15T17:03:26.071+0000] {dag.py:2429} INFO - Sync 1 DAGs
[2022-09-15T17:03:26.085+0000] {logging_mixin.py:115} INFO - [2022-09-15T17:03:26.085+0000] {dag.py:2981} INFO - Setting next_dagrun for example_skip_dag to 2022-09-14T17:03:26.085507+00:00, run_after=2022-09-15T17:03:26.085507+00:00
[2022-09-15T17:03:26.095+0000] {processor.py:161} INFO - Processing /home/airflow/.local/lib/python3.7/site-packages/airflow/example_dags/example_skip_dag.py took 0.055 seconds
[2022-09-15T17:03:56.278+0000] {processor.py:153} INFO - Started process (PID=2694) to work on /home/airflow/.local/lib/python3.7/site-packages/airflow/example_dags/example_skip_dag.py
[2022-09-15T17:03:56.279+0000] {processor.py:640} INFO - Processing file /home/airflow/.local/lib/python3.7/site-packages/airflow/example_dags/example_skip_dag.py for tasks to queue
[2022-09-15T17:03:56.281+0000] {logging_mixin.py:115} INFO - [2022-09-15T17:03:56.280+0000] {dagbag.py:508} INFO - Filling up the DagBag from /home/airflow/.local/lib/python3.7/site-packages/airflow/example_dags/example_skip_dag.py
[2022-09-15T17:03:56.284+0000] {processor.py:650} INFO - DAG(s) dict_keys(['example_skip_dag']) retrieved from /home/airflow/.local/lib/python3.7/site-packages/airflow/example_dags/example_skip_dag.py
[2022-09-15T17:03:56.304+0000] {logging_mixin.py:115} INFO - [2022-09-15T17:03:56.303+0000] {dag.py:2429} INFO - Sync 1 DAGs
[2022-09-15T17:03:56.317+0000] {logging_mixin.py:115} INFO - [2022-09-15T17:03:56.317+0000] {dag.py:2981} INFO - Setting next_dagrun for example_skip_dag to 2022-09-14T17:03:56.316867+00:00, run_after=2022-09-15T17:03:56.316867+00:00
[2022-09-15T17:03:56.325+0000] {processor.py:161} INFO - Processing /home/airflow/.local/lib/python3.7/site-packages/airflow/example_dags/example_skip_dag.py took 0.050 seconds
[2022-09-15T17:04:26.560+0000] {processor.py:153} INFO - Started process (PID=2762) to work on /home/airflow/.local/lib/python3.7/site-packages/airflow/example_dags/example_skip_dag.py
[2022-09-15T17:04:26.562+0000] {processor.py:640} INFO - Processing file /home/airflow/.local/lib/python3.7/site-packages/airflow/example_dags/example_skip_dag.py for tasks to queue
[2022-09-15T17:04:26.563+0000] {logging_mixin.py:115} INFO - [2022-09-15T17:04:26.563+0000] {dagbag.py:508} INFO - Filling up the DagBag from /home/airflow/.local/lib/python3.7/site-packages/airflow/example_dags/example_skip_dag.py
[2022-09-15T17:04:26.567+0000] {processor.py:650} INFO - DAG(s) dict_keys(['example_skip_dag']) retrieved from /home/airflow/.local/lib/python3.7/site-packages/airflow/example_dags/example_skip_dag.py
[2022-09-15T17:04:26.586+0000] {logging_mixin.py:115} INFO - [2022-09-15T17:04:26.586+0000] {dag.py:2429} INFO - Sync 1 DAGs
[2022-09-15T17:04:26.598+0000] {logging_mixin.py:115} INFO - [2022-09-15T17:04:26.598+0000] {dag.py:2981} INFO - Setting next_dagrun for example_skip_dag to 2022-09-14T17:04:26.598403+00:00, run_after=2022-09-15T17:04:26.598403+00:00
[2022-09-15T17:04:26.607+0000] {processor.py:161} INFO - Processing /home/airflow/.local/lib/python3.7/site-packages/airflow/example_dags/example_skip_dag.py took 0.050 seconds
[2022-09-15T17:04:56.730+0000] {processor.py:153} INFO - Started process (PID=2830) to work on /home/airflow/.local/lib/python3.7/site-packages/airflow/example_dags/example_skip_dag.py
[2022-09-15T17:04:56.732+0000] {processor.py:640} INFO - Processing file /home/airflow/.local/lib/python3.7/site-packages/airflow/example_dags/example_skip_dag.py for tasks to queue
[2022-09-15T17:04:56.735+0000] {logging_mixin.py:115} INFO - [2022-09-15T17:04:56.735+0000] {dagbag.py:508} INFO - Filling up the DagBag from /home/airflow/.local/lib/python3.7/site-packages/airflow/example_dags/example_skip_dag.py
[2022-09-15T17:04:56.741+0000] {processor.py:650} INFO - DAG(s) dict_keys(['example_skip_dag']) retrieved from /home/airflow/.local/lib/python3.7/site-packages/airflow/example_dags/example_skip_dag.py
[2022-09-15T17:04:56.763+0000] {logging_mixin.py:115} INFO - [2022-09-15T17:04:56.763+0000] {dag.py:2429} INFO - Sync 1 DAGs
[2022-09-15T17:04:56.779+0000] {logging_mixin.py:115} INFO - [2022-09-15T17:04:56.779+0000] {dag.py:2981} INFO - Setting next_dagrun for example_skip_dag to 2022-09-14T17:04:56.778863+00:00, run_after=2022-09-15T17:04:56.778863+00:00
[2022-09-15T17:04:56.791+0000] {processor.py:161} INFO - Processing /home/airflow/.local/lib/python3.7/site-packages/airflow/example_dags/example_skip_dag.py took 0.063 seconds
