[2022-09-15T16:43:28.256+0000] {processor.py:153} INFO - Started process (PID=59) to work on /home/airflow/.local/lib/python3.7/site-packages/airflow/example_dags/example_xcom.py
[2022-09-15T16:43:28.266+0000] {processor.py:640} INFO - Processing file /home/airflow/.local/lib/python3.7/site-packages/airflow/example_dags/example_xcom.py for tasks to queue
[2022-09-15T16:43:28.269+0000] {logging_mixin.py:115} INFO - [2022-09-15T16:43:28.268+0000] {dagbag.py:508} INFO - Filling up the DagBag from /home/airflow/.local/lib/python3.7/site-packages/airflow/example_dags/example_xcom.py
[2022-09-15T16:43:28.421+0000] {processor.py:650} INFO - DAG(s) dict_keys(['example_xcom']) retrieved from /home/airflow/.local/lib/python3.7/site-packages/airflow/example_dags/example_xcom.py
[2022-09-15T16:43:28.767+0000] {logging_mixin.py:115} INFO - [2022-09-15T16:43:28.767+0000] {manager.py:508} INFO - Created Permission View: can delete on DAG:example_xcom
[2022-09-15T16:43:28.794+0000] {logging_mixin.py:115} INFO - [2022-09-15T16:43:28.794+0000] {manager.py:508} INFO - Created Permission View: can read on DAG:example_xcom
[2022-09-15T16:43:28.812+0000] {logging_mixin.py:115} INFO - [2022-09-15T16:43:28.812+0000] {manager.py:508} INFO - Created Permission View: can edit on DAG:example_xcom
[2022-09-15T16:43:28.821+0000] {logging_mixin.py:115} INFO - [2022-09-15T16:43:28.820+0000] {dag.py:2429} INFO - Sync 1 DAGs
[2022-09-15T16:43:28.834+0000] {logging_mixin.py:115} INFO - [2022-09-15T16:43:28.834+0000] {dag.py:2448} INFO - Creating ORM DAG for example_xcom
[2022-09-15T16:43:28.864+0000] {logging_mixin.py:115} INFO - [2022-09-15T16:43:28.863+0000] {dag.py:2981} INFO - Setting next_dagrun for example_xcom to 2021-01-01T00:00:00+00:00, run_after=2021-01-01T00:00:00+00:00
[2022-09-15T16:43:28.894+0000] {processor.py:161} INFO - Processing /home/airflow/.local/lib/python3.7/site-packages/airflow/example_dags/example_xcom.py took 0.669 seconds
[2022-09-15T16:43:59.256+0000] {processor.py:153} INFO - Started process (PID=115) to work on /home/airflow/.local/lib/python3.7/site-packages/airflow/example_dags/example_xcom.py
[2022-09-15T16:43:59.259+0000] {processor.py:640} INFO - Processing file /home/airflow/.local/lib/python3.7/site-packages/airflow/example_dags/example_xcom.py for tasks to queue
[2022-09-15T16:43:59.261+0000] {logging_mixin.py:115} INFO - [2022-09-15T16:43:59.261+0000] {dagbag.py:508} INFO - Filling up the DagBag from /home/airflow/.local/lib/python3.7/site-packages/airflow/example_dags/example_xcom.py
[2022-09-15T16:43:59.276+0000] {processor.py:650} INFO - DAG(s) dict_keys(['example_xcom']) retrieved from /home/airflow/.local/lib/python3.7/site-packages/airflow/example_dags/example_xcom.py
[2022-09-15T16:43:59.319+0000] {logging_mixin.py:115} INFO - [2022-09-15T16:43:59.319+0000] {dag.py:2429} INFO - Sync 1 DAGs
[2022-09-15T16:43:59.332+0000] {logging_mixin.py:115} INFO - [2022-09-15T16:43:59.332+0000] {dag.py:2981} INFO - Setting next_dagrun for example_xcom to 2021-01-01T00:00:00+00:00, run_after=2021-01-01T00:00:00+00:00
[2022-09-15T16:43:59.341+0000] {processor.py:161} INFO - Processing /home/airflow/.local/lib/python3.7/site-packages/airflow/example_dags/example_xcom.py took 0.091 seconds
[2022-09-15T16:44:29.375+0000] {processor.py:153} INFO - Started process (PID=181) to work on /home/airflow/.local/lib/python3.7/site-packages/airflow/example_dags/example_xcom.py
[2022-09-15T16:44:29.377+0000] {processor.py:640} INFO - Processing file /home/airflow/.local/lib/python3.7/site-packages/airflow/example_dags/example_xcom.py for tasks to queue
[2022-09-15T16:44:29.381+0000] {logging_mixin.py:115} INFO - [2022-09-15T16:44:29.381+0000] {dagbag.py:508} INFO - Filling up the DagBag from /home/airflow/.local/lib/python3.7/site-packages/airflow/example_dags/example_xcom.py
[2022-09-15T16:44:29.394+0000] {processor.py:650} INFO - DAG(s) dict_keys(['example_xcom']) retrieved from /home/airflow/.local/lib/python3.7/site-packages/airflow/example_dags/example_xcom.py
[2022-09-15T16:44:29.443+0000] {logging_mixin.py:115} INFO - [2022-09-15T16:44:29.443+0000] {dag.py:2429} INFO - Sync 1 DAGs
[2022-09-15T16:44:29.461+0000] {logging_mixin.py:115} INFO - [2022-09-15T16:44:29.461+0000] {dag.py:2981} INFO - Setting next_dagrun for example_xcom to 2021-01-01T00:00:00+00:00, run_after=2021-01-01T00:00:00+00:00
[2022-09-15T16:44:29.472+0000] {processor.py:161} INFO - Processing /home/airflow/.local/lib/python3.7/site-packages/airflow/example_dags/example_xcom.py took 0.100 seconds
[2022-09-15T16:44:59.546+0000] {processor.py:153} INFO - Started process (PID=247) to work on /home/airflow/.local/lib/python3.7/site-packages/airflow/example_dags/example_xcom.py
[2022-09-15T16:44:59.548+0000] {processor.py:640} INFO - Processing file /home/airflow/.local/lib/python3.7/site-packages/airflow/example_dags/example_xcom.py for tasks to queue
[2022-09-15T16:44:59.549+0000] {logging_mixin.py:115} INFO - [2022-09-15T16:44:59.549+0000] {dagbag.py:508} INFO - Filling up the DagBag from /home/airflow/.local/lib/python3.7/site-packages/airflow/example_dags/example_xcom.py
[2022-09-15T16:44:59.562+0000] {processor.py:650} INFO - DAG(s) dict_keys(['example_xcom']) retrieved from /home/airflow/.local/lib/python3.7/site-packages/airflow/example_dags/example_xcom.py
[2022-09-15T16:44:59.606+0000] {logging_mixin.py:115} INFO - [2022-09-15T16:44:59.606+0000] {dag.py:2429} INFO - Sync 1 DAGs
[2022-09-15T16:44:59.620+0000] {logging_mixin.py:115} INFO - [2022-09-15T16:44:59.620+0000] {dag.py:2981} INFO - Setting next_dagrun for example_xcom to 2021-01-01T00:00:00+00:00, run_after=2021-01-01T00:00:00+00:00
[2022-09-15T16:44:59.630+0000] {processor.py:161} INFO - Processing /home/airflow/.local/lib/python3.7/site-packages/airflow/example_dags/example_xcom.py took 0.087 seconds
[2022-09-15T16:45:29.819+0000] {processor.py:153} INFO - Started process (PID=314) to work on /home/airflow/.local/lib/python3.7/site-packages/airflow/example_dags/example_xcom.py
[2022-09-15T16:45:29.820+0000] {processor.py:640} INFO - Processing file /home/airflow/.local/lib/python3.7/site-packages/airflow/example_dags/example_xcom.py for tasks to queue
[2022-09-15T16:45:29.821+0000] {logging_mixin.py:115} INFO - [2022-09-15T16:45:29.821+0000] {dagbag.py:508} INFO - Filling up the DagBag from /home/airflow/.local/lib/python3.7/site-packages/airflow/example_dags/example_xcom.py
[2022-09-15T16:45:29.834+0000] {processor.py:650} INFO - DAG(s) dict_keys(['example_xcom']) retrieved from /home/airflow/.local/lib/python3.7/site-packages/airflow/example_dags/example_xcom.py
[2022-09-15T16:45:29.889+0000] {logging_mixin.py:115} INFO - [2022-09-15T16:45:29.889+0000] {dag.py:2429} INFO - Sync 1 DAGs
[2022-09-15T16:45:29.903+0000] {logging_mixin.py:115} INFO - [2022-09-15T16:45:29.903+0000] {dag.py:2981} INFO - Setting next_dagrun for example_xcom to 2021-01-01T00:00:00+00:00, run_after=2021-01-01T00:00:00+00:00
[2022-09-15T16:45:29.913+0000] {processor.py:161} INFO - Processing /home/airflow/.local/lib/python3.7/site-packages/airflow/example_dags/example_xcom.py took 0.097 seconds
[2022-09-15T16:46:00.823+0000] {processor.py:153} INFO - Started process (PID=371) to work on /home/airflow/.local/lib/python3.7/site-packages/airflow/example_dags/example_xcom.py
[2022-09-15T16:46:00.824+0000] {processor.py:640} INFO - Processing file /home/airflow/.local/lib/python3.7/site-packages/airflow/example_dags/example_xcom.py for tasks to queue
[2022-09-15T16:46:00.825+0000] {logging_mixin.py:115} INFO - [2022-09-15T16:46:00.825+0000] {dagbag.py:508} INFO - Filling up the DagBag from /home/airflow/.local/lib/python3.7/site-packages/airflow/example_dags/example_xcom.py
[2022-09-15T16:46:00.837+0000] {processor.py:650} INFO - DAG(s) dict_keys(['example_xcom']) retrieved from /home/airflow/.local/lib/python3.7/site-packages/airflow/example_dags/example_xcom.py
[2022-09-15T16:46:00.884+0000] {logging_mixin.py:115} INFO - [2022-09-15T16:46:00.884+0000] {dag.py:2429} INFO - Sync 1 DAGs
[2022-09-15T16:46:00.898+0000] {logging_mixin.py:115} INFO - [2022-09-15T16:46:00.898+0000] {dag.py:2981} INFO - Setting next_dagrun for example_xcom to 2021-01-01T00:00:00+00:00, run_after=2021-01-01T00:00:00+00:00
[2022-09-15T16:46:00.912+0000] {processor.py:161} INFO - Processing /home/airflow/.local/lib/python3.7/site-packages/airflow/example_dags/example_xcom.py took 0.091 seconds
[2022-09-15T16:46:31.786+0000] {processor.py:153} INFO - Started process (PID=437) to work on /home/airflow/.local/lib/python3.7/site-packages/airflow/example_dags/example_xcom.py
[2022-09-15T16:46:31.788+0000] {processor.py:640} INFO - Processing file /home/airflow/.local/lib/python3.7/site-packages/airflow/example_dags/example_xcom.py for tasks to queue
[2022-09-15T16:46:31.789+0000] {logging_mixin.py:115} INFO - [2022-09-15T16:46:31.788+0000] {dagbag.py:508} INFO - Filling up the DagBag from /home/airflow/.local/lib/python3.7/site-packages/airflow/example_dags/example_xcom.py
[2022-09-15T16:46:31.800+0000] {processor.py:650} INFO - DAG(s) dict_keys(['example_xcom']) retrieved from /home/airflow/.local/lib/python3.7/site-packages/airflow/example_dags/example_xcom.py
[2022-09-15T16:46:31.843+0000] {logging_mixin.py:115} INFO - [2022-09-15T16:46:31.843+0000] {dag.py:2429} INFO - Sync 1 DAGs
[2022-09-15T16:46:31.857+0000] {logging_mixin.py:115} INFO - [2022-09-15T16:46:31.857+0000] {dag.py:2981} INFO - Setting next_dagrun for example_xcom to 2021-01-01T00:00:00+00:00, run_after=2021-01-01T00:00:00+00:00
[2022-09-15T16:46:31.866+0000] {processor.py:161} INFO - Processing /home/airflow/.local/lib/python3.7/site-packages/airflow/example_dags/example_xcom.py took 0.083 seconds
[2022-09-15T16:47:02.742+0000] {processor.py:153} INFO - Started process (PID=506) to work on /home/airflow/.local/lib/python3.7/site-packages/airflow/example_dags/example_xcom.py
[2022-09-15T16:47:02.744+0000] {processor.py:640} INFO - Processing file /home/airflow/.local/lib/python3.7/site-packages/airflow/example_dags/example_xcom.py for tasks to queue
[2022-09-15T16:47:02.745+0000] {logging_mixin.py:115} INFO - [2022-09-15T16:47:02.745+0000] {dagbag.py:508} INFO - Filling up the DagBag from /home/airflow/.local/lib/python3.7/site-packages/airflow/example_dags/example_xcom.py
[2022-09-15T16:47:02.761+0000] {processor.py:650} INFO - DAG(s) dict_keys(['example_xcom']) retrieved from /home/airflow/.local/lib/python3.7/site-packages/airflow/example_dags/example_xcom.py
[2022-09-15T16:47:02.783+0000] {logging_mixin.py:115} INFO - [2022-09-15T16:47:02.782+0000] {dag.py:2429} INFO - Sync 1 DAGs
[2022-09-15T16:47:02.798+0000] {logging_mixin.py:115} INFO - [2022-09-15T16:47:02.798+0000] {dag.py:2981} INFO - Setting next_dagrun for example_xcom to 2021-01-01T00:00:00+00:00, run_after=2021-01-01T00:00:00+00:00
[2022-09-15T16:47:02.806+0000] {processor.py:161} INFO - Processing /home/airflow/.local/lib/python3.7/site-packages/airflow/example_dags/example_xcom.py took 0.067 seconds
[2022-09-15T16:47:33.751+0000] {processor.py:153} INFO - Started process (PID=574) to work on /home/airflow/.local/lib/python3.7/site-packages/airflow/example_dags/example_xcom.py
[2022-09-15T16:47:33.752+0000] {processor.py:640} INFO - Processing file /home/airflow/.local/lib/python3.7/site-packages/airflow/example_dags/example_xcom.py for tasks to queue
[2022-09-15T16:47:33.753+0000] {logging_mixin.py:115} INFO - [2022-09-15T16:47:33.753+0000] {dagbag.py:508} INFO - Filling up the DagBag from /home/airflow/.local/lib/python3.7/site-packages/airflow/example_dags/example_xcom.py
[2022-09-15T16:47:33.765+0000] {processor.py:650} INFO - DAG(s) dict_keys(['example_xcom']) retrieved from /home/airflow/.local/lib/python3.7/site-packages/airflow/example_dags/example_xcom.py
[2022-09-15T16:47:33.814+0000] {logging_mixin.py:115} INFO - [2022-09-15T16:47:33.814+0000] {dag.py:2429} INFO - Sync 1 DAGs
[2022-09-15T16:47:33.828+0000] {logging_mixin.py:115} INFO - [2022-09-15T16:47:33.827+0000] {dag.py:2981} INFO - Setting next_dagrun for example_xcom to 2021-01-01T00:00:00+00:00, run_after=2021-01-01T00:00:00+00:00
[2022-09-15T16:47:33.842+0000] {processor.py:161} INFO - Processing /home/airflow/.local/lib/python3.7/site-packages/airflow/example_dags/example_xcom.py took 0.093 seconds
[2022-09-15T16:48:04.490+0000] {processor.py:153} INFO - Started process (PID=642) to work on /home/airflow/.local/lib/python3.7/site-packages/airflow/example_dags/example_xcom.py
[2022-09-15T16:48:04.492+0000] {processor.py:640} INFO - Processing file /home/airflow/.local/lib/python3.7/site-packages/airflow/example_dags/example_xcom.py for tasks to queue
[2022-09-15T16:48:04.493+0000] {logging_mixin.py:115} INFO - [2022-09-15T16:48:04.493+0000] {dagbag.py:508} INFO - Filling up the DagBag from /home/airflow/.local/lib/python3.7/site-packages/airflow/example_dags/example_xcom.py
[2022-09-15T16:48:04.505+0000] {processor.py:650} INFO - DAG(s) dict_keys(['example_xcom']) retrieved from /home/airflow/.local/lib/python3.7/site-packages/airflow/example_dags/example_xcom.py
[2022-09-15T16:48:04.553+0000] {logging_mixin.py:115} INFO - [2022-09-15T16:48:04.552+0000] {dag.py:2429} INFO - Sync 1 DAGs
[2022-09-15T16:48:04.565+0000] {logging_mixin.py:115} INFO - [2022-09-15T16:48:04.565+0000] {dag.py:2981} INFO - Setting next_dagrun for example_xcom to 2021-01-01T00:00:00+00:00, run_after=2021-01-01T00:00:00+00:00
[2022-09-15T16:48:04.575+0000] {processor.py:161} INFO - Processing /home/airflow/.local/lib/python3.7/site-packages/airflow/example_dags/example_xcom.py took 0.087 seconds
[2022-09-15T16:48:35.528+0000] {processor.py:153} INFO - Started process (PID=707) to work on /home/airflow/.local/lib/python3.7/site-packages/airflow/example_dags/example_xcom.py
[2022-09-15T16:48:35.530+0000] {processor.py:640} INFO - Processing file /home/airflow/.local/lib/python3.7/site-packages/airflow/example_dags/example_xcom.py for tasks to queue
[2022-09-15T16:48:35.532+0000] {logging_mixin.py:115} INFO - [2022-09-15T16:48:35.532+0000] {dagbag.py:508} INFO - Filling up the DagBag from /home/airflow/.local/lib/python3.7/site-packages/airflow/example_dags/example_xcom.py
[2022-09-15T16:48:35.542+0000] {processor.py:650} INFO - DAG(s) dict_keys(['example_xcom']) retrieved from /home/airflow/.local/lib/python3.7/site-packages/airflow/example_dags/example_xcom.py
[2022-09-15T16:48:35.588+0000] {logging_mixin.py:115} INFO - [2022-09-15T16:48:35.587+0000] {dag.py:2429} INFO - Sync 1 DAGs
[2022-09-15T16:48:35.602+0000] {logging_mixin.py:115} INFO - [2022-09-15T16:48:35.602+0000] {dag.py:2981} INFO - Setting next_dagrun for example_xcom to 2021-01-01T00:00:00+00:00, run_after=2021-01-01T00:00:00+00:00
[2022-09-15T16:48:35.613+0000] {processor.py:161} INFO - Processing /home/airflow/.local/lib/python3.7/site-packages/airflow/example_dags/example_xcom.py took 0.087 seconds
[2022-09-15T16:49:05.665+0000] {processor.py:153} INFO - Started process (PID=773) to work on /home/airflow/.local/lib/python3.7/site-packages/airflow/example_dags/example_xcom.py
[2022-09-15T16:49:05.667+0000] {processor.py:640} INFO - Processing file /home/airflow/.local/lib/python3.7/site-packages/airflow/example_dags/example_xcom.py for tasks to queue
[2022-09-15T16:49:05.668+0000] {logging_mixin.py:115} INFO - [2022-09-15T16:49:05.668+0000] {dagbag.py:508} INFO - Filling up the DagBag from /home/airflow/.local/lib/python3.7/site-packages/airflow/example_dags/example_xcom.py
[2022-09-15T16:49:05.679+0000] {processor.py:650} INFO - DAG(s) dict_keys(['example_xcom']) retrieved from /home/airflow/.local/lib/python3.7/site-packages/airflow/example_dags/example_xcom.py
[2022-09-15T16:49:05.723+0000] {logging_mixin.py:115} INFO - [2022-09-15T16:49:05.723+0000] {dag.py:2429} INFO - Sync 1 DAGs
[2022-09-15T16:49:05.736+0000] {logging_mixin.py:115} INFO - [2022-09-15T16:49:05.736+0000] {dag.py:2981} INFO - Setting next_dagrun for example_xcom to 2021-01-01T00:00:00+00:00, run_after=2021-01-01T00:00:00+00:00
[2022-09-15T16:49:05.745+0000] {processor.py:161} INFO - Processing /home/airflow/.local/lib/python3.7/site-packages/airflow/example_dags/example_xcom.py took 0.083 seconds
[2022-09-15T16:49:36.811+0000] {processor.py:153} INFO - Started process (PID=828) to work on /home/airflow/.local/lib/python3.7/site-packages/airflow/example_dags/example_xcom.py
[2022-09-15T16:49:36.813+0000] {processor.py:640} INFO - Processing file /home/airflow/.local/lib/python3.7/site-packages/airflow/example_dags/example_xcom.py for tasks to queue
[2022-09-15T16:49:36.815+0000] {logging_mixin.py:115} INFO - [2022-09-15T16:49:36.815+0000] {dagbag.py:508} INFO - Filling up the DagBag from /home/airflow/.local/lib/python3.7/site-packages/airflow/example_dags/example_xcom.py
[2022-09-15T16:49:36.827+0000] {processor.py:650} INFO - DAG(s) dict_keys(['example_xcom']) retrieved from /home/airflow/.local/lib/python3.7/site-packages/airflow/example_dags/example_xcom.py
[2022-09-15T16:49:36.869+0000] {logging_mixin.py:115} INFO - [2022-09-15T16:49:36.869+0000] {dag.py:2429} INFO - Sync 1 DAGs
[2022-09-15T16:49:36.881+0000] {logging_mixin.py:115} INFO - [2022-09-15T16:49:36.881+0000] {dag.py:2981} INFO - Setting next_dagrun for example_xcom to 2021-01-01T00:00:00+00:00, run_after=2021-01-01T00:00:00+00:00
[2022-09-15T16:49:36.890+0000] {processor.py:161} INFO - Processing /home/airflow/.local/lib/python3.7/site-packages/airflow/example_dags/example_xcom.py took 0.082 seconds
[2022-09-15T16:50:07.005+0000] {processor.py:153} INFO - Started process (PID=897) to work on /home/airflow/.local/lib/python3.7/site-packages/airflow/example_dags/example_xcom.py
[2022-09-15T16:50:07.007+0000] {processor.py:640} INFO - Processing file /home/airflow/.local/lib/python3.7/site-packages/airflow/example_dags/example_xcom.py for tasks to queue
[2022-09-15T16:50:07.009+0000] {logging_mixin.py:115} INFO - [2022-09-15T16:50:07.009+0000] {dagbag.py:508} INFO - Filling up the DagBag from /home/airflow/.local/lib/python3.7/site-packages/airflow/example_dags/example_xcom.py
[2022-09-15T16:50:07.023+0000] {processor.py:650} INFO - DAG(s) dict_keys(['example_xcom']) retrieved from /home/airflow/.local/lib/python3.7/site-packages/airflow/example_dags/example_xcom.py
[2022-09-15T16:50:07.076+0000] {logging_mixin.py:115} INFO - [2022-09-15T16:50:07.075+0000] {dag.py:2429} INFO - Sync 1 DAGs
[2022-09-15T16:50:07.089+0000] {logging_mixin.py:115} INFO - [2022-09-15T16:50:07.089+0000] {dag.py:2981} INFO - Setting next_dagrun for example_xcom to 2021-01-01T00:00:00+00:00, run_after=2021-01-01T00:00:00+00:00
[2022-09-15T16:50:07.100+0000] {processor.py:161} INFO - Processing /home/airflow/.local/lib/python3.7/site-packages/airflow/example_dags/example_xcom.py took 0.097 seconds
[2022-09-15T16:50:37.976+0000] {processor.py:153} INFO - Started process (PID=966) to work on /home/airflow/.local/lib/python3.7/site-packages/airflow/example_dags/example_xcom.py
[2022-09-15T16:50:37.978+0000] {processor.py:640} INFO - Processing file /home/airflow/.local/lib/python3.7/site-packages/airflow/example_dags/example_xcom.py for tasks to queue
[2022-09-15T16:50:37.979+0000] {logging_mixin.py:115} INFO - [2022-09-15T16:50:37.979+0000] {dagbag.py:508} INFO - Filling up the DagBag from /home/airflow/.local/lib/python3.7/site-packages/airflow/example_dags/example_xcom.py
[2022-09-15T16:50:37.991+0000] {processor.py:650} INFO - DAG(s) dict_keys(['example_xcom']) retrieved from /home/airflow/.local/lib/python3.7/site-packages/airflow/example_dags/example_xcom.py
[2022-09-15T16:50:38.031+0000] {logging_mixin.py:115} INFO - [2022-09-15T16:50:38.030+0000] {dag.py:2429} INFO - Sync 1 DAGs
[2022-09-15T16:50:38.042+0000] {logging_mixin.py:115} INFO - [2022-09-15T16:50:38.042+0000] {dag.py:2981} INFO - Setting next_dagrun for example_xcom to 2021-01-01T00:00:00+00:00, run_after=2021-01-01T00:00:00+00:00
[2022-09-15T16:50:38.050+0000] {processor.py:161} INFO - Processing /home/airflow/.local/lib/python3.7/site-packages/airflow/example_dags/example_xcom.py took 0.077 seconds
[2022-09-15T16:51:08.830+0000] {processor.py:153} INFO - Started process (PID=1032) to work on /home/airflow/.local/lib/python3.7/site-packages/airflow/example_dags/example_xcom.py
[2022-09-15T16:51:08.831+0000] {processor.py:640} INFO - Processing file /home/airflow/.local/lib/python3.7/site-packages/airflow/example_dags/example_xcom.py for tasks to queue
[2022-09-15T16:51:08.832+0000] {logging_mixin.py:115} INFO - [2022-09-15T16:51:08.832+0000] {dagbag.py:508} INFO - Filling up the DagBag from /home/airflow/.local/lib/python3.7/site-packages/airflow/example_dags/example_xcom.py
[2022-09-15T16:51:08.846+0000] {processor.py:650} INFO - DAG(s) dict_keys(['example_xcom']) retrieved from /home/airflow/.local/lib/python3.7/site-packages/airflow/example_dags/example_xcom.py
[2022-09-15T16:51:08.869+0000] {logging_mixin.py:115} INFO - [2022-09-15T16:51:08.869+0000] {dag.py:2429} INFO - Sync 1 DAGs
[2022-09-15T16:51:08.884+0000] {logging_mixin.py:115} INFO - [2022-09-15T16:51:08.884+0000] {dag.py:2981} INFO - Setting next_dagrun for example_xcom to 2021-01-01T00:00:00+00:00, run_after=2021-01-01T00:00:00+00:00
[2022-09-15T16:51:08.892+0000] {processor.py:161} INFO - Processing /home/airflow/.local/lib/python3.7/site-packages/airflow/example_dags/example_xcom.py took 0.065 seconds
[2022-09-15T16:51:39.922+0000] {processor.py:153} INFO - Started process (PID=1102) to work on /home/airflow/.local/lib/python3.7/site-packages/airflow/example_dags/example_xcom.py
[2022-09-15T16:51:39.923+0000] {processor.py:640} INFO - Processing file /home/airflow/.local/lib/python3.7/site-packages/airflow/example_dags/example_xcom.py for tasks to queue
[2022-09-15T16:51:39.924+0000] {logging_mixin.py:115} INFO - [2022-09-15T16:51:39.924+0000] {dagbag.py:508} INFO - Filling up the DagBag from /home/airflow/.local/lib/python3.7/site-packages/airflow/example_dags/example_xcom.py
[2022-09-15T16:51:39.935+0000] {processor.py:650} INFO - DAG(s) dict_keys(['example_xcom']) retrieved from /home/airflow/.local/lib/python3.7/site-packages/airflow/example_dags/example_xcom.py
[2022-09-15T16:51:39.978+0000] {logging_mixin.py:115} INFO - [2022-09-15T16:51:39.978+0000] {dag.py:2429} INFO - Sync 1 DAGs
[2022-09-15T16:51:39.996+0000] {logging_mixin.py:115} INFO - [2022-09-15T16:51:39.996+0000] {dag.py:2981} INFO - Setting next_dagrun for example_xcom to 2021-01-01T00:00:00+00:00, run_after=2021-01-01T00:00:00+00:00
[2022-09-15T16:51:40.005+0000] {processor.py:161} INFO - Processing /home/airflow/.local/lib/python3.7/site-packages/airflow/example_dags/example_xcom.py took 0.086 seconds
[2022-09-15T16:52:10.853+0000] {processor.py:153} INFO - Started process (PID=1167) to work on /home/airflow/.local/lib/python3.7/site-packages/airflow/example_dags/example_xcom.py
[2022-09-15T16:52:10.855+0000] {processor.py:640} INFO - Processing file /home/airflow/.local/lib/python3.7/site-packages/airflow/example_dags/example_xcom.py for tasks to queue
[2022-09-15T16:52:10.856+0000] {logging_mixin.py:115} INFO - [2022-09-15T16:52:10.856+0000] {dagbag.py:508} INFO - Filling up the DagBag from /home/airflow/.local/lib/python3.7/site-packages/airflow/example_dags/example_xcom.py
[2022-09-15T16:52:10.868+0000] {processor.py:650} INFO - DAG(s) dict_keys(['example_xcom']) retrieved from /home/airflow/.local/lib/python3.7/site-packages/airflow/example_dags/example_xcom.py
[2022-09-15T16:52:10.887+0000] {logging_mixin.py:115} INFO - [2022-09-15T16:52:10.887+0000] {dag.py:2429} INFO - Sync 1 DAGs
[2022-09-15T16:52:10.908+0000] {logging_mixin.py:115} INFO - [2022-09-15T16:52:10.908+0000] {dag.py:2981} INFO - Setting next_dagrun for example_xcom to 2021-01-01T00:00:00+00:00, run_after=2021-01-01T00:00:00+00:00
[2022-09-15T16:52:10.919+0000] {processor.py:161} INFO - Processing /home/airflow/.local/lib/python3.7/site-packages/airflow/example_dags/example_xcom.py took 0.069 seconds
[2022-09-15T16:52:41.707+0000] {processor.py:153} INFO - Started process (PID=1223) to work on /home/airflow/.local/lib/python3.7/site-packages/airflow/example_dags/example_xcom.py
[2022-09-15T16:52:41.709+0000] {processor.py:640} INFO - Processing file /home/airflow/.local/lib/python3.7/site-packages/airflow/example_dags/example_xcom.py for tasks to queue
[2022-09-15T16:52:41.711+0000] {logging_mixin.py:115} INFO - [2022-09-15T16:52:41.711+0000] {dagbag.py:508} INFO - Filling up the DagBag from /home/airflow/.local/lib/python3.7/site-packages/airflow/example_dags/example_xcom.py
[2022-09-15T16:52:41.724+0000] {processor.py:650} INFO - DAG(s) dict_keys(['example_xcom']) retrieved from /home/airflow/.local/lib/python3.7/site-packages/airflow/example_dags/example_xcom.py
[2022-09-15T16:52:41.779+0000] {logging_mixin.py:115} INFO - [2022-09-15T16:52:41.779+0000] {dag.py:2429} INFO - Sync 1 DAGs
[2022-09-15T16:52:41.792+0000] {logging_mixin.py:115} INFO - [2022-09-15T16:52:41.792+0000] {dag.py:2981} INFO - Setting next_dagrun for example_xcom to 2021-01-01T00:00:00+00:00, run_after=2021-01-01T00:00:00+00:00
[2022-09-15T16:52:41.803+0000] {processor.py:161} INFO - Processing /home/airflow/.local/lib/python3.7/site-packages/airflow/example_dags/example_xcom.py took 0.099 seconds
[2022-09-15T16:53:11.948+0000] {processor.py:153} INFO - Started process (PID=1291) to work on /home/airflow/.local/lib/python3.7/site-packages/airflow/example_dags/example_xcom.py
[2022-09-15T16:53:11.949+0000] {processor.py:640} INFO - Processing file /home/airflow/.local/lib/python3.7/site-packages/airflow/example_dags/example_xcom.py for tasks to queue
[2022-09-15T16:53:11.951+0000] {logging_mixin.py:115} INFO - [2022-09-15T16:53:11.951+0000] {dagbag.py:508} INFO - Filling up the DagBag from /home/airflow/.local/lib/python3.7/site-packages/airflow/example_dags/example_xcom.py
[2022-09-15T16:53:11.962+0000] {processor.py:650} INFO - DAG(s) dict_keys(['example_xcom']) retrieved from /home/airflow/.local/lib/python3.7/site-packages/airflow/example_dags/example_xcom.py
[2022-09-15T16:53:11.982+0000] {logging_mixin.py:115} INFO - [2022-09-15T16:53:11.982+0000] {dag.py:2429} INFO - Sync 1 DAGs
[2022-09-15T16:53:11.999+0000] {logging_mixin.py:115} INFO - [2022-09-15T16:53:11.999+0000] {dag.py:2981} INFO - Setting next_dagrun for example_xcom to 2021-01-01T00:00:00+00:00, run_after=2021-01-01T00:00:00+00:00
[2022-09-15T16:53:12.008+0000] {processor.py:161} INFO - Processing /home/airflow/.local/lib/python3.7/site-packages/airflow/example_dags/example_xcom.py took 0.063 seconds
[2022-09-15T16:53:42.296+0000] {processor.py:153} INFO - Started process (PID=1359) to work on /home/airflow/.local/lib/python3.7/site-packages/airflow/example_dags/example_xcom.py
[2022-09-15T16:53:42.298+0000] {processor.py:640} INFO - Processing file /home/airflow/.local/lib/python3.7/site-packages/airflow/example_dags/example_xcom.py for tasks to queue
[2022-09-15T16:53:42.299+0000] {logging_mixin.py:115} INFO - [2022-09-15T16:53:42.299+0000] {dagbag.py:508} INFO - Filling up the DagBag from /home/airflow/.local/lib/python3.7/site-packages/airflow/example_dags/example_xcom.py
[2022-09-15T16:53:42.311+0000] {processor.py:650} INFO - DAG(s) dict_keys(['example_xcom']) retrieved from /home/airflow/.local/lib/python3.7/site-packages/airflow/example_dags/example_xcom.py
[2022-09-15T16:53:42.349+0000] {logging_mixin.py:115} INFO - [2022-09-15T16:53:42.349+0000] {dag.py:2429} INFO - Sync 1 DAGs
[2022-09-15T16:53:42.361+0000] {logging_mixin.py:115} INFO - [2022-09-15T16:53:42.361+0000] {dag.py:2981} INFO - Setting next_dagrun for example_xcom to 2021-01-01T00:00:00+00:00, run_after=2021-01-01T00:00:00+00:00
[2022-09-15T16:53:42.369+0000] {processor.py:161} INFO - Processing /home/airflow/.local/lib/python3.7/site-packages/airflow/example_dags/example_xcom.py took 0.076 seconds
[2022-09-15T16:54:13.281+0000] {processor.py:153} INFO - Started process (PID=1428) to work on /home/airflow/.local/lib/python3.7/site-packages/airflow/example_dags/example_xcom.py
[2022-09-15T16:54:13.284+0000] {processor.py:640} INFO - Processing file /home/airflow/.local/lib/python3.7/site-packages/airflow/example_dags/example_xcom.py for tasks to queue
[2022-09-15T16:54:13.285+0000] {logging_mixin.py:115} INFO - [2022-09-15T16:54:13.285+0000] {dagbag.py:508} INFO - Filling up the DagBag from /home/airflow/.local/lib/python3.7/site-packages/airflow/example_dags/example_xcom.py
[2022-09-15T16:54:13.300+0000] {processor.py:650} INFO - DAG(s) dict_keys(['example_xcom']) retrieved from /home/airflow/.local/lib/python3.7/site-packages/airflow/example_dags/example_xcom.py
[2022-09-15T16:54:13.319+0000] {logging_mixin.py:115} INFO - [2022-09-15T16:54:13.319+0000] {dag.py:2429} INFO - Sync 1 DAGs
[2022-09-15T16:54:13.335+0000] {logging_mixin.py:115} INFO - [2022-09-15T16:54:13.335+0000] {dag.py:2981} INFO - Setting next_dagrun for example_xcom to 2021-01-01T00:00:00+00:00, run_after=2021-01-01T00:00:00+00:00
[2022-09-15T16:54:13.343+0000] {processor.py:161} INFO - Processing /home/airflow/.local/lib/python3.7/site-packages/airflow/example_dags/example_xcom.py took 0.064 seconds
[2022-09-15T16:54:44.302+0000] {processor.py:153} INFO - Started process (PID=1493) to work on /home/airflow/.local/lib/python3.7/site-packages/airflow/example_dags/example_xcom.py
[2022-09-15T16:54:44.304+0000] {processor.py:640} INFO - Processing file /home/airflow/.local/lib/python3.7/site-packages/airflow/example_dags/example_xcom.py for tasks to queue
[2022-09-15T16:54:44.306+0000] {logging_mixin.py:115} INFO - [2022-09-15T16:54:44.306+0000] {dagbag.py:508} INFO - Filling up the DagBag from /home/airflow/.local/lib/python3.7/site-packages/airflow/example_dags/example_xcom.py
[2022-09-15T16:54:44.319+0000] {processor.py:650} INFO - DAG(s) dict_keys(['example_xcom']) retrieved from /home/airflow/.local/lib/python3.7/site-packages/airflow/example_dags/example_xcom.py
[2022-09-15T16:54:44.371+0000] {logging_mixin.py:115} INFO - [2022-09-15T16:54:44.371+0000] {dag.py:2429} INFO - Sync 1 DAGs
[2022-09-15T16:54:44.383+0000] {logging_mixin.py:115} INFO - [2022-09-15T16:54:44.383+0000] {dag.py:2981} INFO - Setting next_dagrun for example_xcom to 2021-01-01T00:00:00+00:00, run_after=2021-01-01T00:00:00+00:00
[2022-09-15T16:54:44.393+0000] {processor.py:161} INFO - Processing /home/airflow/.local/lib/python3.7/site-packages/airflow/example_dags/example_xcom.py took 0.094 seconds
[2022-09-15T16:55:14.587+0000] {processor.py:153} INFO - Started process (PID=1551) to work on /home/airflow/.local/lib/python3.7/site-packages/airflow/example_dags/example_xcom.py
[2022-09-15T16:55:14.590+0000] {processor.py:640} INFO - Processing file /home/airflow/.local/lib/python3.7/site-packages/airflow/example_dags/example_xcom.py for tasks to queue
[2022-09-15T16:55:14.591+0000] {logging_mixin.py:115} INFO - [2022-09-15T16:55:14.591+0000] {dagbag.py:508} INFO - Filling up the DagBag from /home/airflow/.local/lib/python3.7/site-packages/airflow/example_dags/example_xcom.py
[2022-09-15T16:55:14.603+0000] {processor.py:650} INFO - DAG(s) dict_keys(['example_xcom']) retrieved from /home/airflow/.local/lib/python3.7/site-packages/airflow/example_dags/example_xcom.py
[2022-09-15T16:55:14.652+0000] {logging_mixin.py:115} INFO - [2022-09-15T16:55:14.652+0000] {dag.py:2429} INFO - Sync 1 DAGs
[2022-09-15T16:55:14.668+0000] {logging_mixin.py:115} INFO - [2022-09-15T16:55:14.668+0000] {dag.py:2981} INFO - Setting next_dagrun for example_xcom to 2021-01-01T00:00:00+00:00, run_after=2021-01-01T00:00:00+00:00
[2022-09-15T16:55:14.678+0000] {processor.py:161} INFO - Processing /home/airflow/.local/lib/python3.7/site-packages/airflow/example_dags/example_xcom.py took 0.094 seconds
[2022-09-15T16:55:45.619+0000] {processor.py:153} INFO - Started process (PID=1621) to work on /home/airflow/.local/lib/python3.7/site-packages/airflow/example_dags/example_xcom.py
[2022-09-15T16:55:45.621+0000] {processor.py:640} INFO - Processing file /home/airflow/.local/lib/python3.7/site-packages/airflow/example_dags/example_xcom.py for tasks to queue
[2022-09-15T16:55:45.623+0000] {logging_mixin.py:115} INFO - [2022-09-15T16:55:45.623+0000] {dagbag.py:508} INFO - Filling up the DagBag from /home/airflow/.local/lib/python3.7/site-packages/airflow/example_dags/example_xcom.py
[2022-09-15T16:55:45.634+0000] {processor.py:650} INFO - DAG(s) dict_keys(['example_xcom']) retrieved from /home/airflow/.local/lib/python3.7/site-packages/airflow/example_dags/example_xcom.py
[2022-09-15T16:55:45.674+0000] {logging_mixin.py:115} INFO - [2022-09-15T16:55:45.674+0000] {dag.py:2429} INFO - Sync 1 DAGs
[2022-09-15T16:55:45.686+0000] {logging_mixin.py:115} INFO - [2022-09-15T16:55:45.685+0000] {dag.py:2981} INFO - Setting next_dagrun for example_xcom to 2021-01-01T00:00:00+00:00, run_after=2021-01-01T00:00:00+00:00
[2022-09-15T16:55:45.695+0000] {processor.py:161} INFO - Processing /home/airflow/.local/lib/python3.7/site-packages/airflow/example_dags/example_xcom.py took 0.078 seconds
[2022-09-15T16:56:15.770+0000] {processor.py:153} INFO - Started process (PID=1687) to work on /home/airflow/.local/lib/python3.7/site-packages/airflow/example_dags/example_xcom.py
[2022-09-15T16:56:15.772+0000] {processor.py:640} INFO - Processing file /home/airflow/.local/lib/python3.7/site-packages/airflow/example_dags/example_xcom.py for tasks to queue
[2022-09-15T16:56:15.773+0000] {logging_mixin.py:115} INFO - [2022-09-15T16:56:15.773+0000] {dagbag.py:508} INFO - Filling up the DagBag from /home/airflow/.local/lib/python3.7/site-packages/airflow/example_dags/example_xcom.py
[2022-09-15T16:56:15.785+0000] {processor.py:650} INFO - DAG(s) dict_keys(['example_xcom']) retrieved from /home/airflow/.local/lib/python3.7/site-packages/airflow/example_dags/example_xcom.py
[2022-09-15T16:56:15.835+0000] {logging_mixin.py:115} INFO - [2022-09-15T16:56:15.835+0000] {dag.py:2429} INFO - Sync 1 DAGs
[2022-09-15T16:56:15.849+0000] {logging_mixin.py:115} INFO - [2022-09-15T16:56:15.849+0000] {dag.py:2981} INFO - Setting next_dagrun for example_xcom to 2021-01-01T00:00:00+00:00, run_after=2021-01-01T00:00:00+00:00
[2022-09-15T16:56:15.859+0000] {processor.py:161} INFO - Processing /home/airflow/.local/lib/python3.7/site-packages/airflow/example_dags/example_xcom.py took 0.092 seconds
[2022-09-15T16:56:46.731+0000] {processor.py:153} INFO - Started process (PID=1758) to work on /home/airflow/.local/lib/python3.7/site-packages/airflow/example_dags/example_xcom.py
[2022-09-15T16:56:46.732+0000] {processor.py:640} INFO - Processing file /home/airflow/.local/lib/python3.7/site-packages/airflow/example_dags/example_xcom.py for tasks to queue
[2022-09-15T16:56:46.734+0000] {logging_mixin.py:115} INFO - [2022-09-15T16:56:46.734+0000] {dagbag.py:508} INFO - Filling up the DagBag from /home/airflow/.local/lib/python3.7/site-packages/airflow/example_dags/example_xcom.py
[2022-09-15T16:56:46.746+0000] {processor.py:650} INFO - DAG(s) dict_keys(['example_xcom']) retrieved from /home/airflow/.local/lib/python3.7/site-packages/airflow/example_dags/example_xcom.py
[2022-09-15T16:56:46.787+0000] {logging_mixin.py:115} INFO - [2022-09-15T16:56:46.787+0000] {dag.py:2429} INFO - Sync 1 DAGs
[2022-09-15T16:56:46.800+0000] {logging_mixin.py:115} INFO - [2022-09-15T16:56:46.799+0000] {dag.py:2981} INFO - Setting next_dagrun for example_xcom to 2021-01-01T00:00:00+00:00, run_after=2021-01-01T00:00:00+00:00
[2022-09-15T16:56:46.812+0000] {processor.py:161} INFO - Processing /home/airflow/.local/lib/python3.7/site-packages/airflow/example_dags/example_xcom.py took 0.085 seconds
[2022-09-15T16:57:16.864+0000] {processor.py:153} INFO - Started process (PID=1823) to work on /home/airflow/.local/lib/python3.7/site-packages/airflow/example_dags/example_xcom.py
[2022-09-15T16:57:16.866+0000] {processor.py:640} INFO - Processing file /home/airflow/.local/lib/python3.7/site-packages/airflow/example_dags/example_xcom.py for tasks to queue
[2022-09-15T16:57:16.867+0000] {logging_mixin.py:115} INFO - [2022-09-15T16:57:16.867+0000] {dagbag.py:508} INFO - Filling up the DagBag from /home/airflow/.local/lib/python3.7/site-packages/airflow/example_dags/example_xcom.py
[2022-09-15T16:57:16.879+0000] {processor.py:650} INFO - DAG(s) dict_keys(['example_xcom']) retrieved from /home/airflow/.local/lib/python3.7/site-packages/airflow/example_dags/example_xcom.py
[2022-09-15T16:57:16.899+0000] {logging_mixin.py:115} INFO - [2022-09-15T16:57:16.899+0000] {dag.py:2429} INFO - Sync 1 DAGs
[2022-09-15T16:57:16.914+0000] {logging_mixin.py:115} INFO - [2022-09-15T16:57:16.914+0000] {dag.py:2981} INFO - Setting next_dagrun for example_xcom to 2021-01-01T00:00:00+00:00, run_after=2021-01-01T00:00:00+00:00
[2022-09-15T16:57:16.925+0000] {processor.py:161} INFO - Processing /home/airflow/.local/lib/python3.7/site-packages/airflow/example_dags/example_xcom.py took 0.064 seconds
[2022-09-15T16:57:47.121+0000] {processor.py:153} INFO - Started process (PID=1878) to work on /home/airflow/.local/lib/python3.7/site-packages/airflow/example_dags/example_xcom.py
[2022-09-15T16:57:47.123+0000] {processor.py:640} INFO - Processing file /home/airflow/.local/lib/python3.7/site-packages/airflow/example_dags/example_xcom.py for tasks to queue
[2022-09-15T16:57:47.124+0000] {logging_mixin.py:115} INFO - [2022-09-15T16:57:47.124+0000] {dagbag.py:508} INFO - Filling up the DagBag from /home/airflow/.local/lib/python3.7/site-packages/airflow/example_dags/example_xcom.py
[2022-09-15T16:57:47.137+0000] {processor.py:650} INFO - DAG(s) dict_keys(['example_xcom']) retrieved from /home/airflow/.local/lib/python3.7/site-packages/airflow/example_dags/example_xcom.py
[2022-09-15T16:57:47.157+0000] {logging_mixin.py:115} INFO - [2022-09-15T16:57:47.157+0000] {dag.py:2429} INFO - Sync 1 DAGs
[2022-09-15T16:57:47.176+0000] {logging_mixin.py:115} INFO - [2022-09-15T16:57:47.176+0000] {dag.py:2981} INFO - Setting next_dagrun for example_xcom to 2021-01-01T00:00:00+00:00, run_after=2021-01-01T00:00:00+00:00
[2022-09-15T16:57:47.188+0000] {processor.py:161} INFO - Processing /home/airflow/.local/lib/python3.7/site-packages/airflow/example_dags/example_xcom.py took 0.069 seconds
[2022-09-15T16:58:18.116+0000] {processor.py:153} INFO - Started process (PID=1950) to work on /home/airflow/.local/lib/python3.7/site-packages/airflow/example_dags/example_xcom.py
[2022-09-15T16:58:18.117+0000] {processor.py:640} INFO - Processing file /home/airflow/.local/lib/python3.7/site-packages/airflow/example_dags/example_xcom.py for tasks to queue
[2022-09-15T16:58:18.118+0000] {logging_mixin.py:115} INFO - [2022-09-15T16:58:18.118+0000] {dagbag.py:508} INFO - Filling up the DagBag from /home/airflow/.local/lib/python3.7/site-packages/airflow/example_dags/example_xcom.py
[2022-09-15T16:58:18.129+0000] {processor.py:650} INFO - DAG(s) dict_keys(['example_xcom']) retrieved from /home/airflow/.local/lib/python3.7/site-packages/airflow/example_dags/example_xcom.py
[2022-09-15T16:58:18.147+0000] {logging_mixin.py:115} INFO - [2022-09-15T16:58:18.147+0000] {dag.py:2429} INFO - Sync 1 DAGs
[2022-09-15T16:58:18.162+0000] {logging_mixin.py:115} INFO - [2022-09-15T16:58:18.162+0000] {dag.py:2981} INFO - Setting next_dagrun for example_xcom to 2021-01-01T00:00:00+00:00, run_after=2021-01-01T00:00:00+00:00
[2022-09-15T16:58:18.170+0000] {processor.py:161} INFO - Processing /home/airflow/.local/lib/python3.7/site-packages/airflow/example_dags/example_xcom.py took 0.057 seconds
[2022-09-15T16:58:49.234+0000] {processor.py:153} INFO - Started process (PID=2016) to work on /home/airflow/.local/lib/python3.7/site-packages/airflow/example_dags/example_xcom.py
[2022-09-15T16:58:49.236+0000] {processor.py:640} INFO - Processing file /home/airflow/.local/lib/python3.7/site-packages/airflow/example_dags/example_xcom.py for tasks to queue
[2022-09-15T16:58:49.237+0000] {logging_mixin.py:115} INFO - [2022-09-15T16:58:49.237+0000] {dagbag.py:508} INFO - Filling up the DagBag from /home/airflow/.local/lib/python3.7/site-packages/airflow/example_dags/example_xcom.py
[2022-09-15T16:58:49.248+0000] {processor.py:650} INFO - DAG(s) dict_keys(['example_xcom']) retrieved from /home/airflow/.local/lib/python3.7/site-packages/airflow/example_dags/example_xcom.py
[2022-09-15T16:58:49.291+0000] {logging_mixin.py:115} INFO - [2022-09-15T16:58:49.290+0000] {dag.py:2429} INFO - Sync 1 DAGs
[2022-09-15T16:58:49.304+0000] {logging_mixin.py:115} INFO - [2022-09-15T16:58:49.304+0000] {dag.py:2981} INFO - Setting next_dagrun for example_xcom to 2021-01-01T00:00:00+00:00, run_after=2021-01-01T00:00:00+00:00
[2022-09-15T16:58:49.318+0000] {processor.py:161} INFO - Processing /home/airflow/.local/lib/python3.7/site-packages/airflow/example_dags/example_xcom.py took 0.086 seconds
[2022-09-15T16:59:19.421+0000] {processor.py:153} INFO - Started process (PID=2085) to work on /home/airflow/.local/lib/python3.7/site-packages/airflow/example_dags/example_xcom.py
[2022-09-15T16:59:19.423+0000] {processor.py:640} INFO - Processing file /home/airflow/.local/lib/python3.7/site-packages/airflow/example_dags/example_xcom.py for tasks to queue
[2022-09-15T16:59:19.425+0000] {logging_mixin.py:115} INFO - [2022-09-15T16:59:19.425+0000] {dagbag.py:508} INFO - Filling up the DagBag from /home/airflow/.local/lib/python3.7/site-packages/airflow/example_dags/example_xcom.py
[2022-09-15T16:59:19.439+0000] {processor.py:650} INFO - DAG(s) dict_keys(['example_xcom']) retrieved from /home/airflow/.local/lib/python3.7/site-packages/airflow/example_dags/example_xcom.py
[2022-09-15T16:59:19.463+0000] {logging_mixin.py:115} INFO - [2022-09-15T16:59:19.463+0000] {dag.py:2429} INFO - Sync 1 DAGs
[2022-09-15T16:59:19.482+0000] {logging_mixin.py:115} INFO - [2022-09-15T16:59:19.482+0000] {dag.py:2981} INFO - Setting next_dagrun for example_xcom to 2021-01-01T00:00:00+00:00, run_after=2021-01-01T00:00:00+00:00
[2022-09-15T16:59:19.492+0000] {processor.py:161} INFO - Processing /home/airflow/.local/lib/python3.7/site-packages/airflow/example_dags/example_xcom.py took 0.073 seconds
[2022-09-15T16:59:50.432+0000] {processor.py:153} INFO - Started process (PID=2152) to work on /home/airflow/.local/lib/python3.7/site-packages/airflow/example_dags/example_xcom.py
[2022-09-15T16:59:50.434+0000] {processor.py:640} INFO - Processing file /home/airflow/.local/lib/python3.7/site-packages/airflow/example_dags/example_xcom.py for tasks to queue
[2022-09-15T16:59:50.436+0000] {logging_mixin.py:115} INFO - [2022-09-15T16:59:50.436+0000] {dagbag.py:508} INFO - Filling up the DagBag from /home/airflow/.local/lib/python3.7/site-packages/airflow/example_dags/example_xcom.py
[2022-09-15T16:59:50.449+0000] {processor.py:650} INFO - DAG(s) dict_keys(['example_xcom']) retrieved from /home/airflow/.local/lib/python3.7/site-packages/airflow/example_dags/example_xcom.py
[2022-09-15T16:59:50.499+0000] {logging_mixin.py:115} INFO - [2022-09-15T16:59:50.499+0000] {dag.py:2429} INFO - Sync 1 DAGs
[2022-09-15T16:59:50.513+0000] {logging_mixin.py:115} INFO - [2022-09-15T16:59:50.513+0000] {dag.py:2981} INFO - Setting next_dagrun for example_xcom to 2021-01-01T00:00:00+00:00, run_after=2021-01-01T00:00:00+00:00
[2022-09-15T16:59:50.523+0000] {processor.py:161} INFO - Processing /home/airflow/.local/lib/python3.7/site-packages/airflow/example_dags/example_xcom.py took 0.096 seconds
[2022-09-15T17:00:21.407+0000] {processor.py:153} INFO - Started process (PID=2212) to work on /home/airflow/.local/lib/python3.7/site-packages/airflow/example_dags/example_xcom.py
[2022-09-15T17:00:21.408+0000] {processor.py:640} INFO - Processing file /home/airflow/.local/lib/python3.7/site-packages/airflow/example_dags/example_xcom.py for tasks to queue
[2022-09-15T17:00:21.410+0000] {logging_mixin.py:115} INFO - [2022-09-15T17:00:21.409+0000] {dagbag.py:508} INFO - Filling up the DagBag from /home/airflow/.local/lib/python3.7/site-packages/airflow/example_dags/example_xcom.py
[2022-09-15T17:00:21.420+0000] {processor.py:650} INFO - DAG(s) dict_keys(['example_xcom']) retrieved from /home/airflow/.local/lib/python3.7/site-packages/airflow/example_dags/example_xcom.py
[2022-09-15T17:00:21.464+0000] {logging_mixin.py:115} INFO - [2022-09-15T17:00:21.464+0000] {dag.py:2429} INFO - Sync 1 DAGs
[2022-09-15T17:00:21.476+0000] {logging_mixin.py:115} INFO - [2022-09-15T17:00:21.476+0000] {dag.py:2981} INFO - Setting next_dagrun for example_xcom to 2021-01-01T00:00:00+00:00, run_after=2021-01-01T00:00:00+00:00
[2022-09-15T17:00:21.486+0000] {processor.py:161} INFO - Processing /home/airflow/.local/lib/python3.7/site-packages/airflow/example_dags/example_xcom.py took 0.082 seconds
[2022-09-15T17:00:51.647+0000] {processor.py:153} INFO - Started process (PID=2284) to work on /home/airflow/.local/lib/python3.7/site-packages/airflow/example_dags/example_xcom.py
[2022-09-15T17:00:51.648+0000] {processor.py:640} INFO - Processing file /home/airflow/.local/lib/python3.7/site-packages/airflow/example_dags/example_xcom.py for tasks to queue
[2022-09-15T17:00:51.649+0000] {logging_mixin.py:115} INFO - [2022-09-15T17:00:51.649+0000] {dagbag.py:508} INFO - Filling up the DagBag from /home/airflow/.local/lib/python3.7/site-packages/airflow/example_dags/example_xcom.py
[2022-09-15T17:00:51.665+0000] {processor.py:650} INFO - DAG(s) dict_keys(['example_xcom']) retrieved from /home/airflow/.local/lib/python3.7/site-packages/airflow/example_dags/example_xcom.py
[2022-09-15T17:00:51.710+0000] {logging_mixin.py:115} INFO - [2022-09-15T17:00:51.710+0000] {dag.py:2429} INFO - Sync 1 DAGs
[2022-09-15T17:00:51.724+0000] {logging_mixin.py:115} INFO - [2022-09-15T17:00:51.724+0000] {dag.py:2981} INFO - Setting next_dagrun for example_xcom to 2021-01-01T00:00:00+00:00, run_after=2021-01-01T00:00:00+00:00
[2022-09-15T17:00:51.736+0000] {processor.py:161} INFO - Processing /home/airflow/.local/lib/python3.7/site-packages/airflow/example_dags/example_xcom.py took 0.092 seconds
[2022-09-15T17:01:21.795+0000] {processor.py:153} INFO - Started process (PID=2348) to work on /home/airflow/.local/lib/python3.7/site-packages/airflow/example_dags/example_xcom.py
[2022-09-15T17:01:21.796+0000] {processor.py:640} INFO - Processing file /home/airflow/.local/lib/python3.7/site-packages/airflow/example_dags/example_xcom.py for tasks to queue
[2022-09-15T17:01:21.798+0000] {logging_mixin.py:115} INFO - [2022-09-15T17:01:21.797+0000] {dagbag.py:508} INFO - Filling up the DagBag from /home/airflow/.local/lib/python3.7/site-packages/airflow/example_dags/example_xcom.py
[2022-09-15T17:01:21.808+0000] {processor.py:650} INFO - DAG(s) dict_keys(['example_xcom']) retrieved from /home/airflow/.local/lib/python3.7/site-packages/airflow/example_dags/example_xcom.py
[2022-09-15T17:01:21.826+0000] {logging_mixin.py:115} INFO - [2022-09-15T17:01:21.826+0000] {dag.py:2429} INFO - Sync 1 DAGs
[2022-09-15T17:01:21.844+0000] {logging_mixin.py:115} INFO - [2022-09-15T17:01:21.844+0000] {dag.py:2981} INFO - Setting next_dagrun for example_xcom to 2021-01-01T00:00:00+00:00, run_after=2021-01-01T00:00:00+00:00
[2022-09-15T17:01:21.853+0000] {processor.py:161} INFO - Processing /home/airflow/.local/lib/python3.7/site-packages/airflow/example_dags/example_xcom.py took 0.060 seconds
[2022-09-15T17:01:52.679+0000] {processor.py:153} INFO - Started process (PID=2417) to work on /home/airflow/.local/lib/python3.7/site-packages/airflow/example_dags/example_xcom.py
[2022-09-15T17:01:52.681+0000] {processor.py:640} INFO - Processing file /home/airflow/.local/lib/python3.7/site-packages/airflow/example_dags/example_xcom.py for tasks to queue
[2022-09-15T17:01:52.682+0000] {logging_mixin.py:115} INFO - [2022-09-15T17:01:52.682+0000] {dagbag.py:508} INFO - Filling up the DagBag from /home/airflow/.local/lib/python3.7/site-packages/airflow/example_dags/example_xcom.py
[2022-09-15T17:01:52.695+0000] {processor.py:650} INFO - DAG(s) dict_keys(['example_xcom']) retrieved from /home/airflow/.local/lib/python3.7/site-packages/airflow/example_dags/example_xcom.py
[2022-09-15T17:01:52.719+0000] {logging_mixin.py:115} INFO - [2022-09-15T17:01:52.719+0000] {dag.py:2429} INFO - Sync 1 DAGs
[2022-09-15T17:01:52.736+0000] {logging_mixin.py:115} INFO - [2022-09-15T17:01:52.736+0000] {dag.py:2981} INFO - Setting next_dagrun for example_xcom to 2021-01-01T00:00:00+00:00, run_after=2021-01-01T00:00:00+00:00
[2022-09-15T17:01:52.746+0000] {processor.py:161} INFO - Processing /home/airflow/.local/lib/python3.7/site-packages/airflow/example_dags/example_xcom.py took 0.070 seconds
[2022-09-15T17:02:23.040+0000] {processor.py:153} INFO - Started process (PID=2486) to work on /home/airflow/.local/lib/python3.7/site-packages/airflow/example_dags/example_xcom.py
[2022-09-15T17:02:23.042+0000] {processor.py:640} INFO - Processing file /home/airflow/.local/lib/python3.7/site-packages/airflow/example_dags/example_xcom.py for tasks to queue
[2022-09-15T17:02:23.043+0000] {logging_mixin.py:115} INFO - [2022-09-15T17:02:23.043+0000] {dagbag.py:508} INFO - Filling up the DagBag from /home/airflow/.local/lib/python3.7/site-packages/airflow/example_dags/example_xcom.py
[2022-09-15T17:02:23.056+0000] {processor.py:650} INFO - DAG(s) dict_keys(['example_xcom']) retrieved from /home/airflow/.local/lib/python3.7/site-packages/airflow/example_dags/example_xcom.py
[2022-09-15T17:02:23.109+0000] {logging_mixin.py:115} INFO - [2022-09-15T17:02:23.108+0000] {dag.py:2429} INFO - Sync 1 DAGs
[2022-09-15T17:02:23.131+0000] {logging_mixin.py:115} INFO - [2022-09-15T17:02:23.130+0000] {dag.py:2981} INFO - Setting next_dagrun for example_xcom to 2021-01-01T00:00:00+00:00, run_after=2021-01-01T00:00:00+00:00
[2022-09-15T17:02:23.146+0000] {processor.py:161} INFO - Processing /home/airflow/.local/lib/python3.7/site-packages/airflow/example_dags/example_xcom.py took 0.109 seconds
[2022-09-15T17:02:53.228+0000] {processor.py:153} INFO - Started process (PID=2544) to work on /home/airflow/.local/lib/python3.7/site-packages/airflow/example_dags/example_xcom.py
[2022-09-15T17:02:53.230+0000] {processor.py:640} INFO - Processing file /home/airflow/.local/lib/python3.7/site-packages/airflow/example_dags/example_xcom.py for tasks to queue
[2022-09-15T17:02:53.231+0000] {logging_mixin.py:115} INFO - [2022-09-15T17:02:53.231+0000] {dagbag.py:508} INFO - Filling up the DagBag from /home/airflow/.local/lib/python3.7/site-packages/airflow/example_dags/example_xcom.py
[2022-09-15T17:02:53.243+0000] {processor.py:650} INFO - DAG(s) dict_keys(['example_xcom']) retrieved from /home/airflow/.local/lib/python3.7/site-packages/airflow/example_dags/example_xcom.py
[2022-09-15T17:02:53.289+0000] {logging_mixin.py:115} INFO - [2022-09-15T17:02:53.289+0000] {dag.py:2429} INFO - Sync 1 DAGs
[2022-09-15T17:02:53.303+0000] {logging_mixin.py:115} INFO - [2022-09-15T17:02:53.303+0000] {dag.py:2981} INFO - Setting next_dagrun for example_xcom to 2021-01-01T00:00:00+00:00, run_after=2021-01-01T00:00:00+00:00
[2022-09-15T17:02:53.313+0000] {processor.py:161} INFO - Processing /home/airflow/.local/lib/python3.7/site-packages/airflow/example_dags/example_xcom.py took 0.088 seconds
[2022-09-15T17:03:23.424+0000] {processor.py:153} INFO - Started process (PID=2614) to work on /home/airflow/.local/lib/python3.7/site-packages/airflow/example_dags/example_xcom.py
[2022-09-15T17:03:23.427+0000] {processor.py:640} INFO - Processing file /home/airflow/.local/lib/python3.7/site-packages/airflow/example_dags/example_xcom.py for tasks to queue
[2022-09-15T17:03:23.429+0000] {logging_mixin.py:115} INFO - [2022-09-15T17:03:23.429+0000] {dagbag.py:508} INFO - Filling up the DagBag from /home/airflow/.local/lib/python3.7/site-packages/airflow/example_dags/example_xcom.py
[2022-09-15T17:03:23.443+0000] {processor.py:650} INFO - DAG(s) dict_keys(['example_xcom']) retrieved from /home/airflow/.local/lib/python3.7/site-packages/airflow/example_dags/example_xcom.py
[2022-09-15T17:03:23.489+0000] {logging_mixin.py:115} INFO - [2022-09-15T17:03:23.489+0000] {dag.py:2429} INFO - Sync 1 DAGs
[2022-09-15T17:03:23.503+0000] {logging_mixin.py:115} INFO - [2022-09-15T17:03:23.503+0000] {dag.py:2981} INFO - Setting next_dagrun for example_xcom to 2021-01-01T00:00:00+00:00, run_after=2021-01-01T00:00:00+00:00
[2022-09-15T17:03:23.516+0000] {processor.py:161} INFO - Processing /home/airflow/.local/lib/python3.7/site-packages/airflow/example_dags/example_xcom.py took 0.094 seconds
[2022-09-15T17:03:53.569+0000] {processor.py:153} INFO - Started process (PID=2682) to work on /home/airflow/.local/lib/python3.7/site-packages/airflow/example_dags/example_xcom.py
[2022-09-15T17:03:53.571+0000] {processor.py:640} INFO - Processing file /home/airflow/.local/lib/python3.7/site-packages/airflow/example_dags/example_xcom.py for tasks to queue
[2022-09-15T17:03:53.572+0000] {logging_mixin.py:115} INFO - [2022-09-15T17:03:53.572+0000] {dagbag.py:508} INFO - Filling up the DagBag from /home/airflow/.local/lib/python3.7/site-packages/airflow/example_dags/example_xcom.py
[2022-09-15T17:03:53.584+0000] {processor.py:650} INFO - DAG(s) dict_keys(['example_xcom']) retrieved from /home/airflow/.local/lib/python3.7/site-packages/airflow/example_dags/example_xcom.py
[2022-09-15T17:03:53.626+0000] {logging_mixin.py:115} INFO - [2022-09-15T17:03:53.626+0000] {dag.py:2429} INFO - Sync 1 DAGs
[2022-09-15T17:03:53.641+0000] {logging_mixin.py:115} INFO - [2022-09-15T17:03:53.640+0000] {dag.py:2981} INFO - Setting next_dagrun for example_xcom to 2021-01-01T00:00:00+00:00, run_after=2021-01-01T00:00:00+00:00
[2022-09-15T17:03:53.651+0000] {processor.py:161} INFO - Processing /home/airflow/.local/lib/python3.7/site-packages/airflow/example_dags/example_xcom.py took 0.084 seconds
[2022-09-15T17:04:23.799+0000] {processor.py:153} INFO - Started process (PID=2750) to work on /home/airflow/.local/lib/python3.7/site-packages/airflow/example_dags/example_xcom.py
[2022-09-15T17:04:23.800+0000] {processor.py:640} INFO - Processing file /home/airflow/.local/lib/python3.7/site-packages/airflow/example_dags/example_xcom.py for tasks to queue
[2022-09-15T17:04:23.801+0000] {logging_mixin.py:115} INFO - [2022-09-15T17:04:23.801+0000] {dagbag.py:508} INFO - Filling up the DagBag from /home/airflow/.local/lib/python3.7/site-packages/airflow/example_dags/example_xcom.py
[2022-09-15T17:04:23.813+0000] {processor.py:650} INFO - DAG(s) dict_keys(['example_xcom']) retrieved from /home/airflow/.local/lib/python3.7/site-packages/airflow/example_dags/example_xcom.py
[2022-09-15T17:04:23.859+0000] {logging_mixin.py:115} INFO - [2022-09-15T17:04:23.859+0000] {dag.py:2429} INFO - Sync 1 DAGs
[2022-09-15T17:04:23.873+0000] {logging_mixin.py:115} INFO - [2022-09-15T17:04:23.873+0000] {dag.py:2981} INFO - Setting next_dagrun for example_xcom to 2021-01-01T00:00:00+00:00, run_after=2021-01-01T00:00:00+00:00
[2022-09-15T17:04:23.883+0000] {processor.py:161} INFO - Processing /home/airflow/.local/lib/python3.7/site-packages/airflow/example_dags/example_xcom.py took 0.087 seconds
[2022-09-15T17:04:54.851+0000] {processor.py:153} INFO - Started process (PID=2806) to work on /home/airflow/.local/lib/python3.7/site-packages/airflow/example_dags/example_xcom.py
[2022-09-15T17:04:54.853+0000] {processor.py:640} INFO - Processing file /home/airflow/.local/lib/python3.7/site-packages/airflow/example_dags/example_xcom.py for tasks to queue
[2022-09-15T17:04:54.855+0000] {logging_mixin.py:115} INFO - [2022-09-15T17:04:54.854+0000] {dagbag.py:508} INFO - Filling up the DagBag from /home/airflow/.local/lib/python3.7/site-packages/airflow/example_dags/example_xcom.py
[2022-09-15T17:04:54.869+0000] {processor.py:650} INFO - DAG(s) dict_keys(['example_xcom']) retrieved from /home/airflow/.local/lib/python3.7/site-packages/airflow/example_dags/example_xcom.py
[2022-09-15T17:04:54.917+0000] {logging_mixin.py:115} INFO - [2022-09-15T17:04:54.917+0000] {dag.py:2429} INFO - Sync 1 DAGs
[2022-09-15T17:04:54.932+0000] {logging_mixin.py:115} INFO - [2022-09-15T17:04:54.932+0000] {dag.py:2981} INFO - Setting next_dagrun for example_xcom to 2021-01-01T00:00:00+00:00, run_after=2021-01-01T00:00:00+00:00
[2022-09-15T17:04:54.943+0000] {processor.py:161} INFO - Processing /home/airflow/.local/lib/python3.7/site-packages/airflow/example_dags/example_xcom.py took 0.096 seconds
