[2022-09-15T16:43:31.534+0000] {processor.py:153} INFO - Started process (PID=68) to work on /home/airflow/.local/lib/python3.7/site-packages/airflow/example_dags/example_branch_python_dop_operator_3.py
[2022-09-15T16:43:31.538+0000] {processor.py:640} INFO - Processing file /home/airflow/.local/lib/python3.7/site-packages/airflow/example_dags/example_branch_python_dop_operator_3.py for tasks to queue
[2022-09-15T16:43:31.541+0000] {logging_mixin.py:115} INFO - [2022-09-15T16:43:31.541+0000] {dagbag.py:508} INFO - Filling up the DagBag from /home/airflow/.local/lib/python3.7/site-packages/airflow/example_dags/example_branch_python_dop_operator_3.py
[2022-09-15T16:43:31.581+0000] {processor.py:650} INFO - DAG(s) dict_keys(['example_branch_dop_operator_v3']) retrieved from /home/airflow/.local/lib/python3.7/site-packages/airflow/example_dags/example_branch_python_dop_operator_3.py
[2022-09-15T16:43:31.868+0000] {logging_mixin.py:115} INFO - [2022-09-15T16:43:31.868+0000] {manager.py:508} INFO - Created Permission View: can delete on DAG:example_branch_dop_operator_v3
[2022-09-15T16:43:31.908+0000] {logging_mixin.py:115} INFO - [2022-09-15T16:43:31.908+0000] {manager.py:508} INFO - Created Permission View: can read on DAG:example_branch_dop_operator_v3
[2022-09-15T16:43:31.934+0000] {logging_mixin.py:115} INFO - [2022-09-15T16:43:31.933+0000] {manager.py:508} INFO - Created Permission View: can edit on DAG:example_branch_dop_operator_v3
[2022-09-15T16:43:31.941+0000] {logging_mixin.py:115} INFO - [2022-09-15T16:43:31.941+0000] {dag.py:2429} INFO - Sync 1 DAGs
[2022-09-15T16:43:31.979+0000] {logging_mixin.py:115} INFO - [2022-09-15T16:43:31.979+0000] {dag.py:2448} INFO - Creating ORM DAG for example_branch_dop_operator_v3
[2022-09-15T16:43:32.072+0000] {logging_mixin.py:115} INFO - [2022-09-15T16:43:32.072+0000] {dag.py:2981} INFO - Setting next_dagrun for example_branch_dop_operator_v3 to 2022-09-15T16:42:00+00:00, run_after=2022-09-15T16:43:00+00:00
[2022-09-15T16:43:32.112+0000] {processor.py:161} INFO - Processing /home/airflow/.local/lib/python3.7/site-packages/airflow/example_dags/example_branch_python_dop_operator_3.py took 0.584 seconds
[2022-09-15T16:44:02.647+0000] {processor.py:153} INFO - Started process (PID=124) to work on /home/airflow/.local/lib/python3.7/site-packages/airflow/example_dags/example_branch_python_dop_operator_3.py
[2022-09-15T16:44:02.649+0000] {processor.py:640} INFO - Processing file /home/airflow/.local/lib/python3.7/site-packages/airflow/example_dags/example_branch_python_dop_operator_3.py for tasks to queue
[2022-09-15T16:44:02.650+0000] {logging_mixin.py:115} INFO - [2022-09-15T16:44:02.650+0000] {dagbag.py:508} INFO - Filling up the DagBag from /home/airflow/.local/lib/python3.7/site-packages/airflow/example_dags/example_branch_python_dop_operator_3.py
[2022-09-15T16:44:02.656+0000] {processor.py:650} INFO - DAG(s) dict_keys(['example_branch_dop_operator_v3']) retrieved from /home/airflow/.local/lib/python3.7/site-packages/airflow/example_dags/example_branch_python_dop_operator_3.py
[2022-09-15T16:44:02.675+0000] {logging_mixin.py:115} INFO - [2022-09-15T16:44:02.675+0000] {dag.py:2429} INFO - Sync 1 DAGs
[2022-09-15T16:44:02.692+0000] {logging_mixin.py:115} INFO - [2022-09-15T16:44:02.692+0000] {dag.py:2981} INFO - Setting next_dagrun for example_branch_dop_operator_v3 to 2022-09-15T16:43:00+00:00, run_after=2022-09-15T16:44:00+00:00
[2022-09-15T16:44:02.701+0000] {processor.py:161} INFO - Processing /home/airflow/.local/lib/python3.7/site-packages/airflow/example_dags/example_branch_python_dop_operator_3.py took 0.056 seconds
[2022-09-15T16:44:32.842+0000] {processor.py:153} INFO - Started process (PID=190) to work on /home/airflow/.local/lib/python3.7/site-packages/airflow/example_dags/example_branch_python_dop_operator_3.py
[2022-09-15T16:44:32.845+0000] {processor.py:640} INFO - Processing file /home/airflow/.local/lib/python3.7/site-packages/airflow/example_dags/example_branch_python_dop_operator_3.py for tasks to queue
[2022-09-15T16:44:32.846+0000] {logging_mixin.py:115} INFO - [2022-09-15T16:44:32.846+0000] {dagbag.py:508} INFO - Filling up the DagBag from /home/airflow/.local/lib/python3.7/site-packages/airflow/example_dags/example_branch_python_dop_operator_3.py
[2022-09-15T16:44:32.856+0000] {processor.py:650} INFO - DAG(s) dict_keys(['example_branch_dop_operator_v3']) retrieved from /home/airflow/.local/lib/python3.7/site-packages/airflow/example_dags/example_branch_python_dop_operator_3.py
[2022-09-15T16:44:32.874+0000] {logging_mixin.py:115} INFO - [2022-09-15T16:44:32.874+0000] {dag.py:2429} INFO - Sync 1 DAGs
[2022-09-15T16:44:32.890+0000] {logging_mixin.py:115} INFO - [2022-09-15T16:44:32.890+0000] {dag.py:2981} INFO - Setting next_dagrun for example_branch_dop_operator_v3 to 2022-09-15T16:43:00+00:00, run_after=2022-09-15T16:44:00+00:00
[2022-09-15T16:44:32.897+0000] {processor.py:161} INFO - Processing /home/airflow/.local/lib/python3.7/site-packages/airflow/example_dags/example_branch_python_dop_operator_3.py took 0.058 seconds
[2022-09-15T16:45:03.018+0000] {processor.py:153} INFO - Started process (PID=256) to work on /home/airflow/.local/lib/python3.7/site-packages/airflow/example_dags/example_branch_python_dop_operator_3.py
[2022-09-15T16:45:03.022+0000] {processor.py:640} INFO - Processing file /home/airflow/.local/lib/python3.7/site-packages/airflow/example_dags/example_branch_python_dop_operator_3.py for tasks to queue
[2022-09-15T16:45:03.023+0000] {logging_mixin.py:115} INFO - [2022-09-15T16:45:03.023+0000] {dagbag.py:508} INFO - Filling up the DagBag from /home/airflow/.local/lib/python3.7/site-packages/airflow/example_dags/example_branch_python_dop_operator_3.py
[2022-09-15T16:45:03.032+0000] {processor.py:650} INFO - DAG(s) dict_keys(['example_branch_dop_operator_v3']) retrieved from /home/airflow/.local/lib/python3.7/site-packages/airflow/example_dags/example_branch_python_dop_operator_3.py
[2022-09-15T16:45:03.050+0000] {logging_mixin.py:115} INFO - [2022-09-15T16:45:03.050+0000] {dag.py:2429} INFO - Sync 1 DAGs
[2022-09-15T16:45:03.066+0000] {logging_mixin.py:115} INFO - [2022-09-15T16:45:03.066+0000] {dag.py:2981} INFO - Setting next_dagrun for example_branch_dop_operator_v3 to 2022-09-15T16:44:00+00:00, run_after=2022-09-15T16:45:00+00:00
[2022-09-15T16:45:03.074+0000] {processor.py:161} INFO - Processing /home/airflow/.local/lib/python3.7/site-packages/airflow/example_dags/example_branch_python_dop_operator_3.py took 0.061 seconds
[2022-09-15T16:45:33.207+0000] {processor.py:153} INFO - Started process (PID=323) to work on /home/airflow/.local/lib/python3.7/site-packages/airflow/example_dags/example_branch_python_dop_operator_3.py
[2022-09-15T16:45:33.209+0000] {processor.py:640} INFO - Processing file /home/airflow/.local/lib/python3.7/site-packages/airflow/example_dags/example_branch_python_dop_operator_3.py for tasks to queue
[2022-09-15T16:45:33.211+0000] {logging_mixin.py:115} INFO - [2022-09-15T16:45:33.210+0000] {dagbag.py:508} INFO - Filling up the DagBag from /home/airflow/.local/lib/python3.7/site-packages/airflow/example_dags/example_branch_python_dop_operator_3.py
[2022-09-15T16:45:33.220+0000] {processor.py:650} INFO - DAG(s) dict_keys(['example_branch_dop_operator_v3']) retrieved from /home/airflow/.local/lib/python3.7/site-packages/airflow/example_dags/example_branch_python_dop_operator_3.py
[2022-09-15T16:45:33.248+0000] {logging_mixin.py:115} INFO - [2022-09-15T16:45:33.248+0000] {dag.py:2429} INFO - Sync 1 DAGs
[2022-09-15T16:45:33.267+0000] {logging_mixin.py:115} INFO - [2022-09-15T16:45:33.267+0000] {dag.py:2981} INFO - Setting next_dagrun for example_branch_dop_operator_v3 to 2022-09-15T16:44:00+00:00, run_after=2022-09-15T16:45:00+00:00
[2022-09-15T16:45:33.280+0000] {processor.py:161} INFO - Processing /home/airflow/.local/lib/python3.7/site-packages/airflow/example_dags/example_branch_python_dop_operator_3.py took 0.079 seconds
[2022-09-15T16:46:03.320+0000] {processor.py:153} INFO - Started process (PID=390) to work on /home/airflow/.local/lib/python3.7/site-packages/airflow/example_dags/example_branch_python_dop_operator_3.py
[2022-09-15T16:46:03.322+0000] {processor.py:640} INFO - Processing file /home/airflow/.local/lib/python3.7/site-packages/airflow/example_dags/example_branch_python_dop_operator_3.py for tasks to queue
[2022-09-15T16:46:03.323+0000] {logging_mixin.py:115} INFO - [2022-09-15T16:46:03.323+0000] {dagbag.py:508} INFO - Filling up the DagBag from /home/airflow/.local/lib/python3.7/site-packages/airflow/example_dags/example_branch_python_dop_operator_3.py
[2022-09-15T16:46:03.331+0000] {processor.py:650} INFO - DAG(s) dict_keys(['example_branch_dop_operator_v3']) retrieved from /home/airflow/.local/lib/python3.7/site-packages/airflow/example_dags/example_branch_python_dop_operator_3.py
[2022-09-15T16:46:03.349+0000] {logging_mixin.py:115} INFO - [2022-09-15T16:46:03.349+0000] {dag.py:2429} INFO - Sync 1 DAGs
[2022-09-15T16:46:03.365+0000] {logging_mixin.py:115} INFO - [2022-09-15T16:46:03.365+0000] {dag.py:2981} INFO - Setting next_dagrun for example_branch_dop_operator_v3 to 2022-09-15T16:45:00+00:00, run_after=2022-09-15T16:46:00+00:00
[2022-09-15T16:46:03.375+0000] {processor.py:161} INFO - Processing /home/airflow/.local/lib/python3.7/site-packages/airflow/example_dags/example_branch_python_dop_operator_3.py took 0.059 seconds
[2022-09-15T16:46:34.234+0000] {processor.py:153} INFO - Started process (PID=454) to work on /home/airflow/.local/lib/python3.7/site-packages/airflow/example_dags/example_branch_python_dop_operator_3.py
[2022-09-15T16:46:34.236+0000] {processor.py:640} INFO - Processing file /home/airflow/.local/lib/python3.7/site-packages/airflow/example_dags/example_branch_python_dop_operator_3.py for tasks to queue
[2022-09-15T16:46:34.237+0000] {logging_mixin.py:115} INFO - [2022-09-15T16:46:34.237+0000] {dagbag.py:508} INFO - Filling up the DagBag from /home/airflow/.local/lib/python3.7/site-packages/airflow/example_dags/example_branch_python_dop_operator_3.py
[2022-09-15T16:46:34.243+0000] {processor.py:650} INFO - DAG(s) dict_keys(['example_branch_dop_operator_v3']) retrieved from /home/airflow/.local/lib/python3.7/site-packages/airflow/example_dags/example_branch_python_dop_operator_3.py
[2022-09-15T16:46:34.260+0000] {logging_mixin.py:115} INFO - [2022-09-15T16:46:34.260+0000] {dag.py:2429} INFO - Sync 1 DAGs
[2022-09-15T16:46:34.276+0000] {logging_mixin.py:115} INFO - [2022-09-15T16:46:34.276+0000] {dag.py:2981} INFO - Setting next_dagrun for example_branch_dop_operator_v3 to 2022-09-15T16:45:00+00:00, run_after=2022-09-15T16:46:00+00:00
[2022-09-15T16:46:34.284+0000] {processor.py:161} INFO - Processing /home/airflow/.local/lib/python3.7/site-packages/airflow/example_dags/example_branch_python_dop_operator_3.py took 0.053 seconds
[2022-09-15T16:47:05.225+0000] {processor.py:153} INFO - Started process (PID=515) to work on /home/airflow/.local/lib/python3.7/site-packages/airflow/example_dags/example_branch_python_dop_operator_3.py
[2022-09-15T16:47:05.230+0000] {processor.py:640} INFO - Processing file /home/airflow/.local/lib/python3.7/site-packages/airflow/example_dags/example_branch_python_dop_operator_3.py for tasks to queue
[2022-09-15T16:47:05.231+0000] {logging_mixin.py:115} INFO - [2022-09-15T16:47:05.231+0000] {dagbag.py:508} INFO - Filling up the DagBag from /home/airflow/.local/lib/python3.7/site-packages/airflow/example_dags/example_branch_python_dop_operator_3.py
[2022-09-15T16:47:05.240+0000] {processor.py:650} INFO - DAG(s) dict_keys(['example_branch_dop_operator_v3']) retrieved from /home/airflow/.local/lib/python3.7/site-packages/airflow/example_dags/example_branch_python_dop_operator_3.py
[2022-09-15T16:47:05.264+0000] {logging_mixin.py:115} INFO - [2022-09-15T16:47:05.264+0000] {dag.py:2429} INFO - Sync 1 DAGs
[2022-09-15T16:47:05.284+0000] {logging_mixin.py:115} INFO - [2022-09-15T16:47:05.284+0000] {dag.py:2981} INFO - Setting next_dagrun for example_branch_dop_operator_v3 to 2022-09-15T16:46:00+00:00, run_after=2022-09-15T16:47:00+00:00
[2022-09-15T16:47:05.295+0000] {processor.py:161} INFO - Processing /home/airflow/.local/lib/python3.7/site-packages/airflow/example_dags/example_branch_python_dop_operator_3.py took 0.074 seconds
[2022-09-15T16:47:36.131+0000] {processor.py:153} INFO - Started process (PID=583) to work on /home/airflow/.local/lib/python3.7/site-packages/airflow/example_dags/example_branch_python_dop_operator_3.py
[2022-09-15T16:47:36.133+0000] {processor.py:640} INFO - Processing file /home/airflow/.local/lib/python3.7/site-packages/airflow/example_dags/example_branch_python_dop_operator_3.py for tasks to queue
[2022-09-15T16:47:36.135+0000] {logging_mixin.py:115} INFO - [2022-09-15T16:47:36.134+0000] {dagbag.py:508} INFO - Filling up the DagBag from /home/airflow/.local/lib/python3.7/site-packages/airflow/example_dags/example_branch_python_dop_operator_3.py
[2022-09-15T16:47:36.141+0000] {processor.py:650} INFO - DAG(s) dict_keys(['example_branch_dop_operator_v3']) retrieved from /home/airflow/.local/lib/python3.7/site-packages/airflow/example_dags/example_branch_python_dop_operator_3.py
[2022-09-15T16:47:36.159+0000] {logging_mixin.py:115} INFO - [2022-09-15T16:47:36.159+0000] {dag.py:2429} INFO - Sync 1 DAGs
[2022-09-15T16:47:36.174+0000] {logging_mixin.py:115} INFO - [2022-09-15T16:47:36.174+0000] {dag.py:2981} INFO - Setting next_dagrun for example_branch_dop_operator_v3 to 2022-09-15T16:46:00+00:00, run_after=2022-09-15T16:47:00+00:00
[2022-09-15T16:47:36.182+0000] {processor.py:161} INFO - Processing /home/airflow/.local/lib/python3.7/site-packages/airflow/example_dags/example_branch_python_dop_operator_3.py took 0.053 seconds
[2022-09-15T16:48:06.940+0000] {processor.py:153} INFO - Started process (PID=651) to work on /home/airflow/.local/lib/python3.7/site-packages/airflow/example_dags/example_branch_python_dop_operator_3.py
[2022-09-15T16:48:06.942+0000] {processor.py:640} INFO - Processing file /home/airflow/.local/lib/python3.7/site-packages/airflow/example_dags/example_branch_python_dop_operator_3.py for tasks to queue
[2022-09-15T16:48:06.944+0000] {logging_mixin.py:115} INFO - [2022-09-15T16:48:06.943+0000] {dagbag.py:508} INFO - Filling up the DagBag from /home/airflow/.local/lib/python3.7/site-packages/airflow/example_dags/example_branch_python_dop_operator_3.py
[2022-09-15T16:48:06.950+0000] {processor.py:650} INFO - DAG(s) dict_keys(['example_branch_dop_operator_v3']) retrieved from /home/airflow/.local/lib/python3.7/site-packages/airflow/example_dags/example_branch_python_dop_operator_3.py
[2022-09-15T16:48:06.970+0000] {logging_mixin.py:115} INFO - [2022-09-15T16:48:06.970+0000] {dag.py:2429} INFO - Sync 1 DAGs
[2022-09-15T16:48:06.985+0000] {logging_mixin.py:115} INFO - [2022-09-15T16:48:06.985+0000] {dag.py:2981} INFO - Setting next_dagrun for example_branch_dop_operator_v3 to 2022-09-15T16:47:00+00:00, run_after=2022-09-15T16:48:00+00:00
[2022-09-15T16:48:06.993+0000] {processor.py:161} INFO - Processing /home/airflow/.local/lib/python3.7/site-packages/airflow/example_dags/example_branch_python_dop_operator_3.py took 0.055 seconds
[2022-09-15T16:48:37.169+0000] {processor.py:153} INFO - Started process (PID=716) to work on /home/airflow/.local/lib/python3.7/site-packages/airflow/example_dags/example_branch_python_dop_operator_3.py
[2022-09-15T16:48:37.171+0000] {processor.py:640} INFO - Processing file /home/airflow/.local/lib/python3.7/site-packages/airflow/example_dags/example_branch_python_dop_operator_3.py for tasks to queue
[2022-09-15T16:48:37.172+0000] {logging_mixin.py:115} INFO - [2022-09-15T16:48:37.172+0000] {dagbag.py:508} INFO - Filling up the DagBag from /home/airflow/.local/lib/python3.7/site-packages/airflow/example_dags/example_branch_python_dop_operator_3.py
[2022-09-15T16:48:37.180+0000] {processor.py:650} INFO - DAG(s) dict_keys(['example_branch_dop_operator_v3']) retrieved from /home/airflow/.local/lib/python3.7/site-packages/airflow/example_dags/example_branch_python_dop_operator_3.py
[2022-09-15T16:48:37.201+0000] {logging_mixin.py:115} INFO - [2022-09-15T16:48:37.201+0000] {dag.py:2429} INFO - Sync 1 DAGs
[2022-09-15T16:48:37.218+0000] {logging_mixin.py:115} INFO - [2022-09-15T16:48:37.218+0000] {dag.py:2981} INFO - Setting next_dagrun for example_branch_dop_operator_v3 to 2022-09-15T16:47:00+00:00, run_after=2022-09-15T16:48:00+00:00
[2022-09-15T16:48:37.235+0000] {processor.py:161} INFO - Processing /home/airflow/.local/lib/python3.7/site-packages/airflow/example_dags/example_branch_python_dop_operator_3.py took 0.069 seconds
[2022-09-15T16:49:08.126+0000] {processor.py:153} INFO - Started process (PID=782) to work on /home/airflow/.local/lib/python3.7/site-packages/airflow/example_dags/example_branch_python_dop_operator_3.py
[2022-09-15T16:49:08.128+0000] {processor.py:640} INFO - Processing file /home/airflow/.local/lib/python3.7/site-packages/airflow/example_dags/example_branch_python_dop_operator_3.py for tasks to queue
[2022-09-15T16:49:08.130+0000] {logging_mixin.py:115} INFO - [2022-09-15T16:49:08.130+0000] {dagbag.py:508} INFO - Filling up the DagBag from /home/airflow/.local/lib/python3.7/site-packages/airflow/example_dags/example_branch_python_dop_operator_3.py
[2022-09-15T16:49:08.138+0000] {processor.py:650} INFO - DAG(s) dict_keys(['example_branch_dop_operator_v3']) retrieved from /home/airflow/.local/lib/python3.7/site-packages/airflow/example_dags/example_branch_python_dop_operator_3.py
[2022-09-15T16:49:08.157+0000] {logging_mixin.py:115} INFO - [2022-09-15T16:49:08.157+0000] {dag.py:2429} INFO - Sync 1 DAGs
[2022-09-15T16:49:08.174+0000] {logging_mixin.py:115} INFO - [2022-09-15T16:49:08.174+0000] {dag.py:2981} INFO - Setting next_dagrun for example_branch_dop_operator_v3 to 2022-09-15T16:48:00+00:00, run_after=2022-09-15T16:49:00+00:00
[2022-09-15T16:49:08.184+0000] {processor.py:161} INFO - Processing /home/airflow/.local/lib/python3.7/site-packages/airflow/example_dags/example_branch_python_dop_operator_3.py took 0.060 seconds
[2022-09-15T16:49:38.385+0000] {processor.py:153} INFO - Started process (PID=849) to work on /home/airflow/.local/lib/python3.7/site-packages/airflow/example_dags/example_branch_python_dop_operator_3.py
[2022-09-15T16:49:38.387+0000] {processor.py:640} INFO - Processing file /home/airflow/.local/lib/python3.7/site-packages/airflow/example_dags/example_branch_python_dop_operator_3.py for tasks to queue
[2022-09-15T16:49:38.389+0000] {logging_mixin.py:115} INFO - [2022-09-15T16:49:38.389+0000] {dagbag.py:508} INFO - Filling up the DagBag from /home/airflow/.local/lib/python3.7/site-packages/airflow/example_dags/example_branch_python_dop_operator_3.py
[2022-09-15T16:49:38.400+0000] {processor.py:650} INFO - DAG(s) dict_keys(['example_branch_dop_operator_v3']) retrieved from /home/airflow/.local/lib/python3.7/site-packages/airflow/example_dags/example_branch_python_dop_operator_3.py
[2022-09-15T16:49:38.424+0000] {logging_mixin.py:115} INFO - [2022-09-15T16:49:38.424+0000] {dag.py:2429} INFO - Sync 1 DAGs
[2022-09-15T16:49:38.445+0000] {logging_mixin.py:115} INFO - [2022-09-15T16:49:38.445+0000] {dag.py:2981} INFO - Setting next_dagrun for example_branch_dop_operator_v3 to 2022-09-15T16:48:00+00:00, run_after=2022-09-15T16:49:00+00:00
[2022-09-15T16:49:38.458+0000] {processor.py:161} INFO - Processing /home/airflow/.local/lib/python3.7/site-packages/airflow/example_dags/example_branch_python_dop_operator_3.py took 0.076 seconds
[2022-09-15T16:50:08.506+0000] {processor.py:153} INFO - Started process (PID=906) to work on /home/airflow/.local/lib/python3.7/site-packages/airflow/example_dags/example_branch_python_dop_operator_3.py
[2022-09-15T16:50:08.508+0000] {processor.py:640} INFO - Processing file /home/airflow/.local/lib/python3.7/site-packages/airflow/example_dags/example_branch_python_dop_operator_3.py for tasks to queue
[2022-09-15T16:50:08.509+0000] {logging_mixin.py:115} INFO - [2022-09-15T16:50:08.509+0000] {dagbag.py:508} INFO - Filling up the DagBag from /home/airflow/.local/lib/python3.7/site-packages/airflow/example_dags/example_branch_python_dop_operator_3.py
[2022-09-15T16:50:08.516+0000] {processor.py:650} INFO - DAG(s) dict_keys(['example_branch_dop_operator_v3']) retrieved from /home/airflow/.local/lib/python3.7/site-packages/airflow/example_dags/example_branch_python_dop_operator_3.py
[2022-09-15T16:50:08.535+0000] {logging_mixin.py:115} INFO - [2022-09-15T16:50:08.535+0000] {dag.py:2429} INFO - Sync 1 DAGs
[2022-09-15T16:50:08.554+0000] {logging_mixin.py:115} INFO - [2022-09-15T16:50:08.554+0000] {dag.py:2981} INFO - Setting next_dagrun for example_branch_dop_operator_v3 to 2022-09-15T16:49:00+00:00, run_after=2022-09-15T16:50:00+00:00
[2022-09-15T16:50:08.563+0000] {processor.py:161} INFO - Processing /home/airflow/.local/lib/python3.7/site-packages/airflow/example_dags/example_branch_python_dop_operator_3.py took 0.059 seconds
[2022-09-15T16:50:39.452+0000] {processor.py:153} INFO - Started process (PID=975) to work on /home/airflow/.local/lib/python3.7/site-packages/airflow/example_dags/example_branch_python_dop_operator_3.py
[2022-09-15T16:50:39.454+0000] {processor.py:640} INFO - Processing file /home/airflow/.local/lib/python3.7/site-packages/airflow/example_dags/example_branch_python_dop_operator_3.py for tasks to queue
[2022-09-15T16:50:39.456+0000] {logging_mixin.py:115} INFO - [2022-09-15T16:50:39.455+0000] {dagbag.py:508} INFO - Filling up the DagBag from /home/airflow/.local/lib/python3.7/site-packages/airflow/example_dags/example_branch_python_dop_operator_3.py
[2022-09-15T16:50:39.464+0000] {processor.py:650} INFO - DAG(s) dict_keys(['example_branch_dop_operator_v3']) retrieved from /home/airflow/.local/lib/python3.7/site-packages/airflow/example_dags/example_branch_python_dop_operator_3.py
[2022-09-15T16:50:39.485+0000] {logging_mixin.py:115} INFO - [2022-09-15T16:50:39.485+0000] {dag.py:2429} INFO - Sync 1 DAGs
[2022-09-15T16:50:39.506+0000] {logging_mixin.py:115} INFO - [2022-09-15T16:50:39.506+0000] {dag.py:2981} INFO - Setting next_dagrun for example_branch_dop_operator_v3 to 2022-09-15T16:49:00+00:00, run_after=2022-09-15T16:50:00+00:00
[2022-09-15T16:50:39.518+0000] {processor.py:161} INFO - Processing /home/airflow/.local/lib/python3.7/site-packages/airflow/example_dags/example_branch_python_dop_operator_3.py took 0.068 seconds
[2022-09-15T16:51:10.328+0000] {processor.py:153} INFO - Started process (PID=1041) to work on /home/airflow/.local/lib/python3.7/site-packages/airflow/example_dags/example_branch_python_dop_operator_3.py
[2022-09-15T16:51:10.330+0000] {processor.py:640} INFO - Processing file /home/airflow/.local/lib/python3.7/site-packages/airflow/example_dags/example_branch_python_dop_operator_3.py for tasks to queue
[2022-09-15T16:51:10.331+0000] {logging_mixin.py:115} INFO - [2022-09-15T16:51:10.331+0000] {dagbag.py:508} INFO - Filling up the DagBag from /home/airflow/.local/lib/python3.7/site-packages/airflow/example_dags/example_branch_python_dop_operator_3.py
[2022-09-15T16:51:10.337+0000] {processor.py:650} INFO - DAG(s) dict_keys(['example_branch_dop_operator_v3']) retrieved from /home/airflow/.local/lib/python3.7/site-packages/airflow/example_dags/example_branch_python_dop_operator_3.py
[2022-09-15T16:51:10.355+0000] {logging_mixin.py:115} INFO - [2022-09-15T16:51:10.355+0000] {dag.py:2429} INFO - Sync 1 DAGs
[2022-09-15T16:51:10.369+0000] {logging_mixin.py:115} INFO - [2022-09-15T16:51:10.369+0000] {dag.py:2981} INFO - Setting next_dagrun for example_branch_dop_operator_v3 to 2022-09-15T16:50:00+00:00, run_after=2022-09-15T16:51:00+00:00
[2022-09-15T16:51:10.377+0000] {processor.py:161} INFO - Processing /home/airflow/.local/lib/python3.7/site-packages/airflow/example_dags/example_branch_python_dop_operator_3.py took 0.052 seconds
[2022-09-15T16:51:41.347+0000] {processor.py:153} INFO - Started process (PID=1111) to work on /home/airflow/.local/lib/python3.7/site-packages/airflow/example_dags/example_branch_python_dop_operator_3.py
[2022-09-15T16:51:41.349+0000] {processor.py:640} INFO - Processing file /home/airflow/.local/lib/python3.7/site-packages/airflow/example_dags/example_branch_python_dop_operator_3.py for tasks to queue
[2022-09-15T16:51:41.351+0000] {logging_mixin.py:115} INFO - [2022-09-15T16:51:41.350+0000] {dagbag.py:508} INFO - Filling up the DagBag from /home/airflow/.local/lib/python3.7/site-packages/airflow/example_dags/example_branch_python_dop_operator_3.py
[2022-09-15T16:51:41.358+0000] {processor.py:650} INFO - DAG(s) dict_keys(['example_branch_dop_operator_v3']) retrieved from /home/airflow/.local/lib/python3.7/site-packages/airflow/example_dags/example_branch_python_dop_operator_3.py
[2022-09-15T16:51:41.377+0000] {logging_mixin.py:115} INFO - [2022-09-15T16:51:41.377+0000] {dag.py:2429} INFO - Sync 1 DAGs
[2022-09-15T16:51:41.393+0000] {logging_mixin.py:115} INFO - [2022-09-15T16:51:41.393+0000] {dag.py:2981} INFO - Setting next_dagrun for example_branch_dop_operator_v3 to 2022-09-15T16:50:00+00:00, run_after=2022-09-15T16:51:00+00:00
[2022-09-15T16:51:41.402+0000] {processor.py:161} INFO - Processing /home/airflow/.local/lib/python3.7/site-packages/airflow/example_dags/example_branch_python_dop_operator_3.py took 0.057 seconds
[2022-09-15T16:52:12.301+0000] {processor.py:153} INFO - Started process (PID=1176) to work on /home/airflow/.local/lib/python3.7/site-packages/airflow/example_dags/example_branch_python_dop_operator_3.py
[2022-09-15T16:52:12.302+0000] {processor.py:640} INFO - Processing file /home/airflow/.local/lib/python3.7/site-packages/airflow/example_dags/example_branch_python_dop_operator_3.py for tasks to queue
[2022-09-15T16:52:12.304+0000] {logging_mixin.py:115} INFO - [2022-09-15T16:52:12.304+0000] {dagbag.py:508} INFO - Filling up the DagBag from /home/airflow/.local/lib/python3.7/site-packages/airflow/example_dags/example_branch_python_dop_operator_3.py
[2022-09-15T16:52:12.310+0000] {processor.py:650} INFO - DAG(s) dict_keys(['example_branch_dop_operator_v3']) retrieved from /home/airflow/.local/lib/python3.7/site-packages/airflow/example_dags/example_branch_python_dop_operator_3.py
[2022-09-15T16:52:12.329+0000] {logging_mixin.py:115} INFO - [2022-09-15T16:52:12.329+0000] {dag.py:2429} INFO - Sync 1 DAGs
[2022-09-15T16:52:12.345+0000] {logging_mixin.py:115} INFO - [2022-09-15T16:52:12.345+0000] {dag.py:2981} INFO - Setting next_dagrun for example_branch_dop_operator_v3 to 2022-09-15T16:51:00+00:00, run_after=2022-09-15T16:52:00+00:00
[2022-09-15T16:52:12.356+0000] {processor.py:161} INFO - Processing /home/airflow/.local/lib/python3.7/site-packages/airflow/example_dags/example_branch_python_dop_operator_3.py took 0.057 seconds
[2022-09-15T16:52:43.318+0000] {processor.py:153} INFO - Started process (PID=1244) to work on /home/airflow/.local/lib/python3.7/site-packages/airflow/example_dags/example_branch_python_dop_operator_3.py
[2022-09-15T16:52:43.320+0000] {processor.py:640} INFO - Processing file /home/airflow/.local/lib/python3.7/site-packages/airflow/example_dags/example_branch_python_dop_operator_3.py for tasks to queue
[2022-09-15T16:52:43.321+0000] {logging_mixin.py:115} INFO - [2022-09-15T16:52:43.321+0000] {dagbag.py:508} INFO - Filling up the DagBag from /home/airflow/.local/lib/python3.7/site-packages/airflow/example_dags/example_branch_python_dop_operator_3.py
[2022-09-15T16:52:43.328+0000] {processor.py:650} INFO - DAG(s) dict_keys(['example_branch_dop_operator_v3']) retrieved from /home/airflow/.local/lib/python3.7/site-packages/airflow/example_dags/example_branch_python_dop_operator_3.py
[2022-09-15T16:52:43.348+0000] {logging_mixin.py:115} INFO - [2022-09-15T16:52:43.348+0000] {dag.py:2429} INFO - Sync 1 DAGs
[2022-09-15T16:52:43.366+0000] {logging_mixin.py:115} INFO - [2022-09-15T16:52:43.366+0000] {dag.py:2981} INFO - Setting next_dagrun for example_branch_dop_operator_v3 to 2022-09-15T16:51:00+00:00, run_after=2022-09-15T16:52:00+00:00
[2022-09-15T16:52:43.378+0000] {processor.py:161} INFO - Processing /home/airflow/.local/lib/python3.7/site-packages/airflow/example_dags/example_branch_python_dop_operator_3.py took 0.063 seconds
[2022-09-15T16:53:13.609+0000] {processor.py:153} INFO - Started process (PID=1300) to work on /home/airflow/.local/lib/python3.7/site-packages/airflow/example_dags/example_branch_python_dop_operator_3.py
[2022-09-15T16:53:13.611+0000] {processor.py:640} INFO - Processing file /home/airflow/.local/lib/python3.7/site-packages/airflow/example_dags/example_branch_python_dop_operator_3.py for tasks to queue
[2022-09-15T16:53:13.612+0000] {logging_mixin.py:115} INFO - [2022-09-15T16:53:13.612+0000] {dagbag.py:508} INFO - Filling up the DagBag from /home/airflow/.local/lib/python3.7/site-packages/airflow/example_dags/example_branch_python_dop_operator_3.py
[2022-09-15T16:53:13.621+0000] {processor.py:650} INFO - DAG(s) dict_keys(['example_branch_dop_operator_v3']) retrieved from /home/airflow/.local/lib/python3.7/site-packages/airflow/example_dags/example_branch_python_dop_operator_3.py
[2022-09-15T16:53:13.640+0000] {logging_mixin.py:115} INFO - [2022-09-15T16:53:13.640+0000] {dag.py:2429} INFO - Sync 1 DAGs
[2022-09-15T16:53:13.658+0000] {logging_mixin.py:115} INFO - [2022-09-15T16:53:13.658+0000] {dag.py:2981} INFO - Setting next_dagrun for example_branch_dop_operator_v3 to 2022-09-15T16:52:00+00:00, run_after=2022-09-15T16:53:00+00:00
[2022-09-15T16:53:13.668+0000] {processor.py:161} INFO - Processing /home/airflow/.local/lib/python3.7/site-packages/airflow/example_dags/example_branch_python_dop_operator_3.py took 0.061 seconds
[2022-09-15T16:53:43.826+0000] {processor.py:153} INFO - Started process (PID=1368) to work on /home/airflow/.local/lib/python3.7/site-packages/airflow/example_dags/example_branch_python_dop_operator_3.py
[2022-09-15T16:53:43.828+0000] {processor.py:640} INFO - Processing file /home/airflow/.local/lib/python3.7/site-packages/airflow/example_dags/example_branch_python_dop_operator_3.py for tasks to queue
[2022-09-15T16:53:43.830+0000] {logging_mixin.py:115} INFO - [2022-09-15T16:53:43.830+0000] {dagbag.py:508} INFO - Filling up the DagBag from /home/airflow/.local/lib/python3.7/site-packages/airflow/example_dags/example_branch_python_dop_operator_3.py
[2022-09-15T16:53:43.837+0000] {processor.py:650} INFO - DAG(s) dict_keys(['example_branch_dop_operator_v3']) retrieved from /home/airflow/.local/lib/python3.7/site-packages/airflow/example_dags/example_branch_python_dop_operator_3.py
[2022-09-15T16:53:43.858+0000] {logging_mixin.py:115} INFO - [2022-09-15T16:53:43.858+0000] {dag.py:2429} INFO - Sync 1 DAGs
[2022-09-15T16:53:43.872+0000] {logging_mixin.py:115} INFO - [2022-09-15T16:53:43.872+0000] {dag.py:2981} INFO - Setting next_dagrun for example_branch_dop_operator_v3 to 2022-09-15T16:52:00+00:00, run_after=2022-09-15T16:53:00+00:00
[2022-09-15T16:53:43.881+0000] {processor.py:161} INFO - Processing /home/airflow/.local/lib/python3.7/site-packages/airflow/example_dags/example_branch_python_dop_operator_3.py took 0.057 seconds
[2022-09-15T16:54:14.745+0000] {processor.py:153} INFO - Started process (PID=1437) to work on /home/airflow/.local/lib/python3.7/site-packages/airflow/example_dags/example_branch_python_dop_operator_3.py
[2022-09-15T16:54:14.747+0000] {processor.py:640} INFO - Processing file /home/airflow/.local/lib/python3.7/site-packages/airflow/example_dags/example_branch_python_dop_operator_3.py for tasks to queue
[2022-09-15T16:54:14.749+0000] {logging_mixin.py:115} INFO - [2022-09-15T16:54:14.749+0000] {dagbag.py:508} INFO - Filling up the DagBag from /home/airflow/.local/lib/python3.7/site-packages/airflow/example_dags/example_branch_python_dop_operator_3.py
[2022-09-15T16:54:14.755+0000] {processor.py:650} INFO - DAG(s) dict_keys(['example_branch_dop_operator_v3']) retrieved from /home/airflow/.local/lib/python3.7/site-packages/airflow/example_dags/example_branch_python_dop_operator_3.py
[2022-09-15T16:54:14.774+0000] {logging_mixin.py:115} INFO - [2022-09-15T16:54:14.773+0000] {dag.py:2429} INFO - Sync 1 DAGs
[2022-09-15T16:54:14.789+0000] {logging_mixin.py:115} INFO - [2022-09-15T16:54:14.789+0000] {dag.py:2981} INFO - Setting next_dagrun for example_branch_dop_operator_v3 to 2022-09-15T16:53:00+00:00, run_after=2022-09-15T16:54:00+00:00
[2022-09-15T16:54:14.798+0000] {processor.py:161} INFO - Processing /home/airflow/.local/lib/python3.7/site-packages/airflow/example_dags/example_branch_python_dop_operator_3.py took 0.056 seconds
[2022-09-15T16:54:45.782+0000] {processor.py:153} INFO - Started process (PID=1502) to work on /home/airflow/.local/lib/python3.7/site-packages/airflow/example_dags/example_branch_python_dop_operator_3.py
[2022-09-15T16:54:45.785+0000] {processor.py:640} INFO - Processing file /home/airflow/.local/lib/python3.7/site-packages/airflow/example_dags/example_branch_python_dop_operator_3.py for tasks to queue
[2022-09-15T16:54:45.787+0000] {logging_mixin.py:115} INFO - [2022-09-15T16:54:45.786+0000] {dagbag.py:508} INFO - Filling up the DagBag from /home/airflow/.local/lib/python3.7/site-packages/airflow/example_dags/example_branch_python_dop_operator_3.py
[2022-09-15T16:54:45.794+0000] {processor.py:650} INFO - DAG(s) dict_keys(['example_branch_dop_operator_v3']) retrieved from /home/airflow/.local/lib/python3.7/site-packages/airflow/example_dags/example_branch_python_dop_operator_3.py
[2022-09-15T16:54:45.813+0000] {logging_mixin.py:115} INFO - [2022-09-15T16:54:45.813+0000] {dag.py:2429} INFO - Sync 1 DAGs
[2022-09-15T16:54:45.829+0000] {logging_mixin.py:115} INFO - [2022-09-15T16:54:45.829+0000] {dag.py:2981} INFO - Setting next_dagrun for example_branch_dop_operator_v3 to 2022-09-15T16:53:00+00:00, run_after=2022-09-15T16:54:00+00:00
[2022-09-15T16:54:45.838+0000] {processor.py:161} INFO - Processing /home/airflow/.local/lib/python3.7/site-packages/airflow/example_dags/example_branch_python_dop_operator_3.py took 0.058 seconds
[2022-09-15T16:55:16.072+0000] {processor.py:153} INFO - Started process (PID=1570) to work on /home/airflow/.local/lib/python3.7/site-packages/airflow/example_dags/example_branch_python_dop_operator_3.py
[2022-09-15T16:55:16.073+0000] {processor.py:640} INFO - Processing file /home/airflow/.local/lib/python3.7/site-packages/airflow/example_dags/example_branch_python_dop_operator_3.py for tasks to queue
[2022-09-15T16:55:16.075+0000] {logging_mixin.py:115} INFO - [2022-09-15T16:55:16.075+0000] {dagbag.py:508} INFO - Filling up the DagBag from /home/airflow/.local/lib/python3.7/site-packages/airflow/example_dags/example_branch_python_dop_operator_3.py
[2022-09-15T16:55:16.082+0000] {processor.py:650} INFO - DAG(s) dict_keys(['example_branch_dop_operator_v3']) retrieved from /home/airflow/.local/lib/python3.7/site-packages/airflow/example_dags/example_branch_python_dop_operator_3.py
[2022-09-15T16:55:16.101+0000] {logging_mixin.py:115} INFO - [2022-09-15T16:55:16.100+0000] {dag.py:2429} INFO - Sync 1 DAGs
[2022-09-15T16:55:16.117+0000] {logging_mixin.py:115} INFO - [2022-09-15T16:55:16.117+0000] {dag.py:2981} INFO - Setting next_dagrun for example_branch_dop_operator_v3 to 2022-09-15T16:54:00+00:00, run_after=2022-09-15T16:55:00+00:00
[2022-09-15T16:55:16.127+0000] {processor.py:161} INFO - Processing /home/airflow/.local/lib/python3.7/site-packages/airflow/example_dags/example_branch_python_dop_operator_3.py took 0.059 seconds
[2022-09-15T16:55:47.157+0000] {processor.py:153} INFO - Started process (PID=1630) to work on /home/airflow/.local/lib/python3.7/site-packages/airflow/example_dags/example_branch_python_dop_operator_3.py
[2022-09-15T16:55:47.163+0000] {processor.py:640} INFO - Processing file /home/airflow/.local/lib/python3.7/site-packages/airflow/example_dags/example_branch_python_dop_operator_3.py for tasks to queue
[2022-09-15T16:55:47.169+0000] {logging_mixin.py:115} INFO - [2022-09-15T16:55:47.169+0000] {dagbag.py:508} INFO - Filling up the DagBag from /home/airflow/.local/lib/python3.7/site-packages/airflow/example_dags/example_branch_python_dop_operator_3.py
[2022-09-15T16:55:47.180+0000] {processor.py:650} INFO - DAG(s) dict_keys(['example_branch_dop_operator_v3']) retrieved from /home/airflow/.local/lib/python3.7/site-packages/airflow/example_dags/example_branch_python_dop_operator_3.py
[2022-09-15T16:55:47.202+0000] {logging_mixin.py:115} INFO - [2022-09-15T16:55:47.202+0000] {dag.py:2429} INFO - Sync 1 DAGs
[2022-09-15T16:55:47.223+0000] {logging_mixin.py:115} INFO - [2022-09-15T16:55:47.223+0000] {dag.py:2981} INFO - Setting next_dagrun for example_branch_dop_operator_v3 to 2022-09-15T16:54:00+00:00, run_after=2022-09-15T16:55:00+00:00
[2022-09-15T16:55:47.235+0000] {processor.py:161} INFO - Processing /home/airflow/.local/lib/python3.7/site-packages/airflow/example_dags/example_branch_python_dop_operator_3.py took 0.080 seconds
[2022-09-15T16:56:18.233+0000] {processor.py:153} INFO - Started process (PID=1696) to work on /home/airflow/.local/lib/python3.7/site-packages/airflow/example_dags/example_branch_python_dop_operator_3.py
[2022-09-15T16:56:18.235+0000] {processor.py:640} INFO - Processing file /home/airflow/.local/lib/python3.7/site-packages/airflow/example_dags/example_branch_python_dop_operator_3.py for tasks to queue
[2022-09-15T16:56:18.236+0000] {logging_mixin.py:115} INFO - [2022-09-15T16:56:18.236+0000] {dagbag.py:508} INFO - Filling up the DagBag from /home/airflow/.local/lib/python3.7/site-packages/airflow/example_dags/example_branch_python_dop_operator_3.py
[2022-09-15T16:56:18.242+0000] {processor.py:650} INFO - DAG(s) dict_keys(['example_branch_dop_operator_v3']) retrieved from /home/airflow/.local/lib/python3.7/site-packages/airflow/example_dags/example_branch_python_dop_operator_3.py
[2022-09-15T16:56:18.259+0000] {logging_mixin.py:115} INFO - [2022-09-15T16:56:18.259+0000] {dag.py:2429} INFO - Sync 1 DAGs
[2022-09-15T16:56:18.276+0000] {logging_mixin.py:115} INFO - [2022-09-15T16:56:18.276+0000] {dag.py:2981} INFO - Setting next_dagrun for example_branch_dop_operator_v3 to 2022-09-15T16:55:00+00:00, run_after=2022-09-15T16:56:00+00:00
[2022-09-15T16:56:18.286+0000] {processor.py:161} INFO - Processing /home/airflow/.local/lib/python3.7/site-packages/airflow/example_dags/example_branch_python_dop_operator_3.py took 0.058 seconds
[2022-09-15T16:56:49.106+0000] {processor.py:153} INFO - Started process (PID=1767) to work on /home/airflow/.local/lib/python3.7/site-packages/airflow/example_dags/example_branch_python_dop_operator_3.py
[2022-09-15T16:56:49.108+0000] {processor.py:640} INFO - Processing file /home/airflow/.local/lib/python3.7/site-packages/airflow/example_dags/example_branch_python_dop_operator_3.py for tasks to queue
[2022-09-15T16:56:49.109+0000] {logging_mixin.py:115} INFO - [2022-09-15T16:56:49.109+0000] {dagbag.py:508} INFO - Filling up the DagBag from /home/airflow/.local/lib/python3.7/site-packages/airflow/example_dags/example_branch_python_dop_operator_3.py
[2022-09-15T16:56:49.117+0000] {processor.py:650} INFO - DAG(s) dict_keys(['example_branch_dop_operator_v3']) retrieved from /home/airflow/.local/lib/python3.7/site-packages/airflow/example_dags/example_branch_python_dop_operator_3.py
[2022-09-15T16:56:49.136+0000] {logging_mixin.py:115} INFO - [2022-09-15T16:56:49.136+0000] {dag.py:2429} INFO - Sync 1 DAGs
[2022-09-15T16:56:49.155+0000] {logging_mixin.py:115} INFO - [2022-09-15T16:56:49.155+0000] {dag.py:2981} INFO - Setting next_dagrun for example_branch_dop_operator_v3 to 2022-09-15T16:55:00+00:00, run_after=2022-09-15T16:56:00+00:00
[2022-09-15T16:56:49.166+0000] {processor.py:161} INFO - Processing /home/airflow/.local/lib/python3.7/site-packages/airflow/example_dags/example_branch_python_dop_operator_3.py took 0.063 seconds
[2022-09-15T16:57:19.355+0000] {processor.py:153} INFO - Started process (PID=1832) to work on /home/airflow/.local/lib/python3.7/site-packages/airflow/example_dags/example_branch_python_dop_operator_3.py
[2022-09-15T16:57:19.357+0000] {processor.py:640} INFO - Processing file /home/airflow/.local/lib/python3.7/site-packages/airflow/example_dags/example_branch_python_dop_operator_3.py for tasks to queue
[2022-09-15T16:57:19.359+0000] {logging_mixin.py:115} INFO - [2022-09-15T16:57:19.359+0000] {dagbag.py:508} INFO - Filling up the DagBag from /home/airflow/.local/lib/python3.7/site-packages/airflow/example_dags/example_branch_python_dop_operator_3.py
[2022-09-15T16:57:19.369+0000] {processor.py:650} INFO - DAG(s) dict_keys(['example_branch_dop_operator_v3']) retrieved from /home/airflow/.local/lib/python3.7/site-packages/airflow/example_dags/example_branch_python_dop_operator_3.py
[2022-09-15T16:57:19.392+0000] {logging_mixin.py:115} INFO - [2022-09-15T16:57:19.391+0000] {dag.py:2429} INFO - Sync 1 DAGs
[2022-09-15T16:57:19.408+0000] {logging_mixin.py:115} INFO - [2022-09-15T16:57:19.408+0000] {dag.py:2981} INFO - Setting next_dagrun for example_branch_dop_operator_v3 to 2022-09-15T16:56:00+00:00, run_after=2022-09-15T16:57:00+00:00
[2022-09-15T16:57:19.419+0000] {processor.py:161} INFO - Processing /home/airflow/.local/lib/python3.7/site-packages/airflow/example_dags/example_branch_python_dop_operator_3.py took 0.068 seconds
[2022-09-15T16:57:49.698+0000] {processor.py:153} INFO - Started process (PID=1902) to work on /home/airflow/.local/lib/python3.7/site-packages/airflow/example_dags/example_branch_python_dop_operator_3.py
[2022-09-15T16:57:49.700+0000] {processor.py:640} INFO - Processing file /home/airflow/.local/lib/python3.7/site-packages/airflow/example_dags/example_branch_python_dop_operator_3.py for tasks to queue
[2022-09-15T16:57:49.701+0000] {logging_mixin.py:115} INFO - [2022-09-15T16:57:49.701+0000] {dagbag.py:508} INFO - Filling up the DagBag from /home/airflow/.local/lib/python3.7/site-packages/airflow/example_dags/example_branch_python_dop_operator_3.py
[2022-09-15T16:57:49.709+0000] {processor.py:650} INFO - DAG(s) dict_keys(['example_branch_dop_operator_v3']) retrieved from /home/airflow/.local/lib/python3.7/site-packages/airflow/example_dags/example_branch_python_dop_operator_3.py
[2022-09-15T16:57:49.726+0000] {logging_mixin.py:115} INFO - [2022-09-15T16:57:49.726+0000] {dag.py:2429} INFO - Sync 1 DAGs
[2022-09-15T16:57:49.742+0000] {logging_mixin.py:115} INFO - [2022-09-15T16:57:49.742+0000] {dag.py:2981} INFO - Setting next_dagrun for example_branch_dop_operator_v3 to 2022-09-15T16:56:00+00:00, run_after=2022-09-15T16:57:00+00:00
[2022-09-15T16:57:49.753+0000] {processor.py:161} INFO - Processing /home/airflow/.local/lib/python3.7/site-packages/airflow/example_dags/example_branch_python_dop_operator_3.py took 0.057 seconds
[2022-09-15T16:58:20.503+0000] {processor.py:153} INFO - Started process (PID=1959) to work on /home/airflow/.local/lib/python3.7/site-packages/airflow/example_dags/example_branch_python_dop_operator_3.py
[2022-09-15T16:58:20.506+0000] {processor.py:640} INFO - Processing file /home/airflow/.local/lib/python3.7/site-packages/airflow/example_dags/example_branch_python_dop_operator_3.py for tasks to queue
[2022-09-15T16:58:20.507+0000] {logging_mixin.py:115} INFO - [2022-09-15T16:58:20.507+0000] {dagbag.py:508} INFO - Filling up the DagBag from /home/airflow/.local/lib/python3.7/site-packages/airflow/example_dags/example_branch_python_dop_operator_3.py
[2022-09-15T16:58:20.517+0000] {processor.py:650} INFO - DAG(s) dict_keys(['example_branch_dop_operator_v3']) retrieved from /home/airflow/.local/lib/python3.7/site-packages/airflow/example_dags/example_branch_python_dop_operator_3.py
[2022-09-15T16:58:20.538+0000] {logging_mixin.py:115} INFO - [2022-09-15T16:58:20.537+0000] {dag.py:2429} INFO - Sync 1 DAGs
[2022-09-15T16:58:20.553+0000] {logging_mixin.py:115} INFO - [2022-09-15T16:58:20.553+0000] {dag.py:2981} INFO - Setting next_dagrun for example_branch_dop_operator_v3 to 2022-09-15T16:57:00+00:00, run_after=2022-09-15T16:58:00+00:00
[2022-09-15T16:58:20.563+0000] {processor.py:161} INFO - Processing /home/airflow/.local/lib/python3.7/site-packages/airflow/example_dags/example_branch_python_dop_operator_3.py took 0.064 seconds
[2022-09-15T16:58:50.652+0000] {processor.py:153} INFO - Started process (PID=2025) to work on /home/airflow/.local/lib/python3.7/site-packages/airflow/example_dags/example_branch_python_dop_operator_3.py
[2022-09-15T16:58:50.654+0000] {processor.py:640} INFO - Processing file /home/airflow/.local/lib/python3.7/site-packages/airflow/example_dags/example_branch_python_dop_operator_3.py for tasks to queue
[2022-09-15T16:58:50.655+0000] {logging_mixin.py:115} INFO - [2022-09-15T16:58:50.655+0000] {dagbag.py:508} INFO - Filling up the DagBag from /home/airflow/.local/lib/python3.7/site-packages/airflow/example_dags/example_branch_python_dop_operator_3.py
[2022-09-15T16:58:50.661+0000] {processor.py:650} INFO - DAG(s) dict_keys(['example_branch_dop_operator_v3']) retrieved from /home/airflow/.local/lib/python3.7/site-packages/airflow/example_dags/example_branch_python_dop_operator_3.py
[2022-09-15T16:58:50.683+0000] {logging_mixin.py:115} INFO - [2022-09-15T16:58:50.683+0000] {dag.py:2429} INFO - Sync 1 DAGs
[2022-09-15T16:58:50.702+0000] {logging_mixin.py:115} INFO - [2022-09-15T16:58:50.702+0000] {dag.py:2981} INFO - Setting next_dagrun for example_branch_dop_operator_v3 to 2022-09-15T16:57:00+00:00, run_after=2022-09-15T16:58:00+00:00
[2022-09-15T16:58:50.709+0000] {processor.py:161} INFO - Processing /home/airflow/.local/lib/python3.7/site-packages/airflow/example_dags/example_branch_python_dop_operator_3.py took 0.059 seconds
[2022-09-15T16:59:20.821+0000] {processor.py:153} INFO - Started process (PID=2094) to work on /home/airflow/.local/lib/python3.7/site-packages/airflow/example_dags/example_branch_python_dop_operator_3.py
[2022-09-15T16:59:20.823+0000] {processor.py:640} INFO - Processing file /home/airflow/.local/lib/python3.7/site-packages/airflow/example_dags/example_branch_python_dop_operator_3.py for tasks to queue
[2022-09-15T16:59:20.825+0000] {logging_mixin.py:115} INFO - [2022-09-15T16:59:20.825+0000] {dagbag.py:508} INFO - Filling up the DagBag from /home/airflow/.local/lib/python3.7/site-packages/airflow/example_dags/example_branch_python_dop_operator_3.py
[2022-09-15T16:59:20.833+0000] {processor.py:650} INFO - DAG(s) dict_keys(['example_branch_dop_operator_v3']) retrieved from /home/airflow/.local/lib/python3.7/site-packages/airflow/example_dags/example_branch_python_dop_operator_3.py
[2022-09-15T16:59:20.852+0000] {logging_mixin.py:115} INFO - [2022-09-15T16:59:20.852+0000] {dag.py:2429} INFO - Sync 1 DAGs
[2022-09-15T16:59:20.872+0000] {logging_mixin.py:115} INFO - [2022-09-15T16:59:20.872+0000] {dag.py:2981} INFO - Setting next_dagrun for example_branch_dop_operator_v3 to 2022-09-15T16:58:00+00:00, run_after=2022-09-15T16:59:00+00:00
[2022-09-15T16:59:20.880+0000] {processor.py:161} INFO - Processing /home/airflow/.local/lib/python3.7/site-packages/airflow/example_dags/example_branch_python_dop_operator_3.py took 0.063 seconds
[2022-09-15T16:59:51.857+0000] {processor.py:153} INFO - Started process (PID=2161) to work on /home/airflow/.local/lib/python3.7/site-packages/airflow/example_dags/example_branch_python_dop_operator_3.py
[2022-09-15T16:59:51.859+0000] {processor.py:640} INFO - Processing file /home/airflow/.local/lib/python3.7/site-packages/airflow/example_dags/example_branch_python_dop_operator_3.py for tasks to queue
[2022-09-15T16:59:51.860+0000] {logging_mixin.py:115} INFO - [2022-09-15T16:59:51.860+0000] {dagbag.py:508} INFO - Filling up the DagBag from /home/airflow/.local/lib/python3.7/site-packages/airflow/example_dags/example_branch_python_dop_operator_3.py
[2022-09-15T16:59:51.868+0000] {processor.py:650} INFO - DAG(s) dict_keys(['example_branch_dop_operator_v3']) retrieved from /home/airflow/.local/lib/python3.7/site-packages/airflow/example_dags/example_branch_python_dop_operator_3.py
[2022-09-15T16:59:51.886+0000] {logging_mixin.py:115} INFO - [2022-09-15T16:59:51.886+0000] {dag.py:2429} INFO - Sync 1 DAGs
[2022-09-15T16:59:51.904+0000] {logging_mixin.py:115} INFO - [2022-09-15T16:59:51.903+0000] {dag.py:2981} INFO - Setting next_dagrun for example_branch_dop_operator_v3 to 2022-09-15T16:58:00+00:00, run_after=2022-09-15T16:59:00+00:00
[2022-09-15T16:59:51.912+0000] {processor.py:161} INFO - Processing /home/airflow/.local/lib/python3.7/site-packages/airflow/example_dags/example_branch_python_dop_operator_3.py took 0.058 seconds
[2022-09-15T17:00:22.035+0000] {processor.py:153} INFO - Started process (PID=2221) to work on /home/airflow/.local/lib/python3.7/site-packages/airflow/example_dags/example_branch_python_dop_operator_3.py
[2022-09-15T17:00:22.045+0000] {processor.py:640} INFO - Processing file /home/airflow/.local/lib/python3.7/site-packages/airflow/example_dags/example_branch_python_dop_operator_3.py for tasks to queue
[2022-09-15T17:00:22.047+0000] {logging_mixin.py:115} INFO - [2022-09-15T17:00:22.046+0000] {dagbag.py:508} INFO - Filling up the DagBag from /home/airflow/.local/lib/python3.7/site-packages/airflow/example_dags/example_branch_python_dop_operator_3.py
[2022-09-15T17:00:22.055+0000] {processor.py:650} INFO - DAG(s) dict_keys(['example_branch_dop_operator_v3']) retrieved from /home/airflow/.local/lib/python3.7/site-packages/airflow/example_dags/example_branch_python_dop_operator_3.py
[2022-09-15T17:00:22.081+0000] {logging_mixin.py:115} INFO - [2022-09-15T17:00:22.081+0000] {dag.py:2429} INFO - Sync 1 DAGs
[2022-09-15T17:00:22.106+0000] {logging_mixin.py:115} INFO - [2022-09-15T17:00:22.106+0000] {dag.py:2981} INFO - Setting next_dagrun for example_branch_dop_operator_v3 to 2022-09-15T16:59:00+00:00, run_after=2022-09-15T17:00:00+00:00
[2022-09-15T17:00:22.122+0000] {processor.py:161} INFO - Processing /home/airflow/.local/lib/python3.7/site-packages/airflow/example_dags/example_branch_python_dop_operator_3.py took 0.089 seconds
[2022-09-15T17:00:52.155+0000] {processor.py:153} INFO - Started process (PID=2292) to work on /home/airflow/.local/lib/python3.7/site-packages/airflow/example_dags/example_branch_python_dop_operator_3.py
[2022-09-15T17:00:52.157+0000] {processor.py:640} INFO - Processing file /home/airflow/.local/lib/python3.7/site-packages/airflow/example_dags/example_branch_python_dop_operator_3.py for tasks to queue
[2022-09-15T17:00:52.159+0000] {logging_mixin.py:115} INFO - [2022-09-15T17:00:52.159+0000] {dagbag.py:508} INFO - Filling up the DagBag from /home/airflow/.local/lib/python3.7/site-packages/airflow/example_dags/example_branch_python_dop_operator_3.py
[2022-09-15T17:00:52.165+0000] {processor.py:650} INFO - DAG(s) dict_keys(['example_branch_dop_operator_v3']) retrieved from /home/airflow/.local/lib/python3.7/site-packages/airflow/example_dags/example_branch_python_dop_operator_3.py
[2022-09-15T17:00:52.182+0000] {logging_mixin.py:115} INFO - [2022-09-15T17:00:52.182+0000] {dag.py:2429} INFO - Sync 1 DAGs
[2022-09-15T17:00:52.202+0000] {logging_mixin.py:115} INFO - [2022-09-15T17:00:52.202+0000] {dag.py:2981} INFO - Setting next_dagrun for example_branch_dop_operator_v3 to 2022-09-15T16:59:00+00:00, run_after=2022-09-15T17:00:00+00:00
[2022-09-15T17:00:52.211+0000] {processor.py:161} INFO - Processing /home/airflow/.local/lib/python3.7/site-packages/airflow/example_dags/example_branch_python_dop_operator_3.py took 0.058 seconds
[2022-09-15T17:01:23.190+0000] {processor.py:153} INFO - Started process (PID=2357) to work on /home/airflow/.local/lib/python3.7/site-packages/airflow/example_dags/example_branch_python_dop_operator_3.py
[2022-09-15T17:01:23.192+0000] {processor.py:640} INFO - Processing file /home/airflow/.local/lib/python3.7/site-packages/airflow/example_dags/example_branch_python_dop_operator_3.py for tasks to queue
[2022-09-15T17:01:23.194+0000] {logging_mixin.py:115} INFO - [2022-09-15T17:01:23.194+0000] {dagbag.py:508} INFO - Filling up the DagBag from /home/airflow/.local/lib/python3.7/site-packages/airflow/example_dags/example_branch_python_dop_operator_3.py
[2022-09-15T17:01:23.200+0000] {processor.py:650} INFO - DAG(s) dict_keys(['example_branch_dop_operator_v3']) retrieved from /home/airflow/.local/lib/python3.7/site-packages/airflow/example_dags/example_branch_python_dop_operator_3.py
[2022-09-15T17:01:23.219+0000] {logging_mixin.py:115} INFO - [2022-09-15T17:01:23.219+0000] {dag.py:2429} INFO - Sync 1 DAGs
[2022-09-15T17:01:23.236+0000] {logging_mixin.py:115} INFO - [2022-09-15T17:01:23.236+0000] {dag.py:2981} INFO - Setting next_dagrun for example_branch_dop_operator_v3 to 2022-09-15T17:00:00+00:00, run_after=2022-09-15T17:01:00+00:00
[2022-09-15T17:01:23.243+0000] {processor.py:161} INFO - Processing /home/airflow/.local/lib/python3.7/site-packages/airflow/example_dags/example_branch_python_dop_operator_3.py took 0.056 seconds
[2022-09-15T17:01:54.197+0000] {processor.py:153} INFO - Started process (PID=2426) to work on /home/airflow/.local/lib/python3.7/site-packages/airflow/example_dags/example_branch_python_dop_operator_3.py
[2022-09-15T17:01:54.198+0000] {processor.py:640} INFO - Processing file /home/airflow/.local/lib/python3.7/site-packages/airflow/example_dags/example_branch_python_dop_operator_3.py for tasks to queue
[2022-09-15T17:01:54.200+0000] {logging_mixin.py:115} INFO - [2022-09-15T17:01:54.200+0000] {dagbag.py:508} INFO - Filling up the DagBag from /home/airflow/.local/lib/python3.7/site-packages/airflow/example_dags/example_branch_python_dop_operator_3.py
[2022-09-15T17:01:54.206+0000] {processor.py:650} INFO - DAG(s) dict_keys(['example_branch_dop_operator_v3']) retrieved from /home/airflow/.local/lib/python3.7/site-packages/airflow/example_dags/example_branch_python_dop_operator_3.py
[2022-09-15T17:01:54.223+0000] {logging_mixin.py:115} INFO - [2022-09-15T17:01:54.222+0000] {dag.py:2429} INFO - Sync 1 DAGs
[2022-09-15T17:01:54.240+0000] {logging_mixin.py:115} INFO - [2022-09-15T17:01:54.240+0000] {dag.py:2981} INFO - Setting next_dagrun for example_branch_dop_operator_v3 to 2022-09-15T17:00:00+00:00, run_after=2022-09-15T17:01:00+00:00
[2022-09-15T17:01:54.247+0000] {processor.py:161} INFO - Processing /home/airflow/.local/lib/python3.7/site-packages/airflow/example_dags/example_branch_python_dop_operator_3.py took 0.053 seconds
[2022-09-15T17:02:24.537+0000] {processor.py:153} INFO - Started process (PID=2495) to work on /home/airflow/.local/lib/python3.7/site-packages/airflow/example_dags/example_branch_python_dop_operator_3.py
[2022-09-15T17:02:24.539+0000] {processor.py:640} INFO - Processing file /home/airflow/.local/lib/python3.7/site-packages/airflow/example_dags/example_branch_python_dop_operator_3.py for tasks to queue
[2022-09-15T17:02:24.541+0000] {logging_mixin.py:115} INFO - [2022-09-15T17:02:24.541+0000] {dagbag.py:508} INFO - Filling up the DagBag from /home/airflow/.local/lib/python3.7/site-packages/airflow/example_dags/example_branch_python_dop_operator_3.py
[2022-09-15T17:02:24.549+0000] {processor.py:650} INFO - DAG(s) dict_keys(['example_branch_dop_operator_v3']) retrieved from /home/airflow/.local/lib/python3.7/site-packages/airflow/example_dags/example_branch_python_dop_operator_3.py
[2022-09-15T17:02:24.568+0000] {logging_mixin.py:115} INFO - [2022-09-15T17:02:24.568+0000] {dag.py:2429} INFO - Sync 1 DAGs
[2022-09-15T17:02:24.588+0000] {logging_mixin.py:115} INFO - [2022-09-15T17:02:24.588+0000] {dag.py:2981} INFO - Setting next_dagrun for example_branch_dop_operator_v3 to 2022-09-15T17:01:00+00:00, run_after=2022-09-15T17:02:00+00:00
[2022-09-15T17:02:24.599+0000] {processor.py:161} INFO - Processing /home/airflow/.local/lib/python3.7/site-packages/airflow/example_dags/example_branch_python_dop_operator_3.py took 0.064 seconds
[2022-09-15T17:02:54.722+0000] {processor.py:153} INFO - Started process (PID=2553) to work on /home/airflow/.local/lib/python3.7/site-packages/airflow/example_dags/example_branch_python_dop_operator_3.py
[2022-09-15T17:02:54.724+0000] {processor.py:640} INFO - Processing file /home/airflow/.local/lib/python3.7/site-packages/airflow/example_dags/example_branch_python_dop_operator_3.py for tasks to queue
[2022-09-15T17:02:54.725+0000] {logging_mixin.py:115} INFO - [2022-09-15T17:02:54.725+0000] {dagbag.py:508} INFO - Filling up the DagBag from /home/airflow/.local/lib/python3.7/site-packages/airflow/example_dags/example_branch_python_dop_operator_3.py
[2022-09-15T17:02:54.732+0000] {processor.py:650} INFO - DAG(s) dict_keys(['example_branch_dop_operator_v3']) retrieved from /home/airflow/.local/lib/python3.7/site-packages/airflow/example_dags/example_branch_python_dop_operator_3.py
[2022-09-15T17:02:54.750+0000] {logging_mixin.py:115} INFO - [2022-09-15T17:02:54.750+0000] {dag.py:2429} INFO - Sync 1 DAGs
[2022-09-15T17:02:54.766+0000] {logging_mixin.py:115} INFO - [2022-09-15T17:02:54.766+0000] {dag.py:2981} INFO - Setting next_dagrun for example_branch_dop_operator_v3 to 2022-09-15T17:01:00+00:00, run_after=2022-09-15T17:02:00+00:00
[2022-09-15T17:02:54.773+0000] {processor.py:161} INFO - Processing /home/airflow/.local/lib/python3.7/site-packages/airflow/example_dags/example_branch_python_dop_operator_3.py took 0.054 seconds
[2022-09-15T17:03:24.921+0000] {processor.py:153} INFO - Started process (PID=2623) to work on /home/airflow/.local/lib/python3.7/site-packages/airflow/example_dags/example_branch_python_dop_operator_3.py
[2022-09-15T17:03:24.945+0000] {processor.py:640} INFO - Processing file /home/airflow/.local/lib/python3.7/site-packages/airflow/example_dags/example_branch_python_dop_operator_3.py for tasks to queue
[2022-09-15T17:03:24.946+0000] {logging_mixin.py:115} INFO - [2022-09-15T17:03:24.946+0000] {dagbag.py:508} INFO - Filling up the DagBag from /home/airflow/.local/lib/python3.7/site-packages/airflow/example_dags/example_branch_python_dop_operator_3.py
[2022-09-15T17:03:24.956+0000] {processor.py:650} INFO - DAG(s) dict_keys(['example_branch_dop_operator_v3']) retrieved from /home/airflow/.local/lib/python3.7/site-packages/airflow/example_dags/example_branch_python_dop_operator_3.py
[2022-09-15T17:03:24.977+0000] {logging_mixin.py:115} INFO - [2022-09-15T17:03:24.977+0000] {dag.py:2429} INFO - Sync 1 DAGs
[2022-09-15T17:03:24.995+0000] {logging_mixin.py:115} INFO - [2022-09-15T17:03:24.995+0000] {dag.py:2981} INFO - Setting next_dagrun for example_branch_dop_operator_v3 to 2022-09-15T17:02:00+00:00, run_after=2022-09-15T17:03:00+00:00
[2022-09-15T17:03:25.004+0000] {processor.py:161} INFO - Processing /home/airflow/.local/lib/python3.7/site-packages/airflow/example_dags/example_branch_python_dop_operator_3.py took 0.086 seconds
[2022-09-15T17:03:55.151+0000] {processor.py:153} INFO - Started process (PID=2691) to work on /home/airflow/.local/lib/python3.7/site-packages/airflow/example_dags/example_branch_python_dop_operator_3.py
[2022-09-15T17:03:55.154+0000] {processor.py:640} INFO - Processing file /home/airflow/.local/lib/python3.7/site-packages/airflow/example_dags/example_branch_python_dop_operator_3.py for tasks to queue
[2022-09-15T17:03:55.156+0000] {logging_mixin.py:115} INFO - [2022-09-15T17:03:55.155+0000] {dagbag.py:508} INFO - Filling up the DagBag from /home/airflow/.local/lib/python3.7/site-packages/airflow/example_dags/example_branch_python_dop_operator_3.py
[2022-09-15T17:03:55.164+0000] {processor.py:650} INFO - DAG(s) dict_keys(['example_branch_dop_operator_v3']) retrieved from /home/airflow/.local/lib/python3.7/site-packages/airflow/example_dags/example_branch_python_dop_operator_3.py
[2022-09-15T17:03:55.182+0000] {logging_mixin.py:115} INFO - [2022-09-15T17:03:55.182+0000] {dag.py:2429} INFO - Sync 1 DAGs
[2022-09-15T17:03:55.200+0000] {logging_mixin.py:115} INFO - [2022-09-15T17:03:55.200+0000] {dag.py:2981} INFO - Setting next_dagrun for example_branch_dop_operator_v3 to 2022-09-15T17:02:00+00:00, run_after=2022-09-15T17:03:00+00:00
[2022-09-15T17:03:55.209+0000] {processor.py:161} INFO - Processing /home/airflow/.local/lib/python3.7/site-packages/airflow/example_dags/example_branch_python_dop_operator_3.py took 0.062 seconds
[2022-09-15T17:04:25.357+0000] {processor.py:153} INFO - Started process (PID=2759) to work on /home/airflow/.local/lib/python3.7/site-packages/airflow/example_dags/example_branch_python_dop_operator_3.py
[2022-09-15T17:04:25.365+0000] {processor.py:640} INFO - Processing file /home/airflow/.local/lib/python3.7/site-packages/airflow/example_dags/example_branch_python_dop_operator_3.py for tasks to queue
[2022-09-15T17:04:25.367+0000] {logging_mixin.py:115} INFO - [2022-09-15T17:04:25.367+0000] {dagbag.py:508} INFO - Filling up the DagBag from /home/airflow/.local/lib/python3.7/site-packages/airflow/example_dags/example_branch_python_dop_operator_3.py
[2022-09-15T17:04:25.374+0000] {processor.py:650} INFO - DAG(s) dict_keys(['example_branch_dop_operator_v3']) retrieved from /home/airflow/.local/lib/python3.7/site-packages/airflow/example_dags/example_branch_python_dop_operator_3.py
[2022-09-15T17:04:25.393+0000] {logging_mixin.py:115} INFO - [2022-09-15T17:04:25.393+0000] {dag.py:2429} INFO - Sync 1 DAGs
[2022-09-15T17:04:25.411+0000] {logging_mixin.py:115} INFO - [2022-09-15T17:04:25.411+0000] {dag.py:2981} INFO - Setting next_dagrun for example_branch_dop_operator_v3 to 2022-09-15T17:03:00+00:00, run_after=2022-09-15T17:04:00+00:00
[2022-09-15T17:04:25.420+0000] {processor.py:161} INFO - Processing /home/airflow/.local/lib/python3.7/site-packages/airflow/example_dags/example_branch_python_dop_operator_3.py took 0.065 seconds
[2022-09-15T17:04:55.533+0000] {processor.py:153} INFO - Started process (PID=2815) to work on /home/airflow/.local/lib/python3.7/site-packages/airflow/example_dags/example_branch_python_dop_operator_3.py
[2022-09-15T17:04:55.536+0000] {processor.py:640} INFO - Processing file /home/airflow/.local/lib/python3.7/site-packages/airflow/example_dags/example_branch_python_dop_operator_3.py for tasks to queue
[2022-09-15T17:04:55.538+0000] {logging_mixin.py:115} INFO - [2022-09-15T17:04:55.538+0000] {dagbag.py:508} INFO - Filling up the DagBag from /home/airflow/.local/lib/python3.7/site-packages/airflow/example_dags/example_branch_python_dop_operator_3.py
[2022-09-15T17:04:55.548+0000] {processor.py:650} INFO - DAG(s) dict_keys(['example_branch_dop_operator_v3']) retrieved from /home/airflow/.local/lib/python3.7/site-packages/airflow/example_dags/example_branch_python_dop_operator_3.py
[2022-09-15T17:04:55.577+0000] {logging_mixin.py:115} INFO - [2022-09-15T17:04:55.577+0000] {dag.py:2429} INFO - Sync 1 DAGs
[2022-09-15T17:04:55.607+0000] {logging_mixin.py:115} INFO - [2022-09-15T17:04:55.607+0000] {dag.py:2981} INFO - Setting next_dagrun for example_branch_dop_operator_v3 to 2022-09-15T17:03:00+00:00, run_after=2022-09-15T17:04:00+00:00
[2022-09-15T17:04:55.620+0000] {processor.py:161} INFO - Processing /home/airflow/.local/lib/python3.7/site-packages/airflow/example_dags/example_branch_python_dop_operator_3.py took 0.089 seconds
