[2022-09-15T16:43:28.265+0000] {processor.py:153} INFO - Started process (PID=60) to work on /home/airflow/.local/lib/python3.7/site-packages/airflow/example_dags/tutorial.py
[2022-09-15T16:43:28.275+0000] {processor.py:640} INFO - Processing file /home/airflow/.local/lib/python3.7/site-packages/airflow/example_dags/tutorial.py for tasks to queue
[2022-09-15T16:43:28.279+0000] {logging_mixin.py:115} INFO - [2022-09-15T16:43:28.279+0000] {dagbag.py:508} INFO - Filling up the DagBag from /home/airflow/.local/lib/python3.7/site-packages/airflow/example_dags/tutorial.py
[2022-09-15T16:43:28.315+0000] {processor.py:650} INFO - DAG(s) dict_keys(['tutorial']) retrieved from /home/airflow/.local/lib/python3.7/site-packages/airflow/example_dags/tutorial.py
[2022-09-15T16:43:28.655+0000] {logging_mixin.py:115} INFO - [2022-09-15T16:43:28.655+0000] {manager.py:508} INFO - Created Permission View: can delete on DAG:tutorial
[2022-09-15T16:43:28.681+0000] {logging_mixin.py:115} INFO - [2022-09-15T16:43:28.681+0000] {manager.py:508} INFO - Created Permission View: can read on DAG:tutorial
[2022-09-15T16:43:28.697+0000] {logging_mixin.py:115} INFO - [2022-09-15T16:43:28.697+0000] {manager.py:508} INFO - Created Permission View: can edit on DAG:tutorial
[2022-09-15T16:43:28.699+0000] {logging_mixin.py:115} INFO - [2022-09-15T16:43:28.699+0000] {dag.py:2429} INFO - Sync 1 DAGs
[2022-09-15T16:43:28.728+0000] {logging_mixin.py:115} INFO - [2022-09-15T16:43:28.728+0000] {dag.py:2448} INFO - Creating ORM DAG for tutorial
[2022-09-15T16:43:28.752+0000] {logging_mixin.py:115} INFO - [2022-09-15T16:43:28.751+0000] {dag.py:2981} INFO - Setting next_dagrun for tutorial to 2022-09-14T16:43:28.751683+00:00, run_after=2022-09-15T16:43:28.751683+00:00
[2022-09-15T16:43:28.783+0000] {processor.py:161} INFO - Processing /home/airflow/.local/lib/python3.7/site-packages/airflow/example_dags/tutorial.py took 0.522 seconds
[2022-09-15T16:43:59.261+0000] {processor.py:153} INFO - Started process (PID=116) to work on /home/airflow/.local/lib/python3.7/site-packages/airflow/example_dags/tutorial.py
[2022-09-15T16:43:59.263+0000] {processor.py:640} INFO - Processing file /home/airflow/.local/lib/python3.7/site-packages/airflow/example_dags/tutorial.py for tasks to queue
[2022-09-15T16:43:59.265+0000] {logging_mixin.py:115} INFO - [2022-09-15T16:43:59.265+0000] {dagbag.py:508} INFO - Filling up the DagBag from /home/airflow/.local/lib/python3.7/site-packages/airflow/example_dags/tutorial.py
[2022-09-15T16:43:59.271+0000] {processor.py:650} INFO - DAG(s) dict_keys(['tutorial']) retrieved from /home/airflow/.local/lib/python3.7/site-packages/airflow/example_dags/tutorial.py
[2022-09-15T16:43:59.290+0000] {logging_mixin.py:115} INFO - [2022-09-15T16:43:59.290+0000] {dag.py:2429} INFO - Sync 1 DAGs
[2022-09-15T16:43:59.305+0000] {logging_mixin.py:115} INFO - [2022-09-15T16:43:59.305+0000] {dag.py:2981} INFO - Setting next_dagrun for tutorial to 2022-09-14T16:43:59.304806+00:00, run_after=2022-09-15T16:43:59.304806+00:00
[2022-09-15T16:43:59.313+0000] {processor.py:161} INFO - Processing /home/airflow/.local/lib/python3.7/site-packages/airflow/example_dags/tutorial.py took 0.055 seconds
[2022-09-15T16:44:29.380+0000] {processor.py:153} INFO - Started process (PID=182) to work on /home/airflow/.local/lib/python3.7/site-packages/airflow/example_dags/tutorial.py
[2022-09-15T16:44:29.383+0000] {processor.py:640} INFO - Processing file /home/airflow/.local/lib/python3.7/site-packages/airflow/example_dags/tutorial.py for tasks to queue
[2022-09-15T16:44:29.384+0000] {logging_mixin.py:115} INFO - [2022-09-15T16:44:29.384+0000] {dagbag.py:508} INFO - Filling up the DagBag from /home/airflow/.local/lib/python3.7/site-packages/airflow/example_dags/tutorial.py
[2022-09-15T16:44:29.390+0000] {processor.py:650} INFO - DAG(s) dict_keys(['tutorial']) retrieved from /home/airflow/.local/lib/python3.7/site-packages/airflow/example_dags/tutorial.py
[2022-09-15T16:44:29.413+0000] {logging_mixin.py:115} INFO - [2022-09-15T16:44:29.413+0000] {dag.py:2429} INFO - Sync 1 DAGs
[2022-09-15T16:44:29.429+0000] {logging_mixin.py:115} INFO - [2022-09-15T16:44:29.429+0000] {dag.py:2981} INFO - Setting next_dagrun for tutorial to 2022-09-14T16:44:29.429127+00:00, run_after=2022-09-15T16:44:29.429127+00:00
[2022-09-15T16:44:29.440+0000] {processor.py:161} INFO - Processing /home/airflow/.local/lib/python3.7/site-packages/airflow/example_dags/tutorial.py took 0.062 seconds
[2022-09-15T16:44:59.556+0000] {processor.py:153} INFO - Started process (PID=248) to work on /home/airflow/.local/lib/python3.7/site-packages/airflow/example_dags/tutorial.py
[2022-09-15T16:44:59.558+0000] {processor.py:640} INFO - Processing file /home/airflow/.local/lib/python3.7/site-packages/airflow/example_dags/tutorial.py for tasks to queue
[2022-09-15T16:44:59.559+0000] {logging_mixin.py:115} INFO - [2022-09-15T16:44:59.559+0000] {dagbag.py:508} INFO - Filling up the DagBag from /home/airflow/.local/lib/python3.7/site-packages/airflow/example_dags/tutorial.py
[2022-09-15T16:44:59.563+0000] {processor.py:650} INFO - DAG(s) dict_keys(['tutorial']) retrieved from /home/airflow/.local/lib/python3.7/site-packages/airflow/example_dags/tutorial.py
[2022-09-15T16:44:59.581+0000] {logging_mixin.py:115} INFO - [2022-09-15T16:44:59.581+0000] {dag.py:2429} INFO - Sync 1 DAGs
[2022-09-15T16:44:59.596+0000] {logging_mixin.py:115} INFO - [2022-09-15T16:44:59.596+0000] {dag.py:2981} INFO - Setting next_dagrun for tutorial to 2022-09-14T16:44:59.596724+00:00, run_after=2022-09-15T16:44:59.596724+00:00
[2022-09-15T16:44:59.606+0000] {processor.py:161} INFO - Processing /home/airflow/.local/lib/python3.7/site-packages/airflow/example_dags/tutorial.py took 0.053 seconds
[2022-09-15T16:45:29.836+0000] {processor.py:153} INFO - Started process (PID=315) to work on /home/airflow/.local/lib/python3.7/site-packages/airflow/example_dags/tutorial.py
[2022-09-15T16:45:29.844+0000] {processor.py:640} INFO - Processing file /home/airflow/.local/lib/python3.7/site-packages/airflow/example_dags/tutorial.py for tasks to queue
[2022-09-15T16:45:29.846+0000] {logging_mixin.py:115} INFO - [2022-09-15T16:45:29.846+0000] {dagbag.py:508} INFO - Filling up the DagBag from /home/airflow/.local/lib/python3.7/site-packages/airflow/example_dags/tutorial.py
[2022-09-15T16:45:29.851+0000] {processor.py:650} INFO - DAG(s) dict_keys(['tutorial']) retrieved from /home/airflow/.local/lib/python3.7/site-packages/airflow/example_dags/tutorial.py
[2022-09-15T16:45:29.871+0000] {logging_mixin.py:115} INFO - [2022-09-15T16:45:29.871+0000] {dag.py:2429} INFO - Sync 1 DAGs
[2022-09-15T16:45:29.887+0000] {logging_mixin.py:115} INFO - [2022-09-15T16:45:29.887+0000] {dag.py:2981} INFO - Setting next_dagrun for tutorial to 2022-09-14T16:45:29.887530+00:00, run_after=2022-09-15T16:45:29.887530+00:00
[2022-09-15T16:45:29.897+0000] {processor.py:161} INFO - Processing /home/airflow/.local/lib/python3.7/site-packages/airflow/example_dags/tutorial.py took 0.064 seconds
[2022-09-15T16:46:00.907+0000] {processor.py:153} INFO - Started process (PID=372) to work on /home/airflow/.local/lib/python3.7/site-packages/airflow/example_dags/tutorial.py
[2022-09-15T16:46:00.909+0000] {processor.py:640} INFO - Processing file /home/airflow/.local/lib/python3.7/site-packages/airflow/example_dags/tutorial.py for tasks to queue
[2022-09-15T16:46:00.910+0000] {logging_mixin.py:115} INFO - [2022-09-15T16:46:00.910+0000] {dagbag.py:508} INFO - Filling up the DagBag from /home/airflow/.local/lib/python3.7/site-packages/airflow/example_dags/tutorial.py
[2022-09-15T16:46:00.915+0000] {processor.py:650} INFO - DAG(s) dict_keys(['tutorial']) retrieved from /home/airflow/.local/lib/python3.7/site-packages/airflow/example_dags/tutorial.py
[2022-09-15T16:46:00.934+0000] {logging_mixin.py:115} INFO - [2022-09-15T16:46:00.934+0000] {dag.py:2429} INFO - Sync 1 DAGs
[2022-09-15T16:46:00.951+0000] {logging_mixin.py:115} INFO - [2022-09-15T16:46:00.951+0000] {dag.py:2981} INFO - Setting next_dagrun for tutorial to 2022-09-14T16:46:00.951567+00:00, run_after=2022-09-15T16:46:00.951567+00:00
[2022-09-15T16:46:00.961+0000] {processor.py:161} INFO - Processing /home/airflow/.local/lib/python3.7/site-packages/airflow/example_dags/tutorial.py took 0.057 seconds
[2022-09-15T16:46:31.859+0000] {processor.py:153} INFO - Started process (PID=438) to work on /home/airflow/.local/lib/python3.7/site-packages/airflow/example_dags/tutorial.py
[2022-09-15T16:46:31.861+0000] {processor.py:640} INFO - Processing file /home/airflow/.local/lib/python3.7/site-packages/airflow/example_dags/tutorial.py for tasks to queue
[2022-09-15T16:46:31.863+0000] {logging_mixin.py:115} INFO - [2022-09-15T16:46:31.863+0000] {dagbag.py:508} INFO - Filling up the DagBag from /home/airflow/.local/lib/python3.7/site-packages/airflow/example_dags/tutorial.py
[2022-09-15T16:46:31.867+0000] {processor.py:650} INFO - DAG(s) dict_keys(['tutorial']) retrieved from /home/airflow/.local/lib/python3.7/site-packages/airflow/example_dags/tutorial.py
[2022-09-15T16:46:31.885+0000] {logging_mixin.py:115} INFO - [2022-09-15T16:46:31.885+0000] {dag.py:2429} INFO - Sync 1 DAGs
[2022-09-15T16:46:31.899+0000] {logging_mixin.py:115} INFO - [2022-09-15T16:46:31.899+0000] {dag.py:2981} INFO - Setting next_dagrun for tutorial to 2022-09-14T16:46:31.899541+00:00, run_after=2022-09-15T16:46:31.899541+00:00
[2022-09-15T16:46:31.907+0000] {processor.py:161} INFO - Processing /home/airflow/.local/lib/python3.7/site-packages/airflow/example_dags/tutorial.py took 0.051 seconds
[2022-09-15T16:47:02.830+0000] {processor.py:153} INFO - Started process (PID=507) to work on /home/airflow/.local/lib/python3.7/site-packages/airflow/example_dags/tutorial.py
[2022-09-15T16:47:02.832+0000] {processor.py:640} INFO - Processing file /home/airflow/.local/lib/python3.7/site-packages/airflow/example_dags/tutorial.py for tasks to queue
[2022-09-15T16:47:02.833+0000] {logging_mixin.py:115} INFO - [2022-09-15T16:47:02.833+0000] {dagbag.py:508} INFO - Filling up the DagBag from /home/airflow/.local/lib/python3.7/site-packages/airflow/example_dags/tutorial.py
[2022-09-15T16:47:02.837+0000] {processor.py:650} INFO - DAG(s) dict_keys(['tutorial']) retrieved from /home/airflow/.local/lib/python3.7/site-packages/airflow/example_dags/tutorial.py
[2022-09-15T16:47:02.854+0000] {logging_mixin.py:115} INFO - [2022-09-15T16:47:02.854+0000] {dag.py:2429} INFO - Sync 1 DAGs
[2022-09-15T16:47:02.868+0000] {logging_mixin.py:115} INFO - [2022-09-15T16:47:02.868+0000] {dag.py:2981} INFO - Setting next_dagrun for tutorial to 2022-09-14T16:47:02.868237+00:00, run_after=2022-09-15T16:47:02.868237+00:00
[2022-09-15T16:47:02.876+0000] {processor.py:161} INFO - Processing /home/airflow/.local/lib/python3.7/site-packages/airflow/example_dags/tutorial.py took 0.048 seconds
[2022-09-15T16:47:33.787+0000] {processor.py:153} INFO - Started process (PID=575) to work on /home/airflow/.local/lib/python3.7/site-packages/airflow/example_dags/tutorial.py
[2022-09-15T16:47:33.789+0000] {processor.py:640} INFO - Processing file /home/airflow/.local/lib/python3.7/site-packages/airflow/example_dags/tutorial.py for tasks to queue
[2022-09-15T16:47:33.790+0000] {logging_mixin.py:115} INFO - [2022-09-15T16:47:33.790+0000] {dagbag.py:508} INFO - Filling up the DagBag from /home/airflow/.local/lib/python3.7/site-packages/airflow/example_dags/tutorial.py
[2022-09-15T16:47:33.795+0000] {processor.py:650} INFO - DAG(s) dict_keys(['tutorial']) retrieved from /home/airflow/.local/lib/python3.7/site-packages/airflow/example_dags/tutorial.py
[2022-09-15T16:47:33.813+0000] {logging_mixin.py:115} INFO - [2022-09-15T16:47:33.812+0000] {dag.py:2429} INFO - Sync 1 DAGs
[2022-09-15T16:47:33.828+0000] {logging_mixin.py:115} INFO - [2022-09-15T16:47:33.828+0000] {dag.py:2981} INFO - Setting next_dagrun for tutorial to 2022-09-14T16:47:33.827861+00:00, run_after=2022-09-15T16:47:33.827861+00:00
[2022-09-15T16:47:33.840+0000] {processor.py:161} INFO - Processing /home/airflow/.local/lib/python3.7/site-packages/airflow/example_dags/tutorial.py took 0.055 seconds
[2022-09-15T16:48:04.516+0000] {processor.py:153} INFO - Started process (PID=643) to work on /home/airflow/.local/lib/python3.7/site-packages/airflow/example_dags/tutorial.py
[2022-09-15T16:48:04.519+0000] {processor.py:640} INFO - Processing file /home/airflow/.local/lib/python3.7/site-packages/airflow/example_dags/tutorial.py for tasks to queue
[2022-09-15T16:48:04.520+0000] {logging_mixin.py:115} INFO - [2022-09-15T16:48:04.520+0000] {dagbag.py:508} INFO - Filling up the DagBag from /home/airflow/.local/lib/python3.7/site-packages/airflow/example_dags/tutorial.py
[2022-09-15T16:48:04.524+0000] {processor.py:650} INFO - DAG(s) dict_keys(['tutorial']) retrieved from /home/airflow/.local/lib/python3.7/site-packages/airflow/example_dags/tutorial.py
[2022-09-15T16:48:04.543+0000] {logging_mixin.py:115} INFO - [2022-09-15T16:48:04.543+0000] {dag.py:2429} INFO - Sync 1 DAGs
[2022-09-15T16:48:04.557+0000] {logging_mixin.py:115} INFO - [2022-09-15T16:48:04.557+0000] {dag.py:2981} INFO - Setting next_dagrun for tutorial to 2022-09-14T16:48:04.556964+00:00, run_after=2022-09-15T16:48:04.556964+00:00
[2022-09-15T16:48:04.565+0000] {processor.py:161} INFO - Processing /home/airflow/.local/lib/python3.7/site-packages/airflow/example_dags/tutorial.py took 0.051 seconds
[2022-09-15T16:48:35.606+0000] {processor.py:153} INFO - Started process (PID=708) to work on /home/airflow/.local/lib/python3.7/site-packages/airflow/example_dags/tutorial.py
[2022-09-15T16:48:35.608+0000] {processor.py:640} INFO - Processing file /home/airflow/.local/lib/python3.7/site-packages/airflow/example_dags/tutorial.py for tasks to queue
[2022-09-15T16:48:35.609+0000] {logging_mixin.py:115} INFO - [2022-09-15T16:48:35.609+0000] {dagbag.py:508} INFO - Filling up the DagBag from /home/airflow/.local/lib/python3.7/site-packages/airflow/example_dags/tutorial.py
[2022-09-15T16:48:35.614+0000] {processor.py:650} INFO - DAG(s) dict_keys(['tutorial']) retrieved from /home/airflow/.local/lib/python3.7/site-packages/airflow/example_dags/tutorial.py
[2022-09-15T16:48:35.633+0000] {logging_mixin.py:115} INFO - [2022-09-15T16:48:35.633+0000] {dag.py:2429} INFO - Sync 1 DAGs
[2022-09-15T16:48:35.647+0000] {logging_mixin.py:115} INFO - [2022-09-15T16:48:35.647+0000] {dag.py:2981} INFO - Setting next_dagrun for tutorial to 2022-09-14T16:48:35.647649+00:00, run_after=2022-09-15T16:48:35.647649+00:00
[2022-09-15T16:48:35.656+0000] {processor.py:161} INFO - Processing /home/airflow/.local/lib/python3.7/site-packages/airflow/example_dags/tutorial.py took 0.052 seconds
[2022-09-15T16:49:05.704+0000] {processor.py:153} INFO - Started process (PID=774) to work on /home/airflow/.local/lib/python3.7/site-packages/airflow/example_dags/tutorial.py
[2022-09-15T16:49:05.707+0000] {processor.py:640} INFO - Processing file /home/airflow/.local/lib/python3.7/site-packages/airflow/example_dags/tutorial.py for tasks to queue
[2022-09-15T16:49:05.708+0000] {logging_mixin.py:115} INFO - [2022-09-15T16:49:05.708+0000] {dagbag.py:508} INFO - Filling up the DagBag from /home/airflow/.local/lib/python3.7/site-packages/airflow/example_dags/tutorial.py
[2022-09-15T16:49:05.713+0000] {processor.py:650} INFO - DAG(s) dict_keys(['tutorial']) retrieved from /home/airflow/.local/lib/python3.7/site-packages/airflow/example_dags/tutorial.py
[2022-09-15T16:49:05.732+0000] {logging_mixin.py:115} INFO - [2022-09-15T16:49:05.732+0000] {dag.py:2429} INFO - Sync 1 DAGs
[2022-09-15T16:49:05.747+0000] {logging_mixin.py:115} INFO - [2022-09-15T16:49:05.747+0000] {dag.py:2981} INFO - Setting next_dagrun for tutorial to 2022-09-14T16:49:05.747750+00:00, run_after=2022-09-15T16:49:05.747750+00:00
[2022-09-15T16:49:05.756+0000] {processor.py:161} INFO - Processing /home/airflow/.local/lib/python3.7/site-packages/airflow/example_dags/tutorial.py took 0.054 seconds
[2022-09-15T16:49:36.832+0000] {processor.py:153} INFO - Started process (PID=829) to work on /home/airflow/.local/lib/python3.7/site-packages/airflow/example_dags/tutorial.py
[2022-09-15T16:49:36.834+0000] {processor.py:640} INFO - Processing file /home/airflow/.local/lib/python3.7/site-packages/airflow/example_dags/tutorial.py for tasks to queue
[2022-09-15T16:49:36.836+0000] {logging_mixin.py:115} INFO - [2022-09-15T16:49:36.836+0000] {dagbag.py:508} INFO - Filling up the DagBag from /home/airflow/.local/lib/python3.7/site-packages/airflow/example_dags/tutorial.py
[2022-09-15T16:49:36.841+0000] {processor.py:650} INFO - DAG(s) dict_keys(['tutorial']) retrieved from /home/airflow/.local/lib/python3.7/site-packages/airflow/example_dags/tutorial.py
[2022-09-15T16:49:36.859+0000] {logging_mixin.py:115} INFO - [2022-09-15T16:49:36.858+0000] {dag.py:2429} INFO - Sync 1 DAGs
[2022-09-15T16:49:36.872+0000] {logging_mixin.py:115} INFO - [2022-09-15T16:49:36.872+0000] {dag.py:2981} INFO - Setting next_dagrun for tutorial to 2022-09-14T16:49:36.872148+00:00, run_after=2022-09-15T16:49:36.872148+00:00
[2022-09-15T16:49:36.880+0000] {processor.py:161} INFO - Processing /home/airflow/.local/lib/python3.7/site-packages/airflow/example_dags/tutorial.py took 0.050 seconds
[2022-09-15T16:50:07.042+0000] {processor.py:153} INFO - Started process (PID=898) to work on /home/airflow/.local/lib/python3.7/site-packages/airflow/example_dags/tutorial.py
[2022-09-15T16:50:07.044+0000] {processor.py:640} INFO - Processing file /home/airflow/.local/lib/python3.7/site-packages/airflow/example_dags/tutorial.py for tasks to queue
[2022-09-15T16:50:07.045+0000] {logging_mixin.py:115} INFO - [2022-09-15T16:50:07.045+0000] {dagbag.py:508} INFO - Filling up the DagBag from /home/airflow/.local/lib/python3.7/site-packages/airflow/example_dags/tutorial.py
[2022-09-15T16:50:07.050+0000] {processor.py:650} INFO - DAG(s) dict_keys(['tutorial']) retrieved from /home/airflow/.local/lib/python3.7/site-packages/airflow/example_dags/tutorial.py
[2022-09-15T16:50:07.068+0000] {logging_mixin.py:115} INFO - [2022-09-15T16:50:07.068+0000] {dag.py:2429} INFO - Sync 1 DAGs
[2022-09-15T16:50:07.083+0000] {logging_mixin.py:115} INFO - [2022-09-15T16:50:07.083+0000] {dag.py:2981} INFO - Setting next_dagrun for tutorial to 2022-09-14T16:50:07.083563+00:00, run_after=2022-09-15T16:50:07.083563+00:00
[2022-09-15T16:50:07.093+0000] {processor.py:161} INFO - Processing /home/airflow/.local/lib/python3.7/site-packages/airflow/example_dags/tutorial.py took 0.053 seconds
[2022-09-15T16:50:38.072+0000] {processor.py:153} INFO - Started process (PID=967) to work on /home/airflow/.local/lib/python3.7/site-packages/airflow/example_dags/tutorial.py
[2022-09-15T16:50:38.074+0000] {processor.py:640} INFO - Processing file /home/airflow/.local/lib/python3.7/site-packages/airflow/example_dags/tutorial.py for tasks to queue
[2022-09-15T16:50:38.075+0000] {logging_mixin.py:115} INFO - [2022-09-15T16:50:38.075+0000] {dagbag.py:508} INFO - Filling up the DagBag from /home/airflow/.local/lib/python3.7/site-packages/airflow/example_dags/tutorial.py
[2022-09-15T16:50:38.080+0000] {processor.py:650} INFO - DAG(s) dict_keys(['tutorial']) retrieved from /home/airflow/.local/lib/python3.7/site-packages/airflow/example_dags/tutorial.py
[2022-09-15T16:50:38.101+0000] {logging_mixin.py:115} INFO - [2022-09-15T16:50:38.101+0000] {dag.py:2429} INFO - Sync 1 DAGs
[2022-09-15T16:50:38.115+0000] {logging_mixin.py:115} INFO - [2022-09-15T16:50:38.115+0000] {dag.py:2981} INFO - Setting next_dagrun for tutorial to 2022-09-14T16:50:38.115484+00:00, run_after=2022-09-15T16:50:38.115484+00:00
[2022-09-15T16:50:38.126+0000] {processor.py:161} INFO - Processing /home/airflow/.local/lib/python3.7/site-packages/airflow/example_dags/tutorial.py took 0.056 seconds
[2022-09-15T16:51:08.840+0000] {processor.py:153} INFO - Started process (PID=1033) to work on /home/airflow/.local/lib/python3.7/site-packages/airflow/example_dags/tutorial.py
[2022-09-15T16:51:08.842+0000] {processor.py:640} INFO - Processing file /home/airflow/.local/lib/python3.7/site-packages/airflow/example_dags/tutorial.py for tasks to queue
[2022-09-15T16:51:08.843+0000] {logging_mixin.py:115} INFO - [2022-09-15T16:51:08.843+0000] {dagbag.py:508} INFO - Filling up the DagBag from /home/airflow/.local/lib/python3.7/site-packages/airflow/example_dags/tutorial.py
[2022-09-15T16:51:08.847+0000] {processor.py:650} INFO - DAG(s) dict_keys(['tutorial']) retrieved from /home/airflow/.local/lib/python3.7/site-packages/airflow/example_dags/tutorial.py
[2022-09-15T16:51:08.869+0000] {logging_mixin.py:115} INFO - [2022-09-15T16:51:08.869+0000] {dag.py:2429} INFO - Sync 1 DAGs
[2022-09-15T16:51:08.882+0000] {logging_mixin.py:115} INFO - [2022-09-15T16:51:08.882+0000] {dag.py:2981} INFO - Setting next_dagrun for tutorial to 2022-09-14T16:51:08.882701+00:00, run_after=2022-09-15T16:51:08.882701+00:00
[2022-09-15T16:51:08.892+0000] {processor.py:161} INFO - Processing /home/airflow/.local/lib/python3.7/site-packages/airflow/example_dags/tutorial.py took 0.055 seconds
[2022-09-15T16:51:39.990+0000] {processor.py:153} INFO - Started process (PID=1103) to work on /home/airflow/.local/lib/python3.7/site-packages/airflow/example_dags/tutorial.py
[2022-09-15T16:51:39.992+0000] {processor.py:640} INFO - Processing file /home/airflow/.local/lib/python3.7/site-packages/airflow/example_dags/tutorial.py for tasks to queue
[2022-09-15T16:51:39.993+0000] {logging_mixin.py:115} INFO - [2022-09-15T16:51:39.993+0000] {dagbag.py:508} INFO - Filling up the DagBag from /home/airflow/.local/lib/python3.7/site-packages/airflow/example_dags/tutorial.py
[2022-09-15T16:51:39.997+0000] {processor.py:650} INFO - DAG(s) dict_keys(['tutorial']) retrieved from /home/airflow/.local/lib/python3.7/site-packages/airflow/example_dags/tutorial.py
[2022-09-15T16:51:40.016+0000] {logging_mixin.py:115} INFO - [2022-09-15T16:51:40.016+0000] {dag.py:2429} INFO - Sync 1 DAGs
[2022-09-15T16:51:40.032+0000] {logging_mixin.py:115} INFO - [2022-09-15T16:51:40.032+0000] {dag.py:2981} INFO - Setting next_dagrun for tutorial to 2022-09-14T16:51:40.031843+00:00, run_after=2022-09-15T16:51:40.031843+00:00
[2022-09-15T16:51:40.039+0000] {processor.py:161} INFO - Processing /home/airflow/.local/lib/python3.7/site-packages/airflow/example_dags/tutorial.py took 0.051 seconds
[2022-09-15T16:52:10.875+0000] {processor.py:153} INFO - Started process (PID=1168) to work on /home/airflow/.local/lib/python3.7/site-packages/airflow/example_dags/tutorial.py
[2022-09-15T16:52:10.876+0000] {processor.py:640} INFO - Processing file /home/airflow/.local/lib/python3.7/site-packages/airflow/example_dags/tutorial.py for tasks to queue
[2022-09-15T16:52:10.878+0000] {logging_mixin.py:115} INFO - [2022-09-15T16:52:10.877+0000] {dagbag.py:508} INFO - Filling up the DagBag from /home/airflow/.local/lib/python3.7/site-packages/airflow/example_dags/tutorial.py
[2022-09-15T16:52:10.882+0000] {processor.py:650} INFO - DAG(s) dict_keys(['tutorial']) retrieved from /home/airflow/.local/lib/python3.7/site-packages/airflow/example_dags/tutorial.py
[2022-09-15T16:52:10.905+0000] {logging_mixin.py:115} INFO - [2022-09-15T16:52:10.904+0000] {dag.py:2429} INFO - Sync 1 DAGs
[2022-09-15T16:52:10.925+0000] {logging_mixin.py:115} INFO - [2022-09-15T16:52:10.925+0000] {dag.py:2981} INFO - Setting next_dagrun for tutorial to 2022-09-14T16:52:10.925521+00:00, run_after=2022-09-15T16:52:10.925521+00:00
[2022-09-15T16:52:10.936+0000] {processor.py:161} INFO - Processing /home/airflow/.local/lib/python3.7/site-packages/airflow/example_dags/tutorial.py took 0.064 seconds
[2022-09-15T16:52:41.745+0000] {processor.py:153} INFO - Started process (PID=1224) to work on /home/airflow/.local/lib/python3.7/site-packages/airflow/example_dags/tutorial.py
[2022-09-15T16:52:41.750+0000] {processor.py:640} INFO - Processing file /home/airflow/.local/lib/python3.7/site-packages/airflow/example_dags/tutorial.py for tasks to queue
[2022-09-15T16:52:41.751+0000] {logging_mixin.py:115} INFO - [2022-09-15T16:52:41.751+0000] {dagbag.py:508} INFO - Filling up the DagBag from /home/airflow/.local/lib/python3.7/site-packages/airflow/example_dags/tutorial.py
[2022-09-15T16:52:41.755+0000] {processor.py:650} INFO - DAG(s) dict_keys(['tutorial']) retrieved from /home/airflow/.local/lib/python3.7/site-packages/airflow/example_dags/tutorial.py
[2022-09-15T16:52:41.775+0000] {logging_mixin.py:115} INFO - [2022-09-15T16:52:41.775+0000] {dag.py:2429} INFO - Sync 1 DAGs
[2022-09-15T16:52:41.791+0000] {logging_mixin.py:115} INFO - [2022-09-15T16:52:41.790+0000] {dag.py:2981} INFO - Setting next_dagrun for tutorial to 2022-09-14T16:52:41.790719+00:00, run_after=2022-09-15T16:52:41.790719+00:00
[2022-09-15T16:52:41.802+0000] {processor.py:161} INFO - Processing /home/airflow/.local/lib/python3.7/site-packages/airflow/example_dags/tutorial.py took 0.061 seconds
[2022-09-15T16:53:11.999+0000] {processor.py:153} INFO - Started process (PID=1292) to work on /home/airflow/.local/lib/python3.7/site-packages/airflow/example_dags/tutorial.py
[2022-09-15T16:53:12.001+0000] {processor.py:640} INFO - Processing file /home/airflow/.local/lib/python3.7/site-packages/airflow/example_dags/tutorial.py for tasks to queue
[2022-09-15T16:53:12.002+0000] {logging_mixin.py:115} INFO - [2022-09-15T16:53:12.002+0000] {dagbag.py:508} INFO - Filling up the DagBag from /home/airflow/.local/lib/python3.7/site-packages/airflow/example_dags/tutorial.py
[2022-09-15T16:53:12.007+0000] {processor.py:650} INFO - DAG(s) dict_keys(['tutorial']) retrieved from /home/airflow/.local/lib/python3.7/site-packages/airflow/example_dags/tutorial.py
[2022-09-15T16:53:12.026+0000] {logging_mixin.py:115} INFO - [2022-09-15T16:53:12.026+0000] {dag.py:2429} INFO - Sync 1 DAGs
[2022-09-15T16:53:12.043+0000] {logging_mixin.py:115} INFO - [2022-09-15T16:53:12.043+0000] {dag.py:2981} INFO - Setting next_dagrun for tutorial to 2022-09-14T16:53:12.043256+00:00, run_after=2022-09-15T16:53:12.043256+00:00
[2022-09-15T16:53:12.061+0000] {processor.py:161} INFO - Processing /home/airflow/.local/lib/python3.7/site-packages/airflow/example_dags/tutorial.py took 0.064 seconds
[2022-09-15T16:53:42.393+0000] {processor.py:153} INFO - Started process (PID=1360) to work on /home/airflow/.local/lib/python3.7/site-packages/airflow/example_dags/tutorial.py
[2022-09-15T16:53:42.396+0000] {processor.py:640} INFO - Processing file /home/airflow/.local/lib/python3.7/site-packages/airflow/example_dags/tutorial.py for tasks to queue
[2022-09-15T16:53:42.397+0000] {logging_mixin.py:115} INFO - [2022-09-15T16:53:42.397+0000] {dagbag.py:508} INFO - Filling up the DagBag from /home/airflow/.local/lib/python3.7/site-packages/airflow/example_dags/tutorial.py
[2022-09-15T16:53:42.402+0000] {processor.py:650} INFO - DAG(s) dict_keys(['tutorial']) retrieved from /home/airflow/.local/lib/python3.7/site-packages/airflow/example_dags/tutorial.py
[2022-09-15T16:53:42.421+0000] {logging_mixin.py:115} INFO - [2022-09-15T16:53:42.421+0000] {dag.py:2429} INFO - Sync 1 DAGs
[2022-09-15T16:53:42.435+0000] {logging_mixin.py:115} INFO - [2022-09-15T16:53:42.435+0000] {dag.py:2981} INFO - Setting next_dagrun for tutorial to 2022-09-14T16:53:42.434965+00:00, run_after=2022-09-15T16:53:42.434965+00:00
[2022-09-15T16:53:42.443+0000] {processor.py:161} INFO - Processing /home/airflow/.local/lib/python3.7/site-packages/airflow/example_dags/tutorial.py took 0.052 seconds
[2022-09-15T16:54:13.290+0000] {processor.py:153} INFO - Started process (PID=1429) to work on /home/airflow/.local/lib/python3.7/site-packages/airflow/example_dags/tutorial.py
[2022-09-15T16:54:13.292+0000] {processor.py:640} INFO - Processing file /home/airflow/.local/lib/python3.7/site-packages/airflow/example_dags/tutorial.py for tasks to queue
[2022-09-15T16:54:13.293+0000] {logging_mixin.py:115} INFO - [2022-09-15T16:54:13.293+0000] {dagbag.py:508} INFO - Filling up the DagBag from /home/airflow/.local/lib/python3.7/site-packages/airflow/example_dags/tutorial.py
[2022-09-15T16:54:13.298+0000] {processor.py:650} INFO - DAG(s) dict_keys(['tutorial']) retrieved from /home/airflow/.local/lib/python3.7/site-packages/airflow/example_dags/tutorial.py
[2022-09-15T16:54:13.319+0000] {logging_mixin.py:115} INFO - [2022-09-15T16:54:13.319+0000] {dag.py:2429} INFO - Sync 1 DAGs
[2022-09-15T16:54:13.333+0000] {logging_mixin.py:115} INFO - [2022-09-15T16:54:13.333+0000] {dag.py:2981} INFO - Setting next_dagrun for tutorial to 2022-09-14T16:54:13.333150+00:00, run_after=2022-09-15T16:54:13.333150+00:00
[2022-09-15T16:54:13.341+0000] {processor.py:161} INFO - Processing /home/airflow/.local/lib/python3.7/site-packages/airflow/example_dags/tutorial.py took 0.054 seconds
[2022-09-15T16:54:44.357+0000] {processor.py:153} INFO - Started process (PID=1494) to work on /home/airflow/.local/lib/python3.7/site-packages/airflow/example_dags/tutorial.py
[2022-09-15T16:54:44.358+0000] {processor.py:640} INFO - Processing file /home/airflow/.local/lib/python3.7/site-packages/airflow/example_dags/tutorial.py for tasks to queue
[2022-09-15T16:54:44.360+0000] {logging_mixin.py:115} INFO - [2022-09-15T16:54:44.359+0000] {dagbag.py:508} INFO - Filling up the DagBag from /home/airflow/.local/lib/python3.7/site-packages/airflow/example_dags/tutorial.py
[2022-09-15T16:54:44.364+0000] {processor.py:650} INFO - DAG(s) dict_keys(['tutorial']) retrieved from /home/airflow/.local/lib/python3.7/site-packages/airflow/example_dags/tutorial.py
[2022-09-15T16:54:44.382+0000] {logging_mixin.py:115} INFO - [2022-09-15T16:54:44.382+0000] {dag.py:2429} INFO - Sync 1 DAGs
[2022-09-15T16:54:44.397+0000] {logging_mixin.py:115} INFO - [2022-09-15T16:54:44.397+0000] {dag.py:2981} INFO - Setting next_dagrun for tutorial to 2022-09-14T16:54:44.397542+00:00, run_after=2022-09-15T16:54:44.397542+00:00
[2022-09-15T16:54:44.406+0000] {processor.py:161} INFO - Processing /home/airflow/.local/lib/python3.7/site-packages/airflow/example_dags/tutorial.py took 0.052 seconds
[2022-09-15T16:55:14.593+0000] {processor.py:153} INFO - Started process (PID=1552) to work on /home/airflow/.local/lib/python3.7/site-packages/airflow/example_dags/tutorial.py
[2022-09-15T16:55:14.594+0000] {processor.py:640} INFO - Processing file /home/airflow/.local/lib/python3.7/site-packages/airflow/example_dags/tutorial.py for tasks to queue
[2022-09-15T16:55:14.595+0000] {logging_mixin.py:115} INFO - [2022-09-15T16:55:14.595+0000] {dagbag.py:508} INFO - Filling up the DagBag from /home/airflow/.local/lib/python3.7/site-packages/airflow/example_dags/tutorial.py
[2022-09-15T16:55:14.600+0000] {processor.py:650} INFO - DAG(s) dict_keys(['tutorial']) retrieved from /home/airflow/.local/lib/python3.7/site-packages/airflow/example_dags/tutorial.py
[2022-09-15T16:55:14.625+0000] {logging_mixin.py:115} INFO - [2022-09-15T16:55:14.625+0000] {dag.py:2429} INFO - Sync 1 DAGs
[2022-09-15T16:55:14.642+0000] {logging_mixin.py:115} INFO - [2022-09-15T16:55:14.642+0000] {dag.py:2981} INFO - Setting next_dagrun for tutorial to 2022-09-14T16:55:14.642006+00:00, run_after=2022-09-15T16:55:14.642006+00:00
[2022-09-15T16:55:14.651+0000] {processor.py:161} INFO - Processing /home/airflow/.local/lib/python3.7/site-packages/airflow/example_dags/tutorial.py took 0.061 seconds
[2022-09-15T16:55:45.716+0000] {processor.py:153} INFO - Started process (PID=1622) to work on /home/airflow/.local/lib/python3.7/site-packages/airflow/example_dags/tutorial.py
[2022-09-15T16:55:45.718+0000] {processor.py:640} INFO - Processing file /home/airflow/.local/lib/python3.7/site-packages/airflow/example_dags/tutorial.py for tasks to queue
[2022-09-15T16:55:45.719+0000] {logging_mixin.py:115} INFO - [2022-09-15T16:55:45.719+0000] {dagbag.py:508} INFO - Filling up the DagBag from /home/airflow/.local/lib/python3.7/site-packages/airflow/example_dags/tutorial.py
[2022-09-15T16:55:45.726+0000] {processor.py:650} INFO - DAG(s) dict_keys(['tutorial']) retrieved from /home/airflow/.local/lib/python3.7/site-packages/airflow/example_dags/tutorial.py
[2022-09-15T16:55:45.744+0000] {logging_mixin.py:115} INFO - [2022-09-15T16:55:45.744+0000] {dag.py:2429} INFO - Sync 1 DAGs
[2022-09-15T16:55:45.758+0000] {logging_mixin.py:115} INFO - [2022-09-15T16:55:45.757+0000] {dag.py:2981} INFO - Setting next_dagrun for tutorial to 2022-09-14T16:55:45.757827+00:00, run_after=2022-09-15T16:55:45.757827+00:00
[2022-09-15T16:55:45.766+0000] {processor.py:161} INFO - Processing /home/airflow/.local/lib/python3.7/site-packages/airflow/example_dags/tutorial.py took 0.052 seconds
[2022-09-15T16:56:15.811+0000] {processor.py:153} INFO - Started process (PID=1688) to work on /home/airflow/.local/lib/python3.7/site-packages/airflow/example_dags/tutorial.py
[2022-09-15T16:56:15.814+0000] {processor.py:640} INFO - Processing file /home/airflow/.local/lib/python3.7/site-packages/airflow/example_dags/tutorial.py for tasks to queue
[2022-09-15T16:56:15.815+0000] {logging_mixin.py:115} INFO - [2022-09-15T16:56:15.815+0000] {dagbag.py:508} INFO - Filling up the DagBag from /home/airflow/.local/lib/python3.7/site-packages/airflow/example_dags/tutorial.py
[2022-09-15T16:56:15.820+0000] {processor.py:650} INFO - DAG(s) dict_keys(['tutorial']) retrieved from /home/airflow/.local/lib/python3.7/site-packages/airflow/example_dags/tutorial.py
[2022-09-15T16:56:15.843+0000] {logging_mixin.py:115} INFO - [2022-09-15T16:56:15.843+0000] {dag.py:2429} INFO - Sync 1 DAGs
[2022-09-15T16:56:15.859+0000] {logging_mixin.py:115} INFO - [2022-09-15T16:56:15.858+0000] {dag.py:2981} INFO - Setting next_dagrun for tutorial to 2022-09-14T16:56:15.858808+00:00, run_after=2022-09-15T16:56:15.858808+00:00
[2022-09-15T16:56:15.869+0000] {processor.py:161} INFO - Processing /home/airflow/.local/lib/python3.7/site-packages/airflow/example_dags/tutorial.py took 0.060 seconds
[2022-09-15T16:56:46.742+0000] {processor.py:153} INFO - Started process (PID=1759) to work on /home/airflow/.local/lib/python3.7/site-packages/airflow/example_dags/tutorial.py
[2022-09-15T16:56:46.743+0000] {processor.py:640} INFO - Processing file /home/airflow/.local/lib/python3.7/site-packages/airflow/example_dags/tutorial.py for tasks to queue
[2022-09-15T16:56:46.744+0000] {logging_mixin.py:115} INFO - [2022-09-15T16:56:46.744+0000] {dagbag.py:508} INFO - Filling up the DagBag from /home/airflow/.local/lib/python3.7/site-packages/airflow/example_dags/tutorial.py
[2022-09-15T16:56:46.749+0000] {processor.py:650} INFO - DAG(s) dict_keys(['tutorial']) retrieved from /home/airflow/.local/lib/python3.7/site-packages/airflow/example_dags/tutorial.py
[2022-09-15T16:56:46.766+0000] {logging_mixin.py:115} INFO - [2022-09-15T16:56:46.766+0000] {dag.py:2429} INFO - Sync 1 DAGs
[2022-09-15T16:56:46.780+0000] {logging_mixin.py:115} INFO - [2022-09-15T16:56:46.780+0000] {dag.py:2981} INFO - Setting next_dagrun for tutorial to 2022-09-14T16:56:46.780610+00:00, run_after=2022-09-15T16:56:46.780610+00:00
[2022-09-15T16:56:46.789+0000] {processor.py:161} INFO - Processing /home/airflow/.local/lib/python3.7/site-packages/airflow/example_dags/tutorial.py took 0.050 seconds
[2022-09-15T16:57:16.958+0000] {processor.py:153} INFO - Started process (PID=1824) to work on /home/airflow/.local/lib/python3.7/site-packages/airflow/example_dags/tutorial.py
[2022-09-15T16:57:16.961+0000] {processor.py:640} INFO - Processing file /home/airflow/.local/lib/python3.7/site-packages/airflow/example_dags/tutorial.py for tasks to queue
[2022-09-15T16:57:16.962+0000] {logging_mixin.py:115} INFO - [2022-09-15T16:57:16.962+0000] {dagbag.py:508} INFO - Filling up the DagBag from /home/airflow/.local/lib/python3.7/site-packages/airflow/example_dags/tutorial.py
[2022-09-15T16:57:16.967+0000] {processor.py:650} INFO - DAG(s) dict_keys(['tutorial']) retrieved from /home/airflow/.local/lib/python3.7/site-packages/airflow/example_dags/tutorial.py
[2022-09-15T16:57:16.985+0000] {logging_mixin.py:115} INFO - [2022-09-15T16:57:16.985+0000] {dag.py:2429} INFO - Sync 1 DAGs
[2022-09-15T16:57:17.000+0000] {logging_mixin.py:115} INFO - [2022-09-15T16:57:17.000+0000] {dag.py:2981} INFO - Setting next_dagrun for tutorial to 2022-09-14T16:57:17.000211+00:00, run_after=2022-09-15T16:57:17.000211+00:00
[2022-09-15T16:57:17.010+0000] {processor.py:161} INFO - Processing /home/airflow/.local/lib/python3.7/site-packages/airflow/example_dags/tutorial.py took 0.054 seconds
[2022-09-15T16:57:47.217+0000] {processor.py:153} INFO - Started process (PID=1879) to work on /home/airflow/.local/lib/python3.7/site-packages/airflow/example_dags/tutorial.py
[2022-09-15T16:57:47.219+0000] {processor.py:640} INFO - Processing file /home/airflow/.local/lib/python3.7/site-packages/airflow/example_dags/tutorial.py for tasks to queue
[2022-09-15T16:57:47.221+0000] {logging_mixin.py:115} INFO - [2022-09-15T16:57:47.221+0000] {dagbag.py:508} INFO - Filling up the DagBag from /home/airflow/.local/lib/python3.7/site-packages/airflow/example_dags/tutorial.py
[2022-09-15T16:57:47.227+0000] {processor.py:650} INFO - DAG(s) dict_keys(['tutorial']) retrieved from /home/airflow/.local/lib/python3.7/site-packages/airflow/example_dags/tutorial.py
[2022-09-15T16:57:47.248+0000] {logging_mixin.py:115} INFO - [2022-09-15T16:57:47.248+0000] {dag.py:2429} INFO - Sync 1 DAGs
[2022-09-15T16:57:47.264+0000] {logging_mixin.py:115} INFO - [2022-09-15T16:57:47.264+0000] {dag.py:2981} INFO - Setting next_dagrun for tutorial to 2022-09-14T16:57:47.264584+00:00, run_after=2022-09-15T16:57:47.264584+00:00
[2022-09-15T16:57:47.273+0000] {processor.py:161} INFO - Processing /home/airflow/.local/lib/python3.7/site-packages/airflow/example_dags/tutorial.py took 0.059 seconds
[2022-09-15T16:58:18.186+0000] {processor.py:153} INFO - Started process (PID=1951) to work on /home/airflow/.local/lib/python3.7/site-packages/airflow/example_dags/tutorial.py
[2022-09-15T16:58:18.189+0000] {processor.py:640} INFO - Processing file /home/airflow/.local/lib/python3.7/site-packages/airflow/example_dags/tutorial.py for tasks to queue
[2022-09-15T16:58:18.191+0000] {logging_mixin.py:115} INFO - [2022-09-15T16:58:18.191+0000] {dagbag.py:508} INFO - Filling up the DagBag from /home/airflow/.local/lib/python3.7/site-packages/airflow/example_dags/tutorial.py
[2022-09-15T16:58:18.198+0000] {processor.py:650} INFO - DAG(s) dict_keys(['tutorial']) retrieved from /home/airflow/.local/lib/python3.7/site-packages/airflow/example_dags/tutorial.py
[2022-09-15T16:58:18.216+0000] {logging_mixin.py:115} INFO - [2022-09-15T16:58:18.216+0000] {dag.py:2429} INFO - Sync 1 DAGs
[2022-09-15T16:58:18.231+0000] {logging_mixin.py:115} INFO - [2022-09-15T16:58:18.231+0000] {dag.py:2981} INFO - Setting next_dagrun for tutorial to 2022-09-14T16:58:18.231532+00:00, run_after=2022-09-15T16:58:18.231532+00:00
[2022-09-15T16:58:18.240+0000] {processor.py:161} INFO - Processing /home/airflow/.local/lib/python3.7/site-packages/airflow/example_dags/tutorial.py took 0.056 seconds
[2022-09-15T16:58:49.302+0000] {processor.py:153} INFO - Started process (PID=2017) to work on /home/airflow/.local/lib/python3.7/site-packages/airflow/example_dags/tutorial.py
[2022-09-15T16:58:49.309+0000] {processor.py:640} INFO - Processing file /home/airflow/.local/lib/python3.7/site-packages/airflow/example_dags/tutorial.py for tasks to queue
[2022-09-15T16:58:49.310+0000] {logging_mixin.py:115} INFO - [2022-09-15T16:58:49.310+0000] {dagbag.py:508} INFO - Filling up the DagBag from /home/airflow/.local/lib/python3.7/site-packages/airflow/example_dags/tutorial.py
[2022-09-15T16:58:49.314+0000] {processor.py:650} INFO - DAG(s) dict_keys(['tutorial']) retrieved from /home/airflow/.local/lib/python3.7/site-packages/airflow/example_dags/tutorial.py
[2022-09-15T16:58:49.335+0000] {logging_mixin.py:115} INFO - [2022-09-15T16:58:49.335+0000] {dag.py:2429} INFO - Sync 1 DAGs
[2022-09-15T16:58:49.352+0000] {logging_mixin.py:115} INFO - [2022-09-15T16:58:49.352+0000] {dag.py:2981} INFO - Setting next_dagrun for tutorial to 2022-09-14T16:58:49.351794+00:00, run_after=2022-09-15T16:58:49.351794+00:00
[2022-09-15T16:58:49.362+0000] {processor.py:161} INFO - Processing /home/airflow/.local/lib/python3.7/site-packages/airflow/example_dags/tutorial.py took 0.062 seconds
[2022-09-15T16:59:19.446+0000] {processor.py:153} INFO - Started process (PID=2086) to work on /home/airflow/.local/lib/python3.7/site-packages/airflow/example_dags/tutorial.py
[2022-09-15T16:59:19.448+0000] {processor.py:640} INFO - Processing file /home/airflow/.local/lib/python3.7/site-packages/airflow/example_dags/tutorial.py for tasks to queue
[2022-09-15T16:59:19.450+0000] {logging_mixin.py:115} INFO - [2022-09-15T16:59:19.450+0000] {dagbag.py:508} INFO - Filling up the DagBag from /home/airflow/.local/lib/python3.7/site-packages/airflow/example_dags/tutorial.py
[2022-09-15T16:59:19.454+0000] {processor.py:650} INFO - DAG(s) dict_keys(['tutorial']) retrieved from /home/airflow/.local/lib/python3.7/site-packages/airflow/example_dags/tutorial.py
[2022-09-15T16:59:19.474+0000] {logging_mixin.py:115} INFO - [2022-09-15T16:59:19.474+0000] {dag.py:2429} INFO - Sync 1 DAGs
[2022-09-15T16:59:19.489+0000] {logging_mixin.py:115} INFO - [2022-09-15T16:59:19.489+0000] {dag.py:2981} INFO - Setting next_dagrun for tutorial to 2022-09-14T16:59:19.489509+00:00, run_after=2022-09-15T16:59:19.489509+00:00
[2022-09-15T16:59:19.500+0000] {processor.py:161} INFO - Processing /home/airflow/.local/lib/python3.7/site-packages/airflow/example_dags/tutorial.py took 0.056 seconds
[2022-09-15T16:59:50.463+0000] {processor.py:153} INFO - Started process (PID=2153) to work on /home/airflow/.local/lib/python3.7/site-packages/airflow/example_dags/tutorial.py
[2022-09-15T16:59:50.466+0000] {processor.py:640} INFO - Processing file /home/airflow/.local/lib/python3.7/site-packages/airflow/example_dags/tutorial.py for tasks to queue
[2022-09-15T16:59:50.467+0000] {logging_mixin.py:115} INFO - [2022-09-15T16:59:50.467+0000] {dagbag.py:508} INFO - Filling up the DagBag from /home/airflow/.local/lib/python3.7/site-packages/airflow/example_dags/tutorial.py
[2022-09-15T16:59:50.471+0000] {processor.py:650} INFO - DAG(s) dict_keys(['tutorial']) retrieved from /home/airflow/.local/lib/python3.7/site-packages/airflow/example_dags/tutorial.py
[2022-09-15T16:59:50.489+0000] {logging_mixin.py:115} INFO - [2022-09-15T16:59:50.489+0000] {dag.py:2429} INFO - Sync 1 DAGs
[2022-09-15T16:59:50.504+0000] {logging_mixin.py:115} INFO - [2022-09-15T16:59:50.504+0000] {dag.py:2981} INFO - Setting next_dagrun for tutorial to 2022-09-14T16:59:50.504323+00:00, run_after=2022-09-15T16:59:50.504323+00:00
[2022-09-15T16:59:50.513+0000] {processor.py:161} INFO - Processing /home/airflow/.local/lib/python3.7/site-packages/airflow/example_dags/tutorial.py took 0.052 seconds
[2022-09-15T17:00:21.515+0000] {processor.py:153} INFO - Started process (PID=2213) to work on /home/airflow/.local/lib/python3.7/site-packages/airflow/example_dags/tutorial.py
[2022-09-15T17:00:21.517+0000] {processor.py:640} INFO - Processing file /home/airflow/.local/lib/python3.7/site-packages/airflow/example_dags/tutorial.py for tasks to queue
[2022-09-15T17:00:21.518+0000] {logging_mixin.py:115} INFO - [2022-09-15T17:00:21.518+0000] {dagbag.py:508} INFO - Filling up the DagBag from /home/airflow/.local/lib/python3.7/site-packages/airflow/example_dags/tutorial.py
[2022-09-15T17:00:21.523+0000] {processor.py:650} INFO - DAG(s) dict_keys(['tutorial']) retrieved from /home/airflow/.local/lib/python3.7/site-packages/airflow/example_dags/tutorial.py
[2022-09-15T17:00:21.541+0000] {logging_mixin.py:115} INFO - [2022-09-15T17:00:21.541+0000] {dag.py:2429} INFO - Sync 1 DAGs
[2022-09-15T17:00:21.555+0000] {logging_mixin.py:115} INFO - [2022-09-15T17:00:21.555+0000] {dag.py:2981} INFO - Setting next_dagrun for tutorial to 2022-09-14T17:00:21.555121+00:00, run_after=2022-09-15T17:00:21.555121+00:00
[2022-09-15T17:00:21.565+0000] {processor.py:161} INFO - Processing /home/airflow/.local/lib/python3.7/site-packages/airflow/example_dags/tutorial.py took 0.053 seconds
[2022-09-15T17:00:51.726+0000] {processor.py:153} INFO - Started process (PID=2285) to work on /home/airflow/.local/lib/python3.7/site-packages/airflow/example_dags/tutorial.py
[2022-09-15T17:00:51.727+0000] {processor.py:640} INFO - Processing file /home/airflow/.local/lib/python3.7/site-packages/airflow/example_dags/tutorial.py for tasks to queue
[2022-09-15T17:00:51.729+0000] {logging_mixin.py:115} INFO - [2022-09-15T17:00:51.728+0000] {dagbag.py:508} INFO - Filling up the DagBag from /home/airflow/.local/lib/python3.7/site-packages/airflow/example_dags/tutorial.py
[2022-09-15T17:00:51.733+0000] {processor.py:650} INFO - DAG(s) dict_keys(['tutorial']) retrieved from /home/airflow/.local/lib/python3.7/site-packages/airflow/example_dags/tutorial.py
[2022-09-15T17:00:51.752+0000] {logging_mixin.py:115} INFO - [2022-09-15T17:00:51.752+0000] {dag.py:2429} INFO - Sync 1 DAGs
[2022-09-15T17:00:51.767+0000] {logging_mixin.py:115} INFO - [2022-09-15T17:00:51.767+0000] {dag.py:2981} INFO - Setting next_dagrun for tutorial to 2022-09-14T17:00:51.766847+00:00, run_after=2022-09-15T17:00:51.766847+00:00
[2022-09-15T17:00:51.784+0000] {processor.py:161} INFO - Processing /home/airflow/.local/lib/python3.7/site-packages/airflow/example_dags/tutorial.py took 0.061 seconds
[2022-09-15T17:01:21.877+0000] {processor.py:153} INFO - Started process (PID=2349) to work on /home/airflow/.local/lib/python3.7/site-packages/airflow/example_dags/tutorial.py
[2022-09-15T17:01:21.878+0000] {processor.py:640} INFO - Processing file /home/airflow/.local/lib/python3.7/site-packages/airflow/example_dags/tutorial.py for tasks to queue
[2022-09-15T17:01:21.880+0000] {logging_mixin.py:115} INFO - [2022-09-15T17:01:21.879+0000] {dagbag.py:508} INFO - Filling up the DagBag from /home/airflow/.local/lib/python3.7/site-packages/airflow/example_dags/tutorial.py
[2022-09-15T17:01:21.884+0000] {processor.py:650} INFO - DAG(s) dict_keys(['tutorial']) retrieved from /home/airflow/.local/lib/python3.7/site-packages/airflow/example_dags/tutorial.py
[2022-09-15T17:01:21.903+0000] {logging_mixin.py:115} INFO - [2022-09-15T17:01:21.903+0000] {dag.py:2429} INFO - Sync 1 DAGs
[2022-09-15T17:01:21.916+0000] {logging_mixin.py:115} INFO - [2022-09-15T17:01:21.916+0000] {dag.py:2981} INFO - Setting next_dagrun for tutorial to 2022-09-14T17:01:21.916716+00:00, run_after=2022-09-15T17:01:21.916716+00:00
[2022-09-15T17:01:21.926+0000] {processor.py:161} INFO - Processing /home/airflow/.local/lib/python3.7/site-packages/airflow/example_dags/tutorial.py took 0.052 seconds
[2022-09-15T17:01:52.771+0000] {processor.py:153} INFO - Started process (PID=2418) to work on /home/airflow/.local/lib/python3.7/site-packages/airflow/example_dags/tutorial.py
[2022-09-15T17:01:52.779+0000] {processor.py:640} INFO - Processing file /home/airflow/.local/lib/python3.7/site-packages/airflow/example_dags/tutorial.py for tasks to queue
[2022-09-15T17:01:52.781+0000] {logging_mixin.py:115} INFO - [2022-09-15T17:01:52.780+0000] {dagbag.py:508} INFO - Filling up the DagBag from /home/airflow/.local/lib/python3.7/site-packages/airflow/example_dags/tutorial.py
[2022-09-15T17:01:52.788+0000] {processor.py:650} INFO - DAG(s) dict_keys(['tutorial']) retrieved from /home/airflow/.local/lib/python3.7/site-packages/airflow/example_dags/tutorial.py
[2022-09-15T17:01:52.811+0000] {logging_mixin.py:115} INFO - [2022-09-15T17:01:52.811+0000] {dag.py:2429} INFO - Sync 1 DAGs
[2022-09-15T17:01:52.825+0000] {logging_mixin.py:115} INFO - [2022-09-15T17:01:52.825+0000] {dag.py:2981} INFO - Setting next_dagrun for tutorial to 2022-09-14T17:01:52.825388+00:00, run_after=2022-09-15T17:01:52.825388+00:00
[2022-09-15T17:01:52.835+0000] {processor.py:161} INFO - Processing /home/airflow/.local/lib/python3.7/site-packages/airflow/example_dags/tutorial.py took 0.066 seconds
[2022-09-15T17:02:23.048+0000] {processor.py:153} INFO - Started process (PID=2487) to work on /home/airflow/.local/lib/python3.7/site-packages/airflow/example_dags/tutorial.py
[2022-09-15T17:02:23.050+0000] {processor.py:640} INFO - Processing file /home/airflow/.local/lib/python3.7/site-packages/airflow/example_dags/tutorial.py for tasks to queue
[2022-09-15T17:02:23.051+0000] {logging_mixin.py:115} INFO - [2022-09-15T17:02:23.051+0000] {dagbag.py:508} INFO - Filling up the DagBag from /home/airflow/.local/lib/python3.7/site-packages/airflow/example_dags/tutorial.py
[2022-09-15T17:02:23.055+0000] {processor.py:650} INFO - DAG(s) dict_keys(['tutorial']) retrieved from /home/airflow/.local/lib/python3.7/site-packages/airflow/example_dags/tutorial.py
[2022-09-15T17:02:23.078+0000] {logging_mixin.py:115} INFO - [2022-09-15T17:02:23.077+0000] {dag.py:2429} INFO - Sync 1 DAGs
[2022-09-15T17:02:23.097+0000] {logging_mixin.py:115} INFO - [2022-09-15T17:02:23.097+0000] {dag.py:2981} INFO - Setting next_dagrun for tutorial to 2022-09-14T17:02:23.096866+00:00, run_after=2022-09-15T17:02:23.096866+00:00
[2022-09-15T17:02:23.115+0000] {processor.py:161} INFO - Processing /home/airflow/.local/lib/python3.7/site-packages/airflow/example_dags/tutorial.py took 0.070 seconds
[2022-09-15T17:02:53.296+0000] {processor.py:153} INFO - Started process (PID=2545) to work on /home/airflow/.local/lib/python3.7/site-packages/airflow/example_dags/tutorial.py
[2022-09-15T17:02:53.298+0000] {processor.py:640} INFO - Processing file /home/airflow/.local/lib/python3.7/site-packages/airflow/example_dags/tutorial.py for tasks to queue
[2022-09-15T17:02:53.299+0000] {logging_mixin.py:115} INFO - [2022-09-15T17:02:53.299+0000] {dagbag.py:508} INFO - Filling up the DagBag from /home/airflow/.local/lib/python3.7/site-packages/airflow/example_dags/tutorial.py
[2022-09-15T17:02:53.304+0000] {processor.py:650} INFO - DAG(s) dict_keys(['tutorial']) retrieved from /home/airflow/.local/lib/python3.7/site-packages/airflow/example_dags/tutorial.py
[2022-09-15T17:02:53.331+0000] {logging_mixin.py:115} INFO - [2022-09-15T17:02:53.330+0000] {dag.py:2429} INFO - Sync 1 DAGs
[2022-09-15T17:02:53.349+0000] {logging_mixin.py:115} INFO - [2022-09-15T17:02:53.349+0000] {dag.py:2981} INFO - Setting next_dagrun for tutorial to 2022-09-14T17:02:53.349402+00:00, run_after=2022-09-15T17:02:53.349402+00:00
[2022-09-15T17:02:53.361+0000] {processor.py:161} INFO - Processing /home/airflow/.local/lib/python3.7/site-packages/airflow/example_dags/tutorial.py took 0.067 seconds
[2022-09-15T17:03:23.434+0000] {processor.py:153} INFO - Started process (PID=2615) to work on /home/airflow/.local/lib/python3.7/site-packages/airflow/example_dags/tutorial.py
[2022-09-15T17:03:23.437+0000] {processor.py:640} INFO - Processing file /home/airflow/.local/lib/python3.7/site-packages/airflow/example_dags/tutorial.py for tasks to queue
[2022-09-15T17:03:23.438+0000] {logging_mixin.py:115} INFO - [2022-09-15T17:03:23.438+0000] {dagbag.py:508} INFO - Filling up the DagBag from /home/airflow/.local/lib/python3.7/site-packages/airflow/example_dags/tutorial.py
[2022-09-15T17:03:23.444+0000] {processor.py:650} INFO - DAG(s) dict_keys(['tutorial']) retrieved from /home/airflow/.local/lib/python3.7/site-packages/airflow/example_dags/tutorial.py
[2022-09-15T17:03:23.464+0000] {logging_mixin.py:115} INFO - [2022-09-15T17:03:23.464+0000] {dag.py:2429} INFO - Sync 1 DAGs
[2022-09-15T17:03:23.480+0000] {logging_mixin.py:115} INFO - [2022-09-15T17:03:23.479+0000] {dag.py:2981} INFO - Setting next_dagrun for tutorial to 2022-09-14T17:03:23.479838+00:00, run_after=2022-09-15T17:03:23.479838+00:00
[2022-09-15T17:03:23.501+0000] {processor.py:161} INFO - Processing /home/airflow/.local/lib/python3.7/site-packages/airflow/example_dags/tutorial.py took 0.070 seconds
[2022-09-15T17:03:53.679+0000] {processor.py:153} INFO - Started process (PID=2683) to work on /home/airflow/.local/lib/python3.7/site-packages/airflow/example_dags/tutorial.py
[2022-09-15T17:03:53.681+0000] {processor.py:640} INFO - Processing file /home/airflow/.local/lib/python3.7/site-packages/airflow/example_dags/tutorial.py for tasks to queue
[2022-09-15T17:03:53.682+0000] {logging_mixin.py:115} INFO - [2022-09-15T17:03:53.682+0000] {dagbag.py:508} INFO - Filling up the DagBag from /home/airflow/.local/lib/python3.7/site-packages/airflow/example_dags/tutorial.py
[2022-09-15T17:03:53.687+0000] {processor.py:650} INFO - DAG(s) dict_keys(['tutorial']) retrieved from /home/airflow/.local/lib/python3.7/site-packages/airflow/example_dags/tutorial.py
[2022-09-15T17:03:53.707+0000] {logging_mixin.py:115} INFO - [2022-09-15T17:03:53.707+0000] {dag.py:2429} INFO - Sync 1 DAGs
[2022-09-15T17:03:53.720+0000] {logging_mixin.py:115} INFO - [2022-09-15T17:03:53.720+0000] {dag.py:2981} INFO - Setting next_dagrun for tutorial to 2022-09-14T17:03:53.720418+00:00, run_after=2022-09-15T17:03:53.720418+00:00
[2022-09-15T17:03:53.730+0000] {processor.py:161} INFO - Processing /home/airflow/.local/lib/python3.7/site-packages/airflow/example_dags/tutorial.py took 0.053 seconds
[2022-09-15T17:04:23.907+0000] {processor.py:153} INFO - Started process (PID=2751) to work on /home/airflow/.local/lib/python3.7/site-packages/airflow/example_dags/tutorial.py
[2022-09-15T17:04:23.910+0000] {processor.py:640} INFO - Processing file /home/airflow/.local/lib/python3.7/site-packages/airflow/example_dags/tutorial.py for tasks to queue
[2022-09-15T17:04:23.911+0000] {logging_mixin.py:115} INFO - [2022-09-15T17:04:23.911+0000] {dagbag.py:508} INFO - Filling up the DagBag from /home/airflow/.local/lib/python3.7/site-packages/airflow/example_dags/tutorial.py
[2022-09-15T17:04:23.916+0000] {processor.py:650} INFO - DAG(s) dict_keys(['tutorial']) retrieved from /home/airflow/.local/lib/python3.7/site-packages/airflow/example_dags/tutorial.py
[2022-09-15T17:04:23.938+0000] {logging_mixin.py:115} INFO - [2022-09-15T17:04:23.938+0000] {dag.py:2429} INFO - Sync 1 DAGs
[2022-09-15T17:04:23.953+0000] {logging_mixin.py:115} INFO - [2022-09-15T17:04:23.953+0000] {dag.py:2981} INFO - Setting next_dagrun for tutorial to 2022-09-14T17:04:23.953707+00:00, run_after=2022-09-15T17:04:23.953707+00:00
[2022-09-15T17:04:23.969+0000] {processor.py:161} INFO - Processing /home/airflow/.local/lib/python3.7/site-packages/airflow/example_dags/tutorial.py took 0.064 seconds
[2022-09-15T17:04:54.970+0000] {processor.py:153} INFO - Started process (PID=2807) to work on /home/airflow/.local/lib/python3.7/site-packages/airflow/example_dags/tutorial.py
[2022-09-15T17:04:54.979+0000] {processor.py:640} INFO - Processing file /home/airflow/.local/lib/python3.7/site-packages/airflow/example_dags/tutorial.py for tasks to queue
[2022-09-15T17:04:54.981+0000] {logging_mixin.py:115} INFO - [2022-09-15T17:04:54.980+0000] {dagbag.py:508} INFO - Filling up the DagBag from /home/airflow/.local/lib/python3.7/site-packages/airflow/example_dags/tutorial.py
[2022-09-15T17:04:54.988+0000] {processor.py:650} INFO - DAG(s) dict_keys(['tutorial']) retrieved from /home/airflow/.local/lib/python3.7/site-packages/airflow/example_dags/tutorial.py
[2022-09-15T17:04:55.014+0000] {logging_mixin.py:115} INFO - [2022-09-15T17:04:55.014+0000] {dag.py:2429} INFO - Sync 1 DAGs
[2022-09-15T17:04:55.035+0000] {logging_mixin.py:115} INFO - [2022-09-15T17:04:55.035+0000] {dag.py:2981} INFO - Setting next_dagrun for tutorial to 2022-09-14T17:04:55.035551+00:00, run_after=2022-09-15T17:04:55.035551+00:00
[2022-09-15T17:04:55.048+0000] {processor.py:161} INFO - Processing /home/airflow/.local/lib/python3.7/site-packages/airflow/example_dags/tutorial.py took 0.081 seconds
