[2022-09-15T16:43:33.748+0000] {processor.py:153} INFO - Started process (PID=76) to work on /home/airflow/.local/lib/python3.7/site-packages/airflow/example_dags/tutorial_etl_dag.py
[2022-09-15T16:43:33.752+0000] {processor.py:640} INFO - Processing file /home/airflow/.local/lib/python3.7/site-packages/airflow/example_dags/tutorial_etl_dag.py for tasks to queue
[2022-09-15T16:43:33.754+0000] {logging_mixin.py:115} INFO - [2022-09-15T16:43:33.754+0000] {dagbag.py:508} INFO - Filling up the DagBag from /home/airflow/.local/lib/python3.7/site-packages/airflow/example_dags/tutorial_etl_dag.py
[2022-09-15T16:43:33.763+0000] {processor.py:650} INFO - DAG(s) dict_keys(['tutorial_etl_dag']) retrieved from /home/airflow/.local/lib/python3.7/site-packages/airflow/example_dags/tutorial_etl_dag.py
[2022-09-15T16:43:33.862+0000] {logging_mixin.py:115} INFO - [2022-09-15T16:43:33.862+0000] {manager.py:508} INFO - Created Permission View: can delete on DAG:tutorial_etl_dag
[2022-09-15T16:43:33.884+0000] {logging_mixin.py:115} INFO - [2022-09-15T16:43:33.884+0000] {manager.py:508} INFO - Created Permission View: can read on DAG:tutorial_etl_dag
[2022-09-15T16:43:33.891+0000] {logging_mixin.py:115} INFO - [2022-09-15T16:43:33.890+0000] {manager.py:508} INFO - Created Permission View: can edit on DAG:tutorial_etl_dag
[2022-09-15T16:43:33.892+0000] {logging_mixin.py:115} INFO - [2022-09-15T16:43:33.892+0000] {dag.py:2429} INFO - Sync 1 DAGs
[2022-09-15T16:43:33.902+0000] {logging_mixin.py:115} INFO - [2022-09-15T16:43:33.902+0000] {dag.py:2448} INFO - Creating ORM DAG for tutorial_etl_dag
[2022-09-15T16:43:33.916+0000] {logging_mixin.py:115} INFO - [2022-09-15T16:43:33.916+0000] {dag.py:2981} INFO - Setting next_dagrun for tutorial_etl_dag to None, run_after=None
[2022-09-15T16:43:33.940+0000] {processor.py:161} INFO - Processing /home/airflow/.local/lib/python3.7/site-packages/airflow/example_dags/tutorial_etl_dag.py took 0.197 seconds
[2022-09-15T16:44:04.079+0000] {processor.py:153} INFO - Started process (PID=142) to work on /home/airflow/.local/lib/python3.7/site-packages/airflow/example_dags/tutorial_etl_dag.py
[2022-09-15T16:44:04.080+0000] {processor.py:640} INFO - Processing file /home/airflow/.local/lib/python3.7/site-packages/airflow/example_dags/tutorial_etl_dag.py for tasks to queue
[2022-09-15T16:44:04.081+0000] {logging_mixin.py:115} INFO - [2022-09-15T16:44:04.081+0000] {dagbag.py:508} INFO - Filling up the DagBag from /home/airflow/.local/lib/python3.7/site-packages/airflow/example_dags/tutorial_etl_dag.py
[2022-09-15T16:44:04.087+0000] {processor.py:650} INFO - DAG(s) dict_keys(['tutorial_etl_dag']) retrieved from /home/airflow/.local/lib/python3.7/site-packages/airflow/example_dags/tutorial_etl_dag.py
[2022-09-15T16:44:04.105+0000] {logging_mixin.py:115} INFO - [2022-09-15T16:44:04.105+0000] {dag.py:2429} INFO - Sync 1 DAGs
[2022-09-15T16:44:04.121+0000] {logging_mixin.py:115} INFO - [2022-09-15T16:44:04.121+0000] {dag.py:2981} INFO - Setting next_dagrun for tutorial_etl_dag to None, run_after=None
[2022-09-15T16:44:04.133+0000] {processor.py:161} INFO - Processing /home/airflow/.local/lib/python3.7/site-packages/airflow/example_dags/tutorial_etl_dag.py took 0.056 seconds
[2022-09-15T16:44:34.338+0000] {processor.py:153} INFO - Started process (PID=198) to work on /home/airflow/.local/lib/python3.7/site-packages/airflow/example_dags/tutorial_etl_dag.py
[2022-09-15T16:44:34.339+0000] {processor.py:640} INFO - Processing file /home/airflow/.local/lib/python3.7/site-packages/airflow/example_dags/tutorial_etl_dag.py for tasks to queue
[2022-09-15T16:44:34.341+0000] {logging_mixin.py:115} INFO - [2022-09-15T16:44:34.340+0000] {dagbag.py:508} INFO - Filling up the DagBag from /home/airflow/.local/lib/python3.7/site-packages/airflow/example_dags/tutorial_etl_dag.py
[2022-09-15T16:44:34.346+0000] {processor.py:650} INFO - DAG(s) dict_keys(['tutorial_etl_dag']) retrieved from /home/airflow/.local/lib/python3.7/site-packages/airflow/example_dags/tutorial_etl_dag.py
[2022-09-15T16:44:34.364+0000] {logging_mixin.py:115} INFO - [2022-09-15T16:44:34.364+0000] {dag.py:2429} INFO - Sync 1 DAGs
[2022-09-15T16:44:34.387+0000] {logging_mixin.py:115} INFO - [2022-09-15T16:44:34.387+0000] {dag.py:2981} INFO - Setting next_dagrun for tutorial_etl_dag to None, run_after=None
[2022-09-15T16:44:34.399+0000] {processor.py:161} INFO - Processing /home/airflow/.local/lib/python3.7/site-packages/airflow/example_dags/tutorial_etl_dag.py took 0.063 seconds
[2022-09-15T16:45:04.530+0000] {processor.py:153} INFO - Started process (PID=264) to work on /home/airflow/.local/lib/python3.7/site-packages/airflow/example_dags/tutorial_etl_dag.py
[2022-09-15T16:45:04.531+0000] {processor.py:640} INFO - Processing file /home/airflow/.local/lib/python3.7/site-packages/airflow/example_dags/tutorial_etl_dag.py for tasks to queue
[2022-09-15T16:45:04.532+0000] {logging_mixin.py:115} INFO - [2022-09-15T16:45:04.532+0000] {dagbag.py:508} INFO - Filling up the DagBag from /home/airflow/.local/lib/python3.7/site-packages/airflow/example_dags/tutorial_etl_dag.py
[2022-09-15T16:45:04.538+0000] {processor.py:650} INFO - DAG(s) dict_keys(['tutorial_etl_dag']) retrieved from /home/airflow/.local/lib/python3.7/site-packages/airflow/example_dags/tutorial_etl_dag.py
[2022-09-15T16:45:04.560+0000] {logging_mixin.py:115} INFO - [2022-09-15T16:45:04.560+0000] {dag.py:2429} INFO - Sync 1 DAGs
[2022-09-15T16:45:04.577+0000] {logging_mixin.py:115} INFO - [2022-09-15T16:45:04.576+0000] {dag.py:2981} INFO - Setting next_dagrun for tutorial_etl_dag to None, run_after=None
[2022-09-15T16:45:04.586+0000] {processor.py:161} INFO - Processing /home/airflow/.local/lib/python3.7/site-packages/airflow/example_dags/tutorial_etl_dag.py took 0.059 seconds
[2022-09-15T16:45:34.712+0000] {processor.py:153} INFO - Started process (PID=331) to work on /home/airflow/.local/lib/python3.7/site-packages/airflow/example_dags/tutorial_etl_dag.py
[2022-09-15T16:45:34.714+0000] {processor.py:640} INFO - Processing file /home/airflow/.local/lib/python3.7/site-packages/airflow/example_dags/tutorial_etl_dag.py for tasks to queue
[2022-09-15T16:45:34.715+0000] {logging_mixin.py:115} INFO - [2022-09-15T16:45:34.715+0000] {dagbag.py:508} INFO - Filling up the DagBag from /home/airflow/.local/lib/python3.7/site-packages/airflow/example_dags/tutorial_etl_dag.py
[2022-09-15T16:45:34.720+0000] {processor.py:650} INFO - DAG(s) dict_keys(['tutorial_etl_dag']) retrieved from /home/airflow/.local/lib/python3.7/site-packages/airflow/example_dags/tutorial_etl_dag.py
[2022-09-15T16:45:34.739+0000] {logging_mixin.py:115} INFO - [2022-09-15T16:45:34.739+0000] {dag.py:2429} INFO - Sync 1 DAGs
[2022-09-15T16:45:34.753+0000] {logging_mixin.py:115} INFO - [2022-09-15T16:45:34.753+0000] {dag.py:2981} INFO - Setting next_dagrun for tutorial_etl_dag to None, run_after=None
[2022-09-15T16:45:34.762+0000] {processor.py:161} INFO - Processing /home/airflow/.local/lib/python3.7/site-packages/airflow/example_dags/tutorial_etl_dag.py took 0.053 seconds
[2022-09-15T16:46:05.724+0000] {processor.py:153} INFO - Started process (PID=398) to work on /home/airflow/.local/lib/python3.7/site-packages/airflow/example_dags/tutorial_etl_dag.py
[2022-09-15T16:46:05.725+0000] {processor.py:640} INFO - Processing file /home/airflow/.local/lib/python3.7/site-packages/airflow/example_dags/tutorial_etl_dag.py for tasks to queue
[2022-09-15T16:46:05.727+0000] {logging_mixin.py:115} INFO - [2022-09-15T16:46:05.727+0000] {dagbag.py:508} INFO - Filling up the DagBag from /home/airflow/.local/lib/python3.7/site-packages/airflow/example_dags/tutorial_etl_dag.py
[2022-09-15T16:46:05.732+0000] {processor.py:650} INFO - DAG(s) dict_keys(['tutorial_etl_dag']) retrieved from /home/airflow/.local/lib/python3.7/site-packages/airflow/example_dags/tutorial_etl_dag.py
[2022-09-15T16:46:05.751+0000] {logging_mixin.py:115} INFO - [2022-09-15T16:46:05.751+0000] {dag.py:2429} INFO - Sync 1 DAGs
[2022-09-15T16:46:05.771+0000] {logging_mixin.py:115} INFO - [2022-09-15T16:46:05.770+0000] {dag.py:2981} INFO - Setting next_dagrun for tutorial_etl_dag to None, run_after=None
[2022-09-15T16:46:05.780+0000] {processor.py:161} INFO - Processing /home/airflow/.local/lib/python3.7/site-packages/airflow/example_dags/tutorial_etl_dag.py took 0.059 seconds
[2022-09-15T16:46:36.670+0000] {processor.py:153} INFO - Started process (PID=464) to work on /home/airflow/.local/lib/python3.7/site-packages/airflow/example_dags/tutorial_etl_dag.py
[2022-09-15T16:46:36.672+0000] {processor.py:640} INFO - Processing file /home/airflow/.local/lib/python3.7/site-packages/airflow/example_dags/tutorial_etl_dag.py for tasks to queue
[2022-09-15T16:46:36.674+0000] {logging_mixin.py:115} INFO - [2022-09-15T16:46:36.673+0000] {dagbag.py:508} INFO - Filling up the DagBag from /home/airflow/.local/lib/python3.7/site-packages/airflow/example_dags/tutorial_etl_dag.py
[2022-09-15T16:46:36.679+0000] {processor.py:650} INFO - DAG(s) dict_keys(['tutorial_etl_dag']) retrieved from /home/airflow/.local/lib/python3.7/site-packages/airflow/example_dags/tutorial_etl_dag.py
[2022-09-15T16:46:36.696+0000] {logging_mixin.py:115} INFO - [2022-09-15T16:46:36.696+0000] {dag.py:2429} INFO - Sync 1 DAGs
[2022-09-15T16:46:36.710+0000] {logging_mixin.py:115} INFO - [2022-09-15T16:46:36.710+0000] {dag.py:2981} INFO - Setting next_dagrun for tutorial_etl_dag to None, run_after=None
[2022-09-15T16:46:36.718+0000] {processor.py:161} INFO - Processing /home/airflow/.local/lib/python3.7/site-packages/airflow/example_dags/tutorial_etl_dag.py took 0.050 seconds
[2022-09-15T16:47:07.576+0000] {processor.py:153} INFO - Started process (PID=533) to work on /home/airflow/.local/lib/python3.7/site-packages/airflow/example_dags/tutorial_etl_dag.py
[2022-09-15T16:47:07.578+0000] {processor.py:640} INFO - Processing file /home/airflow/.local/lib/python3.7/site-packages/airflow/example_dags/tutorial_etl_dag.py for tasks to queue
[2022-09-15T16:47:07.579+0000] {logging_mixin.py:115} INFO - [2022-09-15T16:47:07.579+0000] {dagbag.py:508} INFO - Filling up the DagBag from /home/airflow/.local/lib/python3.7/site-packages/airflow/example_dags/tutorial_etl_dag.py
[2022-09-15T16:47:07.585+0000] {processor.py:650} INFO - DAG(s) dict_keys(['tutorial_etl_dag']) retrieved from /home/airflow/.local/lib/python3.7/site-packages/airflow/example_dags/tutorial_etl_dag.py
[2022-09-15T16:47:07.605+0000] {logging_mixin.py:115} INFO - [2022-09-15T16:47:07.604+0000] {dag.py:2429} INFO - Sync 1 DAGs
[2022-09-15T16:47:07.618+0000] {logging_mixin.py:115} INFO - [2022-09-15T16:47:07.618+0000] {dag.py:2981} INFO - Setting next_dagrun for tutorial_etl_dag to None, run_after=None
[2022-09-15T16:47:07.626+0000] {processor.py:161} INFO - Processing /home/airflow/.local/lib/python3.7/site-packages/airflow/example_dags/tutorial_etl_dag.py took 0.053 seconds
[2022-09-15T16:47:38.493+0000] {processor.py:153} INFO - Started process (PID=591) to work on /home/airflow/.local/lib/python3.7/site-packages/airflow/example_dags/tutorial_etl_dag.py
[2022-09-15T16:47:38.494+0000] {processor.py:640} INFO - Processing file /home/airflow/.local/lib/python3.7/site-packages/airflow/example_dags/tutorial_etl_dag.py for tasks to queue
[2022-09-15T16:47:38.496+0000] {logging_mixin.py:115} INFO - [2022-09-15T16:47:38.495+0000] {dagbag.py:508} INFO - Filling up the DagBag from /home/airflow/.local/lib/python3.7/site-packages/airflow/example_dags/tutorial_etl_dag.py
[2022-09-15T16:47:38.501+0000] {processor.py:650} INFO - DAG(s) dict_keys(['tutorial_etl_dag']) retrieved from /home/airflow/.local/lib/python3.7/site-packages/airflow/example_dags/tutorial_etl_dag.py
[2022-09-15T16:47:38.518+0000] {logging_mixin.py:115} INFO - [2022-09-15T16:47:38.518+0000] {dag.py:2429} INFO - Sync 1 DAGs
[2022-09-15T16:47:38.533+0000] {logging_mixin.py:115} INFO - [2022-09-15T16:47:38.533+0000] {dag.py:2981} INFO - Setting next_dagrun for tutorial_etl_dag to None, run_after=None
[2022-09-15T16:47:38.542+0000] {processor.py:161} INFO - Processing /home/airflow/.local/lib/python3.7/site-packages/airflow/example_dags/tutorial_etl_dag.py took 0.052 seconds
[2022-09-15T16:48:09.325+0000] {processor.py:153} INFO - Started process (PID=659) to work on /home/airflow/.local/lib/python3.7/site-packages/airflow/example_dags/tutorial_etl_dag.py
[2022-09-15T16:48:09.328+0000] {processor.py:640} INFO - Processing file /home/airflow/.local/lib/python3.7/site-packages/airflow/example_dags/tutorial_etl_dag.py for tasks to queue
[2022-09-15T16:48:09.329+0000] {logging_mixin.py:115} INFO - [2022-09-15T16:48:09.329+0000] {dagbag.py:508} INFO - Filling up the DagBag from /home/airflow/.local/lib/python3.7/site-packages/airflow/example_dags/tutorial_etl_dag.py
[2022-09-15T16:48:09.334+0000] {processor.py:650} INFO - DAG(s) dict_keys(['tutorial_etl_dag']) retrieved from /home/airflow/.local/lib/python3.7/site-packages/airflow/example_dags/tutorial_etl_dag.py
[2022-09-15T16:48:09.352+0000] {logging_mixin.py:115} INFO - [2022-09-15T16:48:09.352+0000] {dag.py:2429} INFO - Sync 1 DAGs
[2022-09-15T16:48:09.367+0000] {logging_mixin.py:115} INFO - [2022-09-15T16:48:09.367+0000] {dag.py:2981} INFO - Setting next_dagrun for tutorial_etl_dag to None, run_after=None
[2022-09-15T16:48:09.376+0000] {processor.py:161} INFO - Processing /home/airflow/.local/lib/python3.7/site-packages/airflow/example_dags/tutorial_etl_dag.py took 0.053 seconds
[2022-09-15T16:48:39.531+0000] {processor.py:153} INFO - Started process (PID=724) to work on /home/airflow/.local/lib/python3.7/site-packages/airflow/example_dags/tutorial_etl_dag.py
[2022-09-15T16:48:39.538+0000] {processor.py:640} INFO - Processing file /home/airflow/.local/lib/python3.7/site-packages/airflow/example_dags/tutorial_etl_dag.py for tasks to queue
[2022-09-15T16:48:39.555+0000] {logging_mixin.py:115} INFO - [2022-09-15T16:48:39.554+0000] {dagbag.py:508} INFO - Filling up the DagBag from /home/airflow/.local/lib/python3.7/site-packages/airflow/example_dags/tutorial_etl_dag.py
[2022-09-15T16:48:39.560+0000] {processor.py:650} INFO - DAG(s) dict_keys(['tutorial_etl_dag']) retrieved from /home/airflow/.local/lib/python3.7/site-packages/airflow/example_dags/tutorial_etl_dag.py
[2022-09-15T16:48:39.580+0000] {logging_mixin.py:115} INFO - [2022-09-15T16:48:39.580+0000] {dag.py:2429} INFO - Sync 1 DAGs
[2022-09-15T16:48:39.597+0000] {logging_mixin.py:115} INFO - [2022-09-15T16:48:39.597+0000] {dag.py:2981} INFO - Setting next_dagrun for tutorial_etl_dag to None, run_after=None
[2022-09-15T16:48:39.612+0000] {processor.py:161} INFO - Processing /home/airflow/.local/lib/python3.7/site-packages/airflow/example_dags/tutorial_etl_dag.py took 0.084 seconds
[2022-09-15T16:49:10.550+0000] {processor.py:153} INFO - Started process (PID=790) to work on /home/airflow/.local/lib/python3.7/site-packages/airflow/example_dags/tutorial_etl_dag.py
[2022-09-15T16:49:10.552+0000] {processor.py:640} INFO - Processing file /home/airflow/.local/lib/python3.7/site-packages/airflow/example_dags/tutorial_etl_dag.py for tasks to queue
[2022-09-15T16:49:10.553+0000] {logging_mixin.py:115} INFO - [2022-09-15T16:49:10.553+0000] {dagbag.py:508} INFO - Filling up the DagBag from /home/airflow/.local/lib/python3.7/site-packages/airflow/example_dags/tutorial_etl_dag.py
[2022-09-15T16:49:10.559+0000] {processor.py:650} INFO - DAG(s) dict_keys(['tutorial_etl_dag']) retrieved from /home/airflow/.local/lib/python3.7/site-packages/airflow/example_dags/tutorial_etl_dag.py
[2022-09-15T16:49:10.577+0000] {logging_mixin.py:115} INFO - [2022-09-15T16:49:10.577+0000] {dag.py:2429} INFO - Sync 1 DAGs
[2022-09-15T16:49:10.590+0000] {logging_mixin.py:115} INFO - [2022-09-15T16:49:10.590+0000] {dag.py:2981} INFO - Setting next_dagrun for tutorial_etl_dag to None, run_after=None
[2022-09-15T16:49:10.599+0000] {processor.py:161} INFO - Processing /home/airflow/.local/lib/python3.7/site-packages/airflow/example_dags/tutorial_etl_dag.py took 0.052 seconds
[2022-09-15T16:49:40.778+0000] {processor.py:153} INFO - Started process (PID=857) to work on /home/airflow/.local/lib/python3.7/site-packages/airflow/example_dags/tutorial_etl_dag.py
[2022-09-15T16:49:40.781+0000] {processor.py:640} INFO - Processing file /home/airflow/.local/lib/python3.7/site-packages/airflow/example_dags/tutorial_etl_dag.py for tasks to queue
[2022-09-15T16:49:40.784+0000] {logging_mixin.py:115} INFO - [2022-09-15T16:49:40.783+0000] {dagbag.py:508} INFO - Filling up the DagBag from /home/airflow/.local/lib/python3.7/site-packages/airflow/example_dags/tutorial_etl_dag.py
[2022-09-15T16:49:40.790+0000] {processor.py:650} INFO - DAG(s) dict_keys(['tutorial_etl_dag']) retrieved from /home/airflow/.local/lib/python3.7/site-packages/airflow/example_dags/tutorial_etl_dag.py
[2022-09-15T16:49:40.824+0000] {logging_mixin.py:115} INFO - [2022-09-15T16:49:40.824+0000] {dag.py:2429} INFO - Sync 1 DAGs
[2022-09-15T16:49:40.840+0000] {logging_mixin.py:115} INFO - [2022-09-15T16:49:40.840+0000] {dag.py:2981} INFO - Setting next_dagrun for tutorial_etl_dag to None, run_after=None
[2022-09-15T16:49:40.852+0000] {processor.py:161} INFO - Processing /home/airflow/.local/lib/python3.7/site-packages/airflow/example_dags/tutorial_etl_dag.py took 0.076 seconds
[2022-09-15T16:50:10.946+0000] {processor.py:153} INFO - Started process (PID=925) to work on /home/airflow/.local/lib/python3.7/site-packages/airflow/example_dags/tutorial_etl_dag.py
[2022-09-15T16:50:10.947+0000] {processor.py:640} INFO - Processing file /home/airflow/.local/lib/python3.7/site-packages/airflow/example_dags/tutorial_etl_dag.py for tasks to queue
[2022-09-15T16:50:10.948+0000] {logging_mixin.py:115} INFO - [2022-09-15T16:50:10.948+0000] {dagbag.py:508} INFO - Filling up the DagBag from /home/airflow/.local/lib/python3.7/site-packages/airflow/example_dags/tutorial_etl_dag.py
[2022-09-15T16:50:10.954+0000] {processor.py:650} INFO - DAG(s) dict_keys(['tutorial_etl_dag']) retrieved from /home/airflow/.local/lib/python3.7/site-packages/airflow/example_dags/tutorial_etl_dag.py
[2022-09-15T16:50:10.974+0000] {logging_mixin.py:115} INFO - [2022-09-15T16:50:10.974+0000] {dag.py:2429} INFO - Sync 1 DAGs
[2022-09-15T16:50:10.991+0000] {logging_mixin.py:115} INFO - [2022-09-15T16:50:10.991+0000] {dag.py:2981} INFO - Setting next_dagrun for tutorial_etl_dag to None, run_after=None
[2022-09-15T16:50:11.001+0000] {processor.py:161} INFO - Processing /home/airflow/.local/lib/python3.7/site-packages/airflow/example_dags/tutorial_etl_dag.py took 0.058 seconds
[2022-09-15T16:50:41.866+0000] {processor.py:153} INFO - Started process (PID=983) to work on /home/airflow/.local/lib/python3.7/site-packages/airflow/example_dags/tutorial_etl_dag.py
[2022-09-15T16:50:41.871+0000] {processor.py:640} INFO - Processing file /home/airflow/.local/lib/python3.7/site-packages/airflow/example_dags/tutorial_etl_dag.py for tasks to queue
[2022-09-15T16:50:41.874+0000] {logging_mixin.py:115} INFO - [2022-09-15T16:50:41.874+0000] {dagbag.py:508} INFO - Filling up the DagBag from /home/airflow/.local/lib/python3.7/site-packages/airflow/example_dags/tutorial_etl_dag.py
[2022-09-15T16:50:41.893+0000] {processor.py:650} INFO - DAG(s) dict_keys(['tutorial_etl_dag']) retrieved from /home/airflow/.local/lib/python3.7/site-packages/airflow/example_dags/tutorial_etl_dag.py
[2022-09-15T16:50:41.920+0000] {logging_mixin.py:115} INFO - [2022-09-15T16:50:41.920+0000] {dag.py:2429} INFO - Sync 1 DAGs
[2022-09-15T16:50:41.938+0000] {logging_mixin.py:115} INFO - [2022-09-15T16:50:41.938+0000] {dag.py:2981} INFO - Setting next_dagrun for tutorial_etl_dag to None, run_after=None
[2022-09-15T16:50:41.950+0000] {processor.py:161} INFO - Processing /home/airflow/.local/lib/python3.7/site-packages/airflow/example_dags/tutorial_etl_dag.py took 0.089 seconds
[2022-09-15T16:51:12.691+0000] {processor.py:153} INFO - Started process (PID=1049) to work on /home/airflow/.local/lib/python3.7/site-packages/airflow/example_dags/tutorial_etl_dag.py
[2022-09-15T16:51:12.693+0000] {processor.py:640} INFO - Processing file /home/airflow/.local/lib/python3.7/site-packages/airflow/example_dags/tutorial_etl_dag.py for tasks to queue
[2022-09-15T16:51:12.694+0000] {logging_mixin.py:115} INFO - [2022-09-15T16:51:12.694+0000] {dagbag.py:508} INFO - Filling up the DagBag from /home/airflow/.local/lib/python3.7/site-packages/airflow/example_dags/tutorial_etl_dag.py
[2022-09-15T16:51:12.699+0000] {processor.py:650} INFO - DAG(s) dict_keys(['tutorial_etl_dag']) retrieved from /home/airflow/.local/lib/python3.7/site-packages/airflow/example_dags/tutorial_etl_dag.py
[2022-09-15T16:51:12.720+0000] {logging_mixin.py:115} INFO - [2022-09-15T16:51:12.720+0000] {dag.py:2429} INFO - Sync 1 DAGs
[2022-09-15T16:51:12.742+0000] {logging_mixin.py:115} INFO - [2022-09-15T16:51:12.742+0000] {dag.py:2981} INFO - Setting next_dagrun for tutorial_etl_dag to None, run_after=None
[2022-09-15T16:51:12.753+0000] {processor.py:161} INFO - Processing /home/airflow/.local/lib/python3.7/site-packages/airflow/example_dags/tutorial_etl_dag.py took 0.064 seconds
[2022-09-15T16:51:43.721+0000] {processor.py:153} INFO - Started process (PID=1119) to work on /home/airflow/.local/lib/python3.7/site-packages/airflow/example_dags/tutorial_etl_dag.py
[2022-09-15T16:51:43.723+0000] {processor.py:640} INFO - Processing file /home/airflow/.local/lib/python3.7/site-packages/airflow/example_dags/tutorial_etl_dag.py for tasks to queue
[2022-09-15T16:51:43.724+0000] {logging_mixin.py:115} INFO - [2022-09-15T16:51:43.723+0000] {dagbag.py:508} INFO - Filling up the DagBag from /home/airflow/.local/lib/python3.7/site-packages/airflow/example_dags/tutorial_etl_dag.py
[2022-09-15T16:51:43.728+0000] {processor.py:650} INFO - DAG(s) dict_keys(['tutorial_etl_dag']) retrieved from /home/airflow/.local/lib/python3.7/site-packages/airflow/example_dags/tutorial_etl_dag.py
[2022-09-15T16:51:43.747+0000] {logging_mixin.py:115} INFO - [2022-09-15T16:51:43.747+0000] {dag.py:2429} INFO - Sync 1 DAGs
[2022-09-15T16:51:43.762+0000] {logging_mixin.py:115} INFO - [2022-09-15T16:51:43.762+0000] {dag.py:2981} INFO - Setting next_dagrun for tutorial_etl_dag to None, run_after=None
[2022-09-15T16:51:43.771+0000] {processor.py:161} INFO - Processing /home/airflow/.local/lib/python3.7/site-packages/airflow/example_dags/tutorial_etl_dag.py took 0.052 seconds
[2022-09-15T16:52:14.675+0000] {processor.py:153} INFO - Started process (PID=1184) to work on /home/airflow/.local/lib/python3.7/site-packages/airflow/example_dags/tutorial_etl_dag.py
[2022-09-15T16:52:14.676+0000] {processor.py:640} INFO - Processing file /home/airflow/.local/lib/python3.7/site-packages/airflow/example_dags/tutorial_etl_dag.py for tasks to queue
[2022-09-15T16:52:14.678+0000] {logging_mixin.py:115} INFO - [2022-09-15T16:52:14.678+0000] {dagbag.py:508} INFO - Filling up the DagBag from /home/airflow/.local/lib/python3.7/site-packages/airflow/example_dags/tutorial_etl_dag.py
[2022-09-15T16:52:14.684+0000] {processor.py:650} INFO - DAG(s) dict_keys(['tutorial_etl_dag']) retrieved from /home/airflow/.local/lib/python3.7/site-packages/airflow/example_dags/tutorial_etl_dag.py
[2022-09-15T16:52:14.703+0000] {logging_mixin.py:115} INFO - [2022-09-15T16:52:14.703+0000] {dag.py:2429} INFO - Sync 1 DAGs
[2022-09-15T16:52:14.719+0000] {logging_mixin.py:115} INFO - [2022-09-15T16:52:14.719+0000] {dag.py:2981} INFO - Setting next_dagrun for tutorial_etl_dag to None, run_after=None
[2022-09-15T16:52:14.729+0000] {processor.py:161} INFO - Processing /home/airflow/.local/lib/python3.7/site-packages/airflow/example_dags/tutorial_etl_dag.py took 0.057 seconds
[2022-09-15T16:52:45.758+0000] {processor.py:153} INFO - Started process (PID=1252) to work on /home/airflow/.local/lib/python3.7/site-packages/airflow/example_dags/tutorial_etl_dag.py
[2022-09-15T16:52:45.760+0000] {processor.py:640} INFO - Processing file /home/airflow/.local/lib/python3.7/site-packages/airflow/example_dags/tutorial_etl_dag.py for tasks to queue
[2022-09-15T16:52:45.761+0000] {logging_mixin.py:115} INFO - [2022-09-15T16:52:45.761+0000] {dagbag.py:508} INFO - Filling up the DagBag from /home/airflow/.local/lib/python3.7/site-packages/airflow/example_dags/tutorial_etl_dag.py
[2022-09-15T16:52:45.767+0000] {processor.py:650} INFO - DAG(s) dict_keys(['tutorial_etl_dag']) retrieved from /home/airflow/.local/lib/python3.7/site-packages/airflow/example_dags/tutorial_etl_dag.py
[2022-09-15T16:52:45.788+0000] {logging_mixin.py:115} INFO - [2022-09-15T16:52:45.788+0000] {dag.py:2429} INFO - Sync 1 DAGs
[2022-09-15T16:52:45.807+0000] {logging_mixin.py:115} INFO - [2022-09-15T16:52:45.807+0000] {dag.py:2981} INFO - Setting next_dagrun for tutorial_etl_dag to None, run_after=None
[2022-09-15T16:52:45.815+0000] {processor.py:161} INFO - Processing /home/airflow/.local/lib/python3.7/site-packages/airflow/example_dags/tutorial_etl_dag.py took 0.059 seconds
[2022-09-15T16:53:16.079+0000] {processor.py:153} INFO - Started process (PID=1320) to work on /home/airflow/.local/lib/python3.7/site-packages/airflow/example_dags/tutorial_etl_dag.py
[2022-09-15T16:53:16.081+0000] {processor.py:640} INFO - Processing file /home/airflow/.local/lib/python3.7/site-packages/airflow/example_dags/tutorial_etl_dag.py for tasks to queue
[2022-09-15T16:53:16.082+0000] {logging_mixin.py:115} INFO - [2022-09-15T16:53:16.082+0000] {dagbag.py:508} INFO - Filling up the DagBag from /home/airflow/.local/lib/python3.7/site-packages/airflow/example_dags/tutorial_etl_dag.py
[2022-09-15T16:53:16.090+0000] {processor.py:650} INFO - DAG(s) dict_keys(['tutorial_etl_dag']) retrieved from /home/airflow/.local/lib/python3.7/site-packages/airflow/example_dags/tutorial_etl_dag.py
[2022-09-15T16:53:16.116+0000] {logging_mixin.py:115} INFO - [2022-09-15T16:53:16.116+0000] {dag.py:2429} INFO - Sync 1 DAGs
[2022-09-15T16:53:16.136+0000] {logging_mixin.py:115} INFO - [2022-09-15T16:53:16.136+0000] {dag.py:2981} INFO - Setting next_dagrun for tutorial_etl_dag to None, run_after=None
[2022-09-15T16:53:16.148+0000] {processor.py:161} INFO - Processing /home/airflow/.local/lib/python3.7/site-packages/airflow/example_dags/tutorial_etl_dag.py took 0.072 seconds
[2022-09-15T16:53:46.259+0000] {processor.py:153} INFO - Started process (PID=1376) to work on /home/airflow/.local/lib/python3.7/site-packages/airflow/example_dags/tutorial_etl_dag.py
[2022-09-15T16:53:46.261+0000] {processor.py:640} INFO - Processing file /home/airflow/.local/lib/python3.7/site-packages/airflow/example_dags/tutorial_etl_dag.py for tasks to queue
[2022-09-15T16:53:46.263+0000] {logging_mixin.py:115} INFO - [2022-09-15T16:53:46.263+0000] {dagbag.py:508} INFO - Filling up the DagBag from /home/airflow/.local/lib/python3.7/site-packages/airflow/example_dags/tutorial_etl_dag.py
[2022-09-15T16:53:46.271+0000] {processor.py:650} INFO - DAG(s) dict_keys(['tutorial_etl_dag']) retrieved from /home/airflow/.local/lib/python3.7/site-packages/airflow/example_dags/tutorial_etl_dag.py
[2022-09-15T16:53:46.289+0000] {logging_mixin.py:115} INFO - [2022-09-15T16:53:46.289+0000] {dag.py:2429} INFO - Sync 1 DAGs
[2022-09-15T16:53:46.303+0000] {logging_mixin.py:115} INFO - [2022-09-15T16:53:46.303+0000] {dag.py:2981} INFO - Setting next_dagrun for tutorial_etl_dag to None, run_after=None
[2022-09-15T16:53:46.313+0000] {processor.py:161} INFO - Processing /home/airflow/.local/lib/python3.7/site-packages/airflow/example_dags/tutorial_etl_dag.py took 0.057 seconds
[2022-09-15T16:54:17.112+0000] {processor.py:153} INFO - Started process (PID=1445) to work on /home/airflow/.local/lib/python3.7/site-packages/airflow/example_dags/tutorial_etl_dag.py
[2022-09-15T16:54:17.114+0000] {processor.py:640} INFO - Processing file /home/airflow/.local/lib/python3.7/site-packages/airflow/example_dags/tutorial_etl_dag.py for tasks to queue
[2022-09-15T16:54:17.116+0000] {logging_mixin.py:115} INFO - [2022-09-15T16:54:17.116+0000] {dagbag.py:508} INFO - Filling up the DagBag from /home/airflow/.local/lib/python3.7/site-packages/airflow/example_dags/tutorial_etl_dag.py
[2022-09-15T16:54:17.121+0000] {processor.py:650} INFO - DAG(s) dict_keys(['tutorial_etl_dag']) retrieved from /home/airflow/.local/lib/python3.7/site-packages/airflow/example_dags/tutorial_etl_dag.py
[2022-09-15T16:54:17.140+0000] {logging_mixin.py:115} INFO - [2022-09-15T16:54:17.140+0000] {dag.py:2429} INFO - Sync 1 DAGs
[2022-09-15T16:54:17.153+0000] {logging_mixin.py:115} INFO - [2022-09-15T16:54:17.153+0000] {dag.py:2981} INFO - Setting next_dagrun for tutorial_etl_dag to None, run_after=None
[2022-09-15T16:54:17.165+0000] {processor.py:161} INFO - Processing /home/airflow/.local/lib/python3.7/site-packages/airflow/example_dags/tutorial_etl_dag.py took 0.055 seconds
[2022-09-15T16:54:48.177+0000] {processor.py:153} INFO - Started process (PID=1510) to work on /home/airflow/.local/lib/python3.7/site-packages/airflow/example_dags/tutorial_etl_dag.py
[2022-09-15T16:54:48.179+0000] {processor.py:640} INFO - Processing file /home/airflow/.local/lib/python3.7/site-packages/airflow/example_dags/tutorial_etl_dag.py for tasks to queue
[2022-09-15T16:54:48.180+0000] {logging_mixin.py:115} INFO - [2022-09-15T16:54:48.180+0000] {dagbag.py:508} INFO - Filling up the DagBag from /home/airflow/.local/lib/python3.7/site-packages/airflow/example_dags/tutorial_etl_dag.py
[2022-09-15T16:54:48.186+0000] {processor.py:650} INFO - DAG(s) dict_keys(['tutorial_etl_dag']) retrieved from /home/airflow/.local/lib/python3.7/site-packages/airflow/example_dags/tutorial_etl_dag.py
[2022-09-15T16:54:48.204+0000] {logging_mixin.py:115} INFO - [2022-09-15T16:54:48.204+0000] {dag.py:2429} INFO - Sync 1 DAGs
[2022-09-15T16:54:48.217+0000] {logging_mixin.py:115} INFO - [2022-09-15T16:54:48.217+0000] {dag.py:2981} INFO - Setting next_dagrun for tutorial_etl_dag to None, run_after=None
[2022-09-15T16:54:48.228+0000] {processor.py:161} INFO - Processing /home/airflow/.local/lib/python3.7/site-packages/airflow/example_dags/tutorial_etl_dag.py took 0.054 seconds
[2022-09-15T16:55:18.430+0000] {processor.py:153} INFO - Started process (PID=1578) to work on /home/airflow/.local/lib/python3.7/site-packages/airflow/example_dags/tutorial_etl_dag.py
[2022-09-15T16:55:18.431+0000] {processor.py:640} INFO - Processing file /home/airflow/.local/lib/python3.7/site-packages/airflow/example_dags/tutorial_etl_dag.py for tasks to queue
[2022-09-15T16:55:18.433+0000] {logging_mixin.py:115} INFO - [2022-09-15T16:55:18.433+0000] {dagbag.py:508} INFO - Filling up the DagBag from /home/airflow/.local/lib/python3.7/site-packages/airflow/example_dags/tutorial_etl_dag.py
[2022-09-15T16:55:18.438+0000] {processor.py:650} INFO - DAG(s) dict_keys(['tutorial_etl_dag']) retrieved from /home/airflow/.local/lib/python3.7/site-packages/airflow/example_dags/tutorial_etl_dag.py
[2022-09-15T16:55:18.458+0000] {logging_mixin.py:115} INFO - [2022-09-15T16:55:18.458+0000] {dag.py:2429} INFO - Sync 1 DAGs
[2022-09-15T16:55:18.472+0000] {logging_mixin.py:115} INFO - [2022-09-15T16:55:18.472+0000] {dag.py:2981} INFO - Setting next_dagrun for tutorial_etl_dag to None, run_after=None
[2022-09-15T16:55:18.482+0000] {processor.py:161} INFO - Processing /home/airflow/.local/lib/python3.7/site-packages/airflow/example_dags/tutorial_etl_dag.py took 0.055 seconds
[2022-09-15T16:55:48.646+0000] {processor.py:153} INFO - Started process (PID=1644) to work on /home/airflow/.local/lib/python3.7/site-packages/airflow/example_dags/tutorial_etl_dag.py
[2022-09-15T16:55:48.647+0000] {processor.py:640} INFO - Processing file /home/airflow/.local/lib/python3.7/site-packages/airflow/example_dags/tutorial_etl_dag.py for tasks to queue
[2022-09-15T16:55:48.649+0000] {logging_mixin.py:115} INFO - [2022-09-15T16:55:48.648+0000] {dagbag.py:508} INFO - Filling up the DagBag from /home/airflow/.local/lib/python3.7/site-packages/airflow/example_dags/tutorial_etl_dag.py
[2022-09-15T16:55:48.656+0000] {processor.py:650} INFO - DAG(s) dict_keys(['tutorial_etl_dag']) retrieved from /home/airflow/.local/lib/python3.7/site-packages/airflow/example_dags/tutorial_etl_dag.py
[2022-09-15T16:55:48.675+0000] {logging_mixin.py:115} INFO - [2022-09-15T16:55:48.674+0000] {dag.py:2429} INFO - Sync 1 DAGs
[2022-09-15T16:55:48.691+0000] {logging_mixin.py:115} INFO - [2022-09-15T16:55:48.690+0000] {dag.py:2981} INFO - Setting next_dagrun for tutorial_etl_dag to None, run_after=None
[2022-09-15T16:55:48.701+0000] {processor.py:161} INFO - Processing /home/airflow/.local/lib/python3.7/site-packages/airflow/example_dags/tutorial_etl_dag.py took 0.058 seconds
[2022-09-15T16:56:19.672+0000] {processor.py:153} INFO - Started process (PID=1704) to work on /home/airflow/.local/lib/python3.7/site-packages/airflow/example_dags/tutorial_etl_dag.py
[2022-09-15T16:56:19.675+0000] {processor.py:640} INFO - Processing file /home/airflow/.local/lib/python3.7/site-packages/airflow/example_dags/tutorial_etl_dag.py for tasks to queue
[2022-09-15T16:56:19.676+0000] {logging_mixin.py:115} INFO - [2022-09-15T16:56:19.676+0000] {dagbag.py:508} INFO - Filling up the DagBag from /home/airflow/.local/lib/python3.7/site-packages/airflow/example_dags/tutorial_etl_dag.py
[2022-09-15T16:56:19.682+0000] {processor.py:650} INFO - DAG(s) dict_keys(['tutorial_etl_dag']) retrieved from /home/airflow/.local/lib/python3.7/site-packages/airflow/example_dags/tutorial_etl_dag.py
[2022-09-15T16:56:19.701+0000] {logging_mixin.py:115} INFO - [2022-09-15T16:56:19.701+0000] {dag.py:2429} INFO - Sync 1 DAGs
[2022-09-15T16:56:19.719+0000] {logging_mixin.py:115} INFO - [2022-09-15T16:56:19.719+0000] {dag.py:2981} INFO - Setting next_dagrun for tutorial_etl_dag to None, run_after=None
[2022-09-15T16:56:19.730+0000] {processor.py:161} INFO - Processing /home/airflow/.local/lib/python3.7/site-packages/airflow/example_dags/tutorial_etl_dag.py took 0.061 seconds
[2022-09-15T16:56:50.701+0000] {processor.py:153} INFO - Started process (PID=1775) to work on /home/airflow/.local/lib/python3.7/site-packages/airflow/example_dags/tutorial_etl_dag.py
[2022-09-15T16:56:50.704+0000] {processor.py:640} INFO - Processing file /home/airflow/.local/lib/python3.7/site-packages/airflow/example_dags/tutorial_etl_dag.py for tasks to queue
[2022-09-15T16:56:50.706+0000] {logging_mixin.py:115} INFO - [2022-09-15T16:56:50.706+0000] {dagbag.py:508} INFO - Filling up the DagBag from /home/airflow/.local/lib/python3.7/site-packages/airflow/example_dags/tutorial_etl_dag.py
[2022-09-15T16:56:50.714+0000] {processor.py:650} INFO - DAG(s) dict_keys(['tutorial_etl_dag']) retrieved from /home/airflow/.local/lib/python3.7/site-packages/airflow/example_dags/tutorial_etl_dag.py
[2022-09-15T16:56:50.762+0000] {logging_mixin.py:115} INFO - [2022-09-15T16:56:50.761+0000] {dag.py:2429} INFO - Sync 1 DAGs
[2022-09-15T16:56:50.784+0000] {logging_mixin.py:115} INFO - [2022-09-15T16:56:50.784+0000] {dag.py:2981} INFO - Setting next_dagrun for tutorial_etl_dag to None, run_after=None
[2022-09-15T16:56:50.797+0000] {processor.py:161} INFO - Processing /home/airflow/.local/lib/python3.7/site-packages/airflow/example_dags/tutorial_etl_dag.py took 0.101 seconds
[2022-09-15T16:57:21.784+0000] {processor.py:153} INFO - Started process (PID=1840) to work on /home/airflow/.local/lib/python3.7/site-packages/airflow/example_dags/tutorial_etl_dag.py
[2022-09-15T16:57:21.786+0000] {processor.py:640} INFO - Processing file /home/airflow/.local/lib/python3.7/site-packages/airflow/example_dags/tutorial_etl_dag.py for tasks to queue
[2022-09-15T16:57:21.787+0000] {logging_mixin.py:115} INFO - [2022-09-15T16:57:21.787+0000] {dagbag.py:508} INFO - Filling up the DagBag from /home/airflow/.local/lib/python3.7/site-packages/airflow/example_dags/tutorial_etl_dag.py
[2022-09-15T16:57:21.795+0000] {processor.py:650} INFO - DAG(s) dict_keys(['tutorial_etl_dag']) retrieved from /home/airflow/.local/lib/python3.7/site-packages/airflow/example_dags/tutorial_etl_dag.py
[2022-09-15T16:57:21.817+0000] {logging_mixin.py:115} INFO - [2022-09-15T16:57:21.817+0000] {dag.py:2429} INFO - Sync 1 DAGs
[2022-09-15T16:57:21.832+0000] {logging_mixin.py:115} INFO - [2022-09-15T16:57:21.832+0000] {dag.py:2981} INFO - Setting next_dagrun for tutorial_etl_dag to None, run_after=None
[2022-09-15T16:57:21.842+0000] {processor.py:161} INFO - Processing /home/airflow/.local/lib/python3.7/site-packages/airflow/example_dags/tutorial_etl_dag.py took 0.062 seconds
[2022-09-15T16:57:52.052+0000] {processor.py:153} INFO - Started process (PID=1910) to work on /home/airflow/.local/lib/python3.7/site-packages/airflow/example_dags/tutorial_etl_dag.py
[2022-09-15T16:57:52.059+0000] {processor.py:640} INFO - Processing file /home/airflow/.local/lib/python3.7/site-packages/airflow/example_dags/tutorial_etl_dag.py for tasks to queue
[2022-09-15T16:57:52.063+0000] {logging_mixin.py:115} INFO - [2022-09-15T16:57:52.062+0000] {dagbag.py:508} INFO - Filling up the DagBag from /home/airflow/.local/lib/python3.7/site-packages/airflow/example_dags/tutorial_etl_dag.py
[2022-09-15T16:57:52.071+0000] {processor.py:650} INFO - DAG(s) dict_keys(['tutorial_etl_dag']) retrieved from /home/airflow/.local/lib/python3.7/site-packages/airflow/example_dags/tutorial_etl_dag.py
[2022-09-15T16:57:52.095+0000] {logging_mixin.py:115} INFO - [2022-09-15T16:57:52.095+0000] {dag.py:2429} INFO - Sync 1 DAGs
[2022-09-15T16:57:52.113+0000] {logging_mixin.py:115} INFO - [2022-09-15T16:57:52.112+0000] {dag.py:2981} INFO - Setting next_dagrun for tutorial_etl_dag to None, run_after=None
[2022-09-15T16:57:52.123+0000] {processor.py:161} INFO - Processing /home/airflow/.local/lib/python3.7/site-packages/airflow/example_dags/tutorial_etl_dag.py took 0.076 seconds
[2022-09-15T16:58:22.917+0000] {processor.py:153} INFO - Started process (PID=1977) to work on /home/airflow/.local/lib/python3.7/site-packages/airflow/example_dags/tutorial_etl_dag.py
[2022-09-15T16:58:22.919+0000] {processor.py:640} INFO - Processing file /home/airflow/.local/lib/python3.7/site-packages/airflow/example_dags/tutorial_etl_dag.py for tasks to queue
[2022-09-15T16:58:22.921+0000] {logging_mixin.py:115} INFO - [2022-09-15T16:58:22.921+0000] {dagbag.py:508} INFO - Filling up the DagBag from /home/airflow/.local/lib/python3.7/site-packages/airflow/example_dags/tutorial_etl_dag.py
[2022-09-15T16:58:22.927+0000] {processor.py:650} INFO - DAG(s) dict_keys(['tutorial_etl_dag']) retrieved from /home/airflow/.local/lib/python3.7/site-packages/airflow/example_dags/tutorial_etl_dag.py
[2022-09-15T16:58:22.949+0000] {logging_mixin.py:115} INFO - [2022-09-15T16:58:22.949+0000] {dag.py:2429} INFO - Sync 1 DAGs
[2022-09-15T16:58:22.966+0000] {logging_mixin.py:115} INFO - [2022-09-15T16:58:22.966+0000] {dag.py:2981} INFO - Setting next_dagrun for tutorial_etl_dag to None, run_after=None
[2022-09-15T16:58:22.975+0000] {processor.py:161} INFO - Processing /home/airflow/.local/lib/python3.7/site-packages/airflow/example_dags/tutorial_etl_dag.py took 0.062 seconds
[2022-09-15T16:58:53.183+0000] {processor.py:153} INFO - Started process (PID=2033) to work on /home/airflow/.local/lib/python3.7/site-packages/airflow/example_dags/tutorial_etl_dag.py
[2022-09-15T16:58:53.185+0000] {processor.py:640} INFO - Processing file /home/airflow/.local/lib/python3.7/site-packages/airflow/example_dags/tutorial_etl_dag.py for tasks to queue
[2022-09-15T16:58:53.187+0000] {logging_mixin.py:115} INFO - [2022-09-15T16:58:53.186+0000] {dagbag.py:508} INFO - Filling up the DagBag from /home/airflow/.local/lib/python3.7/site-packages/airflow/example_dags/tutorial_etl_dag.py
[2022-09-15T16:58:53.192+0000] {processor.py:650} INFO - DAG(s) dict_keys(['tutorial_etl_dag']) retrieved from /home/airflow/.local/lib/python3.7/site-packages/airflow/example_dags/tutorial_etl_dag.py
[2022-09-15T16:58:53.213+0000] {logging_mixin.py:115} INFO - [2022-09-15T16:58:53.213+0000] {dag.py:2429} INFO - Sync 1 DAGs
[2022-09-15T16:58:53.230+0000] {logging_mixin.py:115} INFO - [2022-09-15T16:58:53.230+0000] {dag.py:2981} INFO - Setting next_dagrun for tutorial_etl_dag to None, run_after=None
[2022-09-15T16:58:53.240+0000] {processor.py:161} INFO - Processing /home/airflow/.local/lib/python3.7/site-packages/airflow/example_dags/tutorial_etl_dag.py took 0.060 seconds
[2022-09-15T16:59:24.206+0000] {processor.py:153} INFO - Started process (PID=2102) to work on /home/airflow/.local/lib/python3.7/site-packages/airflow/example_dags/tutorial_etl_dag.py
[2022-09-15T16:59:24.208+0000] {processor.py:640} INFO - Processing file /home/airflow/.local/lib/python3.7/site-packages/airflow/example_dags/tutorial_etl_dag.py for tasks to queue
[2022-09-15T16:59:24.210+0000] {logging_mixin.py:115} INFO - [2022-09-15T16:59:24.210+0000] {dagbag.py:508} INFO - Filling up the DagBag from /home/airflow/.local/lib/python3.7/site-packages/airflow/example_dags/tutorial_etl_dag.py
[2022-09-15T16:59:24.216+0000] {processor.py:650} INFO - DAG(s) dict_keys(['tutorial_etl_dag']) retrieved from /home/airflow/.local/lib/python3.7/site-packages/airflow/example_dags/tutorial_etl_dag.py
[2022-09-15T16:59:24.236+0000] {logging_mixin.py:115} INFO - [2022-09-15T16:59:24.236+0000] {dag.py:2429} INFO - Sync 1 DAGs
[2022-09-15T16:59:24.250+0000] {logging_mixin.py:115} INFO - [2022-09-15T16:59:24.250+0000] {dag.py:2981} INFO - Setting next_dagrun for tutorial_etl_dag to None, run_after=None
[2022-09-15T16:59:24.259+0000] {processor.py:161} INFO - Processing /home/airflow/.local/lib/python3.7/site-packages/airflow/example_dags/tutorial_etl_dag.py took 0.059 seconds
[2022-09-15T16:59:55.224+0000] {processor.py:153} INFO - Started process (PID=2169) to work on /home/airflow/.local/lib/python3.7/site-packages/airflow/example_dags/tutorial_etl_dag.py
[2022-09-15T16:59:55.226+0000] {processor.py:640} INFO - Processing file /home/airflow/.local/lib/python3.7/site-packages/airflow/example_dags/tutorial_etl_dag.py for tasks to queue
[2022-09-15T16:59:55.228+0000] {logging_mixin.py:115} INFO - [2022-09-15T16:59:55.228+0000] {dagbag.py:508} INFO - Filling up the DagBag from /home/airflow/.local/lib/python3.7/site-packages/airflow/example_dags/tutorial_etl_dag.py
[2022-09-15T16:59:55.234+0000] {processor.py:650} INFO - DAG(s) dict_keys(['tutorial_etl_dag']) retrieved from /home/airflow/.local/lib/python3.7/site-packages/airflow/example_dags/tutorial_etl_dag.py
[2022-09-15T16:59:55.255+0000] {logging_mixin.py:115} INFO - [2022-09-15T16:59:55.255+0000] {dag.py:2429} INFO - Sync 1 DAGs
[2022-09-15T16:59:55.271+0000] {logging_mixin.py:115} INFO - [2022-09-15T16:59:55.271+0000] {dag.py:2981} INFO - Setting next_dagrun for tutorial_etl_dag to None, run_after=None
[2022-09-15T16:59:55.280+0000] {processor.py:161} INFO - Processing /home/airflow/.local/lib/python3.7/site-packages/airflow/example_dags/tutorial_etl_dag.py took 0.060 seconds
[2022-09-15T17:00:25.408+0000] {processor.py:153} INFO - Started process (PID=2242) to work on /home/airflow/.local/lib/python3.7/site-packages/airflow/example_dags/tutorial_etl_dag.py
[2022-09-15T17:00:25.410+0000] {processor.py:640} INFO - Processing file /home/airflow/.local/lib/python3.7/site-packages/airflow/example_dags/tutorial_etl_dag.py for tasks to queue
[2022-09-15T17:00:25.413+0000] {logging_mixin.py:115} INFO - [2022-09-15T17:00:25.413+0000] {dagbag.py:508} INFO - Filling up the DagBag from /home/airflow/.local/lib/python3.7/site-packages/airflow/example_dags/tutorial_etl_dag.py
[2022-09-15T17:00:25.421+0000] {processor.py:650} INFO - DAG(s) dict_keys(['tutorial_etl_dag']) retrieved from /home/airflow/.local/lib/python3.7/site-packages/airflow/example_dags/tutorial_etl_dag.py
[2022-09-15T17:00:25.443+0000] {logging_mixin.py:115} INFO - [2022-09-15T17:00:25.443+0000] {dag.py:2429} INFO - Sync 1 DAGs
[2022-09-15T17:00:25.459+0000] {logging_mixin.py:115} INFO - [2022-09-15T17:00:25.459+0000] {dag.py:2981} INFO - Setting next_dagrun for tutorial_etl_dag to None, run_after=None
[2022-09-15T17:00:25.469+0000] {processor.py:161} INFO - Processing /home/airflow/.local/lib/python3.7/site-packages/airflow/example_dags/tutorial_etl_dag.py took 0.065 seconds
[2022-09-15T17:00:55.599+0000] {processor.py:153} INFO - Started process (PID=2312) to work on /home/airflow/.local/lib/python3.7/site-packages/airflow/example_dags/tutorial_etl_dag.py
[2022-09-15T17:00:55.601+0000] {processor.py:640} INFO - Processing file /home/airflow/.local/lib/python3.7/site-packages/airflow/example_dags/tutorial_etl_dag.py for tasks to queue
[2022-09-15T17:00:55.603+0000] {logging_mixin.py:115} INFO - [2022-09-15T17:00:55.602+0000] {dagbag.py:508} INFO - Filling up the DagBag from /home/airflow/.local/lib/python3.7/site-packages/airflow/example_dags/tutorial_etl_dag.py
[2022-09-15T17:00:55.610+0000] {processor.py:650} INFO - DAG(s) dict_keys(['tutorial_etl_dag']) retrieved from /home/airflow/.local/lib/python3.7/site-packages/airflow/example_dags/tutorial_etl_dag.py
[2022-09-15T17:00:55.658+0000] {logging_mixin.py:115} INFO - [2022-09-15T17:00:55.658+0000] {dag.py:2429} INFO - Sync 1 DAGs
[2022-09-15T17:00:55.688+0000] {logging_mixin.py:115} INFO - [2022-09-15T17:00:55.688+0000] {dag.py:2981} INFO - Setting next_dagrun for tutorial_etl_dag to None, run_after=None
[2022-09-15T17:00:55.704+0000] {processor.py:161} INFO - Processing /home/airflow/.local/lib/python3.7/site-packages/airflow/example_dags/tutorial_etl_dag.py took 0.110 seconds
[2022-09-15T17:01:26.499+0000] {processor.py:153} INFO - Started process (PID=2365) to work on /home/airflow/.local/lib/python3.7/site-packages/airflow/example_dags/tutorial_etl_dag.py
[2022-09-15T17:01:26.501+0000] {processor.py:640} INFO - Processing file /home/airflow/.local/lib/python3.7/site-packages/airflow/example_dags/tutorial_etl_dag.py for tasks to queue
[2022-09-15T17:01:26.502+0000] {logging_mixin.py:115} INFO - [2022-09-15T17:01:26.502+0000] {dagbag.py:508} INFO - Filling up the DagBag from /home/airflow/.local/lib/python3.7/site-packages/airflow/example_dags/tutorial_etl_dag.py
[2022-09-15T17:01:26.508+0000] {processor.py:650} INFO - DAG(s) dict_keys(['tutorial_etl_dag']) retrieved from /home/airflow/.local/lib/python3.7/site-packages/airflow/example_dags/tutorial_etl_dag.py
[2022-09-15T17:01:26.528+0000] {logging_mixin.py:115} INFO - [2022-09-15T17:01:26.528+0000] {dag.py:2429} INFO - Sync 1 DAGs
[2022-09-15T17:01:26.542+0000] {logging_mixin.py:115} INFO - [2022-09-15T17:01:26.541+0000] {dag.py:2981} INFO - Setting next_dagrun for tutorial_etl_dag to None, run_after=None
[2022-09-15T17:01:26.550+0000] {processor.py:161} INFO - Processing /home/airflow/.local/lib/python3.7/site-packages/airflow/example_dags/tutorial_etl_dag.py took 0.056 seconds
[2022-09-15T17:01:56.866+0000] {processor.py:153} INFO - Started process (PID=2434) to work on /home/airflow/.local/lib/python3.7/site-packages/airflow/example_dags/tutorial_etl_dag.py
[2022-09-15T17:01:56.868+0000] {processor.py:640} INFO - Processing file /home/airflow/.local/lib/python3.7/site-packages/airflow/example_dags/tutorial_etl_dag.py for tasks to queue
[2022-09-15T17:01:56.870+0000] {logging_mixin.py:115} INFO - [2022-09-15T17:01:56.869+0000] {dagbag.py:508} INFO - Filling up the DagBag from /home/airflow/.local/lib/python3.7/site-packages/airflow/example_dags/tutorial_etl_dag.py
[2022-09-15T17:01:56.877+0000] {processor.py:650} INFO - DAG(s) dict_keys(['tutorial_etl_dag']) retrieved from /home/airflow/.local/lib/python3.7/site-packages/airflow/example_dags/tutorial_etl_dag.py
[2022-09-15T17:01:56.903+0000] {logging_mixin.py:115} INFO - [2022-09-15T17:01:56.903+0000] {dag.py:2429} INFO - Sync 1 DAGs
[2022-09-15T17:01:56.919+0000] {logging_mixin.py:115} INFO - [2022-09-15T17:01:56.919+0000] {dag.py:2981} INFO - Setting next_dagrun for tutorial_etl_dag to None, run_after=None
[2022-09-15T17:01:56.930+0000] {processor.py:161} INFO - Processing /home/airflow/.local/lib/python3.7/site-packages/airflow/example_dags/tutorial_etl_dag.py took 0.071 seconds
[2022-09-15T17:02:27.004+0000] {processor.py:153} INFO - Started process (PID=2503) to work on /home/airflow/.local/lib/python3.7/site-packages/airflow/example_dags/tutorial_etl_dag.py
[2022-09-15T17:02:27.006+0000] {processor.py:640} INFO - Processing file /home/airflow/.local/lib/python3.7/site-packages/airflow/example_dags/tutorial_etl_dag.py for tasks to queue
[2022-09-15T17:02:27.007+0000] {logging_mixin.py:115} INFO - [2022-09-15T17:02:27.007+0000] {dagbag.py:508} INFO - Filling up the DagBag from /home/airflow/.local/lib/python3.7/site-packages/airflow/example_dags/tutorial_etl_dag.py
[2022-09-15T17:02:27.015+0000] {processor.py:650} INFO - DAG(s) dict_keys(['tutorial_etl_dag']) retrieved from /home/airflow/.local/lib/python3.7/site-packages/airflow/example_dags/tutorial_etl_dag.py
[2022-09-15T17:02:27.041+0000] {logging_mixin.py:115} INFO - [2022-09-15T17:02:27.041+0000] {dag.py:2429} INFO - Sync 1 DAGs
[2022-09-15T17:02:27.057+0000] {logging_mixin.py:115} INFO - [2022-09-15T17:02:27.057+0000] {dag.py:2981} INFO - Setting next_dagrun for tutorial_etl_dag to None, run_after=None
[2022-09-15T17:02:27.067+0000] {processor.py:161} INFO - Processing /home/airflow/.local/lib/python3.7/site-packages/airflow/example_dags/tutorial_etl_dag.py took 0.067 seconds
[2022-09-15T17:02:57.134+0000] {processor.py:153} INFO - Started process (PID=2571) to work on /home/airflow/.local/lib/python3.7/site-packages/airflow/example_dags/tutorial_etl_dag.py
[2022-09-15T17:02:57.143+0000] {processor.py:640} INFO - Processing file /home/airflow/.local/lib/python3.7/site-packages/airflow/example_dags/tutorial_etl_dag.py for tasks to queue
[2022-09-15T17:02:57.144+0000] {logging_mixin.py:115} INFO - [2022-09-15T17:02:57.144+0000] {dagbag.py:508} INFO - Filling up the DagBag from /home/airflow/.local/lib/python3.7/site-packages/airflow/example_dags/tutorial_etl_dag.py
[2022-09-15T17:02:57.149+0000] {processor.py:650} INFO - DAG(s) dict_keys(['tutorial_etl_dag']) retrieved from /home/airflow/.local/lib/python3.7/site-packages/airflow/example_dags/tutorial_etl_dag.py
[2022-09-15T17:02:57.169+0000] {logging_mixin.py:115} INFO - [2022-09-15T17:02:57.169+0000] {dag.py:2429} INFO - Sync 1 DAGs
[2022-09-15T17:02:57.185+0000] {logging_mixin.py:115} INFO - [2022-09-15T17:02:57.185+0000] {dag.py:2981} INFO - Setting next_dagrun for tutorial_etl_dag to None, run_after=None
[2022-09-15T17:02:57.195+0000] {processor.py:161} INFO - Processing /home/airflow/.local/lib/python3.7/site-packages/airflow/example_dags/tutorial_etl_dag.py took 0.063 seconds
[2022-09-15T17:03:27.384+0000] {processor.py:153} INFO - Started process (PID=2631) to work on /home/airflow/.local/lib/python3.7/site-packages/airflow/example_dags/tutorial_etl_dag.py
[2022-09-15T17:03:27.385+0000] {processor.py:640} INFO - Processing file /home/airflow/.local/lib/python3.7/site-packages/airflow/example_dags/tutorial_etl_dag.py for tasks to queue
[2022-09-15T17:03:27.387+0000] {logging_mixin.py:115} INFO - [2022-09-15T17:03:27.387+0000] {dagbag.py:508} INFO - Filling up the DagBag from /home/airflow/.local/lib/python3.7/site-packages/airflow/example_dags/tutorial_etl_dag.py
[2022-09-15T17:03:27.394+0000] {processor.py:650} INFO - DAG(s) dict_keys(['tutorial_etl_dag']) retrieved from /home/airflow/.local/lib/python3.7/site-packages/airflow/example_dags/tutorial_etl_dag.py
[2022-09-15T17:03:27.418+0000] {logging_mixin.py:115} INFO - [2022-09-15T17:03:27.418+0000] {dag.py:2429} INFO - Sync 1 DAGs
[2022-09-15T17:03:27.436+0000] {logging_mixin.py:115} INFO - [2022-09-15T17:03:27.436+0000] {dag.py:2981} INFO - Setting next_dagrun for tutorial_etl_dag to None, run_after=None
[2022-09-15T17:03:27.445+0000] {processor.py:161} INFO - Processing /home/airflow/.local/lib/python3.7/site-packages/airflow/example_dags/tutorial_etl_dag.py took 0.064 seconds
[2022-09-15T17:03:57.638+0000] {processor.py:153} INFO - Started process (PID=2699) to work on /home/airflow/.local/lib/python3.7/site-packages/airflow/example_dags/tutorial_etl_dag.py
[2022-09-15T17:03:57.639+0000] {processor.py:640} INFO - Processing file /home/airflow/.local/lib/python3.7/site-packages/airflow/example_dags/tutorial_etl_dag.py for tasks to queue
[2022-09-15T17:03:57.641+0000] {logging_mixin.py:115} INFO - [2022-09-15T17:03:57.641+0000] {dagbag.py:508} INFO - Filling up the DagBag from /home/airflow/.local/lib/python3.7/site-packages/airflow/example_dags/tutorial_etl_dag.py
[2022-09-15T17:03:57.647+0000] {processor.py:650} INFO - DAG(s) dict_keys(['tutorial_etl_dag']) retrieved from /home/airflow/.local/lib/python3.7/site-packages/airflow/example_dags/tutorial_etl_dag.py
[2022-09-15T17:03:57.667+0000] {logging_mixin.py:115} INFO - [2022-09-15T17:03:57.667+0000] {dag.py:2429} INFO - Sync 1 DAGs
[2022-09-15T17:03:57.683+0000] {logging_mixin.py:115} INFO - [2022-09-15T17:03:57.683+0000] {dag.py:2981} INFO - Setting next_dagrun for tutorial_etl_dag to None, run_after=None
[2022-09-15T17:03:57.692+0000] {processor.py:161} INFO - Processing /home/airflow/.local/lib/python3.7/site-packages/airflow/example_dags/tutorial_etl_dag.py took 0.057 seconds
[2022-09-15T17:04:27.892+0000] {processor.py:153} INFO - Started process (PID=2767) to work on /home/airflow/.local/lib/python3.7/site-packages/airflow/example_dags/tutorial_etl_dag.py
[2022-09-15T17:04:27.895+0000] {processor.py:640} INFO - Processing file /home/airflow/.local/lib/python3.7/site-packages/airflow/example_dags/tutorial_etl_dag.py for tasks to queue
[2022-09-15T17:04:27.896+0000] {logging_mixin.py:115} INFO - [2022-09-15T17:04:27.896+0000] {dagbag.py:508} INFO - Filling up the DagBag from /home/airflow/.local/lib/python3.7/site-packages/airflow/example_dags/tutorial_etl_dag.py
[2022-09-15T17:04:27.902+0000] {processor.py:650} INFO - DAG(s) dict_keys(['tutorial_etl_dag']) retrieved from /home/airflow/.local/lib/python3.7/site-packages/airflow/example_dags/tutorial_etl_dag.py
[2022-09-15T17:04:27.925+0000] {logging_mixin.py:115} INFO - [2022-09-15T17:04:27.925+0000] {dag.py:2429} INFO - Sync 1 DAGs
[2022-09-15T17:04:27.940+0000] {logging_mixin.py:115} INFO - [2022-09-15T17:04:27.940+0000] {dag.py:2981} INFO - Setting next_dagrun for tutorial_etl_dag to None, run_after=None
[2022-09-15T17:04:27.949+0000] {processor.py:161} INFO - Processing /home/airflow/.local/lib/python3.7/site-packages/airflow/example_dags/tutorial_etl_dag.py took 0.059 seconds
[2022-09-15T17:04:58.034+0000] {processor.py:153} INFO - Started process (PID=2835) to work on /home/airflow/.local/lib/python3.7/site-packages/airflow/example_dags/tutorial_etl_dag.py
[2022-09-15T17:04:58.037+0000] {processor.py:640} INFO - Processing file /home/airflow/.local/lib/python3.7/site-packages/airflow/example_dags/tutorial_etl_dag.py for tasks to queue
[2022-09-15T17:04:58.038+0000] {logging_mixin.py:115} INFO - [2022-09-15T17:04:58.038+0000] {dagbag.py:508} INFO - Filling up the DagBag from /home/airflow/.local/lib/python3.7/site-packages/airflow/example_dags/tutorial_etl_dag.py
[2022-09-15T17:04:58.044+0000] {processor.py:650} INFO - DAG(s) dict_keys(['tutorial_etl_dag']) retrieved from /home/airflow/.local/lib/python3.7/site-packages/airflow/example_dags/tutorial_etl_dag.py
[2022-09-15T17:04:58.063+0000] {logging_mixin.py:115} INFO - [2022-09-15T17:04:58.063+0000] {dag.py:2429} INFO - Sync 1 DAGs
[2022-09-15T17:04:58.084+0000] {logging_mixin.py:115} INFO - [2022-09-15T17:04:58.084+0000] {dag.py:2981} INFO - Setting next_dagrun for tutorial_etl_dag to None, run_after=None
[2022-09-15T17:04:58.097+0000] {processor.py:161} INFO - Processing /home/airflow/.local/lib/python3.7/site-packages/airflow/example_dags/tutorial_etl_dag.py took 0.065 seconds
