[2022-09-15T16:43:26.865+0000] {processor.py:153} INFO - Started process (PID=45) to work on /home/airflow/.local/lib/python3.7/site-packages/airflow/example_dags/tutorial_taskflow_api_etl.py
[2022-09-15T16:43:26.874+0000] {processor.py:640} INFO - Processing file /home/airflow/.local/lib/python3.7/site-packages/airflow/example_dags/tutorial_taskflow_api_etl.py for tasks to queue
[2022-09-15T16:43:26.878+0000] {logging_mixin.py:115} INFO - [2022-09-15T16:43:26.878+0000] {dagbag.py:508} INFO - Filling up the DagBag from /home/airflow/.local/lib/python3.7/site-packages/airflow/example_dags/tutorial_taskflow_api_etl.py
[2022-09-15T16:43:26.993+0000] {processor.py:650} INFO - DAG(s) dict_keys(['tutorial_taskflow_api_etl']) retrieved from /home/airflow/.local/lib/python3.7/site-packages/airflow/example_dags/tutorial_taskflow_api_etl.py
[2022-09-15T16:43:27.140+0000] {logging_mixin.py:115} INFO - [2022-09-15T16:43:27.139+0000] {manager.py:508} INFO - Created Permission View: can delete on DAG:tutorial_taskflow_api_etl
[2022-09-15T16:43:27.148+0000] {logging_mixin.py:115} INFO - [2022-09-15T16:43:27.148+0000] {manager.py:508} INFO - Created Permission View: can read on DAG:tutorial_taskflow_api_etl
[2022-09-15T16:43:27.156+0000] {logging_mixin.py:115} INFO - [2022-09-15T16:43:27.156+0000] {manager.py:508} INFO - Created Permission View: can edit on DAG:tutorial_taskflow_api_etl
[2022-09-15T16:43:27.157+0000] {logging_mixin.py:115} INFO - [2022-09-15T16:43:27.157+0000] {dag.py:2429} INFO - Sync 1 DAGs
[2022-09-15T16:43:27.167+0000] {logging_mixin.py:115} INFO - [2022-09-15T16:43:27.167+0000] {dag.py:2448} INFO - Creating ORM DAG for tutorial_taskflow_api_etl
[2022-09-15T16:43:27.177+0000] {logging_mixin.py:115} INFO - [2022-09-15T16:43:27.177+0000] {dag.py:2981} INFO - Setting next_dagrun for tutorial_taskflow_api_etl to None, run_after=None
[2022-09-15T16:43:27.192+0000] {processor.py:161} INFO - Processing /home/airflow/.local/lib/python3.7/site-packages/airflow/example_dags/tutorial_taskflow_api_etl.py took 0.330 seconds
[2022-09-15T16:43:57.982+0000] {processor.py:153} INFO - Started process (PID=111) to work on /home/airflow/.local/lib/python3.7/site-packages/airflow/example_dags/tutorial_taskflow_api_etl.py
[2022-09-15T16:43:57.984+0000] {processor.py:640} INFO - Processing file /home/airflow/.local/lib/python3.7/site-packages/airflow/example_dags/tutorial_taskflow_api_etl.py for tasks to queue
[2022-09-15T16:43:57.985+0000] {logging_mixin.py:115} INFO - [2022-09-15T16:43:57.985+0000] {dagbag.py:508} INFO - Filling up the DagBag from /home/airflow/.local/lib/python3.7/site-packages/airflow/example_dags/tutorial_taskflow_api_etl.py
[2022-09-15T16:43:57.998+0000] {processor.py:650} INFO - DAG(s) dict_keys(['tutorial_taskflow_api_etl']) retrieved from /home/airflow/.local/lib/python3.7/site-packages/airflow/example_dags/tutorial_taskflow_api_etl.py
[2022-09-15T16:43:58.046+0000] {logging_mixin.py:115} INFO - [2022-09-15T16:43:58.046+0000] {dag.py:2429} INFO - Sync 1 DAGs
[2022-09-15T16:43:58.064+0000] {logging_mixin.py:115} INFO - [2022-09-15T16:43:58.064+0000] {dag.py:2981} INFO - Setting next_dagrun for tutorial_taskflow_api_etl to None, run_after=None
[2022-09-15T16:43:58.074+0000] {processor.py:161} INFO - Processing /home/airflow/.local/lib/python3.7/site-packages/airflow/example_dags/tutorial_taskflow_api_etl.py took 0.094 seconds
[2022-09-15T16:44:28.112+0000] {processor.py:153} INFO - Started process (PID=177) to work on /home/airflow/.local/lib/python3.7/site-packages/airflow/example_dags/tutorial_taskflow_api_etl.py
[2022-09-15T16:44:28.114+0000] {processor.py:640} INFO - Processing file /home/airflow/.local/lib/python3.7/site-packages/airflow/example_dags/tutorial_taskflow_api_etl.py for tasks to queue
[2022-09-15T16:44:28.116+0000] {logging_mixin.py:115} INFO - [2022-09-15T16:44:28.116+0000] {dagbag.py:508} INFO - Filling up the DagBag from /home/airflow/.local/lib/python3.7/site-packages/airflow/example_dags/tutorial_taskflow_api_etl.py
[2022-09-15T16:44:28.128+0000] {processor.py:650} INFO - DAG(s) dict_keys(['tutorial_taskflow_api_etl']) retrieved from /home/airflow/.local/lib/python3.7/site-packages/airflow/example_dags/tutorial_taskflow_api_etl.py
[2022-09-15T16:44:28.174+0000] {logging_mixin.py:115} INFO - [2022-09-15T16:44:28.174+0000] {dag.py:2429} INFO - Sync 1 DAGs
[2022-09-15T16:44:28.189+0000] {logging_mixin.py:115} INFO - [2022-09-15T16:44:28.189+0000] {dag.py:2981} INFO - Setting next_dagrun for tutorial_taskflow_api_etl to None, run_after=None
[2022-09-15T16:44:28.204+0000] {processor.py:161} INFO - Processing /home/airflow/.local/lib/python3.7/site-packages/airflow/example_dags/tutorial_taskflow_api_etl.py took 0.095 seconds
[2022-09-15T16:44:59.160+0000] {processor.py:153} INFO - Started process (PID=243) to work on /home/airflow/.local/lib/python3.7/site-packages/airflow/example_dags/tutorial_taskflow_api_etl.py
[2022-09-15T16:44:59.163+0000] {processor.py:640} INFO - Processing file /home/airflow/.local/lib/python3.7/site-packages/airflow/example_dags/tutorial_taskflow_api_etl.py for tasks to queue
[2022-09-15T16:44:59.165+0000] {logging_mixin.py:115} INFO - [2022-09-15T16:44:59.165+0000] {dagbag.py:508} INFO - Filling up the DagBag from /home/airflow/.local/lib/python3.7/site-packages/airflow/example_dags/tutorial_taskflow_api_etl.py
[2022-09-15T16:44:59.181+0000] {processor.py:650} INFO - DAG(s) dict_keys(['tutorial_taskflow_api_etl']) retrieved from /home/airflow/.local/lib/python3.7/site-packages/airflow/example_dags/tutorial_taskflow_api_etl.py
[2022-09-15T16:44:59.226+0000] {logging_mixin.py:115} INFO - [2022-09-15T16:44:59.225+0000] {dag.py:2429} INFO - Sync 1 DAGs
[2022-09-15T16:44:59.240+0000] {logging_mixin.py:115} INFO - [2022-09-15T16:44:59.239+0000] {dag.py:2981} INFO - Setting next_dagrun for tutorial_taskflow_api_etl to None, run_after=None
[2022-09-15T16:44:59.249+0000] {processor.py:161} INFO - Processing /home/airflow/.local/lib/python3.7/site-packages/airflow/example_dags/tutorial_taskflow_api_etl.py took 0.092 seconds
[2022-09-15T16:45:29.573+0000] {processor.py:153} INFO - Started process (PID=308) to work on /home/airflow/.local/lib/python3.7/site-packages/airflow/example_dags/tutorial_taskflow_api_etl.py
[2022-09-15T16:45:29.574+0000] {processor.py:640} INFO - Processing file /home/airflow/.local/lib/python3.7/site-packages/airflow/example_dags/tutorial_taskflow_api_etl.py for tasks to queue
[2022-09-15T16:45:29.575+0000] {logging_mixin.py:115} INFO - [2022-09-15T16:45:29.575+0000] {dagbag.py:508} INFO - Filling up the DagBag from /home/airflow/.local/lib/python3.7/site-packages/airflow/example_dags/tutorial_taskflow_api_etl.py
[2022-09-15T16:45:29.587+0000] {processor.py:650} INFO - DAG(s) dict_keys(['tutorial_taskflow_api_etl']) retrieved from /home/airflow/.local/lib/python3.7/site-packages/airflow/example_dags/tutorial_taskflow_api_etl.py
[2022-09-15T16:45:29.631+0000] {logging_mixin.py:115} INFO - [2022-09-15T16:45:29.631+0000] {dag.py:2429} INFO - Sync 1 DAGs
[2022-09-15T16:45:29.645+0000] {logging_mixin.py:115} INFO - [2022-09-15T16:45:29.645+0000] {dag.py:2981} INFO - Setting next_dagrun for tutorial_taskflow_api_etl to None, run_after=None
[2022-09-15T16:45:29.655+0000] {processor.py:161} INFO - Processing /home/airflow/.local/lib/python3.7/site-packages/airflow/example_dags/tutorial_taskflow_api_etl.py took 0.085 seconds
[2022-09-15T16:46:00.571+0000] {processor.py:153} INFO - Started process (PID=367) to work on /home/airflow/.local/lib/python3.7/site-packages/airflow/example_dags/tutorial_taskflow_api_etl.py
[2022-09-15T16:46:00.574+0000] {processor.py:640} INFO - Processing file /home/airflow/.local/lib/python3.7/site-packages/airflow/example_dags/tutorial_taskflow_api_etl.py for tasks to queue
[2022-09-15T16:46:00.575+0000] {logging_mixin.py:115} INFO - [2022-09-15T16:46:00.575+0000] {dagbag.py:508} INFO - Filling up the DagBag from /home/airflow/.local/lib/python3.7/site-packages/airflow/example_dags/tutorial_taskflow_api_etl.py
[2022-09-15T16:46:00.589+0000] {processor.py:650} INFO - DAG(s) dict_keys(['tutorial_taskflow_api_etl']) retrieved from /home/airflow/.local/lib/python3.7/site-packages/airflow/example_dags/tutorial_taskflow_api_etl.py
[2022-09-15T16:46:00.613+0000] {logging_mixin.py:115} INFO - [2022-09-15T16:46:00.613+0000] {dag.py:2429} INFO - Sync 1 DAGs
[2022-09-15T16:46:00.630+0000] {logging_mixin.py:115} INFO - [2022-09-15T16:46:00.630+0000] {dag.py:2981} INFO - Setting next_dagrun for tutorial_taskflow_api_etl to None, run_after=None
[2022-09-15T16:46:00.642+0000] {processor.py:161} INFO - Processing /home/airflow/.local/lib/python3.7/site-packages/airflow/example_dags/tutorial_taskflow_api_etl.py took 0.075 seconds
[2022-09-15T16:46:31.543+0000] {processor.py:153} INFO - Started process (PID=433) to work on /home/airflow/.local/lib/python3.7/site-packages/airflow/example_dags/tutorial_taskflow_api_etl.py
[2022-09-15T16:46:31.546+0000] {processor.py:640} INFO - Processing file /home/airflow/.local/lib/python3.7/site-packages/airflow/example_dags/tutorial_taskflow_api_etl.py for tasks to queue
[2022-09-15T16:46:31.547+0000] {logging_mixin.py:115} INFO - [2022-09-15T16:46:31.547+0000] {dagbag.py:508} INFO - Filling up the DagBag from /home/airflow/.local/lib/python3.7/site-packages/airflow/example_dags/tutorial_taskflow_api_etl.py
[2022-09-15T16:46:31.562+0000] {processor.py:650} INFO - DAG(s) dict_keys(['tutorial_taskflow_api_etl']) retrieved from /home/airflow/.local/lib/python3.7/site-packages/airflow/example_dags/tutorial_taskflow_api_etl.py
[2022-09-15T16:46:31.584+0000] {logging_mixin.py:115} INFO - [2022-09-15T16:46:31.584+0000] {dag.py:2429} INFO - Sync 1 DAGs
[2022-09-15T16:46:31.600+0000] {logging_mixin.py:115} INFO - [2022-09-15T16:46:31.600+0000] {dag.py:2981} INFO - Setting next_dagrun for tutorial_taskflow_api_etl to None, run_after=None
[2022-09-15T16:46:31.609+0000] {processor.py:161} INFO - Processing /home/airflow/.local/lib/python3.7/site-packages/airflow/example_dags/tutorial_taskflow_api_etl.py took 0.070 seconds
[2022-09-15T16:47:02.415+0000] {processor.py:153} INFO - Started process (PID=502) to work on /home/airflow/.local/lib/python3.7/site-packages/airflow/example_dags/tutorial_taskflow_api_etl.py
[2022-09-15T16:47:02.418+0000] {processor.py:640} INFO - Processing file /home/airflow/.local/lib/python3.7/site-packages/airflow/example_dags/tutorial_taskflow_api_etl.py for tasks to queue
[2022-09-15T16:47:02.420+0000] {logging_mixin.py:115} INFO - [2022-09-15T16:47:02.420+0000] {dagbag.py:508} INFO - Filling up the DagBag from /home/airflow/.local/lib/python3.7/site-packages/airflow/example_dags/tutorial_taskflow_api_etl.py
[2022-09-15T16:47:02.438+0000] {processor.py:650} INFO - DAG(s) dict_keys(['tutorial_taskflow_api_etl']) retrieved from /home/airflow/.local/lib/python3.7/site-packages/airflow/example_dags/tutorial_taskflow_api_etl.py
[2022-09-15T16:47:02.459+0000] {logging_mixin.py:115} INFO - [2022-09-15T16:47:02.459+0000] {dag.py:2429} INFO - Sync 1 DAGs
[2022-09-15T16:47:02.478+0000] {logging_mixin.py:115} INFO - [2022-09-15T16:47:02.478+0000] {dag.py:2981} INFO - Setting next_dagrun for tutorial_taskflow_api_etl to None, run_after=None
[2022-09-15T16:47:02.487+0000] {processor.py:161} INFO - Processing /home/airflow/.local/lib/python3.7/site-packages/airflow/example_dags/tutorial_taskflow_api_etl.py took 0.078 seconds
[2022-09-15T16:47:33.475+0000] {processor.py:153} INFO - Started process (PID=570) to work on /home/airflow/.local/lib/python3.7/site-packages/airflow/example_dags/tutorial_taskflow_api_etl.py
[2022-09-15T16:47:33.477+0000] {processor.py:640} INFO - Processing file /home/airflow/.local/lib/python3.7/site-packages/airflow/example_dags/tutorial_taskflow_api_etl.py for tasks to queue
[2022-09-15T16:47:33.478+0000] {logging_mixin.py:115} INFO - [2022-09-15T16:47:33.478+0000] {dagbag.py:508} INFO - Filling up the DagBag from /home/airflow/.local/lib/python3.7/site-packages/airflow/example_dags/tutorial_taskflow_api_etl.py
[2022-09-15T16:47:33.499+0000] {processor.py:650} INFO - DAG(s) dict_keys(['tutorial_taskflow_api_etl']) retrieved from /home/airflow/.local/lib/python3.7/site-packages/airflow/example_dags/tutorial_taskflow_api_etl.py
[2022-09-15T16:47:33.571+0000] {logging_mixin.py:115} INFO - [2022-09-15T16:47:33.571+0000] {dag.py:2429} INFO - Sync 1 DAGs
[2022-09-15T16:47:33.591+0000] {logging_mixin.py:115} INFO - [2022-09-15T16:47:33.591+0000] {dag.py:2981} INFO - Setting next_dagrun for tutorial_taskflow_api_etl to None, run_after=None
[2022-09-15T16:47:33.601+0000] {processor.py:161} INFO - Processing /home/airflow/.local/lib/python3.7/site-packages/airflow/example_dags/tutorial_taskflow_api_etl.py took 0.131 seconds
[2022-09-15T16:48:04.260+0000] {processor.py:153} INFO - Started process (PID=638) to work on /home/airflow/.local/lib/python3.7/site-packages/airflow/example_dags/tutorial_taskflow_api_etl.py
[2022-09-15T16:48:04.264+0000] {processor.py:640} INFO - Processing file /home/airflow/.local/lib/python3.7/site-packages/airflow/example_dags/tutorial_taskflow_api_etl.py for tasks to queue
[2022-09-15T16:48:04.265+0000] {logging_mixin.py:115} INFO - [2022-09-15T16:48:04.265+0000] {dagbag.py:508} INFO - Filling up the DagBag from /home/airflow/.local/lib/python3.7/site-packages/airflow/example_dags/tutorial_taskflow_api_etl.py
[2022-09-15T16:48:04.281+0000] {processor.py:650} INFO - DAG(s) dict_keys(['tutorial_taskflow_api_etl']) retrieved from /home/airflow/.local/lib/python3.7/site-packages/airflow/example_dags/tutorial_taskflow_api_etl.py
[2022-09-15T16:48:04.324+0000] {logging_mixin.py:115} INFO - [2022-09-15T16:48:04.324+0000] {dag.py:2429} INFO - Sync 1 DAGs
[2022-09-15T16:48:04.337+0000] {logging_mixin.py:115} INFO - [2022-09-15T16:48:04.336+0000] {dag.py:2981} INFO - Setting next_dagrun for tutorial_taskflow_api_etl to None, run_after=None
[2022-09-15T16:48:04.345+0000] {processor.py:161} INFO - Processing /home/airflow/.local/lib/python3.7/site-packages/airflow/example_dags/tutorial_taskflow_api_etl.py took 0.089 seconds
[2022-09-15T16:48:35.266+0000] {processor.py:153} INFO - Started process (PID=703) to work on /home/airflow/.local/lib/python3.7/site-packages/airflow/example_dags/tutorial_taskflow_api_etl.py
[2022-09-15T16:48:35.268+0000] {processor.py:640} INFO - Processing file /home/airflow/.local/lib/python3.7/site-packages/airflow/example_dags/tutorial_taskflow_api_etl.py for tasks to queue
[2022-09-15T16:48:35.270+0000] {logging_mixin.py:115} INFO - [2022-09-15T16:48:35.270+0000] {dagbag.py:508} INFO - Filling up the DagBag from /home/airflow/.local/lib/python3.7/site-packages/airflow/example_dags/tutorial_taskflow_api_etl.py
[2022-09-15T16:48:35.283+0000] {processor.py:650} INFO - DAG(s) dict_keys(['tutorial_taskflow_api_etl']) retrieved from /home/airflow/.local/lib/python3.7/site-packages/airflow/example_dags/tutorial_taskflow_api_etl.py
[2022-09-15T16:48:35.303+0000] {logging_mixin.py:115} INFO - [2022-09-15T16:48:35.303+0000] {dag.py:2429} INFO - Sync 1 DAGs
[2022-09-15T16:48:35.318+0000] {logging_mixin.py:115} INFO - [2022-09-15T16:48:35.318+0000] {dag.py:2981} INFO - Setting next_dagrun for tutorial_taskflow_api_etl to None, run_after=None
[2022-09-15T16:48:35.326+0000] {processor.py:161} INFO - Processing /home/airflow/.local/lib/python3.7/site-packages/airflow/example_dags/tutorial_taskflow_api_etl.py took 0.063 seconds
[2022-09-15T16:49:05.363+0000] {processor.py:153} INFO - Started process (PID=758) to work on /home/airflow/.local/lib/python3.7/site-packages/airflow/example_dags/tutorial_taskflow_api_etl.py
[2022-09-15T16:49:05.365+0000] {processor.py:640} INFO - Processing file /home/airflow/.local/lib/python3.7/site-packages/airflow/example_dags/tutorial_taskflow_api_etl.py for tasks to queue
[2022-09-15T16:49:05.367+0000] {logging_mixin.py:115} INFO - [2022-09-15T16:49:05.367+0000] {dagbag.py:508} INFO - Filling up the DagBag from /home/airflow/.local/lib/python3.7/site-packages/airflow/example_dags/tutorial_taskflow_api_etl.py
[2022-09-15T16:49:05.381+0000] {processor.py:650} INFO - DAG(s) dict_keys(['tutorial_taskflow_api_etl']) retrieved from /home/airflow/.local/lib/python3.7/site-packages/airflow/example_dags/tutorial_taskflow_api_etl.py
[2022-09-15T16:49:05.443+0000] {logging_mixin.py:115} INFO - [2022-09-15T16:49:05.443+0000] {dag.py:2429} INFO - Sync 1 DAGs
[2022-09-15T16:49:05.466+0000] {logging_mixin.py:115} INFO - [2022-09-15T16:49:05.465+0000] {dag.py:2981} INFO - Setting next_dagrun for tutorial_taskflow_api_etl to None, run_after=None
[2022-09-15T16:49:05.476+0000] {processor.py:161} INFO - Processing /home/airflow/.local/lib/python3.7/site-packages/airflow/example_dags/tutorial_taskflow_api_etl.py took 0.116 seconds
[2022-09-15T16:49:36.478+0000] {processor.py:153} INFO - Started process (PID=824) to work on /home/airflow/.local/lib/python3.7/site-packages/airflow/example_dags/tutorial_taskflow_api_etl.py
[2022-09-15T16:49:36.480+0000] {processor.py:640} INFO - Processing file /home/airflow/.local/lib/python3.7/site-packages/airflow/example_dags/tutorial_taskflow_api_etl.py for tasks to queue
[2022-09-15T16:49:36.484+0000] {logging_mixin.py:115} INFO - [2022-09-15T16:49:36.484+0000] {dagbag.py:508} INFO - Filling up the DagBag from /home/airflow/.local/lib/python3.7/site-packages/airflow/example_dags/tutorial_taskflow_api_etl.py
[2022-09-15T16:49:36.496+0000] {processor.py:650} INFO - DAG(s) dict_keys(['tutorial_taskflow_api_etl']) retrieved from /home/airflow/.local/lib/python3.7/site-packages/airflow/example_dags/tutorial_taskflow_api_etl.py
[2022-09-15T16:49:36.541+0000] {logging_mixin.py:115} INFO - [2022-09-15T16:49:36.541+0000] {dag.py:2429} INFO - Sync 1 DAGs
[2022-09-15T16:49:36.555+0000] {logging_mixin.py:115} INFO - [2022-09-15T16:49:36.555+0000] {dag.py:2981} INFO - Setting next_dagrun for tutorial_taskflow_api_etl to None, run_after=None
[2022-09-15T16:49:36.566+0000] {processor.py:161} INFO - Processing /home/airflow/.local/lib/python3.7/site-packages/airflow/example_dags/tutorial_taskflow_api_etl.py took 0.091 seconds
[2022-09-15T16:50:06.688+0000] {processor.py:153} INFO - Started process (PID=892) to work on /home/airflow/.local/lib/python3.7/site-packages/airflow/example_dags/tutorial_taskflow_api_etl.py
[2022-09-15T16:50:06.694+0000] {processor.py:640} INFO - Processing file /home/airflow/.local/lib/python3.7/site-packages/airflow/example_dags/tutorial_taskflow_api_etl.py for tasks to queue
[2022-09-15T16:50:06.697+0000] {logging_mixin.py:115} INFO - [2022-09-15T16:50:06.697+0000] {dagbag.py:508} INFO - Filling up the DagBag from /home/airflow/.local/lib/python3.7/site-packages/airflow/example_dags/tutorial_taskflow_api_etl.py
[2022-09-15T16:50:06.714+0000] {processor.py:650} INFO - DAG(s) dict_keys(['tutorial_taskflow_api_etl']) retrieved from /home/airflow/.local/lib/python3.7/site-packages/airflow/example_dags/tutorial_taskflow_api_etl.py
[2022-09-15T16:50:06.764+0000] {logging_mixin.py:115} INFO - [2022-09-15T16:50:06.764+0000] {dag.py:2429} INFO - Sync 1 DAGs
[2022-09-15T16:50:06.790+0000] {logging_mixin.py:115} INFO - [2022-09-15T16:50:06.790+0000] {dag.py:2981} INFO - Setting next_dagrun for tutorial_taskflow_api_etl to None, run_after=None
[2022-09-15T16:50:06.834+0000] {processor.py:161} INFO - Processing /home/airflow/.local/lib/python3.7/site-packages/airflow/example_dags/tutorial_taskflow_api_etl.py took 0.150 seconds
[2022-09-15T16:50:37.707+0000] {processor.py:153} INFO - Started process (PID=962) to work on /home/airflow/.local/lib/python3.7/site-packages/airflow/example_dags/tutorial_taskflow_api_etl.py
[2022-09-15T16:50:37.709+0000] {processor.py:640} INFO - Processing file /home/airflow/.local/lib/python3.7/site-packages/airflow/example_dags/tutorial_taskflow_api_etl.py for tasks to queue
[2022-09-15T16:50:37.710+0000] {logging_mixin.py:115} INFO - [2022-09-15T16:50:37.709+0000] {dagbag.py:508} INFO - Filling up the DagBag from /home/airflow/.local/lib/python3.7/site-packages/airflow/example_dags/tutorial_taskflow_api_etl.py
[2022-09-15T16:50:37.721+0000] {processor.py:650} INFO - DAG(s) dict_keys(['tutorial_taskflow_api_etl']) retrieved from /home/airflow/.local/lib/python3.7/site-packages/airflow/example_dags/tutorial_taskflow_api_etl.py
[2022-09-15T16:50:37.762+0000] {logging_mixin.py:115} INFO - [2022-09-15T16:50:37.762+0000] {dag.py:2429} INFO - Sync 1 DAGs
[2022-09-15T16:50:37.777+0000] {logging_mixin.py:115} INFO - [2022-09-15T16:50:37.777+0000] {dag.py:2981} INFO - Setting next_dagrun for tutorial_taskflow_api_etl to None, run_after=None
[2022-09-15T16:50:37.788+0000] {processor.py:161} INFO - Processing /home/airflow/.local/lib/python3.7/site-packages/airflow/example_dags/tutorial_taskflow_api_etl.py took 0.083 seconds
[2022-09-15T16:51:08.584+0000] {processor.py:153} INFO - Started process (PID=1028) to work on /home/airflow/.local/lib/python3.7/site-packages/airflow/example_dags/tutorial_taskflow_api_etl.py
[2022-09-15T16:51:08.586+0000] {processor.py:640} INFO - Processing file /home/airflow/.local/lib/python3.7/site-packages/airflow/example_dags/tutorial_taskflow_api_etl.py for tasks to queue
[2022-09-15T16:51:08.588+0000] {logging_mixin.py:115} INFO - [2022-09-15T16:51:08.587+0000] {dagbag.py:508} INFO - Filling up the DagBag from /home/airflow/.local/lib/python3.7/site-packages/airflow/example_dags/tutorial_taskflow_api_etl.py
[2022-09-15T16:51:08.601+0000] {processor.py:650} INFO - DAG(s) dict_keys(['tutorial_taskflow_api_etl']) retrieved from /home/airflow/.local/lib/python3.7/site-packages/airflow/example_dags/tutorial_taskflow_api_etl.py
[2022-09-15T16:51:08.622+0000] {logging_mixin.py:115} INFO - [2022-09-15T16:51:08.622+0000] {dag.py:2429} INFO - Sync 1 DAGs
[2022-09-15T16:51:08.640+0000] {logging_mixin.py:115} INFO - [2022-09-15T16:51:08.640+0000] {dag.py:2981} INFO - Setting next_dagrun for tutorial_taskflow_api_etl to None, run_after=None
[2022-09-15T16:51:08.648+0000] {processor.py:161} INFO - Processing /home/airflow/.local/lib/python3.7/site-packages/airflow/example_dags/tutorial_taskflow_api_etl.py took 0.067 seconds
[2022-09-15T16:51:39.677+0000] {processor.py:153} INFO - Started process (PID=1098) to work on /home/airflow/.local/lib/python3.7/site-packages/airflow/example_dags/tutorial_taskflow_api_etl.py
[2022-09-15T16:51:39.679+0000] {processor.py:640} INFO - Processing file /home/airflow/.local/lib/python3.7/site-packages/airflow/example_dags/tutorial_taskflow_api_etl.py for tasks to queue
[2022-09-15T16:51:39.680+0000] {logging_mixin.py:115} INFO - [2022-09-15T16:51:39.680+0000] {dagbag.py:508} INFO - Filling up the DagBag from /home/airflow/.local/lib/python3.7/site-packages/airflow/example_dags/tutorial_taskflow_api_etl.py
[2022-09-15T16:51:39.695+0000] {processor.py:650} INFO - DAG(s) dict_keys(['tutorial_taskflow_api_etl']) retrieved from /home/airflow/.local/lib/python3.7/site-packages/airflow/example_dags/tutorial_taskflow_api_etl.py
[2022-09-15T16:51:39.716+0000] {logging_mixin.py:115} INFO - [2022-09-15T16:51:39.716+0000] {dag.py:2429} INFO - Sync 1 DAGs
[2022-09-15T16:51:39.731+0000] {logging_mixin.py:115} INFO - [2022-09-15T16:51:39.731+0000] {dag.py:2981} INFO - Setting next_dagrun for tutorial_taskflow_api_etl to None, run_after=None
[2022-09-15T16:51:39.740+0000] {processor.py:161} INFO - Processing /home/airflow/.local/lib/python3.7/site-packages/airflow/example_dags/tutorial_taskflow_api_etl.py took 0.068 seconds
[2022-09-15T16:52:10.581+0000] {processor.py:153} INFO - Started process (PID=1163) to work on /home/airflow/.local/lib/python3.7/site-packages/airflow/example_dags/tutorial_taskflow_api_etl.py
[2022-09-15T16:52:10.583+0000] {processor.py:640} INFO - Processing file /home/airflow/.local/lib/python3.7/site-packages/airflow/example_dags/tutorial_taskflow_api_etl.py for tasks to queue
[2022-09-15T16:52:10.584+0000] {logging_mixin.py:115} INFO - [2022-09-15T16:52:10.584+0000] {dagbag.py:508} INFO - Filling up the DagBag from /home/airflow/.local/lib/python3.7/site-packages/airflow/example_dags/tutorial_taskflow_api_etl.py
[2022-09-15T16:52:10.596+0000] {processor.py:650} INFO - DAG(s) dict_keys(['tutorial_taskflow_api_etl']) retrieved from /home/airflow/.local/lib/python3.7/site-packages/airflow/example_dags/tutorial_taskflow_api_etl.py
[2022-09-15T16:52:10.626+0000] {logging_mixin.py:115} INFO - [2022-09-15T16:52:10.626+0000] {dag.py:2429} INFO - Sync 1 DAGs
[2022-09-15T16:52:10.645+0000] {logging_mixin.py:115} INFO - [2022-09-15T16:52:10.645+0000] {dag.py:2981} INFO - Setting next_dagrun for tutorial_taskflow_api_etl to None, run_after=None
[2022-09-15T16:52:10.657+0000] {processor.py:161} INFO - Processing /home/airflow/.local/lib/python3.7/site-packages/airflow/example_dags/tutorial_taskflow_api_etl.py took 0.079 seconds
[2022-09-15T16:52:41.405+0000] {processor.py:153} INFO - Started process (PID=1219) to work on /home/airflow/.local/lib/python3.7/site-packages/airflow/example_dags/tutorial_taskflow_api_etl.py
[2022-09-15T16:52:41.407+0000] {processor.py:640} INFO - Processing file /home/airflow/.local/lib/python3.7/site-packages/airflow/example_dags/tutorial_taskflow_api_etl.py for tasks to queue
[2022-09-15T16:52:41.409+0000] {logging_mixin.py:115} INFO - [2022-09-15T16:52:41.408+0000] {dagbag.py:508} INFO - Filling up the DagBag from /home/airflow/.local/lib/python3.7/site-packages/airflow/example_dags/tutorial_taskflow_api_etl.py
[2022-09-15T16:52:41.422+0000] {processor.py:650} INFO - DAG(s) dict_keys(['tutorial_taskflow_api_etl']) retrieved from /home/airflow/.local/lib/python3.7/site-packages/airflow/example_dags/tutorial_taskflow_api_etl.py
[2022-09-15T16:52:41.472+0000] {logging_mixin.py:115} INFO - [2022-09-15T16:52:41.472+0000] {dag.py:2429} INFO - Sync 1 DAGs
[2022-09-15T16:52:41.487+0000] {logging_mixin.py:115} INFO - [2022-09-15T16:52:41.487+0000] {dag.py:2981} INFO - Setting next_dagrun for tutorial_taskflow_api_etl to None, run_after=None
[2022-09-15T16:52:41.498+0000] {processor.py:161} INFO - Processing /home/airflow/.local/lib/python3.7/site-packages/airflow/example_dags/tutorial_taskflow_api_etl.py took 0.096 seconds
[2022-09-15T16:53:11.631+0000] {processor.py:153} INFO - Started process (PID=1286) to work on /home/airflow/.local/lib/python3.7/site-packages/airflow/example_dags/tutorial_taskflow_api_etl.py
[2022-09-15T16:53:11.634+0000] {processor.py:640} INFO - Processing file /home/airflow/.local/lib/python3.7/site-packages/airflow/example_dags/tutorial_taskflow_api_etl.py for tasks to queue
[2022-09-15T16:53:11.636+0000] {logging_mixin.py:115} INFO - [2022-09-15T16:53:11.636+0000] {dagbag.py:508} INFO - Filling up the DagBag from /home/airflow/.local/lib/python3.7/site-packages/airflow/example_dags/tutorial_taskflow_api_etl.py
[2022-09-15T16:53:11.651+0000] {processor.py:650} INFO - DAG(s) dict_keys(['tutorial_taskflow_api_etl']) retrieved from /home/airflow/.local/lib/python3.7/site-packages/airflow/example_dags/tutorial_taskflow_api_etl.py
[2022-09-15T16:53:11.700+0000] {logging_mixin.py:115} INFO - [2022-09-15T16:53:11.700+0000] {dag.py:2429} INFO - Sync 1 DAGs
[2022-09-15T16:53:11.715+0000] {logging_mixin.py:115} INFO - [2022-09-15T16:53:11.714+0000] {dag.py:2981} INFO - Setting next_dagrun for tutorial_taskflow_api_etl to None, run_after=None
[2022-09-15T16:53:11.725+0000] {processor.py:161} INFO - Processing /home/airflow/.local/lib/python3.7/site-packages/airflow/example_dags/tutorial_taskflow_api_etl.py took 0.101 seconds
[2022-09-15T16:53:42.016+0000] {processor.py:153} INFO - Started process (PID=1355) to work on /home/airflow/.local/lib/python3.7/site-packages/airflow/example_dags/tutorial_taskflow_api_etl.py
[2022-09-15T16:53:42.018+0000] {processor.py:640} INFO - Processing file /home/airflow/.local/lib/python3.7/site-packages/airflow/example_dags/tutorial_taskflow_api_etl.py for tasks to queue
[2022-09-15T16:53:42.019+0000] {logging_mixin.py:115} INFO - [2022-09-15T16:53:42.019+0000] {dagbag.py:508} INFO - Filling up the DagBag from /home/airflow/.local/lib/python3.7/site-packages/airflow/example_dags/tutorial_taskflow_api_etl.py
[2022-09-15T16:53:42.032+0000] {processor.py:650} INFO - DAG(s) dict_keys(['tutorial_taskflow_api_etl']) retrieved from /home/airflow/.local/lib/python3.7/site-packages/airflow/example_dags/tutorial_taskflow_api_etl.py
[2022-09-15T16:53:42.077+0000] {logging_mixin.py:115} INFO - [2022-09-15T16:53:42.077+0000] {dag.py:2429} INFO - Sync 1 DAGs
[2022-09-15T16:53:42.091+0000] {logging_mixin.py:115} INFO - [2022-09-15T16:53:42.090+0000] {dag.py:2981} INFO - Setting next_dagrun for tutorial_taskflow_api_etl to None, run_after=None
[2022-09-15T16:53:42.103+0000] {processor.py:161} INFO - Processing /home/airflow/.local/lib/python3.7/site-packages/airflow/example_dags/tutorial_taskflow_api_etl.py took 0.090 seconds
[2022-09-15T16:54:13.021+0000] {processor.py:153} INFO - Started process (PID=1424) to work on /home/airflow/.local/lib/python3.7/site-packages/airflow/example_dags/tutorial_taskflow_api_etl.py
[2022-09-15T16:54:13.023+0000] {processor.py:640} INFO - Processing file /home/airflow/.local/lib/python3.7/site-packages/airflow/example_dags/tutorial_taskflow_api_etl.py for tasks to queue
[2022-09-15T16:54:13.024+0000] {logging_mixin.py:115} INFO - [2022-09-15T16:54:13.024+0000] {dagbag.py:508} INFO - Filling up the DagBag from /home/airflow/.local/lib/python3.7/site-packages/airflow/example_dags/tutorial_taskflow_api_etl.py
[2022-09-15T16:54:13.039+0000] {processor.py:650} INFO - DAG(s) dict_keys(['tutorial_taskflow_api_etl']) retrieved from /home/airflow/.local/lib/python3.7/site-packages/airflow/example_dags/tutorial_taskflow_api_etl.py
[2022-09-15T16:54:13.061+0000] {logging_mixin.py:115} INFO - [2022-09-15T16:54:13.061+0000] {dag.py:2429} INFO - Sync 1 DAGs
[2022-09-15T16:54:13.077+0000] {logging_mixin.py:115} INFO - [2022-09-15T16:54:13.077+0000] {dag.py:2981} INFO - Setting next_dagrun for tutorial_taskflow_api_etl to None, run_after=None
[2022-09-15T16:54:13.085+0000] {processor.py:161} INFO - Processing /home/airflow/.local/lib/python3.7/site-packages/airflow/example_dags/tutorial_taskflow_api_etl.py took 0.068 seconds
[2022-09-15T16:54:44.003+0000] {processor.py:153} INFO - Started process (PID=1489) to work on /home/airflow/.local/lib/python3.7/site-packages/airflow/example_dags/tutorial_taskflow_api_etl.py
[2022-09-15T16:54:44.005+0000] {processor.py:640} INFO - Processing file /home/airflow/.local/lib/python3.7/site-packages/airflow/example_dags/tutorial_taskflow_api_etl.py for tasks to queue
[2022-09-15T16:54:44.007+0000] {logging_mixin.py:115} INFO - [2022-09-15T16:54:44.007+0000] {dagbag.py:508} INFO - Filling up the DagBag from /home/airflow/.local/lib/python3.7/site-packages/airflow/example_dags/tutorial_taskflow_api_etl.py
[2022-09-15T16:54:44.019+0000] {processor.py:650} INFO - DAG(s) dict_keys(['tutorial_taskflow_api_etl']) retrieved from /home/airflow/.local/lib/python3.7/site-packages/airflow/example_dags/tutorial_taskflow_api_etl.py
[2022-09-15T16:54:44.065+0000] {logging_mixin.py:115} INFO - [2022-09-15T16:54:44.065+0000] {dag.py:2429} INFO - Sync 1 DAGs
[2022-09-15T16:54:44.087+0000] {logging_mixin.py:115} INFO - [2022-09-15T16:54:44.087+0000] {dag.py:2981} INFO - Setting next_dagrun for tutorial_taskflow_api_etl to None, run_after=None
[2022-09-15T16:54:44.104+0000] {processor.py:161} INFO - Processing /home/airflow/.local/lib/python3.7/site-packages/airflow/example_dags/tutorial_taskflow_api_etl.py took 0.105 seconds
[2022-09-15T16:55:14.148+0000] {processor.py:153} INFO - Started process (PID=1546) to work on /home/airflow/.local/lib/python3.7/site-packages/airflow/example_dags/tutorial_taskflow_api_etl.py
[2022-09-15T16:55:14.151+0000] {processor.py:640} INFO - Processing file /home/airflow/.local/lib/python3.7/site-packages/airflow/example_dags/tutorial_taskflow_api_etl.py for tasks to queue
[2022-09-15T16:55:14.152+0000] {logging_mixin.py:115} INFO - [2022-09-15T16:55:14.152+0000] {dagbag.py:508} INFO - Filling up the DagBag from /home/airflow/.local/lib/python3.7/site-packages/airflow/example_dags/tutorial_taskflow_api_etl.py
[2022-09-15T16:55:14.164+0000] {processor.py:650} INFO - DAG(s) dict_keys(['tutorial_taskflow_api_etl']) retrieved from /home/airflow/.local/lib/python3.7/site-packages/airflow/example_dags/tutorial_taskflow_api_etl.py
[2022-09-15T16:55:14.219+0000] {logging_mixin.py:115} INFO - [2022-09-15T16:55:14.218+0000] {dag.py:2429} INFO - Sync 1 DAGs
[2022-09-15T16:55:14.236+0000] {logging_mixin.py:115} INFO - [2022-09-15T16:55:14.236+0000] {dag.py:2981} INFO - Setting next_dagrun for tutorial_taskflow_api_etl to None, run_after=None
[2022-09-15T16:55:14.249+0000] {processor.py:161} INFO - Processing /home/airflow/.local/lib/python3.7/site-packages/airflow/example_dags/tutorial_taskflow_api_etl.py took 0.103 seconds
[2022-09-15T16:55:44.299+0000] {processor.py:153} INFO - Started process (PID=1616) to work on /home/airflow/.local/lib/python3.7/site-packages/airflow/example_dags/tutorial_taskflow_api_etl.py
[2022-09-15T16:55:44.301+0000] {processor.py:640} INFO - Processing file /home/airflow/.local/lib/python3.7/site-packages/airflow/example_dags/tutorial_taskflow_api_etl.py for tasks to queue
[2022-09-15T16:55:44.303+0000] {logging_mixin.py:115} INFO - [2022-09-15T16:55:44.303+0000] {dagbag.py:508} INFO - Filling up the DagBag from /home/airflow/.local/lib/python3.7/site-packages/airflow/example_dags/tutorial_taskflow_api_etl.py
[2022-09-15T16:55:44.315+0000] {processor.py:650} INFO - DAG(s) dict_keys(['tutorial_taskflow_api_etl']) retrieved from /home/airflow/.local/lib/python3.7/site-packages/airflow/example_dags/tutorial_taskflow_api_etl.py
[2022-09-15T16:55:44.361+0000] {logging_mixin.py:115} INFO - [2022-09-15T16:55:44.361+0000] {dag.py:2429} INFO - Sync 1 DAGs
[2022-09-15T16:55:44.373+0000] {logging_mixin.py:115} INFO - [2022-09-15T16:55:44.373+0000] {dag.py:2981} INFO - Setting next_dagrun for tutorial_taskflow_api_etl to None, run_after=None
[2022-09-15T16:55:44.382+0000] {processor.py:161} INFO - Processing /home/airflow/.local/lib/python3.7/site-packages/airflow/example_dags/tutorial_taskflow_api_etl.py took 0.086 seconds
[2022-09-15T16:56:14.452+0000] {processor.py:153} INFO - Started process (PID=1682) to work on /home/airflow/.local/lib/python3.7/site-packages/airflow/example_dags/tutorial_taskflow_api_etl.py
[2022-09-15T16:56:14.458+0000] {processor.py:640} INFO - Processing file /home/airflow/.local/lib/python3.7/site-packages/airflow/example_dags/tutorial_taskflow_api_etl.py for tasks to queue
[2022-09-15T16:56:14.460+0000] {logging_mixin.py:115} INFO - [2022-09-15T16:56:14.459+0000] {dagbag.py:508} INFO - Filling up the DagBag from /home/airflow/.local/lib/python3.7/site-packages/airflow/example_dags/tutorial_taskflow_api_etl.py
[2022-09-15T16:56:14.475+0000] {processor.py:650} INFO - DAG(s) dict_keys(['tutorial_taskflow_api_etl']) retrieved from /home/airflow/.local/lib/python3.7/site-packages/airflow/example_dags/tutorial_taskflow_api_etl.py
[2022-09-15T16:56:14.515+0000] {logging_mixin.py:115} INFO - [2022-09-15T16:56:14.515+0000] {dag.py:2429} INFO - Sync 1 DAGs
[2022-09-15T16:56:14.525+0000] {logging_mixin.py:115} INFO - [2022-09-15T16:56:14.525+0000] {dag.py:2981} INFO - Setting next_dagrun for tutorial_taskflow_api_etl to None, run_after=None
[2022-09-15T16:56:14.534+0000] {processor.py:161} INFO - Processing /home/airflow/.local/lib/python3.7/site-packages/airflow/example_dags/tutorial_taskflow_api_etl.py took 0.088 seconds
[2022-09-15T16:56:45.441+0000] {processor.py:153} INFO - Started process (PID=1753) to work on /home/airflow/.local/lib/python3.7/site-packages/airflow/example_dags/tutorial_taskflow_api_etl.py
[2022-09-15T16:56:45.447+0000] {processor.py:640} INFO - Processing file /home/airflow/.local/lib/python3.7/site-packages/airflow/example_dags/tutorial_taskflow_api_etl.py for tasks to queue
[2022-09-15T16:56:45.450+0000] {logging_mixin.py:115} INFO - [2022-09-15T16:56:45.450+0000] {dagbag.py:508} INFO - Filling up the DagBag from /home/airflow/.local/lib/python3.7/site-packages/airflow/example_dags/tutorial_taskflow_api_etl.py
[2022-09-15T16:56:45.461+0000] {processor.py:650} INFO - DAG(s) dict_keys(['tutorial_taskflow_api_etl']) retrieved from /home/airflow/.local/lib/python3.7/site-packages/airflow/example_dags/tutorial_taskflow_api_etl.py
[2022-09-15T16:56:45.508+0000] {logging_mixin.py:115} INFO - [2022-09-15T16:56:45.508+0000] {dag.py:2429} INFO - Sync 1 DAGs
[2022-09-15T16:56:45.523+0000] {logging_mixin.py:115} INFO - [2022-09-15T16:56:45.523+0000] {dag.py:2981} INFO - Setting next_dagrun for tutorial_taskflow_api_etl to None, run_after=None
[2022-09-15T16:56:45.532+0000] {processor.py:161} INFO - Processing /home/airflow/.local/lib/python3.7/site-packages/airflow/example_dags/tutorial_taskflow_api_etl.py took 0.094 seconds
[2022-09-15T16:57:15.593+0000] {processor.py:153} INFO - Started process (PID=1808) to work on /home/airflow/.local/lib/python3.7/site-packages/airflow/example_dags/tutorial_taskflow_api_etl.py
[2022-09-15T16:57:15.595+0000] {processor.py:640} INFO - Processing file /home/airflow/.local/lib/python3.7/site-packages/airflow/example_dags/tutorial_taskflow_api_etl.py for tasks to queue
[2022-09-15T16:57:15.596+0000] {logging_mixin.py:115} INFO - [2022-09-15T16:57:15.596+0000] {dagbag.py:508} INFO - Filling up the DagBag from /home/airflow/.local/lib/python3.7/site-packages/airflow/example_dags/tutorial_taskflow_api_etl.py
[2022-09-15T16:57:15.609+0000] {processor.py:650} INFO - DAG(s) dict_keys(['tutorial_taskflow_api_etl']) retrieved from /home/airflow/.local/lib/python3.7/site-packages/airflow/example_dags/tutorial_taskflow_api_etl.py
[2022-09-15T16:57:15.630+0000] {logging_mixin.py:115} INFO - [2022-09-15T16:57:15.630+0000] {dag.py:2429} INFO - Sync 1 DAGs
[2022-09-15T16:57:15.649+0000] {logging_mixin.py:115} INFO - [2022-09-15T16:57:15.649+0000] {dag.py:2981} INFO - Setting next_dagrun for tutorial_taskflow_api_etl to None, run_after=None
[2022-09-15T16:57:15.659+0000] {processor.py:161} INFO - Processing /home/airflow/.local/lib/python3.7/site-packages/airflow/example_dags/tutorial_taskflow_api_etl.py took 0.069 seconds
[2022-09-15T16:57:46.719+0000] {processor.py:153} INFO - Started process (PID=1873) to work on /home/airflow/.local/lib/python3.7/site-packages/airflow/example_dags/tutorial_taskflow_api_etl.py
[2022-09-15T16:57:46.723+0000] {processor.py:640} INFO - Processing file /home/airflow/.local/lib/python3.7/site-packages/airflow/example_dags/tutorial_taskflow_api_etl.py for tasks to queue
[2022-09-15T16:57:46.726+0000] {logging_mixin.py:115} INFO - [2022-09-15T16:57:46.726+0000] {dagbag.py:508} INFO - Filling up the DagBag from /home/airflow/.local/lib/python3.7/site-packages/airflow/example_dags/tutorial_taskflow_api_etl.py
[2022-09-15T16:57:46.763+0000] {processor.py:650} INFO - DAG(s) dict_keys(['tutorial_taskflow_api_etl']) retrieved from /home/airflow/.local/lib/python3.7/site-packages/airflow/example_dags/tutorial_taskflow_api_etl.py
[2022-09-15T16:57:46.872+0000] {logging_mixin.py:115} INFO - [2022-09-15T16:57:46.872+0000] {dag.py:2429} INFO - Sync 1 DAGs
[2022-09-15T16:57:46.888+0000] {logging_mixin.py:115} INFO - [2022-09-15T16:57:46.888+0000] {dag.py:2981} INFO - Setting next_dagrun for tutorial_taskflow_api_etl to None, run_after=None
[2022-09-15T16:57:46.902+0000] {processor.py:161} INFO - Processing /home/airflow/.local/lib/python3.7/site-packages/airflow/example_dags/tutorial_taskflow_api_etl.py took 0.187 seconds
[2022-09-15T16:58:17.870+0000] {processor.py:153} INFO - Started process (PID=1946) to work on /home/airflow/.local/lib/python3.7/site-packages/airflow/example_dags/tutorial_taskflow_api_etl.py
[2022-09-15T16:58:17.873+0000] {processor.py:640} INFO - Processing file /home/airflow/.local/lib/python3.7/site-packages/airflow/example_dags/tutorial_taskflow_api_etl.py for tasks to queue
[2022-09-15T16:58:17.874+0000] {logging_mixin.py:115} INFO - [2022-09-15T16:58:17.874+0000] {dagbag.py:508} INFO - Filling up the DagBag from /home/airflow/.local/lib/python3.7/site-packages/airflow/example_dags/tutorial_taskflow_api_etl.py
[2022-09-15T16:58:17.890+0000] {processor.py:650} INFO - DAG(s) dict_keys(['tutorial_taskflow_api_etl']) retrieved from /home/airflow/.local/lib/python3.7/site-packages/airflow/example_dags/tutorial_taskflow_api_etl.py
[2022-09-15T16:58:17.910+0000] {logging_mixin.py:115} INFO - [2022-09-15T16:58:17.910+0000] {dag.py:2429} INFO - Sync 1 DAGs
[2022-09-15T16:58:17.926+0000] {logging_mixin.py:115} INFO - [2022-09-15T16:58:17.926+0000] {dag.py:2981} INFO - Setting next_dagrun for tutorial_taskflow_api_etl to None, run_after=None
[2022-09-15T16:58:17.934+0000] {processor.py:161} INFO - Processing /home/airflow/.local/lib/python3.7/site-packages/airflow/example_dags/tutorial_taskflow_api_etl.py took 0.071 seconds
[2022-09-15T16:58:48.919+0000] {processor.py:153} INFO - Started process (PID=2012) to work on /home/airflow/.local/lib/python3.7/site-packages/airflow/example_dags/tutorial_taskflow_api_etl.py
[2022-09-15T16:58:48.933+0000] {processor.py:640} INFO - Processing file /home/airflow/.local/lib/python3.7/site-packages/airflow/example_dags/tutorial_taskflow_api_etl.py for tasks to queue
[2022-09-15T16:58:48.936+0000] {logging_mixin.py:115} INFO - [2022-09-15T16:58:48.936+0000] {dagbag.py:508} INFO - Filling up the DagBag from /home/airflow/.local/lib/python3.7/site-packages/airflow/example_dags/tutorial_taskflow_api_etl.py
[2022-09-15T16:58:48.970+0000] {processor.py:650} INFO - DAG(s) dict_keys(['tutorial_taskflow_api_etl']) retrieved from /home/airflow/.local/lib/python3.7/site-packages/airflow/example_dags/tutorial_taskflow_api_etl.py
[2022-09-15T16:58:49.015+0000] {logging_mixin.py:115} INFO - [2022-09-15T16:58:49.015+0000] {dag.py:2429} INFO - Sync 1 DAGs
[2022-09-15T16:58:49.028+0000] {logging_mixin.py:115} INFO - [2022-09-15T16:58:49.028+0000] {dag.py:2981} INFO - Setting next_dagrun for tutorial_taskflow_api_etl to None, run_after=None
[2022-09-15T16:58:49.037+0000] {processor.py:161} INFO - Processing /home/airflow/.local/lib/python3.7/site-packages/airflow/example_dags/tutorial_taskflow_api_etl.py took 0.121 seconds
[2022-09-15T16:59:19.133+0000] {processor.py:153} INFO - Started process (PID=2080) to work on /home/airflow/.local/lib/python3.7/site-packages/airflow/example_dags/tutorial_taskflow_api_etl.py
[2022-09-15T16:59:19.136+0000] {processor.py:640} INFO - Processing file /home/airflow/.local/lib/python3.7/site-packages/airflow/example_dags/tutorial_taskflow_api_etl.py for tasks to queue
[2022-09-15T16:59:19.138+0000] {logging_mixin.py:115} INFO - [2022-09-15T16:59:19.138+0000] {dagbag.py:508} INFO - Filling up the DagBag from /home/airflow/.local/lib/python3.7/site-packages/airflow/example_dags/tutorial_taskflow_api_etl.py
[2022-09-15T16:59:19.152+0000] {processor.py:650} INFO - DAG(s) dict_keys(['tutorial_taskflow_api_etl']) retrieved from /home/airflow/.local/lib/python3.7/site-packages/airflow/example_dags/tutorial_taskflow_api_etl.py
[2022-09-15T16:59:19.197+0000] {logging_mixin.py:115} INFO - [2022-09-15T16:59:19.196+0000] {dag.py:2429} INFO - Sync 1 DAGs
[2022-09-15T16:59:19.210+0000] {logging_mixin.py:115} INFO - [2022-09-15T16:59:19.209+0000] {dag.py:2981} INFO - Setting next_dagrun for tutorial_taskflow_api_etl to None, run_after=None
[2022-09-15T16:59:19.218+0000] {processor.py:161} INFO - Processing /home/airflow/.local/lib/python3.7/site-packages/airflow/example_dags/tutorial_taskflow_api_etl.py took 0.090 seconds
[2022-09-15T16:59:50.116+0000] {processor.py:153} INFO - Started process (PID=2148) to work on /home/airflow/.local/lib/python3.7/site-packages/airflow/example_dags/tutorial_taskflow_api_etl.py
[2022-09-15T16:59:50.117+0000] {processor.py:640} INFO - Processing file /home/airflow/.local/lib/python3.7/site-packages/airflow/example_dags/tutorial_taskflow_api_etl.py for tasks to queue
[2022-09-15T16:59:50.119+0000] {logging_mixin.py:115} INFO - [2022-09-15T16:59:50.118+0000] {dagbag.py:508} INFO - Filling up the DagBag from /home/airflow/.local/lib/python3.7/site-packages/airflow/example_dags/tutorial_taskflow_api_etl.py
[2022-09-15T16:59:50.137+0000] {processor.py:650} INFO - DAG(s) dict_keys(['tutorial_taskflow_api_etl']) retrieved from /home/airflow/.local/lib/python3.7/site-packages/airflow/example_dags/tutorial_taskflow_api_etl.py
[2022-09-15T16:59:50.206+0000] {logging_mixin.py:115} INFO - [2022-09-15T16:59:50.206+0000] {dag.py:2429} INFO - Sync 1 DAGs
[2022-09-15T16:59:50.224+0000] {logging_mixin.py:115} INFO - [2022-09-15T16:59:50.224+0000] {dag.py:2981} INFO - Setting next_dagrun for tutorial_taskflow_api_etl to None, run_after=None
[2022-09-15T16:59:50.237+0000] {processor.py:161} INFO - Processing /home/airflow/.local/lib/python3.7/site-packages/airflow/example_dags/tutorial_taskflow_api_etl.py took 0.124 seconds
[2022-09-15T17:00:21.159+0000] {processor.py:153} INFO - Started process (PID=2208) to work on /home/airflow/.local/lib/python3.7/site-packages/airflow/example_dags/tutorial_taskflow_api_etl.py
[2022-09-15T17:00:21.162+0000] {processor.py:640} INFO - Processing file /home/airflow/.local/lib/python3.7/site-packages/airflow/example_dags/tutorial_taskflow_api_etl.py for tasks to queue
[2022-09-15T17:00:21.163+0000] {logging_mixin.py:115} INFO - [2022-09-15T17:00:21.163+0000] {dagbag.py:508} INFO - Filling up the DagBag from /home/airflow/.local/lib/python3.7/site-packages/airflow/example_dags/tutorial_taskflow_api_etl.py
[2022-09-15T17:00:21.174+0000] {processor.py:650} INFO - DAG(s) dict_keys(['tutorial_taskflow_api_etl']) retrieved from /home/airflow/.local/lib/python3.7/site-packages/airflow/example_dags/tutorial_taskflow_api_etl.py
[2022-09-15T17:00:21.193+0000] {logging_mixin.py:115} INFO - [2022-09-15T17:00:21.192+0000] {dag.py:2429} INFO - Sync 1 DAGs
[2022-09-15T17:00:21.209+0000] {logging_mixin.py:115} INFO - [2022-09-15T17:00:21.208+0000] {dag.py:2981} INFO - Setting next_dagrun for tutorial_taskflow_api_etl to None, run_after=None
[2022-09-15T17:00:21.216+0000] {processor.py:161} INFO - Processing /home/airflow/.local/lib/python3.7/site-packages/airflow/example_dags/tutorial_taskflow_api_etl.py took 0.060 seconds
[2022-09-15T17:00:51.334+0000] {processor.py:153} INFO - Started process (PID=2279) to work on /home/airflow/.local/lib/python3.7/site-packages/airflow/example_dags/tutorial_taskflow_api_etl.py
[2022-09-15T17:00:51.338+0000] {processor.py:640} INFO - Processing file /home/airflow/.local/lib/python3.7/site-packages/airflow/example_dags/tutorial_taskflow_api_etl.py for tasks to queue
[2022-09-15T17:00:51.340+0000] {logging_mixin.py:115} INFO - [2022-09-15T17:00:51.340+0000] {dagbag.py:508} INFO - Filling up the DagBag from /home/airflow/.local/lib/python3.7/site-packages/airflow/example_dags/tutorial_taskflow_api_etl.py
[2022-09-15T17:00:51.357+0000] {processor.py:650} INFO - DAG(s) dict_keys(['tutorial_taskflow_api_etl']) retrieved from /home/airflow/.local/lib/python3.7/site-packages/airflow/example_dags/tutorial_taskflow_api_etl.py
[2022-09-15T17:00:51.404+0000] {logging_mixin.py:115} INFO - [2022-09-15T17:00:51.404+0000] {dag.py:2429} INFO - Sync 1 DAGs
[2022-09-15T17:00:51.419+0000] {logging_mixin.py:115} INFO - [2022-09-15T17:00:51.418+0000] {dag.py:2981} INFO - Setting next_dagrun for tutorial_taskflow_api_etl to None, run_after=None
[2022-09-15T17:00:51.428+0000] {processor.py:161} INFO - Processing /home/airflow/.local/lib/python3.7/site-packages/airflow/example_dags/tutorial_taskflow_api_etl.py took 0.099 seconds
[2022-09-15T17:01:21.517+0000] {processor.py:153} INFO - Started process (PID=2343) to work on /home/airflow/.local/lib/python3.7/site-packages/airflow/example_dags/tutorial_taskflow_api_etl.py
[2022-09-15T17:01:21.519+0000] {processor.py:640} INFO - Processing file /home/airflow/.local/lib/python3.7/site-packages/airflow/example_dags/tutorial_taskflow_api_etl.py for tasks to queue
[2022-09-15T17:01:21.520+0000] {logging_mixin.py:115} INFO - [2022-09-15T17:01:21.520+0000] {dagbag.py:508} INFO - Filling up the DagBag from /home/airflow/.local/lib/python3.7/site-packages/airflow/example_dags/tutorial_taskflow_api_etl.py
[2022-09-15T17:01:21.531+0000] {processor.py:650} INFO - DAG(s) dict_keys(['tutorial_taskflow_api_etl']) retrieved from /home/airflow/.local/lib/python3.7/site-packages/airflow/example_dags/tutorial_taskflow_api_etl.py
[2022-09-15T17:01:21.579+0000] {logging_mixin.py:115} INFO - [2022-09-15T17:01:21.579+0000] {dag.py:2429} INFO - Sync 1 DAGs
[2022-09-15T17:01:21.592+0000] {logging_mixin.py:115} INFO - [2022-09-15T17:01:21.592+0000] {dag.py:2981} INFO - Setting next_dagrun for tutorial_taskflow_api_etl to None, run_after=None
[2022-09-15T17:01:21.602+0000] {processor.py:161} INFO - Processing /home/airflow/.local/lib/python3.7/site-packages/airflow/example_dags/tutorial_taskflow_api_etl.py took 0.088 seconds
[2022-09-15T17:01:52.371+0000] {processor.py:153} INFO - Started process (PID=2413) to work on /home/airflow/.local/lib/python3.7/site-packages/airflow/example_dags/tutorial_taskflow_api_etl.py
[2022-09-15T17:01:52.374+0000] {processor.py:640} INFO - Processing file /home/airflow/.local/lib/python3.7/site-packages/airflow/example_dags/tutorial_taskflow_api_etl.py for tasks to queue
[2022-09-15T17:01:52.375+0000] {logging_mixin.py:115} INFO - [2022-09-15T17:01:52.375+0000] {dagbag.py:508} INFO - Filling up the DagBag from /home/airflow/.local/lib/python3.7/site-packages/airflow/example_dags/tutorial_taskflow_api_etl.py
[2022-09-15T17:01:52.393+0000] {processor.py:650} INFO - DAG(s) dict_keys(['tutorial_taskflow_api_etl']) retrieved from /home/airflow/.local/lib/python3.7/site-packages/airflow/example_dags/tutorial_taskflow_api_etl.py
[2022-09-15T17:01:52.442+0000] {logging_mixin.py:115} INFO - [2022-09-15T17:01:52.442+0000] {dag.py:2429} INFO - Sync 1 DAGs
[2022-09-15T17:01:52.457+0000] {logging_mixin.py:115} INFO - [2022-09-15T17:01:52.457+0000] {dag.py:2981} INFO - Setting next_dagrun for tutorial_taskflow_api_etl to None, run_after=None
[2022-09-15T17:01:52.467+0000] {processor.py:161} INFO - Processing /home/airflow/.local/lib/python3.7/site-packages/airflow/example_dags/tutorial_taskflow_api_etl.py took 0.100 seconds
[2022-09-15T17:02:22.726+0000] {processor.py:153} INFO - Started process (PID=2480) to work on /home/airflow/.local/lib/python3.7/site-packages/airflow/example_dags/tutorial_taskflow_api_etl.py
[2022-09-15T17:02:22.731+0000] {processor.py:640} INFO - Processing file /home/airflow/.local/lib/python3.7/site-packages/airflow/example_dags/tutorial_taskflow_api_etl.py for tasks to queue
[2022-09-15T17:02:22.735+0000] {logging_mixin.py:115} INFO - [2022-09-15T17:02:22.735+0000] {dagbag.py:508} INFO - Filling up the DagBag from /home/airflow/.local/lib/python3.7/site-packages/airflow/example_dags/tutorial_taskflow_api_etl.py
[2022-09-15T17:02:22.748+0000] {processor.py:650} INFO - DAG(s) dict_keys(['tutorial_taskflow_api_etl']) retrieved from /home/airflow/.local/lib/python3.7/site-packages/airflow/example_dags/tutorial_taskflow_api_etl.py
[2022-09-15T17:02:22.771+0000] {logging_mixin.py:115} INFO - [2022-09-15T17:02:22.770+0000] {dag.py:2429} INFO - Sync 1 DAGs
[2022-09-15T17:02:22.792+0000] {logging_mixin.py:115} INFO - [2022-09-15T17:02:22.792+0000] {dag.py:2981} INFO - Setting next_dagrun for tutorial_taskflow_api_etl to None, run_after=None
[2022-09-15T17:02:22.802+0000] {processor.py:161} INFO - Processing /home/airflow/.local/lib/python3.7/site-packages/airflow/example_dags/tutorial_taskflow_api_etl.py took 0.078 seconds
[2022-09-15T17:02:52.926+0000] {processor.py:153} INFO - Started process (PID=2539) to work on /home/airflow/.local/lib/python3.7/site-packages/airflow/example_dags/tutorial_taskflow_api_etl.py
[2022-09-15T17:02:52.928+0000] {processor.py:640} INFO - Processing file /home/airflow/.local/lib/python3.7/site-packages/airflow/example_dags/tutorial_taskflow_api_etl.py for tasks to queue
[2022-09-15T17:02:52.929+0000] {logging_mixin.py:115} INFO - [2022-09-15T17:02:52.929+0000] {dagbag.py:508} INFO - Filling up the DagBag from /home/airflow/.local/lib/python3.7/site-packages/airflow/example_dags/tutorial_taskflow_api_etl.py
[2022-09-15T17:02:52.942+0000] {processor.py:650} INFO - DAG(s) dict_keys(['tutorial_taskflow_api_etl']) retrieved from /home/airflow/.local/lib/python3.7/site-packages/airflow/example_dags/tutorial_taskflow_api_etl.py
[2022-09-15T17:02:52.993+0000] {logging_mixin.py:115} INFO - [2022-09-15T17:02:52.993+0000] {dag.py:2429} INFO - Sync 1 DAGs
[2022-09-15T17:02:53.006+0000] {logging_mixin.py:115} INFO - [2022-09-15T17:02:53.006+0000] {dag.py:2981} INFO - Setting next_dagrun for tutorial_taskflow_api_etl to None, run_after=None
[2022-09-15T17:02:53.014+0000] {processor.py:161} INFO - Processing /home/airflow/.local/lib/python3.7/site-packages/airflow/example_dags/tutorial_taskflow_api_etl.py took 0.091 seconds
[2022-09-15T17:03:23.145+0000] {processor.py:153} INFO - Started process (PID=2609) to work on /home/airflow/.local/lib/python3.7/site-packages/airflow/example_dags/tutorial_taskflow_api_etl.py
[2022-09-15T17:03:23.149+0000] {processor.py:640} INFO - Processing file /home/airflow/.local/lib/python3.7/site-packages/airflow/example_dags/tutorial_taskflow_api_etl.py for tasks to queue
[2022-09-15T17:03:23.150+0000] {logging_mixin.py:115} INFO - [2022-09-15T17:03:23.150+0000] {dagbag.py:508} INFO - Filling up the DagBag from /home/airflow/.local/lib/python3.7/site-packages/airflow/example_dags/tutorial_taskflow_api_etl.py
[2022-09-15T17:03:23.161+0000] {processor.py:650} INFO - DAG(s) dict_keys(['tutorial_taskflow_api_etl']) retrieved from /home/airflow/.local/lib/python3.7/site-packages/airflow/example_dags/tutorial_taskflow_api_etl.py
[2022-09-15T17:03:23.180+0000] {logging_mixin.py:115} INFO - [2022-09-15T17:03:23.180+0000] {dag.py:2429} INFO - Sync 1 DAGs
[2022-09-15T17:03:23.194+0000] {logging_mixin.py:115} INFO - [2022-09-15T17:03:23.194+0000] {dag.py:2981} INFO - Setting next_dagrun for tutorial_taskflow_api_etl to None, run_after=None
[2022-09-15T17:03:23.207+0000] {processor.py:161} INFO - Processing /home/airflow/.local/lib/python3.7/site-packages/airflow/example_dags/tutorial_taskflow_api_etl.py took 0.064 seconds
[2022-09-15T17:03:53.315+0000] {processor.py:153} INFO - Started process (PID=2677) to work on /home/airflow/.local/lib/python3.7/site-packages/airflow/example_dags/tutorial_taskflow_api_etl.py
[2022-09-15T17:03:53.317+0000] {processor.py:640} INFO - Processing file /home/airflow/.local/lib/python3.7/site-packages/airflow/example_dags/tutorial_taskflow_api_etl.py for tasks to queue
[2022-09-15T17:03:53.318+0000] {logging_mixin.py:115} INFO - [2022-09-15T17:03:53.318+0000] {dagbag.py:508} INFO - Filling up the DagBag from /home/airflow/.local/lib/python3.7/site-packages/airflow/example_dags/tutorial_taskflow_api_etl.py
[2022-09-15T17:03:53.331+0000] {processor.py:650} INFO - DAG(s) dict_keys(['tutorial_taskflow_api_etl']) retrieved from /home/airflow/.local/lib/python3.7/site-packages/airflow/example_dags/tutorial_taskflow_api_etl.py
[2022-09-15T17:03:53.378+0000] {logging_mixin.py:115} INFO - [2022-09-15T17:03:53.378+0000] {dag.py:2429} INFO - Sync 1 DAGs
[2022-09-15T17:03:53.390+0000] {logging_mixin.py:115} INFO - [2022-09-15T17:03:53.390+0000] {dag.py:2981} INFO - Setting next_dagrun for tutorial_taskflow_api_etl to None, run_after=None
[2022-09-15T17:03:53.399+0000] {processor.py:161} INFO - Processing /home/airflow/.local/lib/python3.7/site-packages/airflow/example_dags/tutorial_taskflow_api_etl.py took 0.087 seconds
[2022-09-15T17:04:23.496+0000] {processor.py:153} INFO - Started process (PID=2745) to work on /home/airflow/.local/lib/python3.7/site-packages/airflow/example_dags/tutorial_taskflow_api_etl.py
[2022-09-15T17:04:23.498+0000] {processor.py:640} INFO - Processing file /home/airflow/.local/lib/python3.7/site-packages/airflow/example_dags/tutorial_taskflow_api_etl.py for tasks to queue
[2022-09-15T17:04:23.499+0000] {logging_mixin.py:115} INFO - [2022-09-15T17:04:23.499+0000] {dagbag.py:508} INFO - Filling up the DagBag from /home/airflow/.local/lib/python3.7/site-packages/airflow/example_dags/tutorial_taskflow_api_etl.py
[2022-09-15T17:04:23.511+0000] {processor.py:650} INFO - DAG(s) dict_keys(['tutorial_taskflow_api_etl']) retrieved from /home/airflow/.local/lib/python3.7/site-packages/airflow/example_dags/tutorial_taskflow_api_etl.py
[2022-09-15T17:04:23.569+0000] {logging_mixin.py:115} INFO - [2022-09-15T17:04:23.569+0000] {dag.py:2429} INFO - Sync 1 DAGs
[2022-09-15T17:04:23.585+0000] {logging_mixin.py:115} INFO - [2022-09-15T17:04:23.585+0000] {dag.py:2981} INFO - Setting next_dagrun for tutorial_taskflow_api_etl to None, run_after=None
[2022-09-15T17:04:23.596+0000] {processor.py:161} INFO - Processing /home/airflow/.local/lib/python3.7/site-packages/airflow/example_dags/tutorial_taskflow_api_etl.py took 0.102 seconds
[2022-09-15T17:04:53.632+0000] {processor.py:153} INFO - Started process (PID=2801) to work on /home/airflow/.local/lib/python3.7/site-packages/airflow/example_dags/tutorial_taskflow_api_etl.py
[2022-09-15T17:04:53.634+0000] {processor.py:640} INFO - Processing file /home/airflow/.local/lib/python3.7/site-packages/airflow/example_dags/tutorial_taskflow_api_etl.py for tasks to queue
[2022-09-15T17:04:53.637+0000] {logging_mixin.py:115} INFO - [2022-09-15T17:04:53.637+0000] {dagbag.py:508} INFO - Filling up the DagBag from /home/airflow/.local/lib/python3.7/site-packages/airflow/example_dags/tutorial_taskflow_api_etl.py
[2022-09-15T17:04:53.648+0000] {processor.py:650} INFO - DAG(s) dict_keys(['tutorial_taskflow_api_etl']) retrieved from /home/airflow/.local/lib/python3.7/site-packages/airflow/example_dags/tutorial_taskflow_api_etl.py
[2022-09-15T17:04:53.695+0000] {logging_mixin.py:115} INFO - [2022-09-15T17:04:53.695+0000] {dag.py:2429} INFO - Sync 1 DAGs
[2022-09-15T17:04:53.708+0000] {logging_mixin.py:115} INFO - [2022-09-15T17:04:53.708+0000] {dag.py:2981} INFO - Setting next_dagrun for tutorial_taskflow_api_etl to None, run_after=None
[2022-09-15T17:04:53.718+0000] {processor.py:161} INFO - Processing /home/airflow/.local/lib/python3.7/site-packages/airflow/example_dags/tutorial_taskflow_api_etl.py took 0.088 seconds
