[2022-10-01T00:00:20.859+0000] {processor.py:153} INFO - Started process (PID=33903) to work on /opt/airflow/dags/master_part_id_table_updates_pg.py
[2022-10-01T00:00:20.860+0000] {processor.py:640} INFO - Processing file /opt/airflow/dags/master_part_id_table_updates_pg.py for tasks to queue
[2022-10-01T00:00:20.862+0000] {logging_mixin.py:115} INFO - [2022-10-01T00:00:20.862+0000] {dagbag.py:508} INFO - Filling up the DagBag from /opt/airflow/dags/master_part_id_table_updates_pg.py
[2022-10-01T00:00:20.916+0000] {processor.py:650} INFO - DAG(s) dict_keys(['master_part_id_table_updates_pg']) retrieved from /opt/airflow/dags/master_part_id_table_updates_pg.py
[2022-10-01T00:00:20.945+0000] {logging_mixin.py:115} INFO - [2022-10-01T00:00:20.945+0000] {dag.py:2429} INFO - Sync 1 DAGs
[2022-10-01T00:00:20.966+0000] {logging_mixin.py:115} INFO - [2022-10-01T00:00:20.966+0000] {dag.py:2981} INFO - Setting next_dagrun for master_part_id_table_updates_pg to 2022-09-22T00:00:00+00:00, run_after=2022-09-22T00:00:00+00:00
[2022-10-01T00:00:20.976+0000] {processor.py:161} INFO - Processing /opt/airflow/dags/master_part_id_table_updates_pg.py took 0.123 seconds
[2022-10-01T00:00:51.477+0000] {processor.py:153} INFO - Started process (PID=33970) to work on /opt/airflow/dags/master_part_id_table_updates_pg.py
[2022-10-01T00:00:51.479+0000] {processor.py:640} INFO - Processing file /opt/airflow/dags/master_part_id_table_updates_pg.py for tasks to queue
[2022-10-01T00:00:51.482+0000] {logging_mixin.py:115} INFO - [2022-10-01T00:00:51.482+0000] {dagbag.py:508} INFO - Filling up the DagBag from /opt/airflow/dags/master_part_id_table_updates_pg.py
[2022-10-01T00:00:51.542+0000] {processor.py:650} INFO - DAG(s) dict_keys(['master_part_id_table_updates_pg']) retrieved from /opt/airflow/dags/master_part_id_table_updates_pg.py
[2022-10-01T00:00:51.575+0000] {logging_mixin.py:115} INFO - [2022-10-01T00:00:51.575+0000] {dag.py:2429} INFO - Sync 1 DAGs
[2022-10-01T00:00:51.602+0000] {logging_mixin.py:115} INFO - [2022-10-01T00:00:51.601+0000] {dag.py:2981} INFO - Setting next_dagrun for master_part_id_table_updates_pg to 2022-09-22T00:00:00+00:00, run_after=2022-09-22T00:00:00+00:00
[2022-10-01T00:00:51.611+0000] {processor.py:161} INFO - Processing /opt/airflow/dags/master_part_id_table_updates_pg.py took 0.138 seconds
[2022-10-01T00:01:21.740+0000] {processor.py:153} INFO - Started process (PID=34036) to work on /opt/airflow/dags/master_part_id_table_updates_pg.py
[2022-10-01T00:01:21.746+0000] {processor.py:640} INFO - Processing file /opt/airflow/dags/master_part_id_table_updates_pg.py for tasks to queue
[2022-10-01T00:01:21.750+0000] {logging_mixin.py:115} INFO - [2022-10-01T00:01:21.750+0000] {dagbag.py:508} INFO - Filling up the DagBag from /opt/airflow/dags/master_part_id_table_updates_pg.py
[2022-10-01T00:01:21.878+0000] {processor.py:650} INFO - DAG(s) dict_keys(['master_part_id_table_updates_pg']) retrieved from /opt/airflow/dags/master_part_id_table_updates_pg.py
[2022-10-01T00:01:21.927+0000] {logging_mixin.py:115} INFO - [2022-10-01T00:01:21.927+0000] {dag.py:2429} INFO - Sync 1 DAGs
[2022-10-01T00:01:21.956+0000] {logging_mixin.py:115} INFO - [2022-10-01T00:01:21.956+0000] {dag.py:2981} INFO - Setting next_dagrun for master_part_id_table_updates_pg to 2022-09-22T00:00:00+00:00, run_after=2022-09-22T00:00:00+00:00
[2022-10-01T00:01:21.976+0000] {processor.py:161} INFO - Processing /opt/airflow/dags/master_part_id_table_updates_pg.py took 0.243 seconds
[2022-10-01T00:01:52.437+0000] {processor.py:153} INFO - Started process (PID=34093) to work on /opt/airflow/dags/master_part_id_table_updates_pg.py
[2022-10-01T00:01:52.439+0000] {processor.py:640} INFO - Processing file /opt/airflow/dags/master_part_id_table_updates_pg.py for tasks to queue
[2022-10-01T00:01:52.441+0000] {logging_mixin.py:115} INFO - [2022-10-01T00:01:52.441+0000] {dagbag.py:508} INFO - Filling up the DagBag from /opt/airflow/dags/master_part_id_table_updates_pg.py
[2022-10-01T00:01:52.505+0000] {processor.py:650} INFO - DAG(s) dict_keys(['master_part_id_table_updates_pg']) retrieved from /opt/airflow/dags/master_part_id_table_updates_pg.py
[2022-10-01T00:01:52.542+0000] {logging_mixin.py:115} INFO - [2022-10-01T00:01:52.542+0000] {dag.py:2429} INFO - Sync 1 DAGs
[2022-10-01T00:01:52.568+0000] {logging_mixin.py:115} INFO - [2022-10-01T00:01:52.568+0000] {dag.py:2981} INFO - Setting next_dagrun for master_part_id_table_updates_pg to 2022-09-22T00:00:00+00:00, run_after=2022-09-22T00:00:00+00:00
[2022-10-01T00:01:52.579+0000] {processor.py:161} INFO - Processing /opt/airflow/dags/master_part_id_table_updates_pg.py took 0.146 seconds
[2022-10-01T00:02:22.775+0000] {processor.py:153} INFO - Started process (PID=34159) to work on /opt/airflow/dags/master_part_id_table_updates_pg.py
[2022-10-01T00:02:22.777+0000] {processor.py:640} INFO - Processing file /opt/airflow/dags/master_part_id_table_updates_pg.py for tasks to queue
[2022-10-01T00:02:22.779+0000] {logging_mixin.py:115} INFO - [2022-10-01T00:02:22.779+0000] {dagbag.py:508} INFO - Filling up the DagBag from /opt/airflow/dags/master_part_id_table_updates_pg.py
[2022-10-01T00:02:22.825+0000] {processor.py:650} INFO - DAG(s) dict_keys(['master_part_id_table_updates_pg']) retrieved from /opt/airflow/dags/master_part_id_table_updates_pg.py
[2022-10-01T00:02:22.856+0000] {logging_mixin.py:115} INFO - [2022-10-01T00:02:22.856+0000] {dag.py:2429} INFO - Sync 1 DAGs
[2022-10-01T00:02:22.885+0000] {logging_mixin.py:115} INFO - [2022-10-01T00:02:22.884+0000] {dag.py:2981} INFO - Setting next_dagrun for master_part_id_table_updates_pg to 2022-09-22T00:00:00+00:00, run_after=2022-09-22T00:00:00+00:00
[2022-10-01T00:02:22.894+0000] {processor.py:161} INFO - Processing /opt/airflow/dags/master_part_id_table_updates_pg.py took 0.134 seconds
[2022-10-01T00:02:53.259+0000] {processor.py:153} INFO - Started process (PID=34225) to work on /opt/airflow/dags/master_part_id_table_updates_pg.py
[2022-10-01T00:02:53.260+0000] {processor.py:640} INFO - Processing file /opt/airflow/dags/master_part_id_table_updates_pg.py for tasks to queue
[2022-10-01T00:02:53.262+0000] {logging_mixin.py:115} INFO - [2022-10-01T00:02:53.262+0000] {dagbag.py:508} INFO - Filling up the DagBag from /opt/airflow/dags/master_part_id_table_updates_pg.py
[2022-10-01T00:02:53.326+0000] {processor.py:650} INFO - DAG(s) dict_keys(['master_part_id_table_updates_pg']) retrieved from /opt/airflow/dags/master_part_id_table_updates_pg.py
[2022-10-01T00:02:53.354+0000] {logging_mixin.py:115} INFO - [2022-10-01T00:02:53.354+0000] {dag.py:2429} INFO - Sync 1 DAGs
[2022-10-01T00:02:53.377+0000] {logging_mixin.py:115} INFO - [2022-10-01T00:02:53.377+0000] {dag.py:2981} INFO - Setting next_dagrun for master_part_id_table_updates_pg to 2022-09-22T00:00:00+00:00, run_after=2022-09-22T00:00:00+00:00
[2022-10-01T00:02:53.386+0000] {processor.py:161} INFO - Processing /opt/airflow/dags/master_part_id_table_updates_pg.py took 0.133 seconds
[2022-10-01T00:03:23.557+0000] {processor.py:153} INFO - Started process (PID=34283) to work on /opt/airflow/dags/master_part_id_table_updates_pg.py
[2022-10-01T00:03:23.560+0000] {processor.py:640} INFO - Processing file /opt/airflow/dags/master_part_id_table_updates_pg.py for tasks to queue
[2022-10-01T00:03:23.561+0000] {logging_mixin.py:115} INFO - [2022-10-01T00:03:23.561+0000] {dagbag.py:508} INFO - Filling up the DagBag from /opt/airflow/dags/master_part_id_table_updates_pg.py
[2022-10-01T00:03:23.608+0000] {processor.py:650} INFO - DAG(s) dict_keys(['master_part_id_table_updates_pg']) retrieved from /opt/airflow/dags/master_part_id_table_updates_pg.py
[2022-10-01T00:03:23.636+0000] {logging_mixin.py:115} INFO - [2022-10-01T00:03:23.636+0000] {dag.py:2429} INFO - Sync 1 DAGs
[2022-10-01T00:03:23.660+0000] {logging_mixin.py:115} INFO - [2022-10-01T00:03:23.660+0000] {dag.py:2981} INFO - Setting next_dagrun for master_part_id_table_updates_pg to 2022-09-22T00:00:00+00:00, run_after=2022-09-22T00:00:00+00:00
[2022-10-01T00:03:23.675+0000] {processor.py:161} INFO - Processing /opt/airflow/dags/master_part_id_table_updates_pg.py took 0.124 seconds
[2022-10-01T00:03:53.849+0000] {processor.py:153} INFO - Started process (PID=34349) to work on /opt/airflow/dags/master_part_id_table_updates_pg.py
[2022-10-01T00:03:53.853+0000] {processor.py:640} INFO - Processing file /opt/airflow/dags/master_part_id_table_updates_pg.py for tasks to queue
[2022-10-01T00:03:53.854+0000] {logging_mixin.py:115} INFO - [2022-10-01T00:03:53.854+0000] {dagbag.py:508} INFO - Filling up the DagBag from /opt/airflow/dags/master_part_id_table_updates_pg.py
[2022-10-01T00:03:53.902+0000] {processor.py:650} INFO - DAG(s) dict_keys(['master_part_id_table_updates_pg']) retrieved from /opt/airflow/dags/master_part_id_table_updates_pg.py
[2022-10-01T00:03:53.924+0000] {logging_mixin.py:115} INFO - [2022-10-01T00:03:53.924+0000] {dag.py:2429} INFO - Sync 1 DAGs
[2022-10-01T00:03:53.942+0000] {logging_mixin.py:115} INFO - [2022-10-01T00:03:53.942+0000] {dag.py:2981} INFO - Setting next_dagrun for master_part_id_table_updates_pg to 2022-09-22T00:00:00+00:00, run_after=2022-09-22T00:00:00+00:00
[2022-10-01T00:03:53.952+0000] {processor.py:161} INFO - Processing /opt/airflow/dags/master_part_id_table_updates_pg.py took 0.108 seconds
[2022-10-01T00:04:24.362+0000] {processor.py:153} INFO - Started process (PID=34415) to work on /opt/airflow/dags/master_part_id_table_updates_pg.py
[2022-10-01T00:04:24.365+0000] {processor.py:640} INFO - Processing file /opt/airflow/dags/master_part_id_table_updates_pg.py for tasks to queue
[2022-10-01T00:04:24.367+0000] {logging_mixin.py:115} INFO - [2022-10-01T00:04:24.367+0000] {dagbag.py:508} INFO - Filling up the DagBag from /opt/airflow/dags/master_part_id_table_updates_pg.py
[2022-10-01T00:04:24.418+0000] {processor.py:650} INFO - DAG(s) dict_keys(['master_part_id_table_updates_pg']) retrieved from /opt/airflow/dags/master_part_id_table_updates_pg.py
[2022-10-01T00:04:24.446+0000] {logging_mixin.py:115} INFO - [2022-10-01T00:04:24.446+0000] {dag.py:2429} INFO - Sync 1 DAGs
[2022-10-01T00:04:24.467+0000] {logging_mixin.py:115} INFO - [2022-10-01T00:04:24.467+0000] {dag.py:2981} INFO - Setting next_dagrun for master_part_id_table_updates_pg to 2022-09-22T00:00:00+00:00, run_after=2022-09-22T00:00:00+00:00
[2022-10-01T00:04:24.479+0000] {processor.py:161} INFO - Processing /opt/airflow/dags/master_part_id_table_updates_pg.py took 0.127 seconds
[2022-10-01T00:04:54.722+0000] {processor.py:153} INFO - Started process (PID=34481) to work on /opt/airflow/dags/master_part_id_table_updates_pg.py
[2022-10-01T00:04:54.724+0000] {processor.py:640} INFO - Processing file /opt/airflow/dags/master_part_id_table_updates_pg.py for tasks to queue
[2022-10-01T00:04:54.726+0000] {logging_mixin.py:115} INFO - [2022-10-01T00:04:54.726+0000] {dagbag.py:508} INFO - Filling up the DagBag from /opt/airflow/dags/master_part_id_table_updates_pg.py
[2022-10-01T00:04:54.777+0000] {processor.py:650} INFO - DAG(s) dict_keys(['master_part_id_table_updates_pg']) retrieved from /opt/airflow/dags/master_part_id_table_updates_pg.py
[2022-10-01T00:04:54.799+0000] {logging_mixin.py:115} INFO - [2022-10-01T00:04:54.799+0000] {dag.py:2429} INFO - Sync 1 DAGs
[2022-10-01T00:04:54.822+0000] {logging_mixin.py:115} INFO - [2022-10-01T00:04:54.822+0000] {dag.py:2981} INFO - Setting next_dagrun for master_part_id_table_updates_pg to 2022-09-22T00:00:00+00:00, run_after=2022-09-22T00:00:00+00:00
[2022-10-01T00:04:54.832+0000] {processor.py:161} INFO - Processing /opt/airflow/dags/master_part_id_table_updates_pg.py took 0.115 seconds
[2022-10-01T00:05:25.182+0000] {processor.py:153} INFO - Started process (PID=34538) to work on /opt/airflow/dags/master_part_id_table_updates_pg.py
[2022-10-01T00:05:25.185+0000] {processor.py:640} INFO - Processing file /opt/airflow/dags/master_part_id_table_updates_pg.py for tasks to queue
[2022-10-01T00:05:25.187+0000] {logging_mixin.py:115} INFO - [2022-10-01T00:05:25.187+0000] {dagbag.py:508} INFO - Filling up the DagBag from /opt/airflow/dags/master_part_id_table_updates_pg.py
[2022-10-01T00:05:25.244+0000] {processor.py:650} INFO - DAG(s) dict_keys(['master_part_id_table_updates_pg']) retrieved from /opt/airflow/dags/master_part_id_table_updates_pg.py
[2022-10-01T00:05:25.280+0000] {logging_mixin.py:115} INFO - [2022-10-01T00:05:25.280+0000] {dag.py:2429} INFO - Sync 1 DAGs
[2022-10-01T00:05:25.309+0000] {logging_mixin.py:115} INFO - [2022-10-01T00:05:25.308+0000] {dag.py:2981} INFO - Setting next_dagrun for master_part_id_table_updates_pg to 2022-09-22T00:00:00+00:00, run_after=2022-09-22T00:00:00+00:00
[2022-10-01T00:05:25.318+0000] {processor.py:161} INFO - Processing /opt/airflow/dags/master_part_id_table_updates_pg.py took 0.148 seconds
[2022-10-01T00:05:55.499+0000] {processor.py:153} INFO - Started process (PID=34605) to work on /opt/airflow/dags/master_part_id_table_updates_pg.py
[2022-10-01T00:05:55.502+0000] {processor.py:640} INFO - Processing file /opt/airflow/dags/master_part_id_table_updates_pg.py for tasks to queue
[2022-10-01T00:05:55.504+0000] {logging_mixin.py:115} INFO - [2022-10-01T00:05:55.504+0000] {dagbag.py:508} INFO - Filling up the DagBag from /opt/airflow/dags/master_part_id_table_updates_pg.py
[2022-10-01T00:05:55.556+0000] {processor.py:650} INFO - DAG(s) dict_keys(['master_part_id_table_updates_pg']) retrieved from /opt/airflow/dags/master_part_id_table_updates_pg.py
[2022-10-01T00:05:55.581+0000] {logging_mixin.py:115} INFO - [2022-10-01T00:05:55.581+0000] {dag.py:2429} INFO - Sync 1 DAGs
[2022-10-01T00:05:55.602+0000] {logging_mixin.py:115} INFO - [2022-10-01T00:05:55.601+0000] {dag.py:2981} INFO - Setting next_dagrun for master_part_id_table_updates_pg to 2022-09-22T00:00:00+00:00, run_after=2022-09-22T00:00:00+00:00
[2022-10-01T00:05:55.611+0000] {processor.py:161} INFO - Processing /opt/airflow/dags/master_part_id_table_updates_pg.py took 0.118 seconds
[2022-10-01T00:06:25.880+0000] {processor.py:153} INFO - Started process (PID=34672) to work on /opt/airflow/dags/master_part_id_table_updates_pg.py
[2022-10-01T00:06:25.885+0000] {processor.py:640} INFO - Processing file /opt/airflow/dags/master_part_id_table_updates_pg.py for tasks to queue
[2022-10-01T00:06:25.888+0000] {logging_mixin.py:115} INFO - [2022-10-01T00:06:25.888+0000] {dagbag.py:508} INFO - Filling up the DagBag from /opt/airflow/dags/master_part_id_table_updates_pg.py
[2022-10-01T00:06:25.945+0000] {processor.py:650} INFO - DAG(s) dict_keys(['master_part_id_table_updates_pg']) retrieved from /opt/airflow/dags/master_part_id_table_updates_pg.py
[2022-10-01T00:06:25.987+0000] {logging_mixin.py:115} INFO - [2022-10-01T00:06:25.987+0000] {dag.py:2429} INFO - Sync 1 DAGs
[2022-10-01T00:06:26.009+0000] {logging_mixin.py:115} INFO - [2022-10-01T00:06:26.009+0000] {dag.py:2981} INFO - Setting next_dagrun for master_part_id_table_updates_pg to 2022-09-22T00:00:00+00:00, run_after=2022-09-22T00:00:00+00:00
[2022-10-01T00:06:26.019+0000] {processor.py:161} INFO - Processing /opt/airflow/dags/master_part_id_table_updates_pg.py took 0.148 seconds
[2022-10-01T00:06:56.318+0000] {processor.py:153} INFO - Started process (PID=34738) to work on /opt/airflow/dags/master_part_id_table_updates_pg.py
[2022-10-01T00:06:56.321+0000] {processor.py:640} INFO - Processing file /opt/airflow/dags/master_part_id_table_updates_pg.py for tasks to queue
[2022-10-01T00:06:56.323+0000] {logging_mixin.py:115} INFO - [2022-10-01T00:06:56.323+0000] {dagbag.py:508} INFO - Filling up the DagBag from /opt/airflow/dags/master_part_id_table_updates_pg.py
[2022-10-01T00:06:56.402+0000] {processor.py:650} INFO - DAG(s) dict_keys(['master_part_id_table_updates_pg']) retrieved from /opt/airflow/dags/master_part_id_table_updates_pg.py
[2022-10-01T00:06:56.431+0000] {logging_mixin.py:115} INFO - [2022-10-01T00:06:56.431+0000] {dag.py:2429} INFO - Sync 1 DAGs
[2022-10-01T00:06:56.457+0000] {logging_mixin.py:115} INFO - [2022-10-01T00:06:56.457+0000] {dag.py:2981} INFO - Setting next_dagrun for master_part_id_table_updates_pg to 2022-09-22T00:00:00+00:00, run_after=2022-09-22T00:00:00+00:00
[2022-10-01T00:06:56.468+0000] {processor.py:161} INFO - Processing /opt/airflow/dags/master_part_id_table_updates_pg.py took 0.158 seconds
[2022-10-01T00:07:26.651+0000] {processor.py:153} INFO - Started process (PID=34795) to work on /opt/airflow/dags/master_part_id_table_updates_pg.py
[2022-10-01T00:07:26.657+0000] {processor.py:640} INFO - Processing file /opt/airflow/dags/master_part_id_table_updates_pg.py for tasks to queue
[2022-10-01T00:07:26.660+0000] {logging_mixin.py:115} INFO - [2022-10-01T00:07:26.660+0000] {dagbag.py:508} INFO - Filling up the DagBag from /opt/airflow/dags/master_part_id_table_updates_pg.py
[2022-10-01T00:07:26.720+0000] {processor.py:650} INFO - DAG(s) dict_keys(['master_part_id_table_updates_pg']) retrieved from /opt/airflow/dags/master_part_id_table_updates_pg.py
[2022-10-01T00:07:26.744+0000] {logging_mixin.py:115} INFO - [2022-10-01T00:07:26.744+0000] {dag.py:2429} INFO - Sync 1 DAGs
[2022-10-01T00:07:26.763+0000] {logging_mixin.py:115} INFO - [2022-10-01T00:07:26.763+0000] {dag.py:2981} INFO - Setting next_dagrun for master_part_id_table_updates_pg to 2022-09-22T00:00:00+00:00, run_after=2022-09-22T00:00:00+00:00
[2022-10-01T00:07:26.774+0000] {processor.py:161} INFO - Processing /opt/airflow/dags/master_part_id_table_updates_pg.py took 0.137 seconds
[2022-10-01T00:07:57.106+0000] {processor.py:153} INFO - Started process (PID=34861) to work on /opt/airflow/dags/master_part_id_table_updates_pg.py
[2022-10-01T00:07:57.112+0000] {processor.py:640} INFO - Processing file /opt/airflow/dags/master_part_id_table_updates_pg.py for tasks to queue
[2022-10-01T00:07:57.120+0000] {logging_mixin.py:115} INFO - [2022-10-01T00:07:57.120+0000] {dagbag.py:508} INFO - Filling up the DagBag from /opt/airflow/dags/master_part_id_table_updates_pg.py
[2022-10-01T00:07:57.186+0000] {processor.py:650} INFO - DAG(s) dict_keys(['master_part_id_table_updates_pg']) retrieved from /opt/airflow/dags/master_part_id_table_updates_pg.py
[2022-10-01T00:07:57.211+0000] {logging_mixin.py:115} INFO - [2022-10-01T00:07:57.211+0000] {dag.py:2429} INFO - Sync 1 DAGs
[2022-10-01T00:07:57.230+0000] {logging_mixin.py:115} INFO - [2022-10-01T00:07:57.230+0000] {dag.py:2981} INFO - Setting next_dagrun for master_part_id_table_updates_pg to 2022-09-22T00:00:00+00:00, run_after=2022-09-22T00:00:00+00:00
[2022-10-01T00:07:57.240+0000] {processor.py:161} INFO - Processing /opt/airflow/dags/master_part_id_table_updates_pg.py took 0.152 seconds
[2022-10-01T00:08:27.506+0000] {processor.py:153} INFO - Started process (PID=34927) to work on /opt/airflow/dags/master_part_id_table_updates_pg.py
[2022-10-01T00:08:27.509+0000] {processor.py:640} INFO - Processing file /opt/airflow/dags/master_part_id_table_updates_pg.py for tasks to queue
[2022-10-01T00:08:27.511+0000] {logging_mixin.py:115} INFO - [2022-10-01T00:08:27.511+0000] {dagbag.py:508} INFO - Filling up the DagBag from /opt/airflow/dags/master_part_id_table_updates_pg.py
[2022-10-01T00:08:27.599+0000] {processor.py:650} INFO - DAG(s) dict_keys(['master_part_id_table_updates_pg']) retrieved from /opt/airflow/dags/master_part_id_table_updates_pg.py
[2022-10-01T00:08:27.641+0000] {logging_mixin.py:115} INFO - [2022-10-01T00:08:27.641+0000] {dag.py:2429} INFO - Sync 1 DAGs
[2022-10-01T00:08:27.661+0000] {logging_mixin.py:115} INFO - [2022-10-01T00:08:27.661+0000] {dag.py:2981} INFO - Setting next_dagrun for master_part_id_table_updates_pg to 2022-09-22T00:00:00+00:00, run_after=2022-09-22T00:00:00+00:00
[2022-10-01T00:08:27.671+0000] {processor.py:161} INFO - Processing /opt/airflow/dags/master_part_id_table_updates_pg.py took 0.183 seconds
[2022-10-01T00:08:58.056+0000] {processor.py:153} INFO - Started process (PID=34993) to work on /opt/airflow/dags/master_part_id_table_updates_pg.py
[2022-10-01T00:08:58.058+0000] {processor.py:640} INFO - Processing file /opt/airflow/dags/master_part_id_table_updates_pg.py for tasks to queue
[2022-10-01T00:08:58.059+0000] {logging_mixin.py:115} INFO - [2022-10-01T00:08:58.059+0000] {dagbag.py:508} INFO - Filling up the DagBag from /opt/airflow/dags/master_part_id_table_updates_pg.py
[2022-10-01T00:08:58.150+0000] {processor.py:650} INFO - DAG(s) dict_keys(['master_part_id_table_updates_pg']) retrieved from /opt/airflow/dags/master_part_id_table_updates_pg.py
[2022-10-01T00:08:58.182+0000] {logging_mixin.py:115} INFO - [2022-10-01T00:08:58.181+0000] {dag.py:2429} INFO - Sync 1 DAGs
[2022-10-01T00:08:58.201+0000] {logging_mixin.py:115} INFO - [2022-10-01T00:08:58.201+0000] {dag.py:2981} INFO - Setting next_dagrun for master_part_id_table_updates_pg to 2022-09-22T00:00:00+00:00, run_after=2022-09-22T00:00:00+00:00
[2022-10-01T00:08:58.209+0000] {processor.py:161} INFO - Processing /opt/airflow/dags/master_part_id_table_updates_pg.py took 0.157 seconds
[2022-10-01T00:09:28.593+0000] {processor.py:153} INFO - Started process (PID=35049) to work on /opt/airflow/dags/master_part_id_table_updates_pg.py
[2022-10-01T00:09:28.596+0000] {processor.py:640} INFO - Processing file /opt/airflow/dags/master_part_id_table_updates_pg.py for tasks to queue
[2022-10-01T00:09:28.599+0000] {logging_mixin.py:115} INFO - [2022-10-01T00:09:28.599+0000] {dagbag.py:508} INFO - Filling up the DagBag from /opt/airflow/dags/master_part_id_table_updates_pg.py
[2022-10-01T00:09:28.690+0000] {processor.py:650} INFO - DAG(s) dict_keys(['master_part_id_table_updates_pg']) retrieved from /opt/airflow/dags/master_part_id_table_updates_pg.py
[2022-10-01T00:09:28.721+0000] {logging_mixin.py:115} INFO - [2022-10-01T00:09:28.721+0000] {dag.py:2429} INFO - Sync 1 DAGs
[2022-10-01T00:09:28.740+0000] {logging_mixin.py:115} INFO - [2022-10-01T00:09:28.740+0000] {dag.py:2981} INFO - Setting next_dagrun for master_part_id_table_updates_pg to 2022-09-22T00:00:00+00:00, run_after=2022-09-22T00:00:00+00:00
[2022-10-01T00:09:28.749+0000] {processor.py:161} INFO - Processing /opt/airflow/dags/master_part_id_table_updates_pg.py took 0.168 seconds
[2022-10-01T00:09:59.148+0000] {processor.py:153} INFO - Started process (PID=35114) to work on /opt/airflow/dags/master_part_id_table_updates_pg.py
[2022-10-01T00:09:59.151+0000] {processor.py:640} INFO - Processing file /opt/airflow/dags/master_part_id_table_updates_pg.py for tasks to queue
[2022-10-01T00:09:59.154+0000] {logging_mixin.py:115} INFO - [2022-10-01T00:09:59.154+0000] {dagbag.py:508} INFO - Filling up the DagBag from /opt/airflow/dags/master_part_id_table_updates_pg.py
[2022-10-01T00:09:59.219+0000] {processor.py:650} INFO - DAG(s) dict_keys(['master_part_id_table_updates_pg']) retrieved from /opt/airflow/dags/master_part_id_table_updates_pg.py
[2022-10-01T00:09:59.252+0000] {logging_mixin.py:115} INFO - [2022-10-01T00:09:59.252+0000] {dag.py:2429} INFO - Sync 1 DAGs
[2022-10-01T00:09:59.279+0000] {logging_mixin.py:115} INFO - [2022-10-01T00:09:59.278+0000] {dag.py:2981} INFO - Setting next_dagrun for master_part_id_table_updates_pg to 2022-09-22T00:00:00+00:00, run_after=2022-09-22T00:00:00+00:00
[2022-10-01T00:09:59.287+0000] {processor.py:161} INFO - Processing /opt/airflow/dags/master_part_id_table_updates_pg.py took 0.148 seconds
[2022-10-01T00:10:29.454+0000] {processor.py:153} INFO - Started process (PID=35181) to work on /opt/airflow/dags/master_part_id_table_updates_pg.py
[2022-10-01T00:10:29.456+0000] {processor.py:640} INFO - Processing file /opt/airflow/dags/master_part_id_table_updates_pg.py for tasks to queue
[2022-10-01T00:10:29.458+0000] {logging_mixin.py:115} INFO - [2022-10-01T00:10:29.458+0000] {dagbag.py:508} INFO - Filling up the DagBag from /opt/airflow/dags/master_part_id_table_updates_pg.py
[2022-10-01T00:10:29.516+0000] {processor.py:650} INFO - DAG(s) dict_keys(['master_part_id_table_updates_pg']) retrieved from /opt/airflow/dags/master_part_id_table_updates_pg.py
[2022-10-01T00:10:29.547+0000] {logging_mixin.py:115} INFO - [2022-10-01T00:10:29.547+0000] {dag.py:2429} INFO - Sync 1 DAGs
[2022-10-01T00:10:29.578+0000] {logging_mixin.py:115} INFO - [2022-10-01T00:10:29.578+0000] {dag.py:2981} INFO - Setting next_dagrun for master_part_id_table_updates_pg to 2022-09-22T00:00:00+00:00, run_after=2022-09-22T00:00:00+00:00
[2022-10-01T00:10:29.588+0000] {processor.py:161} INFO - Processing /opt/airflow/dags/master_part_id_table_updates_pg.py took 0.143 seconds
[2022-10-01T00:11:00.054+0000] {processor.py:153} INFO - Started process (PID=35247) to work on /opt/airflow/dags/master_part_id_table_updates_pg.py
[2022-10-01T00:11:00.058+0000] {processor.py:640} INFO - Processing file /opt/airflow/dags/master_part_id_table_updates_pg.py for tasks to queue
[2022-10-01T00:11:00.060+0000] {logging_mixin.py:115} INFO - [2022-10-01T00:11:00.060+0000] {dagbag.py:508} INFO - Filling up the DagBag from /opt/airflow/dags/master_part_id_table_updates_pg.py
[2022-10-01T00:11:00.124+0000] {processor.py:650} INFO - DAG(s) dict_keys(['master_part_id_table_updates_pg']) retrieved from /opt/airflow/dags/master_part_id_table_updates_pg.py
[2022-10-01T00:11:00.153+0000] {logging_mixin.py:115} INFO - [2022-10-01T00:11:00.153+0000] {dag.py:2429} INFO - Sync 1 DAGs
[2022-10-01T00:11:00.180+0000] {logging_mixin.py:115} INFO - [2022-10-01T00:11:00.179+0000] {dag.py:2981} INFO - Setting next_dagrun for master_part_id_table_updates_pg to 2022-09-22T00:00:00+00:00, run_after=2022-09-22T00:00:00+00:00
[2022-10-01T00:11:00.190+0000] {processor.py:161} INFO - Processing /opt/airflow/dags/master_part_id_table_updates_pg.py took 0.139 seconds
[2022-10-01T00:11:31.213+0000] {processor.py:153} INFO - Started process (PID=35305) to work on /opt/airflow/dags/master_part_id_table_updates_pg.py
[2022-10-01T00:11:31.216+0000] {processor.py:640} INFO - Processing file /opt/airflow/dags/master_part_id_table_updates_pg.py for tasks to queue
[2022-10-01T00:11:31.219+0000] {logging_mixin.py:115} INFO - [2022-10-01T00:11:31.219+0000] {dagbag.py:508} INFO - Filling up the DagBag from /opt/airflow/dags/master_part_id_table_updates_pg.py
[2022-10-01T00:11:31.274+0000] {processor.py:650} INFO - DAG(s) dict_keys(['master_part_id_table_updates_pg']) retrieved from /opt/airflow/dags/master_part_id_table_updates_pg.py
[2022-10-01T00:11:31.308+0000] {logging_mixin.py:115} INFO - [2022-10-01T00:11:31.308+0000] {dag.py:2429} INFO - Sync 1 DAGs
[2022-10-01T00:11:31.333+0000] {logging_mixin.py:115} INFO - [2022-10-01T00:11:31.333+0000] {dag.py:2981} INFO - Setting next_dagrun for master_part_id_table_updates_pg to 2022-09-22T00:00:00+00:00, run_after=2022-09-22T00:00:00+00:00
[2022-10-01T00:11:31.342+0000] {processor.py:161} INFO - Processing /opt/airflow/dags/master_part_id_table_updates_pg.py took 0.137 seconds
[2022-10-01T00:12:01.706+0000] {processor.py:153} INFO - Started process (PID=35370) to work on /opt/airflow/dags/master_part_id_table_updates_pg.py
[2022-10-01T00:12:01.710+0000] {processor.py:640} INFO - Processing file /opt/airflow/dags/master_part_id_table_updates_pg.py for tasks to queue
[2022-10-01T00:12:01.712+0000] {logging_mixin.py:115} INFO - [2022-10-01T00:12:01.712+0000] {dagbag.py:508} INFO - Filling up the DagBag from /opt/airflow/dags/master_part_id_table_updates_pg.py
[2022-10-01T00:12:01.765+0000] {processor.py:650} INFO - DAG(s) dict_keys(['master_part_id_table_updates_pg']) retrieved from /opt/airflow/dags/master_part_id_table_updates_pg.py
[2022-10-01T00:12:01.798+0000] {logging_mixin.py:115} INFO - [2022-10-01T00:12:01.798+0000] {dag.py:2429} INFO - Sync 1 DAGs
[2022-10-01T00:12:01.820+0000] {logging_mixin.py:115} INFO - [2022-10-01T00:12:01.820+0000] {dag.py:2981} INFO - Setting next_dagrun for master_part_id_table_updates_pg to 2022-09-22T00:00:00+00:00, run_after=2022-09-22T00:00:00+00:00
[2022-10-01T00:12:01.830+0000] {processor.py:161} INFO - Processing /opt/airflow/dags/master_part_id_table_updates_pg.py took 0.127 seconds
[2022-10-01T00:12:32.055+0000] {processor.py:153} INFO - Started process (PID=35437) to work on /opt/airflow/dags/master_part_id_table_updates_pg.py
[2022-10-01T00:12:32.059+0000] {processor.py:640} INFO - Processing file /opt/airflow/dags/master_part_id_table_updates_pg.py for tasks to queue
[2022-10-01T00:12:32.062+0000] {logging_mixin.py:115} INFO - [2022-10-01T00:12:32.061+0000] {dagbag.py:508} INFO - Filling up the DagBag from /opt/airflow/dags/master_part_id_table_updates_pg.py
[2022-10-01T00:12:32.121+0000] {processor.py:650} INFO - DAG(s) dict_keys(['master_part_id_table_updates_pg']) retrieved from /opt/airflow/dags/master_part_id_table_updates_pg.py
[2022-10-01T00:12:32.150+0000] {logging_mixin.py:115} INFO - [2022-10-01T00:12:32.150+0000] {dag.py:2429} INFO - Sync 1 DAGs
[2022-10-01T00:12:32.171+0000] {logging_mixin.py:115} INFO - [2022-10-01T00:12:32.171+0000] {dag.py:2981} INFO - Setting next_dagrun for master_part_id_table_updates_pg to 2022-09-22T00:00:00+00:00, run_after=2022-09-22T00:00:00+00:00
[2022-10-01T00:12:32.182+0000] {processor.py:161} INFO - Processing /opt/airflow/dags/master_part_id_table_updates_pg.py took 0.135 seconds
[2022-10-01T00:13:02.579+0000] {processor.py:153} INFO - Started process (PID=35502) to work on /opt/airflow/dags/master_part_id_table_updates_pg.py
[2022-10-01T00:13:02.581+0000] {processor.py:640} INFO - Processing file /opt/airflow/dags/master_part_id_table_updates_pg.py for tasks to queue
[2022-10-01T00:13:02.583+0000] {logging_mixin.py:115} INFO - [2022-10-01T00:13:02.583+0000] {dagbag.py:508} INFO - Filling up the DagBag from /opt/airflow/dags/master_part_id_table_updates_pg.py
[2022-10-01T00:13:02.627+0000] {processor.py:650} INFO - DAG(s) dict_keys(['master_part_id_table_updates_pg']) retrieved from /opt/airflow/dags/master_part_id_table_updates_pg.py
[2022-10-01T00:13:02.654+0000] {logging_mixin.py:115} INFO - [2022-10-01T00:13:02.654+0000] {dag.py:2429} INFO - Sync 1 DAGs
[2022-10-01T00:13:02.675+0000] {logging_mixin.py:115} INFO - [2022-10-01T00:13:02.675+0000] {dag.py:2981} INFO - Setting next_dagrun for master_part_id_table_updates_pg to 2022-09-22T00:00:00+00:00, run_after=2022-09-22T00:00:00+00:00
[2022-10-01T00:13:02.684+0000] {processor.py:161} INFO - Processing /opt/airflow/dags/master_part_id_table_updates_pg.py took 0.112 seconds
[2022-10-01T00:13:32.891+0000] {processor.py:153} INFO - Started process (PID=35561) to work on /opt/airflow/dags/master_part_id_table_updates_pg.py
[2022-10-01T00:13:32.893+0000] {processor.py:640} INFO - Processing file /opt/airflow/dags/master_part_id_table_updates_pg.py for tasks to queue
[2022-10-01T00:13:32.895+0000] {logging_mixin.py:115} INFO - [2022-10-01T00:13:32.895+0000] {dagbag.py:508} INFO - Filling up the DagBag from /opt/airflow/dags/master_part_id_table_updates_pg.py
[2022-10-01T00:13:32.942+0000] {processor.py:650} INFO - DAG(s) dict_keys(['master_part_id_table_updates_pg']) retrieved from /opt/airflow/dags/master_part_id_table_updates_pg.py
[2022-10-01T00:13:32.970+0000] {logging_mixin.py:115} INFO - [2022-10-01T00:13:32.970+0000] {dag.py:2429} INFO - Sync 1 DAGs
[2022-10-01T00:13:32.993+0000] {logging_mixin.py:115} INFO - [2022-10-01T00:13:32.993+0000] {dag.py:2981} INFO - Setting next_dagrun for master_part_id_table_updates_pg to 2022-09-22T00:00:00+00:00, run_after=2022-09-22T00:00:00+00:00
[2022-10-01T00:13:33.005+0000] {processor.py:161} INFO - Processing /opt/airflow/dags/master_part_id_table_updates_pg.py took 0.123 seconds
[2022-10-01T00:18:31.807+0000] {processor.py:153} INFO - Started process (PID=35619) to work on /opt/airflow/dags/master_part_id_table_updates_pg.py
[2022-10-01T00:18:31.815+0000] {processor.py:640} INFO - Processing file /opt/airflow/dags/master_part_id_table_updates_pg.py for tasks to queue
[2022-10-01T00:18:31.816+0000] {logging_mixin.py:115} INFO - [2022-10-01T00:18:31.816+0000] {dagbag.py:508} INFO - Filling up the DagBag from /opt/airflow/dags/master_part_id_table_updates_pg.py
[2022-10-01T00:18:31.935+0000] {processor.py:650} INFO - DAG(s) dict_keys(['master_part_id_table_updates_pg']) retrieved from /opt/airflow/dags/master_part_id_table_updates_pg.py
[2022-10-01T00:18:31.979+0000] {logging_mixin.py:115} INFO - [2022-10-01T00:18:31.979+0000] {dag.py:2429} INFO - Sync 1 DAGs
[2022-10-01T00:18:32.015+0000] {logging_mixin.py:115} INFO - [2022-10-01T00:18:32.015+0000] {dag.py:2981} INFO - Setting next_dagrun for master_part_id_table_updates_pg to 2022-09-22T00:00:00+00:00, run_after=2022-09-22T00:00:00+00:00
[2022-10-01T00:18:32.032+0000] {processor.py:161} INFO - Processing /opt/airflow/dags/master_part_id_table_updates_pg.py took 0.228 seconds
[2022-10-01T00:19:02.294+0000] {processor.py:153} INFO - Started process (PID=35676) to work on /opt/airflow/dags/master_part_id_table_updates_pg.py
[2022-10-01T00:19:02.298+0000] {processor.py:640} INFO - Processing file /opt/airflow/dags/master_part_id_table_updates_pg.py for tasks to queue
[2022-10-01T00:19:02.300+0000] {logging_mixin.py:115} INFO - [2022-10-01T00:19:02.300+0000] {dagbag.py:508} INFO - Filling up the DagBag from /opt/airflow/dags/master_part_id_table_updates_pg.py
[2022-10-01T00:19:02.370+0000] {processor.py:650} INFO - DAG(s) dict_keys(['master_part_id_table_updates_pg']) retrieved from /opt/airflow/dags/master_part_id_table_updates_pg.py
[2022-10-01T00:19:02.401+0000] {logging_mixin.py:115} INFO - [2022-10-01T00:19:02.401+0000] {dag.py:2429} INFO - Sync 1 DAGs
[2022-10-01T00:19:02.423+0000] {logging_mixin.py:115} INFO - [2022-10-01T00:19:02.423+0000] {dag.py:2981} INFO - Setting next_dagrun for master_part_id_table_updates_pg to 2022-09-22T00:00:00+00:00, run_after=2022-09-22T00:00:00+00:00
[2022-10-01T00:19:02.439+0000] {processor.py:161} INFO - Processing /opt/airflow/dags/master_part_id_table_updates_pg.py took 0.153 seconds
[2022-10-01T00:19:32.830+0000] {processor.py:153} INFO - Started process (PID=35743) to work on /opt/airflow/dags/master_part_id_table_updates_pg.py
[2022-10-01T00:19:32.833+0000] {processor.py:640} INFO - Processing file /opt/airflow/dags/master_part_id_table_updates_pg.py for tasks to queue
[2022-10-01T00:19:32.835+0000] {logging_mixin.py:115} INFO - [2022-10-01T00:19:32.835+0000] {dagbag.py:508} INFO - Filling up the DagBag from /opt/airflow/dags/master_part_id_table_updates_pg.py
[2022-10-01T00:19:32.884+0000] {processor.py:650} INFO - DAG(s) dict_keys(['master_part_id_table_updates_pg']) retrieved from /opt/airflow/dags/master_part_id_table_updates_pg.py
[2022-10-01T00:19:32.909+0000] {logging_mixin.py:115} INFO - [2022-10-01T00:19:32.909+0000] {dag.py:2429} INFO - Sync 1 DAGs
[2022-10-01T00:19:32.929+0000] {logging_mixin.py:115} INFO - [2022-10-01T00:19:32.929+0000] {dag.py:2981} INFO - Setting next_dagrun for master_part_id_table_updates_pg to 2022-09-22T00:00:00+00:00, run_after=2022-09-22T00:00:00+00:00
[2022-10-01T00:19:32.937+0000] {processor.py:161} INFO - Processing /opt/airflow/dags/master_part_id_table_updates_pg.py took 0.114 seconds
[2022-10-01T00:20:03.571+0000] {processor.py:153} INFO - Started process (PID=35807) to work on /opt/airflow/dags/master_part_id_table_updates_pg.py
[2022-10-01T00:20:03.574+0000] {processor.py:640} INFO - Processing file /opt/airflow/dags/master_part_id_table_updates_pg.py for tasks to queue
[2022-10-01T00:20:03.575+0000] {logging_mixin.py:115} INFO - [2022-10-01T00:20:03.575+0000] {dagbag.py:508} INFO - Filling up the DagBag from /opt/airflow/dags/master_part_id_table_updates_pg.py
[2022-10-01T00:20:03.636+0000] {processor.py:650} INFO - DAG(s) dict_keys(['master_part_id_table_updates_pg']) retrieved from /opt/airflow/dags/master_part_id_table_updates_pg.py
[2022-10-01T00:20:03.664+0000] {logging_mixin.py:115} INFO - [2022-10-01T00:20:03.663+0000] {dag.py:2429} INFO - Sync 1 DAGs
[2022-10-01T00:20:03.684+0000] {logging_mixin.py:115} INFO - [2022-10-01T00:20:03.683+0000] {dag.py:2981} INFO - Setting next_dagrun for master_part_id_table_updates_pg to 2022-09-22T00:00:00+00:00, run_after=2022-09-22T00:00:00+00:00
[2022-10-01T00:20:03.693+0000] {processor.py:161} INFO - Processing /opt/airflow/dags/master_part_id_table_updates_pg.py took 0.132 seconds
[2022-10-01T00:20:34.051+0000] {processor.py:153} INFO - Started process (PID=35875) to work on /opt/airflow/dags/master_part_id_table_updates_pg.py
[2022-10-01T00:20:34.055+0000] {processor.py:640} INFO - Processing file /opt/airflow/dags/master_part_id_table_updates_pg.py for tasks to queue
[2022-10-01T00:20:34.058+0000] {logging_mixin.py:115} INFO - [2022-10-01T00:20:34.057+0000] {dagbag.py:508} INFO - Filling up the DagBag from /opt/airflow/dags/master_part_id_table_updates_pg.py
[2022-10-01T00:20:34.106+0000] {processor.py:650} INFO - DAG(s) dict_keys(['master_part_id_table_updates_pg']) retrieved from /opt/airflow/dags/master_part_id_table_updates_pg.py
[2022-10-01T00:20:34.134+0000] {logging_mixin.py:115} INFO - [2022-10-01T00:20:34.134+0000] {dag.py:2429} INFO - Sync 1 DAGs
[2022-10-01T00:20:34.151+0000] {logging_mixin.py:115} INFO - [2022-10-01T00:20:34.151+0000] {dag.py:2981} INFO - Setting next_dagrun for master_part_id_table_updates_pg to 2022-09-22T00:00:00+00:00, run_after=2022-09-22T00:00:00+00:00
[2022-10-01T00:20:34.163+0000] {processor.py:161} INFO - Processing /opt/airflow/dags/master_part_id_table_updates_pg.py took 0.122 seconds
[2022-10-01T00:21:04.445+0000] {processor.py:153} INFO - Started process (PID=35932) to work on /opt/airflow/dags/master_part_id_table_updates_pg.py
[2022-10-01T00:21:04.449+0000] {processor.py:640} INFO - Processing file /opt/airflow/dags/master_part_id_table_updates_pg.py for tasks to queue
[2022-10-01T00:21:04.452+0000] {logging_mixin.py:115} INFO - [2022-10-01T00:21:04.452+0000] {dagbag.py:508} INFO - Filling up the DagBag from /opt/airflow/dags/master_part_id_table_updates_pg.py
[2022-10-01T00:21:04.514+0000] {processor.py:650} INFO - DAG(s) dict_keys(['master_part_id_table_updates_pg']) retrieved from /opt/airflow/dags/master_part_id_table_updates_pg.py
[2022-10-01T00:21:04.552+0000] {logging_mixin.py:115} INFO - [2022-10-01T00:21:04.552+0000] {dag.py:2429} INFO - Sync 1 DAGs
[2022-10-01T00:21:04.580+0000] {logging_mixin.py:115} INFO - [2022-10-01T00:21:04.580+0000] {dag.py:2981} INFO - Setting next_dagrun for master_part_id_table_updates_pg to 2022-09-22T00:00:00+00:00, run_after=2022-09-22T00:00:00+00:00
[2022-10-01T00:21:04.592+0000] {processor.py:161} INFO - Processing /opt/airflow/dags/master_part_id_table_updates_pg.py took 0.160 seconds
[2022-10-01T00:21:35.042+0000] {processor.py:153} INFO - Started process (PID=35997) to work on /opt/airflow/dags/master_part_id_table_updates_pg.py
[2022-10-01T00:21:35.044+0000] {processor.py:640} INFO - Processing file /opt/airflow/dags/master_part_id_table_updates_pg.py for tasks to queue
[2022-10-01T00:21:35.046+0000] {logging_mixin.py:115} INFO - [2022-10-01T00:21:35.046+0000] {dagbag.py:508} INFO - Filling up the DagBag from /opt/airflow/dags/master_part_id_table_updates_pg.py
[2022-10-01T00:21:35.114+0000] {processor.py:650} INFO - DAG(s) dict_keys(['master_part_id_table_updates_pg']) retrieved from /opt/airflow/dags/master_part_id_table_updates_pg.py
[2022-10-01T00:21:35.145+0000] {logging_mixin.py:115} INFO - [2022-10-01T00:21:35.145+0000] {dag.py:2429} INFO - Sync 1 DAGs
[2022-10-01T00:21:35.169+0000] {logging_mixin.py:115} INFO - [2022-10-01T00:21:35.168+0000] {dag.py:2981} INFO - Setting next_dagrun for master_part_id_table_updates_pg to 2022-09-22T00:00:00+00:00, run_after=2022-09-22T00:00:00+00:00
[2022-10-01T00:21:35.178+0000] {processor.py:161} INFO - Processing /opt/airflow/dags/master_part_id_table_updates_pg.py took 0.139 seconds
[2022-10-01T00:22:05.462+0000] {processor.py:153} INFO - Started process (PID=36063) to work on /opt/airflow/dags/master_part_id_table_updates_pg.py
[2022-10-01T00:22:05.465+0000] {processor.py:640} INFO - Processing file /opt/airflow/dags/master_part_id_table_updates_pg.py for tasks to queue
[2022-10-01T00:22:05.466+0000] {logging_mixin.py:115} INFO - [2022-10-01T00:22:05.466+0000] {dagbag.py:508} INFO - Filling up the DagBag from /opt/airflow/dags/master_part_id_table_updates_pg.py
[2022-10-01T00:22:05.505+0000] {processor.py:650} INFO - DAG(s) dict_keys(['master_part_id_table_updates_pg']) retrieved from /opt/airflow/dags/master_part_id_table_updates_pg.py
[2022-10-01T00:22:05.530+0000] {logging_mixin.py:115} INFO - [2022-10-01T00:22:05.529+0000] {dag.py:2429} INFO - Sync 1 DAGs
[2022-10-01T00:22:05.547+0000] {logging_mixin.py:115} INFO - [2022-10-01T00:22:05.547+0000] {dag.py:2981} INFO - Setting next_dagrun for master_part_id_table_updates_pg to 2022-09-22T00:00:00+00:00, run_after=2022-09-22T00:00:00+00:00
[2022-10-01T00:22:05.555+0000] {processor.py:161} INFO - Processing /opt/airflow/dags/master_part_id_table_updates_pg.py took 0.099 seconds
[2022-10-01T00:22:35.768+0000] {processor.py:153} INFO - Started process (PID=36129) to work on /opt/airflow/dags/master_part_id_table_updates_pg.py
[2022-10-01T00:22:35.770+0000] {processor.py:640} INFO - Processing file /opt/airflow/dags/master_part_id_table_updates_pg.py for tasks to queue
[2022-10-01T00:22:35.773+0000] {logging_mixin.py:115} INFO - [2022-10-01T00:22:35.773+0000] {dagbag.py:508} INFO - Filling up the DagBag from /opt/airflow/dags/master_part_id_table_updates_pg.py
[2022-10-01T00:22:35.827+0000] {processor.py:650} INFO - DAG(s) dict_keys(['master_part_id_table_updates_pg']) retrieved from /opt/airflow/dags/master_part_id_table_updates_pg.py
[2022-10-01T00:22:35.867+0000] {logging_mixin.py:115} INFO - [2022-10-01T00:22:35.867+0000] {dag.py:2429} INFO - Sync 1 DAGs
[2022-10-01T00:22:35.900+0000] {logging_mixin.py:115} INFO - [2022-10-01T00:22:35.900+0000] {dag.py:2981} INFO - Setting next_dagrun for master_part_id_table_updates_pg to 2022-09-22T00:00:00+00:00, run_after=2022-09-22T00:00:00+00:00
[2022-10-01T00:22:35.910+0000] {processor.py:161} INFO - Processing /opt/airflow/dags/master_part_id_table_updates_pg.py took 0.147 seconds
[2022-10-01T00:23:06.161+0000] {processor.py:153} INFO - Started process (PID=36186) to work on /opt/airflow/dags/master_part_id_table_updates_pg.py
[2022-10-01T00:23:06.163+0000] {processor.py:640} INFO - Processing file /opt/airflow/dags/master_part_id_table_updates_pg.py for tasks to queue
[2022-10-01T00:23:06.165+0000] {logging_mixin.py:115} INFO - [2022-10-01T00:23:06.165+0000] {dagbag.py:508} INFO - Filling up the DagBag from /opt/airflow/dags/master_part_id_table_updates_pg.py
[2022-10-01T00:23:06.212+0000] {processor.py:650} INFO - DAG(s) dict_keys(['master_part_id_table_updates_pg']) retrieved from /opt/airflow/dags/master_part_id_table_updates_pg.py
[2022-10-01T00:23:06.238+0000] {logging_mixin.py:115} INFO - [2022-10-01T00:23:06.238+0000] {dag.py:2429} INFO - Sync 1 DAGs
[2022-10-01T00:23:06.260+0000] {logging_mixin.py:115} INFO - [2022-10-01T00:23:06.260+0000] {dag.py:2981} INFO - Setting next_dagrun for master_part_id_table_updates_pg to 2022-09-22T00:00:00+00:00, run_after=2022-09-22T00:00:00+00:00
[2022-10-01T00:23:06.268+0000] {processor.py:161} INFO - Processing /opt/airflow/dags/master_part_id_table_updates_pg.py took 0.114 seconds
[2022-10-01T00:23:36.775+0000] {processor.py:153} INFO - Started process (PID=36253) to work on /opt/airflow/dags/master_part_id_table_updates_pg.py
[2022-10-01T00:23:36.777+0000] {processor.py:640} INFO - Processing file /opt/airflow/dags/master_part_id_table_updates_pg.py for tasks to queue
[2022-10-01T00:23:36.779+0000] {logging_mixin.py:115} INFO - [2022-10-01T00:23:36.779+0000] {dagbag.py:508} INFO - Filling up the DagBag from /opt/airflow/dags/master_part_id_table_updates_pg.py
[2022-10-01T00:23:36.826+0000] {processor.py:650} INFO - DAG(s) dict_keys(['master_part_id_table_updates_pg']) retrieved from /opt/airflow/dags/master_part_id_table_updates_pg.py
[2022-10-01T00:23:36.862+0000] {logging_mixin.py:115} INFO - [2022-10-01T00:23:36.862+0000] {dag.py:2429} INFO - Sync 1 DAGs
[2022-10-01T00:23:36.885+0000] {logging_mixin.py:115} INFO - [2022-10-01T00:23:36.885+0000] {dag.py:2981} INFO - Setting next_dagrun for master_part_id_table_updates_pg to 2022-09-22T00:00:00+00:00, run_after=2022-09-22T00:00:00+00:00
[2022-10-01T00:23:36.897+0000] {processor.py:161} INFO - Processing /opt/airflow/dags/master_part_id_table_updates_pg.py took 0.126 seconds
[2022-10-01T00:24:07.050+0000] {processor.py:153} INFO - Started process (PID=36321) to work on /opt/airflow/dags/master_part_id_table_updates_pg.py
[2022-10-01T00:24:07.052+0000] {processor.py:640} INFO - Processing file /opt/airflow/dags/master_part_id_table_updates_pg.py for tasks to queue
[2022-10-01T00:24:07.054+0000] {logging_mixin.py:115} INFO - [2022-10-01T00:24:07.054+0000] {dagbag.py:508} INFO - Filling up the DagBag from /opt/airflow/dags/master_part_id_table_updates_pg.py
[2022-10-01T00:24:07.103+0000] {processor.py:650} INFO - DAG(s) dict_keys(['master_part_id_table_updates_pg']) retrieved from /opt/airflow/dags/master_part_id_table_updates_pg.py
[2022-10-01T00:24:07.128+0000] {logging_mixin.py:115} INFO - [2022-10-01T00:24:07.128+0000] {dag.py:2429} INFO - Sync 1 DAGs
[2022-10-01T00:24:07.146+0000] {logging_mixin.py:115} INFO - [2022-10-01T00:24:07.146+0000] {dag.py:2981} INFO - Setting next_dagrun for master_part_id_table_updates_pg to 2022-09-22T00:00:00+00:00, run_after=2022-09-22T00:00:00+00:00
[2022-10-01T00:24:07.155+0000] {processor.py:161} INFO - Processing /opt/airflow/dags/master_part_id_table_updates_pg.py took 0.113 seconds
[2022-10-01T00:24:37.429+0000] {processor.py:153} INFO - Started process (PID=36378) to work on /opt/airflow/dags/master_part_id_table_updates_pg.py
[2022-10-01T00:24:37.432+0000] {processor.py:640} INFO - Processing file /opt/airflow/dags/master_part_id_table_updates_pg.py for tasks to queue
[2022-10-01T00:24:37.434+0000] {logging_mixin.py:115} INFO - [2022-10-01T00:24:37.433+0000] {dagbag.py:508} INFO - Filling up the DagBag from /opt/airflow/dags/master_part_id_table_updates_pg.py
[2022-10-01T00:24:37.519+0000] {processor.py:650} INFO - DAG(s) dict_keys(['master_part_id_table_updates_pg']) retrieved from /opt/airflow/dags/master_part_id_table_updates_pg.py
[2022-10-01T00:24:37.546+0000] {logging_mixin.py:115} INFO - [2022-10-01T00:24:37.546+0000] {dag.py:2429} INFO - Sync 1 DAGs
[2022-10-01T00:24:37.563+0000] {logging_mixin.py:115} INFO - [2022-10-01T00:24:37.563+0000] {dag.py:2981} INFO - Setting next_dagrun for master_part_id_table_updates_pg to 2022-09-22T00:00:00+00:00, run_after=2022-09-22T00:00:00+00:00
[2022-10-01T00:24:37.571+0000] {processor.py:161} INFO - Processing /opt/airflow/dags/master_part_id_table_updates_pg.py took 0.147 seconds
[2022-10-01T00:25:08.284+0000] {processor.py:153} INFO - Started process (PID=36444) to work on /opt/airflow/dags/master_part_id_table_updates_pg.py
[2022-10-01T00:25:08.287+0000] {processor.py:640} INFO - Processing file /opt/airflow/dags/master_part_id_table_updates_pg.py for tasks to queue
[2022-10-01T00:25:08.289+0000] {logging_mixin.py:115} INFO - [2022-10-01T00:25:08.289+0000] {dagbag.py:508} INFO - Filling up the DagBag from /opt/airflow/dags/master_part_id_table_updates_pg.py
[2022-10-01T00:25:08.354+0000] {processor.py:650} INFO - DAG(s) dict_keys(['master_part_id_table_updates_pg']) retrieved from /opt/airflow/dags/master_part_id_table_updates_pg.py
[2022-10-01T00:25:08.378+0000] {logging_mixin.py:115} INFO - [2022-10-01T00:25:08.378+0000] {dag.py:2429} INFO - Sync 1 DAGs
[2022-10-01T00:25:08.415+0000] {logging_mixin.py:115} INFO - [2022-10-01T00:25:08.415+0000] {dag.py:2981} INFO - Setting next_dagrun for master_part_id_table_updates_pg to 2022-09-22T00:00:00+00:00, run_after=2022-09-22T00:00:00+00:00
[2022-10-01T00:25:08.424+0000] {processor.py:161} INFO - Processing /opt/airflow/dags/master_part_id_table_updates_pg.py took 0.146 seconds
[2022-10-01T00:25:38.636+0000] {processor.py:153} INFO - Started process (PID=36510) to work on /opt/airflow/dags/master_part_id_table_updates_pg.py
[2022-10-01T00:25:38.642+0000] {processor.py:640} INFO - Processing file /opt/airflow/dags/master_part_id_table_updates_pg.py for tasks to queue
[2022-10-01T00:25:38.646+0000] {logging_mixin.py:115} INFO - [2022-10-01T00:25:38.646+0000] {dagbag.py:508} INFO - Filling up the DagBag from /opt/airflow/dags/master_part_id_table_updates_pg.py
[2022-10-01T00:25:38.688+0000] {processor.py:650} INFO - DAG(s) dict_keys(['master_part_id_table_updates_pg']) retrieved from /opt/airflow/dags/master_part_id_table_updates_pg.py
[2022-10-01T00:25:38.714+0000] {logging_mixin.py:115} INFO - [2022-10-01T00:25:38.713+0000] {dag.py:2429} INFO - Sync 1 DAGs
[2022-10-01T00:25:38.763+0000] {logging_mixin.py:115} INFO - [2022-10-01T00:25:38.762+0000] {dag.py:2981} INFO - Setting next_dagrun for master_part_id_table_updates_pg to 2022-09-22T00:00:00+00:00, run_after=2022-09-22T00:00:00+00:00
[2022-10-01T00:25:38.774+0000] {processor.py:161} INFO - Processing /opt/airflow/dags/master_part_id_table_updates_pg.py took 0.142 seconds
[2022-10-01T00:26:08.900+0000] {processor.py:153} INFO - Started process (PID=36567) to work on /opt/airflow/dags/master_part_id_table_updates_pg.py
[2022-10-01T00:26:08.915+0000] {processor.py:640} INFO - Processing file /opt/airflow/dags/master_part_id_table_updates_pg.py for tasks to queue
[2022-10-01T00:26:08.923+0000] {logging_mixin.py:115} INFO - [2022-10-01T00:26:08.923+0000] {dagbag.py:508} INFO - Filling up the DagBag from /opt/airflow/dags/master_part_id_table_updates_pg.py
[2022-10-01T00:26:08.980+0000] {processor.py:650} INFO - DAG(s) dict_keys(['master_part_id_table_updates_pg']) retrieved from /opt/airflow/dags/master_part_id_table_updates_pg.py
[2022-10-01T00:26:09.008+0000] {logging_mixin.py:115} INFO - [2022-10-01T00:26:09.008+0000] {dag.py:2429} INFO - Sync 1 DAGs
[2022-10-01T00:26:09.029+0000] {logging_mixin.py:115} INFO - [2022-10-01T00:26:09.028+0000] {dag.py:2981} INFO - Setting next_dagrun for master_part_id_table_updates_pg to 2022-09-22T00:00:00+00:00, run_after=2022-09-22T00:00:00+00:00
[2022-10-01T00:26:09.038+0000] {processor.py:161} INFO - Processing /opt/airflow/dags/master_part_id_table_updates_pg.py took 0.158 seconds
[2022-10-01T00:26:39.418+0000] {processor.py:153} INFO - Started process (PID=36633) to work on /opt/airflow/dags/master_part_id_table_updates_pg.py
[2022-10-01T00:26:39.420+0000] {processor.py:640} INFO - Processing file /opt/airflow/dags/master_part_id_table_updates_pg.py for tasks to queue
[2022-10-01T00:26:39.422+0000] {logging_mixin.py:115} INFO - [2022-10-01T00:26:39.422+0000] {dagbag.py:508} INFO - Filling up the DagBag from /opt/airflow/dags/master_part_id_table_updates_pg.py
[2022-10-01T00:26:39.490+0000] {processor.py:650} INFO - DAG(s) dict_keys(['master_part_id_table_updates_pg']) retrieved from /opt/airflow/dags/master_part_id_table_updates_pg.py
[2022-10-01T00:26:39.520+0000] {logging_mixin.py:115} INFO - [2022-10-01T00:26:39.520+0000] {dag.py:2429} INFO - Sync 1 DAGs
[2022-10-01T00:26:39.540+0000] {logging_mixin.py:115} INFO - [2022-10-01T00:26:39.540+0000] {dag.py:2981} INFO - Setting next_dagrun for master_part_id_table_updates_pg to 2022-09-22T00:00:00+00:00, run_after=2022-09-22T00:00:00+00:00
[2022-10-01T00:26:39.549+0000] {processor.py:161} INFO - Processing /opt/airflow/dags/master_part_id_table_updates_pg.py took 0.136 seconds
[2022-10-01T00:27:09.658+0000] {processor.py:153} INFO - Started process (PID=36698) to work on /opt/airflow/dags/master_part_id_table_updates_pg.py
[2022-10-01T00:27:09.664+0000] {processor.py:640} INFO - Processing file /opt/airflow/dags/master_part_id_table_updates_pg.py for tasks to queue
[2022-10-01T00:27:09.669+0000] {logging_mixin.py:115} INFO - [2022-10-01T00:27:09.669+0000] {dagbag.py:508} INFO - Filling up the DagBag from /opt/airflow/dags/master_part_id_table_updates_pg.py
[2022-10-01T00:27:09.730+0000] {processor.py:650} INFO - DAG(s) dict_keys(['master_part_id_table_updates_pg']) retrieved from /opt/airflow/dags/master_part_id_table_updates_pg.py
[2022-10-01T00:27:09.783+0000] {logging_mixin.py:115} INFO - [2022-10-01T00:27:09.783+0000] {dag.py:2429} INFO - Sync 1 DAGs
[2022-10-01T00:27:09.801+0000] {logging_mixin.py:115} INFO - [2022-10-01T00:27:09.801+0000] {dag.py:2981} INFO - Setting next_dagrun for master_part_id_table_updates_pg to 2022-09-22T00:00:00+00:00, run_after=2022-09-22T00:00:00+00:00
[2022-10-01T00:27:09.810+0000] {processor.py:161} INFO - Processing /opt/airflow/dags/master_part_id_table_updates_pg.py took 0.169 seconds
[2022-10-01T00:27:40.208+0000] {processor.py:153} INFO - Started process (PID=36755) to work on /opt/airflow/dags/master_part_id_table_updates_pg.py
[2022-10-01T00:27:40.216+0000] {processor.py:640} INFO - Processing file /opt/airflow/dags/master_part_id_table_updates_pg.py for tasks to queue
[2022-10-01T00:27:40.217+0000] {logging_mixin.py:115} INFO - [2022-10-01T00:27:40.217+0000] {dagbag.py:508} INFO - Filling up the DagBag from /opt/airflow/dags/master_part_id_table_updates_pg.py
[2022-10-01T00:27:40.288+0000] {processor.py:650} INFO - DAG(s) dict_keys(['master_part_id_table_updates_pg']) retrieved from /opt/airflow/dags/master_part_id_table_updates_pg.py
[2022-10-01T00:27:40.330+0000] {logging_mixin.py:115} INFO - [2022-10-01T00:27:40.329+0000] {dag.py:2429} INFO - Sync 1 DAGs
[2022-10-01T00:27:40.350+0000] {logging_mixin.py:115} INFO - [2022-10-01T00:27:40.350+0000] {dag.py:2981} INFO - Setting next_dagrun for master_part_id_table_updates_pg to 2022-09-22T00:00:00+00:00, run_after=2022-09-22T00:00:00+00:00
[2022-10-01T00:27:40.360+0000] {processor.py:161} INFO - Processing /opt/airflow/dags/master_part_id_table_updates_pg.py took 0.164 seconds
[2022-10-01T00:28:11.066+0000] {processor.py:153} INFO - Started process (PID=36821) to work on /opt/airflow/dags/master_part_id_table_updates_pg.py
[2022-10-01T00:28:11.074+0000] {processor.py:640} INFO - Processing file /opt/airflow/dags/master_part_id_table_updates_pg.py for tasks to queue
[2022-10-01T00:28:11.079+0000] {logging_mixin.py:115} INFO - [2022-10-01T00:28:11.079+0000] {dagbag.py:508} INFO - Filling up the DagBag from /opt/airflow/dags/master_part_id_table_updates_pg.py
[2022-10-01T00:28:11.138+0000] {processor.py:650} INFO - DAG(s) dict_keys(['master_part_id_table_updates_pg']) retrieved from /opt/airflow/dags/master_part_id_table_updates_pg.py
[2022-10-01T00:28:11.174+0000] {logging_mixin.py:115} INFO - [2022-10-01T00:28:11.174+0000] {dag.py:2429} INFO - Sync 1 DAGs
[2022-10-01T00:28:11.194+0000] {logging_mixin.py:115} INFO - [2022-10-01T00:28:11.194+0000] {dag.py:2981} INFO - Setting next_dagrun for master_part_id_table_updates_pg to 2022-09-22T00:00:00+00:00, run_after=2022-09-22T00:00:00+00:00
[2022-10-01T00:28:11.203+0000] {processor.py:161} INFO - Processing /opt/airflow/dags/master_part_id_table_updates_pg.py took 0.145 seconds
[2022-10-01T00:28:41.667+0000] {processor.py:153} INFO - Started process (PID=36887) to work on /opt/airflow/dags/master_part_id_table_updates_pg.py
[2022-10-01T00:28:41.670+0000] {processor.py:640} INFO - Processing file /opt/airflow/dags/master_part_id_table_updates_pg.py for tasks to queue
[2022-10-01T00:28:41.672+0000] {logging_mixin.py:115} INFO - [2022-10-01T00:28:41.672+0000] {dagbag.py:508} INFO - Filling up the DagBag from /opt/airflow/dags/master_part_id_table_updates_pg.py
[2022-10-01T00:28:41.709+0000] {processor.py:650} INFO - DAG(s) dict_keys(['master_part_id_table_updates_pg']) retrieved from /opt/airflow/dags/master_part_id_table_updates_pg.py
[2022-10-01T00:28:41.730+0000] {logging_mixin.py:115} INFO - [2022-10-01T00:28:41.730+0000] {dag.py:2429} INFO - Sync 1 DAGs
[2022-10-01T00:28:41.751+0000] {logging_mixin.py:115} INFO - [2022-10-01T00:28:41.751+0000] {dag.py:2981} INFO - Setting next_dagrun for master_part_id_table_updates_pg to 2022-09-22T00:00:00+00:00, run_after=2022-09-22T00:00:00+00:00
[2022-10-01T00:28:41.761+0000] {processor.py:161} INFO - Processing /opt/airflow/dags/master_part_id_table_updates_pg.py took 0.099 seconds
[2022-10-01T00:29:12.077+0000] {processor.py:153} INFO - Started process (PID=36953) to work on /opt/airflow/dags/master_part_id_table_updates_pg.py
[2022-10-01T00:29:12.081+0000] {processor.py:640} INFO - Processing file /opt/airflow/dags/master_part_id_table_updates_pg.py for tasks to queue
[2022-10-01T00:29:12.083+0000] {logging_mixin.py:115} INFO - [2022-10-01T00:29:12.083+0000] {dagbag.py:508} INFO - Filling up the DagBag from /opt/airflow/dags/master_part_id_table_updates_pg.py
[2022-10-01T00:29:12.168+0000] {processor.py:650} INFO - DAG(s) dict_keys(['master_part_id_table_updates_pg']) retrieved from /opt/airflow/dags/master_part_id_table_updates_pg.py
[2022-10-01T00:29:12.217+0000] {logging_mixin.py:115} INFO - [2022-10-01T00:29:12.217+0000] {dag.py:2429} INFO - Sync 1 DAGs
[2022-10-01T00:29:12.260+0000] {logging_mixin.py:115} INFO - [2022-10-01T00:29:12.260+0000] {dag.py:2981} INFO - Setting next_dagrun for master_part_id_table_updates_pg to 2022-09-22T00:00:00+00:00, run_after=2022-09-22T00:00:00+00:00
[2022-10-01T00:29:12.275+0000] {processor.py:161} INFO - Processing /opt/airflow/dags/master_part_id_table_updates_pg.py took 0.229 seconds
[2022-10-01T00:29:42.733+0000] {processor.py:153} INFO - Started process (PID=37010) to work on /opt/airflow/dags/master_part_id_table_updates_pg.py
[2022-10-01T00:29:42.737+0000] {processor.py:640} INFO - Processing file /opt/airflow/dags/master_part_id_table_updates_pg.py for tasks to queue
[2022-10-01T00:29:42.739+0000] {logging_mixin.py:115} INFO - [2022-10-01T00:29:42.739+0000] {dagbag.py:508} INFO - Filling up the DagBag from /opt/airflow/dags/master_part_id_table_updates_pg.py
[2022-10-01T00:29:42.797+0000] {processor.py:650} INFO - DAG(s) dict_keys(['master_part_id_table_updates_pg']) retrieved from /opt/airflow/dags/master_part_id_table_updates_pg.py
[2022-10-01T00:29:42.827+0000] {logging_mixin.py:115} INFO - [2022-10-01T00:29:42.827+0000] {dag.py:2429} INFO - Sync 1 DAGs
[2022-10-01T00:29:42.851+0000] {logging_mixin.py:115} INFO - [2022-10-01T00:29:42.850+0000] {dag.py:2981} INFO - Setting next_dagrun for master_part_id_table_updates_pg to 2022-09-22T00:00:00+00:00, run_after=2022-09-22T00:00:00+00:00
[2022-10-01T00:29:42.873+0000] {processor.py:161} INFO - Processing /opt/airflow/dags/master_part_id_table_updates_pg.py took 0.149 seconds
[2022-10-01T00:30:13.560+0000] {processor.py:153} INFO - Started process (PID=37075) to work on /opt/airflow/dags/master_part_id_table_updates_pg.py
[2022-10-01T00:30:13.562+0000] {processor.py:640} INFO - Processing file /opt/airflow/dags/master_part_id_table_updates_pg.py for tasks to queue
[2022-10-01T00:30:13.563+0000] {logging_mixin.py:115} INFO - [2022-10-01T00:30:13.563+0000] {dagbag.py:508} INFO - Filling up the DagBag from /opt/airflow/dags/master_part_id_table_updates_pg.py
[2022-10-01T00:30:13.636+0000] {processor.py:650} INFO - DAG(s) dict_keys(['master_part_id_table_updates_pg']) retrieved from /opt/airflow/dags/master_part_id_table_updates_pg.py
[2022-10-01T00:30:13.664+0000] {logging_mixin.py:115} INFO - [2022-10-01T00:30:13.664+0000] {dag.py:2429} INFO - Sync 1 DAGs
[2022-10-01T00:30:13.690+0000] {logging_mixin.py:115} INFO - [2022-10-01T00:30:13.690+0000] {dag.py:2981} INFO - Setting next_dagrun for master_part_id_table_updates_pg to 2022-09-22T00:00:00+00:00, run_after=2022-09-22T00:00:00+00:00
[2022-10-01T00:30:13.700+0000] {processor.py:161} INFO - Processing /opt/airflow/dags/master_part_id_table_updates_pg.py took 0.147 seconds
[2022-10-01T00:30:43.893+0000] {processor.py:153} INFO - Started process (PID=37141) to work on /opt/airflow/dags/master_part_id_table_updates_pg.py
[2022-10-01T00:30:43.898+0000] {processor.py:640} INFO - Processing file /opt/airflow/dags/master_part_id_table_updates_pg.py for tasks to queue
[2022-10-01T00:30:43.901+0000] {logging_mixin.py:115} INFO - [2022-10-01T00:30:43.900+0000] {dagbag.py:508} INFO - Filling up the DagBag from /opt/airflow/dags/master_part_id_table_updates_pg.py
[2022-10-01T00:30:43.967+0000] {processor.py:650} INFO - DAG(s) dict_keys(['master_part_id_table_updates_pg']) retrieved from /opt/airflow/dags/master_part_id_table_updates_pg.py
[2022-10-01T00:30:43.992+0000] {logging_mixin.py:115} INFO - [2022-10-01T00:30:43.992+0000] {dag.py:2429} INFO - Sync 1 DAGs
[2022-10-01T00:30:44.022+0000] {logging_mixin.py:115} INFO - [2022-10-01T00:30:44.022+0000] {dag.py:2981} INFO - Setting next_dagrun for master_part_id_table_updates_pg to 2022-09-22T00:00:00+00:00, run_after=2022-09-22T00:00:00+00:00
[2022-10-01T00:30:44.033+0000] {processor.py:161} INFO - Processing /opt/airflow/dags/master_part_id_table_updates_pg.py took 0.147 seconds
[2022-10-01T00:31:14.236+0000] {processor.py:153} INFO - Started process (PID=37198) to work on /opt/airflow/dags/master_part_id_table_updates_pg.py
[2022-10-01T00:31:14.242+0000] {processor.py:640} INFO - Processing file /opt/airflow/dags/master_part_id_table_updates_pg.py for tasks to queue
[2022-10-01T00:31:14.245+0000] {logging_mixin.py:115} INFO - [2022-10-01T00:31:14.245+0000] {dagbag.py:508} INFO - Filling up the DagBag from /opt/airflow/dags/master_part_id_table_updates_pg.py
[2022-10-01T00:31:14.368+0000] {processor.py:650} INFO - DAG(s) dict_keys(['master_part_id_table_updates_pg']) retrieved from /opt/airflow/dags/master_part_id_table_updates_pg.py
[2022-10-01T00:31:14.414+0000] {logging_mixin.py:115} INFO - [2022-10-01T00:31:14.414+0000] {dag.py:2429} INFO - Sync 1 DAGs
[2022-10-01T00:31:14.446+0000] {logging_mixin.py:115} INFO - [2022-10-01T00:31:14.446+0000] {dag.py:2981} INFO - Setting next_dagrun for master_part_id_table_updates_pg to 2022-09-22T00:00:00+00:00, run_after=2022-09-22T00:00:00+00:00
[2022-10-01T00:31:14.466+0000] {processor.py:161} INFO - Processing /opt/airflow/dags/master_part_id_table_updates_pg.py took 0.245 seconds
[2022-10-01T00:31:45.034+0000] {processor.py:153} INFO - Started process (PID=37264) to work on /opt/airflow/dags/master_part_id_table_updates_pg.py
[2022-10-01T00:31:45.036+0000] {processor.py:640} INFO - Processing file /opt/airflow/dags/master_part_id_table_updates_pg.py for tasks to queue
[2022-10-01T00:31:45.038+0000] {logging_mixin.py:115} INFO - [2022-10-01T00:31:45.038+0000] {dagbag.py:508} INFO - Filling up the DagBag from /opt/airflow/dags/master_part_id_table_updates_pg.py
[2022-10-01T00:31:45.098+0000] {processor.py:650} INFO - DAG(s) dict_keys(['master_part_id_table_updates_pg']) retrieved from /opt/airflow/dags/master_part_id_table_updates_pg.py
[2022-10-01T00:31:45.137+0000] {logging_mixin.py:115} INFO - [2022-10-01T00:31:45.136+0000] {dag.py:2429} INFO - Sync 1 DAGs
[2022-10-01T00:31:45.160+0000] {logging_mixin.py:115} INFO - [2022-10-01T00:31:45.160+0000] {dag.py:2981} INFO - Setting next_dagrun for master_part_id_table_updates_pg to 2022-09-22T00:00:00+00:00, run_after=2022-09-22T00:00:00+00:00
[2022-10-01T00:31:45.174+0000] {processor.py:161} INFO - Processing /opt/airflow/dags/master_part_id_table_updates_pg.py took 0.147 seconds
[2022-10-01T00:32:15.336+0000] {processor.py:153} INFO - Started process (PID=37330) to work on /opt/airflow/dags/master_part_id_table_updates_pg.py
[2022-10-01T00:32:15.338+0000] {processor.py:640} INFO - Processing file /opt/airflow/dags/master_part_id_table_updates_pg.py for tasks to queue
[2022-10-01T00:32:15.340+0000] {logging_mixin.py:115} INFO - [2022-10-01T00:32:15.340+0000] {dagbag.py:508} INFO - Filling up the DagBag from /opt/airflow/dags/master_part_id_table_updates_pg.py
[2022-10-01T00:32:15.412+0000] {processor.py:650} INFO - DAG(s) dict_keys(['master_part_id_table_updates_pg']) retrieved from /opt/airflow/dags/master_part_id_table_updates_pg.py
[2022-10-01T00:32:15.498+0000] {logging_mixin.py:115} INFO - [2022-10-01T00:32:15.498+0000] {dag.py:2429} INFO - Sync 1 DAGs
[2022-10-01T00:32:15.535+0000] {logging_mixin.py:115} INFO - [2022-10-01T00:32:15.535+0000] {dag.py:2981} INFO - Setting next_dagrun for master_part_id_table_updates_pg to 2022-09-22T00:00:00+00:00, run_after=2022-09-22T00:00:00+00:00
[2022-10-01T00:32:15.550+0000] {processor.py:161} INFO - Processing /opt/airflow/dags/master_part_id_table_updates_pg.py took 0.221 seconds
[2022-10-01T00:32:45.971+0000] {processor.py:153} INFO - Started process (PID=37386) to work on /opt/airflow/dags/master_part_id_table_updates_pg.py
[2022-10-01T00:32:45.975+0000] {processor.py:640} INFO - Processing file /opt/airflow/dags/master_part_id_table_updates_pg.py for tasks to queue
[2022-10-01T00:32:45.978+0000] {logging_mixin.py:115} INFO - [2022-10-01T00:32:45.978+0000] {dagbag.py:508} INFO - Filling up the DagBag from /opt/airflow/dags/master_part_id_table_updates_pg.py
[2022-10-01T00:32:46.268+0000] {processor.py:650} INFO - DAG(s) dict_keys(['master_part_id_table_updates_pg']) retrieved from /opt/airflow/dags/master_part_id_table_updates_pg.py
[2022-10-01T00:32:46.383+0000] {logging_mixin.py:115} INFO - [2022-10-01T00:32:46.382+0000] {dag.py:2429} INFO - Sync 1 DAGs
[2022-10-01T00:32:46.436+0000] {logging_mixin.py:115} INFO - [2022-10-01T00:32:46.435+0000] {dag.py:2981} INFO - Setting next_dagrun for master_part_id_table_updates_pg to 2022-09-22T00:00:00+00:00, run_after=2022-09-22T00:00:00+00:00
[2022-10-01T00:32:46.471+0000] {processor.py:161} INFO - Processing /opt/airflow/dags/master_part_id_table_updates_pg.py took 0.521 seconds
[2022-10-01T00:33:16.694+0000] {processor.py:153} INFO - Started process (PID=37452) to work on /opt/airflow/dags/master_part_id_table_updates_pg.py
[2022-10-01T00:33:16.700+0000] {processor.py:640} INFO - Processing file /opt/airflow/dags/master_part_id_table_updates_pg.py for tasks to queue
[2022-10-01T00:33:16.702+0000] {logging_mixin.py:115} INFO - [2022-10-01T00:33:16.701+0000] {dagbag.py:508} INFO - Filling up the DagBag from /opt/airflow/dags/master_part_id_table_updates_pg.py
[2022-10-01T00:33:16.796+0000] {processor.py:650} INFO - DAG(s) dict_keys(['master_part_id_table_updates_pg']) retrieved from /opt/airflow/dags/master_part_id_table_updates_pg.py
[2022-10-01T00:33:16.861+0000] {logging_mixin.py:115} INFO - [2022-10-01T00:33:16.861+0000] {dag.py:2429} INFO - Sync 1 DAGs
[2022-10-01T00:33:16.905+0000] {logging_mixin.py:115} INFO - [2022-10-01T00:33:16.902+0000] {dag.py:2981} INFO - Setting next_dagrun for master_part_id_table_updates_pg to 2022-09-22T00:00:00+00:00, run_after=2022-09-22T00:00:00+00:00
[2022-10-01T00:33:16.919+0000] {processor.py:161} INFO - Processing /opt/airflow/dags/master_part_id_table_updates_pg.py took 0.237 seconds
[2022-10-01T00:33:47.130+0000] {processor.py:153} INFO - Started process (PID=37507) to work on /opt/airflow/dags/master_part_id_table_updates_pg.py
[2022-10-01T00:33:47.133+0000] {processor.py:640} INFO - Processing file /opt/airflow/dags/master_part_id_table_updates_pg.py for tasks to queue
[2022-10-01T00:33:47.136+0000] {logging_mixin.py:115} INFO - [2022-10-01T00:33:47.136+0000] {dagbag.py:508} INFO - Filling up the DagBag from /opt/airflow/dags/master_part_id_table_updates_pg.py
[2022-10-01T00:33:47.208+0000] {processor.py:650} INFO - DAG(s) dict_keys(['master_part_id_table_updates_pg']) retrieved from /opt/airflow/dags/master_part_id_table_updates_pg.py
[2022-10-01T00:33:47.273+0000] {logging_mixin.py:115} INFO - [2022-10-01T00:33:47.273+0000] {dag.py:2429} INFO - Sync 1 DAGs
[2022-10-01T00:33:47.311+0000] {logging_mixin.py:115} INFO - [2022-10-01T00:33:47.310+0000] {dag.py:2981} INFO - Setting next_dagrun for master_part_id_table_updates_pg to 2022-09-22T00:00:00+00:00, run_after=2022-09-22T00:00:00+00:00
[2022-10-01T00:33:47.329+0000] {processor.py:161} INFO - Processing /opt/airflow/dags/master_part_id_table_updates_pg.py took 0.206 seconds
[2022-10-01T00:34:17.948+0000] {processor.py:153} INFO - Started process (PID=37574) to work on /opt/airflow/dags/master_part_id_table_updates_pg.py
[2022-10-01T00:34:17.951+0000] {processor.py:640} INFO - Processing file /opt/airflow/dags/master_part_id_table_updates_pg.py for tasks to queue
[2022-10-01T00:34:17.955+0000] {logging_mixin.py:115} INFO - [2022-10-01T00:34:17.952+0000] {dagbag.py:508} INFO - Filling up the DagBag from /opt/airflow/dags/master_part_id_table_updates_pg.py
[2022-10-01T00:34:18.102+0000] {processor.py:650} INFO - DAG(s) dict_keys(['master_part_id_table_updates_pg']) retrieved from /opt/airflow/dags/master_part_id_table_updates_pg.py
[2022-10-01T00:34:18.147+0000] {logging_mixin.py:115} INFO - [2022-10-01T00:34:18.147+0000] {dag.py:2429} INFO - Sync 1 DAGs
[2022-10-01T00:34:18.168+0000] {logging_mixin.py:115} INFO - [2022-10-01T00:34:18.168+0000] {dag.py:2981} INFO - Setting next_dagrun for master_part_id_table_updates_pg to 2022-09-22T00:00:00+00:00, run_after=2022-09-22T00:00:00+00:00
[2022-10-01T00:34:18.183+0000] {processor.py:161} INFO - Processing /opt/airflow/dags/master_part_id_table_updates_pg.py took 0.241 seconds
[2022-10-01T00:34:48.731+0000] {processor.py:153} INFO - Started process (PID=37640) to work on /opt/airflow/dags/master_part_id_table_updates_pg.py
[2022-10-01T00:34:48.734+0000] {processor.py:640} INFO - Processing file /opt/airflow/dags/master_part_id_table_updates_pg.py for tasks to queue
[2022-10-01T00:34:48.750+0000] {logging_mixin.py:115} INFO - [2022-10-01T00:34:48.750+0000] {dagbag.py:508} INFO - Filling up the DagBag from /opt/airflow/dags/master_part_id_table_updates_pg.py
[2022-10-01T00:34:48.847+0000] {processor.py:650} INFO - DAG(s) dict_keys(['master_part_id_table_updates_pg']) retrieved from /opt/airflow/dags/master_part_id_table_updates_pg.py
[2022-10-01T00:34:48.889+0000] {logging_mixin.py:115} INFO - [2022-10-01T00:34:48.889+0000] {dag.py:2429} INFO - Sync 1 DAGs
[2022-10-01T00:34:48.925+0000] {logging_mixin.py:115} INFO - [2022-10-01T00:34:48.925+0000] {dag.py:2981} INFO - Setting next_dagrun for master_part_id_table_updates_pg to 2022-09-22T00:00:00+00:00, run_after=2022-09-22T00:00:00+00:00
[2022-10-01T00:34:48.946+0000] {processor.py:161} INFO - Processing /opt/airflow/dags/master_part_id_table_updates_pg.py took 0.222 seconds
[2022-10-01T00:35:19.310+0000] {processor.py:153} INFO - Started process (PID=37697) to work on /opt/airflow/dags/master_part_id_table_updates_pg.py
[2022-10-01T00:35:19.315+0000] {processor.py:640} INFO - Processing file /opt/airflow/dags/master_part_id_table_updates_pg.py for tasks to queue
[2022-10-01T00:35:19.318+0000] {logging_mixin.py:115} INFO - [2022-10-01T00:35:19.318+0000] {dagbag.py:508} INFO - Filling up the DagBag from /opt/airflow/dags/master_part_id_table_updates_pg.py
[2022-10-01T00:35:19.418+0000] {processor.py:650} INFO - DAG(s) dict_keys(['master_part_id_table_updates_pg']) retrieved from /opt/airflow/dags/master_part_id_table_updates_pg.py
[2022-10-01T00:35:19.471+0000] {logging_mixin.py:115} INFO - [2022-10-01T00:35:19.471+0000] {dag.py:2429} INFO - Sync 1 DAGs
[2022-10-01T00:35:19.494+0000] {logging_mixin.py:115} INFO - [2022-10-01T00:35:19.493+0000] {dag.py:2981} INFO - Setting next_dagrun for master_part_id_table_updates_pg to 2022-09-22T00:00:00+00:00, run_after=2022-09-22T00:00:00+00:00
[2022-10-01T00:35:19.505+0000] {processor.py:161} INFO - Processing /opt/airflow/dags/master_part_id_table_updates_pg.py took 0.216 seconds
[2022-10-01T00:35:50.512+0000] {processor.py:153} INFO - Started process (PID=37764) to work on /opt/airflow/dags/master_part_id_table_updates_pg.py
[2022-10-01T00:35:50.522+0000] {processor.py:640} INFO - Processing file /opt/airflow/dags/master_part_id_table_updates_pg.py for tasks to queue
[2022-10-01T00:35:50.523+0000] {logging_mixin.py:115} INFO - [2022-10-01T00:35:50.523+0000] {dagbag.py:508} INFO - Filling up the DagBag from /opt/airflow/dags/master_part_id_table_updates_pg.py
[2022-10-01T00:35:50.601+0000] {processor.py:650} INFO - DAG(s) dict_keys(['master_part_id_table_updates_pg']) retrieved from /opt/airflow/dags/master_part_id_table_updates_pg.py
[2022-10-01T00:35:50.651+0000] {logging_mixin.py:115} INFO - [2022-10-01T00:35:50.651+0000] {dag.py:2429} INFO - Sync 1 DAGs
[2022-10-01T00:35:50.670+0000] {logging_mixin.py:115} INFO - [2022-10-01T00:35:50.670+0000] {dag.py:2981} INFO - Setting next_dagrun for master_part_id_table_updates_pg to 2022-09-22T00:00:00+00:00, run_after=2022-09-22T00:00:00+00:00
[2022-10-01T00:35:50.683+0000] {processor.py:161} INFO - Processing /opt/airflow/dags/master_part_id_table_updates_pg.py took 0.183 seconds
