[2022-10-01T00:00:21.015+0000] {processor.py:153} INFO - Started process (PID=33904) to work on /opt/airflow/dags/postgresql_demo.py
[2022-10-01T00:00:21.016+0000] {processor.py:640} INFO - Processing file /opt/airflow/dags/postgresql_demo.py for tasks to queue
[2022-10-01T00:00:21.018+0000] {logging_mixin.py:115} INFO - [2022-10-01T00:00:21.018+0000] {dagbag.py:508} INFO - Filling up the DagBag from /opt/airflow/dags/postgresql_demo.py
[2022-10-01T00:00:21.039+0000] {processor.py:650} INFO - DAG(s) dict_keys(['postgres_operator_dag_example']) retrieved from /opt/airflow/dags/postgresql_demo.py
[2022-10-01T00:00:21.058+0000] {logging_mixin.py:115} INFO - [2022-10-01T00:00:21.058+0000] {dag.py:2429} INFO - Sync 1 DAGs
[2022-10-01T00:00:21.071+0000] {logging_mixin.py:115} INFO - [2022-10-01T00:00:21.071+0000] {dag.py:2981} INFO - Setting next_dagrun for postgres_operator_dag_example to None, run_after=None
[2022-10-01T00:00:21.079+0000] {processor.py:161} INFO - Processing /opt/airflow/dags/postgresql_demo.py took 0.067 seconds
[2022-10-01T00:00:51.642+0000] {processor.py:153} INFO - Started process (PID=33971) to work on /opt/airflow/dags/postgresql_demo.py
[2022-10-01T00:00:51.643+0000] {processor.py:640} INFO - Processing file /opt/airflow/dags/postgresql_demo.py for tasks to queue
[2022-10-01T00:00:51.645+0000] {logging_mixin.py:115} INFO - [2022-10-01T00:00:51.645+0000] {dagbag.py:508} INFO - Filling up the DagBag from /opt/airflow/dags/postgresql_demo.py
[2022-10-01T00:00:51.665+0000] {processor.py:650} INFO - DAG(s) dict_keys(['postgres_operator_dag_example']) retrieved from /opt/airflow/dags/postgresql_demo.py
[2022-10-01T00:00:51.683+0000] {logging_mixin.py:115} INFO - [2022-10-01T00:00:51.683+0000] {dag.py:2429} INFO - Sync 1 DAGs
[2022-10-01T00:00:51.694+0000] {logging_mixin.py:115} INFO - [2022-10-01T00:00:51.694+0000] {dag.py:2981} INFO - Setting next_dagrun for postgres_operator_dag_example to None, run_after=None
[2022-10-01T00:00:51.701+0000] {processor.py:161} INFO - Processing /opt/airflow/dags/postgresql_demo.py took 0.062 seconds
[2022-10-01T00:01:22.012+0000] {processor.py:153} INFO - Started process (PID=34037) to work on /opt/airflow/dags/postgresql_demo.py
[2022-10-01T00:01:22.019+0000] {processor.py:640} INFO - Processing file /opt/airflow/dags/postgresql_demo.py for tasks to queue
[2022-10-01T00:01:22.024+0000] {logging_mixin.py:115} INFO - [2022-10-01T00:01:22.024+0000] {dagbag.py:508} INFO - Filling up the DagBag from /opt/airflow/dags/postgresql_demo.py
[2022-10-01T00:01:22.049+0000] {processor.py:650} INFO - DAG(s) dict_keys(['postgres_operator_dag_example']) retrieved from /opt/airflow/dags/postgresql_demo.py
[2022-10-01T00:01:22.085+0000] {logging_mixin.py:115} INFO - [2022-10-01T00:01:22.085+0000] {dag.py:2429} INFO - Sync 1 DAGs
[2022-10-01T00:01:22.117+0000] {logging_mixin.py:115} INFO - [2022-10-01T00:01:22.117+0000] {dag.py:2981} INFO - Setting next_dagrun for postgres_operator_dag_example to None, run_after=None
[2022-10-01T00:01:22.147+0000] {processor.py:161} INFO - Processing /opt/airflow/dags/postgresql_demo.py took 0.138 seconds
[2022-10-01T00:01:52.603+0000] {processor.py:153} INFO - Started process (PID=34094) to work on /opt/airflow/dags/postgresql_demo.py
[2022-10-01T00:01:52.605+0000] {processor.py:640} INFO - Processing file /opt/airflow/dags/postgresql_demo.py for tasks to queue
[2022-10-01T00:01:52.606+0000] {logging_mixin.py:115} INFO - [2022-10-01T00:01:52.606+0000] {dagbag.py:508} INFO - Filling up the DagBag from /opt/airflow/dags/postgresql_demo.py
[2022-10-01T00:01:52.627+0000] {processor.py:650} INFO - DAG(s) dict_keys(['postgres_operator_dag_example']) retrieved from /opt/airflow/dags/postgresql_demo.py
[2022-10-01T00:01:52.645+0000] {logging_mixin.py:115} INFO - [2022-10-01T00:01:52.645+0000] {dag.py:2429} INFO - Sync 1 DAGs
[2022-10-01T00:01:52.657+0000] {logging_mixin.py:115} INFO - [2022-10-01T00:01:52.657+0000] {dag.py:2981} INFO - Setting next_dagrun for postgres_operator_dag_example to None, run_after=None
[2022-10-01T00:01:52.664+0000] {processor.py:161} INFO - Processing /opt/airflow/dags/postgresql_demo.py took 0.063 seconds
[2022-10-01T00:02:22.919+0000] {processor.py:153} INFO - Started process (PID=34160) to work on /opt/airflow/dags/postgresql_demo.py
[2022-10-01T00:02:22.921+0000] {processor.py:640} INFO - Processing file /opt/airflow/dags/postgresql_demo.py for tasks to queue
[2022-10-01T00:02:22.922+0000] {logging_mixin.py:115} INFO - [2022-10-01T00:02:22.922+0000] {dagbag.py:508} INFO - Filling up the DagBag from /opt/airflow/dags/postgresql_demo.py
[2022-10-01T00:02:22.946+0000] {processor.py:650} INFO - DAG(s) dict_keys(['postgres_operator_dag_example']) retrieved from /opt/airflow/dags/postgresql_demo.py
[2022-10-01T00:02:22.965+0000] {logging_mixin.py:115} INFO - [2022-10-01T00:02:22.965+0000] {dag.py:2429} INFO - Sync 1 DAGs
[2022-10-01T00:02:22.977+0000] {logging_mixin.py:115} INFO - [2022-10-01T00:02:22.977+0000] {dag.py:2981} INFO - Setting next_dagrun for postgres_operator_dag_example to None, run_after=None
[2022-10-01T00:02:22.984+0000] {processor.py:161} INFO - Processing /opt/airflow/dags/postgresql_demo.py took 0.067 seconds
[2022-10-01T00:02:53.414+0000] {processor.py:153} INFO - Started process (PID=34226) to work on /opt/airflow/dags/postgresql_demo.py
[2022-10-01T00:02:53.415+0000] {processor.py:640} INFO - Processing file /opt/airflow/dags/postgresql_demo.py for tasks to queue
[2022-10-01T00:02:53.416+0000] {logging_mixin.py:115} INFO - [2022-10-01T00:02:53.416+0000] {dagbag.py:508} INFO - Filling up the DagBag from /opt/airflow/dags/postgresql_demo.py
[2022-10-01T00:02:53.438+0000] {processor.py:650} INFO - DAG(s) dict_keys(['postgres_operator_dag_example']) retrieved from /opt/airflow/dags/postgresql_demo.py
[2022-10-01T00:02:53.455+0000] {logging_mixin.py:115} INFO - [2022-10-01T00:02:53.455+0000] {dag.py:2429} INFO - Sync 1 DAGs
[2022-10-01T00:02:53.468+0000] {logging_mixin.py:115} INFO - [2022-10-01T00:02:53.468+0000] {dag.py:2981} INFO - Setting next_dagrun for postgres_operator_dag_example to None, run_after=None
[2022-10-01T00:02:53.475+0000] {processor.py:161} INFO - Processing /opt/airflow/dags/postgresql_demo.py took 0.064 seconds
[2022-10-01T00:03:23.710+0000] {processor.py:153} INFO - Started process (PID=34286) to work on /opt/airflow/dags/postgresql_demo.py
[2022-10-01T00:03:23.712+0000] {processor.py:640} INFO - Processing file /opt/airflow/dags/postgresql_demo.py for tasks to queue
[2022-10-01T00:03:23.715+0000] {logging_mixin.py:115} INFO - [2022-10-01T00:03:23.715+0000] {dagbag.py:508} INFO - Filling up the DagBag from /opt/airflow/dags/postgresql_demo.py
[2022-10-01T00:03:23.742+0000] {processor.py:650} INFO - DAG(s) dict_keys(['postgres_operator_dag_example']) retrieved from /opt/airflow/dags/postgresql_demo.py
[2022-10-01T00:03:23.763+0000] {logging_mixin.py:115} INFO - [2022-10-01T00:03:23.763+0000] {dag.py:2429} INFO - Sync 1 DAGs
[2022-10-01T00:03:23.780+0000] {logging_mixin.py:115} INFO - [2022-10-01T00:03:23.779+0000] {dag.py:2981} INFO - Setting next_dagrun for postgres_operator_dag_example to None, run_after=None
[2022-10-01T00:03:23.787+0000] {processor.py:161} INFO - Processing /opt/airflow/dags/postgresql_demo.py took 0.081 seconds
[2022-10-01T00:03:53.978+0000] {processor.py:153} INFO - Started process (PID=34350) to work on /opt/airflow/dags/postgresql_demo.py
[2022-10-01T00:03:53.979+0000] {processor.py:640} INFO - Processing file /opt/airflow/dags/postgresql_demo.py for tasks to queue
[2022-10-01T00:03:53.980+0000] {logging_mixin.py:115} INFO - [2022-10-01T00:03:53.980+0000] {dagbag.py:508} INFO - Filling up the DagBag from /opt/airflow/dags/postgresql_demo.py
[2022-10-01T00:03:54.000+0000] {processor.py:650} INFO - DAG(s) dict_keys(['postgres_operator_dag_example']) retrieved from /opt/airflow/dags/postgresql_demo.py
[2022-10-01T00:03:54.018+0000] {logging_mixin.py:115} INFO - [2022-10-01T00:03:54.018+0000] {dag.py:2429} INFO - Sync 1 DAGs
[2022-10-01T00:03:54.030+0000] {logging_mixin.py:115} INFO - [2022-10-01T00:03:54.030+0000] {dag.py:2981} INFO - Setting next_dagrun for postgres_operator_dag_example to None, run_after=None
[2022-10-01T00:03:54.037+0000] {processor.py:161} INFO - Processing /opt/airflow/dags/postgresql_demo.py took 0.062 seconds
[2022-10-01T00:04:24.505+0000] {processor.py:153} INFO - Started process (PID=34416) to work on /opt/airflow/dags/postgresql_demo.py
[2022-10-01T00:04:24.507+0000] {processor.py:640} INFO - Processing file /opt/airflow/dags/postgresql_demo.py for tasks to queue
[2022-10-01T00:04:24.508+0000] {logging_mixin.py:115} INFO - [2022-10-01T00:04:24.508+0000] {dagbag.py:508} INFO - Filling up the DagBag from /opt/airflow/dags/postgresql_demo.py
[2022-10-01T00:04:24.529+0000] {processor.py:650} INFO - DAG(s) dict_keys(['postgres_operator_dag_example']) retrieved from /opt/airflow/dags/postgresql_demo.py
[2022-10-01T00:04:24.546+0000] {logging_mixin.py:115} INFO - [2022-10-01T00:04:24.546+0000] {dag.py:2429} INFO - Sync 1 DAGs
[2022-10-01T00:04:24.559+0000] {logging_mixin.py:115} INFO - [2022-10-01T00:04:24.559+0000] {dag.py:2981} INFO - Setting next_dagrun for postgres_operator_dag_example to None, run_after=None
[2022-10-01T00:04:24.566+0000] {processor.py:161} INFO - Processing /opt/airflow/dags/postgresql_demo.py took 0.063 seconds
[2022-10-01T00:04:54.857+0000] {processor.py:153} INFO - Started process (PID=34482) to work on /opt/airflow/dags/postgresql_demo.py
[2022-10-01T00:04:54.859+0000] {processor.py:640} INFO - Processing file /opt/airflow/dags/postgresql_demo.py for tasks to queue
[2022-10-01T00:04:54.860+0000] {logging_mixin.py:115} INFO - [2022-10-01T00:04:54.860+0000] {dagbag.py:508} INFO - Filling up the DagBag from /opt/airflow/dags/postgresql_demo.py
[2022-10-01T00:04:54.883+0000] {processor.py:650} INFO - DAG(s) dict_keys(['postgres_operator_dag_example']) retrieved from /opt/airflow/dags/postgresql_demo.py
[2022-10-01T00:04:54.899+0000] {logging_mixin.py:115} INFO - [2022-10-01T00:04:54.899+0000] {dag.py:2429} INFO - Sync 1 DAGs
[2022-10-01T00:04:54.912+0000] {logging_mixin.py:115} INFO - [2022-10-01T00:04:54.911+0000] {dag.py:2981} INFO - Setting next_dagrun for postgres_operator_dag_example to None, run_after=None
[2022-10-01T00:04:54.918+0000] {processor.py:161} INFO - Processing /opt/airflow/dags/postgresql_demo.py took 0.063 seconds
[2022-10-01T00:05:25.349+0000] {processor.py:153} INFO - Started process (PID=34547) to work on /opt/airflow/dags/postgresql_demo.py
[2022-10-01T00:05:25.351+0000] {processor.py:640} INFO - Processing file /opt/airflow/dags/postgresql_demo.py for tasks to queue
[2022-10-01T00:05:25.352+0000] {logging_mixin.py:115} INFO - [2022-10-01T00:05:25.352+0000] {dagbag.py:508} INFO - Filling up the DagBag from /opt/airflow/dags/postgresql_demo.py
[2022-10-01T00:05:25.377+0000] {processor.py:650} INFO - DAG(s) dict_keys(['postgres_operator_dag_example']) retrieved from /opt/airflow/dags/postgresql_demo.py
[2022-10-01T00:05:25.399+0000] {logging_mixin.py:115} INFO - [2022-10-01T00:05:25.399+0000] {dag.py:2429} INFO - Sync 1 DAGs
[2022-10-01T00:05:25.416+0000] {logging_mixin.py:115} INFO - [2022-10-01T00:05:25.416+0000] {dag.py:2981} INFO - Setting next_dagrun for postgres_operator_dag_example to None, run_after=None
[2022-10-01T00:05:25.425+0000] {processor.py:161} INFO - Processing /opt/airflow/dags/postgresql_demo.py took 0.079 seconds
[2022-10-01T00:05:55.633+0000] {processor.py:153} INFO - Started process (PID=34606) to work on /opt/airflow/dags/postgresql_demo.py
[2022-10-01T00:05:55.635+0000] {processor.py:640} INFO - Processing file /opt/airflow/dags/postgresql_demo.py for tasks to queue
[2022-10-01T00:05:55.637+0000] {logging_mixin.py:115} INFO - [2022-10-01T00:05:55.637+0000] {dagbag.py:508} INFO - Filling up the DagBag from /opt/airflow/dags/postgresql_demo.py
[2022-10-01T00:05:55.656+0000] {processor.py:650} INFO - DAG(s) dict_keys(['postgres_operator_dag_example']) retrieved from /opt/airflow/dags/postgresql_demo.py
[2022-10-01T00:05:55.675+0000] {logging_mixin.py:115} INFO - [2022-10-01T00:05:55.675+0000] {dag.py:2429} INFO - Sync 1 DAGs
[2022-10-01T00:05:55.688+0000] {logging_mixin.py:115} INFO - [2022-10-01T00:05:55.688+0000] {dag.py:2981} INFO - Setting next_dagrun for postgres_operator_dag_example to None, run_after=None
[2022-10-01T00:05:55.695+0000] {processor.py:161} INFO - Processing /opt/airflow/dags/postgresql_demo.py took 0.064 seconds
[2022-10-01T00:06:26.043+0000] {processor.py:153} INFO - Started process (PID=34673) to work on /opt/airflow/dags/postgresql_demo.py
[2022-10-01T00:06:26.048+0000] {processor.py:640} INFO - Processing file /opt/airflow/dags/postgresql_demo.py for tasks to queue
[2022-10-01T00:06:26.049+0000] {logging_mixin.py:115} INFO - [2022-10-01T00:06:26.049+0000] {dagbag.py:508} INFO - Filling up the DagBag from /opt/airflow/dags/postgresql_demo.py
[2022-10-01T00:06:26.070+0000] {processor.py:650} INFO - DAG(s) dict_keys(['postgres_operator_dag_example']) retrieved from /opt/airflow/dags/postgresql_demo.py
[2022-10-01T00:06:26.090+0000] {logging_mixin.py:115} INFO - [2022-10-01T00:06:26.089+0000] {dag.py:2429} INFO - Sync 1 DAGs
[2022-10-01T00:06:26.105+0000] {logging_mixin.py:115} INFO - [2022-10-01T00:06:26.104+0000] {dag.py:2981} INFO - Setting next_dagrun for postgres_operator_dag_example to None, run_after=None
[2022-10-01T00:06:26.126+0000] {processor.py:161} INFO - Processing /opt/airflow/dags/postgresql_demo.py took 0.085 seconds
[2022-10-01T00:06:56.494+0000] {processor.py:153} INFO - Started process (PID=34739) to work on /opt/airflow/dags/postgresql_demo.py
[2022-10-01T00:06:56.495+0000] {processor.py:640} INFO - Processing file /opt/airflow/dags/postgresql_demo.py for tasks to queue
[2022-10-01T00:06:56.496+0000] {logging_mixin.py:115} INFO - [2022-10-01T00:06:56.496+0000] {dagbag.py:508} INFO - Filling up the DagBag from /opt/airflow/dags/postgresql_demo.py
[2022-10-01T00:06:56.518+0000] {processor.py:650} INFO - DAG(s) dict_keys(['postgres_operator_dag_example']) retrieved from /opt/airflow/dags/postgresql_demo.py
[2022-10-01T00:06:56.542+0000] {logging_mixin.py:115} INFO - [2022-10-01T00:06:56.541+0000] {dag.py:2429} INFO - Sync 1 DAGs
[2022-10-01T00:06:56.555+0000] {logging_mixin.py:115} INFO - [2022-10-01T00:06:56.555+0000] {dag.py:2981} INFO - Setting next_dagrun for postgres_operator_dag_example to None, run_after=None
[2022-10-01T00:06:56.562+0000] {processor.py:161} INFO - Processing /opt/airflow/dags/postgresql_demo.py took 0.071 seconds
[2022-10-01T00:07:26.798+0000] {processor.py:153} INFO - Started process (PID=34796) to work on /opt/airflow/dags/postgresql_demo.py
[2022-10-01T00:07:26.799+0000] {processor.py:640} INFO - Processing file /opt/airflow/dags/postgresql_demo.py for tasks to queue
[2022-10-01T00:07:26.800+0000] {logging_mixin.py:115} INFO - [2022-10-01T00:07:26.800+0000] {dagbag.py:508} INFO - Filling up the DagBag from /opt/airflow/dags/postgresql_demo.py
[2022-10-01T00:07:26.820+0000] {processor.py:650} INFO - DAG(s) dict_keys(['postgres_operator_dag_example']) retrieved from /opt/airflow/dags/postgresql_demo.py
[2022-10-01T00:07:26.838+0000] {logging_mixin.py:115} INFO - [2022-10-01T00:07:26.838+0000] {dag.py:2429} INFO - Sync 1 DAGs
[2022-10-01T00:07:26.852+0000] {logging_mixin.py:115} INFO - [2022-10-01T00:07:26.851+0000] {dag.py:2981} INFO - Setting next_dagrun for postgres_operator_dag_example to None, run_after=None
[2022-10-01T00:07:26.858+0000] {processor.py:161} INFO - Processing /opt/airflow/dags/postgresql_demo.py took 0.063 seconds
[2022-10-01T00:07:57.266+0000] {processor.py:153} INFO - Started process (PID=34862) to work on /opt/airflow/dags/postgresql_demo.py
[2022-10-01T00:07:57.268+0000] {processor.py:640} INFO - Processing file /opt/airflow/dags/postgresql_demo.py for tasks to queue
[2022-10-01T00:07:57.269+0000] {logging_mixin.py:115} INFO - [2022-10-01T00:07:57.269+0000] {dagbag.py:508} INFO - Filling up the DagBag from /opt/airflow/dags/postgresql_demo.py
[2022-10-01T00:07:57.288+0000] {processor.py:650} INFO - DAG(s) dict_keys(['postgres_operator_dag_example']) retrieved from /opt/airflow/dags/postgresql_demo.py
[2022-10-01T00:07:57.306+0000] {logging_mixin.py:115} INFO - [2022-10-01T00:07:57.306+0000] {dag.py:2429} INFO - Sync 1 DAGs
[2022-10-01T00:07:57.318+0000] {logging_mixin.py:115} INFO - [2022-10-01T00:07:57.318+0000] {dag.py:2981} INFO - Setting next_dagrun for postgres_operator_dag_example to None, run_after=None
[2022-10-01T00:07:57.326+0000] {processor.py:161} INFO - Processing /opt/airflow/dags/postgresql_demo.py took 0.062 seconds
[2022-10-01T00:08:27.699+0000] {processor.py:153} INFO - Started process (PID=34928) to work on /opt/airflow/dags/postgresql_demo.py
[2022-10-01T00:08:27.700+0000] {processor.py:640} INFO - Processing file /opt/airflow/dags/postgresql_demo.py for tasks to queue
[2022-10-01T00:08:27.701+0000] {logging_mixin.py:115} INFO - [2022-10-01T00:08:27.701+0000] {dagbag.py:508} INFO - Filling up the DagBag from /opt/airflow/dags/postgresql_demo.py
[2022-10-01T00:08:27.721+0000] {processor.py:650} INFO - DAG(s) dict_keys(['postgres_operator_dag_example']) retrieved from /opt/airflow/dags/postgresql_demo.py
[2022-10-01T00:08:27.739+0000] {logging_mixin.py:115} INFO - [2022-10-01T00:08:27.739+0000] {dag.py:2429} INFO - Sync 1 DAGs
[2022-10-01T00:08:27.751+0000] {logging_mixin.py:115} INFO - [2022-10-01T00:08:27.751+0000] {dag.py:2981} INFO - Setting next_dagrun for postgres_operator_dag_example to None, run_after=None
[2022-10-01T00:08:27.758+0000] {processor.py:161} INFO - Processing /opt/airflow/dags/postgresql_demo.py took 0.062 seconds
[2022-10-01T00:08:58.238+0000] {processor.py:153} INFO - Started process (PID=34994) to work on /opt/airflow/dags/postgresql_demo.py
[2022-10-01T00:08:58.239+0000] {processor.py:640} INFO - Processing file /opt/airflow/dags/postgresql_demo.py for tasks to queue
[2022-10-01T00:08:58.241+0000] {logging_mixin.py:115} INFO - [2022-10-01T00:08:58.240+0000] {dagbag.py:508} INFO - Filling up the DagBag from /opt/airflow/dags/postgresql_demo.py
[2022-10-01T00:08:58.265+0000] {processor.py:650} INFO - DAG(s) dict_keys(['postgres_operator_dag_example']) retrieved from /opt/airflow/dags/postgresql_demo.py
[2022-10-01T00:08:58.283+0000] {logging_mixin.py:115} INFO - [2022-10-01T00:08:58.283+0000] {dag.py:2429} INFO - Sync 1 DAGs
[2022-10-01T00:08:58.298+0000] {logging_mixin.py:115} INFO - [2022-10-01T00:08:58.298+0000] {dag.py:2981} INFO - Setting next_dagrun for postgres_operator_dag_example to None, run_after=None
[2022-10-01T00:08:58.306+0000] {processor.py:161} INFO - Processing /opt/airflow/dags/postgresql_demo.py took 0.071 seconds
[2022-10-01T00:09:28.774+0000] {processor.py:153} INFO - Started process (PID=35050) to work on /opt/airflow/dags/postgresql_demo.py
[2022-10-01T00:09:28.775+0000] {processor.py:640} INFO - Processing file /opt/airflow/dags/postgresql_demo.py for tasks to queue
[2022-10-01T00:09:28.776+0000] {logging_mixin.py:115} INFO - [2022-10-01T00:09:28.776+0000] {dagbag.py:508} INFO - Filling up the DagBag from /opt/airflow/dags/postgresql_demo.py
[2022-10-01T00:09:28.797+0000] {processor.py:650} INFO - DAG(s) dict_keys(['postgres_operator_dag_example']) retrieved from /opt/airflow/dags/postgresql_demo.py
[2022-10-01T00:09:28.818+0000] {logging_mixin.py:115} INFO - [2022-10-01T00:09:28.818+0000] {dag.py:2429} INFO - Sync 1 DAGs
[2022-10-01T00:09:28.830+0000] {logging_mixin.py:115} INFO - [2022-10-01T00:09:28.830+0000] {dag.py:2981} INFO - Setting next_dagrun for postgres_operator_dag_example to None, run_after=None
[2022-10-01T00:09:28.837+0000] {processor.py:161} INFO - Processing /opt/airflow/dags/postgresql_demo.py took 0.065 seconds
[2022-10-01T00:09:59.316+0000] {processor.py:153} INFO - Started process (PID=35115) to work on /opt/airflow/dags/postgresql_demo.py
[2022-10-01T00:09:59.318+0000] {processor.py:640} INFO - Processing file /opt/airflow/dags/postgresql_demo.py for tasks to queue
[2022-10-01T00:09:59.320+0000] {logging_mixin.py:115} INFO - [2022-10-01T00:09:59.319+0000] {dagbag.py:508} INFO - Filling up the DagBag from /opt/airflow/dags/postgresql_demo.py
[2022-10-01T00:09:59.349+0000] {processor.py:650} INFO - DAG(s) dict_keys(['postgres_operator_dag_example']) retrieved from /opt/airflow/dags/postgresql_demo.py
[2022-10-01T00:09:59.371+0000] {logging_mixin.py:115} INFO - [2022-10-01T00:09:59.371+0000] {dag.py:2429} INFO - Sync 1 DAGs
[2022-10-01T00:09:59.388+0000] {logging_mixin.py:115} INFO - [2022-10-01T00:09:59.388+0000] {dag.py:2981} INFO - Setting next_dagrun for postgres_operator_dag_example to None, run_after=None
[2022-10-01T00:09:59.396+0000] {processor.py:161} INFO - Processing /opt/airflow/dags/postgresql_demo.py took 0.082 seconds
[2022-10-01T00:10:29.618+0000] {processor.py:153} INFO - Started process (PID=35182) to work on /opt/airflow/dags/postgresql_demo.py
[2022-10-01T00:10:29.620+0000] {processor.py:640} INFO - Processing file /opt/airflow/dags/postgresql_demo.py for tasks to queue
[2022-10-01T00:10:29.621+0000] {logging_mixin.py:115} INFO - [2022-10-01T00:10:29.621+0000] {dagbag.py:508} INFO - Filling up the DagBag from /opt/airflow/dags/postgresql_demo.py
[2022-10-01T00:10:29.650+0000] {processor.py:650} INFO - DAG(s) dict_keys(['postgres_operator_dag_example']) retrieved from /opt/airflow/dags/postgresql_demo.py
[2022-10-01T00:10:29.672+0000] {logging_mixin.py:115} INFO - [2022-10-01T00:10:29.672+0000] {dag.py:2429} INFO - Sync 1 DAGs
[2022-10-01T00:10:29.687+0000] {logging_mixin.py:115} INFO - [2022-10-01T00:10:29.687+0000] {dag.py:2981} INFO - Setting next_dagrun for postgres_operator_dag_example to None, run_after=None
[2022-10-01T00:10:29.695+0000] {processor.py:161} INFO - Processing /opt/airflow/dags/postgresql_demo.py took 0.079 seconds
[2022-10-01T00:11:00.218+0000] {processor.py:153} INFO - Started process (PID=35248) to work on /opt/airflow/dags/postgresql_demo.py
[2022-10-01T00:11:00.219+0000] {processor.py:640} INFO - Processing file /opt/airflow/dags/postgresql_demo.py for tasks to queue
[2022-10-01T00:11:00.220+0000] {logging_mixin.py:115} INFO - [2022-10-01T00:11:00.220+0000] {dagbag.py:508} INFO - Filling up the DagBag from /opt/airflow/dags/postgresql_demo.py
[2022-10-01T00:11:00.242+0000] {processor.py:650} INFO - DAG(s) dict_keys(['postgres_operator_dag_example']) retrieved from /opt/airflow/dags/postgresql_demo.py
[2022-10-01T00:11:00.259+0000] {logging_mixin.py:115} INFO - [2022-10-01T00:11:00.259+0000] {dag.py:2429} INFO - Sync 1 DAGs
[2022-10-01T00:11:00.272+0000] {logging_mixin.py:115} INFO - [2022-10-01T00:11:00.272+0000] {dag.py:2981} INFO - Setting next_dagrun for postgres_operator_dag_example to None, run_after=None
[2022-10-01T00:11:00.278+0000] {processor.py:161} INFO - Processing /opt/airflow/dags/postgresql_demo.py took 0.063 seconds
[2022-10-01T00:11:31.371+0000] {processor.py:153} INFO - Started process (PID=35306) to work on /opt/airflow/dags/postgresql_demo.py
[2022-10-01T00:11:31.373+0000] {processor.py:640} INFO - Processing file /opt/airflow/dags/postgresql_demo.py for tasks to queue
[2022-10-01T00:11:31.374+0000] {logging_mixin.py:115} INFO - [2022-10-01T00:11:31.374+0000] {dagbag.py:508} INFO - Filling up the DagBag from /opt/airflow/dags/postgresql_demo.py
[2022-10-01T00:11:31.400+0000] {processor.py:650} INFO - DAG(s) dict_keys(['postgres_operator_dag_example']) retrieved from /opt/airflow/dags/postgresql_demo.py
[2022-10-01T00:11:31.420+0000] {logging_mixin.py:115} INFO - [2022-10-01T00:11:31.420+0000] {dag.py:2429} INFO - Sync 1 DAGs
[2022-10-01T00:11:31.435+0000] {logging_mixin.py:115} INFO - [2022-10-01T00:11:31.435+0000] {dag.py:2981} INFO - Setting next_dagrun for postgres_operator_dag_example to None, run_after=None
[2022-10-01T00:11:31.442+0000] {processor.py:161} INFO - Processing /opt/airflow/dags/postgresql_demo.py took 0.073 seconds
[2022-10-01T00:12:01.857+0000] {processor.py:153} INFO - Started process (PID=35371) to work on /opt/airflow/dags/postgresql_demo.py
[2022-10-01T00:12:01.858+0000] {processor.py:640} INFO - Processing file /opt/airflow/dags/postgresql_demo.py for tasks to queue
[2022-10-01T00:12:01.859+0000] {logging_mixin.py:115} INFO - [2022-10-01T00:12:01.859+0000] {dagbag.py:508} INFO - Filling up the DagBag from /opt/airflow/dags/postgresql_demo.py
[2022-10-01T00:12:01.884+0000] {processor.py:650} INFO - DAG(s) dict_keys(['postgres_operator_dag_example']) retrieved from /opt/airflow/dags/postgresql_demo.py
[2022-10-01T00:12:01.906+0000] {logging_mixin.py:115} INFO - [2022-10-01T00:12:01.906+0000] {dag.py:2429} INFO - Sync 1 DAGs
[2022-10-01T00:12:01.920+0000] {logging_mixin.py:115} INFO - [2022-10-01T00:12:01.920+0000] {dag.py:2981} INFO - Setting next_dagrun for postgres_operator_dag_example to None, run_after=None
[2022-10-01T00:12:01.928+0000] {processor.py:161} INFO - Processing /opt/airflow/dags/postgresql_demo.py took 0.073 seconds
[2022-10-01T00:12:32.207+0000] {processor.py:153} INFO - Started process (PID=35438) to work on /opt/airflow/dags/postgresql_demo.py
[2022-10-01T00:12:32.209+0000] {processor.py:640} INFO - Processing file /opt/airflow/dags/postgresql_demo.py for tasks to queue
[2022-10-01T00:12:32.210+0000] {logging_mixin.py:115} INFO - [2022-10-01T00:12:32.210+0000] {dagbag.py:508} INFO - Filling up the DagBag from /opt/airflow/dags/postgresql_demo.py
[2022-10-01T00:12:32.233+0000] {processor.py:650} INFO - DAG(s) dict_keys(['postgres_operator_dag_example']) retrieved from /opt/airflow/dags/postgresql_demo.py
[2022-10-01T00:12:32.250+0000] {logging_mixin.py:115} INFO - [2022-10-01T00:12:32.250+0000] {dag.py:2429} INFO - Sync 1 DAGs
[2022-10-01T00:12:32.263+0000] {logging_mixin.py:115} INFO - [2022-10-01T00:12:32.263+0000] {dag.py:2981} INFO - Setting next_dagrun for postgres_operator_dag_example to None, run_after=None
[2022-10-01T00:12:32.270+0000] {processor.py:161} INFO - Processing /opt/airflow/dags/postgresql_demo.py took 0.066 seconds
[2022-10-01T00:13:02.714+0000] {processor.py:153} INFO - Started process (PID=35503) to work on /opt/airflow/dags/postgresql_demo.py
[2022-10-01T00:13:02.717+0000] {processor.py:640} INFO - Processing file /opt/airflow/dags/postgresql_demo.py for tasks to queue
[2022-10-01T00:13:02.718+0000] {logging_mixin.py:115} INFO - [2022-10-01T00:13:02.718+0000] {dagbag.py:508} INFO - Filling up the DagBag from /opt/airflow/dags/postgresql_demo.py
[2022-10-01T00:13:02.740+0000] {processor.py:650} INFO - DAG(s) dict_keys(['postgres_operator_dag_example']) retrieved from /opt/airflow/dags/postgresql_demo.py
[2022-10-01T00:13:02.757+0000] {logging_mixin.py:115} INFO - [2022-10-01T00:13:02.757+0000] {dag.py:2429} INFO - Sync 1 DAGs
[2022-10-01T00:13:02.769+0000] {logging_mixin.py:115} INFO - [2022-10-01T00:13:02.769+0000] {dag.py:2981} INFO - Setting next_dagrun for postgres_operator_dag_example to None, run_after=None
[2022-10-01T00:13:02.776+0000] {processor.py:161} INFO - Processing /opt/airflow/dags/postgresql_demo.py took 0.064 seconds
[2022-10-01T00:13:33.049+0000] {processor.py:153} INFO - Started process (PID=35562) to work on /opt/airflow/dags/postgresql_demo.py
[2022-10-01T00:13:33.050+0000] {processor.py:640} INFO - Processing file /opt/airflow/dags/postgresql_demo.py for tasks to queue
[2022-10-01T00:13:33.051+0000] {logging_mixin.py:115} INFO - [2022-10-01T00:13:33.051+0000] {dagbag.py:508} INFO - Filling up the DagBag from /opt/airflow/dags/postgresql_demo.py
[2022-10-01T00:13:33.073+0000] {processor.py:650} INFO - DAG(s) dict_keys(['postgres_operator_dag_example']) retrieved from /opt/airflow/dags/postgresql_demo.py
[2022-10-01T00:13:33.092+0000] {logging_mixin.py:115} INFO - [2022-10-01T00:13:33.092+0000] {dag.py:2429} INFO - Sync 1 DAGs
[2022-10-01T00:13:33.104+0000] {logging_mixin.py:115} INFO - [2022-10-01T00:13:33.104+0000] {dag.py:2981} INFO - Setting next_dagrun for postgres_operator_dag_example to None, run_after=None
[2022-10-01T00:13:33.111+0000] {processor.py:161} INFO - Processing /opt/airflow/dags/postgresql_demo.py took 0.066 seconds
[2022-10-01T00:18:32.097+0000] {processor.py:153} INFO - Started process (PID=35620) to work on /opt/airflow/dags/postgresql_demo.py
[2022-10-01T00:18:32.101+0000] {processor.py:640} INFO - Processing file /opt/airflow/dags/postgresql_demo.py for tasks to queue
[2022-10-01T00:18:32.175+0000] {logging_mixin.py:115} INFO - [2022-10-01T00:18:32.174+0000] {dagbag.py:508} INFO - Filling up the DagBag from /opt/airflow/dags/postgresql_demo.py
[2022-10-01T00:18:32.248+0000] {processor.py:650} INFO - DAG(s) dict_keys(['postgres_operator_dag_example']) retrieved from /opt/airflow/dags/postgresql_demo.py
[2022-10-01T00:18:32.313+0000] {logging_mixin.py:115} INFO - [2022-10-01T00:18:32.312+0000] {dag.py:2429} INFO - Sync 1 DAGs
[2022-10-01T00:18:32.359+0000] {logging_mixin.py:115} INFO - [2022-10-01T00:18:32.358+0000] {dag.py:2981} INFO - Setting next_dagrun for postgres_operator_dag_example to None, run_after=None
[2022-10-01T00:18:32.391+0000] {processor.py:161} INFO - Processing /opt/airflow/dags/postgresql_demo.py took 0.301 seconds
[2022-10-01T00:19:02.478+0000] {processor.py:153} INFO - Started process (PID=35677) to work on /opt/airflow/dags/postgresql_demo.py
[2022-10-01T00:19:02.481+0000] {processor.py:640} INFO - Processing file /opt/airflow/dags/postgresql_demo.py for tasks to queue
[2022-10-01T00:19:02.482+0000] {logging_mixin.py:115} INFO - [2022-10-01T00:19:02.482+0000] {dagbag.py:508} INFO - Filling up the DagBag from /opt/airflow/dags/postgresql_demo.py
[2022-10-01T00:19:02.507+0000] {processor.py:650} INFO - DAG(s) dict_keys(['postgres_operator_dag_example']) retrieved from /opt/airflow/dags/postgresql_demo.py
[2022-10-01T00:19:02.525+0000] {logging_mixin.py:115} INFO - [2022-10-01T00:19:02.525+0000] {dag.py:2429} INFO - Sync 1 DAGs
[2022-10-01T00:19:02.536+0000] {logging_mixin.py:115} INFO - [2022-10-01T00:19:02.536+0000] {dag.py:2981} INFO - Setting next_dagrun for postgres_operator_dag_example to None, run_after=None
[2022-10-01T00:19:02.543+0000] {processor.py:161} INFO - Processing /opt/airflow/dags/postgresql_demo.py took 0.068 seconds
[2022-10-01T00:19:32.964+0000] {processor.py:153} INFO - Started process (PID=35744) to work on /opt/airflow/dags/postgresql_demo.py
[2022-10-01T00:19:32.966+0000] {processor.py:640} INFO - Processing file /opt/airflow/dags/postgresql_demo.py for tasks to queue
[2022-10-01T00:19:32.967+0000] {logging_mixin.py:115} INFO - [2022-10-01T00:19:32.967+0000] {dagbag.py:508} INFO - Filling up the DagBag from /opt/airflow/dags/postgresql_demo.py
[2022-10-01T00:19:32.989+0000] {processor.py:650} INFO - DAG(s) dict_keys(['postgres_operator_dag_example']) retrieved from /opt/airflow/dags/postgresql_demo.py
[2022-10-01T00:19:33.009+0000] {logging_mixin.py:115} INFO - [2022-10-01T00:19:33.009+0000] {dag.py:2429} INFO - Sync 1 DAGs
[2022-10-01T00:19:33.027+0000] {logging_mixin.py:115} INFO - [2022-10-01T00:19:33.027+0000] {dag.py:2981} INFO - Setting next_dagrun for postgres_operator_dag_example to None, run_after=None
[2022-10-01T00:19:33.034+0000] {processor.py:161} INFO - Processing /opt/airflow/dags/postgresql_demo.py took 0.072 seconds
[2022-10-01T00:20:03.720+0000] {processor.py:153} INFO - Started process (PID=35808) to work on /opt/airflow/dags/postgresql_demo.py
[2022-10-01T00:20:03.722+0000] {processor.py:640} INFO - Processing file /opt/airflow/dags/postgresql_demo.py for tasks to queue
[2022-10-01T00:20:03.723+0000] {logging_mixin.py:115} INFO - [2022-10-01T00:20:03.723+0000] {dagbag.py:508} INFO - Filling up the DagBag from /opt/airflow/dags/postgresql_demo.py
[2022-10-01T00:20:03.743+0000] {processor.py:650} INFO - DAG(s) dict_keys(['postgres_operator_dag_example']) retrieved from /opt/airflow/dags/postgresql_demo.py
[2022-10-01T00:20:03.760+0000] {logging_mixin.py:115} INFO - [2022-10-01T00:20:03.760+0000] {dag.py:2429} INFO - Sync 1 DAGs
[2022-10-01T00:20:03.772+0000] {logging_mixin.py:115} INFO - [2022-10-01T00:20:03.772+0000] {dag.py:2981} INFO - Setting next_dagrun for postgres_operator_dag_example to None, run_after=None
[2022-10-01T00:20:03.779+0000] {processor.py:161} INFO - Processing /opt/airflow/dags/postgresql_demo.py took 0.062 seconds
[2022-10-01T00:20:34.192+0000] {processor.py:153} INFO - Started process (PID=35876) to work on /opt/airflow/dags/postgresql_demo.py
[2022-10-01T00:20:34.197+0000] {processor.py:640} INFO - Processing file /opt/airflow/dags/postgresql_demo.py for tasks to queue
[2022-10-01T00:20:34.198+0000] {logging_mixin.py:115} INFO - [2022-10-01T00:20:34.198+0000] {dagbag.py:508} INFO - Filling up the DagBag from /opt/airflow/dags/postgresql_demo.py
[2022-10-01T00:20:34.221+0000] {processor.py:650} INFO - DAG(s) dict_keys(['postgres_operator_dag_example']) retrieved from /opt/airflow/dags/postgresql_demo.py
[2022-10-01T00:20:34.243+0000] {logging_mixin.py:115} INFO - [2022-10-01T00:20:34.243+0000] {dag.py:2429} INFO - Sync 1 DAGs
[2022-10-01T00:20:34.257+0000] {logging_mixin.py:115} INFO - [2022-10-01T00:20:34.256+0000] {dag.py:2981} INFO - Setting next_dagrun for postgres_operator_dag_example to None, run_after=None
[2022-10-01T00:20:34.266+0000] {processor.py:161} INFO - Processing /opt/airflow/dags/postgresql_demo.py took 0.077 seconds
[2022-10-01T00:21:04.615+0000] {processor.py:153} INFO - Started process (PID=35933) to work on /opt/airflow/dags/postgresql_demo.py
[2022-10-01T00:21:04.617+0000] {processor.py:640} INFO - Processing file /opt/airflow/dags/postgresql_demo.py for tasks to queue
[2022-10-01T00:21:04.618+0000] {logging_mixin.py:115} INFO - [2022-10-01T00:21:04.618+0000] {dagbag.py:508} INFO - Filling up the DagBag from /opt/airflow/dags/postgresql_demo.py
[2022-10-01T00:21:04.644+0000] {processor.py:650} INFO - DAG(s) dict_keys(['postgres_operator_dag_example']) retrieved from /opt/airflow/dags/postgresql_demo.py
[2022-10-01T00:21:04.662+0000] {logging_mixin.py:115} INFO - [2022-10-01T00:21:04.662+0000] {dag.py:2429} INFO - Sync 1 DAGs
[2022-10-01T00:21:04.675+0000] {logging_mixin.py:115} INFO - [2022-10-01T00:21:04.675+0000] {dag.py:2981} INFO - Setting next_dagrun for postgres_operator_dag_example to None, run_after=None
[2022-10-01T00:21:04.683+0000] {processor.py:161} INFO - Processing /opt/airflow/dags/postgresql_demo.py took 0.070 seconds
[2022-10-01T00:21:35.202+0000] {processor.py:153} INFO - Started process (PID=35998) to work on /opt/airflow/dags/postgresql_demo.py
[2022-10-01T00:21:35.204+0000] {processor.py:640} INFO - Processing file /opt/airflow/dags/postgresql_demo.py for tasks to queue
[2022-10-01T00:21:35.205+0000] {logging_mixin.py:115} INFO - [2022-10-01T00:21:35.205+0000] {dagbag.py:508} INFO - Filling up the DagBag from /opt/airflow/dags/postgresql_demo.py
[2022-10-01T00:21:35.225+0000] {processor.py:650} INFO - DAG(s) dict_keys(['postgres_operator_dag_example']) retrieved from /opt/airflow/dags/postgresql_demo.py
[2022-10-01T00:21:35.244+0000] {logging_mixin.py:115} INFO - [2022-10-01T00:21:35.244+0000] {dag.py:2429} INFO - Sync 1 DAGs
[2022-10-01T00:21:35.259+0000] {logging_mixin.py:115} INFO - [2022-10-01T00:21:35.259+0000] {dag.py:2981} INFO - Setting next_dagrun for postgres_operator_dag_example to None, run_after=None
[2022-10-01T00:21:35.267+0000] {processor.py:161} INFO - Processing /opt/airflow/dags/postgresql_demo.py took 0.067 seconds
[2022-10-01T00:22:05.578+0000] {processor.py:153} INFO - Started process (PID=36064) to work on /opt/airflow/dags/postgresql_demo.py
[2022-10-01T00:22:05.579+0000] {processor.py:640} INFO - Processing file /opt/airflow/dags/postgresql_demo.py for tasks to queue
[2022-10-01T00:22:05.581+0000] {logging_mixin.py:115} INFO - [2022-10-01T00:22:05.581+0000] {dagbag.py:508} INFO - Filling up the DagBag from /opt/airflow/dags/postgresql_demo.py
[2022-10-01T00:22:05.602+0000] {processor.py:650} INFO - DAG(s) dict_keys(['postgres_operator_dag_example']) retrieved from /opt/airflow/dags/postgresql_demo.py
[2022-10-01T00:22:05.625+0000] {logging_mixin.py:115} INFO - [2022-10-01T00:22:05.625+0000] {dag.py:2429} INFO - Sync 1 DAGs
[2022-10-01T00:22:05.637+0000] {logging_mixin.py:115} INFO - [2022-10-01T00:22:05.637+0000] {dag.py:2981} INFO - Setting next_dagrun for postgres_operator_dag_example to None, run_after=None
[2022-10-01T00:22:05.644+0000] {processor.py:161} INFO - Processing /opt/airflow/dags/postgresql_demo.py took 0.068 seconds
[2022-10-01T00:22:35.952+0000] {processor.py:153} INFO - Started process (PID=36130) to work on /opt/airflow/dags/postgresql_demo.py
[2022-10-01T00:22:35.955+0000] {processor.py:640} INFO - Processing file /opt/airflow/dags/postgresql_demo.py for tasks to queue
[2022-10-01T00:22:35.956+0000] {logging_mixin.py:115} INFO - [2022-10-01T00:22:35.956+0000] {dagbag.py:508} INFO - Filling up the DagBag from /opt/airflow/dags/postgresql_demo.py
[2022-10-01T00:22:35.979+0000] {processor.py:650} INFO - DAG(s) dict_keys(['postgres_operator_dag_example']) retrieved from /opt/airflow/dags/postgresql_demo.py
[2022-10-01T00:22:36.012+0000] {logging_mixin.py:115} INFO - [2022-10-01T00:22:36.012+0000] {dag.py:2429} INFO - Sync 1 DAGs
[2022-10-01T00:22:36.025+0000] {logging_mixin.py:115} INFO - [2022-10-01T00:22:36.025+0000] {dag.py:2981} INFO - Setting next_dagrun for postgres_operator_dag_example to None, run_after=None
[2022-10-01T00:22:36.033+0000] {processor.py:161} INFO - Processing /opt/airflow/dags/postgresql_demo.py took 0.085 seconds
[2022-10-01T00:23:06.294+0000] {processor.py:153} INFO - Started process (PID=36187) to work on /opt/airflow/dags/postgresql_demo.py
[2022-10-01T00:23:06.296+0000] {processor.py:640} INFO - Processing file /opt/airflow/dags/postgresql_demo.py for tasks to queue
[2022-10-01T00:23:06.297+0000] {logging_mixin.py:115} INFO - [2022-10-01T00:23:06.297+0000] {dagbag.py:508} INFO - Filling up the DagBag from /opt/airflow/dags/postgresql_demo.py
[2022-10-01T00:23:06.316+0000] {processor.py:650} INFO - DAG(s) dict_keys(['postgres_operator_dag_example']) retrieved from /opt/airflow/dags/postgresql_demo.py
[2022-10-01T00:23:06.333+0000] {logging_mixin.py:115} INFO - [2022-10-01T00:23:06.333+0000] {dag.py:2429} INFO - Sync 1 DAGs
[2022-10-01T00:23:06.347+0000] {logging_mixin.py:115} INFO - [2022-10-01T00:23:06.347+0000] {dag.py:2981} INFO - Setting next_dagrun for postgres_operator_dag_example to None, run_after=None
[2022-10-01T00:23:06.356+0000] {processor.py:161} INFO - Processing /opt/airflow/dags/postgresql_demo.py took 0.065 seconds
[2022-10-01T00:23:36.925+0000] {processor.py:153} INFO - Started process (PID=36254) to work on /opt/airflow/dags/postgresql_demo.py
[2022-10-01T00:23:36.927+0000] {processor.py:640} INFO - Processing file /opt/airflow/dags/postgresql_demo.py for tasks to queue
[2022-10-01T00:23:36.928+0000] {logging_mixin.py:115} INFO - [2022-10-01T00:23:36.928+0000] {dagbag.py:508} INFO - Filling up the DagBag from /opt/airflow/dags/postgresql_demo.py
[2022-10-01T00:23:36.948+0000] {processor.py:650} INFO - DAG(s) dict_keys(['postgres_operator_dag_example']) retrieved from /opt/airflow/dags/postgresql_demo.py
[2022-10-01T00:23:36.966+0000] {logging_mixin.py:115} INFO - [2022-10-01T00:23:36.966+0000] {dag.py:2429} INFO - Sync 1 DAGs
[2022-10-01T00:23:36.978+0000] {logging_mixin.py:115} INFO - [2022-10-01T00:23:36.978+0000] {dag.py:2981} INFO - Setting next_dagrun for postgres_operator_dag_example to None, run_after=None
[2022-10-01T00:23:36.985+0000] {processor.py:161} INFO - Processing /opt/airflow/dags/postgresql_demo.py took 0.062 seconds
[2022-10-01T00:24:07.178+0000] {processor.py:153} INFO - Started process (PID=36322) to work on /opt/airflow/dags/postgresql_demo.py
[2022-10-01T00:24:07.180+0000] {processor.py:640} INFO - Processing file /opt/airflow/dags/postgresql_demo.py for tasks to queue
[2022-10-01T00:24:07.181+0000] {logging_mixin.py:115} INFO - [2022-10-01T00:24:07.181+0000] {dagbag.py:508} INFO - Filling up the DagBag from /opt/airflow/dags/postgresql_demo.py
[2022-10-01T00:24:07.201+0000] {processor.py:650} INFO - DAG(s) dict_keys(['postgres_operator_dag_example']) retrieved from /opt/airflow/dags/postgresql_demo.py
[2022-10-01T00:24:07.218+0000] {logging_mixin.py:115} INFO - [2022-10-01T00:24:07.218+0000] {dag.py:2429} INFO - Sync 1 DAGs
[2022-10-01T00:24:07.230+0000] {logging_mixin.py:115} INFO - [2022-10-01T00:24:07.230+0000] {dag.py:2981} INFO - Setting next_dagrun for postgres_operator_dag_example to None, run_after=None
[2022-10-01T00:24:07.237+0000] {processor.py:161} INFO - Processing /opt/airflow/dags/postgresql_demo.py took 0.061 seconds
[2022-10-01T00:24:37.593+0000] {processor.py:153} INFO - Started process (PID=36379) to work on /opt/airflow/dags/postgresql_demo.py
[2022-10-01T00:24:37.595+0000] {processor.py:640} INFO - Processing file /opt/airflow/dags/postgresql_demo.py for tasks to queue
[2022-10-01T00:24:37.596+0000] {logging_mixin.py:115} INFO - [2022-10-01T00:24:37.596+0000] {dagbag.py:508} INFO - Filling up the DagBag from /opt/airflow/dags/postgresql_demo.py
[2022-10-01T00:24:37.623+0000] {processor.py:650} INFO - DAG(s) dict_keys(['postgres_operator_dag_example']) retrieved from /opt/airflow/dags/postgresql_demo.py
[2022-10-01T00:24:37.644+0000] {logging_mixin.py:115} INFO - [2022-10-01T00:24:37.644+0000] {dag.py:2429} INFO - Sync 1 DAGs
[2022-10-01T00:24:37.657+0000] {logging_mixin.py:115} INFO - [2022-10-01T00:24:37.657+0000] {dag.py:2981} INFO - Setting next_dagrun for postgres_operator_dag_example to None, run_after=None
[2022-10-01T00:24:37.664+0000] {processor.py:161} INFO - Processing /opt/airflow/dags/postgresql_demo.py took 0.073 seconds
[2022-10-01T00:25:08.448+0000] {processor.py:153} INFO - Started process (PID=36445) to work on /opt/airflow/dags/postgresql_demo.py
[2022-10-01T00:25:08.449+0000] {processor.py:640} INFO - Processing file /opt/airflow/dags/postgresql_demo.py for tasks to queue
[2022-10-01T00:25:08.450+0000] {logging_mixin.py:115} INFO - [2022-10-01T00:25:08.450+0000] {dagbag.py:508} INFO - Filling up the DagBag from /opt/airflow/dags/postgresql_demo.py
[2022-10-01T00:25:08.470+0000] {processor.py:650} INFO - DAG(s) dict_keys(['postgres_operator_dag_example']) retrieved from /opt/airflow/dags/postgresql_demo.py
[2022-10-01T00:25:08.487+0000] {logging_mixin.py:115} INFO - [2022-10-01T00:25:08.487+0000] {dag.py:2429} INFO - Sync 1 DAGs
[2022-10-01T00:25:08.500+0000] {logging_mixin.py:115} INFO - [2022-10-01T00:25:08.500+0000] {dag.py:2981} INFO - Setting next_dagrun for postgres_operator_dag_example to None, run_after=None
[2022-10-01T00:25:08.507+0000] {processor.py:161} INFO - Processing /opt/airflow/dags/postgresql_demo.py took 0.061 seconds
[2022-10-01T00:25:38.799+0000] {processor.py:153} INFO - Started process (PID=36511) to work on /opt/airflow/dags/postgresql_demo.py
[2022-10-01T00:25:38.800+0000] {processor.py:640} INFO - Processing file /opt/airflow/dags/postgresql_demo.py for tasks to queue
[2022-10-01T00:25:38.801+0000] {logging_mixin.py:115} INFO - [2022-10-01T00:25:38.801+0000] {dagbag.py:508} INFO - Filling up the DagBag from /opt/airflow/dags/postgresql_demo.py
[2022-10-01T00:25:38.820+0000] {processor.py:650} INFO - DAG(s) dict_keys(['postgres_operator_dag_example']) retrieved from /opt/airflow/dags/postgresql_demo.py
[2022-10-01T00:25:38.836+0000] {logging_mixin.py:115} INFO - [2022-10-01T00:25:38.836+0000] {dag.py:2429} INFO - Sync 1 DAGs
[2022-10-01T00:25:38.848+0000] {logging_mixin.py:115} INFO - [2022-10-01T00:25:38.848+0000] {dag.py:2981} INFO - Setting next_dagrun for postgres_operator_dag_example to None, run_after=None
[2022-10-01T00:25:38.855+0000] {processor.py:161} INFO - Processing /opt/airflow/dags/postgresql_demo.py took 0.059 seconds
[2022-10-01T00:26:09.059+0000] {processor.py:153} INFO - Started process (PID=36568) to work on /opt/airflow/dags/postgresql_demo.py
[2022-10-01T00:26:09.062+0000] {processor.py:640} INFO - Processing file /opt/airflow/dags/postgresql_demo.py for tasks to queue
[2022-10-01T00:26:09.063+0000] {logging_mixin.py:115} INFO - [2022-10-01T00:26:09.063+0000] {dagbag.py:508} INFO - Filling up the DagBag from /opt/airflow/dags/postgresql_demo.py
[2022-10-01T00:26:09.085+0000] {processor.py:650} INFO - DAG(s) dict_keys(['postgres_operator_dag_example']) retrieved from /opt/airflow/dags/postgresql_demo.py
[2022-10-01T00:26:09.102+0000] {logging_mixin.py:115} INFO - [2022-10-01T00:26:09.101+0000] {dag.py:2429} INFO - Sync 1 DAGs
[2022-10-01T00:26:09.117+0000] {logging_mixin.py:115} INFO - [2022-10-01T00:26:09.117+0000] {dag.py:2981} INFO - Setting next_dagrun for postgres_operator_dag_example to None, run_after=None
[2022-10-01T00:26:09.133+0000] {processor.py:161} INFO - Processing /opt/airflow/dags/postgresql_demo.py took 0.076 seconds
[2022-10-01T00:26:39.582+0000] {processor.py:153} INFO - Started process (PID=36634) to work on /opt/airflow/dags/postgresql_demo.py
[2022-10-01T00:26:39.584+0000] {processor.py:640} INFO - Processing file /opt/airflow/dags/postgresql_demo.py for tasks to queue
[2022-10-01T00:26:39.586+0000] {logging_mixin.py:115} INFO - [2022-10-01T00:26:39.586+0000] {dagbag.py:508} INFO - Filling up the DagBag from /opt/airflow/dags/postgresql_demo.py
[2022-10-01T00:26:39.606+0000] {processor.py:650} INFO - DAG(s) dict_keys(['postgres_operator_dag_example']) retrieved from /opt/airflow/dags/postgresql_demo.py
[2022-10-01T00:26:39.622+0000] {logging_mixin.py:115} INFO - [2022-10-01T00:26:39.622+0000] {dag.py:2429} INFO - Sync 1 DAGs
[2022-10-01T00:26:39.635+0000] {logging_mixin.py:115} INFO - [2022-10-01T00:26:39.635+0000] {dag.py:2981} INFO - Setting next_dagrun for postgres_operator_dag_example to None, run_after=None
[2022-10-01T00:26:39.642+0000] {processor.py:161} INFO - Processing /opt/airflow/dags/postgresql_demo.py took 0.062 seconds
[2022-10-01T00:27:09.838+0000] {processor.py:153} INFO - Started process (PID=36699) to work on /opt/airflow/dags/postgresql_demo.py
[2022-10-01T00:27:09.840+0000] {processor.py:640} INFO - Processing file /opt/airflow/dags/postgresql_demo.py for tasks to queue
[2022-10-01T00:27:09.841+0000] {logging_mixin.py:115} INFO - [2022-10-01T00:27:09.841+0000] {dagbag.py:508} INFO - Filling up the DagBag from /opt/airflow/dags/postgresql_demo.py
[2022-10-01T00:27:09.861+0000] {processor.py:650} INFO - DAG(s) dict_keys(['postgres_operator_dag_example']) retrieved from /opt/airflow/dags/postgresql_demo.py
[2022-10-01T00:27:09.879+0000] {logging_mixin.py:115} INFO - [2022-10-01T00:27:09.879+0000] {dag.py:2429} INFO - Sync 1 DAGs
[2022-10-01T00:27:09.892+0000] {logging_mixin.py:115} INFO - [2022-10-01T00:27:09.892+0000] {dag.py:2981} INFO - Setting next_dagrun for postgres_operator_dag_example to None, run_after=None
[2022-10-01T00:27:09.899+0000] {processor.py:161} INFO - Processing /opt/airflow/dags/postgresql_demo.py took 0.063 seconds
[2022-10-01T00:27:40.393+0000] {processor.py:153} INFO - Started process (PID=36756) to work on /opt/airflow/dags/postgresql_demo.py
[2022-10-01T00:27:40.395+0000] {processor.py:640} INFO - Processing file /opt/airflow/dags/postgresql_demo.py for tasks to queue
[2022-10-01T00:27:40.396+0000] {logging_mixin.py:115} INFO - [2022-10-01T00:27:40.396+0000] {dagbag.py:508} INFO - Filling up the DagBag from /opt/airflow/dags/postgresql_demo.py
[2022-10-01T00:27:40.418+0000] {processor.py:650} INFO - DAG(s) dict_keys(['postgres_operator_dag_example']) retrieved from /opt/airflow/dags/postgresql_demo.py
[2022-10-01T00:27:40.435+0000] {logging_mixin.py:115} INFO - [2022-10-01T00:27:40.435+0000] {dag.py:2429} INFO - Sync 1 DAGs
[2022-10-01T00:27:40.447+0000] {logging_mixin.py:115} INFO - [2022-10-01T00:27:40.447+0000] {dag.py:2981} INFO - Setting next_dagrun for postgres_operator_dag_example to None, run_after=None
[2022-10-01T00:27:40.454+0000] {processor.py:161} INFO - Processing /opt/airflow/dags/postgresql_demo.py took 0.063 seconds
[2022-10-01T00:28:11.227+0000] {processor.py:153} INFO - Started process (PID=36822) to work on /opt/airflow/dags/postgresql_demo.py
[2022-10-01T00:28:11.228+0000] {processor.py:640} INFO - Processing file /opt/airflow/dags/postgresql_demo.py for tasks to queue
[2022-10-01T00:28:11.229+0000] {logging_mixin.py:115} INFO - [2022-10-01T00:28:11.229+0000] {dagbag.py:508} INFO - Filling up the DagBag from /opt/airflow/dags/postgresql_demo.py
[2022-10-01T00:28:11.249+0000] {processor.py:650} INFO - DAG(s) dict_keys(['postgres_operator_dag_example']) retrieved from /opt/airflow/dags/postgresql_demo.py
[2022-10-01T00:28:11.265+0000] {logging_mixin.py:115} INFO - [2022-10-01T00:28:11.265+0000] {dag.py:2429} INFO - Sync 1 DAGs
[2022-10-01T00:28:11.278+0000] {logging_mixin.py:115} INFO - [2022-10-01T00:28:11.277+0000] {dag.py:2981} INFO - Setting next_dagrun for postgres_operator_dag_example to None, run_after=None
[2022-10-01T00:28:11.285+0000] {processor.py:161} INFO - Processing /opt/airflow/dags/postgresql_demo.py took 0.061 seconds
[2022-10-01T00:28:41.784+0000] {processor.py:153} INFO - Started process (PID=36888) to work on /opt/airflow/dags/postgresql_demo.py
[2022-10-01T00:28:41.785+0000] {processor.py:640} INFO - Processing file /opt/airflow/dags/postgresql_demo.py for tasks to queue
[2022-10-01T00:28:41.788+0000] {logging_mixin.py:115} INFO - [2022-10-01T00:28:41.788+0000] {dagbag.py:508} INFO - Filling up the DagBag from /opt/airflow/dags/postgresql_demo.py
[2022-10-01T00:28:41.809+0000] {processor.py:650} INFO - DAG(s) dict_keys(['postgres_operator_dag_example']) retrieved from /opt/airflow/dags/postgresql_demo.py
[2022-10-01T00:28:41.826+0000] {logging_mixin.py:115} INFO - [2022-10-01T00:28:41.826+0000] {dag.py:2429} INFO - Sync 1 DAGs
[2022-10-01T00:28:41.840+0000] {logging_mixin.py:115} INFO - [2022-10-01T00:28:41.840+0000] {dag.py:2981} INFO - Setting next_dagrun for postgres_operator_dag_example to None, run_after=None
[2022-10-01T00:28:41.847+0000] {processor.py:161} INFO - Processing /opt/airflow/dags/postgresql_demo.py took 0.065 seconds
[2022-10-01T00:29:12.299+0000] {processor.py:153} INFO - Started process (PID=36954) to work on /opt/airflow/dags/postgresql_demo.py
[2022-10-01T00:29:12.309+0000] {processor.py:640} INFO - Processing file /opt/airflow/dags/postgresql_demo.py for tasks to queue
[2022-10-01T00:29:12.311+0000] {logging_mixin.py:115} INFO - [2022-10-01T00:29:12.311+0000] {dagbag.py:508} INFO - Filling up the DagBag from /opt/airflow/dags/postgresql_demo.py
[2022-10-01T00:29:12.334+0000] {processor.py:650} INFO - DAG(s) dict_keys(['postgres_operator_dag_example']) retrieved from /opt/airflow/dags/postgresql_demo.py
[2022-10-01T00:29:12.352+0000] {logging_mixin.py:115} INFO - [2022-10-01T00:29:12.352+0000] {dag.py:2429} INFO - Sync 1 DAGs
[2022-10-01T00:29:12.366+0000] {logging_mixin.py:115} INFO - [2022-10-01T00:29:12.366+0000] {dag.py:2981} INFO - Setting next_dagrun for postgres_operator_dag_example to None, run_after=None
[2022-10-01T00:29:12.379+0000] {processor.py:161} INFO - Processing /opt/airflow/dags/postgresql_demo.py took 0.083 seconds
[2022-10-01T00:29:42.897+0000] {processor.py:153} INFO - Started process (PID=37011) to work on /opt/airflow/dags/postgresql_demo.py
[2022-10-01T00:29:42.899+0000] {processor.py:640} INFO - Processing file /opt/airflow/dags/postgresql_demo.py for tasks to queue
[2022-10-01T00:29:42.900+0000] {logging_mixin.py:115} INFO - [2022-10-01T00:29:42.900+0000] {dagbag.py:508} INFO - Filling up the DagBag from /opt/airflow/dags/postgresql_demo.py
[2022-10-01T00:29:42.920+0000] {processor.py:650} INFO - DAG(s) dict_keys(['postgres_operator_dag_example']) retrieved from /opt/airflow/dags/postgresql_demo.py
[2022-10-01T00:29:42.937+0000] {logging_mixin.py:115} INFO - [2022-10-01T00:29:42.937+0000] {dag.py:2429} INFO - Sync 1 DAGs
[2022-10-01T00:29:42.950+0000] {logging_mixin.py:115} INFO - [2022-10-01T00:29:42.950+0000] {dag.py:2981} INFO - Setting next_dagrun for postgres_operator_dag_example to None, run_after=None
[2022-10-01T00:29:42.957+0000] {processor.py:161} INFO - Processing /opt/airflow/dags/postgresql_demo.py took 0.062 seconds
[2022-10-01T00:30:13.739+0000] {processor.py:153} INFO - Started process (PID=37076) to work on /opt/airflow/dags/postgresql_demo.py
[2022-10-01T00:30:13.743+0000] {processor.py:640} INFO - Processing file /opt/airflow/dags/postgresql_demo.py for tasks to queue
[2022-10-01T00:30:13.744+0000] {logging_mixin.py:115} INFO - [2022-10-01T00:30:13.744+0000] {dagbag.py:508} INFO - Filling up the DagBag from /opt/airflow/dags/postgresql_demo.py
[2022-10-01T00:30:13.769+0000] {processor.py:650} INFO - DAG(s) dict_keys(['postgres_operator_dag_example']) retrieved from /opt/airflow/dags/postgresql_demo.py
[2022-10-01T00:30:13.786+0000] {logging_mixin.py:115} INFO - [2022-10-01T00:30:13.786+0000] {dag.py:2429} INFO - Sync 1 DAGs
[2022-10-01T00:30:13.800+0000] {logging_mixin.py:115} INFO - [2022-10-01T00:30:13.799+0000] {dag.py:2981} INFO - Setting next_dagrun for postgres_operator_dag_example to None, run_after=None
[2022-10-01T00:30:13.807+0000] {processor.py:161} INFO - Processing /opt/airflow/dags/postgresql_demo.py took 0.071 seconds
[2022-10-01T00:30:44.061+0000] {processor.py:153} INFO - Started process (PID=37142) to work on /opt/airflow/dags/postgresql_demo.py
[2022-10-01T00:30:44.064+0000] {processor.py:640} INFO - Processing file /opt/airflow/dags/postgresql_demo.py for tasks to queue
[2022-10-01T00:30:44.065+0000] {logging_mixin.py:115} INFO - [2022-10-01T00:30:44.065+0000] {dagbag.py:508} INFO - Filling up the DagBag from /opt/airflow/dags/postgresql_demo.py
[2022-10-01T00:30:44.086+0000] {processor.py:650} INFO - DAG(s) dict_keys(['postgres_operator_dag_example']) retrieved from /opt/airflow/dags/postgresql_demo.py
[2022-10-01T00:30:44.105+0000] {logging_mixin.py:115} INFO - [2022-10-01T00:30:44.105+0000] {dag.py:2429} INFO - Sync 1 DAGs
[2022-10-01T00:30:44.119+0000] {logging_mixin.py:115} INFO - [2022-10-01T00:30:44.119+0000] {dag.py:2981} INFO - Setting next_dagrun for postgres_operator_dag_example to None, run_after=None
[2022-10-01T00:30:44.126+0000] {processor.py:161} INFO - Processing /opt/airflow/dags/postgresql_demo.py took 0.067 seconds
[2022-10-01T00:31:14.493+0000] {processor.py:153} INFO - Started process (PID=37199) to work on /opt/airflow/dags/postgresql_demo.py
[2022-10-01T00:31:14.494+0000] {processor.py:640} INFO - Processing file /opt/airflow/dags/postgresql_demo.py for tasks to queue
[2022-10-01T00:31:14.496+0000] {logging_mixin.py:115} INFO - [2022-10-01T00:31:14.496+0000] {dagbag.py:508} INFO - Filling up the DagBag from /opt/airflow/dags/postgresql_demo.py
[2022-10-01T00:31:14.516+0000] {processor.py:650} INFO - DAG(s) dict_keys(['postgres_operator_dag_example']) retrieved from /opt/airflow/dags/postgresql_demo.py
[2022-10-01T00:31:14.533+0000] {logging_mixin.py:115} INFO - [2022-10-01T00:31:14.533+0000] {dag.py:2429} INFO - Sync 1 DAGs
[2022-10-01T00:31:14.545+0000] {logging_mixin.py:115} INFO - [2022-10-01T00:31:14.545+0000] {dag.py:2981} INFO - Setting next_dagrun for postgres_operator_dag_example to None, run_after=None
[2022-10-01T00:31:14.551+0000] {processor.py:161} INFO - Processing /opt/airflow/dags/postgresql_demo.py took 0.061 seconds
[2022-10-01T00:31:45.209+0000] {processor.py:153} INFO - Started process (PID=37265) to work on /opt/airflow/dags/postgresql_demo.py
[2022-10-01T00:31:45.211+0000] {processor.py:640} INFO - Processing file /opt/airflow/dags/postgresql_demo.py for tasks to queue
[2022-10-01T00:31:45.212+0000] {logging_mixin.py:115} INFO - [2022-10-01T00:31:45.212+0000] {dagbag.py:508} INFO - Filling up the DagBag from /opt/airflow/dags/postgresql_demo.py
[2022-10-01T00:31:45.231+0000] {processor.py:650} INFO - DAG(s) dict_keys(['postgres_operator_dag_example']) retrieved from /opt/airflow/dags/postgresql_demo.py
[2022-10-01T00:31:45.247+0000] {logging_mixin.py:115} INFO - [2022-10-01T00:31:45.247+0000] {dag.py:2429} INFO - Sync 1 DAGs
[2022-10-01T00:31:45.259+0000] {logging_mixin.py:115} INFO - [2022-10-01T00:31:45.259+0000] {dag.py:2981} INFO - Setting next_dagrun for postgres_operator_dag_example to None, run_after=None
[2022-10-01T00:31:45.266+0000] {processor.py:161} INFO - Processing /opt/airflow/dags/postgresql_demo.py took 0.060 seconds
[2022-10-01T00:32:15.576+0000] {processor.py:153} INFO - Started process (PID=37331) to work on /opt/airflow/dags/postgresql_demo.py
[2022-10-01T00:32:15.578+0000] {processor.py:640} INFO - Processing file /opt/airflow/dags/postgresql_demo.py for tasks to queue
[2022-10-01T00:32:15.579+0000] {logging_mixin.py:115} INFO - [2022-10-01T00:32:15.579+0000] {dagbag.py:508} INFO - Filling up the DagBag from /opt/airflow/dags/postgresql_demo.py
[2022-10-01T00:32:15.599+0000] {processor.py:650} INFO - DAG(s) dict_keys(['postgres_operator_dag_example']) retrieved from /opt/airflow/dags/postgresql_demo.py
[2022-10-01T00:32:15.616+0000] {logging_mixin.py:115} INFO - [2022-10-01T00:32:15.616+0000] {dag.py:2429} INFO - Sync 1 DAGs
[2022-10-01T00:32:15.628+0000] {logging_mixin.py:115} INFO - [2022-10-01T00:32:15.628+0000] {dag.py:2981} INFO - Setting next_dagrun for postgres_operator_dag_example to None, run_after=None
[2022-10-01T00:32:15.635+0000] {processor.py:161} INFO - Processing /opt/airflow/dags/postgresql_demo.py took 0.063 seconds
[2022-10-01T00:32:46.518+0000] {processor.py:153} INFO - Started process (PID=37387) to work on /opt/airflow/dags/postgresql_demo.py
[2022-10-01T00:32:46.528+0000] {processor.py:640} INFO - Processing file /opt/airflow/dags/postgresql_demo.py for tasks to queue
[2022-10-01T00:32:46.531+0000] {logging_mixin.py:115} INFO - [2022-10-01T00:32:46.531+0000] {dagbag.py:508} INFO - Filling up the DagBag from /opt/airflow/dags/postgresql_demo.py
[2022-10-01T00:32:46.573+0000] {processor.py:650} INFO - DAG(s) dict_keys(['postgres_operator_dag_example']) retrieved from /opt/airflow/dags/postgresql_demo.py
[2022-10-01T00:32:46.604+0000] {logging_mixin.py:115} INFO - [2022-10-01T00:32:46.603+0000] {dag.py:2429} INFO - Sync 1 DAGs
[2022-10-01T00:32:46.629+0000] {logging_mixin.py:115} INFO - [2022-10-01T00:32:46.629+0000] {dag.py:2981} INFO - Setting next_dagrun for postgres_operator_dag_example to None, run_after=None
[2022-10-01T00:32:46.641+0000] {processor.py:161} INFO - Processing /opt/airflow/dags/postgresql_demo.py took 0.126 seconds
[2022-10-01T00:33:16.957+0000] {processor.py:153} INFO - Started process (PID=37453) to work on /opt/airflow/dags/postgresql_demo.py
[2022-10-01T00:33:16.961+0000] {processor.py:640} INFO - Processing file /opt/airflow/dags/postgresql_demo.py for tasks to queue
[2022-10-01T00:33:16.963+0000] {logging_mixin.py:115} INFO - [2022-10-01T00:33:16.963+0000] {dagbag.py:508} INFO - Filling up the DagBag from /opt/airflow/dags/postgresql_demo.py
[2022-10-01T00:33:16.996+0000] {processor.py:650} INFO - DAG(s) dict_keys(['postgres_operator_dag_example']) retrieved from /opt/airflow/dags/postgresql_demo.py
[2022-10-01T00:33:17.018+0000] {logging_mixin.py:115} INFO - [2022-10-01T00:33:17.018+0000] {dag.py:2429} INFO - Sync 1 DAGs
[2022-10-01T00:33:17.032+0000] {logging_mixin.py:115} INFO - [2022-10-01T00:33:17.032+0000] {dag.py:2981} INFO - Setting next_dagrun for postgres_operator_dag_example to None, run_after=None
[2022-10-01T00:33:17.053+0000] {processor.py:161} INFO - Processing /opt/airflow/dags/postgresql_demo.py took 0.098 seconds
[2022-10-01T00:33:47.361+0000] {processor.py:153} INFO - Started process (PID=37515) to work on /opt/airflow/dags/postgresql_demo.py
[2022-10-01T00:33:47.363+0000] {processor.py:640} INFO - Processing file /opt/airflow/dags/postgresql_demo.py for tasks to queue
[2022-10-01T00:33:47.366+0000] {logging_mixin.py:115} INFO - [2022-10-01T00:33:47.366+0000] {dagbag.py:508} INFO - Filling up the DagBag from /opt/airflow/dags/postgresql_demo.py
[2022-10-01T00:33:47.394+0000] {processor.py:650} INFO - DAG(s) dict_keys(['postgres_operator_dag_example']) retrieved from /opt/airflow/dags/postgresql_demo.py
[2022-10-01T00:33:47.415+0000] {logging_mixin.py:115} INFO - [2022-10-01T00:33:47.414+0000] {dag.py:2429} INFO - Sync 1 DAGs
[2022-10-01T00:33:47.430+0000] {logging_mixin.py:115} INFO - [2022-10-01T00:33:47.430+0000] {dag.py:2981} INFO - Setting next_dagrun for postgres_operator_dag_example to None, run_after=None
[2022-10-01T00:33:47.439+0000] {processor.py:161} INFO - Processing /opt/airflow/dags/postgresql_demo.py took 0.082 seconds
[2022-10-01T00:34:18.219+0000] {processor.py:153} INFO - Started process (PID=37575) to work on /opt/airflow/dags/postgresql_demo.py
[2022-10-01T00:34:18.221+0000] {processor.py:640} INFO - Processing file /opt/airflow/dags/postgresql_demo.py for tasks to queue
[2022-10-01T00:34:18.222+0000] {logging_mixin.py:115} INFO - [2022-10-01T00:34:18.222+0000] {dagbag.py:508} INFO - Filling up the DagBag from /opt/airflow/dags/postgresql_demo.py
[2022-10-01T00:34:18.254+0000] {processor.py:650} INFO - DAG(s) dict_keys(['postgres_operator_dag_example']) retrieved from /opt/airflow/dags/postgresql_demo.py
[2022-10-01T00:34:18.272+0000] {logging_mixin.py:115} INFO - [2022-10-01T00:34:18.272+0000] {dag.py:2429} INFO - Sync 1 DAGs
[2022-10-01T00:34:18.284+0000] {logging_mixin.py:115} INFO - [2022-10-01T00:34:18.284+0000] {dag.py:2981} INFO - Setting next_dagrun for postgres_operator_dag_example to None, run_after=None
[2022-10-01T00:34:18.292+0000] {processor.py:161} INFO - Processing /opt/airflow/dags/postgresql_demo.py took 0.076 seconds
[2022-10-01T00:34:48.974+0000] {processor.py:153} INFO - Started process (PID=37641) to work on /opt/airflow/dags/postgresql_demo.py
[2022-10-01T00:34:48.976+0000] {processor.py:640} INFO - Processing file /opt/airflow/dags/postgresql_demo.py for tasks to queue
[2022-10-01T00:34:48.977+0000] {logging_mixin.py:115} INFO - [2022-10-01T00:34:48.977+0000] {dagbag.py:508} INFO - Filling up the DagBag from /opt/airflow/dags/postgresql_demo.py
[2022-10-01T00:34:49.002+0000] {processor.py:650} INFO - DAG(s) dict_keys(['postgres_operator_dag_example']) retrieved from /opt/airflow/dags/postgresql_demo.py
[2022-10-01T00:34:49.023+0000] {logging_mixin.py:115} INFO - [2022-10-01T00:34:49.023+0000] {dag.py:2429} INFO - Sync 1 DAGs
[2022-10-01T00:34:49.037+0000] {logging_mixin.py:115} INFO - [2022-10-01T00:34:49.037+0000] {dag.py:2981} INFO - Setting next_dagrun for postgres_operator_dag_example to None, run_after=None
[2022-10-01T00:34:49.045+0000] {processor.py:161} INFO - Processing /opt/airflow/dags/postgresql_demo.py took 0.074 seconds
[2022-10-01T00:35:19.533+0000] {processor.py:153} INFO - Started process (PID=37698) to work on /opt/airflow/dags/postgresql_demo.py
[2022-10-01T00:35:19.546+0000] {processor.py:640} INFO - Processing file /opt/airflow/dags/postgresql_demo.py for tasks to queue
[2022-10-01T00:35:19.548+0000] {logging_mixin.py:115} INFO - [2022-10-01T00:35:19.548+0000] {dagbag.py:508} INFO - Filling up the DagBag from /opt/airflow/dags/postgresql_demo.py
[2022-10-01T00:35:19.581+0000] {processor.py:650} INFO - DAG(s) dict_keys(['postgres_operator_dag_example']) retrieved from /opt/airflow/dags/postgresql_demo.py
[2022-10-01T00:35:19.600+0000] {logging_mixin.py:115} INFO - [2022-10-01T00:35:19.600+0000] {dag.py:2429} INFO - Sync 1 DAGs
[2022-10-01T00:35:19.612+0000] {logging_mixin.py:115} INFO - [2022-10-01T00:35:19.612+0000] {dag.py:2981} INFO - Setting next_dagrun for postgres_operator_dag_example to None, run_after=None
[2022-10-01T00:35:19.619+0000] {processor.py:161} INFO - Processing /opt/airflow/dags/postgresql_demo.py took 0.089 seconds
[2022-10-01T00:35:50.710+0000] {processor.py:153} INFO - Started process (PID=37765) to work on /opt/airflow/dags/postgresql_demo.py
[2022-10-01T00:35:50.711+0000] {processor.py:640} INFO - Processing file /opt/airflow/dags/postgresql_demo.py for tasks to queue
[2022-10-01T00:35:50.713+0000] {logging_mixin.py:115} INFO - [2022-10-01T00:35:50.713+0000] {dagbag.py:508} INFO - Filling up the DagBag from /opt/airflow/dags/postgresql_demo.py
[2022-10-01T00:35:50.732+0000] {processor.py:650} INFO - DAG(s) dict_keys(['postgres_operator_dag_example']) retrieved from /opt/airflow/dags/postgresql_demo.py
[2022-10-01T00:35:50.752+0000] {logging_mixin.py:115} INFO - [2022-10-01T00:35:50.751+0000] {dag.py:2429} INFO - Sync 1 DAGs
[2022-10-01T00:35:50.771+0000] {logging_mixin.py:115} INFO - [2022-10-01T00:35:50.771+0000] {dag.py:2981} INFO - Setting next_dagrun for postgres_operator_dag_example to None, run_after=None
[2022-10-01T00:35:50.778+0000] {processor.py:161} INFO - Processing /opt/airflow/dags/postgresql_demo.py took 0.071 seconds
