[2022-10-01T00:00:20.859+0000] {processor.py:153} INFO - Started process (PID=33902) to work on /opt/airflow/dags/preparing_motor_data_for_processing.py
[2022-10-01T00:00:20.860+0000] {processor.py:640} INFO - Processing file /opt/airflow/dags/preparing_motor_data_for_processing.py for tasks to queue
[2022-10-01T00:00:20.862+0000] {logging_mixin.py:115} INFO - [2022-10-01T00:00:20.862+0000] {dagbag.py:508} INFO - Filling up the DagBag from /opt/airflow/dags/preparing_motor_data_for_processing.py
[2022-10-01T00:00:20.923+0000] {processor.py:650} INFO - DAG(s) dict_keys(['preparing_motor_data_for_processing']) retrieved from /opt/airflow/dags/preparing_motor_data_for_processing.py
[2022-10-01T00:00:20.942+0000] {logging_mixin.py:115} INFO - [2022-10-01T00:00:20.942+0000] {dag.py:2429} INFO - Sync 1 DAGs
[2022-10-01T00:00:20.966+0000] {logging_mixin.py:115} INFO - [2022-10-01T00:00:20.966+0000] {dag.py:2981} INFO - Setting next_dagrun for preparing_motor_data_for_processing to None, run_after=None
[2022-10-01T00:00:20.976+0000] {processor.py:161} INFO - Processing /opt/airflow/dags/preparing_motor_data_for_processing.py took 0.123 seconds
[2022-10-01T00:00:51.477+0000] {processor.py:153} INFO - Started process (PID=33969) to work on /opt/airflow/dags/preparing_motor_data_for_processing.py
[2022-10-01T00:00:51.479+0000] {processor.py:640} INFO - Processing file /opt/airflow/dags/preparing_motor_data_for_processing.py for tasks to queue
[2022-10-01T00:00:51.483+0000] {logging_mixin.py:115} INFO - [2022-10-01T00:00:51.483+0000] {dagbag.py:508} INFO - Filling up the DagBag from /opt/airflow/dags/preparing_motor_data_for_processing.py
[2022-10-01T00:00:51.548+0000] {processor.py:650} INFO - DAG(s) dict_keys(['preparing_motor_data_for_processing']) retrieved from /opt/airflow/dags/preparing_motor_data_for_processing.py
[2022-10-01T00:00:51.575+0000] {logging_mixin.py:115} INFO - [2022-10-01T00:00:51.575+0000] {dag.py:2429} INFO - Sync 1 DAGs
[2022-10-01T00:00:51.602+0000] {logging_mixin.py:115} INFO - [2022-10-01T00:00:51.601+0000] {dag.py:2981} INFO - Setting next_dagrun for preparing_motor_data_for_processing to None, run_after=None
[2022-10-01T00:00:51.611+0000] {processor.py:161} INFO - Processing /opt/airflow/dags/preparing_motor_data_for_processing.py took 0.138 seconds
[2022-10-01T00:01:21.740+0000] {processor.py:153} INFO - Started process (PID=34035) to work on /opt/airflow/dags/preparing_motor_data_for_processing.py
[2022-10-01T00:01:21.743+0000] {processor.py:640} INFO - Processing file /opt/airflow/dags/preparing_motor_data_for_processing.py for tasks to queue
[2022-10-01T00:01:21.749+0000] {logging_mixin.py:115} INFO - [2022-10-01T00:01:21.749+0000] {dagbag.py:508} INFO - Filling up the DagBag from /opt/airflow/dags/preparing_motor_data_for_processing.py
[2022-10-01T00:01:21.903+0000] {processor.py:650} INFO - DAG(s) dict_keys(['preparing_motor_data_for_processing']) retrieved from /opt/airflow/dags/preparing_motor_data_for_processing.py
[2022-10-01T00:01:21.927+0000] {logging_mixin.py:115} INFO - [2022-10-01T00:01:21.927+0000] {dag.py:2429} INFO - Sync 1 DAGs
[2022-10-01T00:01:21.956+0000] {logging_mixin.py:115} INFO - [2022-10-01T00:01:21.956+0000] {dag.py:2981} INFO - Setting next_dagrun for preparing_motor_data_for_processing to None, run_after=None
[2022-10-01T00:01:21.976+0000] {processor.py:161} INFO - Processing /opt/airflow/dags/preparing_motor_data_for_processing.py took 0.250 seconds
[2022-10-01T00:01:52.436+0000] {processor.py:153} INFO - Started process (PID=34092) to work on /opt/airflow/dags/preparing_motor_data_for_processing.py
[2022-10-01T00:01:52.439+0000] {processor.py:640} INFO - Processing file /opt/airflow/dags/preparing_motor_data_for_processing.py for tasks to queue
[2022-10-01T00:01:52.441+0000] {logging_mixin.py:115} INFO - [2022-10-01T00:01:52.441+0000] {dagbag.py:508} INFO - Filling up the DagBag from /opt/airflow/dags/preparing_motor_data_for_processing.py
[2022-10-01T00:01:52.525+0000] {processor.py:650} INFO - DAG(s) dict_keys(['preparing_motor_data_for_processing']) retrieved from /opt/airflow/dags/preparing_motor_data_for_processing.py
[2022-10-01T00:01:52.541+0000] {logging_mixin.py:115} INFO - [2022-10-01T00:01:52.541+0000] {dag.py:2429} INFO - Sync 1 DAGs
[2022-10-01T00:01:52.568+0000] {logging_mixin.py:115} INFO - [2022-10-01T00:01:52.568+0000] {dag.py:2981} INFO - Setting next_dagrun for preparing_motor_data_for_processing to None, run_after=None
[2022-10-01T00:01:52.580+0000] {processor.py:161} INFO - Processing /opt/airflow/dags/preparing_motor_data_for_processing.py took 0.148 seconds
[2022-10-01T00:02:22.775+0000] {processor.py:153} INFO - Started process (PID=34158) to work on /opt/airflow/dags/preparing_motor_data_for_processing.py
[2022-10-01T00:02:22.777+0000] {processor.py:640} INFO - Processing file /opt/airflow/dags/preparing_motor_data_for_processing.py for tasks to queue
[2022-10-01T00:02:22.779+0000] {logging_mixin.py:115} INFO - [2022-10-01T00:02:22.779+0000] {dagbag.py:508} INFO - Filling up the DagBag from /opt/airflow/dags/preparing_motor_data_for_processing.py
[2022-10-01T00:02:22.840+0000] {processor.py:650} INFO - DAG(s) dict_keys(['preparing_motor_data_for_processing']) retrieved from /opt/airflow/dags/preparing_motor_data_for_processing.py
[2022-10-01T00:02:22.856+0000] {logging_mixin.py:115} INFO - [2022-10-01T00:02:22.856+0000] {dag.py:2429} INFO - Sync 1 DAGs
[2022-10-01T00:02:22.885+0000] {logging_mixin.py:115} INFO - [2022-10-01T00:02:22.884+0000] {dag.py:2981} INFO - Setting next_dagrun for preparing_motor_data_for_processing to None, run_after=None
[2022-10-01T00:02:22.894+0000] {processor.py:161} INFO - Processing /opt/airflow/dags/preparing_motor_data_for_processing.py took 0.134 seconds
[2022-10-01T00:02:53.259+0000] {processor.py:153} INFO - Started process (PID=34224) to work on /opt/airflow/dags/preparing_motor_data_for_processing.py
[2022-10-01T00:02:53.260+0000] {processor.py:640} INFO - Processing file /opt/airflow/dags/preparing_motor_data_for_processing.py for tasks to queue
[2022-10-01T00:02:53.262+0000] {logging_mixin.py:115} INFO - [2022-10-01T00:02:53.262+0000] {dagbag.py:508} INFO - Filling up the DagBag from /opt/airflow/dags/preparing_motor_data_for_processing.py
[2022-10-01T00:02:53.333+0000] {processor.py:650} INFO - DAG(s) dict_keys(['preparing_motor_data_for_processing']) retrieved from /opt/airflow/dags/preparing_motor_data_for_processing.py
[2022-10-01T00:02:53.353+0000] {logging_mixin.py:115} INFO - [2022-10-01T00:02:53.353+0000] {dag.py:2429} INFO - Sync 1 DAGs
[2022-10-01T00:02:53.377+0000] {logging_mixin.py:115} INFO - [2022-10-01T00:02:53.377+0000] {dag.py:2981} INFO - Setting next_dagrun for preparing_motor_data_for_processing to None, run_after=None
[2022-10-01T00:02:53.386+0000] {processor.py:161} INFO - Processing /opt/airflow/dags/preparing_motor_data_for_processing.py took 0.133 seconds
[2022-10-01T00:03:23.557+0000] {processor.py:153} INFO - Started process (PID=34282) to work on /opt/airflow/dags/preparing_motor_data_for_processing.py
[2022-10-01T00:03:23.559+0000] {processor.py:640} INFO - Processing file /opt/airflow/dags/preparing_motor_data_for_processing.py for tasks to queue
[2022-10-01T00:03:23.561+0000] {logging_mixin.py:115} INFO - [2022-10-01T00:03:23.561+0000] {dagbag.py:508} INFO - Filling up the DagBag from /opt/airflow/dags/preparing_motor_data_for_processing.py
[2022-10-01T00:03:23.613+0000] {processor.py:650} INFO - DAG(s) dict_keys(['preparing_motor_data_for_processing']) retrieved from /opt/airflow/dags/preparing_motor_data_for_processing.py
[2022-10-01T00:03:23.636+0000] {logging_mixin.py:115} INFO - [2022-10-01T00:03:23.636+0000] {dag.py:2429} INFO - Sync 1 DAGs
[2022-10-01T00:03:23.660+0000] {logging_mixin.py:115} INFO - [2022-10-01T00:03:23.660+0000] {dag.py:2981} INFO - Setting next_dagrun for preparing_motor_data_for_processing to None, run_after=None
[2022-10-01T00:03:23.675+0000] {processor.py:161} INFO - Processing /opt/airflow/dags/preparing_motor_data_for_processing.py took 0.124 seconds
[2022-10-01T00:03:53.849+0000] {processor.py:153} INFO - Started process (PID=34348) to work on /opt/airflow/dags/preparing_motor_data_for_processing.py
[2022-10-01T00:03:53.852+0000] {processor.py:640} INFO - Processing file /opt/airflow/dags/preparing_motor_data_for_processing.py for tasks to queue
[2022-10-01T00:03:53.854+0000] {logging_mixin.py:115} INFO - [2022-10-01T00:03:53.854+0000] {dagbag.py:508} INFO - Filling up the DagBag from /opt/airflow/dags/preparing_motor_data_for_processing.py
[2022-10-01T00:03:53.906+0000] {processor.py:650} INFO - DAG(s) dict_keys(['preparing_motor_data_for_processing']) retrieved from /opt/airflow/dags/preparing_motor_data_for_processing.py
[2022-10-01T00:03:53.923+0000] {logging_mixin.py:115} INFO - [2022-10-01T00:03:53.923+0000] {dag.py:2429} INFO - Sync 1 DAGs
[2022-10-01T00:03:53.942+0000] {logging_mixin.py:115} INFO - [2022-10-01T00:03:53.942+0000] {dag.py:2981} INFO - Setting next_dagrun for preparing_motor_data_for_processing to None, run_after=None
[2022-10-01T00:03:53.952+0000] {processor.py:161} INFO - Processing /opt/airflow/dags/preparing_motor_data_for_processing.py took 0.109 seconds
[2022-10-01T00:04:24.362+0000] {processor.py:153} INFO - Started process (PID=34414) to work on /opt/airflow/dags/preparing_motor_data_for_processing.py
[2022-10-01T00:04:24.365+0000] {processor.py:640} INFO - Processing file /opt/airflow/dags/preparing_motor_data_for_processing.py for tasks to queue
[2022-10-01T00:04:24.367+0000] {logging_mixin.py:115} INFO - [2022-10-01T00:04:24.367+0000] {dagbag.py:508} INFO - Filling up the DagBag from /opt/airflow/dags/preparing_motor_data_for_processing.py
[2022-10-01T00:04:24.425+0000] {processor.py:650} INFO - DAG(s) dict_keys(['preparing_motor_data_for_processing']) retrieved from /opt/airflow/dags/preparing_motor_data_for_processing.py
[2022-10-01T00:04:24.446+0000] {logging_mixin.py:115} INFO - [2022-10-01T00:04:24.446+0000] {dag.py:2429} INFO - Sync 1 DAGs
[2022-10-01T00:04:24.467+0000] {logging_mixin.py:115} INFO - [2022-10-01T00:04:24.467+0000] {dag.py:2981} INFO - Setting next_dagrun for preparing_motor_data_for_processing to None, run_after=None
[2022-10-01T00:04:24.479+0000] {processor.py:161} INFO - Processing /opt/airflow/dags/preparing_motor_data_for_processing.py took 0.127 seconds
[2022-10-01T00:04:54.722+0000] {processor.py:153} INFO - Started process (PID=34480) to work on /opt/airflow/dags/preparing_motor_data_for_processing.py
[2022-10-01T00:04:54.724+0000] {processor.py:640} INFO - Processing file /opt/airflow/dags/preparing_motor_data_for_processing.py for tasks to queue
[2022-10-01T00:04:54.726+0000] {logging_mixin.py:115} INFO - [2022-10-01T00:04:54.725+0000] {dagbag.py:508} INFO - Filling up the DagBag from /opt/airflow/dags/preparing_motor_data_for_processing.py
[2022-10-01T00:04:54.780+0000] {processor.py:650} INFO - DAG(s) dict_keys(['preparing_motor_data_for_processing']) retrieved from /opt/airflow/dags/preparing_motor_data_for_processing.py
[2022-10-01T00:04:54.799+0000] {logging_mixin.py:115} INFO - [2022-10-01T00:04:54.799+0000] {dag.py:2429} INFO - Sync 1 DAGs
[2022-10-01T00:04:54.822+0000] {logging_mixin.py:115} INFO - [2022-10-01T00:04:54.822+0000] {dag.py:2981} INFO - Setting next_dagrun for preparing_motor_data_for_processing to None, run_after=None
[2022-10-01T00:04:54.832+0000] {processor.py:161} INFO - Processing /opt/airflow/dags/preparing_motor_data_for_processing.py took 0.115 seconds
[2022-10-01T00:05:25.182+0000] {processor.py:153} INFO - Started process (PID=34537) to work on /opt/airflow/dags/preparing_motor_data_for_processing.py
[2022-10-01T00:05:25.185+0000] {processor.py:640} INFO - Processing file /opt/airflow/dags/preparing_motor_data_for_processing.py for tasks to queue
[2022-10-01T00:05:25.187+0000] {logging_mixin.py:115} INFO - [2022-10-01T00:05:25.187+0000] {dagbag.py:508} INFO - Filling up the DagBag from /opt/airflow/dags/preparing_motor_data_for_processing.py
[2022-10-01T00:05:25.256+0000] {processor.py:650} INFO - DAG(s) dict_keys(['preparing_motor_data_for_processing']) retrieved from /opt/airflow/dags/preparing_motor_data_for_processing.py
[2022-10-01T00:05:25.280+0000] {logging_mixin.py:115} INFO - [2022-10-01T00:05:25.280+0000] {dag.py:2429} INFO - Sync 1 DAGs
[2022-10-01T00:05:25.309+0000] {logging_mixin.py:115} INFO - [2022-10-01T00:05:25.309+0000] {dag.py:2981} INFO - Setting next_dagrun for preparing_motor_data_for_processing to None, run_after=None
[2022-10-01T00:05:25.318+0000] {processor.py:161} INFO - Processing /opt/airflow/dags/preparing_motor_data_for_processing.py took 0.147 seconds
[2022-10-01T00:05:55.499+0000] {processor.py:153} INFO - Started process (PID=34604) to work on /opt/airflow/dags/preparing_motor_data_for_processing.py
[2022-10-01T00:05:55.502+0000] {processor.py:640} INFO - Processing file /opt/airflow/dags/preparing_motor_data_for_processing.py for tasks to queue
[2022-10-01T00:05:55.511+0000] {logging_mixin.py:115} INFO - [2022-10-01T00:05:55.511+0000] {dagbag.py:508} INFO - Filling up the DagBag from /opt/airflow/dags/preparing_motor_data_for_processing.py
[2022-10-01T00:05:55.566+0000] {processor.py:650} INFO - DAG(s) dict_keys(['preparing_motor_data_for_processing']) retrieved from /opt/airflow/dags/preparing_motor_data_for_processing.py
[2022-10-01T00:05:55.580+0000] {logging_mixin.py:115} INFO - [2022-10-01T00:05:55.580+0000] {dag.py:2429} INFO - Sync 1 DAGs
[2022-10-01T00:05:55.602+0000] {logging_mixin.py:115} INFO - [2022-10-01T00:05:55.601+0000] {dag.py:2981} INFO - Setting next_dagrun for preparing_motor_data_for_processing to None, run_after=None
[2022-10-01T00:05:55.611+0000] {processor.py:161} INFO - Processing /opt/airflow/dags/preparing_motor_data_for_processing.py took 0.118 seconds
[2022-10-01T00:06:25.880+0000] {processor.py:153} INFO - Started process (PID=34671) to work on /opt/airflow/dags/preparing_motor_data_for_processing.py
[2022-10-01T00:06:25.885+0000] {processor.py:640} INFO - Processing file /opt/airflow/dags/preparing_motor_data_for_processing.py for tasks to queue
[2022-10-01T00:06:25.888+0000] {logging_mixin.py:115} INFO - [2022-10-01T00:06:25.888+0000] {dagbag.py:508} INFO - Filling up the DagBag from /opt/airflow/dags/preparing_motor_data_for_processing.py
[2022-10-01T00:06:25.960+0000] {processor.py:650} INFO - DAG(s) dict_keys(['preparing_motor_data_for_processing']) retrieved from /opt/airflow/dags/preparing_motor_data_for_processing.py
[2022-10-01T00:06:25.985+0000] {logging_mixin.py:115} INFO - [2022-10-01T00:06:25.985+0000] {dag.py:2429} INFO - Sync 1 DAGs
[2022-10-01T00:06:26.009+0000] {logging_mixin.py:115} INFO - [2022-10-01T00:06:26.009+0000] {dag.py:2981} INFO - Setting next_dagrun for preparing_motor_data_for_processing to None, run_after=None
[2022-10-01T00:06:26.019+0000] {processor.py:161} INFO - Processing /opt/airflow/dags/preparing_motor_data_for_processing.py took 0.148 seconds
[2022-10-01T00:06:56.318+0000] {processor.py:153} INFO - Started process (PID=34737) to work on /opt/airflow/dags/preparing_motor_data_for_processing.py
[2022-10-01T00:06:56.321+0000] {processor.py:640} INFO - Processing file /opt/airflow/dags/preparing_motor_data_for_processing.py for tasks to queue
[2022-10-01T00:06:56.323+0000] {logging_mixin.py:115} INFO - [2022-10-01T00:06:56.323+0000] {dagbag.py:508} INFO - Filling up the DagBag from /opt/airflow/dags/preparing_motor_data_for_processing.py
[2022-10-01T00:06:56.403+0000] {processor.py:650} INFO - DAG(s) dict_keys(['preparing_motor_data_for_processing']) retrieved from /opt/airflow/dags/preparing_motor_data_for_processing.py
[2022-10-01T00:06:56.431+0000] {logging_mixin.py:115} INFO - [2022-10-01T00:06:56.431+0000] {dag.py:2429} INFO - Sync 1 DAGs
[2022-10-01T00:06:56.457+0000] {logging_mixin.py:115} INFO - [2022-10-01T00:06:56.457+0000] {dag.py:2981} INFO - Setting next_dagrun for preparing_motor_data_for_processing to None, run_after=None
[2022-10-01T00:06:56.468+0000] {processor.py:161} INFO - Processing /opt/airflow/dags/preparing_motor_data_for_processing.py took 0.158 seconds
[2022-10-01T00:07:26.650+0000] {processor.py:153} INFO - Started process (PID=34794) to work on /opt/airflow/dags/preparing_motor_data_for_processing.py
[2022-10-01T00:07:26.653+0000] {processor.py:640} INFO - Processing file /opt/airflow/dags/preparing_motor_data_for_processing.py for tasks to queue
[2022-10-01T00:07:26.661+0000] {logging_mixin.py:115} INFO - [2022-10-01T00:07:26.660+0000] {dagbag.py:508} INFO - Filling up the DagBag from /opt/airflow/dags/preparing_motor_data_for_processing.py
[2022-10-01T00:07:26.724+0000] {processor.py:650} INFO - DAG(s) dict_keys(['preparing_motor_data_for_processing']) retrieved from /opt/airflow/dags/preparing_motor_data_for_processing.py
[2022-10-01T00:07:26.744+0000] {logging_mixin.py:115} INFO - [2022-10-01T00:07:26.744+0000] {dag.py:2429} INFO - Sync 1 DAGs
[2022-10-01T00:07:26.763+0000] {logging_mixin.py:115} INFO - [2022-10-01T00:07:26.763+0000] {dag.py:2981} INFO - Setting next_dagrun for preparing_motor_data_for_processing to None, run_after=None
[2022-10-01T00:07:26.773+0000] {processor.py:161} INFO - Processing /opt/airflow/dags/preparing_motor_data_for_processing.py took 0.137 seconds
[2022-10-01T00:07:57.111+0000] {processor.py:153} INFO - Started process (PID=34860) to work on /opt/airflow/dags/preparing_motor_data_for_processing.py
[2022-10-01T00:07:57.121+0000] {processor.py:640} INFO - Processing file /opt/airflow/dags/preparing_motor_data_for_processing.py for tasks to queue
[2022-10-01T00:07:57.122+0000] {logging_mixin.py:115} INFO - [2022-10-01T00:07:57.122+0000] {dagbag.py:508} INFO - Filling up the DagBag from /opt/airflow/dags/preparing_motor_data_for_processing.py
[2022-10-01T00:07:57.190+0000] {processor.py:650} INFO - DAG(s) dict_keys(['preparing_motor_data_for_processing']) retrieved from /opt/airflow/dags/preparing_motor_data_for_processing.py
[2022-10-01T00:07:57.211+0000] {logging_mixin.py:115} INFO - [2022-10-01T00:07:57.211+0000] {dag.py:2429} INFO - Sync 1 DAGs
[2022-10-01T00:07:57.230+0000] {logging_mixin.py:115} INFO - [2022-10-01T00:07:57.230+0000] {dag.py:2981} INFO - Setting next_dagrun for preparing_motor_data_for_processing to None, run_after=None
[2022-10-01T00:07:57.240+0000] {processor.py:161} INFO - Processing /opt/airflow/dags/preparing_motor_data_for_processing.py took 0.133 seconds
[2022-10-01T00:08:27.506+0000] {processor.py:153} INFO - Started process (PID=34926) to work on /opt/airflow/dags/preparing_motor_data_for_processing.py
[2022-10-01T00:08:27.509+0000] {processor.py:640} INFO - Processing file /opt/airflow/dags/preparing_motor_data_for_processing.py for tasks to queue
[2022-10-01T00:08:27.511+0000] {logging_mixin.py:115} INFO - [2022-10-01T00:08:27.511+0000] {dagbag.py:508} INFO - Filling up the DagBag from /opt/airflow/dags/preparing_motor_data_for_processing.py
[2022-10-01T00:08:27.612+0000] {processor.py:650} INFO - DAG(s) dict_keys(['preparing_motor_data_for_processing']) retrieved from /opt/airflow/dags/preparing_motor_data_for_processing.py
[2022-10-01T00:08:27.641+0000] {logging_mixin.py:115} INFO - [2022-10-01T00:08:27.641+0000] {dag.py:2429} INFO - Sync 1 DAGs
[2022-10-01T00:08:27.661+0000] {logging_mixin.py:115} INFO - [2022-10-01T00:08:27.661+0000] {dag.py:2981} INFO - Setting next_dagrun for preparing_motor_data_for_processing to None, run_after=None
[2022-10-01T00:08:27.671+0000] {processor.py:161} INFO - Processing /opt/airflow/dags/preparing_motor_data_for_processing.py took 0.184 seconds
[2022-10-01T00:08:58.051+0000] {processor.py:153} INFO - Started process (PID=34992) to work on /opt/airflow/dags/preparing_motor_data_for_processing.py
[2022-10-01T00:08:58.053+0000] {processor.py:640} INFO - Processing file /opt/airflow/dags/preparing_motor_data_for_processing.py for tasks to queue
[2022-10-01T00:08:58.058+0000] {logging_mixin.py:115} INFO - [2022-10-01T00:08:58.058+0000] {dagbag.py:508} INFO - Filling up the DagBag from /opt/airflow/dags/preparing_motor_data_for_processing.py
[2022-10-01T00:08:58.150+0000] {processor.py:650} INFO - DAG(s) dict_keys(['preparing_motor_data_for_processing']) retrieved from /opt/airflow/dags/preparing_motor_data_for_processing.py
[2022-10-01T00:08:58.182+0000] {logging_mixin.py:115} INFO - [2022-10-01T00:08:58.181+0000] {dag.py:2429} INFO - Sync 1 DAGs
[2022-10-01T00:08:58.201+0000] {logging_mixin.py:115} INFO - [2022-10-01T00:08:58.201+0000] {dag.py:2981} INFO - Setting next_dagrun for preparing_motor_data_for_processing to None, run_after=None
[2022-10-01T00:08:58.209+0000] {processor.py:161} INFO - Processing /opt/airflow/dags/preparing_motor_data_for_processing.py took 0.167 seconds
[2022-10-01T00:09:28.593+0000] {processor.py:153} INFO - Started process (PID=35048) to work on /opt/airflow/dags/preparing_motor_data_for_processing.py
[2022-10-01T00:09:28.595+0000] {processor.py:640} INFO - Processing file /opt/airflow/dags/preparing_motor_data_for_processing.py for tasks to queue
[2022-10-01T00:09:28.600+0000] {logging_mixin.py:115} INFO - [2022-10-01T00:09:28.599+0000] {dagbag.py:508} INFO - Filling up the DagBag from /opt/airflow/dags/preparing_motor_data_for_processing.py
[2022-10-01T00:09:28.705+0000] {processor.py:650} INFO - DAG(s) dict_keys(['preparing_motor_data_for_processing']) retrieved from /opt/airflow/dags/preparing_motor_data_for_processing.py
[2022-10-01T00:09:28.721+0000] {logging_mixin.py:115} INFO - [2022-10-01T00:09:28.721+0000] {dag.py:2429} INFO - Sync 1 DAGs
[2022-10-01T00:09:28.740+0000] {logging_mixin.py:115} INFO - [2022-10-01T00:09:28.740+0000] {dag.py:2981} INFO - Setting next_dagrun for preparing_motor_data_for_processing to None, run_after=None
[2022-10-01T00:09:28.750+0000] {processor.py:161} INFO - Processing /opt/airflow/dags/preparing_motor_data_for_processing.py took 0.161 seconds
[2022-10-01T00:09:59.148+0000] {processor.py:153} INFO - Started process (PID=35113) to work on /opt/airflow/dags/preparing_motor_data_for_processing.py
[2022-10-01T00:09:59.151+0000] {processor.py:640} INFO - Processing file /opt/airflow/dags/preparing_motor_data_for_processing.py for tasks to queue
[2022-10-01T00:09:59.154+0000] {logging_mixin.py:115} INFO - [2022-10-01T00:09:59.154+0000] {dagbag.py:508} INFO - Filling up the DagBag from /opt/airflow/dags/preparing_motor_data_for_processing.py
[2022-10-01T00:09:59.224+0000] {processor.py:650} INFO - DAG(s) dict_keys(['preparing_motor_data_for_processing']) retrieved from /opt/airflow/dags/preparing_motor_data_for_processing.py
[2022-10-01T00:09:59.252+0000] {logging_mixin.py:115} INFO - [2022-10-01T00:09:59.252+0000] {dag.py:2429} INFO - Sync 1 DAGs
[2022-10-01T00:09:59.276+0000] {logging_mixin.py:115} INFO - [2022-10-01T00:09:59.276+0000] {dag.py:2981} INFO - Setting next_dagrun for preparing_motor_data_for_processing to None, run_after=None
[2022-10-01T00:09:59.287+0000] {processor.py:161} INFO - Processing /opt/airflow/dags/preparing_motor_data_for_processing.py took 0.149 seconds
[2022-10-01T00:10:29.454+0000] {processor.py:153} INFO - Started process (PID=35180) to work on /opt/airflow/dags/preparing_motor_data_for_processing.py
[2022-10-01T00:10:29.457+0000] {processor.py:640} INFO - Processing file /opt/airflow/dags/preparing_motor_data_for_processing.py for tasks to queue
[2022-10-01T00:10:29.458+0000] {logging_mixin.py:115} INFO - [2022-10-01T00:10:29.458+0000] {dagbag.py:508} INFO - Filling up the DagBag from /opt/airflow/dags/preparing_motor_data_for_processing.py
[2022-10-01T00:10:29.523+0000] {processor.py:650} INFO - DAG(s) dict_keys(['preparing_motor_data_for_processing']) retrieved from /opt/airflow/dags/preparing_motor_data_for_processing.py
[2022-10-01T00:10:29.548+0000] {logging_mixin.py:115} INFO - [2022-10-01T00:10:29.548+0000] {dag.py:2429} INFO - Sync 1 DAGs
[2022-10-01T00:10:29.578+0000] {logging_mixin.py:115} INFO - [2022-10-01T00:10:29.578+0000] {dag.py:2981} INFO - Setting next_dagrun for preparing_motor_data_for_processing to None, run_after=None
[2022-10-01T00:10:29.588+0000] {processor.py:161} INFO - Processing /opt/airflow/dags/preparing_motor_data_for_processing.py took 0.146 seconds
[2022-10-01T00:11:00.047+0000] {processor.py:153} INFO - Started process (PID=35246) to work on /opt/airflow/dags/preparing_motor_data_for_processing.py
[2022-10-01T00:11:00.049+0000] {processor.py:640} INFO - Processing file /opt/airflow/dags/preparing_motor_data_for_processing.py for tasks to queue
[2022-10-01T00:11:00.051+0000] {logging_mixin.py:115} INFO - [2022-10-01T00:11:00.051+0000] {dagbag.py:508} INFO - Filling up the DagBag from /opt/airflow/dags/preparing_motor_data_for_processing.py
[2022-10-01T00:11:00.131+0000] {processor.py:650} INFO - DAG(s) dict_keys(['preparing_motor_data_for_processing']) retrieved from /opt/airflow/dags/preparing_motor_data_for_processing.py
[2022-10-01T00:11:00.153+0000] {logging_mixin.py:115} INFO - [2022-10-01T00:11:00.153+0000] {dag.py:2429} INFO - Sync 1 DAGs
[2022-10-01T00:11:00.179+0000] {logging_mixin.py:115} INFO - [2022-10-01T00:11:00.179+0000] {dag.py:2981} INFO - Setting next_dagrun for preparing_motor_data_for_processing to None, run_after=None
[2022-10-01T00:11:00.190+0000] {processor.py:161} INFO - Processing /opt/airflow/dags/preparing_motor_data_for_processing.py took 0.148 seconds
[2022-10-01T00:11:31.213+0000] {processor.py:153} INFO - Started process (PID=35304) to work on /opt/airflow/dags/preparing_motor_data_for_processing.py
[2022-10-01T00:11:31.216+0000] {processor.py:640} INFO - Processing file /opt/airflow/dags/preparing_motor_data_for_processing.py for tasks to queue
[2022-10-01T00:11:31.219+0000] {logging_mixin.py:115} INFO - [2022-10-01T00:11:31.219+0000] {dagbag.py:508} INFO - Filling up the DagBag from /opt/airflow/dags/preparing_motor_data_for_processing.py
[2022-10-01T00:11:31.283+0000] {processor.py:650} INFO - DAG(s) dict_keys(['preparing_motor_data_for_processing']) retrieved from /opt/airflow/dags/preparing_motor_data_for_processing.py
[2022-10-01T00:11:31.308+0000] {logging_mixin.py:115} INFO - [2022-10-01T00:11:31.308+0000] {dag.py:2429} INFO - Sync 1 DAGs
[2022-10-01T00:11:31.333+0000] {logging_mixin.py:115} INFO - [2022-10-01T00:11:31.333+0000] {dag.py:2981} INFO - Setting next_dagrun for preparing_motor_data_for_processing to None, run_after=None
[2022-10-01T00:11:31.342+0000] {processor.py:161} INFO - Processing /opt/airflow/dags/preparing_motor_data_for_processing.py took 0.137 seconds
[2022-10-01T00:12:01.706+0000] {processor.py:153} INFO - Started process (PID=35369) to work on /opt/airflow/dags/preparing_motor_data_for_processing.py
[2022-10-01T00:12:01.710+0000] {processor.py:640} INFO - Processing file /opt/airflow/dags/preparing_motor_data_for_processing.py for tasks to queue
[2022-10-01T00:12:01.712+0000] {logging_mixin.py:115} INFO - [2022-10-01T00:12:01.712+0000] {dagbag.py:508} INFO - Filling up the DagBag from /opt/airflow/dags/preparing_motor_data_for_processing.py
[2022-10-01T00:12:01.773+0000] {processor.py:650} INFO - DAG(s) dict_keys(['preparing_motor_data_for_processing']) retrieved from /opt/airflow/dags/preparing_motor_data_for_processing.py
[2022-10-01T00:12:01.798+0000] {logging_mixin.py:115} INFO - [2022-10-01T00:12:01.798+0000] {dag.py:2429} INFO - Sync 1 DAGs
[2022-10-01T00:12:01.820+0000] {logging_mixin.py:115} INFO - [2022-10-01T00:12:01.820+0000] {dag.py:2981} INFO - Setting next_dagrun for preparing_motor_data_for_processing to None, run_after=None
[2022-10-01T00:12:01.830+0000] {processor.py:161} INFO - Processing /opt/airflow/dags/preparing_motor_data_for_processing.py took 0.131 seconds
[2022-10-01T00:12:32.055+0000] {processor.py:153} INFO - Started process (PID=35436) to work on /opt/airflow/dags/preparing_motor_data_for_processing.py
[2022-10-01T00:12:32.059+0000] {processor.py:640} INFO - Processing file /opt/airflow/dags/preparing_motor_data_for_processing.py for tasks to queue
[2022-10-01T00:12:32.062+0000] {logging_mixin.py:115} INFO - [2022-10-01T00:12:32.061+0000] {dagbag.py:508} INFO - Filling up the DagBag from /opt/airflow/dags/preparing_motor_data_for_processing.py
[2022-10-01T00:12:32.131+0000] {processor.py:650} INFO - DAG(s) dict_keys(['preparing_motor_data_for_processing']) retrieved from /opt/airflow/dags/preparing_motor_data_for_processing.py
[2022-10-01T00:12:32.150+0000] {logging_mixin.py:115} INFO - [2022-10-01T00:12:32.150+0000] {dag.py:2429} INFO - Sync 1 DAGs
[2022-10-01T00:12:32.171+0000] {logging_mixin.py:115} INFO - [2022-10-01T00:12:32.171+0000] {dag.py:2981} INFO - Setting next_dagrun for preparing_motor_data_for_processing to None, run_after=None
[2022-10-01T00:12:32.182+0000] {processor.py:161} INFO - Processing /opt/airflow/dags/preparing_motor_data_for_processing.py took 0.135 seconds
[2022-10-01T00:13:02.579+0000] {processor.py:153} INFO - Started process (PID=35501) to work on /opt/airflow/dags/preparing_motor_data_for_processing.py
[2022-10-01T00:13:02.581+0000] {processor.py:640} INFO - Processing file /opt/airflow/dags/preparing_motor_data_for_processing.py for tasks to queue
[2022-10-01T00:13:02.583+0000] {logging_mixin.py:115} INFO - [2022-10-01T00:13:02.583+0000] {dagbag.py:508} INFO - Filling up the DagBag from /opt/airflow/dags/preparing_motor_data_for_processing.py
[2022-10-01T00:13:02.634+0000] {processor.py:650} INFO - DAG(s) dict_keys(['preparing_motor_data_for_processing']) retrieved from /opt/airflow/dags/preparing_motor_data_for_processing.py
[2022-10-01T00:13:02.654+0000] {logging_mixin.py:115} INFO - [2022-10-01T00:13:02.653+0000] {dag.py:2429} INFO - Sync 1 DAGs
[2022-10-01T00:13:02.675+0000] {logging_mixin.py:115} INFO - [2022-10-01T00:13:02.675+0000] {dag.py:2981} INFO - Setting next_dagrun for preparing_motor_data_for_processing to None, run_after=None
[2022-10-01T00:13:02.684+0000] {processor.py:161} INFO - Processing /opt/airflow/dags/preparing_motor_data_for_processing.py took 0.113 seconds
[2022-10-01T00:13:32.891+0000] {processor.py:153} INFO - Started process (PID=35560) to work on /opt/airflow/dags/preparing_motor_data_for_processing.py
[2022-10-01T00:13:32.893+0000] {processor.py:640} INFO - Processing file /opt/airflow/dags/preparing_motor_data_for_processing.py for tasks to queue
[2022-10-01T00:13:32.895+0000] {logging_mixin.py:115} INFO - [2022-10-01T00:13:32.895+0000] {dagbag.py:508} INFO - Filling up the DagBag from /opt/airflow/dags/preparing_motor_data_for_processing.py
[2022-10-01T00:13:32.951+0000] {processor.py:650} INFO - DAG(s) dict_keys(['preparing_motor_data_for_processing']) retrieved from /opt/airflow/dags/preparing_motor_data_for_processing.py
[2022-10-01T00:13:32.970+0000] {logging_mixin.py:115} INFO - [2022-10-01T00:13:32.970+0000] {dag.py:2429} INFO - Sync 1 DAGs
[2022-10-01T00:13:32.993+0000] {logging_mixin.py:115} INFO - [2022-10-01T00:13:32.993+0000] {dag.py:2981} INFO - Setting next_dagrun for preparing_motor_data_for_processing to None, run_after=None
[2022-10-01T00:13:33.005+0000] {processor.py:161} INFO - Processing /opt/airflow/dags/preparing_motor_data_for_processing.py took 0.122 seconds
[2022-10-01T00:18:31.806+0000] {processor.py:153} INFO - Started process (PID=35618) to work on /opt/airflow/dags/preparing_motor_data_for_processing.py
[2022-10-01T00:18:31.815+0000] {processor.py:640} INFO - Processing file /opt/airflow/dags/preparing_motor_data_for_processing.py for tasks to queue
[2022-10-01T00:18:31.817+0000] {logging_mixin.py:115} INFO - [2022-10-01T00:18:31.817+0000] {dagbag.py:508} INFO - Filling up the DagBag from /opt/airflow/dags/preparing_motor_data_for_processing.py
[2022-10-01T00:18:31.912+0000] {processor.py:650} INFO - DAG(s) dict_keys(['preparing_motor_data_for_processing']) retrieved from /opt/airflow/dags/preparing_motor_data_for_processing.py
[2022-10-01T00:18:31.972+0000] {logging_mixin.py:115} INFO - [2022-10-01T00:18:31.972+0000] {dag.py:2429} INFO - Sync 1 DAGs
[2022-10-01T00:18:32.011+0000] {logging_mixin.py:115} INFO - [2022-10-01T00:18:32.011+0000] {dag.py:2981} INFO - Setting next_dagrun for preparing_motor_data_for_processing to None, run_after=None
[2022-10-01T00:18:32.027+0000] {processor.py:161} INFO - Processing /opt/airflow/dags/preparing_motor_data_for_processing.py took 0.226 seconds
[2022-10-01T00:19:02.294+0000] {processor.py:153} INFO - Started process (PID=35675) to work on /opt/airflow/dags/preparing_motor_data_for_processing.py
[2022-10-01T00:19:02.298+0000] {processor.py:640} INFO - Processing file /opt/airflow/dags/preparing_motor_data_for_processing.py for tasks to queue
[2022-10-01T00:19:02.300+0000] {logging_mixin.py:115} INFO - [2022-10-01T00:19:02.300+0000] {dagbag.py:508} INFO - Filling up the DagBag from /opt/airflow/dags/preparing_motor_data_for_processing.py
[2022-10-01T00:19:02.378+0000] {processor.py:650} INFO - DAG(s) dict_keys(['preparing_motor_data_for_processing']) retrieved from /opt/airflow/dags/preparing_motor_data_for_processing.py
[2022-10-01T00:19:02.401+0000] {logging_mixin.py:115} INFO - [2022-10-01T00:19:02.401+0000] {dag.py:2429} INFO - Sync 1 DAGs
[2022-10-01T00:19:02.423+0000] {logging_mixin.py:115} INFO - [2022-10-01T00:19:02.423+0000] {dag.py:2981} INFO - Setting next_dagrun for preparing_motor_data_for_processing to None, run_after=None
[2022-10-01T00:19:02.439+0000] {processor.py:161} INFO - Processing /opt/airflow/dags/preparing_motor_data_for_processing.py took 0.154 seconds
[2022-10-01T00:19:32.830+0000] {processor.py:153} INFO - Started process (PID=35742) to work on /opt/airflow/dags/preparing_motor_data_for_processing.py
[2022-10-01T00:19:32.833+0000] {processor.py:640} INFO - Processing file /opt/airflow/dags/preparing_motor_data_for_processing.py for tasks to queue
[2022-10-01T00:19:32.835+0000] {logging_mixin.py:115} INFO - [2022-10-01T00:19:32.835+0000] {dagbag.py:508} INFO - Filling up the DagBag from /opt/airflow/dags/preparing_motor_data_for_processing.py
[2022-10-01T00:19:32.892+0000] {processor.py:650} INFO - DAG(s) dict_keys(['preparing_motor_data_for_processing']) retrieved from /opt/airflow/dags/preparing_motor_data_for_processing.py
[2022-10-01T00:19:32.909+0000] {logging_mixin.py:115} INFO - [2022-10-01T00:19:32.909+0000] {dag.py:2429} INFO - Sync 1 DAGs
[2022-10-01T00:19:32.929+0000] {logging_mixin.py:115} INFO - [2022-10-01T00:19:32.929+0000] {dag.py:2981} INFO - Setting next_dagrun for preparing_motor_data_for_processing to None, run_after=None
[2022-10-01T00:19:32.938+0000] {processor.py:161} INFO - Processing /opt/airflow/dags/preparing_motor_data_for_processing.py took 0.114 seconds
[2022-10-01T00:20:03.571+0000] {processor.py:153} INFO - Started process (PID=35806) to work on /opt/airflow/dags/preparing_motor_data_for_processing.py
[2022-10-01T00:20:03.573+0000] {processor.py:640} INFO - Processing file /opt/airflow/dags/preparing_motor_data_for_processing.py for tasks to queue
[2022-10-01T00:20:03.575+0000] {logging_mixin.py:115} INFO - [2022-10-01T00:20:03.575+0000] {dagbag.py:508} INFO - Filling up the DagBag from /opt/airflow/dags/preparing_motor_data_for_processing.py
[2022-10-01T00:20:03.644+0000] {processor.py:650} INFO - DAG(s) dict_keys(['preparing_motor_data_for_processing']) retrieved from /opt/airflow/dags/preparing_motor_data_for_processing.py
[2022-10-01T00:20:03.664+0000] {logging_mixin.py:115} INFO - [2022-10-01T00:20:03.663+0000] {dag.py:2429} INFO - Sync 1 DAGs
[2022-10-01T00:20:03.684+0000] {logging_mixin.py:115} INFO - [2022-10-01T00:20:03.683+0000] {dag.py:2981} INFO - Setting next_dagrun for preparing_motor_data_for_processing to None, run_after=None
[2022-10-01T00:20:03.693+0000] {processor.py:161} INFO - Processing /opt/airflow/dags/preparing_motor_data_for_processing.py took 0.132 seconds
[2022-10-01T00:20:34.051+0000] {processor.py:153} INFO - Started process (PID=35874) to work on /opt/airflow/dags/preparing_motor_data_for_processing.py
[2022-10-01T00:20:34.055+0000] {processor.py:640} INFO - Processing file /opt/airflow/dags/preparing_motor_data_for_processing.py for tasks to queue
[2022-10-01T00:20:34.057+0000] {logging_mixin.py:115} INFO - [2022-10-01T00:20:34.057+0000] {dagbag.py:508} INFO - Filling up the DagBag from /opt/airflow/dags/preparing_motor_data_for_processing.py
[2022-10-01T00:20:34.111+0000] {processor.py:650} INFO - DAG(s) dict_keys(['preparing_motor_data_for_processing']) retrieved from /opt/airflow/dags/preparing_motor_data_for_processing.py
[2022-10-01T00:20:34.132+0000] {logging_mixin.py:115} INFO - [2022-10-01T00:20:34.132+0000] {dag.py:2429} INFO - Sync 1 DAGs
[2022-10-01T00:20:34.151+0000] {logging_mixin.py:115} INFO - [2022-10-01T00:20:34.151+0000] {dag.py:2981} INFO - Setting next_dagrun for preparing_motor_data_for_processing to None, run_after=None
[2022-10-01T00:20:34.163+0000] {processor.py:161} INFO - Processing /opt/airflow/dags/preparing_motor_data_for_processing.py took 0.122 seconds
[2022-10-01T00:21:04.445+0000] {processor.py:153} INFO - Started process (PID=35931) to work on /opt/airflow/dags/preparing_motor_data_for_processing.py
[2022-10-01T00:21:04.449+0000] {processor.py:640} INFO - Processing file /opt/airflow/dags/preparing_motor_data_for_processing.py for tasks to queue
[2022-10-01T00:21:04.452+0000] {logging_mixin.py:115} INFO - [2022-10-01T00:21:04.452+0000] {dagbag.py:508} INFO - Filling up the DagBag from /opt/airflow/dags/preparing_motor_data_for_processing.py
[2022-10-01T00:21:04.529+0000] {processor.py:650} INFO - DAG(s) dict_keys(['preparing_motor_data_for_processing']) retrieved from /opt/airflow/dags/preparing_motor_data_for_processing.py
[2022-10-01T00:21:04.552+0000] {logging_mixin.py:115} INFO - [2022-10-01T00:21:04.552+0000] {dag.py:2429} INFO - Sync 1 DAGs
[2022-10-01T00:21:04.580+0000] {logging_mixin.py:115} INFO - [2022-10-01T00:21:04.580+0000] {dag.py:2981} INFO - Setting next_dagrun for preparing_motor_data_for_processing to None, run_after=None
[2022-10-01T00:21:04.592+0000] {processor.py:161} INFO - Processing /opt/airflow/dags/preparing_motor_data_for_processing.py took 0.160 seconds
[2022-10-01T00:21:35.041+0000] {processor.py:153} INFO - Started process (PID=35996) to work on /opt/airflow/dags/preparing_motor_data_for_processing.py
[2022-10-01T00:21:35.044+0000] {processor.py:640} INFO - Processing file /opt/airflow/dags/preparing_motor_data_for_processing.py for tasks to queue
[2022-10-01T00:21:35.046+0000] {logging_mixin.py:115} INFO - [2022-10-01T00:21:35.046+0000] {dagbag.py:508} INFO - Filling up the DagBag from /opt/airflow/dags/preparing_motor_data_for_processing.py
[2022-10-01T00:21:35.122+0000] {processor.py:650} INFO - DAG(s) dict_keys(['preparing_motor_data_for_processing']) retrieved from /opt/airflow/dags/preparing_motor_data_for_processing.py
[2022-10-01T00:21:35.145+0000] {logging_mixin.py:115} INFO - [2022-10-01T00:21:35.145+0000] {dag.py:2429} INFO - Sync 1 DAGs
[2022-10-01T00:21:35.168+0000] {logging_mixin.py:115} INFO - [2022-10-01T00:21:35.168+0000] {dag.py:2981} INFO - Setting next_dagrun for preparing_motor_data_for_processing to None, run_after=None
[2022-10-01T00:21:35.178+0000] {processor.py:161} INFO - Processing /opt/airflow/dags/preparing_motor_data_for_processing.py took 0.143 seconds
[2022-10-01T00:22:05.462+0000] {processor.py:153} INFO - Started process (PID=36062) to work on /opt/airflow/dags/preparing_motor_data_for_processing.py
[2022-10-01T00:22:05.465+0000] {processor.py:640} INFO - Processing file /opt/airflow/dags/preparing_motor_data_for_processing.py for tasks to queue
[2022-10-01T00:22:05.466+0000] {logging_mixin.py:115} INFO - [2022-10-01T00:22:05.466+0000] {dagbag.py:508} INFO - Filling up the DagBag from /opt/airflow/dags/preparing_motor_data_for_processing.py
[2022-10-01T00:22:05.512+0000] {processor.py:650} INFO - DAG(s) dict_keys(['preparing_motor_data_for_processing']) retrieved from /opt/airflow/dags/preparing_motor_data_for_processing.py
[2022-10-01T00:22:05.529+0000] {logging_mixin.py:115} INFO - [2022-10-01T00:22:05.529+0000] {dag.py:2429} INFO - Sync 1 DAGs
[2022-10-01T00:22:05.546+0000] {logging_mixin.py:115} INFO - [2022-10-01T00:22:05.546+0000] {dag.py:2981} INFO - Setting next_dagrun for preparing_motor_data_for_processing to None, run_after=None
[2022-10-01T00:22:05.555+0000] {processor.py:161} INFO - Processing /opt/airflow/dags/preparing_motor_data_for_processing.py took 0.099 seconds
[2022-10-01T00:22:35.768+0000] {processor.py:153} INFO - Started process (PID=36128) to work on /opt/airflow/dags/preparing_motor_data_for_processing.py
[2022-10-01T00:22:35.770+0000] {processor.py:640} INFO - Processing file /opt/airflow/dags/preparing_motor_data_for_processing.py for tasks to queue
[2022-10-01T00:22:35.771+0000] {logging_mixin.py:115} INFO - [2022-10-01T00:22:35.771+0000] {dagbag.py:508} INFO - Filling up the DagBag from /opt/airflow/dags/preparing_motor_data_for_processing.py
[2022-10-01T00:22:35.842+0000] {processor.py:650} INFO - DAG(s) dict_keys(['preparing_motor_data_for_processing']) retrieved from /opt/airflow/dags/preparing_motor_data_for_processing.py
[2022-10-01T00:22:35.867+0000] {logging_mixin.py:115} INFO - [2022-10-01T00:22:35.867+0000] {dag.py:2429} INFO - Sync 1 DAGs
[2022-10-01T00:22:35.900+0000] {logging_mixin.py:115} INFO - [2022-10-01T00:22:35.900+0000] {dag.py:2981} INFO - Setting next_dagrun for preparing_motor_data_for_processing to None, run_after=None
[2022-10-01T00:22:35.910+0000] {processor.py:161} INFO - Processing /opt/airflow/dags/preparing_motor_data_for_processing.py took 0.147 seconds
[2022-10-01T00:23:06.161+0000] {processor.py:153} INFO - Started process (PID=36185) to work on /opt/airflow/dags/preparing_motor_data_for_processing.py
[2022-10-01T00:23:06.163+0000] {processor.py:640} INFO - Processing file /opt/airflow/dags/preparing_motor_data_for_processing.py for tasks to queue
[2022-10-01T00:23:06.165+0000] {logging_mixin.py:115} INFO - [2022-10-01T00:23:06.165+0000] {dagbag.py:508} INFO - Filling up the DagBag from /opt/airflow/dags/preparing_motor_data_for_processing.py
[2022-10-01T00:23:06.223+0000] {processor.py:650} INFO - DAG(s) dict_keys(['preparing_motor_data_for_processing']) retrieved from /opt/airflow/dags/preparing_motor_data_for_processing.py
[2022-10-01T00:23:06.238+0000] {logging_mixin.py:115} INFO - [2022-10-01T00:23:06.238+0000] {dag.py:2429} INFO - Sync 1 DAGs
[2022-10-01T00:23:06.260+0000] {logging_mixin.py:115} INFO - [2022-10-01T00:23:06.260+0000] {dag.py:2981} INFO - Setting next_dagrun for preparing_motor_data_for_processing to None, run_after=None
[2022-10-01T00:23:06.268+0000] {processor.py:161} INFO - Processing /opt/airflow/dags/preparing_motor_data_for_processing.py took 0.115 seconds
[2022-10-01T00:23:36.775+0000] {processor.py:153} INFO - Started process (PID=36252) to work on /opt/airflow/dags/preparing_motor_data_for_processing.py
[2022-10-01T00:23:36.777+0000] {processor.py:640} INFO - Processing file /opt/airflow/dags/preparing_motor_data_for_processing.py for tasks to queue
[2022-10-01T00:23:36.779+0000] {logging_mixin.py:115} INFO - [2022-10-01T00:23:36.779+0000] {dagbag.py:508} INFO - Filling up the DagBag from /opt/airflow/dags/preparing_motor_data_for_processing.py
[2022-10-01T00:23:36.832+0000] {processor.py:650} INFO - DAG(s) dict_keys(['preparing_motor_data_for_processing']) retrieved from /opt/airflow/dags/preparing_motor_data_for_processing.py
[2022-10-01T00:23:36.862+0000] {logging_mixin.py:115} INFO - [2022-10-01T00:23:36.861+0000] {dag.py:2429} INFO - Sync 1 DAGs
[2022-10-01T00:23:36.885+0000] {logging_mixin.py:115} INFO - [2022-10-01T00:23:36.885+0000] {dag.py:2981} INFO - Setting next_dagrun for preparing_motor_data_for_processing to None, run_after=None
[2022-10-01T00:23:36.897+0000] {processor.py:161} INFO - Processing /opt/airflow/dags/preparing_motor_data_for_processing.py took 0.126 seconds
[2022-10-01T00:24:07.050+0000] {processor.py:153} INFO - Started process (PID=36320) to work on /opt/airflow/dags/preparing_motor_data_for_processing.py
[2022-10-01T00:24:07.052+0000] {processor.py:640} INFO - Processing file /opt/airflow/dags/preparing_motor_data_for_processing.py for tasks to queue
[2022-10-01T00:24:07.054+0000] {logging_mixin.py:115} INFO - [2022-10-01T00:24:07.054+0000] {dagbag.py:508} INFO - Filling up the DagBag from /opt/airflow/dags/preparing_motor_data_for_processing.py
[2022-10-01T00:24:07.110+0000] {processor.py:650} INFO - DAG(s) dict_keys(['preparing_motor_data_for_processing']) retrieved from /opt/airflow/dags/preparing_motor_data_for_processing.py
[2022-10-01T00:24:07.128+0000] {logging_mixin.py:115} INFO - [2022-10-01T00:24:07.128+0000] {dag.py:2429} INFO - Sync 1 DAGs
[2022-10-01T00:24:07.146+0000] {logging_mixin.py:115} INFO - [2022-10-01T00:24:07.146+0000] {dag.py:2981} INFO - Setting next_dagrun for preparing_motor_data_for_processing to None, run_after=None
[2022-10-01T00:24:07.155+0000] {processor.py:161} INFO - Processing /opt/airflow/dags/preparing_motor_data_for_processing.py took 0.113 seconds
[2022-10-01T00:24:37.429+0000] {processor.py:153} INFO - Started process (PID=36377) to work on /opt/airflow/dags/preparing_motor_data_for_processing.py
[2022-10-01T00:24:37.433+0000] {processor.py:640} INFO - Processing file /opt/airflow/dags/preparing_motor_data_for_processing.py for tasks to queue
[2022-10-01T00:24:37.435+0000] {logging_mixin.py:115} INFO - [2022-10-01T00:24:37.435+0000] {dagbag.py:508} INFO - Filling up the DagBag from /opt/airflow/dags/preparing_motor_data_for_processing.py
[2022-10-01T00:24:37.501+0000] {processor.py:650} INFO - DAG(s) dict_keys(['preparing_motor_data_for_processing']) retrieved from /opt/airflow/dags/preparing_motor_data_for_processing.py
[2022-10-01T00:24:37.532+0000] {logging_mixin.py:115} INFO - [2022-10-01T00:24:37.532+0000] {dag.py:2429} INFO - Sync 1 DAGs
[2022-10-01T00:24:37.556+0000] {logging_mixin.py:115} INFO - [2022-10-01T00:24:37.556+0000] {dag.py:2981} INFO - Setting next_dagrun for preparing_motor_data_for_processing to None, run_after=None
[2022-10-01T00:24:37.566+0000] {processor.py:161} INFO - Processing /opt/airflow/dags/preparing_motor_data_for_processing.py took 0.142 seconds
[2022-10-01T00:25:08.284+0000] {processor.py:153} INFO - Started process (PID=36443) to work on /opt/airflow/dags/preparing_motor_data_for_processing.py
[2022-10-01T00:25:08.287+0000] {processor.py:640} INFO - Processing file /opt/airflow/dags/preparing_motor_data_for_processing.py for tasks to queue
[2022-10-01T00:25:08.289+0000] {logging_mixin.py:115} INFO - [2022-10-01T00:25:08.289+0000] {dagbag.py:508} INFO - Filling up the DagBag from /opt/airflow/dags/preparing_motor_data_for_processing.py
[2022-10-01T00:25:08.358+0000] {processor.py:650} INFO - DAG(s) dict_keys(['preparing_motor_data_for_processing']) retrieved from /opt/airflow/dags/preparing_motor_data_for_processing.py
[2022-10-01T00:25:08.378+0000] {logging_mixin.py:115} INFO - [2022-10-01T00:25:08.378+0000] {dag.py:2429} INFO - Sync 1 DAGs
[2022-10-01T00:25:08.415+0000] {logging_mixin.py:115} INFO - [2022-10-01T00:25:08.415+0000] {dag.py:2981} INFO - Setting next_dagrun for preparing_motor_data_for_processing to None, run_after=None
[2022-10-01T00:25:08.424+0000] {processor.py:161} INFO - Processing /opt/airflow/dags/preparing_motor_data_for_processing.py took 0.147 seconds
[2022-10-01T00:25:38.613+0000] {processor.py:153} INFO - Started process (PID=36509) to work on /opt/airflow/dags/preparing_motor_data_for_processing.py
[2022-10-01T00:25:38.628+0000] {processor.py:640} INFO - Processing file /opt/airflow/dags/preparing_motor_data_for_processing.py for tasks to queue
[2022-10-01T00:25:38.630+0000] {logging_mixin.py:115} INFO - [2022-10-01T00:25:38.630+0000] {dagbag.py:508} INFO - Filling up the DagBag from /opt/airflow/dags/preparing_motor_data_for_processing.py
[2022-10-01T00:25:38.693+0000] {processor.py:650} INFO - DAG(s) dict_keys(['preparing_motor_data_for_processing']) retrieved from /opt/airflow/dags/preparing_motor_data_for_processing.py
[2022-10-01T00:25:38.714+0000] {logging_mixin.py:115} INFO - [2022-10-01T00:25:38.713+0000] {dag.py:2429} INFO - Sync 1 DAGs
[2022-10-01T00:25:38.762+0000] {logging_mixin.py:115} INFO - [2022-10-01T00:25:38.762+0000] {dag.py:2981} INFO - Setting next_dagrun for preparing_motor_data_for_processing to None, run_after=None
[2022-10-01T00:25:38.774+0000] {processor.py:161} INFO - Processing /opt/airflow/dags/preparing_motor_data_for_processing.py took 0.167 seconds
[2022-10-01T00:26:08.900+0000] {processor.py:153} INFO - Started process (PID=36566) to work on /opt/airflow/dags/preparing_motor_data_for_processing.py
[2022-10-01T00:26:08.910+0000] {processor.py:640} INFO - Processing file /opt/airflow/dags/preparing_motor_data_for_processing.py for tasks to queue
[2022-10-01T00:26:08.919+0000] {logging_mixin.py:115} INFO - [2022-10-01T00:26:08.919+0000] {dagbag.py:508} INFO - Filling up the DagBag from /opt/airflow/dags/preparing_motor_data_for_processing.py
[2022-10-01T00:26:08.989+0000] {processor.py:650} INFO - DAG(s) dict_keys(['preparing_motor_data_for_processing']) retrieved from /opt/airflow/dags/preparing_motor_data_for_processing.py
[2022-10-01T00:26:09.008+0000] {logging_mixin.py:115} INFO - [2022-10-01T00:26:09.008+0000] {dag.py:2429} INFO - Sync 1 DAGs
[2022-10-01T00:26:09.029+0000] {logging_mixin.py:115} INFO - [2022-10-01T00:26:09.028+0000] {dag.py:2981} INFO - Setting next_dagrun for preparing_motor_data_for_processing to None, run_after=None
[2022-10-01T00:26:09.038+0000] {processor.py:161} INFO - Processing /opt/airflow/dags/preparing_motor_data_for_processing.py took 0.158 seconds
[2022-10-01T00:26:39.418+0000] {processor.py:153} INFO - Started process (PID=36632) to work on /opt/airflow/dags/preparing_motor_data_for_processing.py
[2022-10-01T00:26:39.420+0000] {processor.py:640} INFO - Processing file /opt/airflow/dags/preparing_motor_data_for_processing.py for tasks to queue
[2022-10-01T00:26:39.422+0000] {logging_mixin.py:115} INFO - [2022-10-01T00:26:39.422+0000] {dagbag.py:508} INFO - Filling up the DagBag from /opt/airflow/dags/preparing_motor_data_for_processing.py
[2022-10-01T00:26:39.501+0000] {processor.py:650} INFO - DAG(s) dict_keys(['preparing_motor_data_for_processing']) retrieved from /opt/airflow/dags/preparing_motor_data_for_processing.py
[2022-10-01T00:26:39.520+0000] {logging_mixin.py:115} INFO - [2022-10-01T00:26:39.520+0000] {dag.py:2429} INFO - Sync 1 DAGs
[2022-10-01T00:26:39.540+0000] {logging_mixin.py:115} INFO - [2022-10-01T00:26:39.540+0000] {dag.py:2981} INFO - Setting next_dagrun for preparing_motor_data_for_processing to None, run_after=None
[2022-10-01T00:26:39.549+0000] {processor.py:161} INFO - Processing /opt/airflow/dags/preparing_motor_data_for_processing.py took 0.136 seconds
[2022-10-01T00:27:09.658+0000] {processor.py:153} INFO - Started process (PID=36697) to work on /opt/airflow/dags/preparing_motor_data_for_processing.py
[2022-10-01T00:27:09.664+0000] {processor.py:640} INFO - Processing file /opt/airflow/dags/preparing_motor_data_for_processing.py for tasks to queue
[2022-10-01T00:27:09.666+0000] {logging_mixin.py:115} INFO - [2022-10-01T00:27:09.666+0000] {dagbag.py:508} INFO - Filling up the DagBag from /opt/airflow/dags/preparing_motor_data_for_processing.py
[2022-10-01T00:27:09.752+0000] {processor.py:650} INFO - DAG(s) dict_keys(['preparing_motor_data_for_processing']) retrieved from /opt/airflow/dags/preparing_motor_data_for_processing.py
[2022-10-01T00:27:09.783+0000] {logging_mixin.py:115} INFO - [2022-10-01T00:27:09.783+0000] {dag.py:2429} INFO - Sync 1 DAGs
[2022-10-01T00:27:09.801+0000] {logging_mixin.py:115} INFO - [2022-10-01T00:27:09.801+0000] {dag.py:2981} INFO - Setting next_dagrun for preparing_motor_data_for_processing to None, run_after=None
[2022-10-01T00:27:09.810+0000] {processor.py:161} INFO - Processing /opt/airflow/dags/preparing_motor_data_for_processing.py took 0.169 seconds
[2022-10-01T00:27:40.208+0000] {processor.py:153} INFO - Started process (PID=36754) to work on /opt/airflow/dags/preparing_motor_data_for_processing.py
[2022-10-01T00:27:40.215+0000] {processor.py:640} INFO - Processing file /opt/airflow/dags/preparing_motor_data_for_processing.py for tasks to queue
[2022-10-01T00:27:40.217+0000] {logging_mixin.py:115} INFO - [2022-10-01T00:27:40.216+0000] {dagbag.py:508} INFO - Filling up the DagBag from /opt/airflow/dags/preparing_motor_data_for_processing.py
[2022-10-01T00:27:40.312+0000] {processor.py:650} INFO - DAG(s) dict_keys(['preparing_motor_data_for_processing']) retrieved from /opt/airflow/dags/preparing_motor_data_for_processing.py
[2022-10-01T00:27:40.334+0000] {logging_mixin.py:115} INFO - [2022-10-01T00:27:40.334+0000] {dag.py:2429} INFO - Sync 1 DAGs
[2022-10-01T00:27:40.350+0000] {logging_mixin.py:115} INFO - [2022-10-01T00:27:40.350+0000] {dag.py:2981} INFO - Setting next_dagrun for preparing_motor_data_for_processing to None, run_after=None
[2022-10-01T00:27:40.360+0000] {processor.py:161} INFO - Processing /opt/airflow/dags/preparing_motor_data_for_processing.py took 0.164 seconds
[2022-10-01T00:28:11.066+0000] {processor.py:153} INFO - Started process (PID=36820) to work on /opt/airflow/dags/preparing_motor_data_for_processing.py
[2022-10-01T00:28:11.074+0000] {processor.py:640} INFO - Processing file /opt/airflow/dags/preparing_motor_data_for_processing.py for tasks to queue
[2022-10-01T00:28:11.080+0000] {logging_mixin.py:115} INFO - [2022-10-01T00:28:11.080+0000] {dagbag.py:508} INFO - Filling up the DagBag from /opt/airflow/dags/preparing_motor_data_for_processing.py
[2022-10-01T00:28:11.159+0000] {processor.py:650} INFO - DAG(s) dict_keys(['preparing_motor_data_for_processing']) retrieved from /opt/airflow/dags/preparing_motor_data_for_processing.py
[2022-10-01T00:28:11.174+0000] {logging_mixin.py:115} INFO - [2022-10-01T00:28:11.174+0000] {dag.py:2429} INFO - Sync 1 DAGs
[2022-10-01T00:28:11.194+0000] {logging_mixin.py:115} INFO - [2022-10-01T00:28:11.194+0000] {dag.py:2981} INFO - Setting next_dagrun for preparing_motor_data_for_processing to None, run_after=None
[2022-10-01T00:28:11.203+0000] {processor.py:161} INFO - Processing /opt/airflow/dags/preparing_motor_data_for_processing.py took 0.145 seconds
[2022-10-01T00:28:41.667+0000] {processor.py:153} INFO - Started process (PID=36886) to work on /opt/airflow/dags/preparing_motor_data_for_processing.py
[2022-10-01T00:28:41.670+0000] {processor.py:640} INFO - Processing file /opt/airflow/dags/preparing_motor_data_for_processing.py for tasks to queue
[2022-10-01T00:28:41.671+0000] {logging_mixin.py:115} INFO - [2022-10-01T00:28:41.671+0000] {dagbag.py:508} INFO - Filling up the DagBag from /opt/airflow/dags/preparing_motor_data_for_processing.py
[2022-10-01T00:28:41.711+0000] {processor.py:650} INFO - DAG(s) dict_keys(['preparing_motor_data_for_processing']) retrieved from /opt/airflow/dags/preparing_motor_data_for_processing.py
[2022-10-01T00:28:41.730+0000] {logging_mixin.py:115} INFO - [2022-10-01T00:28:41.730+0000] {dag.py:2429} INFO - Sync 1 DAGs
[2022-10-01T00:28:41.751+0000] {logging_mixin.py:115} INFO - [2022-10-01T00:28:41.751+0000] {dag.py:2981} INFO - Setting next_dagrun for preparing_motor_data_for_processing to None, run_after=None
[2022-10-01T00:28:41.761+0000] {processor.py:161} INFO - Processing /opt/airflow/dags/preparing_motor_data_for_processing.py took 0.100 seconds
[2022-10-01T00:29:12.077+0000] {processor.py:153} INFO - Started process (PID=36952) to work on /opt/airflow/dags/preparing_motor_data_for_processing.py
[2022-10-01T00:29:12.081+0000] {processor.py:640} INFO - Processing file /opt/airflow/dags/preparing_motor_data_for_processing.py for tasks to queue
[2022-10-01T00:29:12.083+0000] {logging_mixin.py:115} INFO - [2022-10-01T00:29:12.083+0000] {dagbag.py:508} INFO - Filling up the DagBag from /opt/airflow/dags/preparing_motor_data_for_processing.py
[2022-10-01T00:29:12.187+0000] {processor.py:650} INFO - DAG(s) dict_keys(['preparing_motor_data_for_processing']) retrieved from /opt/airflow/dags/preparing_motor_data_for_processing.py
[2022-10-01T00:29:12.217+0000] {logging_mixin.py:115} INFO - [2022-10-01T00:29:12.217+0000] {dag.py:2429} INFO - Sync 1 DAGs
[2022-10-01T00:29:12.260+0000] {logging_mixin.py:115} INFO - [2022-10-01T00:29:12.260+0000] {dag.py:2981} INFO - Setting next_dagrun for preparing_motor_data_for_processing to None, run_after=None
[2022-10-01T00:29:12.275+0000] {processor.py:161} INFO - Processing /opt/airflow/dags/preparing_motor_data_for_processing.py took 0.226 seconds
[2022-10-01T00:29:42.733+0000] {processor.py:153} INFO - Started process (PID=37009) to work on /opt/airflow/dags/preparing_motor_data_for_processing.py
[2022-10-01T00:29:42.736+0000] {processor.py:640} INFO - Processing file /opt/airflow/dags/preparing_motor_data_for_processing.py for tasks to queue
[2022-10-01T00:29:42.738+0000] {logging_mixin.py:115} INFO - [2022-10-01T00:29:42.738+0000] {dagbag.py:508} INFO - Filling up the DagBag from /opt/airflow/dags/preparing_motor_data_for_processing.py
[2022-10-01T00:29:42.807+0000] {processor.py:650} INFO - DAG(s) dict_keys(['preparing_motor_data_for_processing']) retrieved from /opt/airflow/dags/preparing_motor_data_for_processing.py
[2022-10-01T00:29:42.827+0000] {logging_mixin.py:115} INFO - [2022-10-01T00:29:42.827+0000] {dag.py:2429} INFO - Sync 1 DAGs
[2022-10-01T00:29:42.851+0000] {logging_mixin.py:115} INFO - [2022-10-01T00:29:42.850+0000] {dag.py:2981} INFO - Setting next_dagrun for preparing_motor_data_for_processing to None, run_after=None
[2022-10-01T00:29:42.873+0000] {processor.py:161} INFO - Processing /opt/airflow/dags/preparing_motor_data_for_processing.py took 0.149 seconds
[2022-10-01T00:30:13.560+0000] {processor.py:153} INFO - Started process (PID=37074) to work on /opt/airflow/dags/preparing_motor_data_for_processing.py
[2022-10-01T00:30:13.562+0000] {processor.py:640} INFO - Processing file /opt/airflow/dags/preparing_motor_data_for_processing.py for tasks to queue
[2022-10-01T00:30:13.563+0000] {logging_mixin.py:115} INFO - [2022-10-01T00:30:13.563+0000] {dagbag.py:508} INFO - Filling up the DagBag from /opt/airflow/dags/preparing_motor_data_for_processing.py
[2022-10-01T00:30:13.642+0000] {processor.py:650} INFO - DAG(s) dict_keys(['preparing_motor_data_for_processing']) retrieved from /opt/airflow/dags/preparing_motor_data_for_processing.py
[2022-10-01T00:30:13.664+0000] {logging_mixin.py:115} INFO - [2022-10-01T00:30:13.664+0000] {dag.py:2429} INFO - Sync 1 DAGs
[2022-10-01T00:30:13.690+0000] {logging_mixin.py:115} INFO - [2022-10-01T00:30:13.690+0000] {dag.py:2981} INFO - Setting next_dagrun for preparing_motor_data_for_processing to None, run_after=None
[2022-10-01T00:30:13.700+0000] {processor.py:161} INFO - Processing /opt/airflow/dags/preparing_motor_data_for_processing.py took 0.150 seconds
[2022-10-01T00:30:43.893+0000] {processor.py:153} INFO - Started process (PID=37140) to work on /opt/airflow/dags/preparing_motor_data_for_processing.py
[2022-10-01T00:30:43.898+0000] {processor.py:640} INFO - Processing file /opt/airflow/dags/preparing_motor_data_for_processing.py for tasks to queue
[2022-10-01T00:30:43.901+0000] {logging_mixin.py:115} INFO - [2022-10-01T00:30:43.901+0000] {dagbag.py:508} INFO - Filling up the DagBag from /opt/airflow/dags/preparing_motor_data_for_processing.py
[2022-10-01T00:30:43.974+0000] {processor.py:650} INFO - DAG(s) dict_keys(['preparing_motor_data_for_processing']) retrieved from /opt/airflow/dags/preparing_motor_data_for_processing.py
[2022-10-01T00:30:43.992+0000] {logging_mixin.py:115} INFO - [2022-10-01T00:30:43.992+0000] {dag.py:2429} INFO - Sync 1 DAGs
[2022-10-01T00:30:44.022+0000] {logging_mixin.py:115} INFO - [2022-10-01T00:30:44.022+0000] {dag.py:2981} INFO - Setting next_dagrun for preparing_motor_data_for_processing to None, run_after=None
[2022-10-01T00:30:44.034+0000] {processor.py:161} INFO - Processing /opt/airflow/dags/preparing_motor_data_for_processing.py took 0.144 seconds
[2022-10-01T00:31:14.236+0000] {processor.py:153} INFO - Started process (PID=37197) to work on /opt/airflow/dags/preparing_motor_data_for_processing.py
[2022-10-01T00:31:14.244+0000] {processor.py:640} INFO - Processing file /opt/airflow/dags/preparing_motor_data_for_processing.py for tasks to queue
[2022-10-01T00:31:14.246+0000] {logging_mixin.py:115} INFO - [2022-10-01T00:31:14.246+0000] {dagbag.py:508} INFO - Filling up the DagBag from /opt/airflow/dags/preparing_motor_data_for_processing.py
[2022-10-01T00:31:14.377+0000] {processor.py:650} INFO - DAG(s) dict_keys(['preparing_motor_data_for_processing']) retrieved from /opt/airflow/dags/preparing_motor_data_for_processing.py
[2022-10-01T00:31:14.414+0000] {logging_mixin.py:115} INFO - [2022-10-01T00:31:14.414+0000] {dag.py:2429} INFO - Sync 1 DAGs
[2022-10-01T00:31:14.446+0000] {logging_mixin.py:115} INFO - [2022-10-01T00:31:14.446+0000] {dag.py:2981} INFO - Setting next_dagrun for preparing_motor_data_for_processing to None, run_after=None
[2022-10-01T00:31:14.466+0000] {processor.py:161} INFO - Processing /opt/airflow/dags/preparing_motor_data_for_processing.py took 0.243 seconds
[2022-10-01T00:31:45.034+0000] {processor.py:153} INFO - Started process (PID=37263) to work on /opt/airflow/dags/preparing_motor_data_for_processing.py
[2022-10-01T00:31:45.037+0000] {processor.py:640} INFO - Processing file /opt/airflow/dags/preparing_motor_data_for_processing.py for tasks to queue
[2022-10-01T00:31:45.039+0000] {logging_mixin.py:115} INFO - [2022-10-01T00:31:45.039+0000] {dagbag.py:508} INFO - Filling up the DagBag from /opt/airflow/dags/preparing_motor_data_for_processing.py
[2022-10-01T00:31:45.114+0000] {processor.py:650} INFO - DAG(s) dict_keys(['preparing_motor_data_for_processing']) retrieved from /opt/airflow/dags/preparing_motor_data_for_processing.py
[2022-10-01T00:31:45.137+0000] {logging_mixin.py:115} INFO - [2022-10-01T00:31:45.136+0000] {dag.py:2429} INFO - Sync 1 DAGs
[2022-10-01T00:31:45.160+0000] {logging_mixin.py:115} INFO - [2022-10-01T00:31:45.160+0000] {dag.py:2981} INFO - Setting next_dagrun for preparing_motor_data_for_processing to None, run_after=None
[2022-10-01T00:31:45.174+0000] {processor.py:161} INFO - Processing /opt/airflow/dags/preparing_motor_data_for_processing.py took 0.147 seconds
[2022-10-01T00:32:15.336+0000] {processor.py:153} INFO - Started process (PID=37329) to work on /opt/airflow/dags/preparing_motor_data_for_processing.py
[2022-10-01T00:32:15.338+0000] {processor.py:640} INFO - Processing file /opt/airflow/dags/preparing_motor_data_for_processing.py for tasks to queue
[2022-10-01T00:32:15.340+0000] {logging_mixin.py:115} INFO - [2022-10-01T00:32:15.340+0000] {dagbag.py:508} INFO - Filling up the DagBag from /opt/airflow/dags/preparing_motor_data_for_processing.py
[2022-10-01T00:32:15.467+0000] {processor.py:650} INFO - DAG(s) dict_keys(['preparing_motor_data_for_processing']) retrieved from /opt/airflow/dags/preparing_motor_data_for_processing.py
[2022-10-01T00:32:15.498+0000] {logging_mixin.py:115} INFO - [2022-10-01T00:32:15.498+0000] {dag.py:2429} INFO - Sync 1 DAGs
[2022-10-01T00:32:15.535+0000] {logging_mixin.py:115} INFO - [2022-10-01T00:32:15.535+0000] {dag.py:2981} INFO - Setting next_dagrun for preparing_motor_data_for_processing to None, run_after=None
[2022-10-01T00:32:15.550+0000] {processor.py:161} INFO - Processing /opt/airflow/dags/preparing_motor_data_for_processing.py took 0.220 seconds
[2022-10-01T00:32:45.971+0000] {processor.py:153} INFO - Started process (PID=37385) to work on /opt/airflow/dags/preparing_motor_data_for_processing.py
[2022-10-01T00:32:45.975+0000] {processor.py:640} INFO - Processing file /opt/airflow/dags/preparing_motor_data_for_processing.py for tasks to queue
[2022-10-01T00:32:45.978+0000] {logging_mixin.py:115} INFO - [2022-10-01T00:32:45.978+0000] {dagbag.py:508} INFO - Filling up the DagBag from /opt/airflow/dags/preparing_motor_data_for_processing.py
[2022-10-01T00:32:46.303+0000] {processor.py:650} INFO - DAG(s) dict_keys(['preparing_motor_data_for_processing']) retrieved from /opt/airflow/dags/preparing_motor_data_for_processing.py
[2022-10-01T00:32:46.383+0000] {logging_mixin.py:115} INFO - [2022-10-01T00:32:46.382+0000] {dag.py:2429} INFO - Sync 1 DAGs
[2022-10-01T00:32:46.432+0000] {logging_mixin.py:115} INFO - [2022-10-01T00:32:46.432+0000] {dag.py:2981} INFO - Setting next_dagrun for preparing_motor_data_for_processing to None, run_after=None
[2022-10-01T00:32:46.470+0000] {processor.py:161} INFO - Processing /opt/airflow/dags/preparing_motor_data_for_processing.py took 0.519 seconds
[2022-10-01T00:33:16.694+0000] {processor.py:153} INFO - Started process (PID=37451) to work on /opt/airflow/dags/preparing_motor_data_for_processing.py
[2022-10-01T00:33:16.699+0000] {processor.py:640} INFO - Processing file /opt/airflow/dags/preparing_motor_data_for_processing.py for tasks to queue
[2022-10-01T00:33:16.701+0000] {logging_mixin.py:115} INFO - [2022-10-01T00:33:16.701+0000] {dagbag.py:508} INFO - Filling up the DagBag from /opt/airflow/dags/preparing_motor_data_for_processing.py
[2022-10-01T00:33:16.835+0000] {processor.py:650} INFO - DAG(s) dict_keys(['preparing_motor_data_for_processing']) retrieved from /opt/airflow/dags/preparing_motor_data_for_processing.py
[2022-10-01T00:33:16.861+0000] {logging_mixin.py:115} INFO - [2022-10-01T00:33:16.861+0000] {dag.py:2429} INFO - Sync 1 DAGs
[2022-10-01T00:33:16.903+0000] {logging_mixin.py:115} INFO - [2022-10-01T00:33:16.902+0000] {dag.py:2981} INFO - Setting next_dagrun for preparing_motor_data_for_processing to None, run_after=None
[2022-10-01T00:33:16.919+0000] {processor.py:161} INFO - Processing /opt/airflow/dags/preparing_motor_data_for_processing.py took 0.237 seconds
[2022-10-01T00:33:47.130+0000] {processor.py:153} INFO - Started process (PID=37506) to work on /opt/airflow/dags/preparing_motor_data_for_processing.py
[2022-10-01T00:33:47.134+0000] {processor.py:640} INFO - Processing file /opt/airflow/dags/preparing_motor_data_for_processing.py for tasks to queue
[2022-10-01T00:33:47.136+0000] {logging_mixin.py:115} INFO - [2022-10-01T00:33:47.136+0000] {dagbag.py:508} INFO - Filling up the DagBag from /opt/airflow/dags/preparing_motor_data_for_processing.py
[2022-10-01T00:33:47.236+0000] {processor.py:650} INFO - DAG(s) dict_keys(['preparing_motor_data_for_processing']) retrieved from /opt/airflow/dags/preparing_motor_data_for_processing.py
[2022-10-01T00:33:47.273+0000] {logging_mixin.py:115} INFO - [2022-10-01T00:33:47.273+0000] {dag.py:2429} INFO - Sync 1 DAGs
[2022-10-01T00:33:47.311+0000] {logging_mixin.py:115} INFO - [2022-10-01T00:33:47.310+0000] {dag.py:2981} INFO - Setting next_dagrun for preparing_motor_data_for_processing to None, run_after=None
[2022-10-01T00:33:47.329+0000] {processor.py:161} INFO - Processing /opt/airflow/dags/preparing_motor_data_for_processing.py took 0.207 seconds
[2022-10-01T00:34:17.948+0000] {processor.py:153} INFO - Started process (PID=37573) to work on /opt/airflow/dags/preparing_motor_data_for_processing.py
[2022-10-01T00:34:17.951+0000] {processor.py:640} INFO - Processing file /opt/airflow/dags/preparing_motor_data_for_processing.py for tasks to queue
[2022-10-01T00:34:17.956+0000] {logging_mixin.py:115} INFO - [2022-10-01T00:34:17.955+0000] {dagbag.py:508} INFO - Filling up the DagBag from /opt/airflow/dags/preparing_motor_data_for_processing.py
[2022-10-01T00:34:18.126+0000] {processor.py:650} INFO - DAG(s) dict_keys(['preparing_motor_data_for_processing']) retrieved from /opt/airflow/dags/preparing_motor_data_for_processing.py
[2022-10-01T00:34:18.147+0000] {logging_mixin.py:115} INFO - [2022-10-01T00:34:18.147+0000] {dag.py:2429} INFO - Sync 1 DAGs
[2022-10-01T00:34:18.168+0000] {logging_mixin.py:115} INFO - [2022-10-01T00:34:18.168+0000] {dag.py:2981} INFO - Setting next_dagrun for preparing_motor_data_for_processing to None, run_after=None
[2022-10-01T00:34:18.183+0000] {processor.py:161} INFO - Processing /opt/airflow/dags/preparing_motor_data_for_processing.py took 0.244 seconds
[2022-10-01T00:34:48.731+0000] {processor.py:153} INFO - Started process (PID=37639) to work on /opt/airflow/dags/preparing_motor_data_for_processing.py
[2022-10-01T00:34:48.734+0000] {processor.py:640} INFO - Processing file /opt/airflow/dags/preparing_motor_data_for_processing.py for tasks to queue
[2022-10-01T00:34:48.750+0000] {logging_mixin.py:115} INFO - [2022-10-01T00:34:48.750+0000] {dagbag.py:508} INFO - Filling up the DagBag from /opt/airflow/dags/preparing_motor_data_for_processing.py
[2022-10-01T00:34:48.855+0000] {processor.py:650} INFO - DAG(s) dict_keys(['preparing_motor_data_for_processing']) retrieved from /opt/airflow/dags/preparing_motor_data_for_processing.py
[2022-10-01T00:34:48.889+0000] {logging_mixin.py:115} INFO - [2022-10-01T00:34:48.889+0000] {dag.py:2429} INFO - Sync 1 DAGs
[2022-10-01T00:34:48.925+0000] {logging_mixin.py:115} INFO - [2022-10-01T00:34:48.925+0000] {dag.py:2981} INFO - Setting next_dagrun for preparing_motor_data_for_processing to None, run_after=None
[2022-10-01T00:34:48.946+0000] {processor.py:161} INFO - Processing /opt/airflow/dags/preparing_motor_data_for_processing.py took 0.223 seconds
[2022-10-01T00:35:19.310+0000] {processor.py:153} INFO - Started process (PID=37696) to work on /opt/airflow/dags/preparing_motor_data_for_processing.py
[2022-10-01T00:35:19.315+0000] {processor.py:640} INFO - Processing file /opt/airflow/dags/preparing_motor_data_for_processing.py for tasks to queue
[2022-10-01T00:35:19.318+0000] {logging_mixin.py:115} INFO - [2022-10-01T00:35:19.318+0000] {dagbag.py:508} INFO - Filling up the DagBag from /opt/airflow/dags/preparing_motor_data_for_processing.py
[2022-10-01T00:35:19.455+0000] {processor.py:650} INFO - DAG(s) dict_keys(['preparing_motor_data_for_processing']) retrieved from /opt/airflow/dags/preparing_motor_data_for_processing.py
[2022-10-01T00:35:19.471+0000] {logging_mixin.py:115} INFO - [2022-10-01T00:35:19.471+0000] {dag.py:2429} INFO - Sync 1 DAGs
[2022-10-01T00:35:19.493+0000] {logging_mixin.py:115} INFO - [2022-10-01T00:35:19.493+0000] {dag.py:2981} INFO - Setting next_dagrun for preparing_motor_data_for_processing to None, run_after=None
[2022-10-01T00:35:19.505+0000] {processor.py:161} INFO - Processing /opt/airflow/dags/preparing_motor_data_for_processing.py took 0.216 seconds
[2022-10-01T00:35:50.512+0000] {processor.py:153} INFO - Started process (PID=37763) to work on /opt/airflow/dags/preparing_motor_data_for_processing.py
[2022-10-01T00:35:50.518+0000] {processor.py:640} INFO - Processing file /opt/airflow/dags/preparing_motor_data_for_processing.py for tasks to queue
[2022-10-01T00:35:50.522+0000] {logging_mixin.py:115} INFO - [2022-10-01T00:35:50.522+0000] {dagbag.py:508} INFO - Filling up the DagBag from /opt/airflow/dags/preparing_motor_data_for_processing.py
[2022-10-01T00:35:50.636+0000] {processor.py:650} INFO - DAG(s) dict_keys(['preparing_motor_data_for_processing']) retrieved from /opt/airflow/dags/preparing_motor_data_for_processing.py
[2022-10-01T00:35:50.651+0000] {logging_mixin.py:115} INFO - [2022-10-01T00:35:50.651+0000] {dag.py:2429} INFO - Sync 1 DAGs
[2022-10-01T00:35:50.670+0000] {logging_mixin.py:115} INFO - [2022-10-01T00:35:50.670+0000] {dag.py:2981} INFO - Setting next_dagrun for preparing_motor_data_for_processing to None, run_after=None
[2022-10-01T00:35:50.683+0000] {processor.py:161} INFO - Processing /opt/airflow/dags/preparing_motor_data_for_processing.py took 0.183 seconds
