[2022-10-01T00:00:21.126+0000] {processor.py:153} INFO - Started process (PID=33905) to work on /opt/airflow/dags/transform_and_analysis.py
[2022-10-01T00:00:21.128+0000] {processor.py:640} INFO - Processing file /opt/airflow/dags/transform_and_analysis.py for tasks to queue
[2022-10-01T00:00:21.130+0000] {logging_mixin.py:115} INFO - [2022-10-01T00:00:21.130+0000] {dagbag.py:508} INFO - Filling up the DagBag from /opt/airflow/dags/transform_and_analysis.py
[2022-10-01T00:00:21.141+0000] {processor.py:650} INFO - DAG(s) dict_keys(['2_daily_transformation_analysis']) retrieved from /opt/airflow/dags/transform_and_analysis.py
[2022-10-01T00:00:21.158+0000] {logging_mixin.py:115} INFO - [2022-10-01T00:00:21.158+0000] {dag.py:2429} INFO - Sync 1 DAGs
[2022-10-01T00:00:21.171+0000] {logging_mixin.py:115} INFO - [2022-10-01T00:00:21.171+0000] {dag.py:2981} INFO - Setting next_dagrun for 2_daily_transformation_analysis to 2020-08-01T00:00:00+00:00, run_after=2020-08-01T00:00:00+00:00
[2022-10-01T00:00:21.178+0000] {processor.py:161} INFO - Processing /opt/airflow/dags/transform_and_analysis.py took 0.055 seconds
[2022-10-01T00:00:51.724+0000] {processor.py:153} INFO - Started process (PID=33972) to work on /opt/airflow/dags/transform_and_analysis.py
[2022-10-01T00:00:51.726+0000] {processor.py:640} INFO - Processing file /opt/airflow/dags/transform_and_analysis.py for tasks to queue
[2022-10-01T00:00:51.728+0000] {logging_mixin.py:115} INFO - [2022-10-01T00:00:51.727+0000] {dagbag.py:508} INFO - Filling up the DagBag from /opt/airflow/dags/transform_and_analysis.py
[2022-10-01T00:00:51.739+0000] {processor.py:650} INFO - DAG(s) dict_keys(['2_daily_transformation_analysis']) retrieved from /opt/airflow/dags/transform_and_analysis.py
[2022-10-01T00:00:51.756+0000] {logging_mixin.py:115} INFO - [2022-10-01T00:00:51.756+0000] {dag.py:2429} INFO - Sync 1 DAGs
[2022-10-01T00:00:51.769+0000] {logging_mixin.py:115} INFO - [2022-10-01T00:00:51.769+0000] {dag.py:2981} INFO - Setting next_dagrun for 2_daily_transformation_analysis to 2020-08-01T00:00:00+00:00, run_after=2020-08-01T00:00:00+00:00
[2022-10-01T00:00:51.777+0000] {processor.py:161} INFO - Processing /opt/airflow/dags/transform_and_analysis.py took 0.056 seconds
[2022-10-01T00:01:22.192+0000] {processor.py:153} INFO - Started process (PID=34038) to work on /opt/airflow/dags/transform_and_analysis.py
[2022-10-01T00:01:22.205+0000] {processor.py:640} INFO - Processing file /opt/airflow/dags/transform_and_analysis.py for tasks to queue
[2022-10-01T00:01:22.207+0000] {logging_mixin.py:115} INFO - [2022-10-01T00:01:22.207+0000] {dagbag.py:508} INFO - Filling up the DagBag from /opt/airflow/dags/transform_and_analysis.py
[2022-10-01T00:01:22.223+0000] {processor.py:650} INFO - DAG(s) dict_keys(['2_daily_transformation_analysis']) retrieved from /opt/airflow/dags/transform_and_analysis.py
[2022-10-01T00:01:22.241+0000] {logging_mixin.py:115} INFO - [2022-10-01T00:01:22.241+0000] {dag.py:2429} INFO - Sync 1 DAGs
[2022-10-01T00:01:22.255+0000] {logging_mixin.py:115} INFO - [2022-10-01T00:01:22.255+0000] {dag.py:2981} INFO - Setting next_dagrun for 2_daily_transformation_analysis to 2020-08-01T00:00:00+00:00, run_after=2020-08-01T00:00:00+00:00
[2022-10-01T00:01:22.262+0000] {processor.py:161} INFO - Processing /opt/airflow/dags/transform_and_analysis.py took 0.073 seconds
[2022-10-01T00:01:52.694+0000] {processor.py:153} INFO - Started process (PID=34095) to work on /opt/airflow/dags/transform_and_analysis.py
[2022-10-01T00:01:52.695+0000] {processor.py:640} INFO - Processing file /opt/airflow/dags/transform_and_analysis.py for tasks to queue
[2022-10-01T00:01:52.700+0000] {logging_mixin.py:115} INFO - [2022-10-01T00:01:52.700+0000] {dagbag.py:508} INFO - Filling up the DagBag from /opt/airflow/dags/transform_and_analysis.py
[2022-10-01T00:01:52.725+0000] {processor.py:650} INFO - DAG(s) dict_keys(['2_daily_transformation_analysis']) retrieved from /opt/airflow/dags/transform_and_analysis.py
[2022-10-01T00:01:52.744+0000] {logging_mixin.py:115} INFO - [2022-10-01T00:01:52.743+0000] {dag.py:2429} INFO - Sync 1 DAGs
[2022-10-01T00:01:52.759+0000] {logging_mixin.py:115} INFO - [2022-10-01T00:01:52.759+0000] {dag.py:2981} INFO - Setting next_dagrun for 2_daily_transformation_analysis to 2020-08-01T00:00:00+00:00, run_after=2020-08-01T00:00:00+00:00
[2022-10-01T00:01:52.768+0000] {processor.py:161} INFO - Processing /opt/airflow/dags/transform_and_analysis.py took 0.077 seconds
[2022-10-01T00:02:23.007+0000] {processor.py:153} INFO - Started process (PID=34161) to work on /opt/airflow/dags/transform_and_analysis.py
[2022-10-01T00:02:23.012+0000] {processor.py:640} INFO - Processing file /opt/airflow/dags/transform_and_analysis.py for tasks to queue
[2022-10-01T00:02:23.013+0000] {logging_mixin.py:115} INFO - [2022-10-01T00:02:23.013+0000] {dagbag.py:508} INFO - Filling up the DagBag from /opt/airflow/dags/transform_and_analysis.py
[2022-10-01T00:02:23.025+0000] {processor.py:650} INFO - DAG(s) dict_keys(['2_daily_transformation_analysis']) retrieved from /opt/airflow/dags/transform_and_analysis.py
[2022-10-01T00:02:23.044+0000] {logging_mixin.py:115} INFO - [2022-10-01T00:02:23.044+0000] {dag.py:2429} INFO - Sync 1 DAGs
[2022-10-01T00:02:23.058+0000] {logging_mixin.py:115} INFO - [2022-10-01T00:02:23.058+0000] {dag.py:2981} INFO - Setting next_dagrun for 2_daily_transformation_analysis to 2020-08-01T00:00:00+00:00, run_after=2020-08-01T00:00:00+00:00
[2022-10-01T00:02:23.065+0000] {processor.py:161} INFO - Processing /opt/airflow/dags/transform_and_analysis.py took 0.061 seconds
[2022-10-01T00:02:53.498+0000] {processor.py:153} INFO - Started process (PID=34227) to work on /opt/airflow/dags/transform_and_analysis.py
[2022-10-01T00:02:53.501+0000] {processor.py:640} INFO - Processing file /opt/airflow/dags/transform_and_analysis.py for tasks to queue
[2022-10-01T00:02:53.502+0000] {logging_mixin.py:115} INFO - [2022-10-01T00:02:53.502+0000] {dagbag.py:508} INFO - Filling up the DagBag from /opt/airflow/dags/transform_and_analysis.py
[2022-10-01T00:02:53.514+0000] {processor.py:650} INFO - DAG(s) dict_keys(['2_daily_transformation_analysis']) retrieved from /opt/airflow/dags/transform_and_analysis.py
[2022-10-01T00:02:53.534+0000] {logging_mixin.py:115} INFO - [2022-10-01T00:02:53.534+0000] {dag.py:2429} INFO - Sync 1 DAGs
[2022-10-01T00:02:53.551+0000] {logging_mixin.py:115} INFO - [2022-10-01T00:02:53.551+0000] {dag.py:2981} INFO - Setting next_dagrun for 2_daily_transformation_analysis to 2020-08-01T00:00:00+00:00, run_after=2020-08-01T00:00:00+00:00
[2022-10-01T00:02:53.559+0000] {processor.py:161} INFO - Processing /opt/airflow/dags/transform_and_analysis.py took 0.064 seconds
[2022-10-01T00:03:23.811+0000] {processor.py:153} INFO - Started process (PID=34292) to work on /opt/airflow/dags/transform_and_analysis.py
[2022-10-01T00:03:23.813+0000] {processor.py:640} INFO - Processing file /opt/airflow/dags/transform_and_analysis.py for tasks to queue
[2022-10-01T00:03:23.814+0000] {logging_mixin.py:115} INFO - [2022-10-01T00:03:23.814+0000] {dagbag.py:508} INFO - Filling up the DagBag from /opt/airflow/dags/transform_and_analysis.py
[2022-10-01T00:03:23.825+0000] {processor.py:650} INFO - DAG(s) dict_keys(['2_daily_transformation_analysis']) retrieved from /opt/airflow/dags/transform_and_analysis.py
[2022-10-01T00:03:23.845+0000] {logging_mixin.py:115} INFO - [2022-10-01T00:03:23.845+0000] {dag.py:2429} INFO - Sync 1 DAGs
[2022-10-01T00:03:23.863+0000] {logging_mixin.py:115} INFO - [2022-10-01T00:03:23.863+0000] {dag.py:2981} INFO - Setting next_dagrun for 2_daily_transformation_analysis to 2020-08-01T00:00:00+00:00, run_after=2020-08-01T00:00:00+00:00
[2022-10-01T00:03:23.872+0000] {processor.py:161} INFO - Processing /opt/airflow/dags/transform_and_analysis.py took 0.064 seconds
[2022-10-01T00:03:54.077+0000] {processor.py:153} INFO - Started process (PID=34351) to work on /opt/airflow/dags/transform_and_analysis.py
[2022-10-01T00:03:54.080+0000] {processor.py:640} INFO - Processing file /opt/airflow/dags/transform_and_analysis.py for tasks to queue
[2022-10-01T00:03:54.082+0000] {logging_mixin.py:115} INFO - [2022-10-01T00:03:54.081+0000] {dagbag.py:508} INFO - Filling up the DagBag from /opt/airflow/dags/transform_and_analysis.py
[2022-10-01T00:03:54.097+0000] {processor.py:650} INFO - DAG(s) dict_keys(['2_daily_transformation_analysis']) retrieved from /opt/airflow/dags/transform_and_analysis.py
[2022-10-01T00:03:54.126+0000] {logging_mixin.py:115} INFO - [2022-10-01T00:03:54.126+0000] {dag.py:2429} INFO - Sync 1 DAGs
[2022-10-01T00:03:54.142+0000] {logging_mixin.py:115} INFO - [2022-10-01T00:03:54.142+0000] {dag.py:2981} INFO - Setting next_dagrun for 2_daily_transformation_analysis to 2020-08-01T00:00:00+00:00, run_after=2020-08-01T00:00:00+00:00
[2022-10-01T00:03:54.151+0000] {processor.py:161} INFO - Processing /opt/airflow/dags/transform_and_analysis.py took 0.076 seconds
[2022-10-01T00:04:24.589+0000] {processor.py:153} INFO - Started process (PID=34417) to work on /opt/airflow/dags/transform_and_analysis.py
[2022-10-01T00:04:24.590+0000] {processor.py:640} INFO - Processing file /opt/airflow/dags/transform_and_analysis.py for tasks to queue
[2022-10-01T00:04:24.591+0000] {logging_mixin.py:115} INFO - [2022-10-01T00:04:24.591+0000] {dagbag.py:508} INFO - Filling up the DagBag from /opt/airflow/dags/transform_and_analysis.py
[2022-10-01T00:04:24.603+0000] {processor.py:650} INFO - DAG(s) dict_keys(['2_daily_transformation_analysis']) retrieved from /opt/airflow/dags/transform_and_analysis.py
[2022-10-01T00:04:24.622+0000] {logging_mixin.py:115} INFO - [2022-10-01T00:04:24.621+0000] {dag.py:2429} INFO - Sync 1 DAGs
[2022-10-01T00:04:24.635+0000] {logging_mixin.py:115} INFO - [2022-10-01T00:04:24.635+0000] {dag.py:2981} INFO - Setting next_dagrun for 2_daily_transformation_analysis to 2020-08-01T00:00:00+00:00, run_after=2020-08-01T00:00:00+00:00
[2022-10-01T00:04:24.642+0000] {processor.py:161} INFO - Processing /opt/airflow/dags/transform_and_analysis.py took 0.056 seconds
[2022-10-01T00:04:54.941+0000] {processor.py:153} INFO - Started process (PID=34483) to work on /opt/airflow/dags/transform_and_analysis.py
[2022-10-01T00:04:54.943+0000] {processor.py:640} INFO - Processing file /opt/airflow/dags/transform_and_analysis.py for tasks to queue
[2022-10-01T00:04:54.944+0000] {logging_mixin.py:115} INFO - [2022-10-01T00:04:54.944+0000] {dagbag.py:508} INFO - Filling up the DagBag from /opt/airflow/dags/transform_and_analysis.py
[2022-10-01T00:04:54.956+0000] {processor.py:650} INFO - DAG(s) dict_keys(['2_daily_transformation_analysis']) retrieved from /opt/airflow/dags/transform_and_analysis.py
[2022-10-01T00:04:54.977+0000] {logging_mixin.py:115} INFO - [2022-10-01T00:04:54.977+0000] {dag.py:2429} INFO - Sync 1 DAGs
[2022-10-01T00:04:54.991+0000] {logging_mixin.py:115} INFO - [2022-10-01T00:04:54.991+0000] {dag.py:2981} INFO - Setting next_dagrun for 2_daily_transformation_analysis to 2020-08-01T00:00:00+00:00, run_after=2020-08-01T00:00:00+00:00
[2022-10-01T00:04:54.998+0000] {processor.py:161} INFO - Processing /opt/airflow/dags/transform_and_analysis.py took 0.060 seconds
[2022-10-01T00:05:25.453+0000] {processor.py:153} INFO - Started process (PID=34548) to work on /opt/airflow/dags/transform_and_analysis.py
[2022-10-01T00:05:25.457+0000] {processor.py:640} INFO - Processing file /opt/airflow/dags/transform_and_analysis.py for tasks to queue
[2022-10-01T00:05:25.458+0000] {logging_mixin.py:115} INFO - [2022-10-01T00:05:25.458+0000] {dagbag.py:508} INFO - Filling up the DagBag from /opt/airflow/dags/transform_and_analysis.py
[2022-10-01T00:05:25.469+0000] {processor.py:650} INFO - DAG(s) dict_keys(['2_daily_transformation_analysis']) retrieved from /opt/airflow/dags/transform_and_analysis.py
[2022-10-01T00:05:25.491+0000] {logging_mixin.py:115} INFO - [2022-10-01T00:05:25.491+0000] {dag.py:2429} INFO - Sync 1 DAGs
[2022-10-01T00:05:25.505+0000] {logging_mixin.py:115} INFO - [2022-10-01T00:05:25.505+0000] {dag.py:2981} INFO - Setting next_dagrun for 2_daily_transformation_analysis to 2020-08-01T00:00:00+00:00, run_after=2020-08-01T00:00:00+00:00
[2022-10-01T00:05:25.516+0000] {processor.py:161} INFO - Processing /opt/airflow/dags/transform_and_analysis.py took 0.065 seconds
[2022-10-01T00:05:55.721+0000] {processor.py:153} INFO - Started process (PID=34607) to work on /opt/airflow/dags/transform_and_analysis.py
[2022-10-01T00:05:55.724+0000] {processor.py:640} INFO - Processing file /opt/airflow/dags/transform_and_analysis.py for tasks to queue
[2022-10-01T00:05:55.726+0000] {logging_mixin.py:115} INFO - [2022-10-01T00:05:55.725+0000] {dagbag.py:508} INFO - Filling up the DagBag from /opt/airflow/dags/transform_and_analysis.py
[2022-10-01T00:05:55.741+0000] {processor.py:650} INFO - DAG(s) dict_keys(['2_daily_transformation_analysis']) retrieved from /opt/airflow/dags/transform_and_analysis.py
[2022-10-01T00:05:55.757+0000] {logging_mixin.py:115} INFO - [2022-10-01T00:05:55.757+0000] {dag.py:2429} INFO - Sync 1 DAGs
[2022-10-01T00:05:55.771+0000] {logging_mixin.py:115} INFO - [2022-10-01T00:05:55.771+0000] {dag.py:2981} INFO - Setting next_dagrun for 2_daily_transformation_analysis to 2020-08-01T00:00:00+00:00, run_after=2020-08-01T00:00:00+00:00
[2022-10-01T00:05:55.779+0000] {processor.py:161} INFO - Processing /opt/airflow/dags/transform_and_analysis.py took 0.061 seconds
[2022-10-01T00:06:26.151+0000] {processor.py:153} INFO - Started process (PID=34674) to work on /opt/airflow/dags/transform_and_analysis.py
[2022-10-01T00:06:26.152+0000] {processor.py:640} INFO - Processing file /opt/airflow/dags/transform_and_analysis.py for tasks to queue
[2022-10-01T00:06:26.154+0000] {logging_mixin.py:115} INFO - [2022-10-01T00:06:26.153+0000] {dagbag.py:508} INFO - Filling up the DagBag from /opt/airflow/dags/transform_and_analysis.py
[2022-10-01T00:06:26.165+0000] {processor.py:650} INFO - DAG(s) dict_keys(['2_daily_transformation_analysis']) retrieved from /opt/airflow/dags/transform_and_analysis.py
[2022-10-01T00:06:26.183+0000] {logging_mixin.py:115} INFO - [2022-10-01T00:06:26.183+0000] {dag.py:2429} INFO - Sync 1 DAGs
[2022-10-01T00:06:26.200+0000] {logging_mixin.py:115} INFO - [2022-10-01T00:06:26.200+0000] {dag.py:2981} INFO - Setting next_dagrun for 2_daily_transformation_analysis to 2020-08-01T00:00:00+00:00, run_after=2020-08-01T00:00:00+00:00
[2022-10-01T00:06:26.210+0000] {processor.py:161} INFO - Processing /opt/airflow/dags/transform_and_analysis.py took 0.063 seconds
[2022-10-01T00:06:56.585+0000] {processor.py:153} INFO - Started process (PID=34740) to work on /opt/airflow/dags/transform_and_analysis.py
[2022-10-01T00:06:56.586+0000] {processor.py:640} INFO - Processing file /opt/airflow/dags/transform_and_analysis.py for tasks to queue
[2022-10-01T00:06:56.587+0000] {logging_mixin.py:115} INFO - [2022-10-01T00:06:56.587+0000] {dagbag.py:508} INFO - Filling up the DagBag from /opt/airflow/dags/transform_and_analysis.py
[2022-10-01T00:06:56.600+0000] {processor.py:650} INFO - DAG(s) dict_keys(['2_daily_transformation_analysis']) retrieved from /opt/airflow/dags/transform_and_analysis.py
[2022-10-01T00:06:56.617+0000] {logging_mixin.py:115} INFO - [2022-10-01T00:06:56.617+0000] {dag.py:2429} INFO - Sync 1 DAGs
[2022-10-01T00:06:56.630+0000] {logging_mixin.py:115} INFO - [2022-10-01T00:06:56.630+0000] {dag.py:2981} INFO - Setting next_dagrun for 2_daily_transformation_analysis to 2020-08-01T00:00:00+00:00, run_after=2020-08-01T00:00:00+00:00
[2022-10-01T00:06:56.638+0000] {processor.py:161} INFO - Processing /opt/airflow/dags/transform_and_analysis.py took 0.055 seconds
[2022-10-01T00:07:26.883+0000] {processor.py:153} INFO - Started process (PID=34797) to work on /opt/airflow/dags/transform_and_analysis.py
[2022-10-01T00:07:26.885+0000] {processor.py:640} INFO - Processing file /opt/airflow/dags/transform_and_analysis.py for tasks to queue
[2022-10-01T00:07:26.887+0000] {logging_mixin.py:115} INFO - [2022-10-01T00:07:26.887+0000] {dagbag.py:508} INFO - Filling up the DagBag from /opt/airflow/dags/transform_and_analysis.py
[2022-10-01T00:07:26.900+0000] {processor.py:650} INFO - DAG(s) dict_keys(['2_daily_transformation_analysis']) retrieved from /opt/airflow/dags/transform_and_analysis.py
[2022-10-01T00:07:26.919+0000] {logging_mixin.py:115} INFO - [2022-10-01T00:07:26.919+0000] {dag.py:2429} INFO - Sync 1 DAGs
[2022-10-01T00:07:26.934+0000] {logging_mixin.py:115} INFO - [2022-10-01T00:07:26.933+0000] {dag.py:2981} INFO - Setting next_dagrun for 2_daily_transformation_analysis to 2020-08-01T00:00:00+00:00, run_after=2020-08-01T00:00:00+00:00
[2022-10-01T00:07:26.944+0000] {processor.py:161} INFO - Processing /opt/airflow/dags/transform_and_analysis.py took 0.063 seconds
[2022-10-01T00:07:57.352+0000] {processor.py:153} INFO - Started process (PID=34863) to work on /opt/airflow/dags/transform_and_analysis.py
[2022-10-01T00:07:57.354+0000] {processor.py:640} INFO - Processing file /opt/airflow/dags/transform_and_analysis.py for tasks to queue
[2022-10-01T00:07:57.355+0000] {logging_mixin.py:115} INFO - [2022-10-01T00:07:57.355+0000] {dagbag.py:508} INFO - Filling up the DagBag from /opt/airflow/dags/transform_and_analysis.py
[2022-10-01T00:07:57.365+0000] {processor.py:650} INFO - DAG(s) dict_keys(['2_daily_transformation_analysis']) retrieved from /opt/airflow/dags/transform_and_analysis.py
[2022-10-01T00:07:57.385+0000] {logging_mixin.py:115} INFO - [2022-10-01T00:07:57.385+0000] {dag.py:2429} INFO - Sync 1 DAGs
[2022-10-01T00:07:57.399+0000] {logging_mixin.py:115} INFO - [2022-10-01T00:07:57.399+0000] {dag.py:2981} INFO - Setting next_dagrun for 2_daily_transformation_analysis to 2020-08-01T00:00:00+00:00, run_after=2020-08-01T00:00:00+00:00
[2022-10-01T00:07:57.407+0000] {processor.py:161} INFO - Processing /opt/airflow/dags/transform_and_analysis.py took 0.057 seconds
[2022-10-01T00:08:27.783+0000] {processor.py:153} INFO - Started process (PID=34929) to work on /opt/airflow/dags/transform_and_analysis.py
[2022-10-01T00:08:27.785+0000] {processor.py:640} INFO - Processing file /opt/airflow/dags/transform_and_analysis.py for tasks to queue
[2022-10-01T00:08:27.786+0000] {logging_mixin.py:115} INFO - [2022-10-01T00:08:27.786+0000] {dagbag.py:508} INFO - Filling up the DagBag from /opt/airflow/dags/transform_and_analysis.py
[2022-10-01T00:08:27.801+0000] {processor.py:650} INFO - DAG(s) dict_keys(['2_daily_transformation_analysis']) retrieved from /opt/airflow/dags/transform_and_analysis.py
[2022-10-01T00:08:27.819+0000] {logging_mixin.py:115} INFO - [2022-10-01T00:08:27.819+0000] {dag.py:2429} INFO - Sync 1 DAGs
[2022-10-01T00:08:27.833+0000] {logging_mixin.py:115} INFO - [2022-10-01T00:08:27.833+0000] {dag.py:2981} INFO - Setting next_dagrun for 2_daily_transformation_analysis to 2020-08-01T00:00:00+00:00, run_after=2020-08-01T00:00:00+00:00
[2022-10-01T00:08:27.840+0000] {processor.py:161} INFO - Processing /opt/airflow/dags/transform_and_analysis.py took 0.060 seconds
[2022-10-01T00:08:58.238+0000] {processor.py:153} INFO - Started process (PID=34995) to work on /opt/airflow/dags/transform_and_analysis.py
[2022-10-01T00:08:58.240+0000] {processor.py:640} INFO - Processing file /opt/airflow/dags/transform_and_analysis.py for tasks to queue
[2022-10-01T00:08:58.241+0000] {logging_mixin.py:115} INFO - [2022-10-01T00:08:58.241+0000] {dagbag.py:508} INFO - Filling up the DagBag from /opt/airflow/dags/transform_and_analysis.py
[2022-10-01T00:08:58.252+0000] {processor.py:650} INFO - DAG(s) dict_keys(['2_daily_transformation_analysis']) retrieved from /opt/airflow/dags/transform_and_analysis.py
[2022-10-01T00:08:58.270+0000] {logging_mixin.py:115} INFO - [2022-10-01T00:08:58.270+0000] {dag.py:2429} INFO - Sync 1 DAGs
[2022-10-01T00:08:58.285+0000] {logging_mixin.py:115} INFO - [2022-10-01T00:08:58.285+0000] {dag.py:2981} INFO - Setting next_dagrun for 2_daily_transformation_analysis to 2020-08-01T00:00:00+00:00, run_after=2020-08-01T00:00:00+00:00
[2022-10-01T00:08:58.292+0000] {processor.py:161} INFO - Processing /opt/airflow/dags/transform_and_analysis.py took 0.057 seconds
[2022-10-01T00:09:28.859+0000] {processor.py:153} INFO - Started process (PID=35051) to work on /opt/airflow/dags/transform_and_analysis.py
[2022-10-01T00:09:28.862+0000] {processor.py:640} INFO - Processing file /opt/airflow/dags/transform_and_analysis.py for tasks to queue
[2022-10-01T00:09:28.864+0000] {logging_mixin.py:115} INFO - [2022-10-01T00:09:28.864+0000] {dagbag.py:508} INFO - Filling up the DagBag from /opt/airflow/dags/transform_and_analysis.py
[2022-10-01T00:09:28.875+0000] {processor.py:650} INFO - DAG(s) dict_keys(['2_daily_transformation_analysis']) retrieved from /opt/airflow/dags/transform_and_analysis.py
[2022-10-01T00:09:28.893+0000] {logging_mixin.py:115} INFO - [2022-10-01T00:09:28.893+0000] {dag.py:2429} INFO - Sync 1 DAGs
[2022-10-01T00:09:28.907+0000] {logging_mixin.py:115} INFO - [2022-10-01T00:09:28.907+0000] {dag.py:2981} INFO - Setting next_dagrun for 2_daily_transformation_analysis to 2020-08-01T00:00:00+00:00, run_after=2020-08-01T00:00:00+00:00
[2022-10-01T00:09:28.914+0000] {processor.py:161} INFO - Processing /opt/airflow/dags/transform_and_analysis.py took 0.057 seconds
[2022-10-01T00:09:59.426+0000] {processor.py:153} INFO - Started process (PID=35116) to work on /opt/airflow/dags/transform_and_analysis.py
[2022-10-01T00:09:59.429+0000] {processor.py:640} INFO - Processing file /opt/airflow/dags/transform_and_analysis.py for tasks to queue
[2022-10-01T00:09:59.430+0000] {logging_mixin.py:115} INFO - [2022-10-01T00:09:59.430+0000] {dagbag.py:508} INFO - Filling up the DagBag from /opt/airflow/dags/transform_and_analysis.py
[2022-10-01T00:09:59.443+0000] {processor.py:650} INFO - DAG(s) dict_keys(['2_daily_transformation_analysis']) retrieved from /opt/airflow/dags/transform_and_analysis.py
[2022-10-01T00:09:59.461+0000] {logging_mixin.py:115} INFO - [2022-10-01T00:09:59.461+0000] {dag.py:2429} INFO - Sync 1 DAGs
[2022-10-01T00:09:59.475+0000] {logging_mixin.py:115} INFO - [2022-10-01T00:09:59.475+0000] {dag.py:2981} INFO - Setting next_dagrun for 2_daily_transformation_analysis to 2020-08-01T00:00:00+00:00, run_after=2020-08-01T00:00:00+00:00
[2022-10-01T00:09:59.482+0000] {processor.py:161} INFO - Processing /opt/airflow/dags/transform_and_analysis.py took 0.058 seconds
[2022-10-01T00:10:29.722+0000] {processor.py:153} INFO - Started process (PID=35183) to work on /opt/airflow/dags/transform_and_analysis.py
[2022-10-01T00:10:29.724+0000] {processor.py:640} INFO - Processing file /opt/airflow/dags/transform_and_analysis.py for tasks to queue
[2022-10-01T00:10:29.727+0000] {logging_mixin.py:115} INFO - [2022-10-01T00:10:29.725+0000] {dagbag.py:508} INFO - Filling up the DagBag from /opt/airflow/dags/transform_and_analysis.py
[2022-10-01T00:10:29.742+0000] {processor.py:650} INFO - DAG(s) dict_keys(['2_daily_transformation_analysis']) retrieved from /opt/airflow/dags/transform_and_analysis.py
[2022-10-01T00:10:29.760+0000] {logging_mixin.py:115} INFO - [2022-10-01T00:10:29.760+0000] {dag.py:2429} INFO - Sync 1 DAGs
[2022-10-01T00:10:29.774+0000] {logging_mixin.py:115} INFO - [2022-10-01T00:10:29.774+0000] {dag.py:2981} INFO - Setting next_dagrun for 2_daily_transformation_analysis to 2020-08-01T00:00:00+00:00, run_after=2020-08-01T00:00:00+00:00
[2022-10-01T00:10:29.781+0000] {processor.py:161} INFO - Processing /opt/airflow/dags/transform_and_analysis.py took 0.063 seconds
[2022-10-01T00:11:00.303+0000] {processor.py:153} INFO - Started process (PID=35249) to work on /opt/airflow/dags/transform_and_analysis.py
[2022-10-01T00:11:00.305+0000] {processor.py:640} INFO - Processing file /opt/airflow/dags/transform_and_analysis.py for tasks to queue
[2022-10-01T00:11:00.306+0000] {logging_mixin.py:115} INFO - [2022-10-01T00:11:00.306+0000] {dagbag.py:508} INFO - Filling up the DagBag from /opt/airflow/dags/transform_and_analysis.py
[2022-10-01T00:11:00.319+0000] {processor.py:650} INFO - DAG(s) dict_keys(['2_daily_transformation_analysis']) retrieved from /opt/airflow/dags/transform_and_analysis.py
[2022-10-01T00:11:00.339+0000] {logging_mixin.py:115} INFO - [2022-10-01T00:11:00.338+0000] {dag.py:2429} INFO - Sync 1 DAGs
[2022-10-01T00:11:00.353+0000] {logging_mixin.py:115} INFO - [2022-10-01T00:11:00.353+0000] {dag.py:2981} INFO - Setting next_dagrun for 2_daily_transformation_analysis to 2020-08-01T00:00:00+00:00, run_after=2020-08-01T00:00:00+00:00
[2022-10-01T00:11:00.360+0000] {processor.py:161} INFO - Processing /opt/airflow/dags/transform_and_analysis.py took 0.060 seconds
[2022-10-01T00:11:31.466+0000] {processor.py:153} INFO - Started process (PID=35307) to work on /opt/airflow/dags/transform_and_analysis.py
[2022-10-01T00:11:31.471+0000] {processor.py:640} INFO - Processing file /opt/airflow/dags/transform_and_analysis.py for tasks to queue
[2022-10-01T00:11:31.478+0000] {logging_mixin.py:115} INFO - [2022-10-01T00:11:31.478+0000] {dagbag.py:508} INFO - Filling up the DagBag from /opt/airflow/dags/transform_and_analysis.py
[2022-10-01T00:11:31.502+0000] {processor.py:650} INFO - DAG(s) dict_keys(['2_daily_transformation_analysis']) retrieved from /opt/airflow/dags/transform_and_analysis.py
[2022-10-01T00:11:31.524+0000] {logging_mixin.py:115} INFO - [2022-10-01T00:11:31.523+0000] {dag.py:2429} INFO - Sync 1 DAGs
[2022-10-01T00:11:31.539+0000] {logging_mixin.py:115} INFO - [2022-10-01T00:11:31.539+0000] {dag.py:2981} INFO - Setting next_dagrun for 2_daily_transformation_analysis to 2020-08-01T00:00:00+00:00, run_after=2020-08-01T00:00:00+00:00
[2022-10-01T00:11:31.549+0000] {processor.py:161} INFO - Processing /opt/airflow/dags/transform_and_analysis.py took 0.085 seconds
[2022-10-01T00:12:01.949+0000] {processor.py:153} INFO - Started process (PID=35372) to work on /opt/airflow/dags/transform_and_analysis.py
[2022-10-01T00:12:01.951+0000] {processor.py:640} INFO - Processing file /opt/airflow/dags/transform_and_analysis.py for tasks to queue
[2022-10-01T00:12:01.952+0000] {logging_mixin.py:115} INFO - [2022-10-01T00:12:01.952+0000] {dagbag.py:508} INFO - Filling up the DagBag from /opt/airflow/dags/transform_and_analysis.py
[2022-10-01T00:12:01.966+0000] {processor.py:650} INFO - DAG(s) dict_keys(['2_daily_transformation_analysis']) retrieved from /opt/airflow/dags/transform_and_analysis.py
[2022-10-01T00:12:01.986+0000] {logging_mixin.py:115} INFO - [2022-10-01T00:12:01.986+0000] {dag.py:2429} INFO - Sync 1 DAGs
[2022-10-01T00:12:02.001+0000] {logging_mixin.py:115} INFO - [2022-10-01T00:12:02.001+0000] {dag.py:2981} INFO - Setting next_dagrun for 2_daily_transformation_analysis to 2020-08-01T00:00:00+00:00, run_after=2020-08-01T00:00:00+00:00
[2022-10-01T00:12:02.010+0000] {processor.py:161} INFO - Processing /opt/airflow/dags/transform_and_analysis.py took 0.063 seconds
[2022-10-01T00:12:32.296+0000] {processor.py:153} INFO - Started process (PID=35439) to work on /opt/airflow/dags/transform_and_analysis.py
[2022-10-01T00:12:32.298+0000] {processor.py:640} INFO - Processing file /opt/airflow/dags/transform_and_analysis.py for tasks to queue
[2022-10-01T00:12:32.299+0000] {logging_mixin.py:115} INFO - [2022-10-01T00:12:32.299+0000] {dagbag.py:508} INFO - Filling up the DagBag from /opt/airflow/dags/transform_and_analysis.py
[2022-10-01T00:12:32.310+0000] {processor.py:650} INFO - DAG(s) dict_keys(['2_daily_transformation_analysis']) retrieved from /opt/airflow/dags/transform_and_analysis.py
[2022-10-01T00:12:32.328+0000] {logging_mixin.py:115} INFO - [2022-10-01T00:12:32.328+0000] {dag.py:2429} INFO - Sync 1 DAGs
[2022-10-01T00:12:32.342+0000] {logging_mixin.py:115} INFO - [2022-10-01T00:12:32.342+0000] {dag.py:2981} INFO - Setting next_dagrun for 2_daily_transformation_analysis to 2020-08-01T00:00:00+00:00, run_after=2020-08-01T00:00:00+00:00
[2022-10-01T00:12:32.350+0000] {processor.py:161} INFO - Processing /opt/airflow/dags/transform_and_analysis.py took 0.056 seconds
[2022-10-01T00:13:02.797+0000] {processor.py:153} INFO - Started process (PID=35504) to work on /opt/airflow/dags/transform_and_analysis.py
[2022-10-01T00:13:02.799+0000] {processor.py:640} INFO - Processing file /opt/airflow/dags/transform_and_analysis.py for tasks to queue
[2022-10-01T00:13:02.800+0000] {logging_mixin.py:115} INFO - [2022-10-01T00:13:02.800+0000] {dagbag.py:508} INFO - Filling up the DagBag from /opt/airflow/dags/transform_and_analysis.py
[2022-10-01T00:13:02.811+0000] {processor.py:650} INFO - DAG(s) dict_keys(['2_daily_transformation_analysis']) retrieved from /opt/airflow/dags/transform_and_analysis.py
[2022-10-01T00:13:02.831+0000] {logging_mixin.py:115} INFO - [2022-10-01T00:13:02.831+0000] {dag.py:2429} INFO - Sync 1 DAGs
[2022-10-01T00:13:02.846+0000] {logging_mixin.py:115} INFO - [2022-10-01T00:13:02.846+0000] {dag.py:2981} INFO - Setting next_dagrun for 2_daily_transformation_analysis to 2020-08-01T00:00:00+00:00, run_after=2020-08-01T00:00:00+00:00
[2022-10-01T00:13:02.853+0000] {processor.py:161} INFO - Processing /opt/airflow/dags/transform_and_analysis.py took 0.059 seconds
[2022-10-01T00:13:33.137+0000] {processor.py:153} INFO - Started process (PID=35563) to work on /opt/airflow/dags/transform_and_analysis.py
[2022-10-01T00:13:33.138+0000] {processor.py:640} INFO - Processing file /opt/airflow/dags/transform_and_analysis.py for tasks to queue
[2022-10-01T00:13:33.139+0000] {logging_mixin.py:115} INFO - [2022-10-01T00:13:33.139+0000] {dagbag.py:508} INFO - Filling up the DagBag from /opt/airflow/dags/transform_and_analysis.py
[2022-10-01T00:13:33.150+0000] {processor.py:650} INFO - DAG(s) dict_keys(['2_daily_transformation_analysis']) retrieved from /opt/airflow/dags/transform_and_analysis.py
[2022-10-01T00:13:33.169+0000] {logging_mixin.py:115} INFO - [2022-10-01T00:13:33.169+0000] {dag.py:2429} INFO - Sync 1 DAGs
[2022-10-01T00:13:33.184+0000] {logging_mixin.py:115} INFO - [2022-10-01T00:13:33.183+0000] {dag.py:2981} INFO - Setting next_dagrun for 2_daily_transformation_analysis to 2020-08-01T00:00:00+00:00, run_after=2020-08-01T00:00:00+00:00
[2022-10-01T00:13:33.191+0000] {processor.py:161} INFO - Processing /opt/airflow/dags/transform_and_analysis.py took 0.057 seconds
[2022-10-01T00:18:32.109+0000] {processor.py:153} INFO - Started process (PID=35621) to work on /opt/airflow/dags/transform_and_analysis.py
[2022-10-01T00:18:32.174+0000] {processor.py:640} INFO - Processing file /opt/airflow/dags/transform_and_analysis.py for tasks to queue
[2022-10-01T00:18:32.187+0000] {logging_mixin.py:115} INFO - [2022-10-01T00:18:32.187+0000] {dagbag.py:508} INFO - Filling up the DagBag from /opt/airflow/dags/transform_and_analysis.py
[2022-10-01T00:18:32.208+0000] {processor.py:650} INFO - DAG(s) dict_keys(['2_daily_transformation_analysis']) retrieved from /opt/airflow/dags/transform_and_analysis.py
[2022-10-01T00:18:32.268+0000] {logging_mixin.py:115} INFO - [2022-10-01T00:18:32.268+0000] {dag.py:2429} INFO - Sync 1 DAGs
[2022-10-01T00:18:32.293+0000] {logging_mixin.py:115} INFO - [2022-10-01T00:18:32.293+0000] {dag.py:2981} INFO - Setting next_dagrun for 2_daily_transformation_analysis to 2020-08-01T00:00:00+00:00, run_after=2020-08-01T00:00:00+00:00
[2022-10-01T00:18:32.311+0000] {processor.py:161} INFO - Processing /opt/airflow/dags/transform_and_analysis.py took 0.206 seconds
[2022-10-01T00:19:02.584+0000] {processor.py:153} INFO - Started process (PID=35678) to work on /opt/airflow/dags/transform_and_analysis.py
[2022-10-01T00:19:02.595+0000] {processor.py:640} INFO - Processing file /opt/airflow/dags/transform_and_analysis.py for tasks to queue
[2022-10-01T00:19:02.600+0000] {logging_mixin.py:115} INFO - [2022-10-01T00:19:02.600+0000] {dagbag.py:508} INFO - Filling up the DagBag from /opt/airflow/dags/transform_and_analysis.py
[2022-10-01T00:19:02.615+0000] {processor.py:650} INFO - DAG(s) dict_keys(['2_daily_transformation_analysis']) retrieved from /opt/airflow/dags/transform_and_analysis.py
[2022-10-01T00:19:02.637+0000] {logging_mixin.py:115} INFO - [2022-10-01T00:19:02.637+0000] {dag.py:2429} INFO - Sync 1 DAGs
[2022-10-01T00:19:02.653+0000] {logging_mixin.py:115} INFO - [2022-10-01T00:19:02.652+0000] {dag.py:2981} INFO - Setting next_dagrun for 2_daily_transformation_analysis to 2020-08-01T00:00:00+00:00, run_after=2020-08-01T00:00:00+00:00
[2022-10-01T00:19:02.671+0000] {processor.py:161} INFO - Processing /opt/airflow/dags/transform_and_analysis.py took 0.094 seconds
[2022-10-01T00:19:33.056+0000] {processor.py:153} INFO - Started process (PID=35745) to work on /opt/airflow/dags/transform_and_analysis.py
[2022-10-01T00:19:33.058+0000] {processor.py:640} INFO - Processing file /opt/airflow/dags/transform_and_analysis.py for tasks to queue
[2022-10-01T00:19:33.060+0000] {logging_mixin.py:115} INFO - [2022-10-01T00:19:33.059+0000] {dagbag.py:508} INFO - Filling up the DagBag from /opt/airflow/dags/transform_and_analysis.py
[2022-10-01T00:19:33.070+0000] {processor.py:650} INFO - DAG(s) dict_keys(['2_daily_transformation_analysis']) retrieved from /opt/airflow/dags/transform_and_analysis.py
[2022-10-01T00:19:33.086+0000] {logging_mixin.py:115} INFO - [2022-10-01T00:19:33.086+0000] {dag.py:2429} INFO - Sync 1 DAGs
[2022-10-01T00:19:33.098+0000] {logging_mixin.py:115} INFO - [2022-10-01T00:19:33.098+0000] {dag.py:2981} INFO - Setting next_dagrun for 2_daily_transformation_analysis to 2020-08-01T00:00:00+00:00, run_after=2020-08-01T00:00:00+00:00
[2022-10-01T00:19:33.104+0000] {processor.py:161} INFO - Processing /opt/airflow/dags/transform_and_analysis.py took 0.051 seconds
[2022-10-01T00:20:03.801+0000] {processor.py:153} INFO - Started process (PID=35809) to work on /opt/airflow/dags/transform_and_analysis.py
[2022-10-01T00:20:03.802+0000] {processor.py:640} INFO - Processing file /opt/airflow/dags/transform_and_analysis.py for tasks to queue
[2022-10-01T00:20:03.804+0000] {logging_mixin.py:115} INFO - [2022-10-01T00:20:03.804+0000] {dagbag.py:508} INFO - Filling up the DagBag from /opt/airflow/dags/transform_and_analysis.py
[2022-10-01T00:20:03.824+0000] {processor.py:650} INFO - DAG(s) dict_keys(['2_daily_transformation_analysis']) retrieved from /opt/airflow/dags/transform_and_analysis.py
[2022-10-01T00:20:03.843+0000] {logging_mixin.py:115} INFO - [2022-10-01T00:20:03.843+0000] {dag.py:2429} INFO - Sync 1 DAGs
[2022-10-01T00:20:03.857+0000] {logging_mixin.py:115} INFO - [2022-10-01T00:20:03.857+0000] {dag.py:2981} INFO - Setting next_dagrun for 2_daily_transformation_analysis to 2020-08-01T00:00:00+00:00, run_after=2020-08-01T00:00:00+00:00
[2022-10-01T00:20:03.863+0000] {processor.py:161} INFO - Processing /opt/airflow/dags/transform_and_analysis.py took 0.065 seconds
[2022-10-01T00:20:34.296+0000] {processor.py:153} INFO - Started process (PID=35877) to work on /opt/airflow/dags/transform_and_analysis.py
[2022-10-01T00:20:34.299+0000] {processor.py:640} INFO - Processing file /opt/airflow/dags/transform_and_analysis.py for tasks to queue
[2022-10-01T00:20:34.300+0000] {logging_mixin.py:115} INFO - [2022-10-01T00:20:34.300+0000] {dagbag.py:508} INFO - Filling up the DagBag from /opt/airflow/dags/transform_and_analysis.py
[2022-10-01T00:20:34.313+0000] {processor.py:650} INFO - DAG(s) dict_keys(['2_daily_transformation_analysis']) retrieved from /opt/airflow/dags/transform_and_analysis.py
[2022-10-01T00:20:34.332+0000] {logging_mixin.py:115} INFO - [2022-10-01T00:20:34.332+0000] {dag.py:2429} INFO - Sync 1 DAGs
[2022-10-01T00:20:34.348+0000] {logging_mixin.py:115} INFO - [2022-10-01T00:20:34.348+0000] {dag.py:2981} INFO - Setting next_dagrun for 2_daily_transformation_analysis to 2020-08-01T00:00:00+00:00, run_after=2020-08-01T00:00:00+00:00
[2022-10-01T00:20:34.356+0000] {processor.py:161} INFO - Processing /opt/airflow/dags/transform_and_analysis.py took 0.063 seconds
[2022-10-01T00:21:04.709+0000] {processor.py:153} INFO - Started process (PID=35934) to work on /opt/airflow/dags/transform_and_analysis.py
[2022-10-01T00:21:04.711+0000] {processor.py:640} INFO - Processing file /opt/airflow/dags/transform_and_analysis.py for tasks to queue
[2022-10-01T00:21:04.713+0000] {logging_mixin.py:115} INFO - [2022-10-01T00:21:04.713+0000] {dagbag.py:508} INFO - Filling up the DagBag from /opt/airflow/dags/transform_and_analysis.py
[2022-10-01T00:21:04.729+0000] {processor.py:650} INFO - DAG(s) dict_keys(['2_daily_transformation_analysis']) retrieved from /opt/airflow/dags/transform_and_analysis.py
[2022-10-01T00:21:04.749+0000] {logging_mixin.py:115} INFO - [2022-10-01T00:21:04.748+0000] {dag.py:2429} INFO - Sync 1 DAGs
[2022-10-01T00:21:04.766+0000] {logging_mixin.py:115} INFO - [2022-10-01T00:21:04.766+0000] {dag.py:2981} INFO - Setting next_dagrun for 2_daily_transformation_analysis to 2020-08-01T00:00:00+00:00, run_after=2020-08-01T00:00:00+00:00
[2022-10-01T00:21:04.775+0000] {processor.py:161} INFO - Processing /opt/airflow/dags/transform_and_analysis.py took 0.068 seconds
[2022-10-01T00:21:35.293+0000] {processor.py:153} INFO - Started process (PID=35999) to work on /opt/airflow/dags/transform_and_analysis.py
[2022-10-01T00:21:35.296+0000] {processor.py:640} INFO - Processing file /opt/airflow/dags/transform_and_analysis.py for tasks to queue
[2022-10-01T00:21:35.297+0000] {logging_mixin.py:115} INFO - [2022-10-01T00:21:35.297+0000] {dagbag.py:508} INFO - Filling up the DagBag from /opt/airflow/dags/transform_and_analysis.py
[2022-10-01T00:21:35.308+0000] {processor.py:650} INFO - DAG(s) dict_keys(['2_daily_transformation_analysis']) retrieved from /opt/airflow/dags/transform_and_analysis.py
[2022-10-01T00:21:35.325+0000] {logging_mixin.py:115} INFO - [2022-10-01T00:21:35.325+0000] {dag.py:2429} INFO - Sync 1 DAGs
[2022-10-01T00:21:35.340+0000] {logging_mixin.py:115} INFO - [2022-10-01T00:21:35.340+0000] {dag.py:2981} INFO - Setting next_dagrun for 2_daily_transformation_analysis to 2020-08-01T00:00:00+00:00, run_after=2020-08-01T00:00:00+00:00
[2022-10-01T00:21:35.348+0000] {processor.py:161} INFO - Processing /opt/airflow/dags/transform_and_analysis.py took 0.058 seconds
[2022-10-01T00:22:05.665+0000] {processor.py:153} INFO - Started process (PID=36065) to work on /opt/airflow/dags/transform_and_analysis.py
[2022-10-01T00:22:05.667+0000] {processor.py:640} INFO - Processing file /opt/airflow/dags/transform_and_analysis.py for tasks to queue
[2022-10-01T00:22:05.669+0000] {logging_mixin.py:115} INFO - [2022-10-01T00:22:05.669+0000] {dagbag.py:508} INFO - Filling up the DagBag from /opt/airflow/dags/transform_and_analysis.py
[2022-10-01T00:22:05.679+0000] {processor.py:650} INFO - DAG(s) dict_keys(['2_daily_transformation_analysis']) retrieved from /opt/airflow/dags/transform_and_analysis.py
[2022-10-01T00:22:05.698+0000] {logging_mixin.py:115} INFO - [2022-10-01T00:22:05.698+0000] {dag.py:2429} INFO - Sync 1 DAGs
[2022-10-01T00:22:05.712+0000] {logging_mixin.py:115} INFO - [2022-10-01T00:22:05.712+0000] {dag.py:2981} INFO - Setting next_dagrun for 2_daily_transformation_analysis to 2020-08-01T00:00:00+00:00, run_after=2020-08-01T00:00:00+00:00
[2022-10-01T00:22:05.720+0000] {processor.py:161} INFO - Processing /opt/airflow/dags/transform_and_analysis.py took 0.057 seconds
[2022-10-01T00:22:36.055+0000] {processor.py:153} INFO - Started process (PID=36131) to work on /opt/airflow/dags/transform_and_analysis.py
[2022-10-01T00:22:36.057+0000] {processor.py:640} INFO - Processing file /opt/airflow/dags/transform_and_analysis.py for tasks to queue
[2022-10-01T00:22:36.058+0000] {logging_mixin.py:115} INFO - [2022-10-01T00:22:36.058+0000] {dagbag.py:508} INFO - Filling up the DagBag from /opt/airflow/dags/transform_and_analysis.py
[2022-10-01T00:22:36.068+0000] {processor.py:650} INFO - DAG(s) dict_keys(['2_daily_transformation_analysis']) retrieved from /opt/airflow/dags/transform_and_analysis.py
[2022-10-01T00:22:36.089+0000] {logging_mixin.py:115} INFO - [2022-10-01T00:22:36.089+0000] {dag.py:2429} INFO - Sync 1 DAGs
[2022-10-01T00:22:36.106+0000] {logging_mixin.py:115} INFO - [2022-10-01T00:22:36.106+0000] {dag.py:2981} INFO - Setting next_dagrun for 2_daily_transformation_analysis to 2020-08-01T00:00:00+00:00, run_after=2020-08-01T00:00:00+00:00
[2022-10-01T00:22:36.114+0000] {processor.py:161} INFO - Processing /opt/airflow/dags/transform_and_analysis.py took 0.062 seconds
[2022-10-01T00:23:06.381+0000] {processor.py:153} INFO - Started process (PID=36188) to work on /opt/airflow/dags/transform_and_analysis.py
[2022-10-01T00:23:06.383+0000] {processor.py:640} INFO - Processing file /opt/airflow/dags/transform_and_analysis.py for tasks to queue
[2022-10-01T00:23:06.385+0000] {logging_mixin.py:115} INFO - [2022-10-01T00:23:06.384+0000] {dagbag.py:508} INFO - Filling up the DagBag from /opt/airflow/dags/transform_and_analysis.py
[2022-10-01T00:23:06.396+0000] {processor.py:650} INFO - DAG(s) dict_keys(['2_daily_transformation_analysis']) retrieved from /opt/airflow/dags/transform_and_analysis.py
[2022-10-01T00:23:06.425+0000] {logging_mixin.py:115} INFO - [2022-10-01T00:23:06.424+0000] {dag.py:2429} INFO - Sync 1 DAGs
[2022-10-01T00:23:06.440+0000] {logging_mixin.py:115} INFO - [2022-10-01T00:23:06.439+0000] {dag.py:2981} INFO - Setting next_dagrun for 2_daily_transformation_analysis to 2020-08-01T00:00:00+00:00, run_after=2020-08-01T00:00:00+00:00
[2022-10-01T00:23:06.448+0000] {processor.py:161} INFO - Processing /opt/airflow/dags/transform_and_analysis.py took 0.070 seconds
[2022-10-01T00:23:37.006+0000] {processor.py:153} INFO - Started process (PID=36255) to work on /opt/airflow/dags/transform_and_analysis.py
[2022-10-01T00:23:37.008+0000] {processor.py:640} INFO - Processing file /opt/airflow/dags/transform_and_analysis.py for tasks to queue
[2022-10-01T00:23:37.010+0000] {logging_mixin.py:115} INFO - [2022-10-01T00:23:37.010+0000] {dagbag.py:508} INFO - Filling up the DagBag from /opt/airflow/dags/transform_and_analysis.py
[2022-10-01T00:23:37.021+0000] {processor.py:650} INFO - DAG(s) dict_keys(['2_daily_transformation_analysis']) retrieved from /opt/airflow/dags/transform_and_analysis.py
[2022-10-01T00:23:37.039+0000] {logging_mixin.py:115} INFO - [2022-10-01T00:23:37.038+0000] {dag.py:2429} INFO - Sync 1 DAGs
[2022-10-01T00:23:37.051+0000] {logging_mixin.py:115} INFO - [2022-10-01T00:23:37.051+0000] {dag.py:2981} INFO - Setting next_dagrun for 2_daily_transformation_analysis to 2020-08-01T00:00:00+00:00, run_after=2020-08-01T00:00:00+00:00
[2022-10-01T00:23:37.060+0000] {processor.py:161} INFO - Processing /opt/airflow/dags/transform_and_analysis.py took 0.056 seconds
[2022-10-01T00:24:07.262+0000] {processor.py:153} INFO - Started process (PID=36323) to work on /opt/airflow/dags/transform_and_analysis.py
[2022-10-01T00:24:07.264+0000] {processor.py:640} INFO - Processing file /opt/airflow/dags/transform_and_analysis.py for tasks to queue
[2022-10-01T00:24:07.266+0000] {logging_mixin.py:115} INFO - [2022-10-01T00:24:07.266+0000] {dagbag.py:508} INFO - Filling up the DagBag from /opt/airflow/dags/transform_and_analysis.py
[2022-10-01T00:24:07.278+0000] {processor.py:650} INFO - DAG(s) dict_keys(['2_daily_transformation_analysis']) retrieved from /opt/airflow/dags/transform_and_analysis.py
[2022-10-01T00:24:07.294+0000] {logging_mixin.py:115} INFO - [2022-10-01T00:24:07.294+0000] {dag.py:2429} INFO - Sync 1 DAGs
[2022-10-01T00:24:07.307+0000] {logging_mixin.py:115} INFO - [2022-10-01T00:24:07.307+0000] {dag.py:2981} INFO - Setting next_dagrun for 2_daily_transformation_analysis to 2020-08-01T00:00:00+00:00, run_after=2020-08-01T00:00:00+00:00
[2022-10-01T00:24:07.315+0000] {processor.py:161} INFO - Processing /opt/airflow/dags/transform_and_analysis.py took 0.057 seconds
[2022-10-01T00:24:37.602+0000] {processor.py:153} INFO - Started process (PID=36380) to work on /opt/airflow/dags/transform_and_analysis.py
[2022-10-01T00:24:37.605+0000] {processor.py:640} INFO - Processing file /opt/airflow/dags/transform_and_analysis.py for tasks to queue
[2022-10-01T00:24:37.607+0000] {logging_mixin.py:115} INFO - [2022-10-01T00:24:37.607+0000] {dagbag.py:508} INFO - Filling up the DagBag from /opt/airflow/dags/transform_and_analysis.py
[2022-10-01T00:24:37.633+0000] {processor.py:650} INFO - DAG(s) dict_keys(['2_daily_transformation_analysis']) retrieved from /opt/airflow/dags/transform_and_analysis.py
[2022-10-01T00:24:37.655+0000] {logging_mixin.py:115} INFO - [2022-10-01T00:24:37.655+0000] {dag.py:2429} INFO - Sync 1 DAGs
[2022-10-01T00:24:37.669+0000] {logging_mixin.py:115} INFO - [2022-10-01T00:24:37.669+0000] {dag.py:2981} INFO - Setting next_dagrun for 2_daily_transformation_analysis to 2020-08-01T00:00:00+00:00, run_after=2020-08-01T00:00:00+00:00
[2022-10-01T00:24:37.677+0000] {processor.py:161} INFO - Processing /opt/airflow/dags/transform_and_analysis.py took 0.079 seconds
[2022-10-01T00:25:08.537+0000] {processor.py:153} INFO - Started process (PID=36446) to work on /opt/airflow/dags/transform_and_analysis.py
[2022-10-01T00:25:08.545+0000] {processor.py:640} INFO - Processing file /opt/airflow/dags/transform_and_analysis.py for tasks to queue
[2022-10-01T00:25:08.546+0000] {logging_mixin.py:115} INFO - [2022-10-01T00:25:08.546+0000] {dagbag.py:508} INFO - Filling up the DagBag from /opt/airflow/dags/transform_and_analysis.py
[2022-10-01T00:25:08.559+0000] {processor.py:650} INFO - DAG(s) dict_keys(['2_daily_transformation_analysis']) retrieved from /opt/airflow/dags/transform_and_analysis.py
[2022-10-01T00:25:08.578+0000] {logging_mixin.py:115} INFO - [2022-10-01T00:25:08.578+0000] {dag.py:2429} INFO - Sync 1 DAGs
[2022-10-01T00:25:08.592+0000] {logging_mixin.py:115} INFO - [2022-10-01T00:25:08.592+0000] {dag.py:2981} INFO - Setting next_dagrun for 2_daily_transformation_analysis to 2020-08-01T00:00:00+00:00, run_after=2020-08-01T00:00:00+00:00
[2022-10-01T00:25:08.600+0000] {processor.py:161} INFO - Processing /opt/airflow/dags/transform_and_analysis.py took 0.065 seconds
[2022-10-01T00:25:38.877+0000] {processor.py:153} INFO - Started process (PID=36512) to work on /opt/airflow/dags/transform_and_analysis.py
[2022-10-01T00:25:38.879+0000] {processor.py:640} INFO - Processing file /opt/airflow/dags/transform_and_analysis.py for tasks to queue
[2022-10-01T00:25:38.880+0000] {logging_mixin.py:115} INFO - [2022-10-01T00:25:38.880+0000] {dagbag.py:508} INFO - Filling up the DagBag from /opt/airflow/dags/transform_and_analysis.py
[2022-10-01T00:25:38.892+0000] {processor.py:650} INFO - DAG(s) dict_keys(['2_daily_transformation_analysis']) retrieved from /opt/airflow/dags/transform_and_analysis.py
[2022-10-01T00:25:38.910+0000] {logging_mixin.py:115} INFO - [2022-10-01T00:25:38.910+0000] {dag.py:2429} INFO - Sync 1 DAGs
[2022-10-01T00:25:38.925+0000] {logging_mixin.py:115} INFO - [2022-10-01T00:25:38.925+0000] {dag.py:2981} INFO - Setting next_dagrun for 2_daily_transformation_analysis to 2020-08-01T00:00:00+00:00, run_after=2020-08-01T00:00:00+00:00
[2022-10-01T00:25:38.932+0000] {processor.py:161} INFO - Processing /opt/airflow/dags/transform_and_analysis.py took 0.058 seconds
[2022-10-01T00:26:09.065+0000] {processor.py:153} INFO - Started process (PID=36569) to work on /opt/airflow/dags/transform_and_analysis.py
[2022-10-01T00:26:09.067+0000] {processor.py:640} INFO - Processing file /opt/airflow/dags/transform_and_analysis.py for tasks to queue
[2022-10-01T00:26:09.069+0000] {logging_mixin.py:115} INFO - [2022-10-01T00:26:09.069+0000] {dagbag.py:508} INFO - Filling up the DagBag from /opt/airflow/dags/transform_and_analysis.py
[2022-10-01T00:26:09.079+0000] {processor.py:650} INFO - DAG(s) dict_keys(['2_daily_transformation_analysis']) retrieved from /opt/airflow/dags/transform_and_analysis.py
[2022-10-01T00:26:09.098+0000] {logging_mixin.py:115} INFO - [2022-10-01T00:26:09.098+0000] {dag.py:2429} INFO - Sync 1 DAGs
[2022-10-01T00:26:09.112+0000] {logging_mixin.py:115} INFO - [2022-10-01T00:26:09.112+0000] {dag.py:2981} INFO - Setting next_dagrun for 2_daily_transformation_analysis to 2020-08-01T00:00:00+00:00, run_after=2020-08-01T00:00:00+00:00
[2022-10-01T00:26:09.124+0000] {processor.py:161} INFO - Processing /opt/airflow/dags/transform_and_analysis.py took 0.061 seconds
[2022-10-01T00:26:39.665+0000] {processor.py:153} INFO - Started process (PID=36635) to work on /opt/airflow/dags/transform_and_analysis.py
[2022-10-01T00:26:39.666+0000] {processor.py:640} INFO - Processing file /opt/airflow/dags/transform_and_analysis.py for tasks to queue
[2022-10-01T00:26:39.667+0000] {logging_mixin.py:115} INFO - [2022-10-01T00:26:39.667+0000] {dagbag.py:508} INFO - Filling up the DagBag from /opt/airflow/dags/transform_and_analysis.py
[2022-10-01T00:26:39.682+0000] {processor.py:650} INFO - DAG(s) dict_keys(['2_daily_transformation_analysis']) retrieved from /opt/airflow/dags/transform_and_analysis.py
[2022-10-01T00:26:39.705+0000] {logging_mixin.py:115} INFO - [2022-10-01T00:26:39.704+0000] {dag.py:2429} INFO - Sync 1 DAGs
[2022-10-01T00:26:39.719+0000] {logging_mixin.py:115} INFO - [2022-10-01T00:26:39.719+0000] {dag.py:2981} INFO - Setting next_dagrun for 2_daily_transformation_analysis to 2020-08-01T00:00:00+00:00, run_after=2020-08-01T00:00:00+00:00
[2022-10-01T00:26:39.727+0000] {processor.py:161} INFO - Processing /opt/airflow/dags/transform_and_analysis.py took 0.065 seconds
[2022-10-01T00:27:09.921+0000] {processor.py:153} INFO - Started process (PID=36700) to work on /opt/airflow/dags/transform_and_analysis.py
[2022-10-01T00:27:09.923+0000] {processor.py:640} INFO - Processing file /opt/airflow/dags/transform_and_analysis.py for tasks to queue
[2022-10-01T00:27:09.924+0000] {logging_mixin.py:115} INFO - [2022-10-01T00:27:09.924+0000] {dagbag.py:508} INFO - Filling up the DagBag from /opt/airflow/dags/transform_and_analysis.py
[2022-10-01T00:27:09.940+0000] {processor.py:650} INFO - DAG(s) dict_keys(['2_daily_transformation_analysis']) retrieved from /opt/airflow/dags/transform_and_analysis.py
[2022-10-01T00:27:09.962+0000] {logging_mixin.py:115} INFO - [2022-10-01T00:27:09.961+0000] {dag.py:2429} INFO - Sync 1 DAGs
[2022-10-01T00:27:09.975+0000] {logging_mixin.py:115} INFO - [2022-10-01T00:27:09.975+0000] {dag.py:2981} INFO - Setting next_dagrun for 2_daily_transformation_analysis to 2020-08-01T00:00:00+00:00, run_after=2020-08-01T00:00:00+00:00
[2022-10-01T00:27:09.983+0000] {processor.py:161} INFO - Processing /opt/airflow/dags/transform_and_analysis.py took 0.064 seconds
[2022-10-01T00:27:40.476+0000] {processor.py:153} INFO - Started process (PID=36757) to work on /opt/airflow/dags/transform_and_analysis.py
[2022-10-01T00:27:40.478+0000] {processor.py:640} INFO - Processing file /opt/airflow/dags/transform_and_analysis.py for tasks to queue
[2022-10-01T00:27:40.480+0000] {logging_mixin.py:115} INFO - [2022-10-01T00:27:40.479+0000] {dagbag.py:508} INFO - Filling up the DagBag from /opt/airflow/dags/transform_and_analysis.py
[2022-10-01T00:27:40.493+0000] {processor.py:650} INFO - DAG(s) dict_keys(['2_daily_transformation_analysis']) retrieved from /opt/airflow/dags/transform_and_analysis.py
[2022-10-01T00:27:40.515+0000] {logging_mixin.py:115} INFO - [2022-10-01T00:27:40.515+0000] {dag.py:2429} INFO - Sync 1 DAGs
[2022-10-01T00:27:40.530+0000] {logging_mixin.py:115} INFO - [2022-10-01T00:27:40.530+0000] {dag.py:2981} INFO - Setting next_dagrun for 2_daily_transformation_analysis to 2020-08-01T00:00:00+00:00, run_after=2020-08-01T00:00:00+00:00
[2022-10-01T00:27:40.541+0000] {processor.py:161} INFO - Processing /opt/airflow/dags/transform_and_analysis.py took 0.068 seconds
[2022-10-01T00:28:11.309+0000] {processor.py:153} INFO - Started process (PID=36823) to work on /opt/airflow/dags/transform_and_analysis.py
[2022-10-01T00:28:11.313+0000] {processor.py:640} INFO - Processing file /opt/airflow/dags/transform_and_analysis.py for tasks to queue
[2022-10-01T00:28:11.317+0000] {logging_mixin.py:115} INFO - [2022-10-01T00:28:11.317+0000] {dagbag.py:508} INFO - Filling up the DagBag from /opt/airflow/dags/transform_and_analysis.py
[2022-10-01T00:28:11.327+0000] {processor.py:650} INFO - DAG(s) dict_keys(['2_daily_transformation_analysis']) retrieved from /opt/airflow/dags/transform_and_analysis.py
[2022-10-01T00:28:11.362+0000] {logging_mixin.py:115} INFO - [2022-10-01T00:28:11.362+0000] {dag.py:2429} INFO - Sync 1 DAGs
[2022-10-01T00:28:11.378+0000] {logging_mixin.py:115} INFO - [2022-10-01T00:28:11.377+0000] {dag.py:2981} INFO - Setting next_dagrun for 2_daily_transformation_analysis to 2020-08-01T00:00:00+00:00, run_after=2020-08-01T00:00:00+00:00
[2022-10-01T00:28:11.386+0000] {processor.py:161} INFO - Processing /opt/airflow/dags/transform_and_analysis.py took 0.081 seconds
[2022-10-01T00:28:41.868+0000] {processor.py:153} INFO - Started process (PID=36889) to work on /opt/airflow/dags/transform_and_analysis.py
[2022-10-01T00:28:41.870+0000] {processor.py:640} INFO - Processing file /opt/airflow/dags/transform_and_analysis.py for tasks to queue
[2022-10-01T00:28:41.871+0000] {logging_mixin.py:115} INFO - [2022-10-01T00:28:41.871+0000] {dagbag.py:508} INFO - Filling up the DagBag from /opt/airflow/dags/transform_and_analysis.py
[2022-10-01T00:28:41.883+0000] {processor.py:650} INFO - DAG(s) dict_keys(['2_daily_transformation_analysis']) retrieved from /opt/airflow/dags/transform_and_analysis.py
[2022-10-01T00:28:41.912+0000] {logging_mixin.py:115} INFO - [2022-10-01T00:28:41.912+0000] {dag.py:2429} INFO - Sync 1 DAGs
[2022-10-01T00:28:41.926+0000] {logging_mixin.py:115} INFO - [2022-10-01T00:28:41.926+0000] {dag.py:2981} INFO - Setting next_dagrun for 2_daily_transformation_analysis to 2020-08-01T00:00:00+00:00, run_after=2020-08-01T00:00:00+00:00
[2022-10-01T00:28:41.933+0000] {processor.py:161} INFO - Processing /opt/airflow/dags/transform_and_analysis.py took 0.068 seconds
[2022-10-01T00:29:12.412+0000] {processor.py:153} INFO - Started process (PID=36955) to work on /opt/airflow/dags/transform_and_analysis.py
[2022-10-01T00:29:12.414+0000] {processor.py:640} INFO - Processing file /opt/airflow/dags/transform_and_analysis.py for tasks to queue
[2022-10-01T00:29:12.416+0000] {logging_mixin.py:115} INFO - [2022-10-01T00:29:12.416+0000] {dagbag.py:508} INFO - Filling up the DagBag from /opt/airflow/dags/transform_and_analysis.py
[2022-10-01T00:29:12.462+0000] {processor.py:650} INFO - DAG(s) dict_keys(['2_daily_transformation_analysis']) retrieved from /opt/airflow/dags/transform_and_analysis.py
[2022-10-01T00:29:12.485+0000] {logging_mixin.py:115} INFO - [2022-10-01T00:29:12.485+0000] {dag.py:2429} INFO - Sync 1 DAGs
[2022-10-01T00:29:12.501+0000] {logging_mixin.py:115} INFO - [2022-10-01T00:29:12.501+0000] {dag.py:2981} INFO - Setting next_dagrun for 2_daily_transformation_analysis to 2020-08-01T00:00:00+00:00, run_after=2020-08-01T00:00:00+00:00
[2022-10-01T00:29:12.511+0000] {processor.py:161} INFO - Processing /opt/airflow/dags/transform_and_analysis.py took 0.103 seconds
[2022-10-01T00:29:42.979+0000] {processor.py:153} INFO - Started process (PID=37012) to work on /opt/airflow/dags/transform_and_analysis.py
[2022-10-01T00:29:42.980+0000] {processor.py:640} INFO - Processing file /opt/airflow/dags/transform_and_analysis.py for tasks to queue
[2022-10-01T00:29:42.982+0000] {logging_mixin.py:115} INFO - [2022-10-01T00:29:42.982+0000] {dagbag.py:508} INFO - Filling up the DagBag from /opt/airflow/dags/transform_and_analysis.py
[2022-10-01T00:29:42.996+0000] {processor.py:650} INFO - DAG(s) dict_keys(['2_daily_transformation_analysis']) retrieved from /opt/airflow/dags/transform_and_analysis.py
[2022-10-01T00:29:43.020+0000] {logging_mixin.py:115} INFO - [2022-10-01T00:29:43.020+0000] {dag.py:2429} INFO - Sync 1 DAGs
[2022-10-01T00:29:43.032+0000] {logging_mixin.py:115} INFO - [2022-10-01T00:29:43.032+0000] {dag.py:2981} INFO - Setting next_dagrun for 2_daily_transformation_analysis to 2020-08-01T00:00:00+00:00, run_after=2020-08-01T00:00:00+00:00
[2022-10-01T00:29:43.039+0000] {processor.py:161} INFO - Processing /opt/airflow/dags/transform_and_analysis.py took 0.063 seconds
[2022-10-01T00:30:13.830+0000] {processor.py:153} INFO - Started process (PID=37077) to work on /opt/airflow/dags/transform_and_analysis.py
[2022-10-01T00:30:13.832+0000] {processor.py:640} INFO - Processing file /opt/airflow/dags/transform_and_analysis.py for tasks to queue
[2022-10-01T00:30:13.834+0000] {logging_mixin.py:115} INFO - [2022-10-01T00:30:13.834+0000] {dagbag.py:508} INFO - Filling up the DagBag from /opt/airflow/dags/transform_and_analysis.py
[2022-10-01T00:30:13.844+0000] {processor.py:650} INFO - DAG(s) dict_keys(['2_daily_transformation_analysis']) retrieved from /opt/airflow/dags/transform_and_analysis.py
[2022-10-01T00:30:13.862+0000] {logging_mixin.py:115} INFO - [2022-10-01T00:30:13.862+0000] {dag.py:2429} INFO - Sync 1 DAGs
[2022-10-01T00:30:13.876+0000] {logging_mixin.py:115} INFO - [2022-10-01T00:30:13.876+0000] {dag.py:2981} INFO - Setting next_dagrun for 2_daily_transformation_analysis to 2020-08-01T00:00:00+00:00, run_after=2020-08-01T00:00:00+00:00
[2022-10-01T00:30:13.884+0000] {processor.py:161} INFO - Processing /opt/airflow/dags/transform_and_analysis.py took 0.056 seconds
[2022-10-01T00:30:44.170+0000] {processor.py:153} INFO - Started process (PID=37143) to work on /opt/airflow/dags/transform_and_analysis.py
[2022-10-01T00:30:44.172+0000] {processor.py:640} INFO - Processing file /opt/airflow/dags/transform_and_analysis.py for tasks to queue
[2022-10-01T00:30:44.173+0000] {logging_mixin.py:115} INFO - [2022-10-01T00:30:44.173+0000] {dagbag.py:508} INFO - Filling up the DagBag from /opt/airflow/dags/transform_and_analysis.py
[2022-10-01T00:30:44.187+0000] {processor.py:650} INFO - DAG(s) dict_keys(['2_daily_transformation_analysis']) retrieved from /opt/airflow/dags/transform_and_analysis.py
[2022-10-01T00:30:44.204+0000] {logging_mixin.py:115} INFO - [2022-10-01T00:30:44.204+0000] {dag.py:2429} INFO - Sync 1 DAGs
[2022-10-01T00:30:44.224+0000] {logging_mixin.py:115} INFO - [2022-10-01T00:30:44.224+0000] {dag.py:2981} INFO - Setting next_dagrun for 2_daily_transformation_analysis to 2020-08-01T00:00:00+00:00, run_after=2020-08-01T00:00:00+00:00
[2022-10-01T00:30:44.235+0000] {processor.py:161} INFO - Processing /opt/airflow/dags/transform_and_analysis.py took 0.068 seconds
[2022-10-01T00:31:14.574+0000] {processor.py:153} INFO - Started process (PID=37200) to work on /opt/airflow/dags/transform_and_analysis.py
[2022-10-01T00:31:14.585+0000] {processor.py:640} INFO - Processing file /opt/airflow/dags/transform_and_analysis.py for tasks to queue
[2022-10-01T00:31:14.586+0000] {logging_mixin.py:115} INFO - [2022-10-01T00:31:14.586+0000] {dagbag.py:508} INFO - Filling up the DagBag from /opt/airflow/dags/transform_and_analysis.py
[2022-10-01T00:31:14.616+0000] {processor.py:650} INFO - DAG(s) dict_keys(['2_daily_transformation_analysis']) retrieved from /opt/airflow/dags/transform_and_analysis.py
[2022-10-01T00:31:14.635+0000] {logging_mixin.py:115} INFO - [2022-10-01T00:31:14.635+0000] {dag.py:2429} INFO - Sync 1 DAGs
[2022-10-01T00:31:14.649+0000] {logging_mixin.py:115} INFO - [2022-10-01T00:31:14.649+0000] {dag.py:2981} INFO - Setting next_dagrun for 2_daily_transformation_analysis to 2020-08-01T00:00:00+00:00, run_after=2020-08-01T00:00:00+00:00
[2022-10-01T00:31:14.656+0000] {processor.py:161} INFO - Processing /opt/airflow/dags/transform_and_analysis.py took 0.085 seconds
[2022-10-01T00:31:45.290+0000] {processor.py:153} INFO - Started process (PID=37266) to work on /opt/airflow/dags/transform_and_analysis.py
[2022-10-01T00:31:45.291+0000] {processor.py:640} INFO - Processing file /opt/airflow/dags/transform_and_analysis.py for tasks to queue
[2022-10-01T00:31:45.292+0000] {logging_mixin.py:115} INFO - [2022-10-01T00:31:45.292+0000] {dagbag.py:508} INFO - Filling up the DagBag from /opt/airflow/dags/transform_and_analysis.py
[2022-10-01T00:31:45.303+0000] {processor.py:650} INFO - DAG(s) dict_keys(['2_daily_transformation_analysis']) retrieved from /opt/airflow/dags/transform_and_analysis.py
[2022-10-01T00:31:45.322+0000] {logging_mixin.py:115} INFO - [2022-10-01T00:31:45.322+0000] {dag.py:2429} INFO - Sync 1 DAGs
[2022-10-01T00:31:45.337+0000] {logging_mixin.py:115} INFO - [2022-10-01T00:31:45.337+0000] {dag.py:2981} INFO - Setting next_dagrun for 2_daily_transformation_analysis to 2020-08-01T00:00:00+00:00, run_after=2020-08-01T00:00:00+00:00
[2022-10-01T00:31:45.347+0000] {processor.py:161} INFO - Processing /opt/airflow/dags/transform_and_analysis.py took 0.059 seconds
[2022-10-01T00:32:15.677+0000] {processor.py:153} INFO - Started process (PID=37332) to work on /opt/airflow/dags/transform_and_analysis.py
[2022-10-01T00:32:15.679+0000] {processor.py:640} INFO - Processing file /opt/airflow/dags/transform_and_analysis.py for tasks to queue
[2022-10-01T00:32:15.680+0000] {logging_mixin.py:115} INFO - [2022-10-01T00:32:15.680+0000] {dagbag.py:508} INFO - Filling up the DagBag from /opt/airflow/dags/transform_and_analysis.py
[2022-10-01T00:32:15.691+0000] {processor.py:650} INFO - DAG(s) dict_keys(['2_daily_transformation_analysis']) retrieved from /opt/airflow/dags/transform_and_analysis.py
[2022-10-01T00:32:15.708+0000] {logging_mixin.py:115} INFO - [2022-10-01T00:32:15.708+0000] {dag.py:2429} INFO - Sync 1 DAGs
[2022-10-01T00:32:15.721+0000] {logging_mixin.py:115} INFO - [2022-10-01T00:32:15.721+0000] {dag.py:2981} INFO - Setting next_dagrun for 2_daily_transformation_analysis to 2020-08-01T00:00:00+00:00, run_after=2020-08-01T00:00:00+00:00
[2022-10-01T00:32:15.730+0000] {processor.py:161} INFO - Processing /opt/airflow/dags/transform_and_analysis.py took 0.056 seconds
[2022-10-01T00:32:46.678+0000] {processor.py:153} INFO - Started process (PID=37388) to work on /opt/airflow/dags/transform_and_analysis.py
[2022-10-01T00:32:46.684+0000] {processor.py:640} INFO - Processing file /opt/airflow/dags/transform_and_analysis.py for tasks to queue
[2022-10-01T00:32:46.686+0000] {logging_mixin.py:115} INFO - [2022-10-01T00:32:46.686+0000] {dagbag.py:508} INFO - Filling up the DagBag from /opt/airflow/dags/transform_and_analysis.py
[2022-10-01T00:32:46.710+0000] {processor.py:650} INFO - DAG(s) dict_keys(['2_daily_transformation_analysis']) retrieved from /opt/airflow/dags/transform_and_analysis.py
[2022-10-01T00:32:46.734+0000] {logging_mixin.py:115} INFO - [2022-10-01T00:32:46.734+0000] {dag.py:2429} INFO - Sync 1 DAGs
[2022-10-01T00:32:46.753+0000] {logging_mixin.py:115} INFO - [2022-10-01T00:32:46.752+0000] {dag.py:2981} INFO - Setting next_dagrun for 2_daily_transformation_analysis to 2020-08-01T00:00:00+00:00, run_after=2020-08-01T00:00:00+00:00
[2022-10-01T00:32:46.769+0000] {processor.py:161} INFO - Processing /opt/airflow/dags/transform_and_analysis.py took 0.094 seconds
[2022-10-01T00:33:17.092+0000] {processor.py:153} INFO - Started process (PID=37454) to work on /opt/airflow/dags/transform_and_analysis.py
[2022-10-01T00:33:17.096+0000] {processor.py:640} INFO - Processing file /opt/airflow/dags/transform_and_analysis.py for tasks to queue
[2022-10-01T00:33:17.098+0000] {logging_mixin.py:115} INFO - [2022-10-01T00:33:17.098+0000] {dagbag.py:508} INFO - Filling up the DagBag from /opt/airflow/dags/transform_and_analysis.py
[2022-10-01T00:33:17.114+0000] {processor.py:650} INFO - DAG(s) dict_keys(['2_daily_transformation_analysis']) retrieved from /opt/airflow/dags/transform_and_analysis.py
[2022-10-01T00:33:17.136+0000] {logging_mixin.py:115} INFO - [2022-10-01T00:33:17.136+0000] {dag.py:2429} INFO - Sync 1 DAGs
[2022-10-01T00:33:17.151+0000] {logging_mixin.py:115} INFO - [2022-10-01T00:33:17.151+0000] {dag.py:2981} INFO - Setting next_dagrun for 2_daily_transformation_analysis to 2020-08-01T00:00:00+00:00, run_after=2020-08-01T00:00:00+00:00
[2022-10-01T00:33:17.177+0000] {processor.py:161} INFO - Processing /opt/airflow/dags/transform_and_analysis.py took 0.088 seconds
[2022-10-01T00:33:47.481+0000] {processor.py:153} INFO - Started process (PID=37516) to work on /opt/airflow/dags/transform_and_analysis.py
[2022-10-01T00:33:47.485+0000] {processor.py:640} INFO - Processing file /opt/airflow/dags/transform_and_analysis.py for tasks to queue
[2022-10-01T00:33:47.486+0000] {logging_mixin.py:115} INFO - [2022-10-01T00:33:47.486+0000] {dagbag.py:508} INFO - Filling up the DagBag from /opt/airflow/dags/transform_and_analysis.py
[2022-10-01T00:33:47.502+0000] {processor.py:650} INFO - DAG(s) dict_keys(['2_daily_transformation_analysis']) retrieved from /opt/airflow/dags/transform_and_analysis.py
[2022-10-01T00:33:47.526+0000] {logging_mixin.py:115} INFO - [2022-10-01T00:33:47.526+0000] {dag.py:2429} INFO - Sync 1 DAGs
[2022-10-01T00:33:47.541+0000] {logging_mixin.py:115} INFO - [2022-10-01T00:33:47.541+0000] {dag.py:2981} INFO - Setting next_dagrun for 2_daily_transformation_analysis to 2020-08-01T00:00:00+00:00, run_after=2020-08-01T00:00:00+00:00
[2022-10-01T00:33:47.551+0000] {processor.py:161} INFO - Processing /opt/airflow/dags/transform_and_analysis.py took 0.073 seconds
[2022-10-01T00:34:18.224+0000] {processor.py:153} INFO - Started process (PID=37576) to work on /opt/airflow/dags/transform_and_analysis.py
[2022-10-01T00:34:18.227+0000] {processor.py:640} INFO - Processing file /opt/airflow/dags/transform_and_analysis.py for tasks to queue
[2022-10-01T00:34:18.229+0000] {logging_mixin.py:115} INFO - [2022-10-01T00:34:18.229+0000] {dagbag.py:508} INFO - Filling up the DagBag from /opt/airflow/dags/transform_and_analysis.py
[2022-10-01T00:34:18.247+0000] {processor.py:650} INFO - DAG(s) dict_keys(['2_daily_transformation_analysis']) retrieved from /opt/airflow/dags/transform_and_analysis.py
[2022-10-01T00:34:18.269+0000] {logging_mixin.py:115} INFO - [2022-10-01T00:34:18.269+0000] {dag.py:2429} INFO - Sync 1 DAGs
[2022-10-01T00:34:18.284+0000] {logging_mixin.py:115} INFO - [2022-10-01T00:34:18.284+0000] {dag.py:2981} INFO - Setting next_dagrun for 2_daily_transformation_analysis to 2020-08-01T00:00:00+00:00, run_after=2020-08-01T00:00:00+00:00
[2022-10-01T00:34:18.293+0000] {processor.py:161} INFO - Processing /opt/airflow/dags/transform_and_analysis.py took 0.072 seconds
[2022-10-01T00:34:49.068+0000] {processor.py:153} INFO - Started process (PID=37642) to work on /opt/airflow/dags/transform_and_analysis.py
[2022-10-01T00:34:49.074+0000] {processor.py:640} INFO - Processing file /opt/airflow/dags/transform_and_analysis.py for tasks to queue
[2022-10-01T00:34:49.078+0000] {logging_mixin.py:115} INFO - [2022-10-01T00:34:49.078+0000] {dagbag.py:508} INFO - Filling up the DagBag from /opt/airflow/dags/transform_and_analysis.py
[2022-10-01T00:34:49.090+0000] {processor.py:650} INFO - DAG(s) dict_keys(['2_daily_transformation_analysis']) retrieved from /opt/airflow/dags/transform_and_analysis.py
[2022-10-01T00:34:49.112+0000] {logging_mixin.py:115} INFO - [2022-10-01T00:34:49.112+0000] {dag.py:2429} INFO - Sync 1 DAGs
[2022-10-01T00:34:49.128+0000] {logging_mixin.py:115} INFO - [2022-10-01T00:34:49.128+0000] {dag.py:2981} INFO - Setting next_dagrun for 2_daily_transformation_analysis to 2020-08-01T00:00:00+00:00, run_after=2020-08-01T00:00:00+00:00
[2022-10-01T00:34:49.136+0000] {processor.py:161} INFO - Processing /opt/airflow/dags/transform_and_analysis.py took 0.071 seconds
[2022-10-01T00:35:19.643+0000] {processor.py:153} INFO - Started process (PID=37699) to work on /opt/airflow/dags/transform_and_analysis.py
[2022-10-01T00:35:19.645+0000] {processor.py:640} INFO - Processing file /opt/airflow/dags/transform_and_analysis.py for tasks to queue
[2022-10-01T00:35:19.646+0000] {logging_mixin.py:115} INFO - [2022-10-01T00:35:19.646+0000] {dagbag.py:508} INFO - Filling up the DagBag from /opt/airflow/dags/transform_and_analysis.py
[2022-10-01T00:35:19.663+0000] {processor.py:650} INFO - DAG(s) dict_keys(['2_daily_transformation_analysis']) retrieved from /opt/airflow/dags/transform_and_analysis.py
[2022-10-01T00:35:19.681+0000] {logging_mixin.py:115} INFO - [2022-10-01T00:35:19.681+0000] {dag.py:2429} INFO - Sync 1 DAGs
[2022-10-01T00:35:19.694+0000] {logging_mixin.py:115} INFO - [2022-10-01T00:35:19.694+0000] {dag.py:2981} INFO - Setting next_dagrun for 2_daily_transformation_analysis to 2020-08-01T00:00:00+00:00, run_after=2020-08-01T00:00:00+00:00
[2022-10-01T00:35:19.701+0000] {processor.py:161} INFO - Processing /opt/airflow/dags/transform_and_analysis.py took 0.061 seconds
[2022-10-01T00:35:50.802+0000] {processor.py:153} INFO - Started process (PID=37766) to work on /opt/airflow/dags/transform_and_analysis.py
[2022-10-01T00:35:50.804+0000] {processor.py:640} INFO - Processing file /opt/airflow/dags/transform_and_analysis.py for tasks to queue
[2022-10-01T00:35:50.805+0000] {logging_mixin.py:115} INFO - [2022-10-01T00:35:50.805+0000] {dagbag.py:508} INFO - Filling up the DagBag from /opt/airflow/dags/transform_and_analysis.py
[2022-10-01T00:35:50.818+0000] {processor.py:650} INFO - DAG(s) dict_keys(['2_daily_transformation_analysis']) retrieved from /opt/airflow/dags/transform_and_analysis.py
[2022-10-01T00:35:50.852+0000] {logging_mixin.py:115} INFO - [2022-10-01T00:35:50.851+0000] {dag.py:2429} INFO - Sync 1 DAGs
[2022-10-01T00:35:50.867+0000] {logging_mixin.py:115} INFO - [2022-10-01T00:35:50.866+0000] {dag.py:2981} INFO - Setting next_dagrun for 2_daily_transformation_analysis to 2020-08-01T00:00:00+00:00, run_after=2020-08-01T00:00:00+00:00
[2022-10-01T00:35:50.875+0000] {processor.py:161} INFO - Processing /opt/airflow/dags/transform_and_analysis.py took 0.075 seconds
