[2022-09-30T17:57:52.604+0000] {taskinstance.py:1171} INFO - Dependencies all met for <TaskInstance: preparing_motor_data_for_processing.PreventiveMaint_ACES manual__2022-09-30T17:57:49.459985+00:00 [queued]>
[2022-09-30T17:57:52.611+0000] {taskinstance.py:1171} INFO - Dependencies all met for <TaskInstance: preparing_motor_data_for_processing.PreventiveMaint_ACES manual__2022-09-30T17:57:49.459985+00:00 [queued]>
[2022-09-30T17:57:52.612+0000] {taskinstance.py:1368} INFO - 
--------------------------------------------------------------------------------
[2022-09-30T17:57:52.614+0000] {taskinstance.py:1369} INFO - Starting attempt 1 of 2
[2022-09-30T17:57:52.615+0000] {taskinstance.py:1370} INFO - 
--------------------------------------------------------------------------------
[2022-09-30T17:57:52.625+0000] {taskinstance.py:1389} INFO - Executing <Task(SSHOperator): PreventiveMaint_ACES> on 2022-09-30 17:57:49.459985+00:00
[2022-09-30T17:57:52.634+0000] {standard_task_runner.py:52} INFO - Started process 75726 to run task
[2022-09-30T17:57:52.638+0000] {standard_task_runner.py:79} INFO - Running: ['***', 'tasks', 'run', 'preparing_motor_data_for_processing', 'PreventiveMaint_ACES', 'manual__2022-09-30T17:57:49.459985+00:00', '--job-id', '56', '--raw', '--subdir', 'DAGS_FOLDER/preparing_motor_data_for_processing.py', '--cfg-path', '/tmp/tmpgrs4ij5q', '--error-file', '/tmp/tmpg6xo518i']
[2022-09-30T17:57:52.640+0000] {standard_task_runner.py:80} INFO - Job 56: Subtask PreventiveMaint_ACES
[2022-09-30T17:57:52.722+0000] {task_command.py:371} INFO - Running <TaskInstance: preparing_motor_data_for_processing.PreventiveMaint_ACES manual__2022-09-30T17:57:49.459985+00:00 [running]> on host 3431a65fe7cb
[2022-09-30T17:57:52.844+0000] {taskinstance.py:1583} INFO - Exporting the following env vars:
AIRFLOW_CTX_DAG_OWNER=jsanchez
AIRFLOW_CTX_DAG_ID=preparing_motor_data_for_processing
AIRFLOW_CTX_TASK_ID=PreventiveMaint_ACES
AIRFLOW_CTX_EXECUTION_DATE=2022-09-30T17:57:49.459985+00:00
AIRFLOW_CTX_TRY_NUMBER=1
AIRFLOW_CTX_DAG_RUN_ID=manual__2022-09-30T17:57:49.459985+00:00
[2022-09-30T17:57:52.859+0000] {ssh.py:136} INFO - Creating ssh_client
[2022-09-30T17:57:52.860+0000] {ssh.py:114} INFO - ssh_hook is not provided or invalid. Trying ssh_conn_id to create SSHHook.
[2022-09-30T17:57:52.877+0000] {base.py:68} INFO - Using connection ID 'qa_ai_app1' for task execution.
[2022-09-30T17:57:52.906+0000] {ssh.py:287} WARNING - No Host Key Verification. This won't protect against Man-In-The-Middle attacks
[2022-09-30T17:57:53.351+0000] {transport.py:1874} INFO - Connected (version 2.0, client OpenSSH_7.6p1)
[2022-09-30T17:57:53.790+0000] {transport.py:1874} INFO - Authentication (publickey) successful!
[2022-09-30T17:57:53.793+0000] {ssh.py:464} INFO - Running command: cd /opt/data/motor/keepsco/Specifications_Data/Preventive_Maintenance_ACES/&& cp $(ls -tr | grep PreventiveMaint_ACES_ | tail -n 1) ~/
[2022-09-30T17:57:55.314+0000] {taskinstance.py:1412} INFO - Marking task as SUCCESS. dag_id=preparing_motor_data_for_processing, task_id=PreventiveMaint_ACES, execution_date=20220930T175749, start_date=20220930T175752, end_date=20220930T175755
[2022-09-30T17:57:55.704+0000] {local_task_job.py:156} INFO - Task exited with return code 0
[2022-09-30T17:57:56.102+0000] {local_task_job.py:279} INFO - 0 downstream tasks scheduled from follow-on schedule check
