[2022-10-01T00:00:24.669+0000] {processor.py:153} INFO - Started process (PID=33935) to work on /home/airflow/.local/lib/python3.7/site-packages/airflow/example_dags/example_task_group.py
[2022-10-01T00:00:24.674+0000] {processor.py:640} INFO - Processing file /home/airflow/.local/lib/python3.7/site-packages/airflow/example_dags/example_task_group.py for tasks to queue
[2022-10-01T00:00:24.678+0000] {logging_mixin.py:115} INFO - [2022-10-01T00:00:24.678+0000] {dagbag.py:508} INFO - Filling up the DagBag from /home/airflow/.local/lib/python3.7/site-packages/airflow/example_dags/example_task_group.py
[2022-10-01T00:00:24.688+0000] {processor.py:650} INFO - DAG(s) dict_keys(['example_task_group']) retrieved from /home/airflow/.local/lib/python3.7/site-packages/airflow/example_dags/example_task_group.py
[2022-10-01T00:00:24.707+0000] {logging_mixin.py:115} INFO - [2022-10-01T00:00:24.707+0000] {dag.py:2429} INFO - Sync 1 DAGs
[2022-10-01T00:00:24.727+0000] {logging_mixin.py:115} INFO - [2022-10-01T00:00:24.727+0000] {dag.py:2981} INFO - Setting next_dagrun for example_task_group to 2022-09-30T00:00:24.727250+00:00, run_after=2022-10-01T00:00:24.727250+00:00
[2022-10-01T00:00:24.737+0000] {processor.py:161} INFO - Processing /home/airflow/.local/lib/python3.7/site-packages/airflow/example_dags/example_task_group.py took 0.071 seconds
[2022-10-01T00:00:55.185+0000] {processor.py:153} INFO - Started process (PID=34002) to work on /home/airflow/.local/lib/python3.7/site-packages/airflow/example_dags/example_task_group.py
[2022-10-01T00:00:55.187+0000] {processor.py:640} INFO - Processing file /home/airflow/.local/lib/python3.7/site-packages/airflow/example_dags/example_task_group.py for tasks to queue
[2022-10-01T00:00:55.188+0000] {logging_mixin.py:115} INFO - [2022-10-01T00:00:55.188+0000] {dagbag.py:508} INFO - Filling up the DagBag from /home/airflow/.local/lib/python3.7/site-packages/airflow/example_dags/example_task_group.py
[2022-10-01T00:00:55.195+0000] {processor.py:650} INFO - DAG(s) dict_keys(['example_task_group']) retrieved from /home/airflow/.local/lib/python3.7/site-packages/airflow/example_dags/example_task_group.py
[2022-10-01T00:00:55.217+0000] {logging_mixin.py:115} INFO - [2022-10-01T00:00:55.216+0000] {dag.py:2429} INFO - Sync 1 DAGs
[2022-10-01T00:00:55.232+0000] {logging_mixin.py:115} INFO - [2022-10-01T00:00:55.232+0000] {dag.py:2981} INFO - Setting next_dagrun for example_task_group to 2022-09-30T00:00:55.232496+00:00, run_after=2022-10-01T00:00:55.232496+00:00
[2022-10-01T00:00:55.243+0000] {processor.py:161} INFO - Processing /home/airflow/.local/lib/python3.7/site-packages/airflow/example_dags/example_task_group.py took 0.060 seconds
[2022-10-01T00:01:25.804+0000] {processor.py:153} INFO - Started process (PID=34068) to work on /home/airflow/.local/lib/python3.7/site-packages/airflow/example_dags/example_task_group.py
[2022-10-01T00:01:25.806+0000] {processor.py:640} INFO - Processing file /home/airflow/.local/lib/python3.7/site-packages/airflow/example_dags/example_task_group.py for tasks to queue
[2022-10-01T00:01:25.808+0000] {logging_mixin.py:115} INFO - [2022-10-01T00:01:25.808+0000] {dagbag.py:508} INFO - Filling up the DagBag from /home/airflow/.local/lib/python3.7/site-packages/airflow/example_dags/example_task_group.py
[2022-10-01T00:01:25.814+0000] {processor.py:650} INFO - DAG(s) dict_keys(['example_task_group']) retrieved from /home/airflow/.local/lib/python3.7/site-packages/airflow/example_dags/example_task_group.py
[2022-10-01T00:01:25.834+0000] {logging_mixin.py:115} INFO - [2022-10-01T00:01:25.834+0000] {dag.py:2429} INFO - Sync 1 DAGs
[2022-10-01T00:01:25.848+0000] {logging_mixin.py:115} INFO - [2022-10-01T00:01:25.848+0000] {dag.py:2981} INFO - Setting next_dagrun for example_task_group to 2022-09-30T00:01:25.848274+00:00, run_after=2022-10-01T00:01:25.848274+00:00
[2022-10-01T00:01:25.856+0000] {processor.py:161} INFO - Processing /home/airflow/.local/lib/python3.7/site-packages/airflow/example_dags/example_task_group.py took 0.054 seconds
[2022-10-01T00:01:56.272+0000] {processor.py:153} INFO - Started process (PID=34134) to work on /home/airflow/.local/lib/python3.7/site-packages/airflow/example_dags/example_task_group.py
[2022-10-01T00:01:56.274+0000] {processor.py:640} INFO - Processing file /home/airflow/.local/lib/python3.7/site-packages/airflow/example_dags/example_task_group.py for tasks to queue
[2022-10-01T00:01:56.276+0000] {logging_mixin.py:115} INFO - [2022-10-01T00:01:56.276+0000] {dagbag.py:508} INFO - Filling up the DagBag from /home/airflow/.local/lib/python3.7/site-packages/airflow/example_dags/example_task_group.py
[2022-10-01T00:01:56.283+0000] {processor.py:650} INFO - DAG(s) dict_keys(['example_task_group']) retrieved from /home/airflow/.local/lib/python3.7/site-packages/airflow/example_dags/example_task_group.py
[2022-10-01T00:01:56.306+0000] {logging_mixin.py:115} INFO - [2022-10-01T00:01:56.306+0000] {dag.py:2429} INFO - Sync 1 DAGs
[2022-10-01T00:01:56.320+0000] {logging_mixin.py:115} INFO - [2022-10-01T00:01:56.320+0000] {dag.py:2981} INFO - Setting next_dagrun for example_task_group to 2022-09-30T00:01:56.320387+00:00, run_after=2022-10-01T00:01:56.320387+00:00
[2022-10-01T00:01:56.329+0000] {processor.py:161} INFO - Processing /home/airflow/.local/lib/python3.7/site-packages/airflow/example_dags/example_task_group.py took 0.059 seconds
[2022-10-01T00:02:26.649+0000] {processor.py:153} INFO - Started process (PID=34191) to work on /home/airflow/.local/lib/python3.7/site-packages/airflow/example_dags/example_task_group.py
[2022-10-01T00:02:26.654+0000] {processor.py:640} INFO - Processing file /home/airflow/.local/lib/python3.7/site-packages/airflow/example_dags/example_task_group.py for tasks to queue
[2022-10-01T00:02:26.655+0000] {logging_mixin.py:115} INFO - [2022-10-01T00:02:26.655+0000] {dagbag.py:508} INFO - Filling up the DagBag from /home/airflow/.local/lib/python3.7/site-packages/airflow/example_dags/example_task_group.py
[2022-10-01T00:02:26.660+0000] {processor.py:650} INFO - DAG(s) dict_keys(['example_task_group']) retrieved from /home/airflow/.local/lib/python3.7/site-packages/airflow/example_dags/example_task_group.py
[2022-10-01T00:02:26.678+0000] {logging_mixin.py:115} INFO - [2022-10-01T00:02:26.678+0000] {dag.py:2429} INFO - Sync 1 DAGs
[2022-10-01T00:02:26.696+0000] {logging_mixin.py:115} INFO - [2022-10-01T00:02:26.696+0000] {dag.py:2981} INFO - Setting next_dagrun for example_task_group to 2022-09-30T00:02:26.696563+00:00, run_after=2022-10-01T00:02:26.696563+00:00
[2022-10-01T00:02:26.704+0000] {processor.py:161} INFO - Processing /home/airflow/.local/lib/python3.7/site-packages/airflow/example_dags/example_task_group.py took 0.058 seconds
[2022-10-01T00:02:57.049+0000] {processor.py:153} INFO - Started process (PID=34257) to work on /home/airflow/.local/lib/python3.7/site-packages/airflow/example_dags/example_task_group.py
[2022-10-01T00:02:57.051+0000] {processor.py:640} INFO - Processing file /home/airflow/.local/lib/python3.7/site-packages/airflow/example_dags/example_task_group.py for tasks to queue
[2022-10-01T00:02:57.052+0000] {logging_mixin.py:115} INFO - [2022-10-01T00:02:57.052+0000] {dagbag.py:508} INFO - Filling up the DagBag from /home/airflow/.local/lib/python3.7/site-packages/airflow/example_dags/example_task_group.py
[2022-10-01T00:02:57.057+0000] {processor.py:650} INFO - DAG(s) dict_keys(['example_task_group']) retrieved from /home/airflow/.local/lib/python3.7/site-packages/airflow/example_dags/example_task_group.py
[2022-10-01T00:02:57.075+0000] {logging_mixin.py:115} INFO - [2022-10-01T00:02:57.075+0000] {dag.py:2429} INFO - Sync 1 DAGs
[2022-10-01T00:02:57.091+0000] {logging_mixin.py:115} INFO - [2022-10-01T00:02:57.091+0000] {dag.py:2981} INFO - Setting next_dagrun for example_task_group to 2022-09-30T00:02:57.091286+00:00, run_after=2022-10-01T00:02:57.091286+00:00
[2022-10-01T00:02:57.100+0000] {processor.py:161} INFO - Processing /home/airflow/.local/lib/python3.7/site-packages/airflow/example_dags/example_task_group.py took 0.053 seconds
[2022-10-01T00:03:27.280+0000] {processor.py:153} INFO - Started process (PID=34324) to work on /home/airflow/.local/lib/python3.7/site-packages/airflow/example_dags/example_task_group.py
[2022-10-01T00:03:27.283+0000] {processor.py:640} INFO - Processing file /home/airflow/.local/lib/python3.7/site-packages/airflow/example_dags/example_task_group.py for tasks to queue
[2022-10-01T00:03:27.284+0000] {logging_mixin.py:115} INFO - [2022-10-01T00:03:27.284+0000] {dagbag.py:508} INFO - Filling up the DagBag from /home/airflow/.local/lib/python3.7/site-packages/airflow/example_dags/example_task_group.py
[2022-10-01T00:03:27.290+0000] {processor.py:650} INFO - DAG(s) dict_keys(['example_task_group']) retrieved from /home/airflow/.local/lib/python3.7/site-packages/airflow/example_dags/example_task_group.py
[2022-10-01T00:03:27.311+0000] {logging_mixin.py:115} INFO - [2022-10-01T00:03:27.311+0000] {dag.py:2429} INFO - Sync 1 DAGs
[2022-10-01T00:03:27.325+0000] {logging_mixin.py:115} INFO - [2022-10-01T00:03:27.325+0000] {dag.py:2981} INFO - Setting next_dagrun for example_task_group to 2022-09-30T00:03:27.325557+00:00, run_after=2022-10-01T00:03:27.325557+00:00
[2022-10-01T00:03:27.334+0000] {processor.py:161} INFO - Processing /home/airflow/.local/lib/python3.7/site-packages/airflow/example_dags/example_task_group.py took 0.056 seconds
[2022-10-01T00:03:57.724+0000] {processor.py:153} INFO - Started process (PID=34390) to work on /home/airflow/.local/lib/python3.7/site-packages/airflow/example_dags/example_task_group.py
[2022-10-01T00:03:57.726+0000] {processor.py:640} INFO - Processing file /home/airflow/.local/lib/python3.7/site-packages/airflow/example_dags/example_task_group.py for tasks to queue
[2022-10-01T00:03:57.728+0000] {logging_mixin.py:115} INFO - [2022-10-01T00:03:57.728+0000] {dagbag.py:508} INFO - Filling up the DagBag from /home/airflow/.local/lib/python3.7/site-packages/airflow/example_dags/example_task_group.py
[2022-10-01T00:03:57.735+0000] {processor.py:650} INFO - DAG(s) dict_keys(['example_task_group']) retrieved from /home/airflow/.local/lib/python3.7/site-packages/airflow/example_dags/example_task_group.py
[2022-10-01T00:03:57.764+0000] {logging_mixin.py:115} INFO - [2022-10-01T00:03:57.764+0000] {dag.py:2429} INFO - Sync 1 DAGs
[2022-10-01T00:03:57.784+0000] {logging_mixin.py:115} INFO - [2022-10-01T00:03:57.784+0000] {dag.py:2981} INFO - Setting next_dagrun for example_task_group to 2022-09-30T00:03:57.784611+00:00, run_after=2022-10-01T00:03:57.784611+00:00
[2022-10-01T00:03:57.798+0000] {processor.py:161} INFO - Processing /home/airflow/.local/lib/python3.7/site-packages/airflow/example_dags/example_task_group.py took 0.079 seconds
[2022-10-01T00:04:28.139+0000] {processor.py:153} INFO - Started process (PID=34447) to work on /home/airflow/.local/lib/python3.7/site-packages/airflow/example_dags/example_task_group.py
[2022-10-01T00:04:28.163+0000] {processor.py:640} INFO - Processing file /home/airflow/.local/lib/python3.7/site-packages/airflow/example_dags/example_task_group.py for tasks to queue
[2022-10-01T00:04:28.165+0000] {logging_mixin.py:115} INFO - [2022-10-01T00:04:28.165+0000] {dagbag.py:508} INFO - Filling up the DagBag from /home/airflow/.local/lib/python3.7/site-packages/airflow/example_dags/example_task_group.py
[2022-10-01T00:04:28.172+0000] {processor.py:650} INFO - DAG(s) dict_keys(['example_task_group']) retrieved from /home/airflow/.local/lib/python3.7/site-packages/airflow/example_dags/example_task_group.py
[2022-10-01T00:04:28.192+0000] {logging_mixin.py:115} INFO - [2022-10-01T00:04:28.192+0000] {dag.py:2429} INFO - Sync 1 DAGs
[2022-10-01T00:04:28.206+0000] {logging_mixin.py:115} INFO - [2022-10-01T00:04:28.206+0000] {dag.py:2981} INFO - Setting next_dagrun for example_task_group to 2022-09-30T00:04:28.205881+00:00, run_after=2022-10-01T00:04:28.205881+00:00
[2022-10-01T00:04:28.214+0000] {processor.py:161} INFO - Processing /home/airflow/.local/lib/python3.7/site-packages/airflow/example_dags/example_task_group.py took 0.077 seconds
[2022-10-01T00:04:58.570+0000] {processor.py:153} INFO - Started process (PID=34513) to work on /home/airflow/.local/lib/python3.7/site-packages/airflow/example_dags/example_task_group.py
[2022-10-01T00:04:58.574+0000] {processor.py:640} INFO - Processing file /home/airflow/.local/lib/python3.7/site-packages/airflow/example_dags/example_task_group.py for tasks to queue
[2022-10-01T00:04:58.575+0000] {logging_mixin.py:115} INFO - [2022-10-01T00:04:58.575+0000] {dagbag.py:508} INFO - Filling up the DagBag from /home/airflow/.local/lib/python3.7/site-packages/airflow/example_dags/example_task_group.py
[2022-10-01T00:04:58.580+0000] {processor.py:650} INFO - DAG(s) dict_keys(['example_task_group']) retrieved from /home/airflow/.local/lib/python3.7/site-packages/airflow/example_dags/example_task_group.py
[2022-10-01T00:04:58.600+0000] {logging_mixin.py:115} INFO - [2022-10-01T00:04:58.600+0000] {dag.py:2429} INFO - Sync 1 DAGs
[2022-10-01T00:04:58.615+0000] {logging_mixin.py:115} INFO - [2022-10-01T00:04:58.615+0000] {dag.py:2981} INFO - Setting next_dagrun for example_task_group to 2022-09-30T00:04:58.615227+00:00, run_after=2022-10-01T00:04:58.615227+00:00
[2022-10-01T00:04:58.624+0000] {processor.py:161} INFO - Processing /home/airflow/.local/lib/python3.7/site-packages/airflow/example_dags/example_task_group.py took 0.056 seconds
[2022-10-01T00:05:28.967+0000] {processor.py:153} INFO - Started process (PID=34580) to work on /home/airflow/.local/lib/python3.7/site-packages/airflow/example_dags/example_task_group.py
[2022-10-01T00:05:28.969+0000] {processor.py:640} INFO - Processing file /home/airflow/.local/lib/python3.7/site-packages/airflow/example_dags/example_task_group.py for tasks to queue
[2022-10-01T00:05:28.970+0000] {logging_mixin.py:115} INFO - [2022-10-01T00:05:28.970+0000] {dagbag.py:508} INFO - Filling up the DagBag from /home/airflow/.local/lib/python3.7/site-packages/airflow/example_dags/example_task_group.py
[2022-10-01T00:05:28.975+0000] {processor.py:650} INFO - DAG(s) dict_keys(['example_task_group']) retrieved from /home/airflow/.local/lib/python3.7/site-packages/airflow/example_dags/example_task_group.py
[2022-10-01T00:05:28.994+0000] {logging_mixin.py:115} INFO - [2022-10-01T00:05:28.994+0000] {dag.py:2429} INFO - Sync 1 DAGs
[2022-10-01T00:05:29.009+0000] {logging_mixin.py:115} INFO - [2022-10-01T00:05:29.008+0000] {dag.py:2981} INFO - Setting next_dagrun for example_task_group to 2022-09-30T00:05:29.008748+00:00, run_after=2022-10-01T00:05:29.008748+00:00
[2022-10-01T00:05:29.017+0000] {processor.py:161} INFO - Processing /home/airflow/.local/lib/python3.7/site-packages/airflow/example_dags/example_task_group.py took 0.052 seconds
[2022-10-01T00:05:59.283+0000] {processor.py:153} INFO - Started process (PID=34646) to work on /home/airflow/.local/lib/python3.7/site-packages/airflow/example_dags/example_task_group.py
[2022-10-01T00:05:59.285+0000] {processor.py:640} INFO - Processing file /home/airflow/.local/lib/python3.7/site-packages/airflow/example_dags/example_task_group.py for tasks to queue
[2022-10-01T00:05:59.286+0000] {logging_mixin.py:115} INFO - [2022-10-01T00:05:59.286+0000] {dagbag.py:508} INFO - Filling up the DagBag from /home/airflow/.local/lib/python3.7/site-packages/airflow/example_dags/example_task_group.py
[2022-10-01T00:05:59.292+0000] {processor.py:650} INFO - DAG(s) dict_keys(['example_task_group']) retrieved from /home/airflow/.local/lib/python3.7/site-packages/airflow/example_dags/example_task_group.py
[2022-10-01T00:05:59.314+0000] {logging_mixin.py:115} INFO - [2022-10-01T00:05:59.314+0000] {dag.py:2429} INFO - Sync 1 DAGs
[2022-10-01T00:05:59.335+0000] {logging_mixin.py:115} INFO - [2022-10-01T00:05:59.334+0000] {dag.py:2981} INFO - Setting next_dagrun for example_task_group to 2022-09-30T00:05:59.334650+00:00, run_after=2022-10-01T00:05:59.334650+00:00
[2022-10-01T00:05:59.345+0000] {processor.py:161} INFO - Processing /home/airflow/.local/lib/python3.7/site-packages/airflow/example_dags/example_task_group.py took 0.065 seconds
[2022-10-01T00:06:29.799+0000] {processor.py:153} INFO - Started process (PID=34704) to work on /home/airflow/.local/lib/python3.7/site-packages/airflow/example_dags/example_task_group.py
[2022-10-01T00:06:29.801+0000] {processor.py:640} INFO - Processing file /home/airflow/.local/lib/python3.7/site-packages/airflow/example_dags/example_task_group.py for tasks to queue
[2022-10-01T00:06:29.802+0000] {logging_mixin.py:115} INFO - [2022-10-01T00:06:29.802+0000] {dagbag.py:508} INFO - Filling up the DagBag from /home/airflow/.local/lib/python3.7/site-packages/airflow/example_dags/example_task_group.py
[2022-10-01T00:06:29.809+0000] {processor.py:650} INFO - DAG(s) dict_keys(['example_task_group']) retrieved from /home/airflow/.local/lib/python3.7/site-packages/airflow/example_dags/example_task_group.py
[2022-10-01T00:06:29.827+0000] {logging_mixin.py:115} INFO - [2022-10-01T00:06:29.827+0000] {dag.py:2429} INFO - Sync 1 DAGs
[2022-10-01T00:06:29.851+0000] {logging_mixin.py:115} INFO - [2022-10-01T00:06:29.851+0000] {dag.py:2981} INFO - Setting next_dagrun for example_task_group to 2022-09-30T00:06:29.851287+00:00, run_after=2022-10-01T00:06:29.851287+00:00
[2022-10-01T00:06:29.859+0000] {processor.py:161} INFO - Processing /home/airflow/.local/lib/python3.7/site-packages/airflow/example_dags/example_task_group.py took 0.063 seconds
[2022-10-01T00:07:00.092+0000] {processor.py:153} INFO - Started process (PID=34770) to work on /home/airflow/.local/lib/python3.7/site-packages/airflow/example_dags/example_task_group.py
[2022-10-01T00:07:00.094+0000] {processor.py:640} INFO - Processing file /home/airflow/.local/lib/python3.7/site-packages/airflow/example_dags/example_task_group.py for tasks to queue
[2022-10-01T00:07:00.095+0000] {logging_mixin.py:115} INFO - [2022-10-01T00:07:00.095+0000] {dagbag.py:508} INFO - Filling up the DagBag from /home/airflow/.local/lib/python3.7/site-packages/airflow/example_dags/example_task_group.py
[2022-10-01T00:07:00.103+0000] {processor.py:650} INFO - DAG(s) dict_keys(['example_task_group']) retrieved from /home/airflow/.local/lib/python3.7/site-packages/airflow/example_dags/example_task_group.py
[2022-10-01T00:07:00.129+0000] {logging_mixin.py:115} INFO - [2022-10-01T00:07:00.129+0000] {dag.py:2429} INFO - Sync 1 DAGs
[2022-10-01T00:07:00.148+0000] {logging_mixin.py:115} INFO - [2022-10-01T00:07:00.148+0000] {dag.py:2981} INFO - Setting next_dagrun for example_task_group to 2022-09-30T00:07:00.148127+00:00, run_after=2022-10-01T00:07:00.148127+00:00
[2022-10-01T00:07:00.158+0000] {processor.py:161} INFO - Processing /home/airflow/.local/lib/python3.7/site-packages/airflow/example_dags/example_task_group.py took 0.070 seconds
[2022-10-01T00:07:30.578+0000] {processor.py:153} INFO - Started process (PID=34836) to work on /home/airflow/.local/lib/python3.7/site-packages/airflow/example_dags/example_task_group.py
[2022-10-01T00:07:30.580+0000] {processor.py:640} INFO - Processing file /home/airflow/.local/lib/python3.7/site-packages/airflow/example_dags/example_task_group.py for tasks to queue
[2022-10-01T00:07:30.581+0000] {logging_mixin.py:115} INFO - [2022-10-01T00:07:30.581+0000] {dagbag.py:508} INFO - Filling up the DagBag from /home/airflow/.local/lib/python3.7/site-packages/airflow/example_dags/example_task_group.py
[2022-10-01T00:07:30.587+0000] {processor.py:650} INFO - DAG(s) dict_keys(['example_task_group']) retrieved from /home/airflow/.local/lib/python3.7/site-packages/airflow/example_dags/example_task_group.py
[2022-10-01T00:07:30.606+0000] {logging_mixin.py:115} INFO - [2022-10-01T00:07:30.606+0000] {dag.py:2429} INFO - Sync 1 DAGs
[2022-10-01T00:07:30.622+0000] {logging_mixin.py:115} INFO - [2022-10-01T00:07:30.621+0000] {dag.py:2981} INFO - Setting next_dagrun for example_task_group to 2022-09-30T00:07:30.621759+00:00, run_after=2022-10-01T00:07:30.621759+00:00
[2022-10-01T00:07:30.629+0000] {processor.py:161} INFO - Processing /home/airflow/.local/lib/python3.7/site-packages/airflow/example_dags/example_task_group.py took 0.053 seconds
[2022-10-01T00:08:00.849+0000] {processor.py:153} INFO - Started process (PID=34893) to work on /home/airflow/.local/lib/python3.7/site-packages/airflow/example_dags/example_task_group.py
[2022-10-01T00:08:00.852+0000] {processor.py:640} INFO - Processing file /home/airflow/.local/lib/python3.7/site-packages/airflow/example_dags/example_task_group.py for tasks to queue
[2022-10-01T00:08:00.854+0000] {logging_mixin.py:115} INFO - [2022-10-01T00:08:00.854+0000] {dagbag.py:508} INFO - Filling up the DagBag from /home/airflow/.local/lib/python3.7/site-packages/airflow/example_dags/example_task_group.py
[2022-10-01T00:08:00.862+0000] {processor.py:650} INFO - DAG(s) dict_keys(['example_task_group']) retrieved from /home/airflow/.local/lib/python3.7/site-packages/airflow/example_dags/example_task_group.py
[2022-10-01T00:08:00.886+0000] {logging_mixin.py:115} INFO - [2022-10-01T00:08:00.886+0000] {dag.py:2429} INFO - Sync 1 DAGs
[2022-10-01T00:08:00.906+0000] {logging_mixin.py:115} INFO - [2022-10-01T00:08:00.906+0000] {dag.py:2981} INFO - Setting next_dagrun for example_task_group to 2022-09-30T00:08:00.906013+00:00, run_after=2022-10-01T00:08:00.906013+00:00
[2022-10-01T00:08:00.918+0000] {processor.py:161} INFO - Processing /home/airflow/.local/lib/python3.7/site-packages/airflow/example_dags/example_task_group.py took 0.071 seconds
[2022-10-01T00:08:31.396+0000] {processor.py:153} INFO - Started process (PID=34959) to work on /home/airflow/.local/lib/python3.7/site-packages/airflow/example_dags/example_task_group.py
[2022-10-01T00:08:31.398+0000] {processor.py:640} INFO - Processing file /home/airflow/.local/lib/python3.7/site-packages/airflow/example_dags/example_task_group.py for tasks to queue
[2022-10-01T00:08:31.399+0000] {logging_mixin.py:115} INFO - [2022-10-01T00:08:31.399+0000] {dagbag.py:508} INFO - Filling up the DagBag from /home/airflow/.local/lib/python3.7/site-packages/airflow/example_dags/example_task_group.py
[2022-10-01T00:08:31.405+0000] {processor.py:650} INFO - DAG(s) dict_keys(['example_task_group']) retrieved from /home/airflow/.local/lib/python3.7/site-packages/airflow/example_dags/example_task_group.py
[2022-10-01T00:08:31.426+0000] {logging_mixin.py:115} INFO - [2022-10-01T00:08:31.426+0000] {dag.py:2429} INFO - Sync 1 DAGs
[2022-10-01T00:08:31.442+0000] {logging_mixin.py:115} INFO - [2022-10-01T00:08:31.442+0000] {dag.py:2981} INFO - Setting next_dagrun for example_task_group to 2022-09-30T00:08:31.442474+00:00, run_after=2022-10-01T00:08:31.442474+00:00
[2022-10-01T00:08:31.451+0000] {processor.py:161} INFO - Processing /home/airflow/.local/lib/python3.7/site-packages/airflow/example_dags/example_task_group.py took 0.057 seconds
[2022-10-01T00:09:01.925+0000] {processor.py:153} INFO - Started process (PID=35025) to work on /home/airflow/.local/lib/python3.7/site-packages/airflow/example_dags/example_task_group.py
[2022-10-01T00:09:01.927+0000] {processor.py:640} INFO - Processing file /home/airflow/.local/lib/python3.7/site-packages/airflow/example_dags/example_task_group.py for tasks to queue
[2022-10-01T00:09:01.929+0000] {logging_mixin.py:115} INFO - [2022-10-01T00:09:01.929+0000] {dagbag.py:508} INFO - Filling up the DagBag from /home/airflow/.local/lib/python3.7/site-packages/airflow/example_dags/example_task_group.py
[2022-10-01T00:09:01.938+0000] {processor.py:650} INFO - DAG(s) dict_keys(['example_task_group']) retrieved from /home/airflow/.local/lib/python3.7/site-packages/airflow/example_dags/example_task_group.py
[2022-10-01T00:09:01.969+0000] {logging_mixin.py:115} INFO - [2022-10-01T00:09:01.969+0000] {dag.py:2429} INFO - Sync 1 DAGs
[2022-10-01T00:09:01.989+0000] {logging_mixin.py:115} INFO - [2022-10-01T00:09:01.989+0000] {dag.py:2981} INFO - Setting next_dagrun for example_task_group to 2022-09-30T00:09:01.988801+00:00, run_after=2022-10-01T00:09:01.988801+00:00
[2022-10-01T00:09:01.999+0000] {processor.py:161} INFO - Processing /home/airflow/.local/lib/python3.7/site-packages/airflow/example_dags/example_task_group.py took 0.078 seconds
[2022-10-01T00:09:32.547+0000] {processor.py:153} INFO - Started process (PID=35090) to work on /home/airflow/.local/lib/python3.7/site-packages/airflow/example_dags/example_task_group.py
[2022-10-01T00:09:32.550+0000] {processor.py:640} INFO - Processing file /home/airflow/.local/lib/python3.7/site-packages/airflow/example_dags/example_task_group.py for tasks to queue
[2022-10-01T00:09:32.552+0000] {logging_mixin.py:115} INFO - [2022-10-01T00:09:32.552+0000] {dagbag.py:508} INFO - Filling up the DagBag from /home/airflow/.local/lib/python3.7/site-packages/airflow/example_dags/example_task_group.py
[2022-10-01T00:09:32.557+0000] {processor.py:650} INFO - DAG(s) dict_keys(['example_task_group']) retrieved from /home/airflow/.local/lib/python3.7/site-packages/airflow/example_dags/example_task_group.py
[2022-10-01T00:09:32.575+0000] {logging_mixin.py:115} INFO - [2022-10-01T00:09:32.575+0000] {dag.py:2429} INFO - Sync 1 DAGs
[2022-10-01T00:09:32.590+0000] {logging_mixin.py:115} INFO - [2022-10-01T00:09:32.590+0000] {dag.py:2981} INFO - Setting next_dagrun for example_task_group to 2022-09-30T00:09:32.590104+00:00, run_after=2022-10-01T00:09:32.590104+00:00
[2022-10-01T00:09:32.598+0000] {processor.py:161} INFO - Processing /home/airflow/.local/lib/python3.7/site-packages/airflow/example_dags/example_task_group.py took 0.053 seconds
[2022-10-01T00:10:02.908+0000] {processor.py:153} INFO - Started process (PID=35146) to work on /home/airflow/.local/lib/python3.7/site-packages/airflow/example_dags/example_task_group.py
[2022-10-01T00:10:02.911+0000] {processor.py:640} INFO - Processing file /home/airflow/.local/lib/python3.7/site-packages/airflow/example_dags/example_task_group.py for tasks to queue
[2022-10-01T00:10:02.913+0000] {logging_mixin.py:115} INFO - [2022-10-01T00:10:02.912+0000] {dagbag.py:508} INFO - Filling up the DagBag from /home/airflow/.local/lib/python3.7/site-packages/airflow/example_dags/example_task_group.py
[2022-10-01T00:10:02.920+0000] {processor.py:650} INFO - DAG(s) dict_keys(['example_task_group']) retrieved from /home/airflow/.local/lib/python3.7/site-packages/airflow/example_dags/example_task_group.py
[2022-10-01T00:10:02.945+0000] {logging_mixin.py:115} INFO - [2022-10-01T00:10:02.944+0000] {dag.py:2429} INFO - Sync 1 DAGs
[2022-10-01T00:10:02.963+0000] {logging_mixin.py:115} INFO - [2022-10-01T00:10:02.963+0000] {dag.py:2981} INFO - Setting next_dagrun for example_task_group to 2022-09-30T00:10:02.963515+00:00, run_after=2022-10-01T00:10:02.963515+00:00
[2022-10-01T00:10:02.974+0000] {processor.py:161} INFO - Processing /home/airflow/.local/lib/python3.7/site-packages/airflow/example_dags/example_task_group.py took 0.068 seconds
[2022-10-01T00:10:33.524+0000] {processor.py:153} INFO - Started process (PID=35213) to work on /home/airflow/.local/lib/python3.7/site-packages/airflow/example_dags/example_task_group.py
[2022-10-01T00:10:33.529+0000] {processor.py:640} INFO - Processing file /home/airflow/.local/lib/python3.7/site-packages/airflow/example_dags/example_task_group.py for tasks to queue
[2022-10-01T00:10:33.530+0000] {logging_mixin.py:115} INFO - [2022-10-01T00:10:33.530+0000] {dagbag.py:508} INFO - Filling up the DagBag from /home/airflow/.local/lib/python3.7/site-packages/airflow/example_dags/example_task_group.py
[2022-10-01T00:10:33.536+0000] {processor.py:650} INFO - DAG(s) dict_keys(['example_task_group']) retrieved from /home/airflow/.local/lib/python3.7/site-packages/airflow/example_dags/example_task_group.py
[2022-10-01T00:10:33.555+0000] {logging_mixin.py:115} INFO - [2022-10-01T00:10:33.555+0000] {dag.py:2429} INFO - Sync 1 DAGs
[2022-10-01T00:10:33.569+0000] {logging_mixin.py:115} INFO - [2022-10-01T00:10:33.569+0000] {dag.py:2981} INFO - Setting next_dagrun for example_task_group to 2022-09-30T00:10:33.568844+00:00, run_after=2022-10-01T00:10:33.568844+00:00
[2022-10-01T00:10:33.576+0000] {processor.py:161} INFO - Processing /home/airflow/.local/lib/python3.7/site-packages/airflow/example_dags/example_task_group.py took 0.055 seconds
[2022-10-01T00:11:03.772+0000] {processor.py:153} INFO - Started process (PID=35279) to work on /home/airflow/.local/lib/python3.7/site-packages/airflow/example_dags/example_task_group.py
[2022-10-01T00:11:03.774+0000] {processor.py:640} INFO - Processing file /home/airflow/.local/lib/python3.7/site-packages/airflow/example_dags/example_task_group.py for tasks to queue
[2022-10-01T00:11:03.776+0000] {logging_mixin.py:115} INFO - [2022-10-01T00:11:03.776+0000] {dagbag.py:508} INFO - Filling up the DagBag from /home/airflow/.local/lib/python3.7/site-packages/airflow/example_dags/example_task_group.py
[2022-10-01T00:11:03.782+0000] {processor.py:650} INFO - DAG(s) dict_keys(['example_task_group']) retrieved from /home/airflow/.local/lib/python3.7/site-packages/airflow/example_dags/example_task_group.py
[2022-10-01T00:11:03.802+0000] {logging_mixin.py:115} INFO - [2022-10-01T00:11:03.802+0000] {dag.py:2429} INFO - Sync 1 DAGs
[2022-10-01T00:11:03.818+0000] {logging_mixin.py:115} INFO - [2022-10-01T00:11:03.818+0000] {dag.py:2981} INFO - Setting next_dagrun for example_task_group to 2022-09-30T00:11:03.818289+00:00, run_after=2022-10-01T00:11:03.818289+00:00
[2022-10-01T00:11:03.829+0000] {processor.py:161} INFO - Processing /home/airflow/.local/lib/python3.7/site-packages/airflow/example_dags/example_task_group.py took 0.059 seconds
[2022-10-01T00:11:34.160+0000] {processor.py:153} INFO - Started process (PID=35345) to work on /home/airflow/.local/lib/python3.7/site-packages/airflow/example_dags/example_task_group.py
[2022-10-01T00:11:34.162+0000] {processor.py:640} INFO - Processing file /home/airflow/.local/lib/python3.7/site-packages/airflow/example_dags/example_task_group.py for tasks to queue
[2022-10-01T00:11:34.163+0000] {logging_mixin.py:115} INFO - [2022-10-01T00:11:34.163+0000] {dagbag.py:508} INFO - Filling up the DagBag from /home/airflow/.local/lib/python3.7/site-packages/airflow/example_dags/example_task_group.py
[2022-10-01T00:11:34.174+0000] {processor.py:650} INFO - DAG(s) dict_keys(['example_task_group']) retrieved from /home/airflow/.local/lib/python3.7/site-packages/airflow/example_dags/example_task_group.py
[2022-10-01T00:11:34.198+0000] {logging_mixin.py:115} INFO - [2022-10-01T00:11:34.197+0000] {dag.py:2429} INFO - Sync 1 DAGs
[2022-10-01T00:11:34.226+0000] {logging_mixin.py:115} INFO - [2022-10-01T00:11:34.226+0000] {dag.py:2981} INFO - Setting next_dagrun for example_task_group to 2022-09-30T00:11:34.226447+00:00, run_after=2022-10-01T00:11:34.226447+00:00
[2022-10-01T00:11:34.259+0000] {processor.py:161} INFO - Processing /home/airflow/.local/lib/python3.7/site-packages/airflow/example_dags/example_task_group.py took 0.104 seconds
[2022-10-01T00:12:04.494+0000] {processor.py:153} INFO - Started process (PID=35402) to work on /home/airflow/.local/lib/python3.7/site-packages/airflow/example_dags/example_task_group.py
[2022-10-01T00:12:04.495+0000] {processor.py:640} INFO - Processing file /home/airflow/.local/lib/python3.7/site-packages/airflow/example_dags/example_task_group.py for tasks to queue
[2022-10-01T00:12:04.497+0000] {logging_mixin.py:115} INFO - [2022-10-01T00:12:04.496+0000] {dagbag.py:508} INFO - Filling up the DagBag from /home/airflow/.local/lib/python3.7/site-packages/airflow/example_dags/example_task_group.py
[2022-10-01T00:12:04.501+0000] {processor.py:650} INFO - DAG(s) dict_keys(['example_task_group']) retrieved from /home/airflow/.local/lib/python3.7/site-packages/airflow/example_dags/example_task_group.py
[2022-10-01T00:12:04.519+0000] {logging_mixin.py:115} INFO - [2022-10-01T00:12:04.519+0000] {dag.py:2429} INFO - Sync 1 DAGs
[2022-10-01T00:12:04.532+0000] {logging_mixin.py:115} INFO - [2022-10-01T00:12:04.532+0000] {dag.py:2981} INFO - Setting next_dagrun for example_task_group to 2022-09-30T00:12:04.532262+00:00, run_after=2022-10-01T00:12:04.532262+00:00
[2022-10-01T00:12:04.540+0000] {processor.py:161} INFO - Processing /home/airflow/.local/lib/python3.7/site-packages/airflow/example_dags/example_task_group.py took 0.048 seconds
[2022-10-01T00:12:35.007+0000] {processor.py:153} INFO - Started process (PID=35469) to work on /home/airflow/.local/lib/python3.7/site-packages/airflow/example_dags/example_task_group.py
[2022-10-01T00:12:35.009+0000] {processor.py:640} INFO - Processing file /home/airflow/.local/lib/python3.7/site-packages/airflow/example_dags/example_task_group.py for tasks to queue
[2022-10-01T00:12:35.011+0000] {logging_mixin.py:115} INFO - [2022-10-01T00:12:35.011+0000] {dagbag.py:508} INFO - Filling up the DagBag from /home/airflow/.local/lib/python3.7/site-packages/airflow/example_dags/example_task_group.py
[2022-10-01T00:12:35.017+0000] {processor.py:650} INFO - DAG(s) dict_keys(['example_task_group']) retrieved from /home/airflow/.local/lib/python3.7/site-packages/airflow/example_dags/example_task_group.py
[2022-10-01T00:12:35.036+0000] {logging_mixin.py:115} INFO - [2022-10-01T00:12:35.036+0000] {dag.py:2429} INFO - Sync 1 DAGs
[2022-10-01T00:12:35.052+0000] {logging_mixin.py:115} INFO - [2022-10-01T00:12:35.051+0000] {dag.py:2981} INFO - Setting next_dagrun for example_task_group to 2022-09-30T00:12:35.051823+00:00, run_after=2022-10-01T00:12:35.051823+00:00
[2022-10-01T00:12:35.060+0000] {processor.py:161} INFO - Processing /home/airflow/.local/lib/python3.7/site-packages/airflow/example_dags/example_task_group.py took 0.055 seconds
[2022-10-01T00:13:05.307+0000] {processor.py:153} INFO - Started process (PID=35534) to work on /home/airflow/.local/lib/python3.7/site-packages/airflow/example_dags/example_task_group.py
[2022-10-01T00:13:05.309+0000] {processor.py:640} INFO - Processing file /home/airflow/.local/lib/python3.7/site-packages/airflow/example_dags/example_task_group.py for tasks to queue
[2022-10-01T00:13:05.311+0000] {logging_mixin.py:115} INFO - [2022-10-01T00:13:05.311+0000] {dagbag.py:508} INFO - Filling up the DagBag from /home/airflow/.local/lib/python3.7/site-packages/airflow/example_dags/example_task_group.py
[2022-10-01T00:13:05.316+0000] {processor.py:650} INFO - DAG(s) dict_keys(['example_task_group']) retrieved from /home/airflow/.local/lib/python3.7/site-packages/airflow/example_dags/example_task_group.py
[2022-10-01T00:13:05.336+0000] {logging_mixin.py:115} INFO - [2022-10-01T00:13:05.336+0000] {dag.py:2429} INFO - Sync 1 DAGs
[2022-10-01T00:13:05.351+0000] {logging_mixin.py:115} INFO - [2022-10-01T00:13:05.351+0000] {dag.py:2981} INFO - Setting next_dagrun for example_task_group to 2022-09-30T00:13:05.350913+00:00, run_after=2022-10-01T00:13:05.350913+00:00
[2022-10-01T00:13:05.358+0000] {processor.py:161} INFO - Processing /home/airflow/.local/lib/python3.7/site-packages/airflow/example_dags/example_task_group.py took 0.054 seconds
[2022-10-01T00:13:36.320+0000] {processor.py:153} INFO - Started process (PID=35603) to work on /home/airflow/.local/lib/python3.7/site-packages/airflow/example_dags/example_task_group.py
[2022-10-01T00:13:36.322+0000] {processor.py:640} INFO - Processing file /home/airflow/.local/lib/python3.7/site-packages/airflow/example_dags/example_task_group.py for tasks to queue
[2022-10-01T00:13:36.323+0000] {logging_mixin.py:115} INFO - [2022-10-01T00:13:36.323+0000] {dagbag.py:508} INFO - Filling up the DagBag from /home/airflow/.local/lib/python3.7/site-packages/airflow/example_dags/example_task_group.py
[2022-10-01T00:13:36.329+0000] {processor.py:650} INFO - DAG(s) dict_keys(['example_task_group']) retrieved from /home/airflow/.local/lib/python3.7/site-packages/airflow/example_dags/example_task_group.py
[2022-10-01T00:13:36.354+0000] {logging_mixin.py:115} INFO - [2022-10-01T00:13:36.354+0000] {dag.py:2429} INFO - Sync 1 DAGs
[2022-10-01T00:13:36.370+0000] {logging_mixin.py:115} INFO - [2022-10-01T00:13:36.370+0000] {dag.py:2981} INFO - Setting next_dagrun for example_task_group to 2022-09-30T00:13:36.369906+00:00, run_after=2022-10-01T00:13:36.369906+00:00
[2022-10-01T00:13:36.379+0000] {processor.py:161} INFO - Processing /home/airflow/.local/lib/python3.7/site-packages/airflow/example_dags/example_task_group.py took 0.061 seconds
[2022-10-01T00:18:35.550+0000] {processor.py:153} INFO - Started process (PID=35651) to work on /home/airflow/.local/lib/python3.7/site-packages/airflow/example_dags/example_task_group.py
[2022-10-01T00:18:35.553+0000] {processor.py:640} INFO - Processing file /home/airflow/.local/lib/python3.7/site-packages/airflow/example_dags/example_task_group.py for tasks to queue
[2022-10-01T00:18:35.556+0000] {logging_mixin.py:115} INFO - [2022-10-01T00:18:35.556+0000] {dagbag.py:508} INFO - Filling up the DagBag from /home/airflow/.local/lib/python3.7/site-packages/airflow/example_dags/example_task_group.py
[2022-10-01T00:18:35.567+0000] {processor.py:650} INFO - DAG(s) dict_keys(['example_task_group']) retrieved from /home/airflow/.local/lib/python3.7/site-packages/airflow/example_dags/example_task_group.py
[2022-10-01T00:18:35.611+0000] {logging_mixin.py:115} INFO - [2022-10-01T00:18:35.611+0000] {dag.py:2429} INFO - Sync 1 DAGs
[2022-10-01T00:18:35.636+0000] {logging_mixin.py:115} INFO - [2022-10-01T00:18:35.636+0000] {dag.py:2981} INFO - Setting next_dagrun for example_task_group to 2022-09-30T00:18:35.636391+00:00, run_after=2022-10-01T00:18:35.636391+00:00
[2022-10-01T00:18:35.650+0000] {processor.py:161} INFO - Processing /home/airflow/.local/lib/python3.7/site-packages/airflow/example_dags/example_task_group.py took 0.104 seconds
[2022-10-01T00:19:06.256+0000] {processor.py:153} INFO - Started process (PID=35717) to work on /home/airflow/.local/lib/python3.7/site-packages/airflow/example_dags/example_task_group.py
[2022-10-01T00:19:06.258+0000] {processor.py:640} INFO - Processing file /home/airflow/.local/lib/python3.7/site-packages/airflow/example_dags/example_task_group.py for tasks to queue
[2022-10-01T00:19:06.259+0000] {logging_mixin.py:115} INFO - [2022-10-01T00:19:06.259+0000] {dagbag.py:508} INFO - Filling up the DagBag from /home/airflow/.local/lib/python3.7/site-packages/airflow/example_dags/example_task_group.py
[2022-10-01T00:19:06.265+0000] {processor.py:650} INFO - DAG(s) dict_keys(['example_task_group']) retrieved from /home/airflow/.local/lib/python3.7/site-packages/airflow/example_dags/example_task_group.py
[2022-10-01T00:19:06.282+0000] {logging_mixin.py:115} INFO - [2022-10-01T00:19:06.282+0000] {dag.py:2429} INFO - Sync 1 DAGs
[2022-10-01T00:19:06.295+0000] {logging_mixin.py:115} INFO - [2022-10-01T00:19:06.294+0000] {dag.py:2981} INFO - Setting next_dagrun for example_task_group to 2022-09-30T00:19:06.294824+00:00, run_after=2022-10-01T00:19:06.294824+00:00
[2022-10-01T00:19:06.302+0000] {processor.py:161} INFO - Processing /home/airflow/.local/lib/python3.7/site-packages/airflow/example_dags/example_task_group.py took 0.049 seconds
[2022-10-01T00:19:36.842+0000] {processor.py:153} INFO - Started process (PID=35780) to work on /home/airflow/.local/lib/python3.7/site-packages/airflow/example_dags/example_task_group.py
[2022-10-01T00:19:36.846+0000] {processor.py:640} INFO - Processing file /home/airflow/.local/lib/python3.7/site-packages/airflow/example_dags/example_task_group.py for tasks to queue
[2022-10-01T00:19:36.850+0000] {logging_mixin.py:115} INFO - [2022-10-01T00:19:36.850+0000] {dagbag.py:508} INFO - Filling up the DagBag from /home/airflow/.local/lib/python3.7/site-packages/airflow/example_dags/example_task_group.py
[2022-10-01T00:19:36.863+0000] {processor.py:650} INFO - DAG(s) dict_keys(['example_task_group']) retrieved from /home/airflow/.local/lib/python3.7/site-packages/airflow/example_dags/example_task_group.py
[2022-10-01T00:19:36.894+0000] {logging_mixin.py:115} INFO - [2022-10-01T00:19:36.893+0000] {dag.py:2429} INFO - Sync 1 DAGs
[2022-10-01T00:19:36.911+0000] {logging_mixin.py:115} INFO - [2022-10-01T00:19:36.911+0000] {dag.py:2981} INFO - Setting next_dagrun for example_task_group to 2022-09-30T00:19:36.911637+00:00, run_after=2022-10-01T00:19:36.911637+00:00
[2022-10-01T00:19:36.925+0000] {processor.py:161} INFO - Processing /home/airflow/.local/lib/python3.7/site-packages/airflow/example_dags/example_task_group.py took 0.086 seconds
[2022-10-01T00:20:07.359+0000] {processor.py:153} INFO - Started process (PID=35839) to work on /home/airflow/.local/lib/python3.7/site-packages/airflow/example_dags/example_task_group.py
[2022-10-01T00:20:07.362+0000] {processor.py:640} INFO - Processing file /home/airflow/.local/lib/python3.7/site-packages/airflow/example_dags/example_task_group.py for tasks to queue
[2022-10-01T00:20:07.363+0000] {logging_mixin.py:115} INFO - [2022-10-01T00:20:07.363+0000] {dagbag.py:508} INFO - Filling up the DagBag from /home/airflow/.local/lib/python3.7/site-packages/airflow/example_dags/example_task_group.py
[2022-10-01T00:20:07.372+0000] {processor.py:650} INFO - DAG(s) dict_keys(['example_task_group']) retrieved from /home/airflow/.local/lib/python3.7/site-packages/airflow/example_dags/example_task_group.py
[2022-10-01T00:20:07.394+0000] {logging_mixin.py:115} INFO - [2022-10-01T00:20:07.394+0000] {dag.py:2429} INFO - Sync 1 DAGs
[2022-10-01T00:20:07.414+0000] {logging_mixin.py:115} INFO - [2022-10-01T00:20:07.414+0000] {dag.py:2981} INFO - Setting next_dagrun for example_task_group to 2022-09-30T00:20:07.414567+00:00, run_after=2022-10-01T00:20:07.414567+00:00
[2022-10-01T00:20:07.422+0000] {processor.py:161} INFO - Processing /home/airflow/.local/lib/python3.7/site-packages/airflow/example_dags/example_task_group.py took 0.066 seconds
[2022-10-01T00:20:37.798+0000] {processor.py:153} INFO - Started process (PID=35907) to work on /home/airflow/.local/lib/python3.7/site-packages/airflow/example_dags/example_task_group.py
[2022-10-01T00:20:37.800+0000] {processor.py:640} INFO - Processing file /home/airflow/.local/lib/python3.7/site-packages/airflow/example_dags/example_task_group.py for tasks to queue
[2022-10-01T00:20:37.802+0000] {logging_mixin.py:115} INFO - [2022-10-01T00:20:37.801+0000] {dagbag.py:508} INFO - Filling up the DagBag from /home/airflow/.local/lib/python3.7/site-packages/airflow/example_dags/example_task_group.py
[2022-10-01T00:20:37.808+0000] {processor.py:650} INFO - DAG(s) dict_keys(['example_task_group']) retrieved from /home/airflow/.local/lib/python3.7/site-packages/airflow/example_dags/example_task_group.py
[2022-10-01T00:20:37.827+0000] {logging_mixin.py:115} INFO - [2022-10-01T00:20:37.827+0000] {dag.py:2429} INFO - Sync 1 DAGs
[2022-10-01T00:20:37.841+0000] {logging_mixin.py:115} INFO - [2022-10-01T00:20:37.841+0000] {dag.py:2981} INFO - Setting next_dagrun for example_task_group to 2022-09-30T00:20:37.841585+00:00, run_after=2022-10-01T00:20:37.841585+00:00
[2022-10-01T00:20:37.850+0000] {processor.py:161} INFO - Processing /home/airflow/.local/lib/python3.7/site-packages/airflow/example_dags/example_task_group.py took 0.054 seconds
[2022-10-01T00:21:08.418+0000] {processor.py:153} INFO - Started process (PID=35973) to work on /home/airflow/.local/lib/python3.7/site-packages/airflow/example_dags/example_task_group.py
[2022-10-01T00:21:08.419+0000] {processor.py:640} INFO - Processing file /home/airflow/.local/lib/python3.7/site-packages/airflow/example_dags/example_task_group.py for tasks to queue
[2022-10-01T00:21:08.420+0000] {logging_mixin.py:115} INFO - [2022-10-01T00:21:08.420+0000] {dagbag.py:508} INFO - Filling up the DagBag from /home/airflow/.local/lib/python3.7/site-packages/airflow/example_dags/example_task_group.py
[2022-10-01T00:21:08.425+0000] {processor.py:650} INFO - DAG(s) dict_keys(['example_task_group']) retrieved from /home/airflow/.local/lib/python3.7/site-packages/airflow/example_dags/example_task_group.py
[2022-10-01T00:21:08.443+0000] {logging_mixin.py:115} INFO - [2022-10-01T00:21:08.443+0000] {dag.py:2429} INFO - Sync 1 DAGs
[2022-10-01T00:21:08.456+0000] {logging_mixin.py:115} INFO - [2022-10-01T00:21:08.456+0000] {dag.py:2981} INFO - Setting next_dagrun for example_task_group to 2022-09-30T00:21:08.456354+00:00, run_after=2022-10-01T00:21:08.456354+00:00
[2022-10-01T00:21:08.463+0000] {processor.py:161} INFO - Processing /home/airflow/.local/lib/python3.7/site-packages/airflow/example_dags/example_task_group.py took 0.048 seconds
[2022-10-01T00:21:38.863+0000] {processor.py:153} INFO - Started process (PID=36028) to work on /home/airflow/.local/lib/python3.7/site-packages/airflow/example_dags/example_task_group.py
[2022-10-01T00:21:38.865+0000] {processor.py:640} INFO - Processing file /home/airflow/.local/lib/python3.7/site-packages/airflow/example_dags/example_task_group.py for tasks to queue
[2022-10-01T00:21:38.867+0000] {logging_mixin.py:115} INFO - [2022-10-01T00:21:38.867+0000] {dagbag.py:508} INFO - Filling up the DagBag from /home/airflow/.local/lib/python3.7/site-packages/airflow/example_dags/example_task_group.py
[2022-10-01T00:21:38.876+0000] {processor.py:650} INFO - DAG(s) dict_keys(['example_task_group']) retrieved from /home/airflow/.local/lib/python3.7/site-packages/airflow/example_dags/example_task_group.py
[2022-10-01T00:21:38.898+0000] {logging_mixin.py:115} INFO - [2022-10-01T00:21:38.898+0000] {dag.py:2429} INFO - Sync 1 DAGs
[2022-10-01T00:21:38.915+0000] {logging_mixin.py:115} INFO - [2022-10-01T00:21:38.915+0000] {dag.py:2981} INFO - Setting next_dagrun for example_task_group to 2022-09-30T00:21:38.915115+00:00, run_after=2022-10-01T00:21:38.915115+00:00
[2022-10-01T00:21:38.925+0000] {processor.py:161} INFO - Processing /home/airflow/.local/lib/python3.7/site-packages/airflow/example_dags/example_task_group.py took 0.064 seconds
[2022-10-01T00:22:09.289+0000] {processor.py:153} INFO - Started process (PID=36095) to work on /home/airflow/.local/lib/python3.7/site-packages/airflow/example_dags/example_task_group.py
[2022-10-01T00:22:09.291+0000] {processor.py:640} INFO - Processing file /home/airflow/.local/lib/python3.7/site-packages/airflow/example_dags/example_task_group.py for tasks to queue
[2022-10-01T00:22:09.292+0000] {logging_mixin.py:115} INFO - [2022-10-01T00:22:09.292+0000] {dagbag.py:508} INFO - Filling up the DagBag from /home/airflow/.local/lib/python3.7/site-packages/airflow/example_dags/example_task_group.py
[2022-10-01T00:22:09.301+0000] {processor.py:650} INFO - DAG(s) dict_keys(['example_task_group']) retrieved from /home/airflow/.local/lib/python3.7/site-packages/airflow/example_dags/example_task_group.py
[2022-10-01T00:22:09.323+0000] {logging_mixin.py:115} INFO - [2022-10-01T00:22:09.323+0000] {dag.py:2429} INFO - Sync 1 DAGs
[2022-10-01T00:22:09.338+0000] {logging_mixin.py:115} INFO - [2022-10-01T00:22:09.338+0000] {dag.py:2981} INFO - Setting next_dagrun for example_task_group to 2022-09-30T00:22:09.338209+00:00, run_after=2022-10-01T00:22:09.338209+00:00
[2022-10-01T00:22:09.347+0000] {processor.py:161} INFO - Processing /home/airflow/.local/lib/python3.7/site-packages/airflow/example_dags/example_task_group.py took 0.061 seconds
[2022-10-01T00:22:39.557+0000] {processor.py:153} INFO - Started process (PID=36161) to work on /home/airflow/.local/lib/python3.7/site-packages/airflow/example_dags/example_task_group.py
[2022-10-01T00:22:39.559+0000] {processor.py:640} INFO - Processing file /home/airflow/.local/lib/python3.7/site-packages/airflow/example_dags/example_task_group.py for tasks to queue
[2022-10-01T00:22:39.561+0000] {logging_mixin.py:115} INFO - [2022-10-01T00:22:39.561+0000] {dagbag.py:508} INFO - Filling up the DagBag from /home/airflow/.local/lib/python3.7/site-packages/airflow/example_dags/example_task_group.py
[2022-10-01T00:22:39.566+0000] {processor.py:650} INFO - DAG(s) dict_keys(['example_task_group']) retrieved from /home/airflow/.local/lib/python3.7/site-packages/airflow/example_dags/example_task_group.py
[2022-10-01T00:22:39.584+0000] {logging_mixin.py:115} INFO - [2022-10-01T00:22:39.584+0000] {dag.py:2429} INFO - Sync 1 DAGs
[2022-10-01T00:22:39.599+0000] {logging_mixin.py:115} INFO - [2022-10-01T00:22:39.599+0000] {dag.py:2981} INFO - Setting next_dagrun for example_task_group to 2022-09-30T00:22:39.599213+00:00, run_after=2022-10-01T00:22:39.599213+00:00
[2022-10-01T00:22:39.609+0000] {processor.py:161} INFO - Processing /home/airflow/.local/lib/python3.7/site-packages/airflow/example_dags/example_task_group.py took 0.055 seconds
[2022-10-01T00:23:09.979+0000] {processor.py:153} INFO - Started process (PID=36226) to work on /home/airflow/.local/lib/python3.7/site-packages/airflow/example_dags/example_task_group.py
[2022-10-01T00:23:09.984+0000] {processor.py:640} INFO - Processing file /home/airflow/.local/lib/python3.7/site-packages/airflow/example_dags/example_task_group.py for tasks to queue
[2022-10-01T00:23:09.985+0000] {logging_mixin.py:115} INFO - [2022-10-01T00:23:09.985+0000] {dagbag.py:508} INFO - Filling up the DagBag from /home/airflow/.local/lib/python3.7/site-packages/airflow/example_dags/example_task_group.py
[2022-10-01T00:23:09.991+0000] {processor.py:650} INFO - DAG(s) dict_keys(['example_task_group']) retrieved from /home/airflow/.local/lib/python3.7/site-packages/airflow/example_dags/example_task_group.py
[2022-10-01T00:23:10.009+0000] {logging_mixin.py:115} INFO - [2022-10-01T00:23:10.009+0000] {dag.py:2429} INFO - Sync 1 DAGs
[2022-10-01T00:23:10.024+0000] {logging_mixin.py:115} INFO - [2022-10-01T00:23:10.023+0000] {dag.py:2981} INFO - Setting next_dagrun for example_task_group to 2022-09-30T00:23:10.023745+00:00, run_after=2022-10-01T00:23:10.023745+00:00
[2022-10-01T00:23:10.031+0000] {processor.py:161} INFO - Processing /home/airflow/.local/lib/python3.7/site-packages/airflow/example_dags/example_task_group.py took 0.055 seconds
[2022-10-01T00:23:40.469+0000] {processor.py:153} INFO - Started process (PID=36285) to work on /home/airflow/.local/lib/python3.7/site-packages/airflow/example_dags/example_task_group.py
[2022-10-01T00:23:40.471+0000] {processor.py:640} INFO - Processing file /home/airflow/.local/lib/python3.7/site-packages/airflow/example_dags/example_task_group.py for tasks to queue
[2022-10-01T00:23:40.472+0000] {logging_mixin.py:115} INFO - [2022-10-01T00:23:40.472+0000] {dagbag.py:508} INFO - Filling up the DagBag from /home/airflow/.local/lib/python3.7/site-packages/airflow/example_dags/example_task_group.py
[2022-10-01T00:23:40.477+0000] {processor.py:650} INFO - DAG(s) dict_keys(['example_task_group']) retrieved from /home/airflow/.local/lib/python3.7/site-packages/airflow/example_dags/example_task_group.py
[2022-10-01T00:23:40.494+0000] {logging_mixin.py:115} INFO - [2022-10-01T00:23:40.494+0000] {dag.py:2429} INFO - Sync 1 DAGs
[2022-10-01T00:23:40.507+0000] {logging_mixin.py:115} INFO - [2022-10-01T00:23:40.507+0000] {dag.py:2981} INFO - Setting next_dagrun for example_task_group to 2022-09-30T00:23:40.506903+00:00, run_after=2022-10-01T00:23:40.506903+00:00
[2022-10-01T00:23:40.515+0000] {processor.py:161} INFO - Processing /home/airflow/.local/lib/python3.7/site-packages/airflow/example_dags/example_task_group.py took 0.048 seconds
[2022-10-01T00:24:10.708+0000] {processor.py:153} INFO - Started process (PID=36352) to work on /home/airflow/.local/lib/python3.7/site-packages/airflow/example_dags/example_task_group.py
[2022-10-01T00:24:10.710+0000] {processor.py:640} INFO - Processing file /home/airflow/.local/lib/python3.7/site-packages/airflow/example_dags/example_task_group.py for tasks to queue
[2022-10-01T00:24:10.711+0000] {logging_mixin.py:115} INFO - [2022-10-01T00:24:10.711+0000] {dagbag.py:508} INFO - Filling up the DagBag from /home/airflow/.local/lib/python3.7/site-packages/airflow/example_dags/example_task_group.py
[2022-10-01T00:24:10.716+0000] {processor.py:650} INFO - DAG(s) dict_keys(['example_task_group']) retrieved from /home/airflow/.local/lib/python3.7/site-packages/airflow/example_dags/example_task_group.py
[2022-10-01T00:24:10.736+0000] {logging_mixin.py:115} INFO - [2022-10-01T00:24:10.736+0000] {dag.py:2429} INFO - Sync 1 DAGs
[2022-10-01T00:24:10.750+0000] {logging_mixin.py:115} INFO - [2022-10-01T00:24:10.750+0000] {dag.py:2981} INFO - Setting next_dagrun for example_task_group to 2022-09-30T00:24:10.750249+00:00, run_after=2022-10-01T00:24:10.750249+00:00
[2022-10-01T00:24:10.758+0000] {processor.py:161} INFO - Processing /home/airflow/.local/lib/python3.7/site-packages/airflow/example_dags/example_task_group.py took 0.053 seconds
[2022-10-01T00:24:41.721+0000] {processor.py:153} INFO - Started process (PID=36419) to work on /home/airflow/.local/lib/python3.7/site-packages/airflow/example_dags/example_task_group.py
[2022-10-01T00:24:41.723+0000] {processor.py:640} INFO - Processing file /home/airflow/.local/lib/python3.7/site-packages/airflow/example_dags/example_task_group.py for tasks to queue
[2022-10-01T00:24:41.724+0000] {logging_mixin.py:115} INFO - [2022-10-01T00:24:41.724+0000] {dagbag.py:508} INFO - Filling up the DagBag from /home/airflow/.local/lib/python3.7/site-packages/airflow/example_dags/example_task_group.py
[2022-10-01T00:24:41.731+0000] {processor.py:650} INFO - DAG(s) dict_keys(['example_task_group']) retrieved from /home/airflow/.local/lib/python3.7/site-packages/airflow/example_dags/example_task_group.py
[2022-10-01T00:24:41.748+0000] {logging_mixin.py:115} INFO - [2022-10-01T00:24:41.748+0000] {dag.py:2429} INFO - Sync 1 DAGs
[2022-10-01T00:24:41.762+0000] {logging_mixin.py:115} INFO - [2022-10-01T00:24:41.761+0000] {dag.py:2981} INFO - Setting next_dagrun for example_task_group to 2022-09-30T00:24:41.761797+00:00, run_after=2022-10-01T00:24:41.761797+00:00
[2022-10-01T00:24:41.770+0000] {processor.py:161} INFO - Processing /home/airflow/.local/lib/python3.7/site-packages/airflow/example_dags/example_task_group.py took 0.052 seconds
[2022-10-01T00:25:11.925+0000] {processor.py:153} INFO - Started process (PID=36475) to work on /home/airflow/.local/lib/python3.7/site-packages/airflow/example_dags/example_task_group.py
[2022-10-01T00:25:11.943+0000] {processor.py:640} INFO - Processing file /home/airflow/.local/lib/python3.7/site-packages/airflow/example_dags/example_task_group.py for tasks to queue
[2022-10-01T00:25:11.944+0000] {logging_mixin.py:115} INFO - [2022-10-01T00:25:11.944+0000] {dagbag.py:508} INFO - Filling up the DagBag from /home/airflow/.local/lib/python3.7/site-packages/airflow/example_dags/example_task_group.py
[2022-10-01T00:25:11.952+0000] {processor.py:650} INFO - DAG(s) dict_keys(['example_task_group']) retrieved from /home/airflow/.local/lib/python3.7/site-packages/airflow/example_dags/example_task_group.py
[2022-10-01T00:25:11.974+0000] {logging_mixin.py:115} INFO - [2022-10-01T00:25:11.974+0000] {dag.py:2429} INFO - Sync 1 DAGs
[2022-10-01T00:25:11.991+0000] {logging_mixin.py:115} INFO - [2022-10-01T00:25:11.991+0000] {dag.py:2981} INFO - Setting next_dagrun for example_task_group to 2022-09-30T00:25:11.991003+00:00, run_after=2022-10-01T00:25:11.991003+00:00
[2022-10-01T00:25:12.000+0000] {processor.py:161} INFO - Processing /home/airflow/.local/lib/python3.7/site-packages/airflow/example_dags/example_task_group.py took 0.078 seconds
[2022-10-01T00:25:42.346+0000] {processor.py:153} INFO - Started process (PID=36542) to work on /home/airflow/.local/lib/python3.7/site-packages/airflow/example_dags/example_task_group.py
[2022-10-01T00:25:42.348+0000] {processor.py:640} INFO - Processing file /home/airflow/.local/lib/python3.7/site-packages/airflow/example_dags/example_task_group.py for tasks to queue
[2022-10-01T00:25:42.349+0000] {logging_mixin.py:115} INFO - [2022-10-01T00:25:42.349+0000] {dagbag.py:508} INFO - Filling up the DagBag from /home/airflow/.local/lib/python3.7/site-packages/airflow/example_dags/example_task_group.py
[2022-10-01T00:25:42.355+0000] {processor.py:650} INFO - DAG(s) dict_keys(['example_task_group']) retrieved from /home/airflow/.local/lib/python3.7/site-packages/airflow/example_dags/example_task_group.py
[2022-10-01T00:25:42.374+0000] {logging_mixin.py:115} INFO - [2022-10-01T00:25:42.374+0000] {dag.py:2429} INFO - Sync 1 DAGs
[2022-10-01T00:25:42.388+0000] {logging_mixin.py:115} INFO - [2022-10-01T00:25:42.388+0000] {dag.py:2981} INFO - Setting next_dagrun for example_task_group to 2022-09-30T00:25:42.388021+00:00, run_after=2022-10-01T00:25:42.388021+00:00
[2022-10-01T00:25:42.397+0000] {processor.py:161} INFO - Processing /home/airflow/.local/lib/python3.7/site-packages/airflow/example_dags/example_task_group.py took 0.054 seconds
[2022-10-01T00:26:12.832+0000] {processor.py:153} INFO - Started process (PID=36608) to work on /home/airflow/.local/lib/python3.7/site-packages/airflow/example_dags/example_task_group.py
[2022-10-01T00:26:12.834+0000] {processor.py:640} INFO - Processing file /home/airflow/.local/lib/python3.7/site-packages/airflow/example_dags/example_task_group.py for tasks to queue
[2022-10-01T00:26:12.836+0000] {logging_mixin.py:115} INFO - [2022-10-01T00:26:12.835+0000] {dagbag.py:508} INFO - Filling up the DagBag from /home/airflow/.local/lib/python3.7/site-packages/airflow/example_dags/example_task_group.py
[2022-10-01T00:26:12.842+0000] {processor.py:650} INFO - DAG(s) dict_keys(['example_task_group']) retrieved from /home/airflow/.local/lib/python3.7/site-packages/airflow/example_dags/example_task_group.py
[2022-10-01T00:26:12.861+0000] {logging_mixin.py:115} INFO - [2022-10-01T00:26:12.860+0000] {dag.py:2429} INFO - Sync 1 DAGs
[2022-10-01T00:26:12.874+0000] {logging_mixin.py:115} INFO - [2022-10-01T00:26:12.874+0000] {dag.py:2981} INFO - Setting next_dagrun for example_task_group to 2022-09-30T00:26:12.874345+00:00, run_after=2022-10-01T00:26:12.874345+00:00
[2022-10-01T00:26:12.882+0000] {processor.py:161} INFO - Processing /home/airflow/.local/lib/python3.7/site-packages/airflow/example_dags/example_task_group.py took 0.053 seconds
[2022-10-01T00:26:43.108+0000] {processor.py:153} INFO - Started process (PID=36665) to work on /home/airflow/.local/lib/python3.7/site-packages/airflow/example_dags/example_task_group.py
[2022-10-01T00:26:43.110+0000] {processor.py:640} INFO - Processing file /home/airflow/.local/lib/python3.7/site-packages/airflow/example_dags/example_task_group.py for tasks to queue
[2022-10-01T00:26:43.110+0000] {logging_mixin.py:115} INFO - [2022-10-01T00:26:43.110+0000] {dagbag.py:508} INFO - Filling up the DagBag from /home/airflow/.local/lib/python3.7/site-packages/airflow/example_dags/example_task_group.py
[2022-10-01T00:26:43.118+0000] {processor.py:650} INFO - DAG(s) dict_keys(['example_task_group']) retrieved from /home/airflow/.local/lib/python3.7/site-packages/airflow/example_dags/example_task_group.py
[2022-10-01T00:26:43.140+0000] {logging_mixin.py:115} INFO - [2022-10-01T00:26:43.140+0000] {dag.py:2429} INFO - Sync 1 DAGs
[2022-10-01T00:26:43.155+0000] {logging_mixin.py:115} INFO - [2022-10-01T00:26:43.155+0000] {dag.py:2981} INFO - Setting next_dagrun for example_task_group to 2022-09-30T00:26:43.154916+00:00, run_after=2022-10-01T00:26:43.154916+00:00
[2022-10-01T00:26:43.164+0000] {processor.py:161} INFO - Processing /home/airflow/.local/lib/python3.7/site-packages/airflow/example_dags/example_task_group.py took 0.058 seconds
[2022-10-01T00:27:13.543+0000] {processor.py:153} INFO - Started process (PID=36730) to work on /home/airflow/.local/lib/python3.7/site-packages/airflow/example_dags/example_task_group.py
[2022-10-01T00:27:13.547+0000] {processor.py:640} INFO - Processing file /home/airflow/.local/lib/python3.7/site-packages/airflow/example_dags/example_task_group.py for tasks to queue
[2022-10-01T00:27:13.549+0000] {logging_mixin.py:115} INFO - [2022-10-01T00:27:13.549+0000] {dagbag.py:508} INFO - Filling up the DagBag from /home/airflow/.local/lib/python3.7/site-packages/airflow/example_dags/example_task_group.py
[2022-10-01T00:27:13.555+0000] {processor.py:650} INFO - DAG(s) dict_keys(['example_task_group']) retrieved from /home/airflow/.local/lib/python3.7/site-packages/airflow/example_dags/example_task_group.py
[2022-10-01T00:27:13.577+0000] {logging_mixin.py:115} INFO - [2022-10-01T00:27:13.577+0000] {dag.py:2429} INFO - Sync 1 DAGs
[2022-10-01T00:27:13.598+0000] {logging_mixin.py:115} INFO - [2022-10-01T00:27:13.598+0000] {dag.py:2981} INFO - Setting next_dagrun for example_task_group to 2022-09-30T00:27:13.598022+00:00, run_after=2022-10-01T00:27:13.598022+00:00
[2022-10-01T00:27:13.607+0000] {processor.py:161} INFO - Processing /home/airflow/.local/lib/python3.7/site-packages/airflow/example_dags/example_task_group.py took 0.066 seconds
[2022-10-01T00:27:44.402+0000] {processor.py:153} INFO - Started process (PID=36796) to work on /home/airflow/.local/lib/python3.7/site-packages/airflow/example_dags/example_task_group.py
[2022-10-01T00:27:44.404+0000] {processor.py:640} INFO - Processing file /home/airflow/.local/lib/python3.7/site-packages/airflow/example_dags/example_task_group.py for tasks to queue
[2022-10-01T00:27:44.406+0000] {logging_mixin.py:115} INFO - [2022-10-01T00:27:44.406+0000] {dagbag.py:508} INFO - Filling up the DagBag from /home/airflow/.local/lib/python3.7/site-packages/airflow/example_dags/example_task_group.py
[2022-10-01T00:27:44.412+0000] {processor.py:650} INFO - DAG(s) dict_keys(['example_task_group']) retrieved from /home/airflow/.local/lib/python3.7/site-packages/airflow/example_dags/example_task_group.py
[2022-10-01T00:27:44.447+0000] {logging_mixin.py:115} INFO - [2022-10-01T00:27:44.447+0000] {dag.py:2429} INFO - Sync 1 DAGs
[2022-10-01T00:27:44.468+0000] {logging_mixin.py:115} INFO - [2022-10-01T00:27:44.468+0000] {dag.py:2981} INFO - Setting next_dagrun for example_task_group to 2022-09-30T00:27:44.468512+00:00, run_after=2022-10-01T00:27:44.468512+00:00
[2022-10-01T00:27:44.491+0000] {processor.py:161} INFO - Processing /home/airflow/.local/lib/python3.7/site-packages/airflow/example_dags/example_task_group.py took 0.092 seconds
[2022-10-01T00:28:14.830+0000] {processor.py:153} INFO - Started process (PID=36853) to work on /home/airflow/.local/lib/python3.7/site-packages/airflow/example_dags/example_task_group.py
[2022-10-01T00:28:14.832+0000] {processor.py:640} INFO - Processing file /home/airflow/.local/lib/python3.7/site-packages/airflow/example_dags/example_task_group.py for tasks to queue
[2022-10-01T00:28:14.834+0000] {logging_mixin.py:115} INFO - [2022-10-01T00:28:14.834+0000] {dagbag.py:508} INFO - Filling up the DagBag from /home/airflow/.local/lib/python3.7/site-packages/airflow/example_dags/example_task_group.py
[2022-10-01T00:28:14.840+0000] {processor.py:650} INFO - DAG(s) dict_keys(['example_task_group']) retrieved from /home/airflow/.local/lib/python3.7/site-packages/airflow/example_dags/example_task_group.py
[2022-10-01T00:28:14.864+0000] {logging_mixin.py:115} INFO - [2022-10-01T00:28:14.864+0000] {dag.py:2429} INFO - Sync 1 DAGs
[2022-10-01T00:28:14.880+0000] {logging_mixin.py:115} INFO - [2022-10-01T00:28:14.880+0000] {dag.py:2981} INFO - Setting next_dagrun for example_task_group to 2022-09-30T00:28:14.880394+00:00, run_after=2022-10-01T00:28:14.880394+00:00
[2022-10-01T00:28:14.890+0000] {processor.py:161} INFO - Processing /home/airflow/.local/lib/python3.7/site-packages/airflow/example_dags/example_task_group.py took 0.063 seconds
[2022-10-01T00:28:45.458+0000] {processor.py:153} INFO - Started process (PID=36919) to work on /home/airflow/.local/lib/python3.7/site-packages/airflow/example_dags/example_task_group.py
[2022-10-01T00:28:45.460+0000] {processor.py:640} INFO - Processing file /home/airflow/.local/lib/python3.7/site-packages/airflow/example_dags/example_task_group.py for tasks to queue
[2022-10-01T00:28:45.461+0000] {logging_mixin.py:115} INFO - [2022-10-01T00:28:45.461+0000] {dagbag.py:508} INFO - Filling up the DagBag from /home/airflow/.local/lib/python3.7/site-packages/airflow/example_dags/example_task_group.py
[2022-10-01T00:28:45.466+0000] {processor.py:650} INFO - DAG(s) dict_keys(['example_task_group']) retrieved from /home/airflow/.local/lib/python3.7/site-packages/airflow/example_dags/example_task_group.py
[2022-10-01T00:28:45.487+0000] {logging_mixin.py:115} INFO - [2022-10-01T00:28:45.487+0000] {dag.py:2429} INFO - Sync 1 DAGs
[2022-10-01T00:28:45.502+0000] {logging_mixin.py:115} INFO - [2022-10-01T00:28:45.502+0000] {dag.py:2981} INFO - Setting next_dagrun for example_task_group to 2022-09-30T00:28:45.501952+00:00, run_after=2022-10-01T00:28:45.501952+00:00
[2022-10-01T00:28:45.512+0000] {processor.py:161} INFO - Processing /home/airflow/.local/lib/python3.7/site-packages/airflow/example_dags/example_task_group.py took 0.057 seconds
[2022-10-01T00:29:16.025+0000] {processor.py:153} INFO - Started process (PID=36985) to work on /home/airflow/.local/lib/python3.7/site-packages/airflow/example_dags/example_task_group.py
[2022-10-01T00:29:16.026+0000] {processor.py:640} INFO - Processing file /home/airflow/.local/lib/python3.7/site-packages/airflow/example_dags/example_task_group.py for tasks to queue
[2022-10-01T00:29:16.027+0000] {logging_mixin.py:115} INFO - [2022-10-01T00:29:16.027+0000] {dagbag.py:508} INFO - Filling up the DagBag from /home/airflow/.local/lib/python3.7/site-packages/airflow/example_dags/example_task_group.py
[2022-10-01T00:29:16.033+0000] {processor.py:650} INFO - DAG(s) dict_keys(['example_task_group']) retrieved from /home/airflow/.local/lib/python3.7/site-packages/airflow/example_dags/example_task_group.py
[2022-10-01T00:29:16.052+0000] {logging_mixin.py:115} INFO - [2022-10-01T00:29:16.052+0000] {dag.py:2429} INFO - Sync 1 DAGs
[2022-10-01T00:29:16.065+0000] {logging_mixin.py:115} INFO - [2022-10-01T00:29:16.065+0000] {dag.py:2981} INFO - Setting next_dagrun for example_task_group to 2022-09-30T00:29:16.065073+00:00, run_after=2022-10-01T00:29:16.065073+00:00
[2022-10-01T00:29:16.072+0000] {processor.py:161} INFO - Processing /home/airflow/.local/lib/python3.7/site-packages/airflow/example_dags/example_task_group.py took 0.050 seconds
[2022-10-01T00:29:46.859+0000] {processor.py:153} INFO - Started process (PID=37050) to work on /home/airflow/.local/lib/python3.7/site-packages/airflow/example_dags/example_task_group.py
[2022-10-01T00:29:46.862+0000] {processor.py:640} INFO - Processing file /home/airflow/.local/lib/python3.7/site-packages/airflow/example_dags/example_task_group.py for tasks to queue
[2022-10-01T00:29:46.865+0000] {logging_mixin.py:115} INFO - [2022-10-01T00:29:46.865+0000] {dagbag.py:508} INFO - Filling up the DagBag from /home/airflow/.local/lib/python3.7/site-packages/airflow/example_dags/example_task_group.py
[2022-10-01T00:29:46.879+0000] {processor.py:650} INFO - DAG(s) dict_keys(['example_task_group']) retrieved from /home/airflow/.local/lib/python3.7/site-packages/airflow/example_dags/example_task_group.py
[2022-10-01T00:29:46.911+0000] {logging_mixin.py:115} INFO - [2022-10-01T00:29:46.911+0000] {dag.py:2429} INFO - Sync 1 DAGs
[2022-10-01T00:29:46.929+0000] {logging_mixin.py:115} INFO - [2022-10-01T00:29:46.928+0000] {dag.py:2981} INFO - Setting next_dagrun for example_task_group to 2022-09-30T00:29:46.928716+00:00, run_after=2022-10-01T00:29:46.928716+00:00
[2022-10-01T00:29:46.939+0000] {processor.py:161} INFO - Processing /home/airflow/.local/lib/python3.7/site-packages/airflow/example_dags/example_task_group.py took 0.083 seconds
[2022-10-01T00:30:17.323+0000] {processor.py:153} INFO - Started process (PID=37107) to work on /home/airflow/.local/lib/python3.7/site-packages/airflow/example_dags/example_task_group.py
[2022-10-01T00:30:17.325+0000] {processor.py:640} INFO - Processing file /home/airflow/.local/lib/python3.7/site-packages/airflow/example_dags/example_task_group.py for tasks to queue
[2022-10-01T00:30:17.326+0000] {logging_mixin.py:115} INFO - [2022-10-01T00:30:17.326+0000] {dagbag.py:508} INFO - Filling up the DagBag from /home/airflow/.local/lib/python3.7/site-packages/airflow/example_dags/example_task_group.py
[2022-10-01T00:30:17.331+0000] {processor.py:650} INFO - DAG(s) dict_keys(['example_task_group']) retrieved from /home/airflow/.local/lib/python3.7/site-packages/airflow/example_dags/example_task_group.py
[2022-10-01T00:30:17.351+0000] {logging_mixin.py:115} INFO - [2022-10-01T00:30:17.351+0000] {dag.py:2429} INFO - Sync 1 DAGs
[2022-10-01T00:30:17.366+0000] {logging_mixin.py:115} INFO - [2022-10-01T00:30:17.366+0000] {dag.py:2981} INFO - Setting next_dagrun for example_task_group to 2022-09-30T00:30:17.366115+00:00, run_after=2022-10-01T00:30:17.366115+00:00
[2022-10-01T00:30:17.373+0000] {processor.py:161} INFO - Processing /home/airflow/.local/lib/python3.7/site-packages/airflow/example_dags/example_task_group.py took 0.052 seconds
[2022-10-01T00:30:47.635+0000] {processor.py:153} INFO - Started process (PID=37173) to work on /home/airflow/.local/lib/python3.7/site-packages/airflow/example_dags/example_task_group.py
[2022-10-01T00:30:47.636+0000] {processor.py:640} INFO - Processing file /home/airflow/.local/lib/python3.7/site-packages/airflow/example_dags/example_task_group.py for tasks to queue
[2022-10-01T00:30:47.637+0000] {logging_mixin.py:115} INFO - [2022-10-01T00:30:47.637+0000] {dagbag.py:508} INFO - Filling up the DagBag from /home/airflow/.local/lib/python3.7/site-packages/airflow/example_dags/example_task_group.py
[2022-10-01T00:30:47.643+0000] {processor.py:650} INFO - DAG(s) dict_keys(['example_task_group']) retrieved from /home/airflow/.local/lib/python3.7/site-packages/airflow/example_dags/example_task_group.py
[2022-10-01T00:30:47.662+0000] {logging_mixin.py:115} INFO - [2022-10-01T00:30:47.662+0000] {dag.py:2429} INFO - Sync 1 DAGs
[2022-10-01T00:30:47.676+0000] {logging_mixin.py:115} INFO - [2022-10-01T00:30:47.676+0000] {dag.py:2981} INFO - Setting next_dagrun for example_task_group to 2022-09-30T00:30:47.676558+00:00, run_after=2022-10-01T00:30:47.676558+00:00
[2022-10-01T00:30:47.684+0000] {processor.py:161} INFO - Processing /home/airflow/.local/lib/python3.7/site-packages/airflow/example_dags/example_task_group.py took 0.052 seconds
[2022-10-01T00:31:18.347+0000] {processor.py:153} INFO - Started process (PID=37239) to work on /home/airflow/.local/lib/python3.7/site-packages/airflow/example_dags/example_task_group.py
[2022-10-01T00:31:18.348+0000] {processor.py:640} INFO - Processing file /home/airflow/.local/lib/python3.7/site-packages/airflow/example_dags/example_task_group.py for tasks to queue
[2022-10-01T00:31:18.349+0000] {logging_mixin.py:115} INFO - [2022-10-01T00:31:18.349+0000] {dagbag.py:508} INFO - Filling up the DagBag from /home/airflow/.local/lib/python3.7/site-packages/airflow/example_dags/example_task_group.py
[2022-10-01T00:31:18.355+0000] {processor.py:650} INFO - DAG(s) dict_keys(['example_task_group']) retrieved from /home/airflow/.local/lib/python3.7/site-packages/airflow/example_dags/example_task_group.py
[2022-10-01T00:31:18.376+0000] {logging_mixin.py:115} INFO - [2022-10-01T00:31:18.376+0000] {dag.py:2429} INFO - Sync 1 DAGs
[2022-10-01T00:31:18.390+0000] {logging_mixin.py:115} INFO - [2022-10-01T00:31:18.390+0000] {dag.py:2981} INFO - Setting next_dagrun for example_task_group to 2022-09-30T00:31:18.390283+00:00, run_after=2022-10-01T00:31:18.390283+00:00
[2022-10-01T00:31:18.399+0000] {processor.py:161} INFO - Processing /home/airflow/.local/lib/python3.7/site-packages/airflow/example_dags/example_task_group.py took 0.055 seconds
[2022-10-01T00:31:48.803+0000] {processor.py:153} INFO - Started process (PID=37296) to work on /home/airflow/.local/lib/python3.7/site-packages/airflow/example_dags/example_task_group.py
[2022-10-01T00:31:48.806+0000] {processor.py:640} INFO - Processing file /home/airflow/.local/lib/python3.7/site-packages/airflow/example_dags/example_task_group.py for tasks to queue
[2022-10-01T00:31:48.807+0000] {logging_mixin.py:115} INFO - [2022-10-01T00:31:48.807+0000] {dagbag.py:508} INFO - Filling up the DagBag from /home/airflow/.local/lib/python3.7/site-packages/airflow/example_dags/example_task_group.py
[2022-10-01T00:31:48.813+0000] {processor.py:650} INFO - DAG(s) dict_keys(['example_task_group']) retrieved from /home/airflow/.local/lib/python3.7/site-packages/airflow/example_dags/example_task_group.py
[2022-10-01T00:31:48.836+0000] {logging_mixin.py:115} INFO - [2022-10-01T00:31:48.836+0000] {dag.py:2429} INFO - Sync 1 DAGs
[2022-10-01T00:31:48.851+0000] {logging_mixin.py:115} INFO - [2022-10-01T00:31:48.850+0000] {dag.py:2981} INFO - Setting next_dagrun for example_task_group to 2022-09-30T00:31:48.850794+00:00, run_after=2022-10-01T00:31:48.850794+00:00
[2022-10-01T00:31:48.860+0000] {processor.py:161} INFO - Processing /home/airflow/.local/lib/python3.7/site-packages/airflow/example_dags/example_task_group.py took 0.061 seconds
[2022-10-01T00:32:19.163+0000] {processor.py:153} INFO - Started process (PID=37362) to work on /home/airflow/.local/lib/python3.7/site-packages/airflow/example_dags/example_task_group.py
[2022-10-01T00:32:19.165+0000] {processor.py:640} INFO - Processing file /home/airflow/.local/lib/python3.7/site-packages/airflow/example_dags/example_task_group.py for tasks to queue
[2022-10-01T00:32:19.166+0000] {logging_mixin.py:115} INFO - [2022-10-01T00:32:19.166+0000] {dagbag.py:508} INFO - Filling up the DagBag from /home/airflow/.local/lib/python3.7/site-packages/airflow/example_dags/example_task_group.py
[2022-10-01T00:32:19.172+0000] {processor.py:650} INFO - DAG(s) dict_keys(['example_task_group']) retrieved from /home/airflow/.local/lib/python3.7/site-packages/airflow/example_dags/example_task_group.py
[2022-10-01T00:32:19.191+0000] {logging_mixin.py:115} INFO - [2022-10-01T00:32:19.191+0000] {dag.py:2429} INFO - Sync 1 DAGs
[2022-10-01T00:32:19.205+0000] {logging_mixin.py:115} INFO - [2022-10-01T00:32:19.205+0000] {dag.py:2981} INFO - Setting next_dagrun for example_task_group to 2022-09-30T00:32:19.205442+00:00, run_after=2022-10-01T00:32:19.205442+00:00
[2022-10-01T00:32:19.214+0000] {processor.py:161} INFO - Processing /home/airflow/.local/lib/python3.7/site-packages/airflow/example_dags/example_task_group.py took 0.054 seconds
[2022-10-01T00:32:49.770+0000] {processor.py:153} INFO - Started process (PID=37427) to work on /home/airflow/.local/lib/python3.7/site-packages/airflow/example_dags/example_task_group.py
[2022-10-01T00:32:49.772+0000] {processor.py:640} INFO - Processing file /home/airflow/.local/lib/python3.7/site-packages/airflow/example_dags/example_task_group.py for tasks to queue
[2022-10-01T00:32:49.774+0000] {logging_mixin.py:115} INFO - [2022-10-01T00:32:49.774+0000] {dagbag.py:508} INFO - Filling up the DagBag from /home/airflow/.local/lib/python3.7/site-packages/airflow/example_dags/example_task_group.py
[2022-10-01T00:32:49.782+0000] {processor.py:650} INFO - DAG(s) dict_keys(['example_task_group']) retrieved from /home/airflow/.local/lib/python3.7/site-packages/airflow/example_dags/example_task_group.py
[2022-10-01T00:32:49.814+0000] {logging_mixin.py:115} INFO - [2022-10-01T00:32:49.814+0000] {dag.py:2429} INFO - Sync 1 DAGs
[2022-10-01T00:32:49.837+0000] {logging_mixin.py:115} INFO - [2022-10-01T00:32:49.837+0000] {dag.py:2981} INFO - Setting next_dagrun for example_task_group to 2022-09-30T00:32:49.837429+00:00, run_after=2022-10-01T00:32:49.837429+00:00
[2022-10-01T00:32:49.850+0000] {processor.py:161} INFO - Processing /home/airflow/.local/lib/python3.7/site-packages/airflow/example_dags/example_task_group.py took 0.083 seconds
[2022-10-01T00:33:20.273+0000] {processor.py:153} INFO - Started process (PID=37484) to work on /home/airflow/.local/lib/python3.7/site-packages/airflow/example_dags/example_task_group.py
[2022-10-01T00:33:20.283+0000] {processor.py:640} INFO - Processing file /home/airflow/.local/lib/python3.7/site-packages/airflow/example_dags/example_task_group.py for tasks to queue
[2022-10-01T00:33:20.288+0000] {logging_mixin.py:115} INFO - [2022-10-01T00:33:20.287+0000] {dagbag.py:508} INFO - Filling up the DagBag from /home/airflow/.local/lib/python3.7/site-packages/airflow/example_dags/example_task_group.py
[2022-10-01T00:33:20.295+0000] {processor.py:650} INFO - DAG(s) dict_keys(['example_task_group']) retrieved from /home/airflow/.local/lib/python3.7/site-packages/airflow/example_dags/example_task_group.py
[2022-10-01T00:33:20.328+0000] {logging_mixin.py:115} INFO - [2022-10-01T00:33:20.328+0000] {dag.py:2429} INFO - Sync 1 DAGs
[2022-10-01T00:33:20.346+0000] {logging_mixin.py:115} INFO - [2022-10-01T00:33:20.345+0000] {dag.py:2981} INFO - Setting next_dagrun for example_task_group to 2022-09-30T00:33:20.345646+00:00, run_after=2022-10-01T00:33:20.345646+00:00
[2022-10-01T00:33:20.356+0000] {processor.py:161} INFO - Processing /home/airflow/.local/lib/python3.7/site-packages/airflow/example_dags/example_task_group.py took 0.086 seconds
[2022-10-01T00:33:50.396+0000] {processor.py:153} INFO - Started process (PID=37547) to work on /home/airflow/.local/lib/python3.7/site-packages/airflow/example_dags/example_task_group.py
[2022-10-01T00:33:50.398+0000] {processor.py:640} INFO - Processing file /home/airflow/.local/lib/python3.7/site-packages/airflow/example_dags/example_task_group.py for tasks to queue
[2022-10-01T00:33:50.399+0000] {logging_mixin.py:115} INFO - [2022-10-01T00:33:50.399+0000] {dagbag.py:508} INFO - Filling up the DagBag from /home/airflow/.local/lib/python3.7/site-packages/airflow/example_dags/example_task_group.py
[2022-10-01T00:33:50.404+0000] {processor.py:650} INFO - DAG(s) dict_keys(['example_task_group']) retrieved from /home/airflow/.local/lib/python3.7/site-packages/airflow/example_dags/example_task_group.py
[2022-10-01T00:33:50.423+0000] {logging_mixin.py:115} INFO - [2022-10-01T00:33:50.423+0000] {dag.py:2429} INFO - Sync 1 DAGs
[2022-10-01T00:33:50.436+0000] {logging_mixin.py:115} INFO - [2022-10-01T00:33:50.436+0000] {dag.py:2981} INFO - Setting next_dagrun for example_task_group to 2022-09-30T00:33:50.436178+00:00, run_after=2022-10-01T00:33:50.436178+00:00
[2022-10-01T00:33:50.445+0000] {processor.py:161} INFO - Processing /home/airflow/.local/lib/python3.7/site-packages/airflow/example_dags/example_task_group.py took 0.050 seconds
[2022-10-01T00:34:20.967+0000] {processor.py:153} INFO - Started process (PID=37605) to work on /home/airflow/.local/lib/python3.7/site-packages/airflow/example_dags/example_task_group.py
[2022-10-01T00:34:20.969+0000] {processor.py:640} INFO - Processing file /home/airflow/.local/lib/python3.7/site-packages/airflow/example_dags/example_task_group.py for tasks to queue
[2022-10-01T00:34:20.971+0000] {logging_mixin.py:115} INFO - [2022-10-01T00:34:20.971+0000] {dagbag.py:508} INFO - Filling up the DagBag from /home/airflow/.local/lib/python3.7/site-packages/airflow/example_dags/example_task_group.py
[2022-10-01T00:34:20.980+0000] {processor.py:650} INFO - DAG(s) dict_keys(['example_task_group']) retrieved from /home/airflow/.local/lib/python3.7/site-packages/airflow/example_dags/example_task_group.py
[2022-10-01T00:34:21.003+0000] {logging_mixin.py:115} INFO - [2022-10-01T00:34:21.003+0000] {dag.py:2429} INFO - Sync 1 DAGs
[2022-10-01T00:34:21.021+0000] {logging_mixin.py:115} INFO - [2022-10-01T00:34:21.021+0000] {dag.py:2981} INFO - Setting next_dagrun for example_task_group to 2022-09-30T00:34:21.021456+00:00, run_after=2022-10-01T00:34:21.021456+00:00
[2022-10-01T00:34:21.032+0000] {processor.py:161} INFO - Processing /home/airflow/.local/lib/python3.7/site-packages/airflow/example_dags/example_task_group.py took 0.069 seconds
[2022-10-01T00:34:51.725+0000] {processor.py:153} INFO - Started process (PID=37671) to work on /home/airflow/.local/lib/python3.7/site-packages/airflow/example_dags/example_task_group.py
[2022-10-01T00:34:51.731+0000] {processor.py:640} INFO - Processing file /home/airflow/.local/lib/python3.7/site-packages/airflow/example_dags/example_task_group.py for tasks to queue
[2022-10-01T00:34:51.733+0000] {logging_mixin.py:115} INFO - [2022-10-01T00:34:51.732+0000] {dagbag.py:508} INFO - Filling up the DagBag from /home/airflow/.local/lib/python3.7/site-packages/airflow/example_dags/example_task_group.py
[2022-10-01T00:34:51.737+0000] {processor.py:650} INFO - DAG(s) dict_keys(['example_task_group']) retrieved from /home/airflow/.local/lib/python3.7/site-packages/airflow/example_dags/example_task_group.py
[2022-10-01T00:34:51.756+0000] {logging_mixin.py:115} INFO - [2022-10-01T00:34:51.756+0000] {dag.py:2429} INFO - Sync 1 DAGs
[2022-10-01T00:34:51.768+0000] {logging_mixin.py:115} INFO - [2022-10-01T00:34:51.768+0000] {dag.py:2981} INFO - Setting next_dagrun for example_task_group to 2022-09-30T00:34:51.768082+00:00, run_after=2022-10-01T00:34:51.768082+00:00
[2022-10-01T00:34:51.775+0000] {processor.py:161} INFO - Processing /home/airflow/.local/lib/python3.7/site-packages/airflow/example_dags/example_task_group.py took 0.053 seconds
[2022-10-01T00:35:22.700+0000] {processor.py:153} INFO - Started process (PID=37738) to work on /home/airflow/.local/lib/python3.7/site-packages/airflow/example_dags/example_task_group.py
[2022-10-01T00:35:22.702+0000] {processor.py:640} INFO - Processing file /home/airflow/.local/lib/python3.7/site-packages/airflow/example_dags/example_task_group.py for tasks to queue
[2022-10-01T00:35:22.703+0000] {logging_mixin.py:115} INFO - [2022-10-01T00:35:22.703+0000] {dagbag.py:508} INFO - Filling up the DagBag from /home/airflow/.local/lib/python3.7/site-packages/airflow/example_dags/example_task_group.py
[2022-10-01T00:35:22.711+0000] {processor.py:650} INFO - DAG(s) dict_keys(['example_task_group']) retrieved from /home/airflow/.local/lib/python3.7/site-packages/airflow/example_dags/example_task_group.py
[2022-10-01T00:35:22.739+0000] {logging_mixin.py:115} INFO - [2022-10-01T00:35:22.739+0000] {dag.py:2429} INFO - Sync 1 DAGs
[2022-10-01T00:35:22.771+0000] {logging_mixin.py:115} INFO - [2022-10-01T00:35:22.771+0000] {dag.py:2981} INFO - Setting next_dagrun for example_task_group to 2022-09-30T00:35:22.771015+00:00, run_after=2022-10-01T00:35:22.771015+00:00
[2022-10-01T00:35:22.787+0000] {processor.py:161} INFO - Processing /home/airflow/.local/lib/python3.7/site-packages/airflow/example_dags/example_task_group.py took 0.094 seconds
[2022-10-01T00:35:53.954+0000] {processor.py:153} INFO - Started process (PID=37795) to work on /home/airflow/.local/lib/python3.7/site-packages/airflow/example_dags/example_task_group.py
[2022-10-01T00:35:53.959+0000] {processor.py:640} INFO - Processing file /home/airflow/.local/lib/python3.7/site-packages/airflow/example_dags/example_task_group.py for tasks to queue
[2022-10-01T00:35:53.962+0000] {logging_mixin.py:115} INFO - [2022-10-01T00:35:53.962+0000] {dagbag.py:508} INFO - Filling up the DagBag from /home/airflow/.local/lib/python3.7/site-packages/airflow/example_dags/example_task_group.py
[2022-10-01T00:35:53.973+0000] {processor.py:650} INFO - DAG(s) dict_keys(['example_task_group']) retrieved from /home/airflow/.local/lib/python3.7/site-packages/airflow/example_dags/example_task_group.py
[2022-10-01T00:35:54.010+0000] {logging_mixin.py:115} INFO - [2022-10-01T00:35:54.010+0000] {dag.py:2429} INFO - Sync 1 DAGs
[2022-10-01T00:35:54.029+0000] {logging_mixin.py:115} INFO - [2022-10-01T00:35:54.029+0000] {dag.py:2981} INFO - Setting next_dagrun for example_task_group to 2022-09-30T00:35:54.029256+00:00, run_after=2022-10-01T00:35:54.029256+00:00
[2022-10-01T00:35:54.040+0000] {processor.py:161} INFO - Processing /home/airflow/.local/lib/python3.7/site-packages/airflow/example_dags/example_task_group.py took 0.092 seconds
