[2022-10-01T00:00:23.030+0000] {processor.py:153} INFO - Started process (PID=33923) to work on /home/airflow/.local/lib/python3.7/site-packages/airflow/example_dags/example_complex.py
[2022-10-01T00:00:23.032+0000] {processor.py:640} INFO - Processing file /home/airflow/.local/lib/python3.7/site-packages/airflow/example_dags/example_complex.py for tasks to queue
[2022-10-01T00:00:23.033+0000] {logging_mixin.py:115} INFO - [2022-10-01T00:00:23.033+0000] {dagbag.py:508} INFO - Filling up the DagBag from /home/airflow/.local/lib/python3.7/site-packages/airflow/example_dags/example_complex.py
[2022-10-01T00:00:23.041+0000] {processor.py:650} INFO - DAG(s) dict_keys(['example_complex']) retrieved from /home/airflow/.local/lib/python3.7/site-packages/airflow/example_dags/example_complex.py
[2022-10-01T00:00:23.064+0000] {logging_mixin.py:115} INFO - [2022-10-01T00:00:23.063+0000] {dag.py:2429} INFO - Sync 1 DAGs
[2022-10-01T00:00:23.085+0000] {logging_mixin.py:115} INFO - [2022-10-01T00:00:23.085+0000] {dag.py:2981} INFO - Setting next_dagrun for example_complex to None, run_after=None
[2022-10-01T00:00:23.093+0000] {processor.py:161} INFO - Processing /home/airflow/.local/lib/python3.7/site-packages/airflow/example_dags/example_complex.py took 0.066 seconds
[2022-10-01T00:00:53.590+0000] {processor.py:153} INFO - Started process (PID=33990) to work on /home/airflow/.local/lib/python3.7/site-packages/airflow/example_dags/example_complex.py
[2022-10-01T00:00:53.592+0000] {processor.py:640} INFO - Processing file /home/airflow/.local/lib/python3.7/site-packages/airflow/example_dags/example_complex.py for tasks to queue
[2022-10-01T00:00:53.593+0000] {logging_mixin.py:115} INFO - [2022-10-01T00:00:53.593+0000] {dagbag.py:508} INFO - Filling up the DagBag from /home/airflow/.local/lib/python3.7/site-packages/airflow/example_dags/example_complex.py
[2022-10-01T00:00:53.600+0000] {processor.py:650} INFO - DAG(s) dict_keys(['example_complex']) retrieved from /home/airflow/.local/lib/python3.7/site-packages/airflow/example_dags/example_complex.py
[2022-10-01T00:00:53.622+0000] {logging_mixin.py:115} INFO - [2022-10-01T00:00:53.622+0000] {dag.py:2429} INFO - Sync 1 DAGs
[2022-10-01T00:00:53.637+0000] {logging_mixin.py:115} INFO - [2022-10-01T00:00:53.637+0000] {dag.py:2981} INFO - Setting next_dagrun for example_complex to None, run_after=None
[2022-10-01T00:00:53.644+0000] {processor.py:161} INFO - Processing /home/airflow/.local/lib/python3.7/site-packages/airflow/example_dags/example_complex.py took 0.057 seconds
[2022-10-01T00:01:24.191+0000] {processor.py:153} INFO - Started process (PID=34056) to work on /home/airflow/.local/lib/python3.7/site-packages/airflow/example_dags/example_complex.py
[2022-10-01T00:01:24.193+0000] {processor.py:640} INFO - Processing file /home/airflow/.local/lib/python3.7/site-packages/airflow/example_dags/example_complex.py for tasks to queue
[2022-10-01T00:01:24.194+0000] {logging_mixin.py:115} INFO - [2022-10-01T00:01:24.194+0000] {dagbag.py:508} INFO - Filling up the DagBag from /home/airflow/.local/lib/python3.7/site-packages/airflow/example_dags/example_complex.py
[2022-10-01T00:01:24.202+0000] {processor.py:650} INFO - DAG(s) dict_keys(['example_complex']) retrieved from /home/airflow/.local/lib/python3.7/site-packages/airflow/example_dags/example_complex.py
[2022-10-01T00:01:24.221+0000] {logging_mixin.py:115} INFO - [2022-10-01T00:01:24.221+0000] {dag.py:2429} INFO - Sync 1 DAGs
[2022-10-01T00:01:24.235+0000] {logging_mixin.py:115} INFO - [2022-10-01T00:01:24.235+0000] {dag.py:2981} INFO - Setting next_dagrun for example_complex to None, run_after=None
[2022-10-01T00:01:24.243+0000] {processor.py:161} INFO - Processing /home/airflow/.local/lib/python3.7/site-packages/airflow/example_dags/example_complex.py took 0.054 seconds
[2022-10-01T00:01:54.600+0000] {processor.py:153} INFO - Started process (PID=34113) to work on /home/airflow/.local/lib/python3.7/site-packages/airflow/example_dags/example_complex.py
[2022-10-01T00:01:54.601+0000] {processor.py:640} INFO - Processing file /home/airflow/.local/lib/python3.7/site-packages/airflow/example_dags/example_complex.py for tasks to queue
[2022-10-01T00:01:54.603+0000] {logging_mixin.py:115} INFO - [2022-10-01T00:01:54.603+0000] {dagbag.py:508} INFO - Filling up the DagBag from /home/airflow/.local/lib/python3.7/site-packages/airflow/example_dags/example_complex.py
[2022-10-01T00:01:54.613+0000] {processor.py:650} INFO - DAG(s) dict_keys(['example_complex']) retrieved from /home/airflow/.local/lib/python3.7/site-packages/airflow/example_dags/example_complex.py
[2022-10-01T00:01:54.641+0000] {logging_mixin.py:115} INFO - [2022-10-01T00:01:54.641+0000] {dag.py:2429} INFO - Sync 1 DAGs
[2022-10-01T00:01:54.659+0000] {logging_mixin.py:115} INFO - [2022-10-01T00:01:54.659+0000] {dag.py:2981} INFO - Setting next_dagrun for example_complex to None, run_after=None
[2022-10-01T00:01:54.668+0000] {processor.py:161} INFO - Processing /home/airflow/.local/lib/python3.7/site-packages/airflow/example_dags/example_complex.py took 0.071 seconds
[2022-10-01T00:02:24.961+0000] {processor.py:153} INFO - Started process (PID=34179) to work on /home/airflow/.local/lib/python3.7/site-packages/airflow/example_dags/example_complex.py
[2022-10-01T00:02:24.963+0000] {processor.py:640} INFO - Processing file /home/airflow/.local/lib/python3.7/site-packages/airflow/example_dags/example_complex.py for tasks to queue
[2022-10-01T00:02:24.964+0000] {logging_mixin.py:115} INFO - [2022-10-01T00:02:24.964+0000] {dagbag.py:508} INFO - Filling up the DagBag from /home/airflow/.local/lib/python3.7/site-packages/airflow/example_dags/example_complex.py
[2022-10-01T00:02:24.973+0000] {processor.py:650} INFO - DAG(s) dict_keys(['example_complex']) retrieved from /home/airflow/.local/lib/python3.7/site-packages/airflow/example_dags/example_complex.py
[2022-10-01T00:02:24.993+0000] {logging_mixin.py:115} INFO - [2022-10-01T00:02:24.993+0000] {dag.py:2429} INFO - Sync 1 DAGs
[2022-10-01T00:02:25.007+0000] {logging_mixin.py:115} INFO - [2022-10-01T00:02:25.007+0000] {dag.py:2981} INFO - Setting next_dagrun for example_complex to None, run_after=None
[2022-10-01T00:02:25.015+0000] {processor.py:161} INFO - Processing /home/airflow/.local/lib/python3.7/site-packages/airflow/example_dags/example_complex.py took 0.057 seconds
[2022-10-01T00:02:55.486+0000] {processor.py:153} INFO - Started process (PID=34245) to work on /home/airflow/.local/lib/python3.7/site-packages/airflow/example_dags/example_complex.py
[2022-10-01T00:02:55.489+0000] {processor.py:640} INFO - Processing file /home/airflow/.local/lib/python3.7/site-packages/airflow/example_dags/example_complex.py for tasks to queue
[2022-10-01T00:02:55.490+0000] {logging_mixin.py:115} INFO - [2022-10-01T00:02:55.490+0000] {dagbag.py:508} INFO - Filling up the DagBag from /home/airflow/.local/lib/python3.7/site-packages/airflow/example_dags/example_complex.py
[2022-10-01T00:02:55.499+0000] {processor.py:650} INFO - DAG(s) dict_keys(['example_complex']) retrieved from /home/airflow/.local/lib/python3.7/site-packages/airflow/example_dags/example_complex.py
[2022-10-01T00:02:55.522+0000] {logging_mixin.py:115} INFO - [2022-10-01T00:02:55.521+0000] {dag.py:2429} INFO - Sync 1 DAGs
[2022-10-01T00:02:55.535+0000] {logging_mixin.py:115} INFO - [2022-10-01T00:02:55.535+0000] {dag.py:2981} INFO - Setting next_dagrun for example_complex to None, run_after=None
[2022-10-01T00:02:55.543+0000] {processor.py:161} INFO - Processing /home/airflow/.local/lib/python3.7/site-packages/airflow/example_dags/example_complex.py took 0.059 seconds
[2022-10-01T00:03:25.697+0000] {processor.py:153} INFO - Started process (PID=34312) to work on /home/airflow/.local/lib/python3.7/site-packages/airflow/example_dags/example_complex.py
[2022-10-01T00:03:25.699+0000] {processor.py:640} INFO - Processing file /home/airflow/.local/lib/python3.7/site-packages/airflow/example_dags/example_complex.py for tasks to queue
[2022-10-01T00:03:25.700+0000] {logging_mixin.py:115} INFO - [2022-10-01T00:03:25.700+0000] {dagbag.py:508} INFO - Filling up the DagBag from /home/airflow/.local/lib/python3.7/site-packages/airflow/example_dags/example_complex.py
[2022-10-01T00:03:25.709+0000] {processor.py:650} INFO - DAG(s) dict_keys(['example_complex']) retrieved from /home/airflow/.local/lib/python3.7/site-packages/airflow/example_dags/example_complex.py
[2022-10-01T00:03:25.735+0000] {logging_mixin.py:115} INFO - [2022-10-01T00:03:25.735+0000] {dag.py:2429} INFO - Sync 1 DAGs
[2022-10-01T00:03:25.750+0000] {logging_mixin.py:115} INFO - [2022-10-01T00:03:25.750+0000] {dag.py:2981} INFO - Setting next_dagrun for example_complex to None, run_after=None
[2022-10-01T00:03:25.757+0000] {processor.py:161} INFO - Processing /home/airflow/.local/lib/python3.7/site-packages/airflow/example_dags/example_complex.py took 0.063 seconds
[2022-10-01T00:03:56.085+0000] {processor.py:153} INFO - Started process (PID=34369) to work on /home/airflow/.local/lib/python3.7/site-packages/airflow/example_dags/example_complex.py
[2022-10-01T00:03:56.087+0000] {processor.py:640} INFO - Processing file /home/airflow/.local/lib/python3.7/site-packages/airflow/example_dags/example_complex.py for tasks to queue
[2022-10-01T00:03:56.088+0000] {logging_mixin.py:115} INFO - [2022-10-01T00:03:56.088+0000] {dagbag.py:508} INFO - Filling up the DagBag from /home/airflow/.local/lib/python3.7/site-packages/airflow/example_dags/example_complex.py
[2022-10-01T00:03:56.099+0000] {processor.py:650} INFO - DAG(s) dict_keys(['example_complex']) retrieved from /home/airflow/.local/lib/python3.7/site-packages/airflow/example_dags/example_complex.py
[2022-10-01T00:03:56.121+0000] {logging_mixin.py:115} INFO - [2022-10-01T00:03:56.121+0000] {dag.py:2429} INFO - Sync 1 DAGs
[2022-10-01T00:03:56.136+0000] {logging_mixin.py:115} INFO - [2022-10-01T00:03:56.135+0000] {dag.py:2981} INFO - Setting next_dagrun for example_complex to None, run_after=None
[2022-10-01T00:03:56.144+0000] {processor.py:161} INFO - Processing /home/airflow/.local/lib/python3.7/site-packages/airflow/example_dags/example_complex.py took 0.062 seconds
[2022-10-01T00:04:26.502+0000] {processor.py:153} INFO - Started process (PID=34435) to work on /home/airflow/.local/lib/python3.7/site-packages/airflow/example_dags/example_complex.py
[2022-10-01T00:04:26.504+0000] {processor.py:640} INFO - Processing file /home/airflow/.local/lib/python3.7/site-packages/airflow/example_dags/example_complex.py for tasks to queue
[2022-10-01T00:04:26.505+0000] {logging_mixin.py:115} INFO - [2022-10-01T00:04:26.505+0000] {dagbag.py:508} INFO - Filling up the DagBag from /home/airflow/.local/lib/python3.7/site-packages/airflow/example_dags/example_complex.py
[2022-10-01T00:04:26.514+0000] {processor.py:650} INFO - DAG(s) dict_keys(['example_complex']) retrieved from /home/airflow/.local/lib/python3.7/site-packages/airflow/example_dags/example_complex.py
[2022-10-01T00:04:26.535+0000] {logging_mixin.py:115} INFO - [2022-10-01T00:04:26.534+0000] {dag.py:2429} INFO - Sync 1 DAGs
[2022-10-01T00:04:26.550+0000] {logging_mixin.py:115} INFO - [2022-10-01T00:04:26.550+0000] {dag.py:2981} INFO - Setting next_dagrun for example_complex to None, run_after=None
[2022-10-01T00:04:26.558+0000] {processor.py:161} INFO - Processing /home/airflow/.local/lib/python3.7/site-packages/airflow/example_dags/example_complex.py took 0.059 seconds
[2022-10-01T00:04:56.924+0000] {processor.py:153} INFO - Started process (PID=34501) to work on /home/airflow/.local/lib/python3.7/site-packages/airflow/example_dags/example_complex.py
[2022-10-01T00:04:56.934+0000] {processor.py:640} INFO - Processing file /home/airflow/.local/lib/python3.7/site-packages/airflow/example_dags/example_complex.py for tasks to queue
[2022-10-01T00:04:56.941+0000] {logging_mixin.py:115} INFO - [2022-10-01T00:04:56.940+0000] {dagbag.py:508} INFO - Filling up the DagBag from /home/airflow/.local/lib/python3.7/site-packages/airflow/example_dags/example_complex.py
[2022-10-01T00:04:56.954+0000] {processor.py:650} INFO - DAG(s) dict_keys(['example_complex']) retrieved from /home/airflow/.local/lib/python3.7/site-packages/airflow/example_dags/example_complex.py
[2022-10-01T00:04:56.977+0000] {logging_mixin.py:115} INFO - [2022-10-01T00:04:56.977+0000] {dag.py:2429} INFO - Sync 1 DAGs
[2022-10-01T00:04:56.994+0000] {logging_mixin.py:115} INFO - [2022-10-01T00:04:56.994+0000] {dag.py:2981} INFO - Setting next_dagrun for example_complex to None, run_after=None
[2022-10-01T00:04:57.003+0000] {processor.py:161} INFO - Processing /home/airflow/.local/lib/python3.7/site-packages/airflow/example_dags/example_complex.py took 0.083 seconds
[2022-10-01T00:05:27.350+0000] {processor.py:153} INFO - Started process (PID=34568) to work on /home/airflow/.local/lib/python3.7/site-packages/airflow/example_dags/example_complex.py
[2022-10-01T00:05:27.353+0000] {processor.py:640} INFO - Processing file /home/airflow/.local/lib/python3.7/site-packages/airflow/example_dags/example_complex.py for tasks to queue
[2022-10-01T00:05:27.354+0000] {logging_mixin.py:115} INFO - [2022-10-01T00:05:27.354+0000] {dagbag.py:508} INFO - Filling up the DagBag from /home/airflow/.local/lib/python3.7/site-packages/airflow/example_dags/example_complex.py
[2022-10-01T00:05:27.362+0000] {processor.py:650} INFO - DAG(s) dict_keys(['example_complex']) retrieved from /home/airflow/.local/lib/python3.7/site-packages/airflow/example_dags/example_complex.py
[2022-10-01T00:05:27.383+0000] {logging_mixin.py:115} INFO - [2022-10-01T00:05:27.383+0000] {dag.py:2429} INFO - Sync 1 DAGs
[2022-10-01T00:05:27.399+0000] {logging_mixin.py:115} INFO - [2022-10-01T00:05:27.399+0000] {dag.py:2981} INFO - Setting next_dagrun for example_complex to None, run_after=None
[2022-10-01T00:05:27.406+0000] {processor.py:161} INFO - Processing /home/airflow/.local/lib/python3.7/site-packages/airflow/example_dags/example_complex.py took 0.059 seconds
[2022-10-01T00:05:57.647+0000] {processor.py:153} INFO - Started process (PID=34625) to work on /home/airflow/.local/lib/python3.7/site-packages/airflow/example_dags/example_complex.py
[2022-10-01T00:05:57.648+0000] {processor.py:640} INFO - Processing file /home/airflow/.local/lib/python3.7/site-packages/airflow/example_dags/example_complex.py for tasks to queue
[2022-10-01T00:05:57.649+0000] {logging_mixin.py:115} INFO - [2022-10-01T00:05:57.649+0000] {dagbag.py:508} INFO - Filling up the DagBag from /home/airflow/.local/lib/python3.7/site-packages/airflow/example_dags/example_complex.py
[2022-10-01T00:05:57.656+0000] {processor.py:650} INFO - DAG(s) dict_keys(['example_complex']) retrieved from /home/airflow/.local/lib/python3.7/site-packages/airflow/example_dags/example_complex.py
[2022-10-01T00:05:57.675+0000] {logging_mixin.py:115} INFO - [2022-10-01T00:05:57.675+0000] {dag.py:2429} INFO - Sync 1 DAGs
[2022-10-01T00:05:57.687+0000] {logging_mixin.py:115} INFO - [2022-10-01T00:05:57.687+0000] {dag.py:2981} INFO - Setting next_dagrun for example_complex to None, run_after=None
[2022-10-01T00:05:57.694+0000] {processor.py:161} INFO - Processing /home/airflow/.local/lib/python3.7/site-packages/airflow/example_dags/example_complex.py took 0.050 seconds
[2022-10-01T00:06:28.128+0000] {processor.py:153} INFO - Started process (PID=34692) to work on /home/airflow/.local/lib/python3.7/site-packages/airflow/example_dags/example_complex.py
[2022-10-01T00:06:28.130+0000] {processor.py:640} INFO - Processing file /home/airflow/.local/lib/python3.7/site-packages/airflow/example_dags/example_complex.py for tasks to queue
[2022-10-01T00:06:28.131+0000] {logging_mixin.py:115} INFO - [2022-10-01T00:06:28.131+0000] {dagbag.py:508} INFO - Filling up the DagBag from /home/airflow/.local/lib/python3.7/site-packages/airflow/example_dags/example_complex.py
[2022-10-01T00:06:28.139+0000] {processor.py:650} INFO - DAG(s) dict_keys(['example_complex']) retrieved from /home/airflow/.local/lib/python3.7/site-packages/airflow/example_dags/example_complex.py
[2022-10-01T00:06:28.160+0000] {logging_mixin.py:115} INFO - [2022-10-01T00:06:28.159+0000] {dag.py:2429} INFO - Sync 1 DAGs
[2022-10-01T00:06:28.178+0000] {logging_mixin.py:115} INFO - [2022-10-01T00:06:28.178+0000] {dag.py:2981} INFO - Setting next_dagrun for example_complex to None, run_after=None
[2022-10-01T00:06:28.188+0000] {processor.py:161} INFO - Processing /home/airflow/.local/lib/python3.7/site-packages/airflow/example_dags/example_complex.py took 0.063 seconds
[2022-10-01T00:06:58.465+0000] {processor.py:153} INFO - Started process (PID=34758) to work on /home/airflow/.local/lib/python3.7/site-packages/airflow/example_dags/example_complex.py
[2022-10-01T00:06:58.466+0000] {processor.py:640} INFO - Processing file /home/airflow/.local/lib/python3.7/site-packages/airflow/example_dags/example_complex.py for tasks to queue
[2022-10-01T00:06:58.467+0000] {logging_mixin.py:115} INFO - [2022-10-01T00:06:58.467+0000] {dagbag.py:508} INFO - Filling up the DagBag from /home/airflow/.local/lib/python3.7/site-packages/airflow/example_dags/example_complex.py
[2022-10-01T00:06:58.476+0000] {processor.py:650} INFO - DAG(s) dict_keys(['example_complex']) retrieved from /home/airflow/.local/lib/python3.7/site-packages/airflow/example_dags/example_complex.py
[2022-10-01T00:06:58.497+0000] {logging_mixin.py:115} INFO - [2022-10-01T00:06:58.497+0000] {dag.py:2429} INFO - Sync 1 DAGs
[2022-10-01T00:06:58.512+0000] {logging_mixin.py:115} INFO - [2022-10-01T00:06:58.512+0000] {dag.py:2981} INFO - Setting next_dagrun for example_complex to None, run_after=None
[2022-10-01T00:06:58.520+0000] {processor.py:161} INFO - Processing /home/airflow/.local/lib/python3.7/site-packages/airflow/example_dags/example_complex.py took 0.058 seconds
[2022-10-01T00:07:28.895+0000] {processor.py:153} INFO - Started process (PID=34824) to work on /home/airflow/.local/lib/python3.7/site-packages/airflow/example_dags/example_complex.py
[2022-10-01T00:07:28.913+0000] {processor.py:640} INFO - Processing file /home/airflow/.local/lib/python3.7/site-packages/airflow/example_dags/example_complex.py for tasks to queue
[2022-10-01T00:07:28.914+0000] {logging_mixin.py:115} INFO - [2022-10-01T00:07:28.914+0000] {dagbag.py:508} INFO - Filling up the DagBag from /home/airflow/.local/lib/python3.7/site-packages/airflow/example_dags/example_complex.py
[2022-10-01T00:07:28.925+0000] {processor.py:650} INFO - DAG(s) dict_keys(['example_complex']) retrieved from /home/airflow/.local/lib/python3.7/site-packages/airflow/example_dags/example_complex.py
[2022-10-01T00:07:28.952+0000] {logging_mixin.py:115} INFO - [2022-10-01T00:07:28.952+0000] {dag.py:2429} INFO - Sync 1 DAGs
[2022-10-01T00:07:28.966+0000] {logging_mixin.py:115} INFO - [2022-10-01T00:07:28.966+0000] {dag.py:2981} INFO - Setting next_dagrun for example_complex to None, run_after=None
[2022-10-01T00:07:28.991+0000] {processor.py:161} INFO - Processing /home/airflow/.local/lib/python3.7/site-packages/airflow/example_dags/example_complex.py took 0.098 seconds
[2022-10-01T00:07:59.219+0000] {processor.py:153} INFO - Started process (PID=34881) to work on /home/airflow/.local/lib/python3.7/site-packages/airflow/example_dags/example_complex.py
[2022-10-01T00:07:59.231+0000] {processor.py:640} INFO - Processing file /home/airflow/.local/lib/python3.7/site-packages/airflow/example_dags/example_complex.py for tasks to queue
[2022-10-01T00:07:59.234+0000] {logging_mixin.py:115} INFO - [2022-10-01T00:07:59.233+0000] {dagbag.py:508} INFO - Filling up the DagBag from /home/airflow/.local/lib/python3.7/site-packages/airflow/example_dags/example_complex.py
[2022-10-01T00:07:59.243+0000] {processor.py:650} INFO - DAG(s) dict_keys(['example_complex']) retrieved from /home/airflow/.local/lib/python3.7/site-packages/airflow/example_dags/example_complex.py
[2022-10-01T00:07:59.266+0000] {logging_mixin.py:115} INFO - [2022-10-01T00:07:59.266+0000] {dag.py:2429} INFO - Sync 1 DAGs
[2022-10-01T00:07:59.281+0000] {logging_mixin.py:115} INFO - [2022-10-01T00:07:59.281+0000] {dag.py:2981} INFO - Setting next_dagrun for example_complex to None, run_after=None
[2022-10-01T00:07:59.291+0000] {processor.py:161} INFO - Processing /home/airflow/.local/lib/python3.7/site-packages/airflow/example_dags/example_complex.py took 0.074 seconds
[2022-10-01T00:08:29.774+0000] {processor.py:153} INFO - Started process (PID=34947) to work on /home/airflow/.local/lib/python3.7/site-packages/airflow/example_dags/example_complex.py
[2022-10-01T00:08:29.776+0000] {processor.py:640} INFO - Processing file /home/airflow/.local/lib/python3.7/site-packages/airflow/example_dags/example_complex.py for tasks to queue
[2022-10-01T00:08:29.777+0000] {logging_mixin.py:115} INFO - [2022-10-01T00:08:29.777+0000] {dagbag.py:508} INFO - Filling up the DagBag from /home/airflow/.local/lib/python3.7/site-packages/airflow/example_dags/example_complex.py
[2022-10-01T00:08:29.786+0000] {processor.py:650} INFO - DAG(s) dict_keys(['example_complex']) retrieved from /home/airflow/.local/lib/python3.7/site-packages/airflow/example_dags/example_complex.py
[2022-10-01T00:08:29.807+0000] {logging_mixin.py:115} INFO - [2022-10-01T00:08:29.807+0000] {dag.py:2429} INFO - Sync 1 DAGs
[2022-10-01T00:08:29.822+0000] {logging_mixin.py:115} INFO - [2022-10-01T00:08:29.822+0000] {dag.py:2981} INFO - Setting next_dagrun for example_complex to None, run_after=None
[2022-10-01T00:08:29.833+0000] {processor.py:161} INFO - Processing /home/airflow/.local/lib/python3.7/site-packages/airflow/example_dags/example_complex.py took 0.061 seconds
[2022-10-01T00:09:00.242+0000] {processor.py:153} INFO - Started process (PID=35013) to work on /home/airflow/.local/lib/python3.7/site-packages/airflow/example_dags/example_complex.py
[2022-10-01T00:09:00.244+0000] {processor.py:640} INFO - Processing file /home/airflow/.local/lib/python3.7/site-packages/airflow/example_dags/example_complex.py for tasks to queue
[2022-10-01T00:09:00.245+0000] {logging_mixin.py:115} INFO - [2022-10-01T00:09:00.245+0000] {dagbag.py:508} INFO - Filling up the DagBag from /home/airflow/.local/lib/python3.7/site-packages/airflow/example_dags/example_complex.py
[2022-10-01T00:09:00.254+0000] {processor.py:650} INFO - DAG(s) dict_keys(['example_complex']) retrieved from /home/airflow/.local/lib/python3.7/site-packages/airflow/example_dags/example_complex.py
[2022-10-01T00:09:00.275+0000] {logging_mixin.py:115} INFO - [2022-10-01T00:09:00.274+0000] {dag.py:2429} INFO - Sync 1 DAGs
[2022-10-01T00:09:00.288+0000] {logging_mixin.py:115} INFO - [2022-10-01T00:09:00.288+0000] {dag.py:2981} INFO - Setting next_dagrun for example_complex to None, run_after=None
[2022-10-01T00:09:00.297+0000] {processor.py:161} INFO - Processing /home/airflow/.local/lib/python3.7/site-packages/airflow/example_dags/example_complex.py took 0.057 seconds
[2022-10-01T00:09:30.888+0000] {processor.py:153} INFO - Started process (PID=35078) to work on /home/airflow/.local/lib/python3.7/site-packages/airflow/example_dags/example_complex.py
[2022-10-01T00:09:30.890+0000] {processor.py:640} INFO - Processing file /home/airflow/.local/lib/python3.7/site-packages/airflow/example_dags/example_complex.py for tasks to queue
[2022-10-01T00:09:30.891+0000] {logging_mixin.py:115} INFO - [2022-10-01T00:09:30.891+0000] {dagbag.py:508} INFO - Filling up the DagBag from /home/airflow/.local/lib/python3.7/site-packages/airflow/example_dags/example_complex.py
[2022-10-01T00:09:30.901+0000] {processor.py:650} INFO - DAG(s) dict_keys(['example_complex']) retrieved from /home/airflow/.local/lib/python3.7/site-packages/airflow/example_dags/example_complex.py
[2022-10-01T00:09:30.929+0000] {logging_mixin.py:115} INFO - [2022-10-01T00:09:30.929+0000] {dag.py:2429} INFO - Sync 1 DAGs
[2022-10-01T00:09:30.947+0000] {logging_mixin.py:115} INFO - [2022-10-01T00:09:30.947+0000] {dag.py:2981} INFO - Setting next_dagrun for example_complex to None, run_after=None
[2022-10-01T00:09:30.955+0000] {processor.py:161} INFO - Processing /home/airflow/.local/lib/python3.7/site-packages/airflow/example_dags/example_complex.py took 0.070 seconds
[2022-10-01T00:10:01.306+0000] {processor.py:153} INFO - Started process (PID=35134) to work on /home/airflow/.local/lib/python3.7/site-packages/airflow/example_dags/example_complex.py
[2022-10-01T00:10:01.308+0000] {processor.py:640} INFO - Processing file /home/airflow/.local/lib/python3.7/site-packages/airflow/example_dags/example_complex.py for tasks to queue
[2022-10-01T00:10:01.309+0000] {logging_mixin.py:115} INFO - [2022-10-01T00:10:01.309+0000] {dagbag.py:508} INFO - Filling up the DagBag from /home/airflow/.local/lib/python3.7/site-packages/airflow/example_dags/example_complex.py
[2022-10-01T00:10:01.318+0000] {processor.py:650} INFO - DAG(s) dict_keys(['example_complex']) retrieved from /home/airflow/.local/lib/python3.7/site-packages/airflow/example_dags/example_complex.py
[2022-10-01T00:10:01.342+0000] {logging_mixin.py:115} INFO - [2022-10-01T00:10:01.342+0000] {dag.py:2429} INFO - Sync 1 DAGs
[2022-10-01T00:10:01.363+0000] {logging_mixin.py:115} INFO - [2022-10-01T00:10:01.363+0000] {dag.py:2981} INFO - Setting next_dagrun for example_complex to None, run_after=None
[2022-10-01T00:10:01.373+0000] {processor.py:161} INFO - Processing /home/airflow/.local/lib/python3.7/site-packages/airflow/example_dags/example_complex.py took 0.071 seconds
[2022-10-01T00:10:31.744+0000] {processor.py:153} INFO - Started process (PID=35201) to work on /home/airflow/.local/lib/python3.7/site-packages/airflow/example_dags/example_complex.py
[2022-10-01T00:10:31.746+0000] {processor.py:640} INFO - Processing file /home/airflow/.local/lib/python3.7/site-packages/airflow/example_dags/example_complex.py for tasks to queue
[2022-10-01T00:10:31.748+0000] {logging_mixin.py:115} INFO - [2022-10-01T00:10:31.748+0000] {dagbag.py:508} INFO - Filling up the DagBag from /home/airflow/.local/lib/python3.7/site-packages/airflow/example_dags/example_complex.py
[2022-10-01T00:10:31.757+0000] {processor.py:650} INFO - DAG(s) dict_keys(['example_complex']) retrieved from /home/airflow/.local/lib/python3.7/site-packages/airflow/example_dags/example_complex.py
[2022-10-01T00:10:31.777+0000] {logging_mixin.py:115} INFO - [2022-10-01T00:10:31.777+0000] {dag.py:2429} INFO - Sync 1 DAGs
[2022-10-01T00:10:31.794+0000] {logging_mixin.py:115} INFO - [2022-10-01T00:10:31.794+0000] {dag.py:2981} INFO - Setting next_dagrun for example_complex to None, run_after=None
[2022-10-01T00:10:31.823+0000] {processor.py:161} INFO - Processing /home/airflow/.local/lib/python3.7/site-packages/airflow/example_dags/example_complex.py took 0.081 seconds
[2022-10-01T00:11:02.191+0000] {processor.py:153} INFO - Started process (PID=35267) to work on /home/airflow/.local/lib/python3.7/site-packages/airflow/example_dags/example_complex.py
[2022-10-01T00:11:02.193+0000] {processor.py:640} INFO - Processing file /home/airflow/.local/lib/python3.7/site-packages/airflow/example_dags/example_complex.py for tasks to queue
[2022-10-01T00:11:02.195+0000] {logging_mixin.py:115} INFO - [2022-10-01T00:11:02.195+0000] {dagbag.py:508} INFO - Filling up the DagBag from /home/airflow/.local/lib/python3.7/site-packages/airflow/example_dags/example_complex.py
[2022-10-01T00:11:02.204+0000] {processor.py:650} INFO - DAG(s) dict_keys(['example_complex']) retrieved from /home/airflow/.local/lib/python3.7/site-packages/airflow/example_dags/example_complex.py
[2022-10-01T00:11:02.229+0000] {logging_mixin.py:115} INFO - [2022-10-01T00:11:02.228+0000] {dag.py:2429} INFO - Sync 1 DAGs
[2022-10-01T00:11:02.242+0000] {logging_mixin.py:115} INFO - [2022-10-01T00:11:02.242+0000] {dag.py:2981} INFO - Setting next_dagrun for example_complex to None, run_after=None
[2022-10-01T00:11:02.251+0000] {processor.py:161} INFO - Processing /home/airflow/.local/lib/python3.7/site-packages/airflow/example_dags/example_complex.py took 0.062 seconds
[2022-10-01T00:11:32.472+0000] {processor.py:153} INFO - Started process (PID=35333) to work on /home/airflow/.local/lib/python3.7/site-packages/airflow/example_dags/example_complex.py
[2022-10-01T00:11:32.475+0000] {processor.py:640} INFO - Processing file /home/airflow/.local/lib/python3.7/site-packages/airflow/example_dags/example_complex.py for tasks to queue
[2022-10-01T00:11:32.476+0000] {logging_mixin.py:115} INFO - [2022-10-01T00:11:32.476+0000] {dagbag.py:508} INFO - Filling up the DagBag from /home/airflow/.local/lib/python3.7/site-packages/airflow/example_dags/example_complex.py
[2022-10-01T00:11:32.486+0000] {processor.py:650} INFO - DAG(s) dict_keys(['example_complex']) retrieved from /home/airflow/.local/lib/python3.7/site-packages/airflow/example_dags/example_complex.py
[2022-10-01T00:11:32.514+0000] {logging_mixin.py:115} INFO - [2022-10-01T00:11:32.514+0000] {dag.py:2429} INFO - Sync 1 DAGs
[2022-10-01T00:11:32.535+0000] {logging_mixin.py:115} INFO - [2022-10-01T00:11:32.535+0000] {dag.py:2981} INFO - Setting next_dagrun for example_complex to None, run_after=None
[2022-10-01T00:11:32.547+0000] {processor.py:161} INFO - Processing /home/airflow/.local/lib/python3.7/site-packages/airflow/example_dags/example_complex.py took 0.077 seconds
[2022-10-01T00:12:02.827+0000] {processor.py:153} INFO - Started process (PID=35390) to work on /home/airflow/.local/lib/python3.7/site-packages/airflow/example_dags/example_complex.py
[2022-10-01T00:12:02.829+0000] {processor.py:640} INFO - Processing file /home/airflow/.local/lib/python3.7/site-packages/airflow/example_dags/example_complex.py for tasks to queue
[2022-10-01T00:12:02.830+0000] {logging_mixin.py:115} INFO - [2022-10-01T00:12:02.830+0000] {dagbag.py:508} INFO - Filling up the DagBag from /home/airflow/.local/lib/python3.7/site-packages/airflow/example_dags/example_complex.py
[2022-10-01T00:12:02.838+0000] {processor.py:650} INFO - DAG(s) dict_keys(['example_complex']) retrieved from /home/airflow/.local/lib/python3.7/site-packages/airflow/example_dags/example_complex.py
[2022-10-01T00:12:02.862+0000] {logging_mixin.py:115} INFO - [2022-10-01T00:12:02.862+0000] {dag.py:2429} INFO - Sync 1 DAGs
[2022-10-01T00:12:02.879+0000] {logging_mixin.py:115} INFO - [2022-10-01T00:12:02.878+0000] {dag.py:2981} INFO - Setting next_dagrun for example_complex to None, run_after=None
[2022-10-01T00:12:02.886+0000] {processor.py:161} INFO - Processing /home/airflow/.local/lib/python3.7/site-packages/airflow/example_dags/example_complex.py took 0.061 seconds
[2022-10-01T00:12:33.387+0000] {processor.py:153} INFO - Started process (PID=35457) to work on /home/airflow/.local/lib/python3.7/site-packages/airflow/example_dags/example_complex.py
[2022-10-01T00:12:33.388+0000] {processor.py:640} INFO - Processing file /home/airflow/.local/lib/python3.7/site-packages/airflow/example_dags/example_complex.py for tasks to queue
[2022-10-01T00:12:33.390+0000] {logging_mixin.py:115} INFO - [2022-10-01T00:12:33.390+0000] {dagbag.py:508} INFO - Filling up the DagBag from /home/airflow/.local/lib/python3.7/site-packages/airflow/example_dags/example_complex.py
[2022-10-01T00:12:33.400+0000] {processor.py:650} INFO - DAG(s) dict_keys(['example_complex']) retrieved from /home/airflow/.local/lib/python3.7/site-packages/airflow/example_dags/example_complex.py
[2022-10-01T00:12:33.423+0000] {logging_mixin.py:115} INFO - [2022-10-01T00:12:33.422+0000] {dag.py:2429} INFO - Sync 1 DAGs
[2022-10-01T00:12:33.437+0000] {logging_mixin.py:115} INFO - [2022-10-01T00:12:33.437+0000] {dag.py:2981} INFO - Setting next_dagrun for example_complex to None, run_after=None
[2022-10-01T00:12:33.444+0000] {processor.py:161} INFO - Processing /home/airflow/.local/lib/python3.7/site-packages/airflow/example_dags/example_complex.py took 0.059 seconds
[2022-10-01T00:13:03.711+0000] {processor.py:153} INFO - Started process (PID=35522) to work on /home/airflow/.local/lib/python3.7/site-packages/airflow/example_dags/example_complex.py
[2022-10-01T00:13:03.712+0000] {processor.py:640} INFO - Processing file /home/airflow/.local/lib/python3.7/site-packages/airflow/example_dags/example_complex.py for tasks to queue
[2022-10-01T00:13:03.713+0000] {logging_mixin.py:115} INFO - [2022-10-01T00:13:03.713+0000] {dagbag.py:508} INFO - Filling up the DagBag from /home/airflow/.local/lib/python3.7/site-packages/airflow/example_dags/example_complex.py
[2022-10-01T00:13:03.721+0000] {processor.py:650} INFO - DAG(s) dict_keys(['example_complex']) retrieved from /home/airflow/.local/lib/python3.7/site-packages/airflow/example_dags/example_complex.py
[2022-10-01T00:13:03.742+0000] {logging_mixin.py:115} INFO - [2022-10-01T00:13:03.742+0000] {dag.py:2429} INFO - Sync 1 DAGs
[2022-10-01T00:13:03.761+0000] {logging_mixin.py:115} INFO - [2022-10-01T00:13:03.761+0000] {dag.py:2981} INFO - Setting next_dagrun for example_complex to None, run_after=None
[2022-10-01T00:13:03.769+0000] {processor.py:161} INFO - Processing /home/airflow/.local/lib/python3.7/site-packages/airflow/example_dags/example_complex.py took 0.061 seconds
[2022-10-01T00:13:35.493+0000] {processor.py:153} INFO - Started process (PID=35591) to work on /home/airflow/.local/lib/python3.7/site-packages/airflow/example_dags/example_complex.py
[2022-10-01T00:13:35.495+0000] {processor.py:640} INFO - Processing file /home/airflow/.local/lib/python3.7/site-packages/airflow/example_dags/example_complex.py for tasks to queue
[2022-10-01T00:13:35.496+0000] {logging_mixin.py:115} INFO - [2022-10-01T00:13:35.496+0000] {dagbag.py:508} INFO - Filling up the DagBag from /home/airflow/.local/lib/python3.7/site-packages/airflow/example_dags/example_complex.py
[2022-10-01T00:13:35.507+0000] {processor.py:650} INFO - DAG(s) dict_keys(['example_complex']) retrieved from /home/airflow/.local/lib/python3.7/site-packages/airflow/example_dags/example_complex.py
[2022-10-01T00:13:35.541+0000] {logging_mixin.py:115} INFO - [2022-10-01T00:13:35.541+0000] {dag.py:2429} INFO - Sync 1 DAGs
[2022-10-01T00:13:35.563+0000] {logging_mixin.py:115} INFO - [2022-10-01T00:13:35.562+0000] {dag.py:2981} INFO - Setting next_dagrun for example_complex to None, run_after=None
[2022-10-01T00:13:35.573+0000] {processor.py:161} INFO - Processing /home/airflow/.local/lib/python3.7/site-packages/airflow/example_dags/example_complex.py took 0.083 seconds
[2022-10-01T00:18:34.158+0000] {processor.py:153} INFO - Started process (PID=35639) to work on /home/airflow/.local/lib/python3.7/site-packages/airflow/example_dags/example_complex.py
[2022-10-01T00:18:34.160+0000] {processor.py:640} INFO - Processing file /home/airflow/.local/lib/python3.7/site-packages/airflow/example_dags/example_complex.py for tasks to queue
[2022-10-01T00:18:34.161+0000] {logging_mixin.py:115} INFO - [2022-10-01T00:18:34.161+0000] {dagbag.py:508} INFO - Filling up the DagBag from /home/airflow/.local/lib/python3.7/site-packages/airflow/example_dags/example_complex.py
[2022-10-01T00:18:34.172+0000] {processor.py:650} INFO - DAG(s) dict_keys(['example_complex']) retrieved from /home/airflow/.local/lib/python3.7/site-packages/airflow/example_dags/example_complex.py
[2022-10-01T00:18:34.210+0000] {logging_mixin.py:115} INFO - [2022-10-01T00:18:34.209+0000] {dag.py:2429} INFO - Sync 1 DAGs
[2022-10-01T00:18:34.230+0000] {logging_mixin.py:115} INFO - [2022-10-01T00:18:34.230+0000] {dag.py:2981} INFO - Setting next_dagrun for example_complex to None, run_after=None
[2022-10-01T00:18:34.244+0000] {processor.py:161} INFO - Processing /home/airflow/.local/lib/python3.7/site-packages/airflow/example_dags/example_complex.py took 0.089 seconds
[2022-10-01T00:19:04.659+0000] {processor.py:153} INFO - Started process (PID=35705) to work on /home/airflow/.local/lib/python3.7/site-packages/airflow/example_dags/example_complex.py
[2022-10-01T00:19:04.661+0000] {processor.py:640} INFO - Processing file /home/airflow/.local/lib/python3.7/site-packages/airflow/example_dags/example_complex.py for tasks to queue
[2022-10-01T00:19:04.662+0000] {logging_mixin.py:115} INFO - [2022-10-01T00:19:04.662+0000] {dagbag.py:508} INFO - Filling up the DagBag from /home/airflow/.local/lib/python3.7/site-packages/airflow/example_dags/example_complex.py
[2022-10-01T00:19:04.671+0000] {processor.py:650} INFO - DAG(s) dict_keys(['example_complex']) retrieved from /home/airflow/.local/lib/python3.7/site-packages/airflow/example_dags/example_complex.py
[2022-10-01T00:19:04.694+0000] {logging_mixin.py:115} INFO - [2022-10-01T00:19:04.694+0000] {dag.py:2429} INFO - Sync 1 DAGs
[2022-10-01T00:19:04.708+0000] {logging_mixin.py:115} INFO - [2022-10-01T00:19:04.708+0000] {dag.py:2981} INFO - Setting next_dagrun for example_complex to None, run_after=None
[2022-10-01T00:19:04.716+0000] {processor.py:161} INFO - Processing /home/airflow/.local/lib/python3.7/site-packages/airflow/example_dags/example_complex.py took 0.060 seconds
[2022-10-01T00:19:35.176+0000] {processor.py:153} INFO - Started process (PID=35763) to work on /home/airflow/.local/lib/python3.7/site-packages/airflow/example_dags/example_complex.py
[2022-10-01T00:19:35.178+0000] {processor.py:640} INFO - Processing file /home/airflow/.local/lib/python3.7/site-packages/airflow/example_dags/example_complex.py for tasks to queue
[2022-10-01T00:19:35.179+0000] {logging_mixin.py:115} INFO - [2022-10-01T00:19:35.179+0000] {dagbag.py:508} INFO - Filling up the DagBag from /home/airflow/.local/lib/python3.7/site-packages/airflow/example_dags/example_complex.py
[2022-10-01T00:19:35.190+0000] {processor.py:650} INFO - DAG(s) dict_keys(['example_complex']) retrieved from /home/airflow/.local/lib/python3.7/site-packages/airflow/example_dags/example_complex.py
[2022-10-01T00:19:35.213+0000] {logging_mixin.py:115} INFO - [2022-10-01T00:19:35.213+0000] {dag.py:2429} INFO - Sync 1 DAGs
[2022-10-01T00:19:35.236+0000] {logging_mixin.py:115} INFO - [2022-10-01T00:19:35.236+0000] {dag.py:2981} INFO - Setting next_dagrun for example_complex to None, run_after=None
[2022-10-01T00:19:35.245+0000] {processor.py:161} INFO - Processing /home/airflow/.local/lib/python3.7/site-packages/airflow/example_dags/example_complex.py took 0.072 seconds
[2022-10-01T00:20:05.656+0000] {processor.py:153} INFO - Started process (PID=35827) to work on /home/airflow/.local/lib/python3.7/site-packages/airflow/example_dags/example_complex.py
[2022-10-01T00:20:05.658+0000] {processor.py:640} INFO - Processing file /home/airflow/.local/lib/python3.7/site-packages/airflow/example_dags/example_complex.py for tasks to queue
[2022-10-01T00:20:05.659+0000] {logging_mixin.py:115} INFO - [2022-10-01T00:20:05.659+0000] {dagbag.py:508} INFO - Filling up the DagBag from /home/airflow/.local/lib/python3.7/site-packages/airflow/example_dags/example_complex.py
[2022-10-01T00:20:05.668+0000] {processor.py:650} INFO - DAG(s) dict_keys(['example_complex']) retrieved from /home/airflow/.local/lib/python3.7/site-packages/airflow/example_dags/example_complex.py
[2022-10-01T00:20:05.687+0000] {logging_mixin.py:115} INFO - [2022-10-01T00:20:05.687+0000] {dag.py:2429} INFO - Sync 1 DAGs
[2022-10-01T00:20:05.699+0000] {logging_mixin.py:115} INFO - [2022-10-01T00:20:05.699+0000] {dag.py:2981} INFO - Setting next_dagrun for example_complex to None, run_after=None
[2022-10-01T00:20:05.706+0000] {processor.py:161} INFO - Processing /home/airflow/.local/lib/python3.7/site-packages/airflow/example_dags/example_complex.py took 0.053 seconds
[2022-10-01T00:20:36.156+0000] {processor.py:153} INFO - Started process (PID=35895) to work on /home/airflow/.local/lib/python3.7/site-packages/airflow/example_dags/example_complex.py
[2022-10-01T00:20:36.158+0000] {processor.py:640} INFO - Processing file /home/airflow/.local/lib/python3.7/site-packages/airflow/example_dags/example_complex.py for tasks to queue
[2022-10-01T00:20:36.159+0000] {logging_mixin.py:115} INFO - [2022-10-01T00:20:36.159+0000] {dagbag.py:508} INFO - Filling up the DagBag from /home/airflow/.local/lib/python3.7/site-packages/airflow/example_dags/example_complex.py
[2022-10-01T00:20:36.167+0000] {processor.py:650} INFO - DAG(s) dict_keys(['example_complex']) retrieved from /home/airflow/.local/lib/python3.7/site-packages/airflow/example_dags/example_complex.py
[2022-10-01T00:20:36.192+0000] {logging_mixin.py:115} INFO - [2022-10-01T00:20:36.192+0000] {dag.py:2429} INFO - Sync 1 DAGs
[2022-10-01T00:20:36.208+0000] {logging_mixin.py:115} INFO - [2022-10-01T00:20:36.208+0000] {dag.py:2981} INFO - Setting next_dagrun for example_complex to None, run_after=None
[2022-10-01T00:20:36.216+0000] {processor.py:161} INFO - Processing /home/airflow/.local/lib/python3.7/site-packages/airflow/example_dags/example_complex.py took 0.062 seconds
[2022-10-01T00:21:06.761+0000] {processor.py:153} INFO - Started process (PID=35961) to work on /home/airflow/.local/lib/python3.7/site-packages/airflow/example_dags/example_complex.py
[2022-10-01T00:21:06.762+0000] {processor.py:640} INFO - Processing file /home/airflow/.local/lib/python3.7/site-packages/airflow/example_dags/example_complex.py for tasks to queue
[2022-10-01T00:21:06.764+0000] {logging_mixin.py:115} INFO - [2022-10-01T00:21:06.764+0000] {dagbag.py:508} INFO - Filling up the DagBag from /home/airflow/.local/lib/python3.7/site-packages/airflow/example_dags/example_complex.py
[2022-10-01T00:21:06.774+0000] {processor.py:650} INFO - DAG(s) dict_keys(['example_complex']) retrieved from /home/airflow/.local/lib/python3.7/site-packages/airflow/example_dags/example_complex.py
[2022-10-01T00:21:06.797+0000] {logging_mixin.py:115} INFO - [2022-10-01T00:21:06.797+0000] {dag.py:2429} INFO - Sync 1 DAGs
[2022-10-01T00:21:06.816+0000] {logging_mixin.py:115} INFO - [2022-10-01T00:21:06.816+0000] {dag.py:2981} INFO - Setting next_dagrun for example_complex to None, run_after=None
[2022-10-01T00:21:06.830+0000] {processor.py:161} INFO - Processing /home/airflow/.local/lib/python3.7/site-packages/airflow/example_dags/example_complex.py took 0.072 seconds
[2022-10-01T00:21:37.215+0000] {processor.py:153} INFO - Started process (PID=36017) to work on /home/airflow/.local/lib/python3.7/site-packages/airflow/example_dags/example_complex.py
[2022-10-01T00:21:37.217+0000] {processor.py:640} INFO - Processing file /home/airflow/.local/lib/python3.7/site-packages/airflow/example_dags/example_complex.py for tasks to queue
[2022-10-01T00:21:37.218+0000] {logging_mixin.py:115} INFO - [2022-10-01T00:21:37.218+0000] {dagbag.py:508} INFO - Filling up the DagBag from /home/airflow/.local/lib/python3.7/site-packages/airflow/example_dags/example_complex.py
[2022-10-01T00:21:37.226+0000] {processor.py:650} INFO - DAG(s) dict_keys(['example_complex']) retrieved from /home/airflow/.local/lib/python3.7/site-packages/airflow/example_dags/example_complex.py
[2022-10-01T00:21:37.245+0000] {logging_mixin.py:115} INFO - [2022-10-01T00:21:37.245+0000] {dag.py:2429} INFO - Sync 1 DAGs
[2022-10-01T00:21:37.257+0000] {logging_mixin.py:115} INFO - [2022-10-01T00:21:37.257+0000] {dag.py:2981} INFO - Setting next_dagrun for example_complex to None, run_after=None
[2022-10-01T00:21:37.265+0000] {processor.py:161} INFO - Processing /home/airflow/.local/lib/python3.7/site-packages/airflow/example_dags/example_complex.py took 0.052 seconds
[2022-10-01T00:22:07.629+0000] {processor.py:153} INFO - Started process (PID=36083) to work on /home/airflow/.local/lib/python3.7/site-packages/airflow/example_dags/example_complex.py
[2022-10-01T00:22:07.631+0000] {processor.py:640} INFO - Processing file /home/airflow/.local/lib/python3.7/site-packages/airflow/example_dags/example_complex.py for tasks to queue
[2022-10-01T00:22:07.632+0000] {logging_mixin.py:115} INFO - [2022-10-01T00:22:07.632+0000] {dagbag.py:508} INFO - Filling up the DagBag from /home/airflow/.local/lib/python3.7/site-packages/airflow/example_dags/example_complex.py
[2022-10-01T00:22:07.640+0000] {processor.py:650} INFO - DAG(s) dict_keys(['example_complex']) retrieved from /home/airflow/.local/lib/python3.7/site-packages/airflow/example_dags/example_complex.py
[2022-10-01T00:22:07.659+0000] {logging_mixin.py:115} INFO - [2022-10-01T00:22:07.659+0000] {dag.py:2429} INFO - Sync 1 DAGs
[2022-10-01T00:22:07.671+0000] {logging_mixin.py:115} INFO - [2022-10-01T00:22:07.671+0000] {dag.py:2981} INFO - Setting next_dagrun for example_complex to None, run_after=None
[2022-10-01T00:22:07.678+0000] {processor.py:161} INFO - Processing /home/airflow/.local/lib/python3.7/site-packages/airflow/example_dags/example_complex.py took 0.051 seconds
[2022-10-01T00:22:37.942+0000] {processor.py:153} INFO - Started process (PID=36149) to work on /home/airflow/.local/lib/python3.7/site-packages/airflow/example_dags/example_complex.py
[2022-10-01T00:22:37.944+0000] {processor.py:640} INFO - Processing file /home/airflow/.local/lib/python3.7/site-packages/airflow/example_dags/example_complex.py for tasks to queue
[2022-10-01T00:22:37.945+0000] {logging_mixin.py:115} INFO - [2022-10-01T00:22:37.945+0000] {dagbag.py:508} INFO - Filling up the DagBag from /home/airflow/.local/lib/python3.7/site-packages/airflow/example_dags/example_complex.py
[2022-10-01T00:22:37.953+0000] {processor.py:650} INFO - DAG(s) dict_keys(['example_complex']) retrieved from /home/airflow/.local/lib/python3.7/site-packages/airflow/example_dags/example_complex.py
[2022-10-01T00:22:37.975+0000] {logging_mixin.py:115} INFO - [2022-10-01T00:22:37.975+0000] {dag.py:2429} INFO - Sync 1 DAGs
[2022-10-01T00:22:37.992+0000] {logging_mixin.py:115} INFO - [2022-10-01T00:22:37.991+0000] {dag.py:2981} INFO - Setting next_dagrun for example_complex to None, run_after=None
[2022-10-01T00:22:38.005+0000] {processor.py:161} INFO - Processing /home/airflow/.local/lib/python3.7/site-packages/airflow/example_dags/example_complex.py took 0.065 seconds
[2022-10-01T00:23:08.325+0000] {processor.py:153} INFO - Started process (PID=36206) to work on /home/airflow/.local/lib/python3.7/site-packages/airflow/example_dags/example_complex.py
[2022-10-01T00:23:08.327+0000] {processor.py:640} INFO - Processing file /home/airflow/.local/lib/python3.7/site-packages/airflow/example_dags/example_complex.py for tasks to queue
[2022-10-01T00:23:08.329+0000] {logging_mixin.py:115} INFO - [2022-10-01T00:23:08.329+0000] {dagbag.py:508} INFO - Filling up the DagBag from /home/airflow/.local/lib/python3.7/site-packages/airflow/example_dags/example_complex.py
[2022-10-01T00:23:08.339+0000] {processor.py:650} INFO - DAG(s) dict_keys(['example_complex']) retrieved from /home/airflow/.local/lib/python3.7/site-packages/airflow/example_dags/example_complex.py
[2022-10-01T00:23:08.370+0000] {logging_mixin.py:115} INFO - [2022-10-01T00:23:08.370+0000] {dag.py:2429} INFO - Sync 1 DAGs
[2022-10-01T00:23:08.388+0000] {logging_mixin.py:115} INFO - [2022-10-01T00:23:08.388+0000] {dag.py:2981} INFO - Setting next_dagrun for example_complex to None, run_after=None
[2022-10-01T00:23:08.401+0000] {processor.py:161} INFO - Processing /home/airflow/.local/lib/python3.7/site-packages/airflow/example_dags/example_complex.py took 0.079 seconds
[2022-10-01T00:23:38.849+0000] {processor.py:153} INFO - Started process (PID=36273) to work on /home/airflow/.local/lib/python3.7/site-packages/airflow/example_dags/example_complex.py
[2022-10-01T00:23:38.850+0000] {processor.py:640} INFO - Processing file /home/airflow/.local/lib/python3.7/site-packages/airflow/example_dags/example_complex.py for tasks to queue
[2022-10-01T00:23:38.851+0000] {logging_mixin.py:115} INFO - [2022-10-01T00:23:38.851+0000] {dagbag.py:508} INFO - Filling up the DagBag from /home/airflow/.local/lib/python3.7/site-packages/airflow/example_dags/example_complex.py
[2022-10-01T00:23:38.859+0000] {processor.py:650} INFO - DAG(s) dict_keys(['example_complex']) retrieved from /home/airflow/.local/lib/python3.7/site-packages/airflow/example_dags/example_complex.py
[2022-10-01T00:23:38.894+0000] {logging_mixin.py:115} INFO - [2022-10-01T00:23:38.893+0000] {dag.py:2429} INFO - Sync 1 DAGs
[2022-10-01T00:23:38.915+0000] {logging_mixin.py:115} INFO - [2022-10-01T00:23:38.915+0000] {dag.py:2981} INFO - Setting next_dagrun for example_complex to None, run_after=None
[2022-10-01T00:23:38.930+0000] {processor.py:161} INFO - Processing /home/airflow/.local/lib/python3.7/site-packages/airflow/example_dags/example_complex.py took 0.084 seconds
[2022-10-01T00:24:09.116+0000] {processor.py:153} INFO - Started process (PID=36341) to work on /home/airflow/.local/lib/python3.7/site-packages/airflow/example_dags/example_complex.py
[2022-10-01T00:24:09.117+0000] {processor.py:640} INFO - Processing file /home/airflow/.local/lib/python3.7/site-packages/airflow/example_dags/example_complex.py for tasks to queue
[2022-10-01T00:24:09.119+0000] {logging_mixin.py:115} INFO - [2022-10-01T00:24:09.118+0000] {dagbag.py:508} INFO - Filling up the DagBag from /home/airflow/.local/lib/python3.7/site-packages/airflow/example_dags/example_complex.py
[2022-10-01T00:24:09.127+0000] {processor.py:650} INFO - DAG(s) dict_keys(['example_complex']) retrieved from /home/airflow/.local/lib/python3.7/site-packages/airflow/example_dags/example_complex.py
[2022-10-01T00:24:09.148+0000] {logging_mixin.py:115} INFO - [2022-10-01T00:24:09.148+0000] {dag.py:2429} INFO - Sync 1 DAGs
[2022-10-01T00:24:09.163+0000] {logging_mixin.py:115} INFO - [2022-10-01T00:24:09.163+0000] {dag.py:2981} INFO - Setting next_dagrun for example_complex to None, run_after=None
[2022-10-01T00:24:09.171+0000] {processor.py:161} INFO - Processing /home/airflow/.local/lib/python3.7/site-packages/airflow/example_dags/example_complex.py took 0.058 seconds
[2022-10-01T00:24:40.024+0000] {processor.py:153} INFO - Started process (PID=36407) to work on /home/airflow/.local/lib/python3.7/site-packages/airflow/example_dags/example_complex.py
[2022-10-01T00:24:40.036+0000] {processor.py:640} INFO - Processing file /home/airflow/.local/lib/python3.7/site-packages/airflow/example_dags/example_complex.py for tasks to queue
[2022-10-01T00:24:40.038+0000] {logging_mixin.py:115} INFO - [2022-10-01T00:24:40.038+0000] {dagbag.py:508} INFO - Filling up the DagBag from /home/airflow/.local/lib/python3.7/site-packages/airflow/example_dags/example_complex.py
[2022-10-01T00:24:40.048+0000] {processor.py:650} INFO - DAG(s) dict_keys(['example_complex']) retrieved from /home/airflow/.local/lib/python3.7/site-packages/airflow/example_dags/example_complex.py
[2022-10-01T00:24:40.085+0000] {logging_mixin.py:115} INFO - [2022-10-01T00:24:40.084+0000] {dag.py:2429} INFO - Sync 1 DAGs
[2022-10-01T00:24:40.109+0000] {logging_mixin.py:115} INFO - [2022-10-01T00:24:40.109+0000] {dag.py:2981} INFO - Setting next_dagrun for example_complex to None, run_after=None
[2022-10-01T00:24:40.118+0000] {processor.py:161} INFO - Processing /home/airflow/.local/lib/python3.7/site-packages/airflow/example_dags/example_complex.py took 0.098 seconds
[2022-10-01T00:25:10.336+0000] {processor.py:153} INFO - Started process (PID=36464) to work on /home/airflow/.local/lib/python3.7/site-packages/airflow/example_dags/example_complex.py
[2022-10-01T00:25:10.338+0000] {processor.py:640} INFO - Processing file /home/airflow/.local/lib/python3.7/site-packages/airflow/example_dags/example_complex.py for tasks to queue
[2022-10-01T00:25:10.340+0000] {logging_mixin.py:115} INFO - [2022-10-01T00:25:10.340+0000] {dagbag.py:508} INFO - Filling up the DagBag from /home/airflow/.local/lib/python3.7/site-packages/airflow/example_dags/example_complex.py
[2022-10-01T00:25:10.348+0000] {processor.py:650} INFO - DAG(s) dict_keys(['example_complex']) retrieved from /home/airflow/.local/lib/python3.7/site-packages/airflow/example_dags/example_complex.py
[2022-10-01T00:25:10.374+0000] {logging_mixin.py:115} INFO - [2022-10-01T00:25:10.374+0000] {dag.py:2429} INFO - Sync 1 DAGs
[2022-10-01T00:25:10.387+0000] {logging_mixin.py:115} INFO - [2022-10-01T00:25:10.387+0000] {dag.py:2981} INFO - Setting next_dagrun for example_complex to None, run_after=None
[2022-10-01T00:25:10.396+0000] {processor.py:161} INFO - Processing /home/airflow/.local/lib/python3.7/site-packages/airflow/example_dags/example_complex.py took 0.062 seconds
[2022-10-01T00:25:40.775+0000] {processor.py:153} INFO - Started process (PID=36530) to work on /home/airflow/.local/lib/python3.7/site-packages/airflow/example_dags/example_complex.py
[2022-10-01T00:25:40.776+0000] {processor.py:640} INFO - Processing file /home/airflow/.local/lib/python3.7/site-packages/airflow/example_dags/example_complex.py for tasks to queue
[2022-10-01T00:25:40.778+0000] {logging_mixin.py:115} INFO - [2022-10-01T00:25:40.778+0000] {dagbag.py:508} INFO - Filling up the DagBag from /home/airflow/.local/lib/python3.7/site-packages/airflow/example_dags/example_complex.py
[2022-10-01T00:25:40.787+0000] {processor.py:650} INFO - DAG(s) dict_keys(['example_complex']) retrieved from /home/airflow/.local/lib/python3.7/site-packages/airflow/example_dags/example_complex.py
[2022-10-01T00:25:40.809+0000] {logging_mixin.py:115} INFO - [2022-10-01T00:25:40.809+0000] {dag.py:2429} INFO - Sync 1 DAGs
[2022-10-01T00:25:40.822+0000] {logging_mixin.py:115} INFO - [2022-10-01T00:25:40.822+0000] {dag.py:2981} INFO - Setting next_dagrun for example_complex to None, run_after=None
[2022-10-01T00:25:40.831+0000] {processor.py:161} INFO - Processing /home/airflow/.local/lib/python3.7/site-packages/airflow/example_dags/example_complex.py took 0.059 seconds
[2022-10-01T00:26:11.273+0000] {processor.py:153} INFO - Started process (PID=36596) to work on /home/airflow/.local/lib/python3.7/site-packages/airflow/example_dags/example_complex.py
[2022-10-01T00:26:11.275+0000] {processor.py:640} INFO - Processing file /home/airflow/.local/lib/python3.7/site-packages/airflow/example_dags/example_complex.py for tasks to queue
[2022-10-01T00:26:11.275+0000] {logging_mixin.py:115} INFO - [2022-10-01T00:26:11.275+0000] {dagbag.py:508} INFO - Filling up the DagBag from /home/airflow/.local/lib/python3.7/site-packages/airflow/example_dags/example_complex.py
[2022-10-01T00:26:11.285+0000] {processor.py:650} INFO - DAG(s) dict_keys(['example_complex']) retrieved from /home/airflow/.local/lib/python3.7/site-packages/airflow/example_dags/example_complex.py
[2022-10-01T00:26:11.310+0000] {logging_mixin.py:115} INFO - [2022-10-01T00:26:11.310+0000] {dag.py:2429} INFO - Sync 1 DAGs
[2022-10-01T00:26:11.325+0000] {logging_mixin.py:115} INFO - [2022-10-01T00:26:11.325+0000] {dag.py:2981} INFO - Setting next_dagrun for example_complex to None, run_after=None
[2022-10-01T00:26:11.334+0000] {processor.py:161} INFO - Processing /home/airflow/.local/lib/python3.7/site-packages/airflow/example_dags/example_complex.py took 0.064 seconds
[2022-10-01T00:26:41.448+0000] {processor.py:153} INFO - Started process (PID=36653) to work on /home/airflow/.local/lib/python3.7/site-packages/airflow/example_dags/example_complex.py
[2022-10-01T00:26:41.450+0000] {processor.py:640} INFO - Processing file /home/airflow/.local/lib/python3.7/site-packages/airflow/example_dags/example_complex.py for tasks to queue
[2022-10-01T00:26:41.451+0000] {logging_mixin.py:115} INFO - [2022-10-01T00:26:41.451+0000] {dagbag.py:508} INFO - Filling up the DagBag from /home/airflow/.local/lib/python3.7/site-packages/airflow/example_dags/example_complex.py
[2022-10-01T00:26:41.458+0000] {processor.py:650} INFO - DAG(s) dict_keys(['example_complex']) retrieved from /home/airflow/.local/lib/python3.7/site-packages/airflow/example_dags/example_complex.py
[2022-10-01T00:26:41.484+0000] {logging_mixin.py:115} INFO - [2022-10-01T00:26:41.484+0000] {dag.py:2429} INFO - Sync 1 DAGs
[2022-10-01T00:26:41.497+0000] {logging_mixin.py:115} INFO - [2022-10-01T00:26:41.497+0000] {dag.py:2981} INFO - Setting next_dagrun for example_complex to None, run_after=None
[2022-10-01T00:26:41.505+0000] {processor.py:161} INFO - Processing /home/airflow/.local/lib/python3.7/site-packages/airflow/example_dags/example_complex.py took 0.058 seconds
[2022-10-01T00:27:11.879+0000] {processor.py:153} INFO - Started process (PID=36718) to work on /home/airflow/.local/lib/python3.7/site-packages/airflow/example_dags/example_complex.py
[2022-10-01T00:27:11.894+0000] {processor.py:640} INFO - Processing file /home/airflow/.local/lib/python3.7/site-packages/airflow/example_dags/example_complex.py for tasks to queue
[2022-10-01T00:27:11.896+0000] {logging_mixin.py:115} INFO - [2022-10-01T00:27:11.896+0000] {dagbag.py:508} INFO - Filling up the DagBag from /home/airflow/.local/lib/python3.7/site-packages/airflow/example_dags/example_complex.py
[2022-10-01T00:27:11.905+0000] {processor.py:650} INFO - DAG(s) dict_keys(['example_complex']) retrieved from /home/airflow/.local/lib/python3.7/site-packages/airflow/example_dags/example_complex.py
[2022-10-01T00:27:11.929+0000] {logging_mixin.py:115} INFO - [2022-10-01T00:27:11.929+0000] {dag.py:2429} INFO - Sync 1 DAGs
[2022-10-01T00:27:11.942+0000] {logging_mixin.py:115} INFO - [2022-10-01T00:27:11.942+0000] {dag.py:2981} INFO - Setting next_dagrun for example_complex to None, run_after=None
[2022-10-01T00:27:11.952+0000] {processor.py:161} INFO - Processing /home/airflow/.local/lib/python3.7/site-packages/airflow/example_dags/example_complex.py took 0.075 seconds
[2022-10-01T00:27:42.697+0000] {processor.py:153} INFO - Started process (PID=36784) to work on /home/airflow/.local/lib/python3.7/site-packages/airflow/example_dags/example_complex.py
[2022-10-01T00:27:42.703+0000] {processor.py:640} INFO - Processing file /home/airflow/.local/lib/python3.7/site-packages/airflow/example_dags/example_complex.py for tasks to queue
[2022-10-01T00:27:42.705+0000] {logging_mixin.py:115} INFO - [2022-10-01T00:27:42.704+0000] {dagbag.py:508} INFO - Filling up the DagBag from /home/airflow/.local/lib/python3.7/site-packages/airflow/example_dags/example_complex.py
[2022-10-01T00:27:42.720+0000] {processor.py:650} INFO - DAG(s) dict_keys(['example_complex']) retrieved from /home/airflow/.local/lib/python3.7/site-packages/airflow/example_dags/example_complex.py
[2022-10-01T00:27:42.756+0000] {logging_mixin.py:115} INFO - [2022-10-01T00:27:42.756+0000] {dag.py:2429} INFO - Sync 1 DAGs
[2022-10-01T00:27:42.772+0000] {logging_mixin.py:115} INFO - [2022-10-01T00:27:42.772+0000] {dag.py:2981} INFO - Setting next_dagrun for example_complex to None, run_after=None
[2022-10-01T00:27:42.780+0000] {processor.py:161} INFO - Processing /home/airflow/.local/lib/python3.7/site-packages/airflow/example_dags/example_complex.py took 0.086 seconds
[2022-10-01T00:28:13.246+0000] {processor.py:153} INFO - Started process (PID=36841) to work on /home/airflow/.local/lib/python3.7/site-packages/airflow/example_dags/example_complex.py
[2022-10-01T00:28:13.249+0000] {processor.py:640} INFO - Processing file /home/airflow/.local/lib/python3.7/site-packages/airflow/example_dags/example_complex.py for tasks to queue
[2022-10-01T00:28:13.250+0000] {logging_mixin.py:115} INFO - [2022-10-01T00:28:13.250+0000] {dagbag.py:508} INFO - Filling up the DagBag from /home/airflow/.local/lib/python3.7/site-packages/airflow/example_dags/example_complex.py
[2022-10-01T00:28:13.261+0000] {processor.py:650} INFO - DAG(s) dict_keys(['example_complex']) retrieved from /home/airflow/.local/lib/python3.7/site-packages/airflow/example_dags/example_complex.py
[2022-10-01T00:28:13.285+0000] {logging_mixin.py:115} INFO - [2022-10-01T00:28:13.285+0000] {dag.py:2429} INFO - Sync 1 DAGs
[2022-10-01T00:28:13.299+0000] {logging_mixin.py:115} INFO - [2022-10-01T00:28:13.299+0000] {dag.py:2981} INFO - Setting next_dagrun for example_complex to None, run_after=None
[2022-10-01T00:28:13.307+0000] {processor.py:161} INFO - Processing /home/airflow/.local/lib/python3.7/site-packages/airflow/example_dags/example_complex.py took 0.064 seconds
[2022-10-01T00:28:43.843+0000] {processor.py:153} INFO - Started process (PID=36907) to work on /home/airflow/.local/lib/python3.7/site-packages/airflow/example_dags/example_complex.py
[2022-10-01T00:28:43.846+0000] {processor.py:640} INFO - Processing file /home/airflow/.local/lib/python3.7/site-packages/airflow/example_dags/example_complex.py for tasks to queue
[2022-10-01T00:28:43.847+0000] {logging_mixin.py:115} INFO - [2022-10-01T00:28:43.847+0000] {dagbag.py:508} INFO - Filling up the DagBag from /home/airflow/.local/lib/python3.7/site-packages/airflow/example_dags/example_complex.py
[2022-10-01T00:28:43.855+0000] {processor.py:650} INFO - DAG(s) dict_keys(['example_complex']) retrieved from /home/airflow/.local/lib/python3.7/site-packages/airflow/example_dags/example_complex.py
[2022-10-01T00:28:43.876+0000] {logging_mixin.py:115} INFO - [2022-10-01T00:28:43.876+0000] {dag.py:2429} INFO - Sync 1 DAGs
[2022-10-01T00:28:43.887+0000] {logging_mixin.py:115} INFO - [2022-10-01T00:28:43.887+0000] {dag.py:2981} INFO - Setting next_dagrun for example_complex to None, run_after=None
[2022-10-01T00:28:43.894+0000] {processor.py:161} INFO - Processing /home/airflow/.local/lib/python3.7/site-packages/airflow/example_dags/example_complex.py took 0.054 seconds
[2022-10-01T00:29:14.389+0000] {processor.py:153} INFO - Started process (PID=36973) to work on /home/airflow/.local/lib/python3.7/site-packages/airflow/example_dags/example_complex.py
[2022-10-01T00:29:14.392+0000] {processor.py:640} INFO - Processing file /home/airflow/.local/lib/python3.7/site-packages/airflow/example_dags/example_complex.py for tasks to queue
[2022-10-01T00:29:14.394+0000] {logging_mixin.py:115} INFO - [2022-10-01T00:29:14.394+0000] {dagbag.py:508} INFO - Filling up the DagBag from /home/airflow/.local/lib/python3.7/site-packages/airflow/example_dags/example_complex.py
[2022-10-01T00:29:14.403+0000] {processor.py:650} INFO - DAG(s) dict_keys(['example_complex']) retrieved from /home/airflow/.local/lib/python3.7/site-packages/airflow/example_dags/example_complex.py
[2022-10-01T00:29:14.426+0000] {logging_mixin.py:115} INFO - [2022-10-01T00:29:14.426+0000] {dag.py:2429} INFO - Sync 1 DAGs
[2022-10-01T00:29:14.439+0000] {logging_mixin.py:115} INFO - [2022-10-01T00:29:14.439+0000] {dag.py:2981} INFO - Setting next_dagrun for example_complex to None, run_after=None
[2022-10-01T00:29:14.449+0000] {processor.py:161} INFO - Processing /home/airflow/.local/lib/python3.7/site-packages/airflow/example_dags/example_complex.py took 0.063 seconds
[2022-10-01T00:29:45.145+0000] {processor.py:153} INFO - Started process (PID=37036) to work on /home/airflow/.local/lib/python3.7/site-packages/airflow/example_dags/example_complex.py
[2022-10-01T00:29:45.155+0000] {processor.py:640} INFO - Processing file /home/airflow/.local/lib/python3.7/site-packages/airflow/example_dags/example_complex.py for tasks to queue
[2022-10-01T00:29:45.156+0000] {logging_mixin.py:115} INFO - [2022-10-01T00:29:45.156+0000] {dagbag.py:508} INFO - Filling up the DagBag from /home/airflow/.local/lib/python3.7/site-packages/airflow/example_dags/example_complex.py
[2022-10-01T00:29:45.165+0000] {processor.py:650} INFO - DAG(s) dict_keys(['example_complex']) retrieved from /home/airflow/.local/lib/python3.7/site-packages/airflow/example_dags/example_complex.py
[2022-10-01T00:29:45.190+0000] {logging_mixin.py:115} INFO - [2022-10-01T00:29:45.190+0000] {dag.py:2429} INFO - Sync 1 DAGs
[2022-10-01T00:29:45.204+0000] {logging_mixin.py:115} INFO - [2022-10-01T00:29:45.204+0000] {dag.py:2981} INFO - Setting next_dagrun for example_complex to None, run_after=None
[2022-10-01T00:29:45.212+0000] {processor.py:161} INFO - Processing /home/airflow/.local/lib/python3.7/site-packages/airflow/example_dags/example_complex.py took 0.071 seconds
[2022-10-01T00:30:15.664+0000] {processor.py:153} INFO - Started process (PID=37095) to work on /home/airflow/.local/lib/python3.7/site-packages/airflow/example_dags/example_complex.py
[2022-10-01T00:30:15.666+0000] {processor.py:640} INFO - Processing file /home/airflow/.local/lib/python3.7/site-packages/airflow/example_dags/example_complex.py for tasks to queue
[2022-10-01T00:30:15.667+0000] {logging_mixin.py:115} INFO - [2022-10-01T00:30:15.667+0000] {dagbag.py:508} INFO - Filling up the DagBag from /home/airflow/.local/lib/python3.7/site-packages/airflow/example_dags/example_complex.py
[2022-10-01T00:30:15.675+0000] {processor.py:650} INFO - DAG(s) dict_keys(['example_complex']) retrieved from /home/airflow/.local/lib/python3.7/site-packages/airflow/example_dags/example_complex.py
[2022-10-01T00:30:15.695+0000] {logging_mixin.py:115} INFO - [2022-10-01T00:30:15.694+0000] {dag.py:2429} INFO - Sync 1 DAGs
[2022-10-01T00:30:15.711+0000] {logging_mixin.py:115} INFO - [2022-10-01T00:30:15.711+0000] {dag.py:2981} INFO - Setting next_dagrun for example_complex to None, run_after=None
[2022-10-01T00:30:15.720+0000] {processor.py:161} INFO - Processing /home/airflow/.local/lib/python3.7/site-packages/airflow/example_dags/example_complex.py took 0.059 seconds
[2022-10-01T00:30:46.076+0000] {processor.py:153} INFO - Started process (PID=37161) to work on /home/airflow/.local/lib/python3.7/site-packages/airflow/example_dags/example_complex.py
[2022-10-01T00:30:46.078+0000] {processor.py:640} INFO - Processing file /home/airflow/.local/lib/python3.7/site-packages/airflow/example_dags/example_complex.py for tasks to queue
[2022-10-01T00:30:46.079+0000] {logging_mixin.py:115} INFO - [2022-10-01T00:30:46.079+0000] {dagbag.py:508} INFO - Filling up the DagBag from /home/airflow/.local/lib/python3.7/site-packages/airflow/example_dags/example_complex.py
[2022-10-01T00:30:46.092+0000] {processor.py:650} INFO - DAG(s) dict_keys(['example_complex']) retrieved from /home/airflow/.local/lib/python3.7/site-packages/airflow/example_dags/example_complex.py
[2022-10-01T00:30:46.120+0000] {logging_mixin.py:115} INFO - [2022-10-01T00:30:46.120+0000] {dag.py:2429} INFO - Sync 1 DAGs
[2022-10-01T00:30:46.133+0000] {logging_mixin.py:115} INFO - [2022-10-01T00:30:46.133+0000] {dag.py:2981} INFO - Setting next_dagrun for example_complex to None, run_after=None
[2022-10-01T00:30:46.142+0000] {processor.py:161} INFO - Processing /home/airflow/.local/lib/python3.7/site-packages/airflow/example_dags/example_complex.py took 0.068 seconds
[2022-10-01T00:31:16.523+0000] {processor.py:153} INFO - Started process (PID=37227) to work on /home/airflow/.local/lib/python3.7/site-packages/airflow/example_dags/example_complex.py
[2022-10-01T00:31:16.528+0000] {processor.py:640} INFO - Processing file /home/airflow/.local/lib/python3.7/site-packages/airflow/example_dags/example_complex.py for tasks to queue
[2022-10-01T00:31:16.529+0000] {logging_mixin.py:115} INFO - [2022-10-01T00:31:16.529+0000] {dagbag.py:508} INFO - Filling up the DagBag from /home/airflow/.local/lib/python3.7/site-packages/airflow/example_dags/example_complex.py
[2022-10-01T00:31:16.540+0000] {processor.py:650} INFO - DAG(s) dict_keys(['example_complex']) retrieved from /home/airflow/.local/lib/python3.7/site-packages/airflow/example_dags/example_complex.py
[2022-10-01T00:31:16.562+0000] {logging_mixin.py:115} INFO - [2022-10-01T00:31:16.561+0000] {dag.py:2429} INFO - Sync 1 DAGs
[2022-10-01T00:31:16.575+0000] {logging_mixin.py:115} INFO - [2022-10-01T00:31:16.575+0000] {dag.py:2981} INFO - Setting next_dagrun for example_complex to None, run_after=None
[2022-10-01T00:31:16.583+0000] {processor.py:161} INFO - Processing /home/airflow/.local/lib/python3.7/site-packages/airflow/example_dags/example_complex.py took 0.062 seconds
[2022-10-01T00:31:47.183+0000] {processor.py:153} INFO - Started process (PID=37284) to work on /home/airflow/.local/lib/python3.7/site-packages/airflow/example_dags/example_complex.py
[2022-10-01T00:31:47.185+0000] {processor.py:640} INFO - Processing file /home/airflow/.local/lib/python3.7/site-packages/airflow/example_dags/example_complex.py for tasks to queue
[2022-10-01T00:31:47.186+0000] {logging_mixin.py:115} INFO - [2022-10-01T00:31:47.186+0000] {dagbag.py:508} INFO - Filling up the DagBag from /home/airflow/.local/lib/python3.7/site-packages/airflow/example_dags/example_complex.py
[2022-10-01T00:31:47.195+0000] {processor.py:650} INFO - DAG(s) dict_keys(['example_complex']) retrieved from /home/airflow/.local/lib/python3.7/site-packages/airflow/example_dags/example_complex.py
[2022-10-01T00:31:47.216+0000] {logging_mixin.py:115} INFO - [2022-10-01T00:31:47.216+0000] {dag.py:2429} INFO - Sync 1 DAGs
[2022-10-01T00:31:47.232+0000] {logging_mixin.py:115} INFO - [2022-10-01T00:31:47.232+0000] {dag.py:2981} INFO - Setting next_dagrun for example_complex to None, run_after=None
[2022-10-01T00:31:47.243+0000] {processor.py:161} INFO - Processing /home/airflow/.local/lib/python3.7/site-packages/airflow/example_dags/example_complex.py took 0.062 seconds
[2022-10-01T00:32:17.527+0000] {processor.py:153} INFO - Started process (PID=37350) to work on /home/airflow/.local/lib/python3.7/site-packages/airflow/example_dags/example_complex.py
[2022-10-01T00:32:17.528+0000] {processor.py:640} INFO - Processing file /home/airflow/.local/lib/python3.7/site-packages/airflow/example_dags/example_complex.py for tasks to queue
[2022-10-01T00:32:17.530+0000] {logging_mixin.py:115} INFO - [2022-10-01T00:32:17.530+0000] {dagbag.py:508} INFO - Filling up the DagBag from /home/airflow/.local/lib/python3.7/site-packages/airflow/example_dags/example_complex.py
[2022-10-01T00:32:17.539+0000] {processor.py:650} INFO - DAG(s) dict_keys(['example_complex']) retrieved from /home/airflow/.local/lib/python3.7/site-packages/airflow/example_dags/example_complex.py
[2022-10-01T00:32:17.559+0000] {logging_mixin.py:115} INFO - [2022-10-01T00:32:17.559+0000] {dag.py:2429} INFO - Sync 1 DAGs
[2022-10-01T00:32:17.574+0000] {logging_mixin.py:115} INFO - [2022-10-01T00:32:17.574+0000] {dag.py:2981} INFO - Setting next_dagrun for example_complex to None, run_after=None
[2022-10-01T00:32:17.583+0000] {processor.py:161} INFO - Processing /home/airflow/.local/lib/python3.7/site-packages/airflow/example_dags/example_complex.py took 0.059 seconds
[2022-10-01T00:32:48.424+0000] {processor.py:153} INFO - Started process (PID=37415) to work on /home/airflow/.local/lib/python3.7/site-packages/airflow/example_dags/example_complex.py
[2022-10-01T00:32:48.428+0000] {processor.py:640} INFO - Processing file /home/airflow/.local/lib/python3.7/site-packages/airflow/example_dags/example_complex.py for tasks to queue
[2022-10-01T00:32:48.433+0000] {logging_mixin.py:115} INFO - [2022-10-01T00:32:48.433+0000] {dagbag.py:508} INFO - Filling up the DagBag from /home/airflow/.local/lib/python3.7/site-packages/airflow/example_dags/example_complex.py
[2022-10-01T00:32:48.451+0000] {processor.py:650} INFO - DAG(s) dict_keys(['example_complex']) retrieved from /home/airflow/.local/lib/python3.7/site-packages/airflow/example_dags/example_complex.py
[2022-10-01T00:32:48.490+0000] {logging_mixin.py:115} INFO - [2022-10-01T00:32:48.490+0000] {dag.py:2429} INFO - Sync 1 DAGs
[2022-10-01T00:32:48.518+0000] {logging_mixin.py:115} INFO - [2022-10-01T00:32:48.518+0000] {dag.py:2981} INFO - Setting next_dagrun for example_complex to None, run_after=None
[2022-10-01T00:32:48.540+0000] {processor.py:161} INFO - Processing /home/airflow/.local/lib/python3.7/site-packages/airflow/example_dags/example_complex.py took 0.120 seconds
[2022-10-01T00:33:19.317+0000] {processor.py:153} INFO - Started process (PID=37472) to work on /home/airflow/.local/lib/python3.7/site-packages/airflow/example_dags/example_complex.py
[2022-10-01T00:33:19.321+0000] {processor.py:640} INFO - Processing file /home/airflow/.local/lib/python3.7/site-packages/airflow/example_dags/example_complex.py for tasks to queue
[2022-10-01T00:33:19.329+0000] {logging_mixin.py:115} INFO - [2022-10-01T00:33:19.328+0000] {dagbag.py:508} INFO - Filling up the DagBag from /home/airflow/.local/lib/python3.7/site-packages/airflow/example_dags/example_complex.py
[2022-10-01T00:33:19.356+0000] {processor.py:650} INFO - DAG(s) dict_keys(['example_complex']) retrieved from /home/airflow/.local/lib/python3.7/site-packages/airflow/example_dags/example_complex.py
[2022-10-01T00:33:19.392+0000] {logging_mixin.py:115} INFO - [2022-10-01T00:33:19.392+0000] {dag.py:2429} INFO - Sync 1 DAGs
[2022-10-01T00:33:19.412+0000] {logging_mixin.py:115} INFO - [2022-10-01T00:33:19.412+0000] {dag.py:2981} INFO - Setting next_dagrun for example_complex to None, run_after=None
[2022-10-01T00:33:19.426+0000] {processor.py:161} INFO - Processing /home/airflow/.local/lib/python3.7/site-packages/airflow/example_dags/example_complex.py took 0.112 seconds
[2022-10-01T00:33:49.656+0000] {processor.py:153} INFO - Started process (PID=37536) to work on /home/airflow/.local/lib/python3.7/site-packages/airflow/example_dags/example_complex.py
[2022-10-01T00:33:49.661+0000] {processor.py:640} INFO - Processing file /home/airflow/.local/lib/python3.7/site-packages/airflow/example_dags/example_complex.py for tasks to queue
[2022-10-01T00:33:49.663+0000] {logging_mixin.py:115} INFO - [2022-10-01T00:33:49.663+0000] {dagbag.py:508} INFO - Filling up the DagBag from /home/airflow/.local/lib/python3.7/site-packages/airflow/example_dags/example_complex.py
[2022-10-01T00:33:49.672+0000] {processor.py:650} INFO - DAG(s) dict_keys(['example_complex']) retrieved from /home/airflow/.local/lib/python3.7/site-packages/airflow/example_dags/example_complex.py
[2022-10-01T00:33:49.694+0000] {logging_mixin.py:115} INFO - [2022-10-01T00:33:49.694+0000] {dag.py:2429} INFO - Sync 1 DAGs
[2022-10-01T00:33:49.708+0000] {logging_mixin.py:115} INFO - [2022-10-01T00:33:49.707+0000] {dag.py:2981} INFO - Setting next_dagrun for example_complex to None, run_after=None
[2022-10-01T00:33:49.719+0000] {processor.py:161} INFO - Processing /home/airflow/.local/lib/python3.7/site-packages/airflow/example_dags/example_complex.py took 0.066 seconds
[2022-10-01T00:34:20.352+0000] {processor.py:153} INFO - Started process (PID=37594) to work on /home/airflow/.local/lib/python3.7/site-packages/airflow/example_dags/example_complex.py
[2022-10-01T00:34:20.355+0000] {processor.py:640} INFO - Processing file /home/airflow/.local/lib/python3.7/site-packages/airflow/example_dags/example_complex.py for tasks to queue
[2022-10-01T00:34:20.357+0000] {logging_mixin.py:115} INFO - [2022-10-01T00:34:20.357+0000] {dagbag.py:508} INFO - Filling up the DagBag from /home/airflow/.local/lib/python3.7/site-packages/airflow/example_dags/example_complex.py
[2022-10-01T00:34:20.370+0000] {processor.py:650} INFO - DAG(s) dict_keys(['example_complex']) retrieved from /home/airflow/.local/lib/python3.7/site-packages/airflow/example_dags/example_complex.py
[2022-10-01T00:34:20.396+0000] {logging_mixin.py:115} INFO - [2022-10-01T00:34:20.395+0000] {dag.py:2429} INFO - Sync 1 DAGs
[2022-10-01T00:34:20.413+0000] {logging_mixin.py:115} INFO - [2022-10-01T00:34:20.413+0000] {dag.py:2981} INFO - Setting next_dagrun for example_complex to None, run_after=None
[2022-10-01T00:34:20.420+0000] {processor.py:161} INFO - Processing /home/airflow/.local/lib/python3.7/site-packages/airflow/example_dags/example_complex.py took 0.072 seconds
[2022-10-01T00:34:51.124+0000] {processor.py:153} INFO - Started process (PID=37660) to work on /home/airflow/.local/lib/python3.7/site-packages/airflow/example_dags/example_complex.py
[2022-10-01T00:34:51.126+0000] {processor.py:640} INFO - Processing file /home/airflow/.local/lib/python3.7/site-packages/airflow/example_dags/example_complex.py for tasks to queue
[2022-10-01T00:34:51.127+0000] {logging_mixin.py:115} INFO - [2022-10-01T00:34:51.127+0000] {dagbag.py:508} INFO - Filling up the DagBag from /home/airflow/.local/lib/python3.7/site-packages/airflow/example_dags/example_complex.py
[2022-10-01T00:34:51.135+0000] {processor.py:650} INFO - DAG(s) dict_keys(['example_complex']) retrieved from /home/airflow/.local/lib/python3.7/site-packages/airflow/example_dags/example_complex.py
[2022-10-01T00:34:51.161+0000] {logging_mixin.py:115} INFO - [2022-10-01T00:34:51.160+0000] {dag.py:2429} INFO - Sync 1 DAGs
[2022-10-01T00:34:51.176+0000] {logging_mixin.py:115} INFO - [2022-10-01T00:34:51.175+0000] {dag.py:2981} INFO - Setting next_dagrun for example_complex to None, run_after=None
[2022-10-01T00:34:51.183+0000] {processor.py:161} INFO - Processing /home/airflow/.local/lib/python3.7/site-packages/airflow/example_dags/example_complex.py took 0.062 seconds
[2022-10-01T00:35:21.993+0000] {processor.py:153} INFO - Started process (PID=37727) to work on /home/airflow/.local/lib/python3.7/site-packages/airflow/example_dags/example_complex.py
[2022-10-01T00:35:21.999+0000] {processor.py:640} INFO - Processing file /home/airflow/.local/lib/python3.7/site-packages/airflow/example_dags/example_complex.py for tasks to queue
[2022-10-01T00:35:22.000+0000] {logging_mixin.py:115} INFO - [2022-10-01T00:35:22.000+0000] {dagbag.py:508} INFO - Filling up the DagBag from /home/airflow/.local/lib/python3.7/site-packages/airflow/example_dags/example_complex.py
[2022-10-01T00:35:22.009+0000] {processor.py:650} INFO - DAG(s) dict_keys(['example_complex']) retrieved from /home/airflow/.local/lib/python3.7/site-packages/airflow/example_dags/example_complex.py
[2022-10-01T00:35:22.043+0000] {logging_mixin.py:115} INFO - [2022-10-01T00:35:22.043+0000] {dag.py:2429} INFO - Sync 1 DAGs
[2022-10-01T00:35:22.063+0000] {logging_mixin.py:115} INFO - [2022-10-01T00:35:22.063+0000] {dag.py:2981} INFO - Setting next_dagrun for example_complex to None, run_after=None
[2022-10-01T00:35:22.077+0000] {processor.py:161} INFO - Processing /home/airflow/.local/lib/python3.7/site-packages/airflow/example_dags/example_complex.py took 0.087 seconds
[2022-10-01T00:35:52.928+0000] {processor.py:153} INFO - Started process (PID=37784) to work on /home/airflow/.local/lib/python3.7/site-packages/airflow/example_dags/example_complex.py
[2022-10-01T00:35:52.931+0000] {processor.py:640} INFO - Processing file /home/airflow/.local/lib/python3.7/site-packages/airflow/example_dags/example_complex.py for tasks to queue
[2022-10-01T00:35:52.932+0000] {logging_mixin.py:115} INFO - [2022-10-01T00:35:52.932+0000] {dagbag.py:508} INFO - Filling up the DagBag from /home/airflow/.local/lib/python3.7/site-packages/airflow/example_dags/example_complex.py
[2022-10-01T00:35:52.940+0000] {processor.py:650} INFO - DAG(s) dict_keys(['example_complex']) retrieved from /home/airflow/.local/lib/python3.7/site-packages/airflow/example_dags/example_complex.py
[2022-10-01T00:35:52.962+0000] {logging_mixin.py:115} INFO - [2022-10-01T00:35:52.962+0000] {dag.py:2429} INFO - Sync 1 DAGs
[2022-10-01T00:35:52.977+0000] {logging_mixin.py:115} INFO - [2022-10-01T00:35:52.977+0000] {dag.py:2981} INFO - Setting next_dagrun for example_complex to None, run_after=None
[2022-10-01T00:35:52.985+0000] {processor.py:161} INFO - Processing /home/airflow/.local/lib/python3.7/site-packages/airflow/example_dags/example_complex.py took 0.060 seconds
