[2022-10-01T00:00:23.246+0000] {processor.py:153} INFO - Started process (PID=33927) to work on /home/airflow/.local/lib/python3.7/site-packages/airflow/example_dags/example_dag_decorator.py
[2022-10-01T00:00:23.247+0000] {processor.py:640} INFO - Processing file /home/airflow/.local/lib/python3.7/site-packages/airflow/example_dags/example_dag_decorator.py for tasks to queue
[2022-10-01T00:00:23.248+0000] {logging_mixin.py:115} INFO - [2022-10-01T00:00:23.248+0000] {dagbag.py:508} INFO - Filling up the DagBag from /home/airflow/.local/lib/python3.7/site-packages/airflow/example_dags/example_dag_decorator.py
[2022-10-01T00:00:23.266+0000] {processor.py:650} INFO - DAG(s) dict_keys(['example_dag_decorator']) retrieved from /home/airflow/.local/lib/python3.7/site-packages/airflow/example_dags/example_dag_decorator.py
[2022-10-01T00:00:23.311+0000] {logging_mixin.py:115} INFO - [2022-10-01T00:00:23.311+0000] {dag.py:2429} INFO - Sync 1 DAGs
[2022-10-01T00:00:23.323+0000] {logging_mixin.py:115} INFO - [2022-10-01T00:00:23.323+0000] {dag.py:2981} INFO - Setting next_dagrun for example_dag_decorator to None, run_after=None
[2022-10-01T00:00:23.331+0000] {processor.py:161} INFO - Processing /home/airflow/.local/lib/python3.7/site-packages/airflow/example_dags/example_dag_decorator.py took 0.088 seconds
[2022-10-01T00:00:53.793+0000] {processor.py:153} INFO - Started process (PID=33994) to work on /home/airflow/.local/lib/python3.7/site-packages/airflow/example_dags/example_dag_decorator.py
[2022-10-01T00:00:53.795+0000] {processor.py:640} INFO - Processing file /home/airflow/.local/lib/python3.7/site-packages/airflow/example_dags/example_dag_decorator.py for tasks to queue
[2022-10-01T00:00:53.796+0000] {logging_mixin.py:115} INFO - [2022-10-01T00:00:53.796+0000] {dagbag.py:508} INFO - Filling up the DagBag from /home/airflow/.local/lib/python3.7/site-packages/airflow/example_dags/example_dag_decorator.py
[2022-10-01T00:00:53.815+0000] {processor.py:650} INFO - DAG(s) dict_keys(['example_dag_decorator']) retrieved from /home/airflow/.local/lib/python3.7/site-packages/airflow/example_dags/example_dag_decorator.py
[2022-10-01T00:00:53.856+0000] {logging_mixin.py:115} INFO - [2022-10-01T00:00:53.856+0000] {dag.py:2429} INFO - Sync 1 DAGs
[2022-10-01T00:00:53.868+0000] {logging_mixin.py:115} INFO - [2022-10-01T00:00:53.868+0000] {dag.py:2981} INFO - Setting next_dagrun for example_dag_decorator to None, run_after=None
[2022-10-01T00:00:53.880+0000] {processor.py:161} INFO - Processing /home/airflow/.local/lib/python3.7/site-packages/airflow/example_dags/example_dag_decorator.py took 0.089 seconds
[2022-10-01T00:01:24.410+0000] {processor.py:153} INFO - Started process (PID=34060) to work on /home/airflow/.local/lib/python3.7/site-packages/airflow/example_dags/example_dag_decorator.py
[2022-10-01T00:01:24.412+0000] {processor.py:640} INFO - Processing file /home/airflow/.local/lib/python3.7/site-packages/airflow/example_dags/example_dag_decorator.py for tasks to queue
[2022-10-01T00:01:24.413+0000] {logging_mixin.py:115} INFO - [2022-10-01T00:01:24.413+0000] {dagbag.py:508} INFO - Filling up the DagBag from /home/airflow/.local/lib/python3.7/site-packages/airflow/example_dags/example_dag_decorator.py
[2022-10-01T00:01:24.429+0000] {processor.py:650} INFO - DAG(s) dict_keys(['example_dag_decorator']) retrieved from /home/airflow/.local/lib/python3.7/site-packages/airflow/example_dags/example_dag_decorator.py
[2022-10-01T00:01:24.469+0000] {logging_mixin.py:115} INFO - [2022-10-01T00:01:24.468+0000] {dag.py:2429} INFO - Sync 1 DAGs
[2022-10-01T00:01:24.481+0000] {logging_mixin.py:115} INFO - [2022-10-01T00:01:24.480+0000] {dag.py:2981} INFO - Setting next_dagrun for example_dag_decorator to None, run_after=None
[2022-10-01T00:01:24.491+0000] {processor.py:161} INFO - Processing /home/airflow/.local/lib/python3.7/site-packages/airflow/example_dags/example_dag_decorator.py took 0.083 seconds
[2022-10-01T00:01:54.855+0000] {processor.py:153} INFO - Started process (PID=34124) to work on /home/airflow/.local/lib/python3.7/site-packages/airflow/example_dags/example_dag_decorator.py
[2022-10-01T00:01:54.858+0000] {processor.py:640} INFO - Processing file /home/airflow/.local/lib/python3.7/site-packages/airflow/example_dags/example_dag_decorator.py for tasks to queue
[2022-10-01T00:01:54.859+0000] {logging_mixin.py:115} INFO - [2022-10-01T00:01:54.858+0000] {dagbag.py:508} INFO - Filling up the DagBag from /home/airflow/.local/lib/python3.7/site-packages/airflow/example_dags/example_dag_decorator.py
[2022-10-01T00:01:54.883+0000] {processor.py:650} INFO - DAG(s) dict_keys(['example_dag_decorator']) retrieved from /home/airflow/.local/lib/python3.7/site-packages/airflow/example_dags/example_dag_decorator.py
[2022-10-01T00:01:54.910+0000] {logging_mixin.py:115} INFO - [2022-10-01T00:01:54.910+0000] {dag.py:2429} INFO - Sync 1 DAGs
[2022-10-01T00:01:54.925+0000] {logging_mixin.py:115} INFO - [2022-10-01T00:01:54.925+0000] {dag.py:2981} INFO - Setting next_dagrun for example_dag_decorator to None, run_after=None
[2022-10-01T00:01:54.935+0000] {processor.py:161} INFO - Processing /home/airflow/.local/lib/python3.7/site-packages/airflow/example_dags/example_dag_decorator.py took 0.083 seconds
[2022-10-01T00:02:25.215+0000] {processor.py:153} INFO - Started process (PID=34183) to work on /home/airflow/.local/lib/python3.7/site-packages/airflow/example_dags/example_dag_decorator.py
[2022-10-01T00:02:25.235+0000] {processor.py:640} INFO - Processing file /home/airflow/.local/lib/python3.7/site-packages/airflow/example_dags/example_dag_decorator.py for tasks to queue
[2022-10-01T00:02:25.236+0000] {logging_mixin.py:115} INFO - [2022-10-01T00:02:25.236+0000] {dagbag.py:508} INFO - Filling up the DagBag from /home/airflow/.local/lib/python3.7/site-packages/airflow/example_dags/example_dag_decorator.py
[2022-10-01T00:02:25.270+0000] {processor.py:650} INFO - DAG(s) dict_keys(['example_dag_decorator']) retrieved from /home/airflow/.local/lib/python3.7/site-packages/airflow/example_dags/example_dag_decorator.py
[2022-10-01T00:02:25.310+0000] {logging_mixin.py:115} INFO - [2022-10-01T00:02:25.310+0000] {dag.py:2429} INFO - Sync 1 DAGs
[2022-10-01T00:02:25.323+0000] {logging_mixin.py:115} INFO - [2022-10-01T00:02:25.323+0000] {dag.py:2981} INFO - Setting next_dagrun for example_dag_decorator to None, run_after=None
[2022-10-01T00:02:25.334+0000] {processor.py:161} INFO - Processing /home/airflow/.local/lib/python3.7/site-packages/airflow/example_dags/example_dag_decorator.py took 0.121 seconds
[2022-10-01T00:02:55.647+0000] {processor.py:153} INFO - Started process (PID=34249) to work on /home/airflow/.local/lib/python3.7/site-packages/airflow/example_dags/example_dag_decorator.py
[2022-10-01T00:02:55.648+0000] {processor.py:640} INFO - Processing file /home/airflow/.local/lib/python3.7/site-packages/airflow/example_dags/example_dag_decorator.py for tasks to queue
[2022-10-01T00:02:55.649+0000] {logging_mixin.py:115} INFO - [2022-10-01T00:02:55.649+0000] {dagbag.py:508} INFO - Filling up the DagBag from /home/airflow/.local/lib/python3.7/site-packages/airflow/example_dags/example_dag_decorator.py
[2022-10-01T00:02:55.665+0000] {processor.py:650} INFO - DAG(s) dict_keys(['example_dag_decorator']) retrieved from /home/airflow/.local/lib/python3.7/site-packages/airflow/example_dags/example_dag_decorator.py
[2022-10-01T00:02:55.708+0000] {logging_mixin.py:115} INFO - [2022-10-01T00:02:55.708+0000] {dag.py:2429} INFO - Sync 1 DAGs
[2022-10-01T00:02:55.721+0000] {logging_mixin.py:115} INFO - [2022-10-01T00:02:55.721+0000] {dag.py:2981} INFO - Setting next_dagrun for example_dag_decorator to None, run_after=None
[2022-10-01T00:02:55.729+0000] {processor.py:161} INFO - Processing /home/airflow/.local/lib/python3.7/site-packages/airflow/example_dags/example_dag_decorator.py took 0.084 seconds
[2022-10-01T00:03:25.881+0000] {processor.py:153} INFO - Started process (PID=34316) to work on /home/airflow/.local/lib/python3.7/site-packages/airflow/example_dags/example_dag_decorator.py
[2022-10-01T00:03:25.883+0000] {processor.py:640} INFO - Processing file /home/airflow/.local/lib/python3.7/site-packages/airflow/example_dags/example_dag_decorator.py for tasks to queue
[2022-10-01T00:03:25.885+0000] {logging_mixin.py:115} INFO - [2022-10-01T00:03:25.884+0000] {dagbag.py:508} INFO - Filling up the DagBag from /home/airflow/.local/lib/python3.7/site-packages/airflow/example_dags/example_dag_decorator.py
[2022-10-01T00:03:25.903+0000] {processor.py:650} INFO - DAG(s) dict_keys(['example_dag_decorator']) retrieved from /home/airflow/.local/lib/python3.7/site-packages/airflow/example_dags/example_dag_decorator.py
[2022-10-01T00:03:25.952+0000] {logging_mixin.py:115} INFO - [2022-10-01T00:03:25.952+0000] {dag.py:2429} INFO - Sync 1 DAGs
[2022-10-01T00:03:25.964+0000] {logging_mixin.py:115} INFO - [2022-10-01T00:03:25.964+0000] {dag.py:2981} INFO - Setting next_dagrun for example_dag_decorator to None, run_after=None
[2022-10-01T00:03:25.972+0000] {processor.py:161} INFO - Processing /home/airflow/.local/lib/python3.7/site-packages/airflow/example_dags/example_dag_decorator.py took 0.094 seconds
[2022-10-01T00:03:56.277+0000] {processor.py:153} INFO - Started process (PID=34373) to work on /home/airflow/.local/lib/python3.7/site-packages/airflow/example_dags/example_dag_decorator.py
[2022-10-01T00:03:56.278+0000] {processor.py:640} INFO - Processing file /home/airflow/.local/lib/python3.7/site-packages/airflow/example_dags/example_dag_decorator.py for tasks to queue
[2022-10-01T00:03:56.280+0000] {logging_mixin.py:115} INFO - [2022-10-01T00:03:56.280+0000] {dagbag.py:508} INFO - Filling up the DagBag from /home/airflow/.local/lib/python3.7/site-packages/airflow/example_dags/example_dag_decorator.py
[2022-10-01T00:03:56.297+0000] {processor.py:650} INFO - DAG(s) dict_keys(['example_dag_decorator']) retrieved from /home/airflow/.local/lib/python3.7/site-packages/airflow/example_dags/example_dag_decorator.py
[2022-10-01T00:03:56.346+0000] {logging_mixin.py:115} INFO - [2022-10-01T00:03:56.346+0000] {dag.py:2429} INFO - Sync 1 DAGs
[2022-10-01T00:03:56.359+0000] {logging_mixin.py:115} INFO - [2022-10-01T00:03:56.359+0000] {dag.py:2981} INFO - Setting next_dagrun for example_dag_decorator to None, run_after=None
[2022-10-01T00:03:56.369+0000] {processor.py:161} INFO - Processing /home/airflow/.local/lib/python3.7/site-packages/airflow/example_dags/example_dag_decorator.py took 0.096 seconds
[2022-10-01T00:04:26.716+0000] {processor.py:153} INFO - Started process (PID=34439) to work on /home/airflow/.local/lib/python3.7/site-packages/airflow/example_dags/example_dag_decorator.py
[2022-10-01T00:04:26.718+0000] {processor.py:640} INFO - Processing file /home/airflow/.local/lib/python3.7/site-packages/airflow/example_dags/example_dag_decorator.py for tasks to queue
[2022-10-01T00:04:26.720+0000] {logging_mixin.py:115} INFO - [2022-10-01T00:04:26.720+0000] {dagbag.py:508} INFO - Filling up the DagBag from /home/airflow/.local/lib/python3.7/site-packages/airflow/example_dags/example_dag_decorator.py
[2022-10-01T00:04:26.737+0000] {processor.py:650} INFO - DAG(s) dict_keys(['example_dag_decorator']) retrieved from /home/airflow/.local/lib/python3.7/site-packages/airflow/example_dags/example_dag_decorator.py
[2022-10-01T00:04:26.780+0000] {logging_mixin.py:115} INFO - [2022-10-01T00:04:26.780+0000] {dag.py:2429} INFO - Sync 1 DAGs
[2022-10-01T00:04:26.791+0000] {logging_mixin.py:115} INFO - [2022-10-01T00:04:26.791+0000] {dag.py:2981} INFO - Setting next_dagrun for example_dag_decorator to None, run_after=None
[2022-10-01T00:04:26.801+0000] {processor.py:161} INFO - Processing /home/airflow/.local/lib/python3.7/site-packages/airflow/example_dags/example_dag_decorator.py took 0.087 seconds
[2022-10-01T00:04:57.192+0000] {processor.py:153} INFO - Started process (PID=34505) to work on /home/airflow/.local/lib/python3.7/site-packages/airflow/example_dags/example_dag_decorator.py
[2022-10-01T00:04:57.193+0000] {processor.py:640} INFO - Processing file /home/airflow/.local/lib/python3.7/site-packages/airflow/example_dags/example_dag_decorator.py for tasks to queue
[2022-10-01T00:04:57.194+0000] {logging_mixin.py:115} INFO - [2022-10-01T00:04:57.194+0000] {dagbag.py:508} INFO - Filling up the DagBag from /home/airflow/.local/lib/python3.7/site-packages/airflow/example_dags/example_dag_decorator.py
[2022-10-01T00:04:57.212+0000] {processor.py:650} INFO - DAG(s) dict_keys(['example_dag_decorator']) retrieved from /home/airflow/.local/lib/python3.7/site-packages/airflow/example_dags/example_dag_decorator.py
[2022-10-01T00:04:57.262+0000] {logging_mixin.py:115} INFO - [2022-10-01T00:04:57.262+0000] {dag.py:2429} INFO - Sync 1 DAGs
[2022-10-01T00:04:57.276+0000] {logging_mixin.py:115} INFO - [2022-10-01T00:04:57.276+0000] {dag.py:2981} INFO - Setting next_dagrun for example_dag_decorator to None, run_after=None
[2022-10-01T00:04:57.289+0000] {processor.py:161} INFO - Processing /home/airflow/.local/lib/python3.7/site-packages/airflow/example_dags/example_dag_decorator.py took 0.100 seconds
[2022-10-01T00:05:27.543+0000] {processor.py:153} INFO - Started process (PID=34572) to work on /home/airflow/.local/lib/python3.7/site-packages/airflow/example_dags/example_dag_decorator.py
[2022-10-01T00:05:27.545+0000] {processor.py:640} INFO - Processing file /home/airflow/.local/lib/python3.7/site-packages/airflow/example_dags/example_dag_decorator.py for tasks to queue
[2022-10-01T00:05:27.546+0000] {logging_mixin.py:115} INFO - [2022-10-01T00:05:27.546+0000] {dagbag.py:508} INFO - Filling up the DagBag from /home/airflow/.local/lib/python3.7/site-packages/airflow/example_dags/example_dag_decorator.py
[2022-10-01T00:05:27.563+0000] {processor.py:650} INFO - DAG(s) dict_keys(['example_dag_decorator']) retrieved from /home/airflow/.local/lib/python3.7/site-packages/airflow/example_dags/example_dag_decorator.py
[2022-10-01T00:05:27.606+0000] {logging_mixin.py:115} INFO - [2022-10-01T00:05:27.605+0000] {dag.py:2429} INFO - Sync 1 DAGs
[2022-10-01T00:05:27.617+0000] {logging_mixin.py:115} INFO - [2022-10-01T00:05:27.616+0000] {dag.py:2981} INFO - Setting next_dagrun for example_dag_decorator to None, run_after=None
[2022-10-01T00:05:27.625+0000] {processor.py:161} INFO - Processing /home/airflow/.local/lib/python3.7/site-packages/airflow/example_dags/example_dag_decorator.py took 0.084 seconds
[2022-10-01T00:05:57.860+0000] {processor.py:153} INFO - Started process (PID=34629) to work on /home/airflow/.local/lib/python3.7/site-packages/airflow/example_dags/example_dag_decorator.py
[2022-10-01T00:05:57.862+0000] {processor.py:640} INFO - Processing file /home/airflow/.local/lib/python3.7/site-packages/airflow/example_dags/example_dag_decorator.py for tasks to queue
[2022-10-01T00:05:57.863+0000] {logging_mixin.py:115} INFO - [2022-10-01T00:05:57.863+0000] {dagbag.py:508} INFO - Filling up the DagBag from /home/airflow/.local/lib/python3.7/site-packages/airflow/example_dags/example_dag_decorator.py
[2022-10-01T00:05:57.879+0000] {processor.py:650} INFO - DAG(s) dict_keys(['example_dag_decorator']) retrieved from /home/airflow/.local/lib/python3.7/site-packages/airflow/example_dags/example_dag_decorator.py
[2022-10-01T00:05:57.903+0000] {logging_mixin.py:115} INFO - [2022-10-01T00:05:57.903+0000] {dag.py:2429} INFO - Sync 1 DAGs
[2022-10-01T00:05:57.917+0000] {logging_mixin.py:115} INFO - [2022-10-01T00:05:57.917+0000] {dag.py:2981} INFO - Setting next_dagrun for example_dag_decorator to None, run_after=None
[2022-10-01T00:05:57.927+0000] {processor.py:161} INFO - Processing /home/airflow/.local/lib/python3.7/site-packages/airflow/example_dags/example_dag_decorator.py took 0.070 seconds
[2022-10-01T00:06:28.340+0000] {processor.py:153} INFO - Started process (PID=34696) to work on /home/airflow/.local/lib/python3.7/site-packages/airflow/example_dags/example_dag_decorator.py
[2022-10-01T00:06:28.342+0000] {processor.py:640} INFO - Processing file /home/airflow/.local/lib/python3.7/site-packages/airflow/example_dags/example_dag_decorator.py for tasks to queue
[2022-10-01T00:06:28.343+0000] {logging_mixin.py:115} INFO - [2022-10-01T00:06:28.343+0000] {dagbag.py:508} INFO - Filling up the DagBag from /home/airflow/.local/lib/python3.7/site-packages/airflow/example_dags/example_dag_decorator.py
[2022-10-01T00:06:28.362+0000] {processor.py:650} INFO - DAG(s) dict_keys(['example_dag_decorator']) retrieved from /home/airflow/.local/lib/python3.7/site-packages/airflow/example_dags/example_dag_decorator.py
[2022-10-01T00:06:28.405+0000] {logging_mixin.py:115} INFO - [2022-10-01T00:06:28.405+0000] {dag.py:2429} INFO - Sync 1 DAGs
[2022-10-01T00:06:28.416+0000] {logging_mixin.py:115} INFO - [2022-10-01T00:06:28.416+0000] {dag.py:2981} INFO - Setting next_dagrun for example_dag_decorator to None, run_after=None
[2022-10-01T00:06:28.426+0000] {processor.py:161} INFO - Processing /home/airflow/.local/lib/python3.7/site-packages/airflow/example_dags/example_dag_decorator.py took 0.089 seconds
[2022-10-01T00:06:58.692+0000] {processor.py:153} INFO - Started process (PID=34762) to work on /home/airflow/.local/lib/python3.7/site-packages/airflow/example_dags/example_dag_decorator.py
[2022-10-01T00:06:58.694+0000] {processor.py:640} INFO - Processing file /home/airflow/.local/lib/python3.7/site-packages/airflow/example_dags/example_dag_decorator.py for tasks to queue
[2022-10-01T00:06:58.695+0000] {logging_mixin.py:115} INFO - [2022-10-01T00:06:58.695+0000] {dagbag.py:508} INFO - Filling up the DagBag from /home/airflow/.local/lib/python3.7/site-packages/airflow/example_dags/example_dag_decorator.py
[2022-10-01T00:06:58.711+0000] {processor.py:650} INFO - DAG(s) dict_keys(['example_dag_decorator']) retrieved from /home/airflow/.local/lib/python3.7/site-packages/airflow/example_dags/example_dag_decorator.py
[2022-10-01T00:06:58.751+0000] {logging_mixin.py:115} INFO - [2022-10-01T00:06:58.751+0000] {dag.py:2429} INFO - Sync 1 DAGs
[2022-10-01T00:06:58.764+0000] {logging_mixin.py:115} INFO - [2022-10-01T00:06:58.764+0000] {dag.py:2981} INFO - Setting next_dagrun for example_dag_decorator to None, run_after=None
[2022-10-01T00:06:58.774+0000] {processor.py:161} INFO - Processing /home/airflow/.local/lib/python3.7/site-packages/airflow/example_dags/example_dag_decorator.py took 0.084 seconds
[2022-10-01T00:07:29.141+0000] {processor.py:153} INFO - Started process (PID=34828) to work on /home/airflow/.local/lib/python3.7/site-packages/airflow/example_dags/example_dag_decorator.py
[2022-10-01T00:07:29.143+0000] {processor.py:640} INFO - Processing file /home/airflow/.local/lib/python3.7/site-packages/airflow/example_dags/example_dag_decorator.py for tasks to queue
[2022-10-01T00:07:29.144+0000] {logging_mixin.py:115} INFO - [2022-10-01T00:07:29.144+0000] {dagbag.py:508} INFO - Filling up the DagBag from /home/airflow/.local/lib/python3.7/site-packages/airflow/example_dags/example_dag_decorator.py
[2022-10-01T00:07:29.164+0000] {processor.py:650} INFO - DAG(s) dict_keys(['example_dag_decorator']) retrieved from /home/airflow/.local/lib/python3.7/site-packages/airflow/example_dags/example_dag_decorator.py
[2022-10-01T00:07:29.201+0000] {logging_mixin.py:115} INFO - [2022-10-01T00:07:29.201+0000] {dag.py:2429} INFO - Sync 1 DAGs
[2022-10-01T00:07:29.216+0000] {logging_mixin.py:115} INFO - [2022-10-01T00:07:29.216+0000] {dag.py:2981} INFO - Setting next_dagrun for example_dag_decorator to None, run_after=None
[2022-10-01T00:07:29.227+0000] {processor.py:161} INFO - Processing /home/airflow/.local/lib/python3.7/site-packages/airflow/example_dags/example_dag_decorator.py took 0.088 seconds
[2022-10-01T00:07:59.431+0000] {processor.py:153} INFO - Started process (PID=34885) to work on /home/airflow/.local/lib/python3.7/site-packages/airflow/example_dags/example_dag_decorator.py
[2022-10-01T00:07:59.435+0000] {processor.py:640} INFO - Processing file /home/airflow/.local/lib/python3.7/site-packages/airflow/example_dags/example_dag_decorator.py for tasks to queue
[2022-10-01T00:07:59.436+0000] {logging_mixin.py:115} INFO - [2022-10-01T00:07:59.436+0000] {dagbag.py:508} INFO - Filling up the DagBag from /home/airflow/.local/lib/python3.7/site-packages/airflow/example_dags/example_dag_decorator.py
[2022-10-01T00:07:59.452+0000] {processor.py:650} INFO - DAG(s) dict_keys(['example_dag_decorator']) retrieved from /home/airflow/.local/lib/python3.7/site-packages/airflow/example_dags/example_dag_decorator.py
[2022-10-01T00:07:59.478+0000] {logging_mixin.py:115} INFO - [2022-10-01T00:07:59.478+0000] {dag.py:2429} INFO - Sync 1 DAGs
[2022-10-01T00:07:59.491+0000] {logging_mixin.py:115} INFO - [2022-10-01T00:07:59.491+0000] {dag.py:2981} INFO - Setting next_dagrun for example_dag_decorator to None, run_after=None
[2022-10-01T00:07:59.499+0000] {processor.py:161} INFO - Processing /home/airflow/.local/lib/python3.7/site-packages/airflow/example_dags/example_dag_decorator.py took 0.071 seconds
[2022-10-01T00:08:29.991+0000] {processor.py:153} INFO - Started process (PID=34951) to work on /home/airflow/.local/lib/python3.7/site-packages/airflow/example_dags/example_dag_decorator.py
[2022-10-01T00:08:29.994+0000] {processor.py:640} INFO - Processing file /home/airflow/.local/lib/python3.7/site-packages/airflow/example_dags/example_dag_decorator.py for tasks to queue
[2022-10-01T00:08:29.996+0000] {logging_mixin.py:115} INFO - [2022-10-01T00:08:29.996+0000] {dagbag.py:508} INFO - Filling up the DagBag from /home/airflow/.local/lib/python3.7/site-packages/airflow/example_dags/example_dag_decorator.py
[2022-10-01T00:08:30.012+0000] {processor.py:650} INFO - DAG(s) dict_keys(['example_dag_decorator']) retrieved from /home/airflow/.local/lib/python3.7/site-packages/airflow/example_dags/example_dag_decorator.py
[2022-10-01T00:08:30.035+0000] {logging_mixin.py:115} INFO - [2022-10-01T00:08:30.035+0000] {dag.py:2429} INFO - Sync 1 DAGs
[2022-10-01T00:08:30.050+0000] {logging_mixin.py:115} INFO - [2022-10-01T00:08:30.050+0000] {dag.py:2981} INFO - Setting next_dagrun for example_dag_decorator to None, run_after=None
[2022-10-01T00:08:30.058+0000] {processor.py:161} INFO - Processing /home/airflow/.local/lib/python3.7/site-packages/airflow/example_dags/example_dag_decorator.py took 0.069 seconds
[2022-10-01T00:09:00.481+0000] {processor.py:153} INFO - Started process (PID=35017) to work on /home/airflow/.local/lib/python3.7/site-packages/airflow/example_dags/example_dag_decorator.py
[2022-10-01T00:09:00.482+0000] {processor.py:640} INFO - Processing file /home/airflow/.local/lib/python3.7/site-packages/airflow/example_dags/example_dag_decorator.py for tasks to queue
[2022-10-01T00:09:00.483+0000] {logging_mixin.py:115} INFO - [2022-10-01T00:09:00.483+0000] {dagbag.py:508} INFO - Filling up the DagBag from /home/airflow/.local/lib/python3.7/site-packages/airflow/example_dags/example_dag_decorator.py
[2022-10-01T00:09:00.498+0000] {processor.py:650} INFO - DAG(s) dict_keys(['example_dag_decorator']) retrieved from /home/airflow/.local/lib/python3.7/site-packages/airflow/example_dags/example_dag_decorator.py
[2022-10-01T00:09:00.533+0000] {logging_mixin.py:115} INFO - [2022-10-01T00:09:00.533+0000] {dag.py:2429} INFO - Sync 1 DAGs
[2022-10-01T00:09:00.545+0000] {logging_mixin.py:115} INFO - [2022-10-01T00:09:00.545+0000] {dag.py:2981} INFO - Setting next_dagrun for example_dag_decorator to None, run_after=None
[2022-10-01T00:09:00.554+0000] {processor.py:161} INFO - Processing /home/airflow/.local/lib/python3.7/site-packages/airflow/example_dags/example_dag_decorator.py took 0.075 seconds
[2022-10-01T00:09:31.138+0000] {processor.py:153} INFO - Started process (PID=35082) to work on /home/airflow/.local/lib/python3.7/site-packages/airflow/example_dags/example_dag_decorator.py
[2022-10-01T00:09:31.139+0000] {processor.py:640} INFO - Processing file /home/airflow/.local/lib/python3.7/site-packages/airflow/example_dags/example_dag_decorator.py for tasks to queue
[2022-10-01T00:09:31.140+0000] {logging_mixin.py:115} INFO - [2022-10-01T00:09:31.140+0000] {dagbag.py:508} INFO - Filling up the DagBag from /home/airflow/.local/lib/python3.7/site-packages/airflow/example_dags/example_dag_decorator.py
[2022-10-01T00:09:31.159+0000] {processor.py:650} INFO - DAG(s) dict_keys(['example_dag_decorator']) retrieved from /home/airflow/.local/lib/python3.7/site-packages/airflow/example_dags/example_dag_decorator.py
[2022-10-01T00:09:31.198+0000] {logging_mixin.py:115} INFO - [2022-10-01T00:09:31.198+0000] {dag.py:2429} INFO - Sync 1 DAGs
[2022-10-01T00:09:31.211+0000] {logging_mixin.py:115} INFO - [2022-10-01T00:09:31.211+0000] {dag.py:2981} INFO - Setting next_dagrun for example_dag_decorator to None, run_after=None
[2022-10-01T00:09:31.218+0000] {processor.py:161} INFO - Processing /home/airflow/.local/lib/python3.7/site-packages/airflow/example_dags/example_dag_decorator.py took 0.083 seconds
[2022-10-01T00:10:01.534+0000] {processor.py:153} INFO - Started process (PID=35138) to work on /home/airflow/.local/lib/python3.7/site-packages/airflow/example_dags/example_dag_decorator.py
[2022-10-01T00:10:01.536+0000] {processor.py:640} INFO - Processing file /home/airflow/.local/lib/python3.7/site-packages/airflow/example_dags/example_dag_decorator.py for tasks to queue
[2022-10-01T00:10:01.538+0000] {logging_mixin.py:115} INFO - [2022-10-01T00:10:01.538+0000] {dagbag.py:508} INFO - Filling up the DagBag from /home/airflow/.local/lib/python3.7/site-packages/airflow/example_dags/example_dag_decorator.py
[2022-10-01T00:10:01.555+0000] {processor.py:650} INFO - DAG(s) dict_keys(['example_dag_decorator']) retrieved from /home/airflow/.local/lib/python3.7/site-packages/airflow/example_dags/example_dag_decorator.py
[2022-10-01T00:10:01.602+0000] {logging_mixin.py:115} INFO - [2022-10-01T00:10:01.601+0000] {dag.py:2429} INFO - Sync 1 DAGs
[2022-10-01T00:10:01.613+0000] {logging_mixin.py:115} INFO - [2022-10-01T00:10:01.613+0000] {dag.py:2981} INFO - Setting next_dagrun for example_dag_decorator to None, run_after=None
[2022-10-01T00:10:01.621+0000] {processor.py:161} INFO - Processing /home/airflow/.local/lib/python3.7/site-packages/airflow/example_dags/example_dag_decorator.py took 0.089 seconds
[2022-10-01T00:10:31.999+0000] {processor.py:153} INFO - Started process (PID=35205) to work on /home/airflow/.local/lib/python3.7/site-packages/airflow/example_dags/example_dag_decorator.py
[2022-10-01T00:10:32.001+0000] {processor.py:640} INFO - Processing file /home/airflow/.local/lib/python3.7/site-packages/airflow/example_dags/example_dag_decorator.py for tasks to queue
[2022-10-01T00:10:32.003+0000] {logging_mixin.py:115} INFO - [2022-10-01T00:10:32.003+0000] {dagbag.py:508} INFO - Filling up the DagBag from /home/airflow/.local/lib/python3.7/site-packages/airflow/example_dags/example_dag_decorator.py
[2022-10-01T00:10:32.021+0000] {processor.py:650} INFO - DAG(s) dict_keys(['example_dag_decorator']) retrieved from /home/airflow/.local/lib/python3.7/site-packages/airflow/example_dags/example_dag_decorator.py
[2022-10-01T00:10:32.044+0000] {logging_mixin.py:115} INFO - [2022-10-01T00:10:32.044+0000] {dag.py:2429} INFO - Sync 1 DAGs
[2022-10-01T00:10:32.059+0000] {logging_mixin.py:115} INFO - [2022-10-01T00:10:32.059+0000] {dag.py:2981} INFO - Setting next_dagrun for example_dag_decorator to None, run_after=None
[2022-10-01T00:10:32.069+0000] {processor.py:161} INFO - Processing /home/airflow/.local/lib/python3.7/site-packages/airflow/example_dags/example_dag_decorator.py took 0.072 seconds
[2022-10-01T00:11:02.376+0000] {processor.py:153} INFO - Started process (PID=35271) to work on /home/airflow/.local/lib/python3.7/site-packages/airflow/example_dags/example_dag_decorator.py
[2022-10-01T00:11:02.378+0000] {processor.py:640} INFO - Processing file /home/airflow/.local/lib/python3.7/site-packages/airflow/example_dags/example_dag_decorator.py for tasks to queue
[2022-10-01T00:11:02.378+0000] {logging_mixin.py:115} INFO - [2022-10-01T00:11:02.378+0000] {dagbag.py:508} INFO - Filling up the DagBag from /home/airflow/.local/lib/python3.7/site-packages/airflow/example_dags/example_dag_decorator.py
[2022-10-01T00:11:02.394+0000] {processor.py:650} INFO - DAG(s) dict_keys(['example_dag_decorator']) retrieved from /home/airflow/.local/lib/python3.7/site-packages/airflow/example_dags/example_dag_decorator.py
[2022-10-01T00:11:02.437+0000] {logging_mixin.py:115} INFO - [2022-10-01T00:11:02.437+0000] {dag.py:2429} INFO - Sync 1 DAGs
[2022-10-01T00:11:02.449+0000] {logging_mixin.py:115} INFO - [2022-10-01T00:11:02.449+0000] {dag.py:2981} INFO - Setting next_dagrun for example_dag_decorator to None, run_after=None
[2022-10-01T00:11:02.458+0000] {processor.py:161} INFO - Processing /home/airflow/.local/lib/python3.7/site-packages/airflow/example_dags/example_dag_decorator.py took 0.085 seconds
[2022-10-01T00:11:32.736+0000] {processor.py:153} INFO - Started process (PID=35337) to work on /home/airflow/.local/lib/python3.7/site-packages/airflow/example_dags/example_dag_decorator.py
[2022-10-01T00:11:32.739+0000] {processor.py:640} INFO - Processing file /home/airflow/.local/lib/python3.7/site-packages/airflow/example_dags/example_dag_decorator.py for tasks to queue
[2022-10-01T00:11:32.741+0000] {logging_mixin.py:115} INFO - [2022-10-01T00:11:32.741+0000] {dagbag.py:508} INFO - Filling up the DagBag from /home/airflow/.local/lib/python3.7/site-packages/airflow/example_dags/example_dag_decorator.py
[2022-10-01T00:11:32.766+0000] {processor.py:650} INFO - DAG(s) dict_keys(['example_dag_decorator']) retrieved from /home/airflow/.local/lib/python3.7/site-packages/airflow/example_dags/example_dag_decorator.py
[2022-10-01T00:11:32.795+0000] {logging_mixin.py:115} INFO - [2022-10-01T00:11:32.795+0000] {dag.py:2429} INFO - Sync 1 DAGs
[2022-10-01T00:11:32.814+0000] {logging_mixin.py:115} INFO - [2022-10-01T00:11:32.814+0000] {dag.py:2981} INFO - Setting next_dagrun for example_dag_decorator to None, run_after=None
[2022-10-01T00:11:32.825+0000] {processor.py:161} INFO - Processing /home/airflow/.local/lib/python3.7/site-packages/airflow/example_dags/example_dag_decorator.py took 0.094 seconds
[2022-10-01T00:12:03.026+0000] {processor.py:153} INFO - Started process (PID=35394) to work on /home/airflow/.local/lib/python3.7/site-packages/airflow/example_dags/example_dag_decorator.py
[2022-10-01T00:12:03.027+0000] {processor.py:640} INFO - Processing file /home/airflow/.local/lib/python3.7/site-packages/airflow/example_dags/example_dag_decorator.py for tasks to queue
[2022-10-01T00:12:03.029+0000] {logging_mixin.py:115} INFO - [2022-10-01T00:12:03.028+0000] {dagbag.py:508} INFO - Filling up the DagBag from /home/airflow/.local/lib/python3.7/site-packages/airflow/example_dags/example_dag_decorator.py
[2022-10-01T00:12:03.044+0000] {processor.py:650} INFO - DAG(s) dict_keys(['example_dag_decorator']) retrieved from /home/airflow/.local/lib/python3.7/site-packages/airflow/example_dags/example_dag_decorator.py
[2022-10-01T00:12:03.086+0000] {logging_mixin.py:115} INFO - [2022-10-01T00:12:03.086+0000] {dag.py:2429} INFO - Sync 1 DAGs
[2022-10-01T00:12:03.097+0000] {logging_mixin.py:115} INFO - [2022-10-01T00:12:03.097+0000] {dag.py:2981} INFO - Setting next_dagrun for example_dag_decorator to None, run_after=None
[2022-10-01T00:12:03.106+0000] {processor.py:161} INFO - Processing /home/airflow/.local/lib/python3.7/site-packages/airflow/example_dags/example_dag_decorator.py took 0.083 seconds
[2022-10-01T00:12:33.591+0000] {processor.py:153} INFO - Started process (PID=35461) to work on /home/airflow/.local/lib/python3.7/site-packages/airflow/example_dags/example_dag_decorator.py
[2022-10-01T00:12:33.594+0000] {processor.py:640} INFO - Processing file /home/airflow/.local/lib/python3.7/site-packages/airflow/example_dags/example_dag_decorator.py for tasks to queue
[2022-10-01T00:12:33.602+0000] {logging_mixin.py:115} INFO - [2022-10-01T00:12:33.602+0000] {dagbag.py:508} INFO - Filling up the DagBag from /home/airflow/.local/lib/python3.7/site-packages/airflow/example_dags/example_dag_decorator.py
[2022-10-01T00:12:33.618+0000] {processor.py:650} INFO - DAG(s) dict_keys(['example_dag_decorator']) retrieved from /home/airflow/.local/lib/python3.7/site-packages/airflow/example_dags/example_dag_decorator.py
[2022-10-01T00:12:33.666+0000] {logging_mixin.py:115} INFO - [2022-10-01T00:12:33.666+0000] {dag.py:2429} INFO - Sync 1 DAGs
[2022-10-01T00:12:33.678+0000] {logging_mixin.py:115} INFO - [2022-10-01T00:12:33.678+0000] {dag.py:2981} INFO - Setting next_dagrun for example_dag_decorator to None, run_after=None
[2022-10-01T00:12:33.688+0000] {processor.py:161} INFO - Processing /home/airflow/.local/lib/python3.7/site-packages/airflow/example_dags/example_dag_decorator.py took 0.100 seconds
[2022-10-01T00:13:03.908+0000] {processor.py:153} INFO - Started process (PID=35526) to work on /home/airflow/.local/lib/python3.7/site-packages/airflow/example_dags/example_dag_decorator.py
[2022-10-01T00:13:03.910+0000] {processor.py:640} INFO - Processing file /home/airflow/.local/lib/python3.7/site-packages/airflow/example_dags/example_dag_decorator.py for tasks to queue
[2022-10-01T00:13:03.911+0000] {logging_mixin.py:115} INFO - [2022-10-01T00:13:03.910+0000] {dagbag.py:508} INFO - Filling up the DagBag from /home/airflow/.local/lib/python3.7/site-packages/airflow/example_dags/example_dag_decorator.py
[2022-10-01T00:13:03.927+0000] {processor.py:650} INFO - DAG(s) dict_keys(['example_dag_decorator']) retrieved from /home/airflow/.local/lib/python3.7/site-packages/airflow/example_dags/example_dag_decorator.py
[2022-10-01T00:13:03.971+0000] {logging_mixin.py:115} INFO - [2022-10-01T00:13:03.970+0000] {dag.py:2429} INFO - Sync 1 DAGs
[2022-10-01T00:13:03.983+0000] {logging_mixin.py:115} INFO - [2022-10-01T00:13:03.983+0000] {dag.py:2981} INFO - Setting next_dagrun for example_dag_decorator to None, run_after=None
[2022-10-01T00:13:03.993+0000] {processor.py:161} INFO - Processing /home/airflow/.local/lib/python3.7/site-packages/airflow/example_dags/example_dag_decorator.py took 0.087 seconds
[2022-10-01T00:13:35.814+0000] {processor.py:153} INFO - Started process (PID=35595) to work on /home/airflow/.local/lib/python3.7/site-packages/airflow/example_dags/example_dag_decorator.py
[2022-10-01T00:13:35.816+0000] {processor.py:640} INFO - Processing file /home/airflow/.local/lib/python3.7/site-packages/airflow/example_dags/example_dag_decorator.py for tasks to queue
[2022-10-01T00:13:35.817+0000] {logging_mixin.py:115} INFO - [2022-10-01T00:13:35.817+0000] {dagbag.py:508} INFO - Filling up the DagBag from /home/airflow/.local/lib/python3.7/site-packages/airflow/example_dags/example_dag_decorator.py
[2022-10-01T00:13:35.839+0000] {processor.py:650} INFO - DAG(s) dict_keys(['example_dag_decorator']) retrieved from /home/airflow/.local/lib/python3.7/site-packages/airflow/example_dags/example_dag_decorator.py
[2022-10-01T00:13:35.920+0000] {logging_mixin.py:115} INFO - [2022-10-01T00:13:35.920+0000] {dag.py:2429} INFO - Sync 1 DAGs
[2022-10-01T00:13:35.940+0000] {logging_mixin.py:115} INFO - [2022-10-01T00:13:35.940+0000] {dag.py:2981} INFO - Setting next_dagrun for example_dag_decorator to None, run_after=None
[2022-10-01T00:13:35.964+0000] {processor.py:161} INFO - Processing /home/airflow/.local/lib/python3.7/site-packages/airflow/example_dags/example_dag_decorator.py took 0.153 seconds
[2022-10-01T00:18:34.618+0000] {processor.py:153} INFO - Started process (PID=35643) to work on /home/airflow/.local/lib/python3.7/site-packages/airflow/example_dags/example_dag_decorator.py
[2022-10-01T00:18:34.620+0000] {processor.py:640} INFO - Processing file /home/airflow/.local/lib/python3.7/site-packages/airflow/example_dags/example_dag_decorator.py for tasks to queue
[2022-10-01T00:18:34.622+0000] {logging_mixin.py:115} INFO - [2022-10-01T00:18:34.621+0000] {dagbag.py:508} INFO - Filling up the DagBag from /home/airflow/.local/lib/python3.7/site-packages/airflow/example_dags/example_dag_decorator.py
[2022-10-01T00:18:34.699+0000] {processor.py:650} INFO - DAG(s) dict_keys(['example_dag_decorator']) retrieved from /home/airflow/.local/lib/python3.7/site-packages/airflow/example_dags/example_dag_decorator.py
[2022-10-01T00:18:34.897+0000] {logging_mixin.py:115} INFO - [2022-10-01T00:18:34.896+0000] {dag.py:2429} INFO - Sync 1 DAGs
[2022-10-01T00:18:34.929+0000] {logging_mixin.py:115} INFO - [2022-10-01T00:18:34.929+0000] {dag.py:2981} INFO - Setting next_dagrun for example_dag_decorator to None, run_after=None
[2022-10-01T00:18:34.972+0000] {processor.py:161} INFO - Processing /home/airflow/.local/lib/python3.7/site-packages/airflow/example_dags/example_dag_decorator.py took 0.363 seconds
[2022-10-01T00:19:05.880+0000] {processor.py:153} INFO - Started process (PID=35709) to work on /home/airflow/.local/lib/python3.7/site-packages/airflow/example_dags/example_dag_decorator.py
[2022-10-01T00:19:05.886+0000] {processor.py:640} INFO - Processing file /home/airflow/.local/lib/python3.7/site-packages/airflow/example_dags/example_dag_decorator.py for tasks to queue
[2022-10-01T00:19:05.889+0000] {logging_mixin.py:115} INFO - [2022-10-01T00:19:05.888+0000] {dagbag.py:508} INFO - Filling up the DagBag from /home/airflow/.local/lib/python3.7/site-packages/airflow/example_dags/example_dag_decorator.py
[2022-10-01T00:19:05.913+0000] {processor.py:650} INFO - DAG(s) dict_keys(['example_dag_decorator']) retrieved from /home/airflow/.local/lib/python3.7/site-packages/airflow/example_dags/example_dag_decorator.py
[2022-10-01T00:19:05.961+0000] {logging_mixin.py:115} INFO - [2022-10-01T00:19:05.960+0000] {dag.py:2429} INFO - Sync 1 DAGs
[2022-10-01T00:19:05.976+0000] {logging_mixin.py:115} INFO - [2022-10-01T00:19:05.976+0000] {dag.py:2981} INFO - Setting next_dagrun for example_dag_decorator to None, run_after=None
[2022-10-01T00:19:05.986+0000] {processor.py:161} INFO - Processing /home/airflow/.local/lib/python3.7/site-packages/airflow/example_dags/example_dag_decorator.py took 0.114 seconds
[2022-10-01T00:19:36.447+0000] {processor.py:153} INFO - Started process (PID=35767) to work on /home/airflow/.local/lib/python3.7/site-packages/airflow/example_dags/example_dag_decorator.py
[2022-10-01T00:19:36.449+0000] {processor.py:640} INFO - Processing file /home/airflow/.local/lib/python3.7/site-packages/airflow/example_dags/example_dag_decorator.py for tasks to queue
[2022-10-01T00:19:36.451+0000] {logging_mixin.py:115} INFO - [2022-10-01T00:19:36.450+0000] {dagbag.py:508} INFO - Filling up the DagBag from /home/airflow/.local/lib/python3.7/site-packages/airflow/example_dags/example_dag_decorator.py
[2022-10-01T00:19:36.474+0000] {processor.py:650} INFO - DAG(s) dict_keys(['example_dag_decorator']) retrieved from /home/airflow/.local/lib/python3.7/site-packages/airflow/example_dags/example_dag_decorator.py
[2022-10-01T00:19:36.516+0000] {logging_mixin.py:115} INFO - [2022-10-01T00:19:36.516+0000] {dag.py:2429} INFO - Sync 1 DAGs
[2022-10-01T00:19:36.531+0000] {logging_mixin.py:115} INFO - [2022-10-01T00:19:36.531+0000] {dag.py:2981} INFO - Setting next_dagrun for example_dag_decorator to None, run_after=None
[2022-10-01T00:19:36.540+0000] {processor.py:161} INFO - Processing /home/airflow/.local/lib/python3.7/site-packages/airflow/example_dags/example_dag_decorator.py took 0.097 seconds
[2022-10-01T00:20:06.876+0000] {processor.py:153} INFO - Started process (PID=35831) to work on /home/airflow/.local/lib/python3.7/site-packages/airflow/example_dags/example_dag_decorator.py
[2022-10-01T00:20:06.879+0000] {processor.py:640} INFO - Processing file /home/airflow/.local/lib/python3.7/site-packages/airflow/example_dags/example_dag_decorator.py for tasks to queue
[2022-10-01T00:20:06.880+0000] {logging_mixin.py:115} INFO - [2022-10-01T00:20:06.880+0000] {dagbag.py:508} INFO - Filling up the DagBag from /home/airflow/.local/lib/python3.7/site-packages/airflow/example_dags/example_dag_decorator.py
[2022-10-01T00:20:06.904+0000] {processor.py:650} INFO - DAG(s) dict_keys(['example_dag_decorator']) retrieved from /home/airflow/.local/lib/python3.7/site-packages/airflow/example_dags/example_dag_decorator.py
[2022-10-01T00:20:06.947+0000] {logging_mixin.py:115} INFO - [2022-10-01T00:20:06.947+0000] {dag.py:2429} INFO - Sync 1 DAGs
[2022-10-01T00:20:06.960+0000] {logging_mixin.py:115} INFO - [2022-10-01T00:20:06.960+0000] {dag.py:2981} INFO - Setting next_dagrun for example_dag_decorator to None, run_after=None
[2022-10-01T00:20:06.972+0000] {processor.py:161} INFO - Processing /home/airflow/.local/lib/python3.7/site-packages/airflow/example_dags/example_dag_decorator.py took 0.100 seconds
[2022-10-01T00:20:37.394+0000] {processor.py:153} INFO - Started process (PID=35899) to work on /home/airflow/.local/lib/python3.7/site-packages/airflow/example_dags/example_dag_decorator.py
[2022-10-01T00:20:37.397+0000] {processor.py:640} INFO - Processing file /home/airflow/.local/lib/python3.7/site-packages/airflow/example_dags/example_dag_decorator.py for tasks to queue
[2022-10-01T00:20:37.399+0000] {logging_mixin.py:115} INFO - [2022-10-01T00:20:37.399+0000] {dagbag.py:508} INFO - Filling up the DagBag from /home/airflow/.local/lib/python3.7/site-packages/airflow/example_dags/example_dag_decorator.py
[2022-10-01T00:20:37.422+0000] {processor.py:650} INFO - DAG(s) dict_keys(['example_dag_decorator']) retrieved from /home/airflow/.local/lib/python3.7/site-packages/airflow/example_dags/example_dag_decorator.py
[2022-10-01T00:20:37.444+0000] {logging_mixin.py:115} INFO - [2022-10-01T00:20:37.443+0000] {dag.py:2429} INFO - Sync 1 DAGs
[2022-10-01T00:20:37.456+0000] {logging_mixin.py:115} INFO - [2022-10-01T00:20:37.456+0000] {dag.py:2981} INFO - Setting next_dagrun for example_dag_decorator to None, run_after=None
[2022-10-01T00:20:37.464+0000] {processor.py:161} INFO - Processing /home/airflow/.local/lib/python3.7/site-packages/airflow/example_dags/example_dag_decorator.py took 0.076 seconds
[2022-10-01T00:21:08.055+0000] {processor.py:153} INFO - Started process (PID=35965) to work on /home/airflow/.local/lib/python3.7/site-packages/airflow/example_dags/example_dag_decorator.py
[2022-10-01T00:21:08.058+0000] {processor.py:640} INFO - Processing file /home/airflow/.local/lib/python3.7/site-packages/airflow/example_dags/example_dag_decorator.py for tasks to queue
[2022-10-01T00:21:08.060+0000] {logging_mixin.py:115} INFO - [2022-10-01T00:21:08.060+0000] {dagbag.py:508} INFO - Filling up the DagBag from /home/airflow/.local/lib/python3.7/site-packages/airflow/example_dags/example_dag_decorator.py
[2022-10-01T00:21:08.083+0000] {processor.py:650} INFO - DAG(s) dict_keys(['example_dag_decorator']) retrieved from /home/airflow/.local/lib/python3.7/site-packages/airflow/example_dags/example_dag_decorator.py
[2022-10-01T00:21:08.125+0000] {logging_mixin.py:115} INFO - [2022-10-01T00:21:08.125+0000] {dag.py:2429} INFO - Sync 1 DAGs
[2022-10-01T00:21:08.138+0000] {logging_mixin.py:115} INFO - [2022-10-01T00:21:08.138+0000] {dag.py:2981} INFO - Setting next_dagrun for example_dag_decorator to None, run_after=None
[2022-10-01T00:21:08.150+0000] {processor.py:161} INFO - Processing /home/airflow/.local/lib/python3.7/site-packages/airflow/example_dags/example_dag_decorator.py took 0.100 seconds
[2022-10-01T00:21:38.493+0000] {processor.py:153} INFO - Started process (PID=36021) to work on /home/airflow/.local/lib/python3.7/site-packages/airflow/example_dags/example_dag_decorator.py
[2022-10-01T00:21:38.495+0000] {processor.py:640} INFO - Processing file /home/airflow/.local/lib/python3.7/site-packages/airflow/example_dags/example_dag_decorator.py for tasks to queue
[2022-10-01T00:21:38.499+0000] {logging_mixin.py:115} INFO - [2022-10-01T00:21:38.499+0000] {dagbag.py:508} INFO - Filling up the DagBag from /home/airflow/.local/lib/python3.7/site-packages/airflow/example_dags/example_dag_decorator.py
[2022-10-01T00:21:38.521+0000] {processor.py:650} INFO - DAG(s) dict_keys(['example_dag_decorator']) retrieved from /home/airflow/.local/lib/python3.7/site-packages/airflow/example_dags/example_dag_decorator.py
[2022-10-01T00:21:38.577+0000] {logging_mixin.py:115} INFO - [2022-10-01T00:21:38.577+0000] {dag.py:2429} INFO - Sync 1 DAGs
[2022-10-01T00:21:38.593+0000] {logging_mixin.py:115} INFO - [2022-10-01T00:21:38.593+0000] {dag.py:2981} INFO - Setting next_dagrun for example_dag_decorator to None, run_after=None
[2022-10-01T00:21:38.603+0000] {processor.py:161} INFO - Processing /home/airflow/.local/lib/python3.7/site-packages/airflow/example_dags/example_dag_decorator.py took 0.113 seconds
[2022-10-01T00:22:08.843+0000] {processor.py:153} INFO - Started process (PID=36087) to work on /home/airflow/.local/lib/python3.7/site-packages/airflow/example_dags/example_dag_decorator.py
[2022-10-01T00:22:08.846+0000] {processor.py:640} INFO - Processing file /home/airflow/.local/lib/python3.7/site-packages/airflow/example_dags/example_dag_decorator.py for tasks to queue
[2022-10-01T00:22:08.849+0000] {logging_mixin.py:115} INFO - [2022-10-01T00:22:08.849+0000] {dagbag.py:508} INFO - Filling up the DagBag from /home/airflow/.local/lib/python3.7/site-packages/airflow/example_dags/example_dag_decorator.py
[2022-10-01T00:22:08.869+0000] {processor.py:650} INFO - DAG(s) dict_keys(['example_dag_decorator']) retrieved from /home/airflow/.local/lib/python3.7/site-packages/airflow/example_dags/example_dag_decorator.py
[2022-10-01T00:22:08.897+0000] {logging_mixin.py:115} INFO - [2022-10-01T00:22:08.896+0000] {dag.py:2429} INFO - Sync 1 DAGs
[2022-10-01T00:22:08.909+0000] {logging_mixin.py:115} INFO - [2022-10-01T00:22:08.909+0000] {dag.py:2981} INFO - Setting next_dagrun for example_dag_decorator to None, run_after=None
[2022-10-01T00:22:08.917+0000] {processor.py:161} INFO - Processing /home/airflow/.local/lib/python3.7/site-packages/airflow/example_dags/example_dag_decorator.py took 0.082 seconds
[2022-10-01T00:22:39.204+0000] {processor.py:153} INFO - Started process (PID=36153) to work on /home/airflow/.local/lib/python3.7/site-packages/airflow/example_dags/example_dag_decorator.py
[2022-10-01T00:22:39.207+0000] {processor.py:640} INFO - Processing file /home/airflow/.local/lib/python3.7/site-packages/airflow/example_dags/example_dag_decorator.py for tasks to queue
[2022-10-01T00:22:39.210+0000] {logging_mixin.py:115} INFO - [2022-10-01T00:22:39.209+0000] {dagbag.py:508} INFO - Filling up the DagBag from /home/airflow/.local/lib/python3.7/site-packages/airflow/example_dags/example_dag_decorator.py
[2022-10-01T00:22:39.238+0000] {processor.py:650} INFO - DAG(s) dict_keys(['example_dag_decorator']) retrieved from /home/airflow/.local/lib/python3.7/site-packages/airflow/example_dags/example_dag_decorator.py
[2022-10-01T00:22:39.261+0000] {logging_mixin.py:115} INFO - [2022-10-01T00:22:39.261+0000] {dag.py:2429} INFO - Sync 1 DAGs
[2022-10-01T00:22:39.274+0000] {logging_mixin.py:115} INFO - [2022-10-01T00:22:39.274+0000] {dag.py:2981} INFO - Setting next_dagrun for example_dag_decorator to None, run_after=None
[2022-10-01T00:22:39.283+0000] {processor.py:161} INFO - Processing /home/airflow/.local/lib/python3.7/site-packages/airflow/example_dags/example_dag_decorator.py took 0.085 seconds
[2022-10-01T00:23:09.561+0000] {processor.py:153} INFO - Started process (PID=36218) to work on /home/airflow/.local/lib/python3.7/site-packages/airflow/example_dags/example_dag_decorator.py
[2022-10-01T00:23:09.583+0000] {processor.py:640} INFO - Processing file /home/airflow/.local/lib/python3.7/site-packages/airflow/example_dags/example_dag_decorator.py for tasks to queue
[2022-10-01T00:23:09.588+0000] {logging_mixin.py:115} INFO - [2022-10-01T00:23:09.588+0000] {dagbag.py:508} INFO - Filling up the DagBag from /home/airflow/.local/lib/python3.7/site-packages/airflow/example_dags/example_dag_decorator.py
[2022-10-01T00:23:09.615+0000] {processor.py:650} INFO - DAG(s) dict_keys(['example_dag_decorator']) retrieved from /home/airflow/.local/lib/python3.7/site-packages/airflow/example_dags/example_dag_decorator.py
[2022-10-01T00:23:09.654+0000] {logging_mixin.py:115} INFO - [2022-10-01T00:23:09.654+0000] {dag.py:2429} INFO - Sync 1 DAGs
[2022-10-01T00:23:09.666+0000] {logging_mixin.py:115} INFO - [2022-10-01T00:23:09.666+0000] {dag.py:2981} INFO - Setting next_dagrun for example_dag_decorator to None, run_after=None
[2022-10-01T00:23:09.677+0000] {processor.py:161} INFO - Processing /home/airflow/.local/lib/python3.7/site-packages/airflow/example_dags/example_dag_decorator.py took 0.118 seconds
[2022-10-01T00:23:40.131+0000] {processor.py:153} INFO - Started process (PID=36277) to work on /home/airflow/.local/lib/python3.7/site-packages/airflow/example_dags/example_dag_decorator.py
[2022-10-01T00:23:40.134+0000] {processor.py:640} INFO - Processing file /home/airflow/.local/lib/python3.7/site-packages/airflow/example_dags/example_dag_decorator.py for tasks to queue
[2022-10-01T00:23:40.135+0000] {logging_mixin.py:115} INFO - [2022-10-01T00:23:40.135+0000] {dagbag.py:508} INFO - Filling up the DagBag from /home/airflow/.local/lib/python3.7/site-packages/airflow/example_dags/example_dag_decorator.py
[2022-10-01T00:23:40.155+0000] {processor.py:650} INFO - DAG(s) dict_keys(['example_dag_decorator']) retrieved from /home/airflow/.local/lib/python3.7/site-packages/airflow/example_dags/example_dag_decorator.py
[2022-10-01T00:23:40.196+0000] {logging_mixin.py:115} INFO - [2022-10-01T00:23:40.196+0000] {dag.py:2429} INFO - Sync 1 DAGs
[2022-10-01T00:23:40.209+0000] {logging_mixin.py:115} INFO - [2022-10-01T00:23:40.208+0000] {dag.py:2981} INFO - Setting next_dagrun for example_dag_decorator to None, run_after=None
[2022-10-01T00:23:40.216+0000] {processor.py:161} INFO - Processing /home/airflow/.local/lib/python3.7/site-packages/airflow/example_dags/example_dag_decorator.py took 0.096 seconds
[2022-10-01T00:24:10.388+0000] {processor.py:153} INFO - Started process (PID=36345) to work on /home/airflow/.local/lib/python3.7/site-packages/airflow/example_dags/example_dag_decorator.py
[2022-10-01T00:24:10.391+0000] {processor.py:640} INFO - Processing file /home/airflow/.local/lib/python3.7/site-packages/airflow/example_dags/example_dag_decorator.py for tasks to queue
[2022-10-01T00:24:10.393+0000] {logging_mixin.py:115} INFO - [2022-10-01T00:24:10.393+0000] {dagbag.py:508} INFO - Filling up the DagBag from /home/airflow/.local/lib/python3.7/site-packages/airflow/example_dags/example_dag_decorator.py
[2022-10-01T00:24:10.417+0000] {processor.py:650} INFO - DAG(s) dict_keys(['example_dag_decorator']) retrieved from /home/airflow/.local/lib/python3.7/site-packages/airflow/example_dags/example_dag_decorator.py
[2022-10-01T00:24:10.437+0000] {logging_mixin.py:115} INFO - [2022-10-01T00:24:10.437+0000] {dag.py:2429} INFO - Sync 1 DAGs
[2022-10-01T00:24:10.450+0000] {logging_mixin.py:115} INFO - [2022-10-01T00:24:10.450+0000] {dag.py:2981} INFO - Setting next_dagrun for example_dag_decorator to None, run_after=None
[2022-10-01T00:24:10.458+0000] {processor.py:161} INFO - Processing /home/airflow/.local/lib/python3.7/site-packages/airflow/example_dags/example_dag_decorator.py took 0.077 seconds
[2022-10-01T00:24:41.314+0000] {processor.py:153} INFO - Started process (PID=36411) to work on /home/airflow/.local/lib/python3.7/site-packages/airflow/example_dags/example_dag_decorator.py
[2022-10-01T00:24:41.328+0000] {processor.py:640} INFO - Processing file /home/airflow/.local/lib/python3.7/site-packages/airflow/example_dags/example_dag_decorator.py for tasks to queue
[2022-10-01T00:24:41.331+0000] {logging_mixin.py:115} INFO - [2022-10-01T00:24:41.331+0000] {dagbag.py:508} INFO - Filling up the DagBag from /home/airflow/.local/lib/python3.7/site-packages/airflow/example_dags/example_dag_decorator.py
[2022-10-01T00:24:41.372+0000] {processor.py:650} INFO - DAG(s) dict_keys(['example_dag_decorator']) retrieved from /home/airflow/.local/lib/python3.7/site-packages/airflow/example_dags/example_dag_decorator.py
[2022-10-01T00:24:41.416+0000] {logging_mixin.py:115} INFO - [2022-10-01T00:24:41.415+0000] {dag.py:2429} INFO - Sync 1 DAGs
[2022-10-01T00:24:41.430+0000] {logging_mixin.py:115} INFO - [2022-10-01T00:24:41.430+0000] {dag.py:2981} INFO - Setting next_dagrun for example_dag_decorator to None, run_after=None
[2022-10-01T00:24:41.440+0000] {processor.py:161} INFO - Processing /home/airflow/.local/lib/python3.7/site-packages/airflow/example_dags/example_dag_decorator.py took 0.129 seconds
[2022-10-01T00:25:11.571+0000] {processor.py:153} INFO - Started process (PID=36468) to work on /home/airflow/.local/lib/python3.7/site-packages/airflow/example_dags/example_dag_decorator.py
[2022-10-01T00:25:11.574+0000] {processor.py:640} INFO - Processing file /home/airflow/.local/lib/python3.7/site-packages/airflow/example_dags/example_dag_decorator.py for tasks to queue
[2022-10-01T00:25:11.576+0000] {logging_mixin.py:115} INFO - [2022-10-01T00:25:11.576+0000] {dagbag.py:508} INFO - Filling up the DagBag from /home/airflow/.local/lib/python3.7/site-packages/airflow/example_dags/example_dag_decorator.py
[2022-10-01T00:25:11.605+0000] {processor.py:650} INFO - DAG(s) dict_keys(['example_dag_decorator']) retrieved from /home/airflow/.local/lib/python3.7/site-packages/airflow/example_dags/example_dag_decorator.py
[2022-10-01T00:25:11.627+0000] {logging_mixin.py:115} INFO - [2022-10-01T00:25:11.627+0000] {dag.py:2429} INFO - Sync 1 DAGs
[2022-10-01T00:25:11.641+0000] {logging_mixin.py:115} INFO - [2022-10-01T00:25:11.641+0000] {dag.py:2981} INFO - Setting next_dagrun for example_dag_decorator to None, run_after=None
[2022-10-01T00:25:11.650+0000] {processor.py:161} INFO - Processing /home/airflow/.local/lib/python3.7/site-packages/airflow/example_dags/example_dag_decorator.py took 0.087 seconds
[2022-10-01T00:25:41.985+0000] {processor.py:153} INFO - Started process (PID=36534) to work on /home/airflow/.local/lib/python3.7/site-packages/airflow/example_dags/example_dag_decorator.py
[2022-10-01T00:25:41.988+0000] {processor.py:640} INFO - Processing file /home/airflow/.local/lib/python3.7/site-packages/airflow/example_dags/example_dag_decorator.py for tasks to queue
[2022-10-01T00:25:41.990+0000] {logging_mixin.py:115} INFO - [2022-10-01T00:25:41.990+0000] {dagbag.py:508} INFO - Filling up the DagBag from /home/airflow/.local/lib/python3.7/site-packages/airflow/example_dags/example_dag_decorator.py
[2022-10-01T00:25:42.009+0000] {processor.py:650} INFO - DAG(s) dict_keys(['example_dag_decorator']) retrieved from /home/airflow/.local/lib/python3.7/site-packages/airflow/example_dags/example_dag_decorator.py
[2022-10-01T00:25:42.031+0000] {logging_mixin.py:115} INFO - [2022-10-01T00:25:42.031+0000] {dag.py:2429} INFO - Sync 1 DAGs
[2022-10-01T00:25:42.044+0000] {logging_mixin.py:115} INFO - [2022-10-01T00:25:42.044+0000] {dag.py:2981} INFO - Setting next_dagrun for example_dag_decorator to None, run_after=None
[2022-10-01T00:25:42.052+0000] {processor.py:161} INFO - Processing /home/airflow/.local/lib/python3.7/site-packages/airflow/example_dags/example_dag_decorator.py took 0.075 seconds
[2022-10-01T00:26:12.476+0000] {processor.py:153} INFO - Started process (PID=36600) to work on /home/airflow/.local/lib/python3.7/site-packages/airflow/example_dags/example_dag_decorator.py
[2022-10-01T00:26:12.478+0000] {processor.py:640} INFO - Processing file /home/airflow/.local/lib/python3.7/site-packages/airflow/example_dags/example_dag_decorator.py for tasks to queue
[2022-10-01T00:26:12.480+0000] {logging_mixin.py:115} INFO - [2022-10-01T00:26:12.480+0000] {dagbag.py:508} INFO - Filling up the DagBag from /home/airflow/.local/lib/python3.7/site-packages/airflow/example_dags/example_dag_decorator.py
[2022-10-01T00:26:12.500+0000] {processor.py:650} INFO - DAG(s) dict_keys(['example_dag_decorator']) retrieved from /home/airflow/.local/lib/python3.7/site-packages/airflow/example_dags/example_dag_decorator.py
[2022-10-01T00:26:12.544+0000] {logging_mixin.py:115} INFO - [2022-10-01T00:26:12.544+0000] {dag.py:2429} INFO - Sync 1 DAGs
[2022-10-01T00:26:12.556+0000] {logging_mixin.py:115} INFO - [2022-10-01T00:26:12.556+0000] {dag.py:2981} INFO - Setting next_dagrun for example_dag_decorator to None, run_after=None
[2022-10-01T00:26:12.566+0000] {processor.py:161} INFO - Processing /home/airflow/.local/lib/python3.7/site-packages/airflow/example_dags/example_dag_decorator.py took 0.092 seconds
[2022-10-01T00:26:42.663+0000] {processor.py:153} INFO - Started process (PID=36657) to work on /home/airflow/.local/lib/python3.7/site-packages/airflow/example_dags/example_dag_decorator.py
[2022-10-01T00:26:42.668+0000] {processor.py:640} INFO - Processing file /home/airflow/.local/lib/python3.7/site-packages/airflow/example_dags/example_dag_decorator.py for tasks to queue
[2022-10-01T00:26:42.671+0000] {logging_mixin.py:115} INFO - [2022-10-01T00:26:42.671+0000] {dagbag.py:508} INFO - Filling up the DagBag from /home/airflow/.local/lib/python3.7/site-packages/airflow/example_dags/example_dag_decorator.py
[2022-10-01T00:26:42.696+0000] {processor.py:650} INFO - DAG(s) dict_keys(['example_dag_decorator']) retrieved from /home/airflow/.local/lib/python3.7/site-packages/airflow/example_dags/example_dag_decorator.py
[2022-10-01T00:26:42.742+0000] {logging_mixin.py:115} INFO - [2022-10-01T00:26:42.742+0000] {dag.py:2429} INFO - Sync 1 DAGs
[2022-10-01T00:26:42.754+0000] {logging_mixin.py:115} INFO - [2022-10-01T00:26:42.754+0000] {dag.py:2981} INFO - Setting next_dagrun for example_dag_decorator to None, run_after=None
[2022-10-01T00:26:42.765+0000] {processor.py:161} INFO - Processing /home/airflow/.local/lib/python3.7/site-packages/airflow/example_dags/example_dag_decorator.py took 0.108 seconds
[2022-10-01T00:27:13.086+0000] {processor.py:153} INFO - Started process (PID=36722) to work on /home/airflow/.local/lib/python3.7/site-packages/airflow/example_dags/example_dag_decorator.py
[2022-10-01T00:27:13.095+0000] {processor.py:640} INFO - Processing file /home/airflow/.local/lib/python3.7/site-packages/airflow/example_dags/example_dag_decorator.py for tasks to queue
[2022-10-01T00:27:13.097+0000] {logging_mixin.py:115} INFO - [2022-10-01T00:27:13.097+0000] {dagbag.py:508} INFO - Filling up the DagBag from /home/airflow/.local/lib/python3.7/site-packages/airflow/example_dags/example_dag_decorator.py
[2022-10-01T00:27:13.125+0000] {processor.py:650} INFO - DAG(s) dict_keys(['example_dag_decorator']) retrieved from /home/airflow/.local/lib/python3.7/site-packages/airflow/example_dags/example_dag_decorator.py
[2022-10-01T00:27:13.176+0000] {logging_mixin.py:115} INFO - [2022-10-01T00:27:13.175+0000] {dag.py:2429} INFO - Sync 1 DAGs
[2022-10-01T00:27:13.189+0000] {logging_mixin.py:115} INFO - [2022-10-01T00:27:13.189+0000] {dag.py:2981} INFO - Setting next_dagrun for example_dag_decorator to None, run_after=None
[2022-10-01T00:27:13.198+0000] {processor.py:161} INFO - Processing /home/airflow/.local/lib/python3.7/site-packages/airflow/example_dags/example_dag_decorator.py took 0.119 seconds
[2022-10-01T00:27:43.944+0000] {processor.py:153} INFO - Started process (PID=36788) to work on /home/airflow/.local/lib/python3.7/site-packages/airflow/example_dags/example_dag_decorator.py
[2022-10-01T00:27:43.947+0000] {processor.py:640} INFO - Processing file /home/airflow/.local/lib/python3.7/site-packages/airflow/example_dags/example_dag_decorator.py for tasks to queue
[2022-10-01T00:27:43.949+0000] {logging_mixin.py:115} INFO - [2022-10-01T00:27:43.949+0000] {dagbag.py:508} INFO - Filling up the DagBag from /home/airflow/.local/lib/python3.7/site-packages/airflow/example_dags/example_dag_decorator.py
[2022-10-01T00:27:43.970+0000] {processor.py:650} INFO - DAG(s) dict_keys(['example_dag_decorator']) retrieved from /home/airflow/.local/lib/python3.7/site-packages/airflow/example_dags/example_dag_decorator.py
[2022-10-01T00:27:44.017+0000] {logging_mixin.py:115} INFO - [2022-10-01T00:27:44.017+0000] {dag.py:2429} INFO - Sync 1 DAGs
[2022-10-01T00:27:44.031+0000] {logging_mixin.py:115} INFO - [2022-10-01T00:27:44.031+0000] {dag.py:2981} INFO - Setting next_dagrun for example_dag_decorator to None, run_after=None
[2022-10-01T00:27:44.042+0000] {processor.py:161} INFO - Processing /home/airflow/.local/lib/python3.7/site-packages/airflow/example_dags/example_dag_decorator.py took 0.100 seconds
[2022-10-01T00:28:14.438+0000] {processor.py:153} INFO - Started process (PID=36845) to work on /home/airflow/.local/lib/python3.7/site-packages/airflow/example_dags/example_dag_decorator.py
[2022-10-01T00:28:14.442+0000] {processor.py:640} INFO - Processing file /home/airflow/.local/lib/python3.7/site-packages/airflow/example_dags/example_dag_decorator.py for tasks to queue
[2022-10-01T00:28:14.444+0000] {logging_mixin.py:115} INFO - [2022-10-01T00:28:14.444+0000] {dagbag.py:508} INFO - Filling up the DagBag from /home/airflow/.local/lib/python3.7/site-packages/airflow/example_dags/example_dag_decorator.py
[2022-10-01T00:28:14.469+0000] {processor.py:650} INFO - DAG(s) dict_keys(['example_dag_decorator']) retrieved from /home/airflow/.local/lib/python3.7/site-packages/airflow/example_dags/example_dag_decorator.py
[2022-10-01T00:28:14.513+0000] {logging_mixin.py:115} INFO - [2022-10-01T00:28:14.513+0000] {dag.py:2429} INFO - Sync 1 DAGs
[2022-10-01T00:28:14.529+0000] {logging_mixin.py:115} INFO - [2022-10-01T00:28:14.529+0000] {dag.py:2981} INFO - Setting next_dagrun for example_dag_decorator to None, run_after=None
[2022-10-01T00:28:14.538+0000] {processor.py:161} INFO - Processing /home/airflow/.local/lib/python3.7/site-packages/airflow/example_dags/example_dag_decorator.py took 0.103 seconds
[2022-10-01T00:28:45.114+0000] {processor.py:153} INFO - Started process (PID=36911) to work on /home/airflow/.local/lib/python3.7/site-packages/airflow/example_dags/example_dag_decorator.py
[2022-10-01T00:28:45.116+0000] {processor.py:640} INFO - Processing file /home/airflow/.local/lib/python3.7/site-packages/airflow/example_dags/example_dag_decorator.py for tasks to queue
[2022-10-01T00:28:45.118+0000] {logging_mixin.py:115} INFO - [2022-10-01T00:28:45.118+0000] {dagbag.py:508} INFO - Filling up the DagBag from /home/airflow/.local/lib/python3.7/site-packages/airflow/example_dags/example_dag_decorator.py
[2022-10-01T00:28:45.141+0000] {processor.py:650} INFO - DAG(s) dict_keys(['example_dag_decorator']) retrieved from /home/airflow/.local/lib/python3.7/site-packages/airflow/example_dags/example_dag_decorator.py
[2022-10-01T00:28:45.184+0000] {logging_mixin.py:115} INFO - [2022-10-01T00:28:45.184+0000] {dag.py:2429} INFO - Sync 1 DAGs
[2022-10-01T00:28:45.198+0000] {logging_mixin.py:115} INFO - [2022-10-01T00:28:45.198+0000] {dag.py:2981} INFO - Setting next_dagrun for example_dag_decorator to None, run_after=None
[2022-10-01T00:28:45.207+0000] {processor.py:161} INFO - Processing /home/airflow/.local/lib/python3.7/site-packages/airflow/example_dags/example_dag_decorator.py took 0.100 seconds
[2022-10-01T00:29:15.686+0000] {processor.py:153} INFO - Started process (PID=36977) to work on /home/airflow/.local/lib/python3.7/site-packages/airflow/example_dags/example_dag_decorator.py
[2022-10-01T00:29:15.688+0000] {processor.py:640} INFO - Processing file /home/airflow/.local/lib/python3.7/site-packages/airflow/example_dags/example_dag_decorator.py for tasks to queue
[2022-10-01T00:29:15.690+0000] {logging_mixin.py:115} INFO - [2022-10-01T00:29:15.690+0000] {dagbag.py:508} INFO - Filling up the DagBag from /home/airflow/.local/lib/python3.7/site-packages/airflow/example_dags/example_dag_decorator.py
[2022-10-01T00:29:15.712+0000] {processor.py:650} INFO - DAG(s) dict_keys(['example_dag_decorator']) retrieved from /home/airflow/.local/lib/python3.7/site-packages/airflow/example_dags/example_dag_decorator.py
[2022-10-01T00:29:15.752+0000] {logging_mixin.py:115} INFO - [2022-10-01T00:29:15.752+0000] {dag.py:2429} INFO - Sync 1 DAGs
[2022-10-01T00:29:15.764+0000] {logging_mixin.py:115} INFO - [2022-10-01T00:29:15.764+0000] {dag.py:2981} INFO - Setting next_dagrun for example_dag_decorator to None, run_after=None
[2022-10-01T00:29:15.773+0000] {processor.py:161} INFO - Processing /home/airflow/.local/lib/python3.7/site-packages/airflow/example_dags/example_dag_decorator.py took 0.093 seconds
[2022-10-01T00:29:46.447+0000] {processor.py:153} INFO - Started process (PID=37042) to work on /home/airflow/.local/lib/python3.7/site-packages/airflow/example_dags/example_dag_decorator.py
[2022-10-01T00:29:46.448+0000] {processor.py:640} INFO - Processing file /home/airflow/.local/lib/python3.7/site-packages/airflow/example_dags/example_dag_decorator.py for tasks to queue
[2022-10-01T00:29:46.450+0000] {logging_mixin.py:115} INFO - [2022-10-01T00:29:46.450+0000] {dagbag.py:508} INFO - Filling up the DagBag from /home/airflow/.local/lib/python3.7/site-packages/airflow/example_dags/example_dag_decorator.py
[2022-10-01T00:29:46.485+0000] {processor.py:650} INFO - DAG(s) dict_keys(['example_dag_decorator']) retrieved from /home/airflow/.local/lib/python3.7/site-packages/airflow/example_dags/example_dag_decorator.py
[2022-10-01T00:29:46.508+0000] {logging_mixin.py:115} INFO - [2022-10-01T00:29:46.508+0000] {dag.py:2429} INFO - Sync 1 DAGs
[2022-10-01T00:29:46.526+0000] {logging_mixin.py:115} INFO - [2022-10-01T00:29:46.526+0000] {dag.py:2981} INFO - Setting next_dagrun for example_dag_decorator to None, run_after=None
[2022-10-01T00:29:46.536+0000] {processor.py:161} INFO - Processing /home/airflow/.local/lib/python3.7/site-packages/airflow/example_dags/example_dag_decorator.py took 0.092 seconds
[2022-10-01T00:30:16.911+0000] {processor.py:153} INFO - Started process (PID=37099) to work on /home/airflow/.local/lib/python3.7/site-packages/airflow/example_dags/example_dag_decorator.py
[2022-10-01T00:30:16.914+0000] {processor.py:640} INFO - Processing file /home/airflow/.local/lib/python3.7/site-packages/airflow/example_dags/example_dag_decorator.py for tasks to queue
[2022-10-01T00:30:16.916+0000] {logging_mixin.py:115} INFO - [2022-10-01T00:30:16.916+0000] {dagbag.py:508} INFO - Filling up the DagBag from /home/airflow/.local/lib/python3.7/site-packages/airflow/example_dags/example_dag_decorator.py
[2022-10-01T00:30:16.941+0000] {processor.py:650} INFO - DAG(s) dict_keys(['example_dag_decorator']) retrieved from /home/airflow/.local/lib/python3.7/site-packages/airflow/example_dags/example_dag_decorator.py
[2022-10-01T00:30:16.962+0000] {logging_mixin.py:115} INFO - [2022-10-01T00:30:16.962+0000] {dag.py:2429} INFO - Sync 1 DAGs
[2022-10-01T00:30:16.975+0000] {logging_mixin.py:115} INFO - [2022-10-01T00:30:16.974+0000] {dag.py:2981} INFO - Setting next_dagrun for example_dag_decorator to None, run_after=None
[2022-10-01T00:30:16.983+0000] {processor.py:161} INFO - Processing /home/airflow/.local/lib/python3.7/site-packages/airflow/example_dags/example_dag_decorator.py took 0.079 seconds
[2022-10-01T00:30:47.261+0000] {processor.py:153} INFO - Started process (PID=37165) to work on /home/airflow/.local/lib/python3.7/site-packages/airflow/example_dags/example_dag_decorator.py
[2022-10-01T00:30:47.265+0000] {processor.py:640} INFO - Processing file /home/airflow/.local/lib/python3.7/site-packages/airflow/example_dags/example_dag_decorator.py for tasks to queue
[2022-10-01T00:30:47.266+0000] {logging_mixin.py:115} INFO - [2022-10-01T00:30:47.266+0000] {dagbag.py:508} INFO - Filling up the DagBag from /home/airflow/.local/lib/python3.7/site-packages/airflow/example_dags/example_dag_decorator.py
[2022-10-01T00:30:47.291+0000] {processor.py:650} INFO - DAG(s) dict_keys(['example_dag_decorator']) retrieved from /home/airflow/.local/lib/python3.7/site-packages/airflow/example_dags/example_dag_decorator.py
[2022-10-01T00:30:47.343+0000] {logging_mixin.py:115} INFO - [2022-10-01T00:30:47.343+0000] {dag.py:2429} INFO - Sync 1 DAGs
[2022-10-01T00:30:47.356+0000] {logging_mixin.py:115} INFO - [2022-10-01T00:30:47.356+0000] {dag.py:2981} INFO - Setting next_dagrun for example_dag_decorator to None, run_after=None
[2022-10-01T00:30:47.367+0000] {processor.py:161} INFO - Processing /home/airflow/.local/lib/python3.7/site-packages/airflow/example_dags/example_dag_decorator.py took 0.109 seconds
[2022-10-01T00:31:17.770+0000] {processor.py:153} INFO - Started process (PID=37231) to work on /home/airflow/.local/lib/python3.7/site-packages/airflow/example_dags/example_dag_decorator.py
[2022-10-01T00:31:17.771+0000] {processor.py:640} INFO - Processing file /home/airflow/.local/lib/python3.7/site-packages/airflow/example_dags/example_dag_decorator.py for tasks to queue
[2022-10-01T00:31:17.774+0000] {logging_mixin.py:115} INFO - [2022-10-01T00:31:17.773+0000] {dagbag.py:508} INFO - Filling up the DagBag from /home/airflow/.local/lib/python3.7/site-packages/airflow/example_dags/example_dag_decorator.py
[2022-10-01T00:31:17.791+0000] {processor.py:650} INFO - DAG(s) dict_keys(['example_dag_decorator']) retrieved from /home/airflow/.local/lib/python3.7/site-packages/airflow/example_dags/example_dag_decorator.py
[2022-10-01T00:31:17.834+0000] {logging_mixin.py:115} INFO - [2022-10-01T00:31:17.834+0000] {dag.py:2429} INFO - Sync 1 DAGs
[2022-10-01T00:31:17.853+0000] {logging_mixin.py:115} INFO - [2022-10-01T00:31:17.853+0000] {dag.py:2981} INFO - Setting next_dagrun for example_dag_decorator to None, run_after=None
[2022-10-01T00:31:17.881+0000] {processor.py:161} INFO - Processing /home/airflow/.local/lib/python3.7/site-packages/airflow/example_dags/example_dag_decorator.py took 0.114 seconds
[2022-10-01T00:31:48.401+0000] {processor.py:153} INFO - Started process (PID=37288) to work on /home/airflow/.local/lib/python3.7/site-packages/airflow/example_dags/example_dag_decorator.py
[2022-10-01T00:31:48.405+0000] {processor.py:640} INFO - Processing file /home/airflow/.local/lib/python3.7/site-packages/airflow/example_dags/example_dag_decorator.py for tasks to queue
[2022-10-01T00:31:48.406+0000] {logging_mixin.py:115} INFO - [2022-10-01T00:31:48.406+0000] {dagbag.py:508} INFO - Filling up the DagBag from /home/airflow/.local/lib/python3.7/site-packages/airflow/example_dags/example_dag_decorator.py
[2022-10-01T00:31:48.427+0000] {processor.py:650} INFO - DAG(s) dict_keys(['example_dag_decorator']) retrieved from /home/airflow/.local/lib/python3.7/site-packages/airflow/example_dags/example_dag_decorator.py
[2022-10-01T00:31:48.470+0000] {logging_mixin.py:115} INFO - [2022-10-01T00:31:48.469+0000] {dag.py:2429} INFO - Sync 1 DAGs
[2022-10-01T00:31:48.484+0000] {logging_mixin.py:115} INFO - [2022-10-01T00:31:48.484+0000] {dag.py:2981} INFO - Setting next_dagrun for example_dag_decorator to None, run_after=None
[2022-10-01T00:31:48.494+0000] {processor.py:161} INFO - Processing /home/airflow/.local/lib/python3.7/site-packages/airflow/example_dags/example_dag_decorator.py took 0.100 seconds
[2022-10-01T00:32:18.790+0000] {processor.py:153} INFO - Started process (PID=37354) to work on /home/airflow/.local/lib/python3.7/site-packages/airflow/example_dags/example_dag_decorator.py
[2022-10-01T00:32:18.793+0000] {processor.py:640} INFO - Processing file /home/airflow/.local/lib/python3.7/site-packages/airflow/example_dags/example_dag_decorator.py for tasks to queue
[2022-10-01T00:32:18.795+0000] {logging_mixin.py:115} INFO - [2022-10-01T00:32:18.795+0000] {dagbag.py:508} INFO - Filling up the DagBag from /home/airflow/.local/lib/python3.7/site-packages/airflow/example_dags/example_dag_decorator.py
[2022-10-01T00:32:18.816+0000] {processor.py:650} INFO - DAG(s) dict_keys(['example_dag_decorator']) retrieved from /home/airflow/.local/lib/python3.7/site-packages/airflow/example_dags/example_dag_decorator.py
[2022-10-01T00:32:18.861+0000] {logging_mixin.py:115} INFO - [2022-10-01T00:32:18.861+0000] {dag.py:2429} INFO - Sync 1 DAGs
[2022-10-01T00:32:18.873+0000] {logging_mixin.py:115} INFO - [2022-10-01T00:32:18.873+0000] {dag.py:2981} INFO - Setting next_dagrun for example_dag_decorator to None, run_after=None
[2022-10-01T00:32:18.882+0000] {processor.py:161} INFO - Processing /home/airflow/.local/lib/python3.7/site-packages/airflow/example_dags/example_dag_decorator.py took 0.099 seconds
[2022-10-01T00:32:48.966+0000] {processor.py:153} INFO - Started process (PID=37419) to work on /home/airflow/.local/lib/python3.7/site-packages/airflow/example_dags/example_dag_decorator.py
[2022-10-01T00:32:48.974+0000] {processor.py:640} INFO - Processing file /home/airflow/.local/lib/python3.7/site-packages/airflow/example_dags/example_dag_decorator.py for tasks to queue
[2022-10-01T00:32:48.980+0000] {logging_mixin.py:115} INFO - [2022-10-01T00:32:48.980+0000] {dagbag.py:508} INFO - Filling up the DagBag from /home/airflow/.local/lib/python3.7/site-packages/airflow/example_dags/example_dag_decorator.py
[2022-10-01T00:32:49.016+0000] {processor.py:650} INFO - DAG(s) dict_keys(['example_dag_decorator']) retrieved from /home/airflow/.local/lib/python3.7/site-packages/airflow/example_dags/example_dag_decorator.py
[2022-10-01T00:32:49.105+0000] {logging_mixin.py:115} INFO - [2022-10-01T00:32:49.105+0000] {dag.py:2429} INFO - Sync 1 DAGs
[2022-10-01T00:32:49.130+0000] {logging_mixin.py:115} INFO - [2022-10-01T00:32:49.130+0000] {dag.py:2981} INFO - Setting next_dagrun for example_dag_decorator to None, run_after=None
[2022-10-01T00:32:49.162+0000] {processor.py:161} INFO - Processing /home/airflow/.local/lib/python3.7/site-packages/airflow/example_dags/example_dag_decorator.py took 0.200 seconds
[2022-10-01T00:33:19.559+0000] {processor.py:153} INFO - Started process (PID=37476) to work on /home/airflow/.local/lib/python3.7/site-packages/airflow/example_dags/example_dag_decorator.py
[2022-10-01T00:33:19.569+0000] {processor.py:640} INFO - Processing file /home/airflow/.local/lib/python3.7/site-packages/airflow/example_dags/example_dag_decorator.py for tasks to queue
[2022-10-01T00:33:19.572+0000] {logging_mixin.py:115} INFO - [2022-10-01T00:33:19.572+0000] {dagbag.py:508} INFO - Filling up the DagBag from /home/airflow/.local/lib/python3.7/site-packages/airflow/example_dags/example_dag_decorator.py
[2022-10-01T00:33:19.605+0000] {processor.py:650} INFO - DAG(s) dict_keys(['example_dag_decorator']) retrieved from /home/airflow/.local/lib/python3.7/site-packages/airflow/example_dags/example_dag_decorator.py
[2022-10-01T00:33:19.672+0000] {logging_mixin.py:115} INFO - [2022-10-01T00:33:19.672+0000] {dag.py:2429} INFO - Sync 1 DAGs
[2022-10-01T00:33:19.691+0000] {logging_mixin.py:115} INFO - [2022-10-01T00:33:19.691+0000] {dag.py:2981} INFO - Setting next_dagrun for example_dag_decorator to None, run_after=None
[2022-10-01T00:33:19.704+0000] {processor.py:161} INFO - Processing /home/airflow/.local/lib/python3.7/site-packages/airflow/example_dags/example_dag_decorator.py took 0.148 seconds
[2022-10-01T00:33:49.982+0000] {processor.py:153} INFO - Started process (PID=37540) to work on /home/airflow/.local/lib/python3.7/site-packages/airflow/example_dags/example_dag_decorator.py
[2022-10-01T00:33:49.984+0000] {processor.py:640} INFO - Processing file /home/airflow/.local/lib/python3.7/site-packages/airflow/example_dags/example_dag_decorator.py for tasks to queue
[2022-10-01T00:33:49.985+0000] {logging_mixin.py:115} INFO - [2022-10-01T00:33:49.985+0000] {dagbag.py:508} INFO - Filling up the DagBag from /home/airflow/.local/lib/python3.7/site-packages/airflow/example_dags/example_dag_decorator.py
[2022-10-01T00:33:50.001+0000] {processor.py:650} INFO - DAG(s) dict_keys(['example_dag_decorator']) retrieved from /home/airflow/.local/lib/python3.7/site-packages/airflow/example_dags/example_dag_decorator.py
[2022-10-01T00:33:50.041+0000] {logging_mixin.py:115} INFO - [2022-10-01T00:33:50.041+0000] {dag.py:2429} INFO - Sync 1 DAGs
[2022-10-01T00:33:50.056+0000] {logging_mixin.py:115} INFO - [2022-10-01T00:33:50.056+0000] {dag.py:2981} INFO - Setting next_dagrun for example_dag_decorator to None, run_after=None
[2022-10-01T00:33:50.088+0000] {processor.py:161} INFO - Processing /home/airflow/.local/lib/python3.7/site-packages/airflow/example_dags/example_dag_decorator.py took 0.108 seconds
[2022-10-01T00:34:20.611+0000] {processor.py:153} INFO - Started process (PID=37598) to work on /home/airflow/.local/lib/python3.7/site-packages/airflow/example_dags/example_dag_decorator.py
[2022-10-01T00:34:20.613+0000] {processor.py:640} INFO - Processing file /home/airflow/.local/lib/python3.7/site-packages/airflow/example_dags/example_dag_decorator.py for tasks to queue
[2022-10-01T00:34:20.615+0000] {logging_mixin.py:115} INFO - [2022-10-01T00:34:20.615+0000] {dagbag.py:508} INFO - Filling up the DagBag from /home/airflow/.local/lib/python3.7/site-packages/airflow/example_dags/example_dag_decorator.py
[2022-10-01T00:34:20.632+0000] {processor.py:650} INFO - DAG(s) dict_keys(['example_dag_decorator']) retrieved from /home/airflow/.local/lib/python3.7/site-packages/airflow/example_dags/example_dag_decorator.py
[2022-10-01T00:34:20.651+0000] {logging_mixin.py:115} INFO - [2022-10-01T00:34:20.651+0000] {dag.py:2429} INFO - Sync 1 DAGs
[2022-10-01T00:34:20.664+0000] {logging_mixin.py:115} INFO - [2022-10-01T00:34:20.664+0000] {dag.py:2981} INFO - Setting next_dagrun for example_dag_decorator to None, run_after=None
[2022-10-01T00:34:20.671+0000] {processor.py:161} INFO - Processing /home/airflow/.local/lib/python3.7/site-packages/airflow/example_dags/example_dag_decorator.py took 0.064 seconds
[2022-10-01T00:34:51.325+0000] {processor.py:153} INFO - Started process (PID=37664) to work on /home/airflow/.local/lib/python3.7/site-packages/airflow/example_dags/example_dag_decorator.py
[2022-10-01T00:34:51.327+0000] {processor.py:640} INFO - Processing file /home/airflow/.local/lib/python3.7/site-packages/airflow/example_dags/example_dag_decorator.py for tasks to queue
[2022-10-01T00:34:51.329+0000] {logging_mixin.py:115} INFO - [2022-10-01T00:34:51.329+0000] {dagbag.py:508} INFO - Filling up the DagBag from /home/airflow/.local/lib/python3.7/site-packages/airflow/example_dags/example_dag_decorator.py
[2022-10-01T00:34:51.346+0000] {processor.py:650} INFO - DAG(s) dict_keys(['example_dag_decorator']) retrieved from /home/airflow/.local/lib/python3.7/site-packages/airflow/example_dags/example_dag_decorator.py
[2022-10-01T00:34:51.405+0000] {logging_mixin.py:115} INFO - [2022-10-01T00:34:51.405+0000] {dag.py:2429} INFO - Sync 1 DAGs
[2022-10-01T00:34:51.418+0000] {logging_mixin.py:115} INFO - [2022-10-01T00:34:51.418+0000] {dag.py:2981} INFO - Setting next_dagrun for example_dag_decorator to None, run_after=None
[2022-10-01T00:34:51.431+0000] {processor.py:161} INFO - Processing /home/airflow/.local/lib/python3.7/site-packages/airflow/example_dags/example_dag_decorator.py took 0.109 seconds
[2022-10-01T00:35:22.284+0000] {processor.py:153} INFO - Started process (PID=37731) to work on /home/airflow/.local/lib/python3.7/site-packages/airflow/example_dags/example_dag_decorator.py
[2022-10-01T00:35:22.286+0000] {processor.py:640} INFO - Processing file /home/airflow/.local/lib/python3.7/site-packages/airflow/example_dags/example_dag_decorator.py for tasks to queue
[2022-10-01T00:35:22.287+0000] {logging_mixin.py:115} INFO - [2022-10-01T00:35:22.287+0000] {dagbag.py:508} INFO - Filling up the DagBag from /home/airflow/.local/lib/python3.7/site-packages/airflow/example_dags/example_dag_decorator.py
[2022-10-01T00:35:22.308+0000] {processor.py:650} INFO - DAG(s) dict_keys(['example_dag_decorator']) retrieved from /home/airflow/.local/lib/python3.7/site-packages/airflow/example_dags/example_dag_decorator.py
[2022-10-01T00:35:22.364+0000] {logging_mixin.py:115} INFO - [2022-10-01T00:35:22.364+0000] {dag.py:2429} INFO - Sync 1 DAGs
[2022-10-01T00:35:22.382+0000] {logging_mixin.py:115} INFO - [2022-10-01T00:35:22.382+0000] {dag.py:2981} INFO - Setting next_dagrun for example_dag_decorator to None, run_after=None
[2022-10-01T00:35:22.395+0000] {processor.py:161} INFO - Processing /home/airflow/.local/lib/python3.7/site-packages/airflow/example_dags/example_dag_decorator.py took 0.114 seconds
[2022-10-01T00:35:53.202+0000] {processor.py:153} INFO - Started process (PID=37788) to work on /home/airflow/.local/lib/python3.7/site-packages/airflow/example_dags/example_dag_decorator.py
[2022-10-01T00:35:53.204+0000] {processor.py:640} INFO - Processing file /home/airflow/.local/lib/python3.7/site-packages/airflow/example_dags/example_dag_decorator.py for tasks to queue
[2022-10-01T00:35:53.205+0000] {logging_mixin.py:115} INFO - [2022-10-01T00:35:53.205+0000] {dagbag.py:508} INFO - Filling up the DagBag from /home/airflow/.local/lib/python3.7/site-packages/airflow/example_dags/example_dag_decorator.py
[2022-10-01T00:35:53.228+0000] {processor.py:650} INFO - DAG(s) dict_keys(['example_dag_decorator']) retrieved from /home/airflow/.local/lib/python3.7/site-packages/airflow/example_dags/example_dag_decorator.py
[2022-10-01T00:35:53.268+0000] {logging_mixin.py:115} INFO - [2022-10-01T00:35:53.268+0000] {dag.py:2429} INFO - Sync 1 DAGs
[2022-10-01T00:35:53.280+0000] {logging_mixin.py:115} INFO - [2022-10-01T00:35:53.280+0000] {dag.py:2981} INFO - Setting next_dagrun for example_dag_decorator to None, run_after=None
[2022-10-01T00:35:53.288+0000] {processor.py:161} INFO - Processing /home/airflow/.local/lib/python3.7/site-packages/airflow/example_dags/example_dag_decorator.py took 0.089 seconds
