[2022-10-01T00:00:22.832+0000] {processor.py:153} INFO - Started process (PID=33918) to work on /home/airflow/.local/lib/python3.7/site-packages/airflow/example_dags/example_branch_day_of_week_operator.py
[2022-10-01T00:00:22.834+0000] {processor.py:640} INFO - Processing file /home/airflow/.local/lib/python3.7/site-packages/airflow/example_dags/example_branch_day_of_week_operator.py for tasks to queue
[2022-10-01T00:00:22.835+0000] {logging_mixin.py:115} INFO - [2022-10-01T00:00:22.835+0000] {dagbag.py:508} INFO - Filling up the DagBag from /home/airflow/.local/lib/python3.7/site-packages/airflow/example_dags/example_branch_day_of_week_operator.py
[2022-10-01T00:00:22.841+0000] {processor.py:650} INFO - DAG(s) dict_keys(['example_weekday_branch_operator']) retrieved from /home/airflow/.local/lib/python3.7/site-packages/airflow/example_dags/example_branch_day_of_week_operator.py
[2022-10-01T00:00:22.859+0000] {logging_mixin.py:115} INFO - [2022-10-01T00:00:22.859+0000] {dag.py:2429} INFO - Sync 1 DAGs
[2022-10-01T00:00:22.878+0000] {logging_mixin.py:115} INFO - [2022-10-01T00:00:22.878+0000] {dag.py:2981} INFO - Setting next_dagrun for example_weekday_branch_operator to 2022-09-30T00:00:00+00:00, run_after=2022-10-01T00:00:00+00:00
[2022-10-01T00:00:22.886+0000] {processor.py:161} INFO - Processing /home/airflow/.local/lib/python3.7/site-packages/airflow/example_dags/example_branch_day_of_week_operator.py took 0.056 seconds
[2022-10-01T00:00:53.403+0000] {processor.py:153} INFO - Started process (PID=33985) to work on /home/airflow/.local/lib/python3.7/site-packages/airflow/example_dags/example_branch_day_of_week_operator.py
[2022-10-01T00:00:53.406+0000] {processor.py:640} INFO - Processing file /home/airflow/.local/lib/python3.7/site-packages/airflow/example_dags/example_branch_day_of_week_operator.py for tasks to queue
[2022-10-01T00:00:53.407+0000] {logging_mixin.py:115} INFO - [2022-10-01T00:00:53.407+0000] {dagbag.py:508} INFO - Filling up the DagBag from /home/airflow/.local/lib/python3.7/site-packages/airflow/example_dags/example_branch_day_of_week_operator.py
[2022-10-01T00:00:53.414+0000] {processor.py:650} INFO - DAG(s) dict_keys(['example_weekday_branch_operator']) retrieved from /home/airflow/.local/lib/python3.7/site-packages/airflow/example_dags/example_branch_day_of_week_operator.py
[2022-10-01T00:00:53.434+0000] {logging_mixin.py:115} INFO - [2022-10-01T00:00:53.433+0000] {dag.py:2429} INFO - Sync 1 DAGs
[2022-10-01T00:00:53.452+0000] {logging_mixin.py:115} INFO - [2022-10-01T00:00:53.452+0000] {dag.py:2981} INFO - Setting next_dagrun for example_weekday_branch_operator to 2022-09-30T00:00:00+00:00, run_after=2022-10-01T00:00:00+00:00
[2022-10-01T00:00:53.459+0000] {processor.py:161} INFO - Processing /home/airflow/.local/lib/python3.7/site-packages/airflow/example_dags/example_branch_day_of_week_operator.py took 0.059 seconds
[2022-10-01T00:01:24.005+0000] {processor.py:153} INFO - Started process (PID=34051) to work on /home/airflow/.local/lib/python3.7/site-packages/airflow/example_dags/example_branch_day_of_week_operator.py
[2022-10-01T00:01:24.007+0000] {processor.py:640} INFO - Processing file /home/airflow/.local/lib/python3.7/site-packages/airflow/example_dags/example_branch_day_of_week_operator.py for tasks to queue
[2022-10-01T00:01:24.008+0000] {logging_mixin.py:115} INFO - [2022-10-01T00:01:24.008+0000] {dagbag.py:508} INFO - Filling up the DagBag from /home/airflow/.local/lib/python3.7/site-packages/airflow/example_dags/example_branch_day_of_week_operator.py
[2022-10-01T00:01:24.015+0000] {processor.py:650} INFO - DAG(s) dict_keys(['example_weekday_branch_operator']) retrieved from /home/airflow/.local/lib/python3.7/site-packages/airflow/example_dags/example_branch_day_of_week_operator.py
[2022-10-01T00:01:24.037+0000] {logging_mixin.py:115} INFO - [2022-10-01T00:01:24.037+0000] {dag.py:2429} INFO - Sync 1 DAGs
[2022-10-01T00:01:24.052+0000] {logging_mixin.py:115} INFO - [2022-10-01T00:01:24.052+0000] {dag.py:2981} INFO - Setting next_dagrun for example_weekday_branch_operator to 2022-09-30T00:00:00+00:00, run_after=2022-10-01T00:00:00+00:00
[2022-10-01T00:01:24.062+0000] {processor.py:161} INFO - Processing /home/airflow/.local/lib/python3.7/site-packages/airflow/example_dags/example_branch_day_of_week_operator.py took 0.063 seconds
[2022-10-01T00:01:54.401+0000] {processor.py:153} INFO - Started process (PID=34108) to work on /home/airflow/.local/lib/python3.7/site-packages/airflow/example_dags/example_branch_day_of_week_operator.py
[2022-10-01T00:01:54.403+0000] {processor.py:640} INFO - Processing file /home/airflow/.local/lib/python3.7/site-packages/airflow/example_dags/example_branch_day_of_week_operator.py for tasks to queue
[2022-10-01T00:01:54.404+0000] {logging_mixin.py:115} INFO - [2022-10-01T00:01:54.404+0000] {dagbag.py:508} INFO - Filling up the DagBag from /home/airflow/.local/lib/python3.7/site-packages/airflow/example_dags/example_branch_day_of_week_operator.py
[2022-10-01T00:01:54.413+0000] {processor.py:650} INFO - DAG(s) dict_keys(['example_weekday_branch_operator']) retrieved from /home/airflow/.local/lib/python3.7/site-packages/airflow/example_dags/example_branch_day_of_week_operator.py
[2022-10-01T00:01:54.434+0000] {logging_mixin.py:115} INFO - [2022-10-01T00:01:54.434+0000] {dag.py:2429} INFO - Sync 1 DAGs
[2022-10-01T00:01:54.450+0000] {logging_mixin.py:115} INFO - [2022-10-01T00:01:54.450+0000] {dag.py:2981} INFO - Setting next_dagrun for example_weekday_branch_operator to 2022-09-30T00:00:00+00:00, run_after=2022-10-01T00:00:00+00:00
[2022-10-01T00:01:54.460+0000] {processor.py:161} INFO - Processing /home/airflow/.local/lib/python3.7/site-packages/airflow/example_dags/example_branch_day_of_week_operator.py took 0.062 seconds
[2022-10-01T00:02:24.753+0000] {processor.py:153} INFO - Started process (PID=34174) to work on /home/airflow/.local/lib/python3.7/site-packages/airflow/example_dags/example_branch_day_of_week_operator.py
[2022-10-01T00:02:24.759+0000] {processor.py:640} INFO - Processing file /home/airflow/.local/lib/python3.7/site-packages/airflow/example_dags/example_branch_day_of_week_operator.py for tasks to queue
[2022-10-01T00:02:24.762+0000] {logging_mixin.py:115} INFO - [2022-10-01T00:02:24.762+0000] {dagbag.py:508} INFO - Filling up the DagBag from /home/airflow/.local/lib/python3.7/site-packages/airflow/example_dags/example_branch_day_of_week_operator.py
[2022-10-01T00:02:24.774+0000] {processor.py:650} INFO - DAG(s) dict_keys(['example_weekday_branch_operator']) retrieved from /home/airflow/.local/lib/python3.7/site-packages/airflow/example_dags/example_branch_day_of_week_operator.py
[2022-10-01T00:02:24.794+0000] {logging_mixin.py:115} INFO - [2022-10-01T00:02:24.794+0000] {dag.py:2429} INFO - Sync 1 DAGs
[2022-10-01T00:02:24.811+0000] {logging_mixin.py:115} INFO - [2022-10-01T00:02:24.811+0000] {dag.py:2981} INFO - Setting next_dagrun for example_weekday_branch_operator to 2022-09-30T00:00:00+00:00, run_after=2022-10-01T00:00:00+00:00
[2022-10-01T00:02:24.823+0000] {processor.py:161} INFO - Processing /home/airflow/.local/lib/python3.7/site-packages/airflow/example_dags/example_branch_day_of_week_operator.py took 0.072 seconds
[2022-10-01T00:02:55.229+0000] {processor.py:153} INFO - Started process (PID=34240) to work on /home/airflow/.local/lib/python3.7/site-packages/airflow/example_dags/example_branch_day_of_week_operator.py
[2022-10-01T00:02:55.231+0000] {processor.py:640} INFO - Processing file /home/airflow/.local/lib/python3.7/site-packages/airflow/example_dags/example_branch_day_of_week_operator.py for tasks to queue
[2022-10-01T00:02:55.233+0000] {logging_mixin.py:115} INFO - [2022-10-01T00:02:55.232+0000] {dagbag.py:508} INFO - Filling up the DagBag from /home/airflow/.local/lib/python3.7/site-packages/airflow/example_dags/example_branch_day_of_week_operator.py
[2022-10-01T00:02:55.240+0000] {processor.py:650} INFO - DAG(s) dict_keys(['example_weekday_branch_operator']) retrieved from /home/airflow/.local/lib/python3.7/site-packages/airflow/example_dags/example_branch_day_of_week_operator.py
[2022-10-01T00:02:55.291+0000] {logging_mixin.py:115} INFO - [2022-10-01T00:02:55.291+0000] {dag.py:2429} INFO - Sync 1 DAGs
[2022-10-01T00:02:55.313+0000] {logging_mixin.py:115} INFO - [2022-10-01T00:02:55.313+0000] {dag.py:2981} INFO - Setting next_dagrun for example_weekday_branch_operator to 2022-09-30T00:00:00+00:00, run_after=2022-10-01T00:00:00+00:00
[2022-10-01T00:02:55.321+0000] {processor.py:161} INFO - Processing /home/airflow/.local/lib/python3.7/site-packages/airflow/example_dags/example_branch_day_of_week_operator.py took 0.095 seconds
[2022-10-01T00:03:25.480+0000] {processor.py:153} INFO - Started process (PID=34307) to work on /home/airflow/.local/lib/python3.7/site-packages/airflow/example_dags/example_branch_day_of_week_operator.py
[2022-10-01T00:03:25.482+0000] {processor.py:640} INFO - Processing file /home/airflow/.local/lib/python3.7/site-packages/airflow/example_dags/example_branch_day_of_week_operator.py for tasks to queue
[2022-10-01T00:03:25.483+0000] {logging_mixin.py:115} INFO - [2022-10-01T00:03:25.483+0000] {dagbag.py:508} INFO - Filling up the DagBag from /home/airflow/.local/lib/python3.7/site-packages/airflow/example_dags/example_branch_day_of_week_operator.py
[2022-10-01T00:03:25.490+0000] {processor.py:650} INFO - DAG(s) dict_keys(['example_weekday_branch_operator']) retrieved from /home/airflow/.local/lib/python3.7/site-packages/airflow/example_dags/example_branch_day_of_week_operator.py
[2022-10-01T00:03:25.508+0000] {logging_mixin.py:115} INFO - [2022-10-01T00:03:25.507+0000] {dag.py:2429} INFO - Sync 1 DAGs
[2022-10-01T00:03:25.523+0000] {logging_mixin.py:115} INFO - [2022-10-01T00:03:25.523+0000] {dag.py:2981} INFO - Setting next_dagrun for example_weekday_branch_operator to 2022-09-30T00:00:00+00:00, run_after=2022-10-01T00:00:00+00:00
[2022-10-01T00:03:25.532+0000] {processor.py:161} INFO - Processing /home/airflow/.local/lib/python3.7/site-packages/airflow/example_dags/example_branch_day_of_week_operator.py took 0.054 seconds
[2022-10-01T00:03:55.868+0000] {processor.py:153} INFO - Started process (PID=34364) to work on /home/airflow/.local/lib/python3.7/site-packages/airflow/example_dags/example_branch_day_of_week_operator.py
[2022-10-01T00:03:55.870+0000] {processor.py:640} INFO - Processing file /home/airflow/.local/lib/python3.7/site-packages/airflow/example_dags/example_branch_day_of_week_operator.py for tasks to queue
[2022-10-01T00:03:55.871+0000] {logging_mixin.py:115} INFO - [2022-10-01T00:03:55.871+0000] {dagbag.py:508} INFO - Filling up the DagBag from /home/airflow/.local/lib/python3.7/site-packages/airflow/example_dags/example_branch_day_of_week_operator.py
[2022-10-01T00:03:55.878+0000] {processor.py:650} INFO - DAG(s) dict_keys(['example_weekday_branch_operator']) retrieved from /home/airflow/.local/lib/python3.7/site-packages/airflow/example_dags/example_branch_day_of_week_operator.py
[2022-10-01T00:03:55.895+0000] {logging_mixin.py:115} INFO - [2022-10-01T00:03:55.894+0000] {dag.py:2429} INFO - Sync 1 DAGs
[2022-10-01T00:03:55.907+0000] {logging_mixin.py:115} INFO - [2022-10-01T00:03:55.907+0000] {dag.py:2981} INFO - Setting next_dagrun for example_weekday_branch_operator to 2022-09-30T00:00:00+00:00, run_after=2022-10-01T00:00:00+00:00
[2022-10-01T00:03:55.915+0000] {processor.py:161} INFO - Processing /home/airflow/.local/lib/python3.7/site-packages/airflow/example_dags/example_branch_day_of_week_operator.py took 0.049 seconds
[2022-10-01T00:04:26.277+0000] {processor.py:153} INFO - Started process (PID=34430) to work on /home/airflow/.local/lib/python3.7/site-packages/airflow/example_dags/example_branch_day_of_week_operator.py
[2022-10-01T00:04:26.279+0000] {processor.py:640} INFO - Processing file /home/airflow/.local/lib/python3.7/site-packages/airflow/example_dags/example_branch_day_of_week_operator.py for tasks to queue
[2022-10-01T00:04:26.280+0000] {logging_mixin.py:115} INFO - [2022-10-01T00:04:26.280+0000] {dagbag.py:508} INFO - Filling up the DagBag from /home/airflow/.local/lib/python3.7/site-packages/airflow/example_dags/example_branch_day_of_week_operator.py
[2022-10-01T00:04:26.290+0000] {processor.py:650} INFO - DAG(s) dict_keys(['example_weekday_branch_operator']) retrieved from /home/airflow/.local/lib/python3.7/site-packages/airflow/example_dags/example_branch_day_of_week_operator.py
[2022-10-01T00:04:26.317+0000] {logging_mixin.py:115} INFO - [2022-10-01T00:04:26.317+0000] {dag.py:2429} INFO - Sync 1 DAGs
[2022-10-01T00:04:26.336+0000] {logging_mixin.py:115} INFO - [2022-10-01T00:04:26.336+0000] {dag.py:2981} INFO - Setting next_dagrun for example_weekday_branch_operator to 2022-09-30T00:00:00+00:00, run_after=2022-10-01T00:00:00+00:00
[2022-10-01T00:04:26.348+0000] {processor.py:161} INFO - Processing /home/airflow/.local/lib/python3.7/site-packages/airflow/example_dags/example_branch_day_of_week_operator.py took 0.074 seconds
[2022-10-01T00:04:56.678+0000] {processor.py:153} INFO - Started process (PID=34496) to work on /home/airflow/.local/lib/python3.7/site-packages/airflow/example_dags/example_branch_day_of_week_operator.py
[2022-10-01T00:04:56.680+0000] {processor.py:640} INFO - Processing file /home/airflow/.local/lib/python3.7/site-packages/airflow/example_dags/example_branch_day_of_week_operator.py for tasks to queue
[2022-10-01T00:04:56.683+0000] {logging_mixin.py:115} INFO - [2022-10-01T00:04:56.683+0000] {dagbag.py:508} INFO - Filling up the DagBag from /home/airflow/.local/lib/python3.7/site-packages/airflow/example_dags/example_branch_day_of_week_operator.py
[2022-10-01T00:04:56.693+0000] {processor.py:650} INFO - DAG(s) dict_keys(['example_weekday_branch_operator']) retrieved from /home/airflow/.local/lib/python3.7/site-packages/airflow/example_dags/example_branch_day_of_week_operator.py
[2022-10-01T00:04:56.735+0000] {logging_mixin.py:115} INFO - [2022-10-01T00:04:56.735+0000] {dag.py:2429} INFO - Sync 1 DAGs
[2022-10-01T00:04:56.758+0000] {logging_mixin.py:115} INFO - [2022-10-01T00:04:56.758+0000] {dag.py:2981} INFO - Setting next_dagrun for example_weekday_branch_operator to 2022-09-30T00:00:00+00:00, run_after=2022-10-01T00:00:00+00:00
[2022-10-01T00:04:56.769+0000] {processor.py:161} INFO - Processing /home/airflow/.local/lib/python3.7/site-packages/airflow/example_dags/example_branch_day_of_week_operator.py took 0.093 seconds
[2022-10-01T00:05:27.162+0000] {processor.py:153} INFO - Started process (PID=34563) to work on /home/airflow/.local/lib/python3.7/site-packages/airflow/example_dags/example_branch_day_of_week_operator.py
[2022-10-01T00:05:27.164+0000] {processor.py:640} INFO - Processing file /home/airflow/.local/lib/python3.7/site-packages/airflow/example_dags/example_branch_day_of_week_operator.py for tasks to queue
[2022-10-01T00:05:27.165+0000] {logging_mixin.py:115} INFO - [2022-10-01T00:05:27.165+0000] {dagbag.py:508} INFO - Filling up the DagBag from /home/airflow/.local/lib/python3.7/site-packages/airflow/example_dags/example_branch_day_of_week_operator.py
[2022-10-01T00:05:27.172+0000] {processor.py:650} INFO - DAG(s) dict_keys(['example_weekday_branch_operator']) retrieved from /home/airflow/.local/lib/python3.7/site-packages/airflow/example_dags/example_branch_day_of_week_operator.py
[2022-10-01T00:05:27.189+0000] {logging_mixin.py:115} INFO - [2022-10-01T00:05:27.189+0000] {dag.py:2429} INFO - Sync 1 DAGs
[2022-10-01T00:05:27.206+0000] {logging_mixin.py:115} INFO - [2022-10-01T00:05:27.205+0000] {dag.py:2981} INFO - Setting next_dagrun for example_weekday_branch_operator to 2022-09-30T00:00:00+00:00, run_after=2022-10-01T00:00:00+00:00
[2022-10-01T00:05:27.213+0000] {processor.py:161} INFO - Processing /home/airflow/.local/lib/python3.7/site-packages/airflow/example_dags/example_branch_day_of_week_operator.py took 0.053 seconds
[2022-10-01T00:05:57.366+0000] {processor.py:153} INFO - Started process (PID=34620) to work on /home/airflow/.local/lib/python3.7/site-packages/airflow/example_dags/example_branch_day_of_week_operator.py
[2022-10-01T00:05:57.368+0000] {processor.py:640} INFO - Processing file /home/airflow/.local/lib/python3.7/site-packages/airflow/example_dags/example_branch_day_of_week_operator.py for tasks to queue
[2022-10-01T00:05:57.369+0000] {logging_mixin.py:115} INFO - [2022-10-01T00:05:57.369+0000] {dagbag.py:508} INFO - Filling up the DagBag from /home/airflow/.local/lib/python3.7/site-packages/airflow/example_dags/example_branch_day_of_week_operator.py
[2022-10-01T00:05:57.376+0000] {processor.py:650} INFO - DAG(s) dict_keys(['example_weekday_branch_operator']) retrieved from /home/airflow/.local/lib/python3.7/site-packages/airflow/example_dags/example_branch_day_of_week_operator.py
[2022-10-01T00:05:57.394+0000] {logging_mixin.py:115} INFO - [2022-10-01T00:05:57.394+0000] {dag.py:2429} INFO - Sync 1 DAGs
[2022-10-01T00:05:57.410+0000] {logging_mixin.py:115} INFO - [2022-10-01T00:05:57.410+0000] {dag.py:2981} INFO - Setting next_dagrun for example_weekday_branch_operator to 2022-09-30T00:00:00+00:00, run_after=2022-10-01T00:00:00+00:00
[2022-10-01T00:05:57.417+0000] {processor.py:161} INFO - Processing /home/airflow/.local/lib/python3.7/site-packages/airflow/example_dags/example_branch_day_of_week_operator.py took 0.054 seconds
[2022-10-01T00:06:27.941+0000] {processor.py:153} INFO - Started process (PID=34687) to work on /home/airflow/.local/lib/python3.7/site-packages/airflow/example_dags/example_branch_day_of_week_operator.py
[2022-10-01T00:06:27.943+0000] {processor.py:640} INFO - Processing file /home/airflow/.local/lib/python3.7/site-packages/airflow/example_dags/example_branch_day_of_week_operator.py for tasks to queue
[2022-10-01T00:06:27.944+0000] {logging_mixin.py:115} INFO - [2022-10-01T00:06:27.944+0000] {dagbag.py:508} INFO - Filling up the DagBag from /home/airflow/.local/lib/python3.7/site-packages/airflow/example_dags/example_branch_day_of_week_operator.py
[2022-10-01T00:06:27.951+0000] {processor.py:650} INFO - DAG(s) dict_keys(['example_weekday_branch_operator']) retrieved from /home/airflow/.local/lib/python3.7/site-packages/airflow/example_dags/example_branch_day_of_week_operator.py
[2022-10-01T00:06:27.972+0000] {logging_mixin.py:115} INFO - [2022-10-01T00:06:27.972+0000] {dag.py:2429} INFO - Sync 1 DAGs
[2022-10-01T00:06:27.988+0000] {logging_mixin.py:115} INFO - [2022-10-01T00:06:27.988+0000] {dag.py:2981} INFO - Setting next_dagrun for example_weekday_branch_operator to 2022-09-30T00:00:00+00:00, run_after=2022-10-01T00:00:00+00:00
[2022-10-01T00:06:27.997+0000] {processor.py:161} INFO - Processing /home/airflow/.local/lib/python3.7/site-packages/airflow/example_dags/example_branch_day_of_week_operator.py took 0.059 seconds
[2022-10-01T00:06:58.274+0000] {processor.py:153} INFO - Started process (PID=34753) to work on /home/airflow/.local/lib/python3.7/site-packages/airflow/example_dags/example_branch_day_of_week_operator.py
[2022-10-01T00:06:58.276+0000] {processor.py:640} INFO - Processing file /home/airflow/.local/lib/python3.7/site-packages/airflow/example_dags/example_branch_day_of_week_operator.py for tasks to queue
[2022-10-01T00:06:58.277+0000] {logging_mixin.py:115} INFO - [2022-10-01T00:06:58.277+0000] {dagbag.py:508} INFO - Filling up the DagBag from /home/airflow/.local/lib/python3.7/site-packages/airflow/example_dags/example_branch_day_of_week_operator.py
[2022-10-01T00:06:58.285+0000] {processor.py:650} INFO - DAG(s) dict_keys(['example_weekday_branch_operator']) retrieved from /home/airflow/.local/lib/python3.7/site-packages/airflow/example_dags/example_branch_day_of_week_operator.py
[2022-10-01T00:06:58.308+0000] {logging_mixin.py:115} INFO - [2022-10-01T00:06:58.308+0000] {dag.py:2429} INFO - Sync 1 DAGs
[2022-10-01T00:06:58.324+0000] {logging_mixin.py:115} INFO - [2022-10-01T00:06:58.324+0000] {dag.py:2981} INFO - Setting next_dagrun for example_weekday_branch_operator to 2022-09-30T00:00:00+00:00, run_after=2022-10-01T00:00:00+00:00
[2022-10-01T00:06:58.344+0000] {processor.py:161} INFO - Processing /home/airflow/.local/lib/python3.7/site-packages/airflow/example_dags/example_branch_day_of_week_operator.py took 0.073 seconds
[2022-10-01T00:07:28.487+0000] {processor.py:153} INFO - Started process (PID=34819) to work on /home/airflow/.local/lib/python3.7/site-packages/airflow/example_dags/example_branch_day_of_week_operator.py
[2022-10-01T00:07:28.490+0000] {processor.py:640} INFO - Processing file /home/airflow/.local/lib/python3.7/site-packages/airflow/example_dags/example_branch_day_of_week_operator.py for tasks to queue
[2022-10-01T00:07:28.492+0000] {logging_mixin.py:115} INFO - [2022-10-01T00:07:28.492+0000] {dagbag.py:508} INFO - Filling up the DagBag from /home/airflow/.local/lib/python3.7/site-packages/airflow/example_dags/example_branch_day_of_week_operator.py
[2022-10-01T00:07:28.500+0000] {processor.py:650} INFO - DAG(s) dict_keys(['example_weekday_branch_operator']) retrieved from /home/airflow/.local/lib/python3.7/site-packages/airflow/example_dags/example_branch_day_of_week_operator.py
[2022-10-01T00:07:28.528+0000] {logging_mixin.py:115} INFO - [2022-10-01T00:07:28.527+0000] {dag.py:2429} INFO - Sync 1 DAGs
[2022-10-01T00:07:28.554+0000] {logging_mixin.py:115} INFO - [2022-10-01T00:07:28.554+0000] {dag.py:2981} INFO - Setting next_dagrun for example_weekday_branch_operator to 2022-09-30T00:00:00+00:00, run_after=2022-10-01T00:00:00+00:00
[2022-10-01T00:07:28.567+0000] {processor.py:161} INFO - Processing /home/airflow/.local/lib/python3.7/site-packages/airflow/example_dags/example_branch_day_of_week_operator.py took 0.083 seconds
[2022-10-01T00:07:59.018+0000] {processor.py:153} INFO - Started process (PID=34876) to work on /home/airflow/.local/lib/python3.7/site-packages/airflow/example_dags/example_branch_day_of_week_operator.py
[2022-10-01T00:07:59.019+0000] {processor.py:640} INFO - Processing file /home/airflow/.local/lib/python3.7/site-packages/airflow/example_dags/example_branch_day_of_week_operator.py for tasks to queue
[2022-10-01T00:07:59.021+0000] {logging_mixin.py:115} INFO - [2022-10-01T00:07:59.020+0000] {dagbag.py:508} INFO - Filling up the DagBag from /home/airflow/.local/lib/python3.7/site-packages/airflow/example_dags/example_branch_day_of_week_operator.py
[2022-10-01T00:07:59.028+0000] {processor.py:650} INFO - DAG(s) dict_keys(['example_weekday_branch_operator']) retrieved from /home/airflow/.local/lib/python3.7/site-packages/airflow/example_dags/example_branch_day_of_week_operator.py
[2022-10-01T00:07:59.048+0000] {logging_mixin.py:115} INFO - [2022-10-01T00:07:59.048+0000] {dag.py:2429} INFO - Sync 1 DAGs
[2022-10-01T00:07:59.062+0000] {logging_mixin.py:115} INFO - [2022-10-01T00:07:59.062+0000] {dag.py:2981} INFO - Setting next_dagrun for example_weekday_branch_operator to 2022-09-30T00:00:00+00:00, run_after=2022-10-01T00:00:00+00:00
[2022-10-01T00:07:59.071+0000] {processor.py:161} INFO - Processing /home/airflow/.local/lib/python3.7/site-packages/airflow/example_dags/example_branch_day_of_week_operator.py took 0.055 seconds
[2022-10-01T00:08:29.539+0000] {processor.py:153} INFO - Started process (PID=34942) to work on /home/airflow/.local/lib/python3.7/site-packages/airflow/example_dags/example_branch_day_of_week_operator.py
[2022-10-01T00:08:29.541+0000] {processor.py:640} INFO - Processing file /home/airflow/.local/lib/python3.7/site-packages/airflow/example_dags/example_branch_day_of_week_operator.py for tasks to queue
[2022-10-01T00:08:29.542+0000] {logging_mixin.py:115} INFO - [2022-10-01T00:08:29.542+0000] {dagbag.py:508} INFO - Filling up the DagBag from /home/airflow/.local/lib/python3.7/site-packages/airflow/example_dags/example_branch_day_of_week_operator.py
[2022-10-01T00:08:29.552+0000] {processor.py:650} INFO - DAG(s) dict_keys(['example_weekday_branch_operator']) retrieved from /home/airflow/.local/lib/python3.7/site-packages/airflow/example_dags/example_branch_day_of_week_operator.py
[2022-10-01T00:08:29.570+0000] {logging_mixin.py:115} INFO - [2022-10-01T00:08:29.570+0000] {dag.py:2429} INFO - Sync 1 DAGs
[2022-10-01T00:08:29.587+0000] {logging_mixin.py:115} INFO - [2022-10-01T00:08:29.587+0000] {dag.py:2981} INFO - Setting next_dagrun for example_weekday_branch_operator to 2022-09-30T00:00:00+00:00, run_after=2022-10-01T00:00:00+00:00
[2022-10-01T00:08:29.595+0000] {processor.py:161} INFO - Processing /home/airflow/.local/lib/python3.7/site-packages/airflow/example_dags/example_branch_day_of_week_operator.py took 0.058 seconds
[2022-10-01T00:08:59.984+0000] {processor.py:153} INFO - Started process (PID=35008) to work on /home/airflow/.local/lib/python3.7/site-packages/airflow/example_dags/example_branch_day_of_week_operator.py
[2022-10-01T00:08:59.986+0000] {processor.py:640} INFO - Processing file /home/airflow/.local/lib/python3.7/site-packages/airflow/example_dags/example_branch_day_of_week_operator.py for tasks to queue
[2022-10-01T00:08:59.987+0000] {logging_mixin.py:115} INFO - [2022-10-01T00:08:59.987+0000] {dagbag.py:508} INFO - Filling up the DagBag from /home/airflow/.local/lib/python3.7/site-packages/airflow/example_dags/example_branch_day_of_week_operator.py
[2022-10-01T00:08:59.999+0000] {processor.py:650} INFO - DAG(s) dict_keys(['example_weekday_branch_operator']) retrieved from /home/airflow/.local/lib/python3.7/site-packages/airflow/example_dags/example_branch_day_of_week_operator.py
[2022-10-01T00:09:00.018+0000] {logging_mixin.py:115} INFO - [2022-10-01T00:09:00.018+0000] {dag.py:2429} INFO - Sync 1 DAGs
[2022-10-01T00:09:00.033+0000] {logging_mixin.py:115} INFO - [2022-10-01T00:09:00.033+0000] {dag.py:2981} INFO - Setting next_dagrun for example_weekday_branch_operator to 2022-09-30T00:00:00+00:00, run_after=2022-10-01T00:00:00+00:00
[2022-10-01T00:09:00.041+0000] {processor.py:161} INFO - Processing /home/airflow/.local/lib/python3.7/site-packages/airflow/example_dags/example_branch_day_of_week_operator.py took 0.058 seconds
[2022-10-01T00:09:30.559+0000] {processor.py:153} INFO - Started process (PID=35073) to work on /home/airflow/.local/lib/python3.7/site-packages/airflow/example_dags/example_branch_day_of_week_operator.py
[2022-10-01T00:09:30.561+0000] {processor.py:640} INFO - Processing file /home/airflow/.local/lib/python3.7/site-packages/airflow/example_dags/example_branch_day_of_week_operator.py for tasks to queue
[2022-10-01T00:09:30.563+0000] {logging_mixin.py:115} INFO - [2022-10-01T00:09:30.563+0000] {dagbag.py:508} INFO - Filling up the DagBag from /home/airflow/.local/lib/python3.7/site-packages/airflow/example_dags/example_branch_day_of_week_operator.py
[2022-10-01T00:09:30.573+0000] {processor.py:650} INFO - DAG(s) dict_keys(['example_weekday_branch_operator']) retrieved from /home/airflow/.local/lib/python3.7/site-packages/airflow/example_dags/example_branch_day_of_week_operator.py
[2022-10-01T00:09:30.594+0000] {logging_mixin.py:115} INFO - [2022-10-01T00:09:30.593+0000] {dag.py:2429} INFO - Sync 1 DAGs
[2022-10-01T00:09:30.609+0000] {logging_mixin.py:115} INFO - [2022-10-01T00:09:30.609+0000] {dag.py:2981} INFO - Setting next_dagrun for example_weekday_branch_operator to 2022-09-30T00:00:00+00:00, run_after=2022-10-01T00:00:00+00:00
[2022-10-01T00:09:30.627+0000] {processor.py:161} INFO - Processing /home/airflow/.local/lib/python3.7/site-packages/airflow/example_dags/example_branch_day_of_week_operator.py took 0.071 seconds
[2022-10-01T00:10:01.096+0000] {processor.py:153} INFO - Started process (PID=35129) to work on /home/airflow/.local/lib/python3.7/site-packages/airflow/example_dags/example_branch_day_of_week_operator.py
[2022-10-01T00:10:01.099+0000] {processor.py:640} INFO - Processing file /home/airflow/.local/lib/python3.7/site-packages/airflow/example_dags/example_branch_day_of_week_operator.py for tasks to queue
[2022-10-01T00:10:01.100+0000] {logging_mixin.py:115} INFO - [2022-10-01T00:10:01.099+0000] {dagbag.py:508} INFO - Filling up the DagBag from /home/airflow/.local/lib/python3.7/site-packages/airflow/example_dags/example_branch_day_of_week_operator.py
[2022-10-01T00:10:01.109+0000] {processor.py:650} INFO - DAG(s) dict_keys(['example_weekday_branch_operator']) retrieved from /home/airflow/.local/lib/python3.7/site-packages/airflow/example_dags/example_branch_day_of_week_operator.py
[2022-10-01T00:10:01.129+0000] {logging_mixin.py:115} INFO - [2022-10-01T00:10:01.129+0000] {dag.py:2429} INFO - Sync 1 DAGs
[2022-10-01T00:10:01.147+0000] {logging_mixin.py:115} INFO - [2022-10-01T00:10:01.147+0000] {dag.py:2981} INFO - Setting next_dagrun for example_weekday_branch_operator to 2022-09-30T00:00:00+00:00, run_after=2022-10-01T00:00:00+00:00
[2022-10-01T00:10:01.157+0000] {processor.py:161} INFO - Processing /home/airflow/.local/lib/python3.7/site-packages/airflow/example_dags/example_branch_day_of_week_operator.py took 0.063 seconds
[2022-10-01T00:10:31.522+0000] {processor.py:153} INFO - Started process (PID=35196) to work on /home/airflow/.local/lib/python3.7/site-packages/airflow/example_dags/example_branch_day_of_week_operator.py
[2022-10-01T00:10:31.524+0000] {processor.py:640} INFO - Processing file /home/airflow/.local/lib/python3.7/site-packages/airflow/example_dags/example_branch_day_of_week_operator.py for tasks to queue
[2022-10-01T00:10:31.525+0000] {logging_mixin.py:115} INFO - [2022-10-01T00:10:31.525+0000] {dagbag.py:508} INFO - Filling up the DagBag from /home/airflow/.local/lib/python3.7/site-packages/airflow/example_dags/example_branch_day_of_week_operator.py
[2022-10-01T00:10:31.535+0000] {processor.py:650} INFO - DAG(s) dict_keys(['example_weekday_branch_operator']) retrieved from /home/airflow/.local/lib/python3.7/site-packages/airflow/example_dags/example_branch_day_of_week_operator.py
[2022-10-01T00:10:31.561+0000] {logging_mixin.py:115} INFO - [2022-10-01T00:10:31.561+0000] {dag.py:2429} INFO - Sync 1 DAGs
[2022-10-01T00:10:31.582+0000] {logging_mixin.py:115} INFO - [2022-10-01T00:10:31.582+0000] {dag.py:2981} INFO - Setting next_dagrun for example_weekday_branch_operator to 2022-09-30T00:00:00+00:00, run_after=2022-10-01T00:00:00+00:00
[2022-10-01T00:10:31.597+0000] {processor.py:161} INFO - Processing /home/airflow/.local/lib/python3.7/site-packages/airflow/example_dags/example_branch_day_of_week_operator.py took 0.079 seconds
[2022-10-01T00:11:01.970+0000] {processor.py:153} INFO - Started process (PID=35262) to work on /home/airflow/.local/lib/python3.7/site-packages/airflow/example_dags/example_branch_day_of_week_operator.py
[2022-10-01T00:11:01.972+0000] {processor.py:640} INFO - Processing file /home/airflow/.local/lib/python3.7/site-packages/airflow/example_dags/example_branch_day_of_week_operator.py for tasks to queue
[2022-10-01T00:11:01.973+0000] {logging_mixin.py:115} INFO - [2022-10-01T00:11:01.973+0000] {dagbag.py:508} INFO - Filling up the DagBag from /home/airflow/.local/lib/python3.7/site-packages/airflow/example_dags/example_branch_day_of_week_operator.py
[2022-10-01T00:11:01.980+0000] {processor.py:650} INFO - DAG(s) dict_keys(['example_weekday_branch_operator']) retrieved from /home/airflow/.local/lib/python3.7/site-packages/airflow/example_dags/example_branch_day_of_week_operator.py
[2022-10-01T00:11:01.999+0000] {logging_mixin.py:115} INFO - [2022-10-01T00:11:01.999+0000] {dag.py:2429} INFO - Sync 1 DAGs
[2022-10-01T00:11:02.016+0000] {logging_mixin.py:115} INFO - [2022-10-01T00:11:02.016+0000] {dag.py:2981} INFO - Setting next_dagrun for example_weekday_branch_operator to 2022-09-30T00:00:00+00:00, run_after=2022-10-01T00:00:00+00:00
[2022-10-01T00:11:02.025+0000] {processor.py:161} INFO - Processing /home/airflow/.local/lib/python3.7/site-packages/airflow/example_dags/example_branch_day_of_week_operator.py took 0.057 seconds
[2022-10-01T00:11:32.246+0000] {processor.py:153} INFO - Started process (PID=35328) to work on /home/airflow/.local/lib/python3.7/site-packages/airflow/example_dags/example_branch_day_of_week_operator.py
[2022-10-01T00:11:32.248+0000] {processor.py:640} INFO - Processing file /home/airflow/.local/lib/python3.7/site-packages/airflow/example_dags/example_branch_day_of_week_operator.py for tasks to queue
[2022-10-01T00:11:32.249+0000] {logging_mixin.py:115} INFO - [2022-10-01T00:11:32.249+0000] {dagbag.py:508} INFO - Filling up the DagBag from /home/airflow/.local/lib/python3.7/site-packages/airflow/example_dags/example_branch_day_of_week_operator.py
[2022-10-01T00:11:32.257+0000] {processor.py:650} INFO - DAG(s) dict_keys(['example_weekday_branch_operator']) retrieved from /home/airflow/.local/lib/python3.7/site-packages/airflow/example_dags/example_branch_day_of_week_operator.py
[2022-10-01T00:11:32.279+0000] {logging_mixin.py:115} INFO - [2022-10-01T00:11:32.279+0000] {dag.py:2429} INFO - Sync 1 DAGs
[2022-10-01T00:11:32.299+0000] {logging_mixin.py:115} INFO - [2022-10-01T00:11:32.299+0000] {dag.py:2981} INFO - Setting next_dagrun for example_weekday_branch_operator to 2022-09-30T00:00:00+00:00, run_after=2022-10-01T00:00:00+00:00
[2022-10-01T00:11:32.309+0000] {processor.py:161} INFO - Processing /home/airflow/.local/lib/python3.7/site-packages/airflow/example_dags/example_branch_day_of_week_operator.py took 0.066 seconds
[2022-10-01T00:12:02.600+0000] {processor.py:153} INFO - Started process (PID=35385) to work on /home/airflow/.local/lib/python3.7/site-packages/airflow/example_dags/example_branch_day_of_week_operator.py
[2022-10-01T00:12:02.602+0000] {processor.py:640} INFO - Processing file /home/airflow/.local/lib/python3.7/site-packages/airflow/example_dags/example_branch_day_of_week_operator.py for tasks to queue
[2022-10-01T00:12:02.603+0000] {logging_mixin.py:115} INFO - [2022-10-01T00:12:02.603+0000] {dagbag.py:508} INFO - Filling up the DagBag from /home/airflow/.local/lib/python3.7/site-packages/airflow/example_dags/example_branch_day_of_week_operator.py
[2022-10-01T00:12:02.612+0000] {processor.py:650} INFO - DAG(s) dict_keys(['example_weekday_branch_operator']) retrieved from /home/airflow/.local/lib/python3.7/site-packages/airflow/example_dags/example_branch_day_of_week_operator.py
[2022-10-01T00:12:02.634+0000] {logging_mixin.py:115} INFO - [2022-10-01T00:12:02.634+0000] {dag.py:2429} INFO - Sync 1 DAGs
[2022-10-01T00:12:02.652+0000] {logging_mixin.py:115} INFO - [2022-10-01T00:12:02.651+0000] {dag.py:2981} INFO - Setting next_dagrun for example_weekday_branch_operator to 2022-09-30T00:00:00+00:00, run_after=2022-10-01T00:00:00+00:00
[2022-10-01T00:12:02.661+0000] {processor.py:161} INFO - Processing /home/airflow/.local/lib/python3.7/site-packages/airflow/example_dags/example_branch_day_of_week_operator.py took 0.064 seconds
[2022-10-01T00:12:33.161+0000] {processor.py:153} INFO - Started process (PID=35452) to work on /home/airflow/.local/lib/python3.7/site-packages/airflow/example_dags/example_branch_day_of_week_operator.py
[2022-10-01T00:12:33.163+0000] {processor.py:640} INFO - Processing file /home/airflow/.local/lib/python3.7/site-packages/airflow/example_dags/example_branch_day_of_week_operator.py for tasks to queue
[2022-10-01T00:12:33.164+0000] {logging_mixin.py:115} INFO - [2022-10-01T00:12:33.164+0000] {dagbag.py:508} INFO - Filling up the DagBag from /home/airflow/.local/lib/python3.7/site-packages/airflow/example_dags/example_branch_day_of_week_operator.py
[2022-10-01T00:12:33.171+0000] {processor.py:650} INFO - DAG(s) dict_keys(['example_weekday_branch_operator']) retrieved from /home/airflow/.local/lib/python3.7/site-packages/airflow/example_dags/example_branch_day_of_week_operator.py
[2022-10-01T00:12:33.191+0000] {logging_mixin.py:115} INFO - [2022-10-01T00:12:33.191+0000] {dag.py:2429} INFO - Sync 1 DAGs
[2022-10-01T00:12:33.205+0000] {logging_mixin.py:115} INFO - [2022-10-01T00:12:33.205+0000] {dag.py:2981} INFO - Setting next_dagrun for example_weekday_branch_operator to 2022-09-30T00:00:00+00:00, run_after=2022-10-01T00:00:00+00:00
[2022-10-01T00:12:33.212+0000] {processor.py:161} INFO - Processing /home/airflow/.local/lib/python3.7/site-packages/airflow/example_dags/example_branch_day_of_week_operator.py took 0.053 seconds
[2022-10-01T00:13:03.498+0000] {processor.py:153} INFO - Started process (PID=35517) to work on /home/airflow/.local/lib/python3.7/site-packages/airflow/example_dags/example_branch_day_of_week_operator.py
[2022-10-01T00:13:03.500+0000] {processor.py:640} INFO - Processing file /home/airflow/.local/lib/python3.7/site-packages/airflow/example_dags/example_branch_day_of_week_operator.py for tasks to queue
[2022-10-01T00:13:03.502+0000] {logging_mixin.py:115} INFO - [2022-10-01T00:13:03.502+0000] {dagbag.py:508} INFO - Filling up the DagBag from /home/airflow/.local/lib/python3.7/site-packages/airflow/example_dags/example_branch_day_of_week_operator.py
[2022-10-01T00:13:03.508+0000] {processor.py:650} INFO - DAG(s) dict_keys(['example_weekday_branch_operator']) retrieved from /home/airflow/.local/lib/python3.7/site-packages/airflow/example_dags/example_branch_day_of_week_operator.py
[2022-10-01T00:13:03.527+0000] {logging_mixin.py:115} INFO - [2022-10-01T00:13:03.527+0000] {dag.py:2429} INFO - Sync 1 DAGs
[2022-10-01T00:13:03.548+0000] {logging_mixin.py:115} INFO - [2022-10-01T00:13:03.548+0000] {dag.py:2981} INFO - Setting next_dagrun for example_weekday_branch_operator to 2022-09-30T00:00:00+00:00, run_after=2022-10-01T00:00:00+00:00
[2022-10-01T00:13:03.557+0000] {processor.py:161} INFO - Processing /home/airflow/.local/lib/python3.7/site-packages/airflow/example_dags/example_branch_day_of_week_operator.py took 0.061 seconds
[2022-10-01T00:13:35.222+0000] {processor.py:153} INFO - Started process (PID=35586) to work on /home/airflow/.local/lib/python3.7/site-packages/airflow/example_dags/example_branch_day_of_week_operator.py
[2022-10-01T00:13:35.226+0000] {processor.py:640} INFO - Processing file /home/airflow/.local/lib/python3.7/site-packages/airflow/example_dags/example_branch_day_of_week_operator.py for tasks to queue
[2022-10-01T00:13:35.257+0000] {logging_mixin.py:115} INFO - [2022-10-01T00:13:35.257+0000] {dagbag.py:508} INFO - Filling up the DagBag from /home/airflow/.local/lib/python3.7/site-packages/airflow/example_dags/example_branch_day_of_week_operator.py
[2022-10-01T00:13:35.269+0000] {processor.py:650} INFO - DAG(s) dict_keys(['example_weekday_branch_operator']) retrieved from /home/airflow/.local/lib/python3.7/site-packages/airflow/example_dags/example_branch_day_of_week_operator.py
[2022-10-01T00:13:35.297+0000] {logging_mixin.py:115} INFO - [2022-10-01T00:13:35.297+0000] {dag.py:2429} INFO - Sync 1 DAGs
[2022-10-01T00:13:35.323+0000] {logging_mixin.py:115} INFO - [2022-10-01T00:13:35.323+0000] {dag.py:2981} INFO - Setting next_dagrun for example_weekday_branch_operator to 2022-09-30T00:00:00+00:00, run_after=2022-10-01T00:00:00+00:00
[2022-10-01T00:13:35.338+0000] {processor.py:161} INFO - Processing /home/airflow/.local/lib/python3.7/site-packages/airflow/example_dags/example_branch_day_of_week_operator.py took 0.120 seconds
[2022-10-01T00:18:33.836+0000] {processor.py:153} INFO - Started process (PID=35634) to work on /home/airflow/.local/lib/python3.7/site-packages/airflow/example_dags/example_branch_day_of_week_operator.py
[2022-10-01T00:18:33.849+0000] {processor.py:640} INFO - Processing file /home/airflow/.local/lib/python3.7/site-packages/airflow/example_dags/example_branch_day_of_week_operator.py for tasks to queue
[2022-10-01T00:18:33.865+0000] {logging_mixin.py:115} INFO - [2022-10-01T00:18:33.865+0000] {dagbag.py:508} INFO - Filling up the DagBag from /home/airflow/.local/lib/python3.7/site-packages/airflow/example_dags/example_branch_day_of_week_operator.py
[2022-10-01T00:18:33.902+0000] {processor.py:650} INFO - DAG(s) dict_keys(['example_weekday_branch_operator']) retrieved from /home/airflow/.local/lib/python3.7/site-packages/airflow/example_dags/example_branch_day_of_week_operator.py
[2022-10-01T00:18:33.933+0000] {logging_mixin.py:115} INFO - [2022-10-01T00:18:33.933+0000] {dag.py:2429} INFO - Sync 1 DAGs
[2022-10-01T00:18:33.961+0000] {logging_mixin.py:115} INFO - [2022-10-01T00:18:33.961+0000] {dag.py:2981} INFO - Setting next_dagrun for example_weekday_branch_operator to 2022-09-30T00:00:00+00:00, run_after=2022-10-01T00:00:00+00:00
[2022-10-01T00:18:33.986+0000] {processor.py:161} INFO - Processing /home/airflow/.local/lib/python3.7/site-packages/airflow/example_dags/example_branch_day_of_week_operator.py took 0.153 seconds
[2022-10-01T00:19:04.431+0000] {processor.py:153} INFO - Started process (PID=35700) to work on /home/airflow/.local/lib/python3.7/site-packages/airflow/example_dags/example_branch_day_of_week_operator.py
[2022-10-01T00:19:04.433+0000] {processor.py:640} INFO - Processing file /home/airflow/.local/lib/python3.7/site-packages/airflow/example_dags/example_branch_day_of_week_operator.py for tasks to queue
[2022-10-01T00:19:04.434+0000] {logging_mixin.py:115} INFO - [2022-10-01T00:19:04.434+0000] {dagbag.py:508} INFO - Filling up the DagBag from /home/airflow/.local/lib/python3.7/site-packages/airflow/example_dags/example_branch_day_of_week_operator.py
[2022-10-01T00:19:04.443+0000] {processor.py:650} INFO - DAG(s) dict_keys(['example_weekday_branch_operator']) retrieved from /home/airflow/.local/lib/python3.7/site-packages/airflow/example_dags/example_branch_day_of_week_operator.py
[2022-10-01T00:19:04.461+0000] {logging_mixin.py:115} INFO - [2022-10-01T00:19:04.461+0000] {dag.py:2429} INFO - Sync 1 DAGs
[2022-10-01T00:19:04.475+0000] {logging_mixin.py:115} INFO - [2022-10-01T00:19:04.475+0000] {dag.py:2981} INFO - Setting next_dagrun for example_weekday_branch_operator to 2022-09-30T00:00:00+00:00, run_after=2022-10-01T00:00:00+00:00
[2022-10-01T00:19:04.483+0000] {processor.py:161} INFO - Processing /home/airflow/.local/lib/python3.7/site-packages/airflow/example_dags/example_branch_day_of_week_operator.py took 0.055 seconds
[2022-10-01T00:19:34.885+0000] {processor.py:153} INFO - Started process (PID=35758) to work on /home/airflow/.local/lib/python3.7/site-packages/airflow/example_dags/example_branch_day_of_week_operator.py
[2022-10-01T00:19:34.887+0000] {processor.py:640} INFO - Processing file /home/airflow/.local/lib/python3.7/site-packages/airflow/example_dags/example_branch_day_of_week_operator.py for tasks to queue
[2022-10-01T00:19:34.888+0000] {logging_mixin.py:115} INFO - [2022-10-01T00:19:34.888+0000] {dagbag.py:508} INFO - Filling up the DagBag from /home/airflow/.local/lib/python3.7/site-packages/airflow/example_dags/example_branch_day_of_week_operator.py
[2022-10-01T00:19:34.896+0000] {processor.py:650} INFO - DAG(s) dict_keys(['example_weekday_branch_operator']) retrieved from /home/airflow/.local/lib/python3.7/site-packages/airflow/example_dags/example_branch_day_of_week_operator.py
[2022-10-01T00:19:34.915+0000] {logging_mixin.py:115} INFO - [2022-10-01T00:19:34.914+0000] {dag.py:2429} INFO - Sync 1 DAGs
[2022-10-01T00:19:34.928+0000] {logging_mixin.py:115} INFO - [2022-10-01T00:19:34.928+0000] {dag.py:2981} INFO - Setting next_dagrun for example_weekday_branch_operator to 2022-09-30T00:00:00+00:00, run_after=2022-10-01T00:00:00+00:00
[2022-10-01T00:19:34.937+0000] {processor.py:161} INFO - Processing /home/airflow/.local/lib/python3.7/site-packages/airflow/example_dags/example_branch_day_of_week_operator.py took 0.055 seconds
[2022-10-01T00:20:05.423+0000] {processor.py:153} INFO - Started process (PID=35822) to work on /home/airflow/.local/lib/python3.7/site-packages/airflow/example_dags/example_branch_day_of_week_operator.py
[2022-10-01T00:20:05.425+0000] {processor.py:640} INFO - Processing file /home/airflow/.local/lib/python3.7/site-packages/airflow/example_dags/example_branch_day_of_week_operator.py for tasks to queue
[2022-10-01T00:20:05.427+0000] {logging_mixin.py:115} INFO - [2022-10-01T00:20:05.426+0000] {dagbag.py:508} INFO - Filling up the DagBag from /home/airflow/.local/lib/python3.7/site-packages/airflow/example_dags/example_branch_day_of_week_operator.py
[2022-10-01T00:20:05.436+0000] {processor.py:650} INFO - DAG(s) dict_keys(['example_weekday_branch_operator']) retrieved from /home/airflow/.local/lib/python3.7/site-packages/airflow/example_dags/example_branch_day_of_week_operator.py
[2022-10-01T00:20:05.455+0000] {logging_mixin.py:115} INFO - [2022-10-01T00:20:05.455+0000] {dag.py:2429} INFO - Sync 1 DAGs
[2022-10-01T00:20:05.469+0000] {logging_mixin.py:115} INFO - [2022-10-01T00:20:05.469+0000] {dag.py:2981} INFO - Setting next_dagrun for example_weekday_branch_operator to 2022-09-30T00:00:00+00:00, run_after=2022-10-01T00:00:00+00:00
[2022-10-01T00:20:05.477+0000] {processor.py:161} INFO - Processing /home/airflow/.local/lib/python3.7/site-packages/airflow/example_dags/example_branch_day_of_week_operator.py took 0.057 seconds
[2022-10-01T00:20:35.936+0000] {processor.py:153} INFO - Started process (PID=35890) to work on /home/airflow/.local/lib/python3.7/site-packages/airflow/example_dags/example_branch_day_of_week_operator.py
[2022-10-01T00:20:35.939+0000] {processor.py:640} INFO - Processing file /home/airflow/.local/lib/python3.7/site-packages/airflow/example_dags/example_branch_day_of_week_operator.py for tasks to queue
[2022-10-01T00:20:35.940+0000] {logging_mixin.py:115} INFO - [2022-10-01T00:20:35.940+0000] {dagbag.py:508} INFO - Filling up the DagBag from /home/airflow/.local/lib/python3.7/site-packages/airflow/example_dags/example_branch_day_of_week_operator.py
[2022-10-01T00:20:35.948+0000] {processor.py:650} INFO - DAG(s) dict_keys(['example_weekday_branch_operator']) retrieved from /home/airflow/.local/lib/python3.7/site-packages/airflow/example_dags/example_branch_day_of_week_operator.py
[2022-10-01T00:20:35.968+0000] {logging_mixin.py:115} INFO - [2022-10-01T00:20:35.967+0000] {dag.py:2429} INFO - Sync 1 DAGs
[2022-10-01T00:20:35.981+0000] {logging_mixin.py:115} INFO - [2022-10-01T00:20:35.981+0000] {dag.py:2981} INFO - Setting next_dagrun for example_weekday_branch_operator to 2022-09-30T00:00:00+00:00, run_after=2022-10-01T00:00:00+00:00
[2022-10-01T00:20:35.989+0000] {processor.py:161} INFO - Processing /home/airflow/.local/lib/python3.7/site-packages/airflow/example_dags/example_branch_day_of_week_operator.py took 0.055 seconds
[2022-10-01T00:21:06.553+0000] {processor.py:153} INFO - Started process (PID=35956) to work on /home/airflow/.local/lib/python3.7/site-packages/airflow/example_dags/example_branch_day_of_week_operator.py
[2022-10-01T00:21:06.554+0000] {processor.py:640} INFO - Processing file /home/airflow/.local/lib/python3.7/site-packages/airflow/example_dags/example_branch_day_of_week_operator.py for tasks to queue
[2022-10-01T00:21:06.556+0000] {logging_mixin.py:115} INFO - [2022-10-01T00:21:06.556+0000] {dagbag.py:508} INFO - Filling up the DagBag from /home/airflow/.local/lib/python3.7/site-packages/airflow/example_dags/example_branch_day_of_week_operator.py
[2022-10-01T00:21:06.564+0000] {processor.py:650} INFO - DAG(s) dict_keys(['example_weekday_branch_operator']) retrieved from /home/airflow/.local/lib/python3.7/site-packages/airflow/example_dags/example_branch_day_of_week_operator.py
[2022-10-01T00:21:06.583+0000] {logging_mixin.py:115} INFO - [2022-10-01T00:21:06.583+0000] {dag.py:2429} INFO - Sync 1 DAGs
[2022-10-01T00:21:06.599+0000] {logging_mixin.py:115} INFO - [2022-10-01T00:21:06.599+0000] {dag.py:2981} INFO - Setting next_dagrun for example_weekday_branch_operator to 2022-09-30T00:00:00+00:00, run_after=2022-10-01T00:00:00+00:00
[2022-10-01T00:21:06.608+0000] {processor.py:161} INFO - Processing /home/airflow/.local/lib/python3.7/site-packages/airflow/example_dags/example_branch_day_of_week_operator.py took 0.058 seconds
[2022-10-01T00:21:36.987+0000] {processor.py:153} INFO - Started process (PID=36012) to work on /home/airflow/.local/lib/python3.7/site-packages/airflow/example_dags/example_branch_day_of_week_operator.py
[2022-10-01T00:21:36.989+0000] {processor.py:640} INFO - Processing file /home/airflow/.local/lib/python3.7/site-packages/airflow/example_dags/example_branch_day_of_week_operator.py for tasks to queue
[2022-10-01T00:21:36.990+0000] {logging_mixin.py:115} INFO - [2022-10-01T00:21:36.990+0000] {dagbag.py:508} INFO - Filling up the DagBag from /home/airflow/.local/lib/python3.7/site-packages/airflow/example_dags/example_branch_day_of_week_operator.py
[2022-10-01T00:21:36.997+0000] {processor.py:650} INFO - DAG(s) dict_keys(['example_weekday_branch_operator']) retrieved from /home/airflow/.local/lib/python3.7/site-packages/airflow/example_dags/example_branch_day_of_week_operator.py
[2022-10-01T00:21:37.017+0000] {logging_mixin.py:115} INFO - [2022-10-01T00:21:37.017+0000] {dag.py:2429} INFO - Sync 1 DAGs
[2022-10-01T00:21:37.033+0000] {logging_mixin.py:115} INFO - [2022-10-01T00:21:37.033+0000] {dag.py:2981} INFO - Setting next_dagrun for example_weekday_branch_operator to 2022-09-30T00:00:00+00:00, run_after=2022-10-01T00:00:00+00:00
[2022-10-01T00:21:37.040+0000] {processor.py:161} INFO - Processing /home/airflow/.local/lib/python3.7/site-packages/airflow/example_dags/example_branch_day_of_week_operator.py took 0.056 seconds
[2022-10-01T00:22:07.383+0000] {processor.py:153} INFO - Started process (PID=36078) to work on /home/airflow/.local/lib/python3.7/site-packages/airflow/example_dags/example_branch_day_of_week_operator.py
[2022-10-01T00:22:07.385+0000] {processor.py:640} INFO - Processing file /home/airflow/.local/lib/python3.7/site-packages/airflow/example_dags/example_branch_day_of_week_operator.py for tasks to queue
[2022-10-01T00:22:07.386+0000] {logging_mixin.py:115} INFO - [2022-10-01T00:22:07.386+0000] {dagbag.py:508} INFO - Filling up the DagBag from /home/airflow/.local/lib/python3.7/site-packages/airflow/example_dags/example_branch_day_of_week_operator.py
[2022-10-01T00:22:07.393+0000] {processor.py:650} INFO - DAG(s) dict_keys(['example_weekday_branch_operator']) retrieved from /home/airflow/.local/lib/python3.7/site-packages/airflow/example_dags/example_branch_day_of_week_operator.py
[2022-10-01T00:22:07.411+0000] {logging_mixin.py:115} INFO - [2022-10-01T00:22:07.411+0000] {dag.py:2429} INFO - Sync 1 DAGs
[2022-10-01T00:22:07.426+0000] {logging_mixin.py:115} INFO - [2022-10-01T00:22:07.426+0000] {dag.py:2981} INFO - Setting next_dagrun for example_weekday_branch_operator to 2022-09-30T00:00:00+00:00, run_after=2022-10-01T00:00:00+00:00
[2022-10-01T00:22:07.433+0000] {processor.py:161} INFO - Processing /home/airflow/.local/lib/python3.7/site-packages/airflow/example_dags/example_branch_day_of_week_operator.py took 0.052 seconds
[2022-10-01T00:22:37.667+0000] {processor.py:153} INFO - Started process (PID=36144) to work on /home/airflow/.local/lib/python3.7/site-packages/airflow/example_dags/example_branch_day_of_week_operator.py
[2022-10-01T00:22:37.668+0000] {processor.py:640} INFO - Processing file /home/airflow/.local/lib/python3.7/site-packages/airflow/example_dags/example_branch_day_of_week_operator.py for tasks to queue
[2022-10-01T00:22:37.669+0000] {logging_mixin.py:115} INFO - [2022-10-01T00:22:37.669+0000] {dagbag.py:508} INFO - Filling up the DagBag from /home/airflow/.local/lib/python3.7/site-packages/airflow/example_dags/example_branch_day_of_week_operator.py
[2022-10-01T00:22:37.676+0000] {processor.py:650} INFO - DAG(s) dict_keys(['example_weekday_branch_operator']) retrieved from /home/airflow/.local/lib/python3.7/site-packages/airflow/example_dags/example_branch_day_of_week_operator.py
[2022-10-01T00:22:37.693+0000] {logging_mixin.py:115} INFO - [2022-10-01T00:22:37.693+0000] {dag.py:2429} INFO - Sync 1 DAGs
[2022-10-01T00:22:37.707+0000] {logging_mixin.py:115} INFO - [2022-10-01T00:22:37.706+0000] {dag.py:2981} INFO - Setting next_dagrun for example_weekday_branch_operator to 2022-09-30T00:00:00+00:00, run_after=2022-10-01T00:00:00+00:00
[2022-10-01T00:22:37.716+0000] {processor.py:161} INFO - Processing /home/airflow/.local/lib/python3.7/site-packages/airflow/example_dags/example_branch_day_of_week_operator.py took 0.051 seconds
[2022-10-01T00:23:08.061+0000] {processor.py:153} INFO - Started process (PID=36201) to work on /home/airflow/.local/lib/python3.7/site-packages/airflow/example_dags/example_branch_day_of_week_operator.py
[2022-10-01T00:23:08.062+0000] {processor.py:640} INFO - Processing file /home/airflow/.local/lib/python3.7/site-packages/airflow/example_dags/example_branch_day_of_week_operator.py for tasks to queue
[2022-10-01T00:23:08.063+0000] {logging_mixin.py:115} INFO - [2022-10-01T00:23:08.063+0000] {dagbag.py:508} INFO - Filling up the DagBag from /home/airflow/.local/lib/python3.7/site-packages/airflow/example_dags/example_branch_day_of_week_operator.py
[2022-10-01T00:23:08.069+0000] {processor.py:650} INFO - DAG(s) dict_keys(['example_weekday_branch_operator']) retrieved from /home/airflow/.local/lib/python3.7/site-packages/airflow/example_dags/example_branch_day_of_week_operator.py
[2022-10-01T00:23:08.093+0000] {logging_mixin.py:115} INFO - [2022-10-01T00:23:08.093+0000] {dag.py:2429} INFO - Sync 1 DAGs
[2022-10-01T00:23:08.108+0000] {logging_mixin.py:115} INFO - [2022-10-01T00:23:08.108+0000] {dag.py:2981} INFO - Setting next_dagrun for example_weekday_branch_operator to 2022-09-30T00:00:00+00:00, run_after=2022-10-01T00:00:00+00:00
[2022-10-01T00:23:08.116+0000] {processor.py:161} INFO - Processing /home/airflow/.local/lib/python3.7/site-packages/airflow/example_dags/example_branch_day_of_week_operator.py took 0.058 seconds
[2022-10-01T00:23:38.643+0000] {processor.py:153} INFO - Started process (PID=36268) to work on /home/airflow/.local/lib/python3.7/site-packages/airflow/example_dags/example_branch_day_of_week_operator.py
[2022-10-01T00:23:38.645+0000] {processor.py:640} INFO - Processing file /home/airflow/.local/lib/python3.7/site-packages/airflow/example_dags/example_branch_day_of_week_operator.py for tasks to queue
[2022-10-01T00:23:38.646+0000] {logging_mixin.py:115} INFO - [2022-10-01T00:23:38.646+0000] {dagbag.py:508} INFO - Filling up the DagBag from /home/airflow/.local/lib/python3.7/site-packages/airflow/example_dags/example_branch_day_of_week_operator.py
[2022-10-01T00:23:38.653+0000] {processor.py:650} INFO - DAG(s) dict_keys(['example_weekday_branch_operator']) retrieved from /home/airflow/.local/lib/python3.7/site-packages/airflow/example_dags/example_branch_day_of_week_operator.py
[2022-10-01T00:23:38.672+0000] {logging_mixin.py:115} INFO - [2022-10-01T00:23:38.671+0000] {dag.py:2429} INFO - Sync 1 DAGs
[2022-10-01T00:23:38.685+0000] {logging_mixin.py:115} INFO - [2022-10-01T00:23:38.685+0000] {dag.py:2981} INFO - Setting next_dagrun for example_weekday_branch_operator to 2022-09-30T00:00:00+00:00, run_after=2022-10-01T00:00:00+00:00
[2022-10-01T00:23:38.694+0000] {processor.py:161} INFO - Processing /home/airflow/.local/lib/python3.7/site-packages/airflow/example_dags/example_branch_day_of_week_operator.py took 0.054 seconds
[2022-10-01T00:24:08.926+0000] {processor.py:153} INFO - Started process (PID=36336) to work on /home/airflow/.local/lib/python3.7/site-packages/airflow/example_dags/example_branch_day_of_week_operator.py
[2022-10-01T00:24:08.927+0000] {processor.py:640} INFO - Processing file /home/airflow/.local/lib/python3.7/site-packages/airflow/example_dags/example_branch_day_of_week_operator.py for tasks to queue
[2022-10-01T00:24:08.929+0000] {logging_mixin.py:115} INFO - [2022-10-01T00:24:08.929+0000] {dagbag.py:508} INFO - Filling up the DagBag from /home/airflow/.local/lib/python3.7/site-packages/airflow/example_dags/example_branch_day_of_week_operator.py
[2022-10-01T00:24:08.936+0000] {processor.py:650} INFO - DAG(s) dict_keys(['example_weekday_branch_operator']) retrieved from /home/airflow/.local/lib/python3.7/site-packages/airflow/example_dags/example_branch_day_of_week_operator.py
[2022-10-01T00:24:08.958+0000] {logging_mixin.py:115} INFO - [2022-10-01T00:24:08.958+0000] {dag.py:2429} INFO - Sync 1 DAGs
[2022-10-01T00:24:08.973+0000] {logging_mixin.py:115} INFO - [2022-10-01T00:24:08.973+0000] {dag.py:2981} INFO - Setting next_dagrun for example_weekday_branch_operator to 2022-09-30T00:00:00+00:00, run_after=2022-10-01T00:00:00+00:00
[2022-10-01T00:24:08.980+0000] {processor.py:161} INFO - Processing /home/airflow/.local/lib/python3.7/site-packages/airflow/example_dags/example_branch_day_of_week_operator.py took 0.057 seconds
[2022-10-01T00:24:39.690+0000] {processor.py:153} INFO - Started process (PID=36402) to work on /home/airflow/.local/lib/python3.7/site-packages/airflow/example_dags/example_branch_day_of_week_operator.py
[2022-10-01T00:24:39.692+0000] {processor.py:640} INFO - Processing file /home/airflow/.local/lib/python3.7/site-packages/airflow/example_dags/example_branch_day_of_week_operator.py for tasks to queue
[2022-10-01T00:24:39.694+0000] {logging_mixin.py:115} INFO - [2022-10-01T00:24:39.693+0000] {dagbag.py:508} INFO - Filling up the DagBag from /home/airflow/.local/lib/python3.7/site-packages/airflow/example_dags/example_branch_day_of_week_operator.py
[2022-10-01T00:24:39.705+0000] {processor.py:650} INFO - DAG(s) dict_keys(['example_weekday_branch_operator']) retrieved from /home/airflow/.local/lib/python3.7/site-packages/airflow/example_dags/example_branch_day_of_week_operator.py
[2022-10-01T00:24:39.749+0000] {logging_mixin.py:115} INFO - [2022-10-01T00:24:39.749+0000] {dag.py:2429} INFO - Sync 1 DAGs
[2022-10-01T00:24:39.772+0000] {logging_mixin.py:115} INFO - [2022-10-01T00:24:39.772+0000] {dag.py:2981} INFO - Setting next_dagrun for example_weekday_branch_operator to 2022-09-30T00:00:00+00:00, run_after=2022-10-01T00:00:00+00:00
[2022-10-01T00:24:39.781+0000] {processor.py:161} INFO - Processing /home/airflow/.local/lib/python3.7/site-packages/airflow/example_dags/example_branch_day_of_week_operator.py took 0.095 seconds
[2022-10-01T00:25:10.110+0000] {processor.py:153} INFO - Started process (PID=36459) to work on /home/airflow/.local/lib/python3.7/site-packages/airflow/example_dags/example_branch_day_of_week_operator.py
[2022-10-01T00:25:10.113+0000] {processor.py:640} INFO - Processing file /home/airflow/.local/lib/python3.7/site-packages/airflow/example_dags/example_branch_day_of_week_operator.py for tasks to queue
[2022-10-01T00:25:10.114+0000] {logging_mixin.py:115} INFO - [2022-10-01T00:25:10.114+0000] {dagbag.py:508} INFO - Filling up the DagBag from /home/airflow/.local/lib/python3.7/site-packages/airflow/example_dags/example_branch_day_of_week_operator.py
[2022-10-01T00:25:10.120+0000] {processor.py:650} INFO - DAG(s) dict_keys(['example_weekday_branch_operator']) retrieved from /home/airflow/.local/lib/python3.7/site-packages/airflow/example_dags/example_branch_day_of_week_operator.py
[2022-10-01T00:25:10.138+0000] {logging_mixin.py:115} INFO - [2022-10-01T00:25:10.138+0000] {dag.py:2429} INFO - Sync 1 DAGs
[2022-10-01T00:25:10.153+0000] {logging_mixin.py:115} INFO - [2022-10-01T00:25:10.153+0000] {dag.py:2981} INFO - Setting next_dagrun for example_weekday_branch_operator to 2022-09-30T00:00:00+00:00, run_after=2022-10-01T00:00:00+00:00
[2022-10-01T00:25:10.163+0000] {processor.py:161} INFO - Processing /home/airflow/.local/lib/python3.7/site-packages/airflow/example_dags/example_branch_day_of_week_operator.py took 0.055 seconds
[2022-10-01T00:25:40.541+0000] {processor.py:153} INFO - Started process (PID=36525) to work on /home/airflow/.local/lib/python3.7/site-packages/airflow/example_dags/example_branch_day_of_week_operator.py
[2022-10-01T00:25:40.545+0000] {processor.py:640} INFO - Processing file /home/airflow/.local/lib/python3.7/site-packages/airflow/example_dags/example_branch_day_of_week_operator.py for tasks to queue
[2022-10-01T00:25:40.547+0000] {logging_mixin.py:115} INFO - [2022-10-01T00:25:40.546+0000] {dagbag.py:508} INFO - Filling up the DagBag from /home/airflow/.local/lib/python3.7/site-packages/airflow/example_dags/example_branch_day_of_week_operator.py
[2022-10-01T00:25:40.566+0000] {processor.py:650} INFO - DAG(s) dict_keys(['example_weekday_branch_operator']) retrieved from /home/airflow/.local/lib/python3.7/site-packages/airflow/example_dags/example_branch_day_of_week_operator.py
[2022-10-01T00:25:40.584+0000] {logging_mixin.py:115} INFO - [2022-10-01T00:25:40.584+0000] {dag.py:2429} INFO - Sync 1 DAGs
[2022-10-01T00:25:40.598+0000] {logging_mixin.py:115} INFO - [2022-10-01T00:25:40.598+0000] {dag.py:2981} INFO - Setting next_dagrun for example_weekday_branch_operator to 2022-09-30T00:00:00+00:00, run_after=2022-10-01T00:00:00+00:00
[2022-10-01T00:25:40.606+0000] {processor.py:161} INFO - Processing /home/airflow/.local/lib/python3.7/site-packages/airflow/example_dags/example_branch_day_of_week_operator.py took 0.068 seconds
[2022-10-01T00:26:10.884+0000] {processor.py:153} INFO - Started process (PID=36591) to work on /home/airflow/.local/lib/python3.7/site-packages/airflow/example_dags/example_branch_day_of_week_operator.py
[2022-10-01T00:26:10.887+0000] {processor.py:640} INFO - Processing file /home/airflow/.local/lib/python3.7/site-packages/airflow/example_dags/example_branch_day_of_week_operator.py for tasks to queue
[2022-10-01T00:26:10.888+0000] {logging_mixin.py:115} INFO - [2022-10-01T00:26:10.888+0000] {dagbag.py:508} INFO - Filling up the DagBag from /home/airflow/.local/lib/python3.7/site-packages/airflow/example_dags/example_branch_day_of_week_operator.py
[2022-10-01T00:26:10.899+0000] {processor.py:650} INFO - DAG(s) dict_keys(['example_weekday_branch_operator']) retrieved from /home/airflow/.local/lib/python3.7/site-packages/airflow/example_dags/example_branch_day_of_week_operator.py
[2022-10-01T00:26:10.932+0000] {logging_mixin.py:115} INFO - [2022-10-01T00:26:10.932+0000] {dag.py:2429} INFO - Sync 1 DAGs
[2022-10-01T00:26:10.964+0000] {logging_mixin.py:115} INFO - [2022-10-01T00:26:10.964+0000] {dag.py:2981} INFO - Setting next_dagrun for example_weekday_branch_operator to 2022-09-30T00:00:00+00:00, run_after=2022-10-01T00:00:00+00:00
[2022-10-01T00:26:10.981+0000] {processor.py:161} INFO - Processing /home/airflow/.local/lib/python3.7/site-packages/airflow/example_dags/example_branch_day_of_week_operator.py took 0.100 seconds
[2022-10-01T00:26:41.228+0000] {processor.py:153} INFO - Started process (PID=36648) to work on /home/airflow/.local/lib/python3.7/site-packages/airflow/example_dags/example_branch_day_of_week_operator.py
[2022-10-01T00:26:41.230+0000] {processor.py:640} INFO - Processing file /home/airflow/.local/lib/python3.7/site-packages/airflow/example_dags/example_branch_day_of_week_operator.py for tasks to queue
[2022-10-01T00:26:41.231+0000] {logging_mixin.py:115} INFO - [2022-10-01T00:26:41.231+0000] {dagbag.py:508} INFO - Filling up the DagBag from /home/airflow/.local/lib/python3.7/site-packages/airflow/example_dags/example_branch_day_of_week_operator.py
[2022-10-01T00:26:41.237+0000] {processor.py:650} INFO - DAG(s) dict_keys(['example_weekday_branch_operator']) retrieved from /home/airflow/.local/lib/python3.7/site-packages/airflow/example_dags/example_branch_day_of_week_operator.py
[2022-10-01T00:26:41.255+0000] {logging_mixin.py:115} INFO - [2022-10-01T00:26:41.255+0000] {dag.py:2429} INFO - Sync 1 DAGs
[2022-10-01T00:26:41.269+0000] {logging_mixin.py:115} INFO - [2022-10-01T00:26:41.269+0000] {dag.py:2981} INFO - Setting next_dagrun for example_weekday_branch_operator to 2022-09-30T00:00:00+00:00, run_after=2022-10-01T00:00:00+00:00
[2022-10-01T00:26:41.277+0000] {processor.py:161} INFO - Processing /home/airflow/.local/lib/python3.7/site-packages/airflow/example_dags/example_branch_day_of_week_operator.py took 0.051 seconds
[2022-10-01T00:27:11.628+0000] {processor.py:153} INFO - Started process (PID=36713) to work on /home/airflow/.local/lib/python3.7/site-packages/airflow/example_dags/example_branch_day_of_week_operator.py
[2022-10-01T00:27:11.630+0000] {processor.py:640} INFO - Processing file /home/airflow/.local/lib/python3.7/site-packages/airflow/example_dags/example_branch_day_of_week_operator.py for tasks to queue
[2022-10-01T00:27:11.631+0000] {logging_mixin.py:115} INFO - [2022-10-01T00:27:11.631+0000] {dagbag.py:508} INFO - Filling up the DagBag from /home/airflow/.local/lib/python3.7/site-packages/airflow/example_dags/example_branch_day_of_week_operator.py
[2022-10-01T00:27:11.637+0000] {processor.py:650} INFO - DAG(s) dict_keys(['example_weekday_branch_operator']) retrieved from /home/airflow/.local/lib/python3.7/site-packages/airflow/example_dags/example_branch_day_of_week_operator.py
[2022-10-01T00:27:11.658+0000] {logging_mixin.py:115} INFO - [2022-10-01T00:27:11.658+0000] {dag.py:2429} INFO - Sync 1 DAGs
[2022-10-01T00:27:11.680+0000] {logging_mixin.py:115} INFO - [2022-10-01T00:27:11.680+0000] {dag.py:2981} INFO - Setting next_dagrun for example_weekday_branch_operator to 2022-09-30T00:00:00+00:00, run_after=2022-10-01T00:00:00+00:00
[2022-10-01T00:27:11.687+0000] {processor.py:161} INFO - Processing /home/airflow/.local/lib/python3.7/site-packages/airflow/example_dags/example_branch_day_of_week_operator.py took 0.061 seconds
[2022-10-01T00:27:42.463+0000] {processor.py:153} INFO - Started process (PID=36779) to work on /home/airflow/.local/lib/python3.7/site-packages/airflow/example_dags/example_branch_day_of_week_operator.py
[2022-10-01T00:27:42.465+0000] {processor.py:640} INFO - Processing file /home/airflow/.local/lib/python3.7/site-packages/airflow/example_dags/example_branch_day_of_week_operator.py for tasks to queue
[2022-10-01T00:27:42.468+0000] {logging_mixin.py:115} INFO - [2022-10-01T00:27:42.467+0000] {dagbag.py:508} INFO - Filling up the DagBag from /home/airflow/.local/lib/python3.7/site-packages/airflow/example_dags/example_branch_day_of_week_operator.py
[2022-10-01T00:27:42.475+0000] {processor.py:650} INFO - DAG(s) dict_keys(['example_weekday_branch_operator']) retrieved from /home/airflow/.local/lib/python3.7/site-packages/airflow/example_dags/example_branch_day_of_week_operator.py
[2022-10-01T00:27:42.495+0000] {logging_mixin.py:115} INFO - [2022-10-01T00:27:42.495+0000] {dag.py:2429} INFO - Sync 1 DAGs
[2022-10-01T00:27:42.511+0000] {logging_mixin.py:115} INFO - [2022-10-01T00:27:42.511+0000] {dag.py:2981} INFO - Setting next_dagrun for example_weekday_branch_operator to 2022-09-30T00:00:00+00:00, run_after=2022-10-01T00:00:00+00:00
[2022-10-01T00:27:42.522+0000] {processor.py:161} INFO - Processing /home/airflow/.local/lib/python3.7/site-packages/airflow/example_dags/example_branch_day_of_week_operator.py took 0.062 seconds
[2022-10-01T00:28:12.995+0000] {processor.py:153} INFO - Started process (PID=36836) to work on /home/airflow/.local/lib/python3.7/site-packages/airflow/example_dags/example_branch_day_of_week_operator.py
[2022-10-01T00:28:12.998+0000] {processor.py:640} INFO - Processing file /home/airflow/.local/lib/python3.7/site-packages/airflow/example_dags/example_branch_day_of_week_operator.py for tasks to queue
[2022-10-01T00:28:12.999+0000] {logging_mixin.py:115} INFO - [2022-10-01T00:28:12.999+0000] {dagbag.py:508} INFO - Filling up the DagBag from /home/airflow/.local/lib/python3.7/site-packages/airflow/example_dags/example_branch_day_of_week_operator.py
[2022-10-01T00:28:13.006+0000] {processor.py:650} INFO - DAG(s) dict_keys(['example_weekday_branch_operator']) retrieved from /home/airflow/.local/lib/python3.7/site-packages/airflow/example_dags/example_branch_day_of_week_operator.py
[2022-10-01T00:28:13.026+0000] {logging_mixin.py:115} INFO - [2022-10-01T00:28:13.026+0000] {dag.py:2429} INFO - Sync 1 DAGs
[2022-10-01T00:28:13.042+0000] {logging_mixin.py:115} INFO - [2022-10-01T00:28:13.042+0000] {dag.py:2981} INFO - Setting next_dagrun for example_weekday_branch_operator to 2022-09-30T00:00:00+00:00, run_after=2022-10-01T00:00:00+00:00
[2022-10-01T00:28:13.051+0000] {processor.py:161} INFO - Processing /home/airflow/.local/lib/python3.7/site-packages/airflow/example_dags/example_branch_day_of_week_operator.py took 0.059 seconds
[2022-10-01T00:28:43.502+0000] {processor.py:153} INFO - Started process (PID=36902) to work on /home/airflow/.local/lib/python3.7/site-packages/airflow/example_dags/example_branch_day_of_week_operator.py
[2022-10-01T00:28:43.504+0000] {processor.py:640} INFO - Processing file /home/airflow/.local/lib/python3.7/site-packages/airflow/example_dags/example_branch_day_of_week_operator.py for tasks to queue
[2022-10-01T00:28:43.505+0000] {logging_mixin.py:115} INFO - [2022-10-01T00:28:43.505+0000] {dagbag.py:508} INFO - Filling up the DagBag from /home/airflow/.local/lib/python3.7/site-packages/airflow/example_dags/example_branch_day_of_week_operator.py
[2022-10-01T00:28:43.511+0000] {processor.py:650} INFO - DAG(s) dict_keys(['example_weekday_branch_operator']) retrieved from /home/airflow/.local/lib/python3.7/site-packages/airflow/example_dags/example_branch_day_of_week_operator.py
[2022-10-01T00:28:43.529+0000] {logging_mixin.py:115} INFO - [2022-10-01T00:28:43.529+0000] {dag.py:2429} INFO - Sync 1 DAGs
[2022-10-01T00:28:43.545+0000] {logging_mixin.py:115} INFO - [2022-10-01T00:28:43.545+0000] {dag.py:2981} INFO - Setting next_dagrun for example_weekday_branch_operator to 2022-09-30T00:00:00+00:00, run_after=2022-10-01T00:00:00+00:00
[2022-10-01T00:28:43.552+0000] {processor.py:161} INFO - Processing /home/airflow/.local/lib/python3.7/site-packages/airflow/example_dags/example_branch_day_of_week_operator.py took 0.053 seconds
[2022-10-01T00:29:14.022+0000] {processor.py:153} INFO - Started process (PID=36968) to work on /home/airflow/.local/lib/python3.7/site-packages/airflow/example_dags/example_branch_day_of_week_operator.py
[2022-10-01T00:29:14.025+0000] {processor.py:640} INFO - Processing file /home/airflow/.local/lib/python3.7/site-packages/airflow/example_dags/example_branch_day_of_week_operator.py for tasks to queue
[2022-10-01T00:29:14.026+0000] {logging_mixin.py:115} INFO - [2022-10-01T00:29:14.025+0000] {dagbag.py:508} INFO - Filling up the DagBag from /home/airflow/.local/lib/python3.7/site-packages/airflow/example_dags/example_branch_day_of_week_operator.py
[2022-10-01T00:29:14.033+0000] {processor.py:650} INFO - DAG(s) dict_keys(['example_weekday_branch_operator']) retrieved from /home/airflow/.local/lib/python3.7/site-packages/airflow/example_dags/example_branch_day_of_week_operator.py
[2022-10-01T00:29:14.059+0000] {logging_mixin.py:115} INFO - [2022-10-01T00:29:14.059+0000] {dag.py:2429} INFO - Sync 1 DAGs
[2022-10-01T00:29:14.074+0000] {logging_mixin.py:115} INFO - [2022-10-01T00:29:14.074+0000] {dag.py:2981} INFO - Setting next_dagrun for example_weekday_branch_operator to 2022-09-30T00:00:00+00:00, run_after=2022-10-01T00:00:00+00:00
[2022-10-01T00:29:14.082+0000] {processor.py:161} INFO - Processing /home/airflow/.local/lib/python3.7/site-packages/airflow/example_dags/example_branch_day_of_week_operator.py took 0.063 seconds
[2022-10-01T00:29:44.839+0000] {processor.py:153} INFO - Started process (PID=37025) to work on /home/airflow/.local/lib/python3.7/site-packages/airflow/example_dags/example_branch_day_of_week_operator.py
[2022-10-01T00:29:44.841+0000] {processor.py:640} INFO - Processing file /home/airflow/.local/lib/python3.7/site-packages/airflow/example_dags/example_branch_day_of_week_operator.py for tasks to queue
[2022-10-01T00:29:44.842+0000] {logging_mixin.py:115} INFO - [2022-10-01T00:29:44.842+0000] {dagbag.py:508} INFO - Filling up the DagBag from /home/airflow/.local/lib/python3.7/site-packages/airflow/example_dags/example_branch_day_of_week_operator.py
[2022-10-01T00:29:44.850+0000] {processor.py:650} INFO - DAG(s) dict_keys(['example_weekday_branch_operator']) retrieved from /home/airflow/.local/lib/python3.7/site-packages/airflow/example_dags/example_branch_day_of_week_operator.py
[2022-10-01T00:29:44.875+0000] {logging_mixin.py:115} INFO - [2022-10-01T00:29:44.875+0000] {dag.py:2429} INFO - Sync 1 DAGs
[2022-10-01T00:29:44.892+0000] {logging_mixin.py:115} INFO - [2022-10-01T00:29:44.892+0000] {dag.py:2981} INFO - Setting next_dagrun for example_weekday_branch_operator to 2022-09-30T00:00:00+00:00, run_after=2022-10-01T00:00:00+00:00
[2022-10-01T00:29:44.902+0000] {processor.py:161} INFO - Processing /home/airflow/.local/lib/python3.7/site-packages/airflow/example_dags/example_branch_day_of_week_operator.py took 0.066 seconds
[2022-10-01T00:30:15.462+0000] {processor.py:153} INFO - Started process (PID=37090) to work on /home/airflow/.local/lib/python3.7/site-packages/airflow/example_dags/example_branch_day_of_week_operator.py
[2022-10-01T00:30:15.464+0000] {processor.py:640} INFO - Processing file /home/airflow/.local/lib/python3.7/site-packages/airflow/example_dags/example_branch_day_of_week_operator.py for tasks to queue
[2022-10-01T00:30:15.465+0000] {logging_mixin.py:115} INFO - [2022-10-01T00:30:15.465+0000] {dagbag.py:508} INFO - Filling up the DagBag from /home/airflow/.local/lib/python3.7/site-packages/airflow/example_dags/example_branch_day_of_week_operator.py
[2022-10-01T00:30:15.472+0000] {processor.py:650} INFO - DAG(s) dict_keys(['example_weekday_branch_operator']) retrieved from /home/airflow/.local/lib/python3.7/site-packages/airflow/example_dags/example_branch_day_of_week_operator.py
[2022-10-01T00:30:15.490+0000] {logging_mixin.py:115} INFO - [2022-10-01T00:30:15.490+0000] {dag.py:2429} INFO - Sync 1 DAGs
[2022-10-01T00:30:15.505+0000] {logging_mixin.py:115} INFO - [2022-10-01T00:30:15.505+0000] {dag.py:2981} INFO - Setting next_dagrun for example_weekday_branch_operator to 2022-09-30T00:00:00+00:00, run_after=2022-10-01T00:00:00+00:00
[2022-10-01T00:30:15.515+0000] {processor.py:161} INFO - Processing /home/airflow/.local/lib/python3.7/site-packages/airflow/example_dags/example_branch_day_of_week_operator.py took 0.055 seconds
[2022-10-01T00:30:45.845+0000] {processor.py:153} INFO - Started process (PID=37156) to work on /home/airflow/.local/lib/python3.7/site-packages/airflow/example_dags/example_branch_day_of_week_operator.py
[2022-10-01T00:30:45.846+0000] {processor.py:640} INFO - Processing file /home/airflow/.local/lib/python3.7/site-packages/airflow/example_dags/example_branch_day_of_week_operator.py for tasks to queue
[2022-10-01T00:30:45.847+0000] {logging_mixin.py:115} INFO - [2022-10-01T00:30:45.847+0000] {dagbag.py:508} INFO - Filling up the DagBag from /home/airflow/.local/lib/python3.7/site-packages/airflow/example_dags/example_branch_day_of_week_operator.py
[2022-10-01T00:30:45.856+0000] {processor.py:650} INFO - DAG(s) dict_keys(['example_weekday_branch_operator']) retrieved from /home/airflow/.local/lib/python3.7/site-packages/airflow/example_dags/example_branch_day_of_week_operator.py
[2022-10-01T00:30:45.880+0000] {logging_mixin.py:115} INFO - [2022-10-01T00:30:45.880+0000] {dag.py:2429} INFO - Sync 1 DAGs
[2022-10-01T00:30:45.894+0000] {logging_mixin.py:115} INFO - [2022-10-01T00:30:45.894+0000] {dag.py:2981} INFO - Setting next_dagrun for example_weekday_branch_operator to 2022-09-30T00:00:00+00:00, run_after=2022-10-01T00:00:00+00:00
[2022-10-01T00:30:45.910+0000] {processor.py:161} INFO - Processing /home/airflow/.local/lib/python3.7/site-packages/airflow/example_dags/example_branch_day_of_week_operator.py took 0.068 seconds
[2022-10-01T00:31:16.339+0000] {processor.py:153} INFO - Started process (PID=37222) to work on /home/airflow/.local/lib/python3.7/site-packages/airflow/example_dags/example_branch_day_of_week_operator.py
[2022-10-01T00:31:16.340+0000] {processor.py:640} INFO - Processing file /home/airflow/.local/lib/python3.7/site-packages/airflow/example_dags/example_branch_day_of_week_operator.py for tasks to queue
[2022-10-01T00:31:16.342+0000] {logging_mixin.py:115} INFO - [2022-10-01T00:31:16.342+0000] {dagbag.py:508} INFO - Filling up the DagBag from /home/airflow/.local/lib/python3.7/site-packages/airflow/example_dags/example_branch_day_of_week_operator.py
[2022-10-01T00:31:16.348+0000] {processor.py:650} INFO - DAG(s) dict_keys(['example_weekday_branch_operator']) retrieved from /home/airflow/.local/lib/python3.7/site-packages/airflow/example_dags/example_branch_day_of_week_operator.py
[2022-10-01T00:31:16.367+0000] {logging_mixin.py:115} INFO - [2022-10-01T00:31:16.367+0000] {dag.py:2429} INFO - Sync 1 DAGs
[2022-10-01T00:31:16.383+0000] {logging_mixin.py:115} INFO - [2022-10-01T00:31:16.383+0000] {dag.py:2981} INFO - Setting next_dagrun for example_weekday_branch_operator to 2022-09-30T00:00:00+00:00, run_after=2022-10-01T00:00:00+00:00
[2022-10-01T00:31:16.393+0000] {processor.py:161} INFO - Processing /home/airflow/.local/lib/python3.7/site-packages/airflow/example_dags/example_branch_day_of_week_operator.py took 0.057 seconds
[2022-10-01T00:31:46.976+0000] {processor.py:153} INFO - Started process (PID=37279) to work on /home/airflow/.local/lib/python3.7/site-packages/airflow/example_dags/example_branch_day_of_week_operator.py
[2022-10-01T00:31:46.978+0000] {processor.py:640} INFO - Processing file /home/airflow/.local/lib/python3.7/site-packages/airflow/example_dags/example_branch_day_of_week_operator.py for tasks to queue
[2022-10-01T00:31:46.980+0000] {logging_mixin.py:115} INFO - [2022-10-01T00:31:46.979+0000] {dagbag.py:508} INFO - Filling up the DagBag from /home/airflow/.local/lib/python3.7/site-packages/airflow/example_dags/example_branch_day_of_week_operator.py
[2022-10-01T00:31:46.987+0000] {processor.py:650} INFO - DAG(s) dict_keys(['example_weekday_branch_operator']) retrieved from /home/airflow/.local/lib/python3.7/site-packages/airflow/example_dags/example_branch_day_of_week_operator.py
[2022-10-01T00:31:47.005+0000] {logging_mixin.py:115} INFO - [2022-10-01T00:31:47.005+0000] {dag.py:2429} INFO - Sync 1 DAGs
[2022-10-01T00:31:47.019+0000] {logging_mixin.py:115} INFO - [2022-10-01T00:31:47.019+0000] {dag.py:2981} INFO - Setting next_dagrun for example_weekday_branch_operator to 2022-09-30T00:00:00+00:00, run_after=2022-10-01T00:00:00+00:00
[2022-10-01T00:31:47.030+0000] {processor.py:161} INFO - Processing /home/airflow/.local/lib/python3.7/site-packages/airflow/example_dags/example_branch_day_of_week_operator.py took 0.056 seconds
[2022-10-01T00:32:17.329+0000] {processor.py:153} INFO - Started process (PID=37345) to work on /home/airflow/.local/lib/python3.7/site-packages/airflow/example_dags/example_branch_day_of_week_operator.py
[2022-10-01T00:32:17.331+0000] {processor.py:640} INFO - Processing file /home/airflow/.local/lib/python3.7/site-packages/airflow/example_dags/example_branch_day_of_week_operator.py for tasks to queue
[2022-10-01T00:32:17.332+0000] {logging_mixin.py:115} INFO - [2022-10-01T00:32:17.332+0000] {dagbag.py:508} INFO - Filling up the DagBag from /home/airflow/.local/lib/python3.7/site-packages/airflow/example_dags/example_branch_day_of_week_operator.py
[2022-10-01T00:32:17.339+0000] {processor.py:650} INFO - DAG(s) dict_keys(['example_weekday_branch_operator']) retrieved from /home/airflow/.local/lib/python3.7/site-packages/airflow/example_dags/example_branch_day_of_week_operator.py
[2022-10-01T00:32:17.358+0000] {logging_mixin.py:115} INFO - [2022-10-01T00:32:17.358+0000] {dag.py:2429} INFO - Sync 1 DAGs
[2022-10-01T00:32:17.373+0000] {logging_mixin.py:115} INFO - [2022-10-01T00:32:17.373+0000] {dag.py:2981} INFO - Setting next_dagrun for example_weekday_branch_operator to 2022-09-30T00:00:00+00:00, run_after=2022-10-01T00:00:00+00:00
[2022-10-01T00:32:17.381+0000] {processor.py:161} INFO - Processing /home/airflow/.local/lib/python3.7/site-packages/airflow/example_dags/example_branch_day_of_week_operator.py took 0.054 seconds
[2022-10-01T00:32:47.885+0000] {processor.py:153} INFO - Started process (PID=37410) to work on /home/airflow/.local/lib/python3.7/site-packages/airflow/example_dags/example_branch_day_of_week_operator.py
[2022-10-01T00:32:47.892+0000] {processor.py:640} INFO - Processing file /home/airflow/.local/lib/python3.7/site-packages/airflow/example_dags/example_branch_day_of_week_operator.py for tasks to queue
[2022-10-01T00:32:47.902+0000] {logging_mixin.py:115} INFO - [2022-10-01T00:32:47.901+0000] {dagbag.py:508} INFO - Filling up the DagBag from /home/airflow/.local/lib/python3.7/site-packages/airflow/example_dags/example_branch_day_of_week_operator.py
[2022-10-01T00:32:47.921+0000] {processor.py:650} INFO - DAG(s) dict_keys(['example_weekday_branch_operator']) retrieved from /home/airflow/.local/lib/python3.7/site-packages/airflow/example_dags/example_branch_day_of_week_operator.py
[2022-10-01T00:32:47.971+0000] {logging_mixin.py:115} INFO - [2022-10-01T00:32:47.971+0000] {dag.py:2429} INFO - Sync 1 DAGs
[2022-10-01T00:32:48.006+0000] {logging_mixin.py:115} INFO - [2022-10-01T00:32:48.006+0000] {dag.py:2981} INFO - Setting next_dagrun for example_weekday_branch_operator to 2022-09-30T00:00:00+00:00, run_after=2022-10-01T00:00:00+00:00
[2022-10-01T00:32:48.023+0000] {processor.py:161} INFO - Processing /home/airflow/.local/lib/python3.7/site-packages/airflow/example_dags/example_branch_day_of_week_operator.py took 0.142 seconds
[2022-10-01T00:33:18.906+0000] {processor.py:153} INFO - Started process (PID=37467) to work on /home/airflow/.local/lib/python3.7/site-packages/airflow/example_dags/example_branch_day_of_week_operator.py
[2022-10-01T00:33:18.907+0000] {processor.py:640} INFO - Processing file /home/airflow/.local/lib/python3.7/site-packages/airflow/example_dags/example_branch_day_of_week_operator.py for tasks to queue
[2022-10-01T00:33:18.909+0000] {logging_mixin.py:115} INFO - [2022-10-01T00:33:18.909+0000] {dagbag.py:508} INFO - Filling up the DagBag from /home/airflow/.local/lib/python3.7/site-packages/airflow/example_dags/example_branch_day_of_week_operator.py
[2022-10-01T00:33:18.920+0000] {processor.py:650} INFO - DAG(s) dict_keys(['example_weekday_branch_operator']) retrieved from /home/airflow/.local/lib/python3.7/site-packages/airflow/example_dags/example_branch_day_of_week_operator.py
[2022-10-01T00:33:18.941+0000] {logging_mixin.py:115} INFO - [2022-10-01T00:33:18.941+0000] {dag.py:2429} INFO - Sync 1 DAGs
[2022-10-01T00:33:18.959+0000] {logging_mixin.py:115} INFO - [2022-10-01T00:33:18.959+0000] {dag.py:2981} INFO - Setting next_dagrun for example_weekday_branch_operator to 2022-09-30T00:00:00+00:00, run_after=2022-10-01T00:00:00+00:00
[2022-10-01T00:33:18.968+0000] {processor.py:161} INFO - Processing /home/airflow/.local/lib/python3.7/site-packages/airflow/example_dags/example_branch_day_of_week_operator.py took 0.066 seconds
[2022-10-01T00:33:49.372+0000] {processor.py:153} INFO - Started process (PID=37531) to work on /home/airflow/.local/lib/python3.7/site-packages/airflow/example_dags/example_branch_day_of_week_operator.py
[2022-10-01T00:33:49.375+0000] {processor.py:640} INFO - Processing file /home/airflow/.local/lib/python3.7/site-packages/airflow/example_dags/example_branch_day_of_week_operator.py for tasks to queue
[2022-10-01T00:33:49.376+0000] {logging_mixin.py:115} INFO - [2022-10-01T00:33:49.376+0000] {dagbag.py:508} INFO - Filling up the DagBag from /home/airflow/.local/lib/python3.7/site-packages/airflow/example_dags/example_branch_day_of_week_operator.py
[2022-10-01T00:33:49.384+0000] {processor.py:650} INFO - DAG(s) dict_keys(['example_weekday_branch_operator']) retrieved from /home/airflow/.local/lib/python3.7/site-packages/airflow/example_dags/example_branch_day_of_week_operator.py
[2022-10-01T00:33:49.403+0000] {logging_mixin.py:115} INFO - [2022-10-01T00:33:49.403+0000] {dag.py:2429} INFO - Sync 1 DAGs
[2022-10-01T00:33:49.423+0000] {logging_mixin.py:115} INFO - [2022-10-01T00:33:49.423+0000] {dag.py:2981} INFO - Setting next_dagrun for example_weekday_branch_operator to 2022-09-30T00:00:00+00:00, run_after=2022-10-01T00:00:00+00:00
[2022-10-01T00:33:49.432+0000] {processor.py:161} INFO - Processing /home/airflow/.local/lib/python3.7/site-packages/airflow/example_dags/example_branch_day_of_week_operator.py took 0.063 seconds
[2022-10-01T00:34:19.968+0000] {processor.py:153} INFO - Started process (PID=37589) to work on /home/airflow/.local/lib/python3.7/site-packages/airflow/example_dags/example_branch_day_of_week_operator.py
[2022-10-01T00:34:19.970+0000] {processor.py:640} INFO - Processing file /home/airflow/.local/lib/python3.7/site-packages/airflow/example_dags/example_branch_day_of_week_operator.py for tasks to queue
[2022-10-01T00:34:19.972+0000] {logging_mixin.py:115} INFO - [2022-10-01T00:34:19.972+0000] {dagbag.py:508} INFO - Filling up the DagBag from /home/airflow/.local/lib/python3.7/site-packages/airflow/example_dags/example_branch_day_of_week_operator.py
[2022-10-01T00:34:19.982+0000] {processor.py:650} INFO - DAG(s) dict_keys(['example_weekday_branch_operator']) retrieved from /home/airflow/.local/lib/python3.7/site-packages/airflow/example_dags/example_branch_day_of_week_operator.py
[2022-10-01T00:34:20.002+0000] {logging_mixin.py:115} INFO - [2022-10-01T00:34:20.002+0000] {dag.py:2429} INFO - Sync 1 DAGs
[2022-10-01T00:34:20.018+0000] {logging_mixin.py:115} INFO - [2022-10-01T00:34:20.018+0000] {dag.py:2981} INFO - Setting next_dagrun for example_weekday_branch_operator to 2022-09-30T00:00:00+00:00, run_after=2022-10-01T00:00:00+00:00
[2022-10-01T00:34:20.027+0000] {processor.py:161} INFO - Processing /home/airflow/.local/lib/python3.7/site-packages/airflow/example_dags/example_branch_day_of_week_operator.py took 0.062 seconds
[2022-10-01T00:34:50.848+0000] {processor.py:153} INFO - Started process (PID=37655) to work on /home/airflow/.local/lib/python3.7/site-packages/airflow/example_dags/example_branch_day_of_week_operator.py
[2022-10-01T00:34:50.851+0000] {processor.py:640} INFO - Processing file /home/airflow/.local/lib/python3.7/site-packages/airflow/example_dags/example_branch_day_of_week_operator.py for tasks to queue
[2022-10-01T00:34:50.853+0000] {logging_mixin.py:115} INFO - [2022-10-01T00:34:50.853+0000] {dagbag.py:508} INFO - Filling up the DagBag from /home/airflow/.local/lib/python3.7/site-packages/airflow/example_dags/example_branch_day_of_week_operator.py
[2022-10-01T00:34:50.863+0000] {processor.py:650} INFO - DAG(s) dict_keys(['example_weekday_branch_operator']) retrieved from /home/airflow/.local/lib/python3.7/site-packages/airflow/example_dags/example_branch_day_of_week_operator.py
[2022-10-01T00:34:50.885+0000] {logging_mixin.py:115} INFO - [2022-10-01T00:34:50.885+0000] {dag.py:2429} INFO - Sync 1 DAGs
[2022-10-01T00:34:50.898+0000] {logging_mixin.py:115} INFO - [2022-10-01T00:34:50.898+0000] {dag.py:2981} INFO - Setting next_dagrun for example_weekday_branch_operator to 2022-09-30T00:00:00+00:00, run_after=2022-10-01T00:00:00+00:00
[2022-10-01T00:34:50.905+0000] {processor.py:161} INFO - Processing /home/airflow/.local/lib/python3.7/site-packages/airflow/example_dags/example_branch_day_of_week_operator.py took 0.060 seconds
[2022-10-01T00:35:21.343+0000] {processor.py:153} INFO - Started process (PID=37721) to work on /home/airflow/.local/lib/python3.7/site-packages/airflow/example_dags/example_branch_day_of_week_operator.py
[2022-10-01T00:35:21.346+0000] {processor.py:640} INFO - Processing file /home/airflow/.local/lib/python3.7/site-packages/airflow/example_dags/example_branch_day_of_week_operator.py for tasks to queue
[2022-10-01T00:35:21.348+0000] {logging_mixin.py:115} INFO - [2022-10-01T00:35:21.348+0000] {dagbag.py:508} INFO - Filling up the DagBag from /home/airflow/.local/lib/python3.7/site-packages/airflow/example_dags/example_branch_day_of_week_operator.py
[2022-10-01T00:35:21.366+0000] {processor.py:650} INFO - DAG(s) dict_keys(['example_weekday_branch_operator']) retrieved from /home/airflow/.local/lib/python3.7/site-packages/airflow/example_dags/example_branch_day_of_week_operator.py
[2022-10-01T00:35:21.406+0000] {logging_mixin.py:115} INFO - [2022-10-01T00:35:21.406+0000] {dag.py:2429} INFO - Sync 1 DAGs
[2022-10-01T00:35:21.423+0000] {logging_mixin.py:115} INFO - [2022-10-01T00:35:21.423+0000] {dag.py:2981} INFO - Setting next_dagrun for example_weekday_branch_operator to 2022-09-30T00:00:00+00:00, run_after=2022-10-01T00:00:00+00:00
[2022-10-01T00:35:21.439+0000] {processor.py:161} INFO - Processing /home/airflow/.local/lib/python3.7/site-packages/airflow/example_dags/example_branch_day_of_week_operator.py took 0.099 seconds
[2022-10-01T00:35:52.455+0000] {processor.py:153} INFO - Started process (PID=37779) to work on /home/airflow/.local/lib/python3.7/site-packages/airflow/example_dags/example_branch_day_of_week_operator.py
[2022-10-01T00:35:52.463+0000] {processor.py:640} INFO - Processing file /home/airflow/.local/lib/python3.7/site-packages/airflow/example_dags/example_branch_day_of_week_operator.py for tasks to queue
[2022-10-01T00:35:52.466+0000] {logging_mixin.py:115} INFO - [2022-10-01T00:35:52.466+0000] {dagbag.py:508} INFO - Filling up the DagBag from /home/airflow/.local/lib/python3.7/site-packages/airflow/example_dags/example_branch_day_of_week_operator.py
[2022-10-01T00:35:52.477+0000] {processor.py:650} INFO - DAG(s) dict_keys(['example_weekday_branch_operator']) retrieved from /home/airflow/.local/lib/python3.7/site-packages/airflow/example_dags/example_branch_day_of_week_operator.py
[2022-10-01T00:35:52.505+0000] {logging_mixin.py:115} INFO - [2022-10-01T00:35:52.505+0000] {dag.py:2429} INFO - Sync 1 DAGs
[2022-10-01T00:35:52.523+0000] {logging_mixin.py:115} INFO - [2022-10-01T00:35:52.523+0000] {dag.py:2981} INFO - Setting next_dagrun for example_weekday_branch_operator to 2022-09-30T00:00:00+00:00, run_after=2022-10-01T00:00:00+00:00
[2022-10-01T00:35:52.532+0000] {processor.py:161} INFO - Processing /home/airflow/.local/lib/python3.7/site-packages/airflow/example_dags/example_branch_day_of_week_operator.py took 0.081 seconds
