[2022-10-01T00:00:25.796+0000] {processor.py:153} INFO - Started process (PID=33946) to work on /home/airflow/.local/lib/python3.7/site-packages/airflow/example_dags/example_kubernetes_executor.py
[2022-10-01T00:00:25.801+0000] {processor.py:640} INFO - Processing file /home/airflow/.local/lib/python3.7/site-packages/airflow/example_dags/example_kubernetes_executor.py for tasks to queue
[2022-10-01T00:00:25.804+0000] {logging_mixin.py:115} INFO - [2022-10-01T00:00:25.804+0000] {dagbag.py:508} INFO - Filling up the DagBag from /home/airflow/.local/lib/python3.7/site-packages/airflow/example_dags/example_kubernetes_executor.py
[2022-10-01T00:00:25.847+0000] {processor.py:650} INFO - DAG(s) dict_keys(['example_kubernetes_executor']) retrieved from /home/airflow/.local/lib/python3.7/site-packages/airflow/example_dags/example_kubernetes_executor.py
[2022-10-01T00:00:25.884+0000] {logging_mixin.py:115} INFO - [2022-10-01T00:00:25.884+0000] {dag.py:2429} INFO - Sync 1 DAGs
[2022-10-01T00:00:25.921+0000] {logging_mixin.py:115} INFO - [2022-10-01T00:00:25.921+0000] {dag.py:2981} INFO - Setting next_dagrun for example_kubernetes_executor to None, run_after=None
[2022-10-01T00:00:25.945+0000] {processor.py:161} INFO - Processing /home/airflow/.local/lib/python3.7/site-packages/airflow/example_dags/example_kubernetes_executor.py took 0.157 seconds
[2022-10-01T00:00:56.199+0000] {processor.py:153} INFO - Started process (PID=34003) to work on /home/airflow/.local/lib/python3.7/site-packages/airflow/example_dags/example_kubernetes_executor.py
[2022-10-01T00:00:56.201+0000] {processor.py:640} INFO - Processing file /home/airflow/.local/lib/python3.7/site-packages/airflow/example_dags/example_kubernetes_executor.py for tasks to queue
[2022-10-01T00:00:56.203+0000] {logging_mixin.py:115} INFO - [2022-10-01T00:00:56.202+0000] {dagbag.py:508} INFO - Filling up the DagBag from /home/airflow/.local/lib/python3.7/site-packages/airflow/example_dags/example_kubernetes_executor.py
[2022-10-01T00:00:56.222+0000] {processor.py:650} INFO - DAG(s) dict_keys(['example_kubernetes_executor']) retrieved from /home/airflow/.local/lib/python3.7/site-packages/airflow/example_dags/example_kubernetes_executor.py
[2022-10-01T00:00:56.238+0000] {logging_mixin.py:115} INFO - [2022-10-01T00:00:56.238+0000] {dag.py:2429} INFO - Sync 1 DAGs
[2022-10-01T00:00:56.250+0000] {logging_mixin.py:115} INFO - [2022-10-01T00:00:56.250+0000] {dag.py:2981} INFO - Setting next_dagrun for example_kubernetes_executor to None, run_after=None
[2022-10-01T00:00:56.259+0000] {processor.py:161} INFO - Processing /home/airflow/.local/lib/python3.7/site-packages/airflow/example_dags/example_kubernetes_executor.py took 0.063 seconds
[2022-10-01T00:01:26.901+0000] {processor.py:153} INFO - Started process (PID=34069) to work on /home/airflow/.local/lib/python3.7/site-packages/airflow/example_dags/example_kubernetes_executor.py
[2022-10-01T00:01:26.904+0000] {processor.py:640} INFO - Processing file /home/airflow/.local/lib/python3.7/site-packages/airflow/example_dags/example_kubernetes_executor.py for tasks to queue
[2022-10-01T00:01:26.906+0000] {logging_mixin.py:115} INFO - [2022-10-01T00:01:26.906+0000] {dagbag.py:508} INFO - Filling up the DagBag from /home/airflow/.local/lib/python3.7/site-packages/airflow/example_dags/example_kubernetes_executor.py
[2022-10-01T00:01:26.928+0000] {processor.py:650} INFO - DAG(s) dict_keys(['example_kubernetes_executor']) retrieved from /home/airflow/.local/lib/python3.7/site-packages/airflow/example_dags/example_kubernetes_executor.py
[2022-10-01T00:01:26.950+0000] {logging_mixin.py:115} INFO - [2022-10-01T00:01:26.950+0000] {dag.py:2429} INFO - Sync 1 DAGs
[2022-10-01T00:01:26.964+0000] {logging_mixin.py:115} INFO - [2022-10-01T00:01:26.964+0000] {dag.py:2981} INFO - Setting next_dagrun for example_kubernetes_executor to None, run_after=None
[2022-10-01T00:01:26.972+0000] {processor.py:161} INFO - Processing /home/airflow/.local/lib/python3.7/site-packages/airflow/example_dags/example_kubernetes_executor.py took 0.075 seconds
[2022-10-01T00:01:57.285+0000] {processor.py:153} INFO - Started process (PID=34135) to work on /home/airflow/.local/lib/python3.7/site-packages/airflow/example_dags/example_kubernetes_executor.py
[2022-10-01T00:01:57.288+0000] {processor.py:640} INFO - Processing file /home/airflow/.local/lib/python3.7/site-packages/airflow/example_dags/example_kubernetes_executor.py for tasks to queue
[2022-10-01T00:01:57.289+0000] {logging_mixin.py:115} INFO - [2022-10-01T00:01:57.289+0000] {dagbag.py:508} INFO - Filling up the DagBag from /home/airflow/.local/lib/python3.7/site-packages/airflow/example_dags/example_kubernetes_executor.py
[2022-10-01T00:01:57.315+0000] {processor.py:650} INFO - DAG(s) dict_keys(['example_kubernetes_executor']) retrieved from /home/airflow/.local/lib/python3.7/site-packages/airflow/example_dags/example_kubernetes_executor.py
[2022-10-01T00:01:57.339+0000] {logging_mixin.py:115} INFO - [2022-10-01T00:01:57.339+0000] {dag.py:2429} INFO - Sync 1 DAGs
[2022-10-01T00:01:57.354+0000] {logging_mixin.py:115} INFO - [2022-10-01T00:01:57.354+0000] {dag.py:2981} INFO - Setting next_dagrun for example_kubernetes_executor to None, run_after=None
[2022-10-01T00:01:57.362+0000] {processor.py:161} INFO - Processing /home/airflow/.local/lib/python3.7/site-packages/airflow/example_dags/example_kubernetes_executor.py took 0.081 seconds
[2022-10-01T00:02:27.764+0000] {processor.py:153} INFO - Started process (PID=34192) to work on /home/airflow/.local/lib/python3.7/site-packages/airflow/example_dags/example_kubernetes_executor.py
[2022-10-01T00:02:27.767+0000] {processor.py:640} INFO - Processing file /home/airflow/.local/lib/python3.7/site-packages/airflow/example_dags/example_kubernetes_executor.py for tasks to queue
[2022-10-01T00:02:27.769+0000] {logging_mixin.py:115} INFO - [2022-10-01T00:02:27.769+0000] {dagbag.py:508} INFO - Filling up the DagBag from /home/airflow/.local/lib/python3.7/site-packages/airflow/example_dags/example_kubernetes_executor.py
[2022-10-01T00:02:27.788+0000] {processor.py:650} INFO - DAG(s) dict_keys(['example_kubernetes_executor']) retrieved from /home/airflow/.local/lib/python3.7/site-packages/airflow/example_dags/example_kubernetes_executor.py
[2022-10-01T00:02:27.806+0000] {logging_mixin.py:115} INFO - [2022-10-01T00:02:27.806+0000] {dag.py:2429} INFO - Sync 1 DAGs
[2022-10-01T00:02:27.819+0000] {logging_mixin.py:115} INFO - [2022-10-01T00:02:27.819+0000] {dag.py:2981} INFO - Setting next_dagrun for example_kubernetes_executor to None, run_after=None
[2022-10-01T00:02:27.826+0000] {processor.py:161} INFO - Processing /home/airflow/.local/lib/python3.7/site-packages/airflow/example_dags/example_kubernetes_executor.py took 0.070 seconds
[2022-10-01T00:02:58.137+0000] {processor.py:153} INFO - Started process (PID=34258) to work on /home/airflow/.local/lib/python3.7/site-packages/airflow/example_dags/example_kubernetes_executor.py
[2022-10-01T00:02:58.139+0000] {processor.py:640} INFO - Processing file /home/airflow/.local/lib/python3.7/site-packages/airflow/example_dags/example_kubernetes_executor.py for tasks to queue
[2022-10-01T00:02:58.140+0000] {logging_mixin.py:115} INFO - [2022-10-01T00:02:58.140+0000] {dagbag.py:508} INFO - Filling up the DagBag from /home/airflow/.local/lib/python3.7/site-packages/airflow/example_dags/example_kubernetes_executor.py
[2022-10-01T00:02:58.157+0000] {processor.py:650} INFO - DAG(s) dict_keys(['example_kubernetes_executor']) retrieved from /home/airflow/.local/lib/python3.7/site-packages/airflow/example_dags/example_kubernetes_executor.py
[2022-10-01T00:02:58.175+0000] {logging_mixin.py:115} INFO - [2022-10-01T00:02:58.175+0000] {dag.py:2429} INFO - Sync 1 DAGs
[2022-10-01T00:02:58.188+0000] {logging_mixin.py:115} INFO - [2022-10-01T00:02:58.188+0000] {dag.py:2981} INFO - Setting next_dagrun for example_kubernetes_executor to None, run_after=None
[2022-10-01T00:02:58.195+0000] {processor.py:161} INFO - Processing /home/airflow/.local/lib/python3.7/site-packages/airflow/example_dags/example_kubernetes_executor.py took 0.061 seconds
[2022-10-01T00:03:28.363+0000] {processor.py:153} INFO - Started process (PID=34325) to work on /home/airflow/.local/lib/python3.7/site-packages/airflow/example_dags/example_kubernetes_executor.py
[2022-10-01T00:03:28.366+0000] {processor.py:640} INFO - Processing file /home/airflow/.local/lib/python3.7/site-packages/airflow/example_dags/example_kubernetes_executor.py for tasks to queue
[2022-10-01T00:03:28.367+0000] {logging_mixin.py:115} INFO - [2022-10-01T00:03:28.367+0000] {dagbag.py:508} INFO - Filling up the DagBag from /home/airflow/.local/lib/python3.7/site-packages/airflow/example_dags/example_kubernetes_executor.py
[2022-10-01T00:03:28.387+0000] {processor.py:650} INFO - DAG(s) dict_keys(['example_kubernetes_executor']) retrieved from /home/airflow/.local/lib/python3.7/site-packages/airflow/example_dags/example_kubernetes_executor.py
[2022-10-01T00:03:28.406+0000] {logging_mixin.py:115} INFO - [2022-10-01T00:03:28.405+0000] {dag.py:2429} INFO - Sync 1 DAGs
[2022-10-01T00:03:28.420+0000] {logging_mixin.py:115} INFO - [2022-10-01T00:03:28.420+0000] {dag.py:2981} INFO - Setting next_dagrun for example_kubernetes_executor to None, run_after=None
[2022-10-01T00:03:28.429+0000] {processor.py:161} INFO - Processing /home/airflow/.local/lib/python3.7/site-packages/airflow/example_dags/example_kubernetes_executor.py took 0.068 seconds
[2022-10-01T00:03:58.855+0000] {processor.py:153} INFO - Started process (PID=34391) to work on /home/airflow/.local/lib/python3.7/site-packages/airflow/example_dags/example_kubernetes_executor.py
[2022-10-01T00:03:58.857+0000] {processor.py:640} INFO - Processing file /home/airflow/.local/lib/python3.7/site-packages/airflow/example_dags/example_kubernetes_executor.py for tasks to queue
[2022-10-01T00:03:58.859+0000] {logging_mixin.py:115} INFO - [2022-10-01T00:03:58.858+0000] {dagbag.py:508} INFO - Filling up the DagBag from /home/airflow/.local/lib/python3.7/site-packages/airflow/example_dags/example_kubernetes_executor.py
[2022-10-01T00:03:58.881+0000] {processor.py:650} INFO - DAG(s) dict_keys(['example_kubernetes_executor']) retrieved from /home/airflow/.local/lib/python3.7/site-packages/airflow/example_dags/example_kubernetes_executor.py
[2022-10-01T00:03:58.902+0000] {logging_mixin.py:115} INFO - [2022-10-01T00:03:58.902+0000] {dag.py:2429} INFO - Sync 1 DAGs
[2022-10-01T00:03:58.916+0000] {logging_mixin.py:115} INFO - [2022-10-01T00:03:58.916+0000] {dag.py:2981} INFO - Setting next_dagrun for example_kubernetes_executor to None, run_after=None
[2022-10-01T00:03:58.924+0000] {processor.py:161} INFO - Processing /home/airflow/.local/lib/python3.7/site-packages/airflow/example_dags/example_kubernetes_executor.py took 0.072 seconds
[2022-10-01T00:04:29.256+0000] {processor.py:153} INFO - Started process (PID=34448) to work on /home/airflow/.local/lib/python3.7/site-packages/airflow/example_dags/example_kubernetes_executor.py
[2022-10-01T00:04:29.259+0000] {processor.py:640} INFO - Processing file /home/airflow/.local/lib/python3.7/site-packages/airflow/example_dags/example_kubernetes_executor.py for tasks to queue
[2022-10-01T00:04:29.261+0000] {logging_mixin.py:115} INFO - [2022-10-01T00:04:29.261+0000] {dagbag.py:508} INFO - Filling up the DagBag from /home/airflow/.local/lib/python3.7/site-packages/airflow/example_dags/example_kubernetes_executor.py
[2022-10-01T00:04:29.284+0000] {processor.py:650} INFO - DAG(s) dict_keys(['example_kubernetes_executor']) retrieved from /home/airflow/.local/lib/python3.7/site-packages/airflow/example_dags/example_kubernetes_executor.py
[2022-10-01T00:04:29.303+0000] {logging_mixin.py:115} INFO - [2022-10-01T00:04:29.303+0000] {dag.py:2429} INFO - Sync 1 DAGs
[2022-10-01T00:04:29.320+0000] {logging_mixin.py:115} INFO - [2022-10-01T00:04:29.320+0000] {dag.py:2981} INFO - Setting next_dagrun for example_kubernetes_executor to None, run_after=None
[2022-10-01T00:04:29.328+0000] {processor.py:161} INFO - Processing /home/airflow/.local/lib/python3.7/site-packages/airflow/example_dags/example_kubernetes_executor.py took 0.077 seconds
[2022-10-01T00:04:59.684+0000] {processor.py:153} INFO - Started process (PID=34514) to work on /home/airflow/.local/lib/python3.7/site-packages/airflow/example_dags/example_kubernetes_executor.py
[2022-10-01T00:04:59.687+0000] {processor.py:640} INFO - Processing file /home/airflow/.local/lib/python3.7/site-packages/airflow/example_dags/example_kubernetes_executor.py for tasks to queue
[2022-10-01T00:04:59.689+0000] {logging_mixin.py:115} INFO - [2022-10-01T00:04:59.689+0000] {dagbag.py:508} INFO - Filling up the DagBag from /home/airflow/.local/lib/python3.7/site-packages/airflow/example_dags/example_kubernetes_executor.py
[2022-10-01T00:04:59.710+0000] {processor.py:650} INFO - DAG(s) dict_keys(['example_kubernetes_executor']) retrieved from /home/airflow/.local/lib/python3.7/site-packages/airflow/example_dags/example_kubernetes_executor.py
[2022-10-01T00:04:59.730+0000] {logging_mixin.py:115} INFO - [2022-10-01T00:04:59.730+0000] {dag.py:2429} INFO - Sync 1 DAGs
[2022-10-01T00:04:59.743+0000] {logging_mixin.py:115} INFO - [2022-10-01T00:04:59.743+0000] {dag.py:2981} INFO - Setting next_dagrun for example_kubernetes_executor to None, run_after=None
[2022-10-01T00:04:59.750+0000] {processor.py:161} INFO - Processing /home/airflow/.local/lib/python3.7/site-packages/airflow/example_dags/example_kubernetes_executor.py took 0.071 seconds
[2022-10-01T00:05:30.043+0000] {processor.py:153} INFO - Started process (PID=34581) to work on /home/airflow/.local/lib/python3.7/site-packages/airflow/example_dags/example_kubernetes_executor.py
[2022-10-01T00:05:30.045+0000] {processor.py:640} INFO - Processing file /home/airflow/.local/lib/python3.7/site-packages/airflow/example_dags/example_kubernetes_executor.py for tasks to queue
[2022-10-01T00:05:30.047+0000] {logging_mixin.py:115} INFO - [2022-10-01T00:05:30.047+0000] {dagbag.py:508} INFO - Filling up the DagBag from /home/airflow/.local/lib/python3.7/site-packages/airflow/example_dags/example_kubernetes_executor.py
[2022-10-01T00:05:30.067+0000] {processor.py:650} INFO - DAG(s) dict_keys(['example_kubernetes_executor']) retrieved from /home/airflow/.local/lib/python3.7/site-packages/airflow/example_dags/example_kubernetes_executor.py
[2022-10-01T00:05:30.089+0000] {logging_mixin.py:115} INFO - [2022-10-01T00:05:30.089+0000] {dag.py:2429} INFO - Sync 1 DAGs
[2022-10-01T00:05:30.104+0000] {logging_mixin.py:115} INFO - [2022-10-01T00:05:30.104+0000] {dag.py:2981} INFO - Setting next_dagrun for example_kubernetes_executor to None, run_after=None
[2022-10-01T00:05:30.113+0000] {processor.py:161} INFO - Processing /home/airflow/.local/lib/python3.7/site-packages/airflow/example_dags/example_kubernetes_executor.py took 0.075 seconds
[2022-10-01T00:06:00.393+0000] {processor.py:153} INFO - Started process (PID=34647) to work on /home/airflow/.local/lib/python3.7/site-packages/airflow/example_dags/example_kubernetes_executor.py
[2022-10-01T00:06:00.395+0000] {processor.py:640} INFO - Processing file /home/airflow/.local/lib/python3.7/site-packages/airflow/example_dags/example_kubernetes_executor.py for tasks to queue
[2022-10-01T00:06:00.397+0000] {logging_mixin.py:115} INFO - [2022-10-01T00:06:00.396+0000] {dagbag.py:508} INFO - Filling up the DagBag from /home/airflow/.local/lib/python3.7/site-packages/airflow/example_dags/example_kubernetes_executor.py
[2022-10-01T00:06:00.416+0000] {processor.py:650} INFO - DAG(s) dict_keys(['example_kubernetes_executor']) retrieved from /home/airflow/.local/lib/python3.7/site-packages/airflow/example_dags/example_kubernetes_executor.py
[2022-10-01T00:06:00.436+0000] {logging_mixin.py:115} INFO - [2022-10-01T00:06:00.436+0000] {dag.py:2429} INFO - Sync 1 DAGs
[2022-10-01T00:06:00.449+0000] {logging_mixin.py:115} INFO - [2022-10-01T00:06:00.449+0000] {dag.py:2981} INFO - Setting next_dagrun for example_kubernetes_executor to None, run_after=None
[2022-10-01T00:06:00.457+0000] {processor.py:161} INFO - Processing /home/airflow/.local/lib/python3.7/site-packages/airflow/example_dags/example_kubernetes_executor.py took 0.067 seconds
[2022-10-01T00:06:30.850+0000] {processor.py:153} INFO - Started process (PID=34705) to work on /home/airflow/.local/lib/python3.7/site-packages/airflow/example_dags/example_kubernetes_executor.py
[2022-10-01T00:06:30.853+0000] {processor.py:640} INFO - Processing file /home/airflow/.local/lib/python3.7/site-packages/airflow/example_dags/example_kubernetes_executor.py for tasks to queue
[2022-10-01T00:06:30.855+0000] {logging_mixin.py:115} INFO - [2022-10-01T00:06:30.855+0000] {dagbag.py:508} INFO - Filling up the DagBag from /home/airflow/.local/lib/python3.7/site-packages/airflow/example_dags/example_kubernetes_executor.py
[2022-10-01T00:06:30.874+0000] {processor.py:650} INFO - DAG(s) dict_keys(['example_kubernetes_executor']) retrieved from /home/airflow/.local/lib/python3.7/site-packages/airflow/example_dags/example_kubernetes_executor.py
[2022-10-01T00:06:30.895+0000] {logging_mixin.py:115} INFO - [2022-10-01T00:06:30.895+0000] {dag.py:2429} INFO - Sync 1 DAGs
[2022-10-01T00:06:30.910+0000] {logging_mixin.py:115} INFO - [2022-10-01T00:06:30.910+0000] {dag.py:2981} INFO - Setting next_dagrun for example_kubernetes_executor to None, run_after=None
[2022-10-01T00:06:30.923+0000] {processor.py:161} INFO - Processing /home/airflow/.local/lib/python3.7/site-packages/airflow/example_dags/example_kubernetes_executor.py took 0.077 seconds
[2022-10-01T00:07:01.216+0000] {processor.py:153} INFO - Started process (PID=34771) to work on /home/airflow/.local/lib/python3.7/site-packages/airflow/example_dags/example_kubernetes_executor.py
[2022-10-01T00:07:01.217+0000] {processor.py:640} INFO - Processing file /home/airflow/.local/lib/python3.7/site-packages/airflow/example_dags/example_kubernetes_executor.py for tasks to queue
[2022-10-01T00:07:01.219+0000] {logging_mixin.py:115} INFO - [2022-10-01T00:07:01.219+0000] {dagbag.py:508} INFO - Filling up the DagBag from /home/airflow/.local/lib/python3.7/site-packages/airflow/example_dags/example_kubernetes_executor.py
[2022-10-01T00:07:01.238+0000] {processor.py:650} INFO - DAG(s) dict_keys(['example_kubernetes_executor']) retrieved from /home/airflow/.local/lib/python3.7/site-packages/airflow/example_dags/example_kubernetes_executor.py
[2022-10-01T00:07:01.258+0000] {logging_mixin.py:115} INFO - [2022-10-01T00:07:01.258+0000] {dag.py:2429} INFO - Sync 1 DAGs
[2022-10-01T00:07:01.271+0000] {logging_mixin.py:115} INFO - [2022-10-01T00:07:01.271+0000] {dag.py:2981} INFO - Setting next_dagrun for example_kubernetes_executor to None, run_after=None
[2022-10-01T00:07:01.280+0000] {processor.py:161} INFO - Processing /home/airflow/.local/lib/python3.7/site-packages/airflow/example_dags/example_kubernetes_executor.py took 0.067 seconds
[2022-10-01T00:07:31.652+0000] {processor.py:153} INFO - Started process (PID=34837) to work on /home/airflow/.local/lib/python3.7/site-packages/airflow/example_dags/example_kubernetes_executor.py
[2022-10-01T00:07:31.654+0000] {processor.py:640} INFO - Processing file /home/airflow/.local/lib/python3.7/site-packages/airflow/example_dags/example_kubernetes_executor.py for tasks to queue
[2022-10-01T00:07:31.656+0000] {logging_mixin.py:115} INFO - [2022-10-01T00:07:31.655+0000] {dagbag.py:508} INFO - Filling up the DagBag from /home/airflow/.local/lib/python3.7/site-packages/airflow/example_dags/example_kubernetes_executor.py
[2022-10-01T00:07:31.675+0000] {processor.py:650} INFO - DAG(s) dict_keys(['example_kubernetes_executor']) retrieved from /home/airflow/.local/lib/python3.7/site-packages/airflow/example_dags/example_kubernetes_executor.py
[2022-10-01T00:07:31.694+0000] {logging_mixin.py:115} INFO - [2022-10-01T00:07:31.694+0000] {dag.py:2429} INFO - Sync 1 DAGs
[2022-10-01T00:07:31.708+0000] {logging_mixin.py:115} INFO - [2022-10-01T00:07:31.708+0000] {dag.py:2981} INFO - Setting next_dagrun for example_kubernetes_executor to None, run_after=None
[2022-10-01T00:07:31.716+0000] {processor.py:161} INFO - Processing /home/airflow/.local/lib/python3.7/site-packages/airflow/example_dags/example_kubernetes_executor.py took 0.067 seconds
[2022-10-01T00:08:01.960+0000] {processor.py:153} INFO - Started process (PID=34903) to work on /home/airflow/.local/lib/python3.7/site-packages/airflow/example_dags/example_kubernetes_executor.py
[2022-10-01T00:08:01.966+0000] {processor.py:640} INFO - Processing file /home/airflow/.local/lib/python3.7/site-packages/airflow/example_dags/example_kubernetes_executor.py for tasks to queue
[2022-10-01T00:08:01.967+0000] {logging_mixin.py:115} INFO - [2022-10-01T00:08:01.967+0000] {dagbag.py:508} INFO - Filling up the DagBag from /home/airflow/.local/lib/python3.7/site-packages/airflow/example_dags/example_kubernetes_executor.py
[2022-10-01T00:08:01.993+0000] {processor.py:650} INFO - DAG(s) dict_keys(['example_kubernetes_executor']) retrieved from /home/airflow/.local/lib/python3.7/site-packages/airflow/example_dags/example_kubernetes_executor.py
[2022-10-01T00:08:02.024+0000] {logging_mixin.py:115} INFO - [2022-10-01T00:08:02.022+0000] {dag.py:2429} INFO - Sync 1 DAGs
[2022-10-01T00:08:02.042+0000] {logging_mixin.py:115} INFO - [2022-10-01T00:08:02.042+0000] {dag.py:2981} INFO - Setting next_dagrun for example_kubernetes_executor to None, run_after=None
[2022-10-01T00:08:02.054+0000] {processor.py:161} INFO - Processing /home/airflow/.local/lib/python3.7/site-packages/airflow/example_dags/example_kubernetes_executor.py took 0.098 seconds
[2022-10-01T00:08:32.479+0000] {processor.py:153} INFO - Started process (PID=34960) to work on /home/airflow/.local/lib/python3.7/site-packages/airflow/example_dags/example_kubernetes_executor.py
[2022-10-01T00:08:32.481+0000] {processor.py:640} INFO - Processing file /home/airflow/.local/lib/python3.7/site-packages/airflow/example_dags/example_kubernetes_executor.py for tasks to queue
[2022-10-01T00:08:32.483+0000] {logging_mixin.py:115} INFO - [2022-10-01T00:08:32.483+0000] {dagbag.py:508} INFO - Filling up the DagBag from /home/airflow/.local/lib/python3.7/site-packages/airflow/example_dags/example_kubernetes_executor.py
[2022-10-01T00:08:32.510+0000] {processor.py:650} INFO - DAG(s) dict_keys(['example_kubernetes_executor']) retrieved from /home/airflow/.local/lib/python3.7/site-packages/airflow/example_dags/example_kubernetes_executor.py
[2022-10-01T00:08:32.536+0000] {logging_mixin.py:115} INFO - [2022-10-01T00:08:32.536+0000] {dag.py:2429} INFO - Sync 1 DAGs
[2022-10-01T00:08:32.554+0000] {logging_mixin.py:115} INFO - [2022-10-01T00:08:32.554+0000] {dag.py:2981} INFO - Setting next_dagrun for example_kubernetes_executor to None, run_after=None
[2022-10-01T00:08:32.564+0000] {processor.py:161} INFO - Processing /home/airflow/.local/lib/python3.7/site-packages/airflow/example_dags/example_kubernetes_executor.py took 0.089 seconds
[2022-10-01T00:09:03.038+0000] {processor.py:153} INFO - Started process (PID=35026) to work on /home/airflow/.local/lib/python3.7/site-packages/airflow/example_dags/example_kubernetes_executor.py
[2022-10-01T00:09:03.040+0000] {processor.py:640} INFO - Processing file /home/airflow/.local/lib/python3.7/site-packages/airflow/example_dags/example_kubernetes_executor.py for tasks to queue
[2022-10-01T00:09:03.042+0000] {logging_mixin.py:115} INFO - [2022-10-01T00:09:03.042+0000] {dagbag.py:508} INFO - Filling up the DagBag from /home/airflow/.local/lib/python3.7/site-packages/airflow/example_dags/example_kubernetes_executor.py
[2022-10-01T00:09:03.066+0000] {processor.py:650} INFO - DAG(s) dict_keys(['example_kubernetes_executor']) retrieved from /home/airflow/.local/lib/python3.7/site-packages/airflow/example_dags/example_kubernetes_executor.py
[2022-10-01T00:09:03.107+0000] {logging_mixin.py:115} INFO - [2022-10-01T00:09:03.107+0000] {dag.py:2429} INFO - Sync 1 DAGs
[2022-10-01T00:09:03.134+0000] {logging_mixin.py:115} INFO - [2022-10-01T00:09:03.134+0000] {dag.py:2981} INFO - Setting next_dagrun for example_kubernetes_executor to None, run_after=None
[2022-10-01T00:09:03.144+0000] {processor.py:161} INFO - Processing /home/airflow/.local/lib/python3.7/site-packages/airflow/example_dags/example_kubernetes_executor.py took 0.110 seconds
[2022-10-01T00:09:33.671+0000] {processor.py:153} INFO - Started process (PID=35091) to work on /home/airflow/.local/lib/python3.7/site-packages/airflow/example_dags/example_kubernetes_executor.py
[2022-10-01T00:09:33.675+0000] {processor.py:640} INFO - Processing file /home/airflow/.local/lib/python3.7/site-packages/airflow/example_dags/example_kubernetes_executor.py for tasks to queue
[2022-10-01T00:09:33.677+0000] {logging_mixin.py:115} INFO - [2022-10-01T00:09:33.677+0000] {dagbag.py:508} INFO - Filling up the DagBag from /home/airflow/.local/lib/python3.7/site-packages/airflow/example_dags/example_kubernetes_executor.py
[2022-10-01T00:09:33.698+0000] {processor.py:650} INFO - DAG(s) dict_keys(['example_kubernetes_executor']) retrieved from /home/airflow/.local/lib/python3.7/site-packages/airflow/example_dags/example_kubernetes_executor.py
[2022-10-01T00:09:33.720+0000] {logging_mixin.py:115} INFO - [2022-10-01T00:09:33.719+0000] {dag.py:2429} INFO - Sync 1 DAGs
[2022-10-01T00:09:33.735+0000] {logging_mixin.py:115} INFO - [2022-10-01T00:09:33.735+0000] {dag.py:2981} INFO - Setting next_dagrun for example_kubernetes_executor to None, run_after=None
[2022-10-01T00:09:33.744+0000] {processor.py:161} INFO - Processing /home/airflow/.local/lib/python3.7/site-packages/airflow/example_dags/example_kubernetes_executor.py took 0.079 seconds
[2022-10-01T00:10:04.010+0000] {processor.py:153} INFO - Started process (PID=35157) to work on /home/airflow/.local/lib/python3.7/site-packages/airflow/example_dags/example_kubernetes_executor.py
[2022-10-01T00:10:04.012+0000] {processor.py:640} INFO - Processing file /home/airflow/.local/lib/python3.7/site-packages/airflow/example_dags/example_kubernetes_executor.py for tasks to queue
[2022-10-01T00:10:04.013+0000] {logging_mixin.py:115} INFO - [2022-10-01T00:10:04.013+0000] {dagbag.py:508} INFO - Filling up the DagBag from /home/airflow/.local/lib/python3.7/site-packages/airflow/example_dags/example_kubernetes_executor.py
[2022-10-01T00:10:04.042+0000] {processor.py:650} INFO - DAG(s) dict_keys(['example_kubernetes_executor']) retrieved from /home/airflow/.local/lib/python3.7/site-packages/airflow/example_dags/example_kubernetes_executor.py
[2022-10-01T00:10:04.075+0000] {logging_mixin.py:115} INFO - [2022-10-01T00:10:04.075+0000] {dag.py:2429} INFO - Sync 1 DAGs
[2022-10-01T00:10:04.096+0000] {logging_mixin.py:115} INFO - [2022-10-01T00:10:04.096+0000] {dag.py:2981} INFO - Setting next_dagrun for example_kubernetes_executor to None, run_after=None
[2022-10-01T00:10:04.107+0000] {processor.py:161} INFO - Processing /home/airflow/.local/lib/python3.7/site-packages/airflow/example_dags/example_kubernetes_executor.py took 0.103 seconds
[2022-10-01T00:10:34.568+0000] {processor.py:153} INFO - Started process (PID=35214) to work on /home/airflow/.local/lib/python3.7/site-packages/airflow/example_dags/example_kubernetes_executor.py
[2022-10-01T00:10:34.570+0000] {processor.py:640} INFO - Processing file /home/airflow/.local/lib/python3.7/site-packages/airflow/example_dags/example_kubernetes_executor.py for tasks to queue
[2022-10-01T00:10:34.572+0000] {logging_mixin.py:115} INFO - [2022-10-01T00:10:34.572+0000] {dagbag.py:508} INFO - Filling up the DagBag from /home/airflow/.local/lib/python3.7/site-packages/airflow/example_dags/example_kubernetes_executor.py
[2022-10-01T00:10:34.601+0000] {processor.py:650} INFO - DAG(s) dict_keys(['example_kubernetes_executor']) retrieved from /home/airflow/.local/lib/python3.7/site-packages/airflow/example_dags/example_kubernetes_executor.py
[2022-10-01T00:10:34.624+0000] {logging_mixin.py:115} INFO - [2022-10-01T00:10:34.624+0000] {dag.py:2429} INFO - Sync 1 DAGs
[2022-10-01T00:10:34.638+0000] {logging_mixin.py:115} INFO - [2022-10-01T00:10:34.638+0000] {dag.py:2981} INFO - Setting next_dagrun for example_kubernetes_executor to None, run_after=None
[2022-10-01T00:10:34.646+0000] {processor.py:161} INFO - Processing /home/airflow/.local/lib/python3.7/site-packages/airflow/example_dags/example_kubernetes_executor.py took 0.083 seconds
[2022-10-01T00:11:04.807+0000] {processor.py:153} INFO - Started process (PID=35280) to work on /home/airflow/.local/lib/python3.7/site-packages/airflow/example_dags/example_kubernetes_executor.py
[2022-10-01T00:11:04.810+0000] {processor.py:640} INFO - Processing file /home/airflow/.local/lib/python3.7/site-packages/airflow/example_dags/example_kubernetes_executor.py for tasks to queue
[2022-10-01T00:11:04.812+0000] {logging_mixin.py:115} INFO - [2022-10-01T00:11:04.812+0000] {dagbag.py:508} INFO - Filling up the DagBag from /home/airflow/.local/lib/python3.7/site-packages/airflow/example_dags/example_kubernetes_executor.py
[2022-10-01T00:11:04.831+0000] {processor.py:650} INFO - DAG(s) dict_keys(['example_kubernetes_executor']) retrieved from /home/airflow/.local/lib/python3.7/site-packages/airflow/example_dags/example_kubernetes_executor.py
[2022-10-01T00:11:04.852+0000] {logging_mixin.py:115} INFO - [2022-10-01T00:11:04.851+0000] {dag.py:2429} INFO - Sync 1 DAGs
[2022-10-01T00:11:04.865+0000] {logging_mixin.py:115} INFO - [2022-10-01T00:11:04.865+0000] {dag.py:2981} INFO - Setting next_dagrun for example_kubernetes_executor to None, run_after=None
[2022-10-01T00:11:04.874+0000] {processor.py:161} INFO - Processing /home/airflow/.local/lib/python3.7/site-packages/airflow/example_dags/example_kubernetes_executor.py took 0.070 seconds
[2022-10-01T00:11:35.201+0000] {processor.py:153} INFO - Started process (PID=35346) to work on /home/airflow/.local/lib/python3.7/site-packages/airflow/example_dags/example_kubernetes_executor.py
[2022-10-01T00:11:35.203+0000] {processor.py:640} INFO - Processing file /home/airflow/.local/lib/python3.7/site-packages/airflow/example_dags/example_kubernetes_executor.py for tasks to queue
[2022-10-01T00:11:35.205+0000] {logging_mixin.py:115} INFO - [2022-10-01T00:11:35.205+0000] {dagbag.py:508} INFO - Filling up the DagBag from /home/airflow/.local/lib/python3.7/site-packages/airflow/example_dags/example_kubernetes_executor.py
[2022-10-01T00:11:35.227+0000] {processor.py:650} INFO - DAG(s) dict_keys(['example_kubernetes_executor']) retrieved from /home/airflow/.local/lib/python3.7/site-packages/airflow/example_dags/example_kubernetes_executor.py
[2022-10-01T00:11:35.248+0000] {logging_mixin.py:115} INFO - [2022-10-01T00:11:35.248+0000] {dag.py:2429} INFO - Sync 1 DAGs
[2022-10-01T00:11:35.266+0000] {logging_mixin.py:115} INFO - [2022-10-01T00:11:35.266+0000] {dag.py:2981} INFO - Setting next_dagrun for example_kubernetes_executor to None, run_after=None
[2022-10-01T00:11:35.275+0000] {processor.py:161} INFO - Processing /home/airflow/.local/lib/python3.7/site-packages/airflow/example_dags/example_kubernetes_executor.py took 0.077 seconds
[2022-10-01T00:12:05.500+0000] {processor.py:153} INFO - Started process (PID=35412) to work on /home/airflow/.local/lib/python3.7/site-packages/airflow/example_dags/example_kubernetes_executor.py
[2022-10-01T00:12:05.502+0000] {processor.py:640} INFO - Processing file /home/airflow/.local/lib/python3.7/site-packages/airflow/example_dags/example_kubernetes_executor.py for tasks to queue
[2022-10-01T00:12:05.503+0000] {logging_mixin.py:115} INFO - [2022-10-01T00:12:05.503+0000] {dagbag.py:508} INFO - Filling up the DagBag from /home/airflow/.local/lib/python3.7/site-packages/airflow/example_dags/example_kubernetes_executor.py
[2022-10-01T00:12:05.524+0000] {processor.py:650} INFO - DAG(s) dict_keys(['example_kubernetes_executor']) retrieved from /home/airflow/.local/lib/python3.7/site-packages/airflow/example_dags/example_kubernetes_executor.py
[2022-10-01T00:12:05.543+0000] {logging_mixin.py:115} INFO - [2022-10-01T00:12:05.542+0000] {dag.py:2429} INFO - Sync 1 DAGs
[2022-10-01T00:12:05.558+0000] {logging_mixin.py:115} INFO - [2022-10-01T00:12:05.558+0000] {dag.py:2981} INFO - Setting next_dagrun for example_kubernetes_executor to None, run_after=None
[2022-10-01T00:12:05.566+0000] {processor.py:161} INFO - Processing /home/airflow/.local/lib/python3.7/site-packages/airflow/example_dags/example_kubernetes_executor.py took 0.069 seconds
[2022-10-01T00:12:36.079+0000] {processor.py:153} INFO - Started process (PID=35470) to work on /home/airflow/.local/lib/python3.7/site-packages/airflow/example_dags/example_kubernetes_executor.py
[2022-10-01T00:12:36.081+0000] {processor.py:640} INFO - Processing file /home/airflow/.local/lib/python3.7/site-packages/airflow/example_dags/example_kubernetes_executor.py for tasks to queue
[2022-10-01T00:12:36.082+0000] {logging_mixin.py:115} INFO - [2022-10-01T00:12:36.082+0000] {dagbag.py:508} INFO - Filling up the DagBag from /home/airflow/.local/lib/python3.7/site-packages/airflow/example_dags/example_kubernetes_executor.py
[2022-10-01T00:12:36.110+0000] {processor.py:650} INFO - DAG(s) dict_keys(['example_kubernetes_executor']) retrieved from /home/airflow/.local/lib/python3.7/site-packages/airflow/example_dags/example_kubernetes_executor.py
[2022-10-01T00:12:36.135+0000] {logging_mixin.py:115} INFO - [2022-10-01T00:12:36.135+0000] {dag.py:2429} INFO - Sync 1 DAGs
[2022-10-01T00:12:36.153+0000] {logging_mixin.py:115} INFO - [2022-10-01T00:12:36.153+0000] {dag.py:2981} INFO - Setting next_dagrun for example_kubernetes_executor to None, run_after=None
[2022-10-01T00:12:36.163+0000] {processor.py:161} INFO - Processing /home/airflow/.local/lib/python3.7/site-packages/airflow/example_dags/example_kubernetes_executor.py took 0.087 seconds
[2022-10-01T00:13:06.397+0000] {processor.py:153} INFO - Started process (PID=35535) to work on /home/airflow/.local/lib/python3.7/site-packages/airflow/example_dags/example_kubernetes_executor.py
[2022-10-01T00:13:06.399+0000] {processor.py:640} INFO - Processing file /home/airflow/.local/lib/python3.7/site-packages/airflow/example_dags/example_kubernetes_executor.py for tasks to queue
[2022-10-01T00:13:06.401+0000] {logging_mixin.py:115} INFO - [2022-10-01T00:13:06.401+0000] {dagbag.py:508} INFO - Filling up the DagBag from /home/airflow/.local/lib/python3.7/site-packages/airflow/example_dags/example_kubernetes_executor.py
[2022-10-01T00:13:06.422+0000] {processor.py:650} INFO - DAG(s) dict_keys(['example_kubernetes_executor']) retrieved from /home/airflow/.local/lib/python3.7/site-packages/airflow/example_dags/example_kubernetes_executor.py
[2022-10-01T00:13:06.445+0000] {logging_mixin.py:115} INFO - [2022-10-01T00:13:06.445+0000] {dag.py:2429} INFO - Sync 1 DAGs
[2022-10-01T00:13:06.459+0000] {logging_mixin.py:115} INFO - [2022-10-01T00:13:06.458+0000] {dag.py:2981} INFO - Setting next_dagrun for example_kubernetes_executor to None, run_after=None
[2022-10-01T00:13:06.467+0000] {processor.py:161} INFO - Processing /home/airflow/.local/lib/python3.7/site-packages/airflow/example_dags/example_kubernetes_executor.py took 0.073 seconds
[2022-10-01T00:13:37.355+0000] {processor.py:153} INFO - Started process (PID=35604) to work on /home/airflow/.local/lib/python3.7/site-packages/airflow/example_dags/example_kubernetes_executor.py
[2022-10-01T00:13:37.358+0000] {processor.py:640} INFO - Processing file /home/airflow/.local/lib/python3.7/site-packages/airflow/example_dags/example_kubernetes_executor.py for tasks to queue
[2022-10-01T00:13:37.364+0000] {logging_mixin.py:115} INFO - [2022-10-01T00:13:37.363+0000] {dagbag.py:508} INFO - Filling up the DagBag from /home/airflow/.local/lib/python3.7/site-packages/airflow/example_dags/example_kubernetes_executor.py
[2022-10-01T00:13:37.419+0000] {processor.py:650} INFO - DAG(s) dict_keys(['example_kubernetes_executor']) retrieved from /home/airflow/.local/lib/python3.7/site-packages/airflow/example_dags/example_kubernetes_executor.py
[2022-10-01T00:13:37.451+0000] {logging_mixin.py:115} INFO - [2022-10-01T00:13:37.451+0000] {dag.py:2429} INFO - Sync 1 DAGs
[2022-10-01T00:13:37.467+0000] {logging_mixin.py:115} INFO - [2022-10-01T00:13:37.467+0000] {dag.py:2981} INFO - Setting next_dagrun for example_kubernetes_executor to None, run_after=None
[2022-10-01T00:13:37.477+0000] {processor.py:161} INFO - Processing /home/airflow/.local/lib/python3.7/site-packages/airflow/example_dags/example_kubernetes_executor.py took 0.129 seconds
[2022-10-01T00:18:35.669+0000] {processor.py:153} INFO - Started process (PID=35652) to work on /home/airflow/.local/lib/python3.7/site-packages/airflow/example_dags/example_kubernetes_executor.py
[2022-10-01T00:18:35.671+0000] {processor.py:640} INFO - Processing file /home/airflow/.local/lib/python3.7/site-packages/airflow/example_dags/example_kubernetes_executor.py for tasks to queue
[2022-10-01T00:18:35.675+0000] {logging_mixin.py:115} INFO - [2022-10-01T00:18:35.675+0000] {dagbag.py:508} INFO - Filling up the DagBag from /home/airflow/.local/lib/python3.7/site-packages/airflow/example_dags/example_kubernetes_executor.py
[2022-10-01T00:18:35.697+0000] {processor.py:650} INFO - DAG(s) dict_keys(['example_kubernetes_executor']) retrieved from /home/airflow/.local/lib/python3.7/site-packages/airflow/example_dags/example_kubernetes_executor.py
[2022-10-01T00:18:35.725+0000] {logging_mixin.py:115} INFO - [2022-10-01T00:18:35.725+0000] {dag.py:2429} INFO - Sync 1 DAGs
[2022-10-01T00:18:35.751+0000] {logging_mixin.py:115} INFO - [2022-10-01T00:18:35.751+0000] {dag.py:2981} INFO - Setting next_dagrun for example_kubernetes_executor to None, run_after=None
[2022-10-01T00:18:35.768+0000] {processor.py:161} INFO - Processing /home/airflow/.local/lib/python3.7/site-packages/airflow/example_dags/example_kubernetes_executor.py took 0.102 seconds
[2022-10-01T00:19:06.323+0000] {processor.py:153} INFO - Started process (PID=35718) to work on /home/airflow/.local/lib/python3.7/site-packages/airflow/example_dags/example_kubernetes_executor.py
[2022-10-01T00:19:06.325+0000] {processor.py:640} INFO - Processing file /home/airflow/.local/lib/python3.7/site-packages/airflow/example_dags/example_kubernetes_executor.py for tasks to queue
[2022-10-01T00:19:06.327+0000] {logging_mixin.py:115} INFO - [2022-10-01T00:19:06.327+0000] {dagbag.py:508} INFO - Filling up the DagBag from /home/airflow/.local/lib/python3.7/site-packages/airflow/example_dags/example_kubernetes_executor.py
[2022-10-01T00:19:06.343+0000] {processor.py:650} INFO - DAG(s) dict_keys(['example_kubernetes_executor']) retrieved from /home/airflow/.local/lib/python3.7/site-packages/airflow/example_dags/example_kubernetes_executor.py
[2022-10-01T00:19:06.361+0000] {logging_mixin.py:115} INFO - [2022-10-01T00:19:06.361+0000] {dag.py:2429} INFO - Sync 1 DAGs
[2022-10-01T00:19:06.372+0000] {logging_mixin.py:115} INFO - [2022-10-01T00:19:06.372+0000] {dag.py:2981} INFO - Setting next_dagrun for example_kubernetes_executor to None, run_after=None
[2022-10-01T00:19:06.380+0000] {processor.py:161} INFO - Processing /home/airflow/.local/lib/python3.7/site-packages/airflow/example_dags/example_kubernetes_executor.py took 0.059 seconds
[2022-10-01T00:19:36.957+0000] {processor.py:153} INFO - Started process (PID=35782) to work on /home/airflow/.local/lib/python3.7/site-packages/airflow/example_dags/example_kubernetes_executor.py
[2022-10-01T00:19:36.959+0000] {processor.py:640} INFO - Processing file /home/airflow/.local/lib/python3.7/site-packages/airflow/example_dags/example_kubernetes_executor.py for tasks to queue
[2022-10-01T00:19:36.961+0000] {logging_mixin.py:115} INFO - [2022-10-01T00:19:36.961+0000] {dagbag.py:508} INFO - Filling up the DagBag from /home/airflow/.local/lib/python3.7/site-packages/airflow/example_dags/example_kubernetes_executor.py
[2022-10-01T00:19:36.987+0000] {processor.py:650} INFO - DAG(s) dict_keys(['example_kubernetes_executor']) retrieved from /home/airflow/.local/lib/python3.7/site-packages/airflow/example_dags/example_kubernetes_executor.py
[2022-10-01T00:19:37.016+0000] {logging_mixin.py:115} INFO - [2022-10-01T00:19:37.015+0000] {dag.py:2429} INFO - Sync 1 DAGs
[2022-10-01T00:19:37.034+0000] {logging_mixin.py:115} INFO - [2022-10-01T00:19:37.034+0000] {dag.py:2981} INFO - Setting next_dagrun for example_kubernetes_executor to None, run_after=None
[2022-10-01T00:19:37.045+0000] {processor.py:161} INFO - Processing /home/airflow/.local/lib/python3.7/site-packages/airflow/example_dags/example_kubernetes_executor.py took 0.091 seconds
[2022-10-01T00:20:07.407+0000] {processor.py:153} INFO - Started process (PID=35840) to work on /home/airflow/.local/lib/python3.7/site-packages/airflow/example_dags/example_kubernetes_executor.py
[2022-10-01T00:20:07.410+0000] {processor.py:640} INFO - Processing file /home/airflow/.local/lib/python3.7/site-packages/airflow/example_dags/example_kubernetes_executor.py for tasks to queue
[2022-10-01T00:20:07.412+0000] {logging_mixin.py:115} INFO - [2022-10-01T00:20:07.412+0000] {dagbag.py:508} INFO - Filling up the DagBag from /home/airflow/.local/lib/python3.7/site-packages/airflow/example_dags/example_kubernetes_executor.py
[2022-10-01T00:20:07.441+0000] {processor.py:650} INFO - DAG(s) dict_keys(['example_kubernetes_executor']) retrieved from /home/airflow/.local/lib/python3.7/site-packages/airflow/example_dags/example_kubernetes_executor.py
[2022-10-01T00:20:07.462+0000] {logging_mixin.py:115} INFO - [2022-10-01T00:20:07.462+0000] {dag.py:2429} INFO - Sync 1 DAGs
[2022-10-01T00:20:07.481+0000] {logging_mixin.py:115} INFO - [2022-10-01T00:20:07.481+0000] {dag.py:2981} INFO - Setting next_dagrun for example_kubernetes_executor to None, run_after=None
[2022-10-01T00:20:07.489+0000] {processor.py:161} INFO - Processing /home/airflow/.local/lib/python3.7/site-packages/airflow/example_dags/example_kubernetes_executor.py took 0.085 seconds
[2022-10-01T00:20:37.880+0000] {processor.py:153} INFO - Started process (PID=35908) to work on /home/airflow/.local/lib/python3.7/site-packages/airflow/example_dags/example_kubernetes_executor.py
[2022-10-01T00:20:37.882+0000] {processor.py:640} INFO - Processing file /home/airflow/.local/lib/python3.7/site-packages/airflow/example_dags/example_kubernetes_executor.py for tasks to queue
[2022-10-01T00:20:37.883+0000] {logging_mixin.py:115} INFO - [2022-10-01T00:20:37.883+0000] {dagbag.py:508} INFO - Filling up the DagBag from /home/airflow/.local/lib/python3.7/site-packages/airflow/example_dags/example_kubernetes_executor.py
[2022-10-01T00:20:37.906+0000] {processor.py:650} INFO - DAG(s) dict_keys(['example_kubernetes_executor']) retrieved from /home/airflow/.local/lib/python3.7/site-packages/airflow/example_dags/example_kubernetes_executor.py
[2022-10-01T00:20:37.924+0000] {logging_mixin.py:115} INFO - [2022-10-01T00:20:37.924+0000] {dag.py:2429} INFO - Sync 1 DAGs
[2022-10-01T00:20:37.938+0000] {logging_mixin.py:115} INFO - [2022-10-01T00:20:37.937+0000] {dag.py:2981} INFO - Setting next_dagrun for example_kubernetes_executor to None, run_after=None
[2022-10-01T00:20:37.947+0000] {processor.py:161} INFO - Processing /home/airflow/.local/lib/python3.7/site-packages/airflow/example_dags/example_kubernetes_executor.py took 0.071 seconds
[2022-10-01T00:21:08.485+0000] {processor.py:153} INFO - Started process (PID=35974) to work on /home/airflow/.local/lib/python3.7/site-packages/airflow/example_dags/example_kubernetes_executor.py
[2022-10-01T00:21:08.486+0000] {processor.py:640} INFO - Processing file /home/airflow/.local/lib/python3.7/site-packages/airflow/example_dags/example_kubernetes_executor.py for tasks to queue
[2022-10-01T00:21:08.488+0000] {logging_mixin.py:115} INFO - [2022-10-01T00:21:08.487+0000] {dagbag.py:508} INFO - Filling up the DagBag from /home/airflow/.local/lib/python3.7/site-packages/airflow/example_dags/example_kubernetes_executor.py
[2022-10-01T00:21:08.506+0000] {processor.py:650} INFO - DAG(s) dict_keys(['example_kubernetes_executor']) retrieved from /home/airflow/.local/lib/python3.7/site-packages/airflow/example_dags/example_kubernetes_executor.py
[2022-10-01T00:21:08.529+0000] {logging_mixin.py:115} INFO - [2022-10-01T00:21:08.529+0000] {dag.py:2429} INFO - Sync 1 DAGs
[2022-10-01T00:21:08.542+0000] {logging_mixin.py:115} INFO - [2022-10-01T00:21:08.542+0000] {dag.py:2981} INFO - Setting next_dagrun for example_kubernetes_executor to None, run_after=None
[2022-10-01T00:21:08.549+0000] {processor.py:161} INFO - Processing /home/airflow/.local/lib/python3.7/site-packages/airflow/example_dags/example_kubernetes_executor.py took 0.067 seconds
[2022-10-01T00:21:38.955+0000] {processor.py:153} INFO - Started process (PID=36030) to work on /home/airflow/.local/lib/python3.7/site-packages/airflow/example_dags/example_kubernetes_executor.py
[2022-10-01T00:21:38.957+0000] {processor.py:640} INFO - Processing file /home/airflow/.local/lib/python3.7/site-packages/airflow/example_dags/example_kubernetes_executor.py for tasks to queue
[2022-10-01T00:21:38.961+0000] {logging_mixin.py:115} INFO - [2022-10-01T00:21:38.961+0000] {dagbag.py:508} INFO - Filling up the DagBag from /home/airflow/.local/lib/python3.7/site-packages/airflow/example_dags/example_kubernetes_executor.py
[2022-10-01T00:21:38.984+0000] {processor.py:650} INFO - DAG(s) dict_keys(['example_kubernetes_executor']) retrieved from /home/airflow/.local/lib/python3.7/site-packages/airflow/example_dags/example_kubernetes_executor.py
[2022-10-01T00:21:39.025+0000] {logging_mixin.py:115} INFO - [2022-10-01T00:21:39.025+0000] {dag.py:2429} INFO - Sync 1 DAGs
[2022-10-01T00:21:39.044+0000] {logging_mixin.py:115} INFO - [2022-10-01T00:21:39.043+0000] {dag.py:2981} INFO - Setting next_dagrun for example_kubernetes_executor to None, run_after=None
[2022-10-01T00:21:39.052+0000] {processor.py:161} INFO - Processing /home/airflow/.local/lib/python3.7/site-packages/airflow/example_dags/example_kubernetes_executor.py took 0.100 seconds
[2022-10-01T00:22:09.304+0000] {processor.py:153} INFO - Started process (PID=36096) to work on /home/airflow/.local/lib/python3.7/site-packages/airflow/example_dags/example_kubernetes_executor.py
[2022-10-01T00:22:09.306+0000] {processor.py:640} INFO - Processing file /home/airflow/.local/lib/python3.7/site-packages/airflow/example_dags/example_kubernetes_executor.py for tasks to queue
[2022-10-01T00:22:09.307+0000] {logging_mixin.py:115} INFO - [2022-10-01T00:22:09.307+0000] {dagbag.py:508} INFO - Filling up the DagBag from /home/airflow/.local/lib/python3.7/site-packages/airflow/example_dags/example_kubernetes_executor.py
[2022-10-01T00:22:09.327+0000] {processor.py:650} INFO - DAG(s) dict_keys(['example_kubernetes_executor']) retrieved from /home/airflow/.local/lib/python3.7/site-packages/airflow/example_dags/example_kubernetes_executor.py
[2022-10-01T00:22:09.347+0000] {logging_mixin.py:115} INFO - [2022-10-01T00:22:09.347+0000] {dag.py:2429} INFO - Sync 1 DAGs
[2022-10-01T00:22:09.366+0000] {logging_mixin.py:115} INFO - [2022-10-01T00:22:09.366+0000] {dag.py:2981} INFO - Setting next_dagrun for example_kubernetes_executor to None, run_after=None
[2022-10-01T00:22:09.374+0000] {processor.py:161} INFO - Processing /home/airflow/.local/lib/python3.7/site-packages/airflow/example_dags/example_kubernetes_executor.py took 0.073 seconds
[2022-10-01T00:22:39.632+0000] {processor.py:153} INFO - Started process (PID=36162) to work on /home/airflow/.local/lib/python3.7/site-packages/airflow/example_dags/example_kubernetes_executor.py
[2022-10-01T00:22:39.633+0000] {processor.py:640} INFO - Processing file /home/airflow/.local/lib/python3.7/site-packages/airflow/example_dags/example_kubernetes_executor.py for tasks to queue
[2022-10-01T00:22:39.635+0000] {logging_mixin.py:115} INFO - [2022-10-01T00:22:39.635+0000] {dagbag.py:508} INFO - Filling up the DagBag from /home/airflow/.local/lib/python3.7/site-packages/airflow/example_dags/example_kubernetes_executor.py
[2022-10-01T00:22:39.651+0000] {processor.py:650} INFO - DAG(s) dict_keys(['example_kubernetes_executor']) retrieved from /home/airflow/.local/lib/python3.7/site-packages/airflow/example_dags/example_kubernetes_executor.py
[2022-10-01T00:22:39.669+0000] {logging_mixin.py:115} INFO - [2022-10-01T00:22:39.669+0000] {dag.py:2429} INFO - Sync 1 DAGs
[2022-10-01T00:22:39.680+0000] {logging_mixin.py:115} INFO - [2022-10-01T00:22:39.680+0000] {dag.py:2981} INFO - Setting next_dagrun for example_kubernetes_executor to None, run_after=None
[2022-10-01T00:22:39.687+0000] {processor.py:161} INFO - Processing /home/airflow/.local/lib/python3.7/site-packages/airflow/example_dags/example_kubernetes_executor.py took 0.058 seconds
[2022-10-01T00:23:10.043+0000] {processor.py:153} INFO - Started process (PID=36227) to work on /home/airflow/.local/lib/python3.7/site-packages/airflow/example_dags/example_kubernetes_executor.py
[2022-10-01T00:23:10.046+0000] {processor.py:640} INFO - Processing file /home/airflow/.local/lib/python3.7/site-packages/airflow/example_dags/example_kubernetes_executor.py for tasks to queue
[2022-10-01T00:23:10.049+0000] {logging_mixin.py:115} INFO - [2022-10-01T00:23:10.049+0000] {dagbag.py:508} INFO - Filling up the DagBag from /home/airflow/.local/lib/python3.7/site-packages/airflow/example_dags/example_kubernetes_executor.py
[2022-10-01T00:23:10.067+0000] {processor.py:650} INFO - DAG(s) dict_keys(['example_kubernetes_executor']) retrieved from /home/airflow/.local/lib/python3.7/site-packages/airflow/example_dags/example_kubernetes_executor.py
[2022-10-01T00:23:10.084+0000] {logging_mixin.py:115} INFO - [2022-10-01T00:23:10.084+0000] {dag.py:2429} INFO - Sync 1 DAGs
[2022-10-01T00:23:10.097+0000] {logging_mixin.py:115} INFO - [2022-10-01T00:23:10.097+0000] {dag.py:2981} INFO - Setting next_dagrun for example_kubernetes_executor to None, run_after=None
[2022-10-01T00:23:10.108+0000] {processor.py:161} INFO - Processing /home/airflow/.local/lib/python3.7/site-packages/airflow/example_dags/example_kubernetes_executor.py took 0.069 seconds
[2022-10-01T00:23:40.539+0000] {processor.py:153} INFO - Started process (PID=36286) to work on /home/airflow/.local/lib/python3.7/site-packages/airflow/example_dags/example_kubernetes_executor.py
[2022-10-01T00:23:40.541+0000] {processor.py:640} INFO - Processing file /home/airflow/.local/lib/python3.7/site-packages/airflow/example_dags/example_kubernetes_executor.py for tasks to queue
[2022-10-01T00:23:40.543+0000] {logging_mixin.py:115} INFO - [2022-10-01T00:23:40.542+0000] {dagbag.py:508} INFO - Filling up the DagBag from /home/airflow/.local/lib/python3.7/site-packages/airflow/example_dags/example_kubernetes_executor.py
[2022-10-01T00:23:40.565+0000] {processor.py:650} INFO - DAG(s) dict_keys(['example_kubernetes_executor']) retrieved from /home/airflow/.local/lib/python3.7/site-packages/airflow/example_dags/example_kubernetes_executor.py
[2022-10-01T00:23:40.585+0000] {logging_mixin.py:115} INFO - [2022-10-01T00:23:40.585+0000] {dag.py:2429} INFO - Sync 1 DAGs
[2022-10-01T00:23:40.598+0000] {logging_mixin.py:115} INFO - [2022-10-01T00:23:40.598+0000] {dag.py:2981} INFO - Setting next_dagrun for example_kubernetes_executor to None, run_after=None
[2022-10-01T00:23:40.606+0000] {processor.py:161} INFO - Processing /home/airflow/.local/lib/python3.7/site-packages/airflow/example_dags/example_kubernetes_executor.py took 0.070 seconds
[2022-10-01T00:24:10.780+0000] {processor.py:153} INFO - Started process (PID=36354) to work on /home/airflow/.local/lib/python3.7/site-packages/airflow/example_dags/example_kubernetes_executor.py
[2022-10-01T00:24:10.782+0000] {processor.py:640} INFO - Processing file /home/airflow/.local/lib/python3.7/site-packages/airflow/example_dags/example_kubernetes_executor.py for tasks to queue
[2022-10-01T00:24:10.783+0000] {logging_mixin.py:115} INFO - [2022-10-01T00:24:10.783+0000] {dagbag.py:508} INFO - Filling up the DagBag from /home/airflow/.local/lib/python3.7/site-packages/airflow/example_dags/example_kubernetes_executor.py
[2022-10-01T00:24:10.799+0000] {processor.py:650} INFO - DAG(s) dict_keys(['example_kubernetes_executor']) retrieved from /home/airflow/.local/lib/python3.7/site-packages/airflow/example_dags/example_kubernetes_executor.py
[2022-10-01T00:24:10.817+0000] {logging_mixin.py:115} INFO - [2022-10-01T00:24:10.817+0000] {dag.py:2429} INFO - Sync 1 DAGs
[2022-10-01T00:24:10.831+0000] {logging_mixin.py:115} INFO - [2022-10-01T00:24:10.830+0000] {dag.py:2981} INFO - Setting next_dagrun for example_kubernetes_executor to None, run_after=None
[2022-10-01T00:24:10.839+0000] {processor.py:161} INFO - Processing /home/airflow/.local/lib/python3.7/site-packages/airflow/example_dags/example_kubernetes_executor.py took 0.062 seconds
[2022-10-01T00:24:41.793+0000] {processor.py:153} INFO - Started process (PID=36420) to work on /home/airflow/.local/lib/python3.7/site-packages/airflow/example_dags/example_kubernetes_executor.py
[2022-10-01T00:24:41.794+0000] {processor.py:640} INFO - Processing file /home/airflow/.local/lib/python3.7/site-packages/airflow/example_dags/example_kubernetes_executor.py for tasks to queue
[2022-10-01T00:24:41.796+0000] {logging_mixin.py:115} INFO - [2022-10-01T00:24:41.796+0000] {dagbag.py:508} INFO - Filling up the DagBag from /home/airflow/.local/lib/python3.7/site-packages/airflow/example_dags/example_kubernetes_executor.py
[2022-10-01T00:24:41.813+0000] {processor.py:650} INFO - DAG(s) dict_keys(['example_kubernetes_executor']) retrieved from /home/airflow/.local/lib/python3.7/site-packages/airflow/example_dags/example_kubernetes_executor.py
[2022-10-01T00:24:41.832+0000] {logging_mixin.py:115} INFO - [2022-10-01T00:24:41.832+0000] {dag.py:2429} INFO - Sync 1 DAGs
[2022-10-01T00:24:41.846+0000] {logging_mixin.py:115} INFO - [2022-10-01T00:24:41.846+0000] {dag.py:2981} INFO - Setting next_dagrun for example_kubernetes_executor to None, run_after=None
[2022-10-01T00:24:41.854+0000] {processor.py:161} INFO - Processing /home/airflow/.local/lib/python3.7/site-packages/airflow/example_dags/example_kubernetes_executor.py took 0.063 seconds
[2022-10-01T00:25:12.026+0000] {processor.py:153} INFO - Started process (PID=36477) to work on /home/airflow/.local/lib/python3.7/site-packages/airflow/example_dags/example_kubernetes_executor.py
[2022-10-01T00:25:12.028+0000] {processor.py:640} INFO - Processing file /home/airflow/.local/lib/python3.7/site-packages/airflow/example_dags/example_kubernetes_executor.py for tasks to queue
[2022-10-01T00:25:12.029+0000] {logging_mixin.py:115} INFO - [2022-10-01T00:25:12.029+0000] {dagbag.py:508} INFO - Filling up the DagBag from /home/airflow/.local/lib/python3.7/site-packages/airflow/example_dags/example_kubernetes_executor.py
[2022-10-01T00:25:12.046+0000] {processor.py:650} INFO - DAG(s) dict_keys(['example_kubernetes_executor']) retrieved from /home/airflow/.local/lib/python3.7/site-packages/airflow/example_dags/example_kubernetes_executor.py
[2022-10-01T00:25:12.065+0000] {logging_mixin.py:115} INFO - [2022-10-01T00:25:12.065+0000] {dag.py:2429} INFO - Sync 1 DAGs
[2022-10-01T00:25:12.079+0000] {logging_mixin.py:115} INFO - [2022-10-01T00:25:12.079+0000] {dag.py:2981} INFO - Setting next_dagrun for example_kubernetes_executor to None, run_after=None
[2022-10-01T00:25:12.089+0000] {processor.py:161} INFO - Processing /home/airflow/.local/lib/python3.7/site-packages/airflow/example_dags/example_kubernetes_executor.py took 0.066 seconds
[2022-10-01T00:25:42.402+0000] {processor.py:153} INFO - Started process (PID=36543) to work on /home/airflow/.local/lib/python3.7/site-packages/airflow/example_dags/example_kubernetes_executor.py
[2022-10-01T00:25:42.403+0000] {processor.py:640} INFO - Processing file /home/airflow/.local/lib/python3.7/site-packages/airflow/example_dags/example_kubernetes_executor.py for tasks to queue
[2022-10-01T00:25:42.405+0000] {logging_mixin.py:115} INFO - [2022-10-01T00:25:42.405+0000] {dagbag.py:508} INFO - Filling up the DagBag from /home/airflow/.local/lib/python3.7/site-packages/airflow/example_dags/example_kubernetes_executor.py
[2022-10-01T00:25:42.426+0000] {processor.py:650} INFO - DAG(s) dict_keys(['example_kubernetes_executor']) retrieved from /home/airflow/.local/lib/python3.7/site-packages/airflow/example_dags/example_kubernetes_executor.py
[2022-10-01T00:25:42.444+0000] {logging_mixin.py:115} INFO - [2022-10-01T00:25:42.444+0000] {dag.py:2429} INFO - Sync 1 DAGs
[2022-10-01T00:25:42.458+0000] {logging_mixin.py:115} INFO - [2022-10-01T00:25:42.457+0000] {dag.py:2981} INFO - Setting next_dagrun for example_kubernetes_executor to None, run_after=None
[2022-10-01T00:25:42.465+0000] {processor.py:161} INFO - Processing /home/airflow/.local/lib/python3.7/site-packages/airflow/example_dags/example_kubernetes_executor.py took 0.066 seconds
[2022-10-01T00:26:12.891+0000] {processor.py:153} INFO - Started process (PID=36609) to work on /home/airflow/.local/lib/python3.7/site-packages/airflow/example_dags/example_kubernetes_executor.py
[2022-10-01T00:26:12.894+0000] {processor.py:640} INFO - Processing file /home/airflow/.local/lib/python3.7/site-packages/airflow/example_dags/example_kubernetes_executor.py for tasks to queue
[2022-10-01T00:26:12.896+0000] {logging_mixin.py:115} INFO - [2022-10-01T00:26:12.896+0000] {dagbag.py:508} INFO - Filling up the DagBag from /home/airflow/.local/lib/python3.7/site-packages/airflow/example_dags/example_kubernetes_executor.py
[2022-10-01T00:26:12.912+0000] {processor.py:650} INFO - DAG(s) dict_keys(['example_kubernetes_executor']) retrieved from /home/airflow/.local/lib/python3.7/site-packages/airflow/example_dags/example_kubernetes_executor.py
[2022-10-01T00:26:12.930+0000] {logging_mixin.py:115} INFO - [2022-10-01T00:26:12.930+0000] {dag.py:2429} INFO - Sync 1 DAGs
[2022-10-01T00:26:12.942+0000] {logging_mixin.py:115} INFO - [2022-10-01T00:26:12.942+0000] {dag.py:2981} INFO - Setting next_dagrun for example_kubernetes_executor to None, run_after=None
[2022-10-01T00:26:12.950+0000] {processor.py:161} INFO - Processing /home/airflow/.local/lib/python3.7/site-packages/airflow/example_dags/example_kubernetes_executor.py took 0.061 seconds
[2022-10-01T00:26:43.187+0000] {processor.py:153} INFO - Started process (PID=36666) to work on /home/airflow/.local/lib/python3.7/site-packages/airflow/example_dags/example_kubernetes_executor.py
[2022-10-01T00:26:43.189+0000] {processor.py:640} INFO - Processing file /home/airflow/.local/lib/python3.7/site-packages/airflow/example_dags/example_kubernetes_executor.py for tasks to queue
[2022-10-01T00:26:43.191+0000] {logging_mixin.py:115} INFO - [2022-10-01T00:26:43.191+0000] {dagbag.py:508} INFO - Filling up the DagBag from /home/airflow/.local/lib/python3.7/site-packages/airflow/example_dags/example_kubernetes_executor.py
[2022-10-01T00:26:43.213+0000] {processor.py:650} INFO - DAG(s) dict_keys(['example_kubernetes_executor']) retrieved from /home/airflow/.local/lib/python3.7/site-packages/airflow/example_dags/example_kubernetes_executor.py
[2022-10-01T00:26:43.234+0000] {logging_mixin.py:115} INFO - [2022-10-01T00:26:43.233+0000] {dag.py:2429} INFO - Sync 1 DAGs
[2022-10-01T00:26:43.248+0000] {logging_mixin.py:115} INFO - [2022-10-01T00:26:43.248+0000] {dag.py:2981} INFO - Setting next_dagrun for example_kubernetes_executor to None, run_after=None
[2022-10-01T00:26:43.257+0000] {processor.py:161} INFO - Processing /home/airflow/.local/lib/python3.7/site-packages/airflow/example_dags/example_kubernetes_executor.py took 0.072 seconds
[2022-10-01T00:27:13.602+0000] {processor.py:153} INFO - Started process (PID=36731) to work on /home/airflow/.local/lib/python3.7/site-packages/airflow/example_dags/example_kubernetes_executor.py
[2022-10-01T00:27:13.604+0000] {processor.py:640} INFO - Processing file /home/airflow/.local/lib/python3.7/site-packages/airflow/example_dags/example_kubernetes_executor.py for tasks to queue
[2022-10-01T00:27:13.606+0000] {logging_mixin.py:115} INFO - [2022-10-01T00:27:13.605+0000] {dagbag.py:508} INFO - Filling up the DagBag from /home/airflow/.local/lib/python3.7/site-packages/airflow/example_dags/example_kubernetes_executor.py
[2022-10-01T00:27:13.627+0000] {processor.py:650} INFO - DAG(s) dict_keys(['example_kubernetes_executor']) retrieved from /home/airflow/.local/lib/python3.7/site-packages/airflow/example_dags/example_kubernetes_executor.py
[2022-10-01T00:27:13.648+0000] {logging_mixin.py:115} INFO - [2022-10-01T00:27:13.648+0000] {dag.py:2429} INFO - Sync 1 DAGs
[2022-10-01T00:27:13.661+0000] {logging_mixin.py:115} INFO - [2022-10-01T00:27:13.661+0000] {dag.py:2981} INFO - Setting next_dagrun for example_kubernetes_executor to None, run_after=None
[2022-10-01T00:27:13.669+0000] {processor.py:161} INFO - Processing /home/airflow/.local/lib/python3.7/site-packages/airflow/example_dags/example_kubernetes_executor.py took 0.070 seconds
[2022-10-01T00:27:44.521+0000] {processor.py:153} INFO - Started process (PID=36797) to work on /home/airflow/.local/lib/python3.7/site-packages/airflow/example_dags/example_kubernetes_executor.py
[2022-10-01T00:27:44.526+0000] {processor.py:640} INFO - Processing file /home/airflow/.local/lib/python3.7/site-packages/airflow/example_dags/example_kubernetes_executor.py for tasks to queue
[2022-10-01T00:27:44.528+0000] {logging_mixin.py:115} INFO - [2022-10-01T00:27:44.528+0000] {dagbag.py:508} INFO - Filling up the DagBag from /home/airflow/.local/lib/python3.7/site-packages/airflow/example_dags/example_kubernetes_executor.py
[2022-10-01T00:27:44.549+0000] {processor.py:650} INFO - DAG(s) dict_keys(['example_kubernetes_executor']) retrieved from /home/airflow/.local/lib/python3.7/site-packages/airflow/example_dags/example_kubernetes_executor.py
[2022-10-01T00:27:44.568+0000] {logging_mixin.py:115} INFO - [2022-10-01T00:27:44.568+0000] {dag.py:2429} INFO - Sync 1 DAGs
[2022-10-01T00:27:44.582+0000] {logging_mixin.py:115} INFO - [2022-10-01T00:27:44.582+0000] {dag.py:2981} INFO - Setting next_dagrun for example_kubernetes_executor to None, run_after=None
[2022-10-01T00:27:44.589+0000] {processor.py:161} INFO - Processing /home/airflow/.local/lib/python3.7/site-packages/airflow/example_dags/example_kubernetes_executor.py took 0.070 seconds
[2022-10-01T00:28:14.916+0000] {processor.py:153} INFO - Started process (PID=36861) to work on /home/airflow/.local/lib/python3.7/site-packages/airflow/example_dags/example_kubernetes_executor.py
[2022-10-01T00:28:14.919+0000] {processor.py:640} INFO - Processing file /home/airflow/.local/lib/python3.7/site-packages/airflow/example_dags/example_kubernetes_executor.py for tasks to queue
[2022-10-01T00:28:14.921+0000] {logging_mixin.py:115} INFO - [2022-10-01T00:28:14.921+0000] {dagbag.py:508} INFO - Filling up the DagBag from /home/airflow/.local/lib/python3.7/site-packages/airflow/example_dags/example_kubernetes_executor.py
[2022-10-01T00:28:14.942+0000] {processor.py:650} INFO - DAG(s) dict_keys(['example_kubernetes_executor']) retrieved from /home/airflow/.local/lib/python3.7/site-packages/airflow/example_dags/example_kubernetes_executor.py
[2022-10-01T00:28:14.961+0000] {logging_mixin.py:115} INFO - [2022-10-01T00:28:14.961+0000] {dag.py:2429} INFO - Sync 1 DAGs
[2022-10-01T00:28:14.976+0000] {logging_mixin.py:115} INFO - [2022-10-01T00:28:14.976+0000] {dag.py:2981} INFO - Setting next_dagrun for example_kubernetes_executor to None, run_after=None
[2022-10-01T00:28:14.989+0000] {processor.py:161} INFO - Processing /home/airflow/.local/lib/python3.7/site-packages/airflow/example_dags/example_kubernetes_executor.py took 0.076 seconds
[2022-10-01T00:28:45.541+0000] {processor.py:153} INFO - Started process (PID=36920) to work on /home/airflow/.local/lib/python3.7/site-packages/airflow/example_dags/example_kubernetes_executor.py
[2022-10-01T00:28:45.545+0000] {processor.py:640} INFO - Processing file /home/airflow/.local/lib/python3.7/site-packages/airflow/example_dags/example_kubernetes_executor.py for tasks to queue
[2022-10-01T00:28:45.549+0000] {logging_mixin.py:115} INFO - [2022-10-01T00:28:45.548+0000] {dagbag.py:508} INFO - Filling up the DagBag from /home/airflow/.local/lib/python3.7/site-packages/airflow/example_dags/example_kubernetes_executor.py
[2022-10-01T00:28:45.569+0000] {processor.py:650} INFO - DAG(s) dict_keys(['example_kubernetes_executor']) retrieved from /home/airflow/.local/lib/python3.7/site-packages/airflow/example_dags/example_kubernetes_executor.py
[2022-10-01T00:28:45.587+0000] {logging_mixin.py:115} INFO - [2022-10-01T00:28:45.587+0000] {dag.py:2429} INFO - Sync 1 DAGs
[2022-10-01T00:28:45.601+0000] {logging_mixin.py:115} INFO - [2022-10-01T00:28:45.601+0000] {dag.py:2981} INFO - Setting next_dagrun for example_kubernetes_executor to None, run_after=None
[2022-10-01T00:28:45.610+0000] {processor.py:161} INFO - Processing /home/airflow/.local/lib/python3.7/site-packages/airflow/example_dags/example_kubernetes_executor.py took 0.071 seconds
[2022-10-01T00:29:16.094+0000] {processor.py:153} INFO - Started process (PID=36986) to work on /home/airflow/.local/lib/python3.7/site-packages/airflow/example_dags/example_kubernetes_executor.py
[2022-10-01T00:29:16.096+0000] {processor.py:640} INFO - Processing file /home/airflow/.local/lib/python3.7/site-packages/airflow/example_dags/example_kubernetes_executor.py for tasks to queue
[2022-10-01T00:29:16.098+0000] {logging_mixin.py:115} INFO - [2022-10-01T00:29:16.098+0000] {dagbag.py:508} INFO - Filling up the DagBag from /home/airflow/.local/lib/python3.7/site-packages/airflow/example_dags/example_kubernetes_executor.py
[2022-10-01T00:29:16.114+0000] {processor.py:650} INFO - DAG(s) dict_keys(['example_kubernetes_executor']) retrieved from /home/airflow/.local/lib/python3.7/site-packages/airflow/example_dags/example_kubernetes_executor.py
[2022-10-01T00:29:16.137+0000] {logging_mixin.py:115} INFO - [2022-10-01T00:29:16.137+0000] {dag.py:2429} INFO - Sync 1 DAGs
[2022-10-01T00:29:16.161+0000] {logging_mixin.py:115} INFO - [2022-10-01T00:29:16.160+0000] {dag.py:2981} INFO - Setting next_dagrun for example_kubernetes_executor to None, run_after=None
[2022-10-01T00:29:16.171+0000] {processor.py:161} INFO - Processing /home/airflow/.local/lib/python3.7/site-packages/airflow/example_dags/example_kubernetes_executor.py took 0.080 seconds
[2022-10-01T00:29:46.982+0000] {processor.py:153} INFO - Started process (PID=37051) to work on /home/airflow/.local/lib/python3.7/site-packages/airflow/example_dags/example_kubernetes_executor.py
[2022-10-01T00:29:46.986+0000] {processor.py:640} INFO - Processing file /home/airflow/.local/lib/python3.7/site-packages/airflow/example_dags/example_kubernetes_executor.py for tasks to queue
[2022-10-01T00:29:46.987+0000] {logging_mixin.py:115} INFO - [2022-10-01T00:29:46.987+0000] {dagbag.py:508} INFO - Filling up the DagBag from /home/airflow/.local/lib/python3.7/site-packages/airflow/example_dags/example_kubernetes_executor.py
[2022-10-01T00:29:47.005+0000] {processor.py:650} INFO - DAG(s) dict_keys(['example_kubernetes_executor']) retrieved from /home/airflow/.local/lib/python3.7/site-packages/airflow/example_dags/example_kubernetes_executor.py
[2022-10-01T00:29:47.029+0000] {logging_mixin.py:115} INFO - [2022-10-01T00:29:47.029+0000] {dag.py:2429} INFO - Sync 1 DAGs
[2022-10-01T00:29:47.050+0000] {logging_mixin.py:115} INFO - [2022-10-01T00:29:47.050+0000] {dag.py:2981} INFO - Setting next_dagrun for example_kubernetes_executor to None, run_after=None
[2022-10-01T00:29:47.064+0000] {processor.py:161} INFO - Processing /home/airflow/.local/lib/python3.7/site-packages/airflow/example_dags/example_kubernetes_executor.py took 0.086 seconds
[2022-10-01T00:30:17.354+0000] {processor.py:153} INFO - Started process (PID=37108) to work on /home/airflow/.local/lib/python3.7/site-packages/airflow/example_dags/example_kubernetes_executor.py
[2022-10-01T00:30:17.356+0000] {processor.py:640} INFO - Processing file /home/airflow/.local/lib/python3.7/site-packages/airflow/example_dags/example_kubernetes_executor.py for tasks to queue
[2022-10-01T00:30:17.357+0000] {logging_mixin.py:115} INFO - [2022-10-01T00:30:17.357+0000] {dagbag.py:508} INFO - Filling up the DagBag from /home/airflow/.local/lib/python3.7/site-packages/airflow/example_dags/example_kubernetes_executor.py
[2022-10-01T00:30:17.373+0000] {processor.py:650} INFO - DAG(s) dict_keys(['example_kubernetes_executor']) retrieved from /home/airflow/.local/lib/python3.7/site-packages/airflow/example_dags/example_kubernetes_executor.py
[2022-10-01T00:30:17.396+0000] {logging_mixin.py:115} INFO - [2022-10-01T00:30:17.396+0000] {dag.py:2429} INFO - Sync 1 DAGs
[2022-10-01T00:30:17.409+0000] {logging_mixin.py:115} INFO - [2022-10-01T00:30:17.409+0000] {dag.py:2981} INFO - Setting next_dagrun for example_kubernetes_executor to None, run_after=None
[2022-10-01T00:30:17.416+0000] {processor.py:161} INFO - Processing /home/airflow/.local/lib/python3.7/site-packages/airflow/example_dags/example_kubernetes_executor.py took 0.064 seconds
[2022-10-01T00:30:47.674+0000] {processor.py:153} INFO - Started process (PID=37174) to work on /home/airflow/.local/lib/python3.7/site-packages/airflow/example_dags/example_kubernetes_executor.py
[2022-10-01T00:30:47.676+0000] {processor.py:640} INFO - Processing file /home/airflow/.local/lib/python3.7/site-packages/airflow/example_dags/example_kubernetes_executor.py for tasks to queue
[2022-10-01T00:30:47.678+0000] {logging_mixin.py:115} INFO - [2022-10-01T00:30:47.678+0000] {dagbag.py:508} INFO - Filling up the DagBag from /home/airflow/.local/lib/python3.7/site-packages/airflow/example_dags/example_kubernetes_executor.py
[2022-10-01T00:30:47.697+0000] {processor.py:650} INFO - DAG(s) dict_keys(['example_kubernetes_executor']) retrieved from /home/airflow/.local/lib/python3.7/site-packages/airflow/example_dags/example_kubernetes_executor.py
[2022-10-01T00:30:47.717+0000] {logging_mixin.py:115} INFO - [2022-10-01T00:30:47.717+0000] {dag.py:2429} INFO - Sync 1 DAGs
[2022-10-01T00:30:47.730+0000] {logging_mixin.py:115} INFO - [2022-10-01T00:30:47.730+0000] {dag.py:2981} INFO - Setting next_dagrun for example_kubernetes_executor to None, run_after=None
[2022-10-01T00:30:47.738+0000] {processor.py:161} INFO - Processing /home/airflow/.local/lib/python3.7/site-packages/airflow/example_dags/example_kubernetes_executor.py took 0.067 seconds
[2022-10-01T00:31:18.353+0000] {processor.py:153} INFO - Started process (PID=37240) to work on /home/airflow/.local/lib/python3.7/site-packages/airflow/example_dags/example_kubernetes_executor.py
[2022-10-01T00:31:18.356+0000] {processor.py:640} INFO - Processing file /home/airflow/.local/lib/python3.7/site-packages/airflow/example_dags/example_kubernetes_executor.py for tasks to queue
[2022-10-01T00:31:18.358+0000] {logging_mixin.py:115} INFO - [2022-10-01T00:31:18.358+0000] {dagbag.py:508} INFO - Filling up the DagBag from /home/airflow/.local/lib/python3.7/site-packages/airflow/example_dags/example_kubernetes_executor.py
[2022-10-01T00:31:18.375+0000] {processor.py:650} INFO - DAG(s) dict_keys(['example_kubernetes_executor']) retrieved from /home/airflow/.local/lib/python3.7/site-packages/airflow/example_dags/example_kubernetes_executor.py
[2022-10-01T00:31:18.394+0000] {logging_mixin.py:115} INFO - [2022-10-01T00:31:18.394+0000] {dag.py:2429} INFO - Sync 1 DAGs
[2022-10-01T00:31:18.408+0000] {logging_mixin.py:115} INFO - [2022-10-01T00:31:18.407+0000] {dag.py:2981} INFO - Setting next_dagrun for example_kubernetes_executor to None, run_after=None
[2022-10-01T00:31:18.417+0000] {processor.py:161} INFO - Processing /home/airflow/.local/lib/python3.7/site-packages/airflow/example_dags/example_kubernetes_executor.py took 0.067 seconds
[2022-10-01T00:31:48.877+0000] {processor.py:153} INFO - Started process (PID=37297) to work on /home/airflow/.local/lib/python3.7/site-packages/airflow/example_dags/example_kubernetes_executor.py
[2022-10-01T00:31:48.879+0000] {processor.py:640} INFO - Processing file /home/airflow/.local/lib/python3.7/site-packages/airflow/example_dags/example_kubernetes_executor.py for tasks to queue
[2022-10-01T00:31:48.881+0000] {logging_mixin.py:115} INFO - [2022-10-01T00:31:48.880+0000] {dagbag.py:508} INFO - Filling up the DagBag from /home/airflow/.local/lib/python3.7/site-packages/airflow/example_dags/example_kubernetes_executor.py
[2022-10-01T00:31:48.901+0000] {processor.py:650} INFO - DAG(s) dict_keys(['example_kubernetes_executor']) retrieved from /home/airflow/.local/lib/python3.7/site-packages/airflow/example_dags/example_kubernetes_executor.py
[2022-10-01T00:31:48.924+0000] {logging_mixin.py:115} INFO - [2022-10-01T00:31:48.924+0000] {dag.py:2429} INFO - Sync 1 DAGs
[2022-10-01T00:31:48.943+0000] {logging_mixin.py:115} INFO - [2022-10-01T00:31:48.943+0000] {dag.py:2981} INFO - Setting next_dagrun for example_kubernetes_executor to None, run_after=None
[2022-10-01T00:31:48.952+0000] {processor.py:161} INFO - Processing /home/airflow/.local/lib/python3.7/site-packages/airflow/example_dags/example_kubernetes_executor.py took 0.078 seconds
[2022-10-01T00:32:19.213+0000] {processor.py:153} INFO - Started process (PID=37363) to work on /home/airflow/.local/lib/python3.7/site-packages/airflow/example_dags/example_kubernetes_executor.py
[2022-10-01T00:32:19.214+0000] {processor.py:640} INFO - Processing file /home/airflow/.local/lib/python3.7/site-packages/airflow/example_dags/example_kubernetes_executor.py for tasks to queue
[2022-10-01T00:32:19.215+0000] {logging_mixin.py:115} INFO - [2022-10-01T00:32:19.215+0000] {dagbag.py:508} INFO - Filling up the DagBag from /home/airflow/.local/lib/python3.7/site-packages/airflow/example_dags/example_kubernetes_executor.py
[2022-10-01T00:32:19.240+0000] {processor.py:650} INFO - DAG(s) dict_keys(['example_kubernetes_executor']) retrieved from /home/airflow/.local/lib/python3.7/site-packages/airflow/example_dags/example_kubernetes_executor.py
[2022-10-01T00:32:19.260+0000] {logging_mixin.py:115} INFO - [2022-10-01T00:32:19.260+0000] {dag.py:2429} INFO - Sync 1 DAGs
[2022-10-01T00:32:19.274+0000] {logging_mixin.py:115} INFO - [2022-10-01T00:32:19.274+0000] {dag.py:2981} INFO - Setting next_dagrun for example_kubernetes_executor to None, run_after=None
[2022-10-01T00:32:19.282+0000] {processor.py:161} INFO - Processing /home/airflow/.local/lib/python3.7/site-packages/airflow/example_dags/example_kubernetes_executor.py took 0.072 seconds
[2022-10-01T00:32:49.869+0000] {processor.py:153} INFO - Started process (PID=37428) to work on /home/airflow/.local/lib/python3.7/site-packages/airflow/example_dags/example_kubernetes_executor.py
[2022-10-01T00:32:49.871+0000] {processor.py:640} INFO - Processing file /home/airflow/.local/lib/python3.7/site-packages/airflow/example_dags/example_kubernetes_executor.py for tasks to queue
[2022-10-01T00:32:49.872+0000] {logging_mixin.py:115} INFO - [2022-10-01T00:32:49.872+0000] {dagbag.py:508} INFO - Filling up the DagBag from /home/airflow/.local/lib/python3.7/site-packages/airflow/example_dags/example_kubernetes_executor.py
[2022-10-01T00:32:49.902+0000] {processor.py:650} INFO - DAG(s) dict_keys(['example_kubernetes_executor']) retrieved from /home/airflow/.local/lib/python3.7/site-packages/airflow/example_dags/example_kubernetes_executor.py
[2022-10-01T00:32:49.932+0000] {logging_mixin.py:115} INFO - [2022-10-01T00:32:49.931+0000] {dag.py:2429} INFO - Sync 1 DAGs
[2022-10-01T00:32:49.953+0000] {logging_mixin.py:115} INFO - [2022-10-01T00:32:49.953+0000] {dag.py:2981} INFO - Setting next_dagrun for example_kubernetes_executor to None, run_after=None
[2022-10-01T00:32:49.968+0000] {processor.py:161} INFO - Processing /home/airflow/.local/lib/python3.7/site-packages/airflow/example_dags/example_kubernetes_executor.py took 0.104 seconds
[2022-10-01T00:33:20.396+0000] {processor.py:153} INFO - Started process (PID=37485) to work on /home/airflow/.local/lib/python3.7/site-packages/airflow/example_dags/example_kubernetes_executor.py
[2022-10-01T00:33:20.402+0000] {processor.py:640} INFO - Processing file /home/airflow/.local/lib/python3.7/site-packages/airflow/example_dags/example_kubernetes_executor.py for tasks to queue
[2022-10-01T00:33:20.403+0000] {logging_mixin.py:115} INFO - [2022-10-01T00:33:20.403+0000] {dagbag.py:508} INFO - Filling up the DagBag from /home/airflow/.local/lib/python3.7/site-packages/airflow/example_dags/example_kubernetes_executor.py
[2022-10-01T00:33:20.428+0000] {processor.py:650} INFO - DAG(s) dict_keys(['example_kubernetes_executor']) retrieved from /home/airflow/.local/lib/python3.7/site-packages/airflow/example_dags/example_kubernetes_executor.py
[2022-10-01T00:33:20.451+0000] {logging_mixin.py:115} INFO - [2022-10-01T00:33:20.451+0000] {dag.py:2429} INFO - Sync 1 DAGs
[2022-10-01T00:33:20.472+0000] {logging_mixin.py:115} INFO - [2022-10-01T00:33:20.472+0000] {dag.py:2981} INFO - Setting next_dagrun for example_kubernetes_executor to None, run_after=None
[2022-10-01T00:33:20.484+0000] {processor.py:161} INFO - Processing /home/airflow/.local/lib/python3.7/site-packages/airflow/example_dags/example_kubernetes_executor.py took 0.091 seconds
[2022-10-01T00:33:51.408+0000] {processor.py:153} INFO - Started process (PID=37549) to work on /home/airflow/.local/lib/python3.7/site-packages/airflow/example_dags/example_kubernetes_executor.py
[2022-10-01T00:33:51.410+0000] {processor.py:640} INFO - Processing file /home/airflow/.local/lib/python3.7/site-packages/airflow/example_dags/example_kubernetes_executor.py for tasks to queue
[2022-10-01T00:33:51.411+0000] {logging_mixin.py:115} INFO - [2022-10-01T00:33:51.411+0000] {dagbag.py:508} INFO - Filling up the DagBag from /home/airflow/.local/lib/python3.7/site-packages/airflow/example_dags/example_kubernetes_executor.py
[2022-10-01T00:33:51.431+0000] {processor.py:650} INFO - DAG(s) dict_keys(['example_kubernetes_executor']) retrieved from /home/airflow/.local/lib/python3.7/site-packages/airflow/example_dags/example_kubernetes_executor.py
[2022-10-01T00:33:51.451+0000] {logging_mixin.py:115} INFO - [2022-10-01T00:33:51.450+0000] {dag.py:2429} INFO - Sync 1 DAGs
[2022-10-01T00:33:51.466+0000] {logging_mixin.py:115} INFO - [2022-10-01T00:33:51.466+0000] {dag.py:2981} INFO - Setting next_dagrun for example_kubernetes_executor to None, run_after=None
[2022-10-01T00:33:51.474+0000] {processor.py:161} INFO - Processing /home/airflow/.local/lib/python3.7/site-packages/airflow/example_dags/example_kubernetes_executor.py took 0.070 seconds
[2022-10-01T00:34:22.024+0000] {processor.py:153} INFO - Started process (PID=37607) to work on /home/airflow/.local/lib/python3.7/site-packages/airflow/example_dags/example_kubernetes_executor.py
[2022-10-01T00:34:22.027+0000] {processor.py:640} INFO - Processing file /home/airflow/.local/lib/python3.7/site-packages/airflow/example_dags/example_kubernetes_executor.py for tasks to queue
[2022-10-01T00:34:22.029+0000] {logging_mixin.py:115} INFO - [2022-10-01T00:34:22.029+0000] {dagbag.py:508} INFO - Filling up the DagBag from /home/airflow/.local/lib/python3.7/site-packages/airflow/example_dags/example_kubernetes_executor.py
[2022-10-01T00:34:22.053+0000] {processor.py:650} INFO - DAG(s) dict_keys(['example_kubernetes_executor']) retrieved from /home/airflow/.local/lib/python3.7/site-packages/airflow/example_dags/example_kubernetes_executor.py
[2022-10-01T00:34:22.076+0000] {logging_mixin.py:115} INFO - [2022-10-01T00:34:22.076+0000] {dag.py:2429} INFO - Sync 1 DAGs
[2022-10-01T00:34:22.098+0000] {logging_mixin.py:115} INFO - [2022-10-01T00:34:22.098+0000] {dag.py:2981} INFO - Setting next_dagrun for example_kubernetes_executor to None, run_after=None
[2022-10-01T00:34:22.106+0000] {processor.py:161} INFO - Processing /home/airflow/.local/lib/python3.7/site-packages/airflow/example_dags/example_kubernetes_executor.py took 0.085 seconds
[2022-10-01T00:34:52.745+0000] {processor.py:153} INFO - Started process (PID=37673) to work on /home/airflow/.local/lib/python3.7/site-packages/airflow/example_dags/example_kubernetes_executor.py
[2022-10-01T00:34:52.747+0000] {processor.py:640} INFO - Processing file /home/airflow/.local/lib/python3.7/site-packages/airflow/example_dags/example_kubernetes_executor.py for tasks to queue
[2022-10-01T00:34:52.748+0000] {logging_mixin.py:115} INFO - [2022-10-01T00:34:52.748+0000] {dagbag.py:508} INFO - Filling up the DagBag from /home/airflow/.local/lib/python3.7/site-packages/airflow/example_dags/example_kubernetes_executor.py
[2022-10-01T00:34:52.770+0000] {processor.py:650} INFO - DAG(s) dict_keys(['example_kubernetes_executor']) retrieved from /home/airflow/.local/lib/python3.7/site-packages/airflow/example_dags/example_kubernetes_executor.py
[2022-10-01T00:34:52.793+0000] {logging_mixin.py:115} INFO - [2022-10-01T00:34:52.792+0000] {dag.py:2429} INFO - Sync 1 DAGs
[2022-10-01T00:34:52.806+0000] {logging_mixin.py:115} INFO - [2022-10-01T00:34:52.806+0000] {dag.py:2981} INFO - Setting next_dagrun for example_kubernetes_executor to None, run_after=None
[2022-10-01T00:34:52.814+0000] {processor.py:161} INFO - Processing /home/airflow/.local/lib/python3.7/site-packages/airflow/example_dags/example_kubernetes_executor.py took 0.072 seconds
[2022-10-01T00:35:23.833+0000] {processor.py:153} INFO - Started process (PID=37740) to work on /home/airflow/.local/lib/python3.7/site-packages/airflow/example_dags/example_kubernetes_executor.py
[2022-10-01T00:35:23.835+0000] {processor.py:640} INFO - Processing file /home/airflow/.local/lib/python3.7/site-packages/airflow/example_dags/example_kubernetes_executor.py for tasks to queue
[2022-10-01T00:35:23.836+0000] {logging_mixin.py:115} INFO - [2022-10-01T00:35:23.836+0000] {dagbag.py:508} INFO - Filling up the DagBag from /home/airflow/.local/lib/python3.7/site-packages/airflow/example_dags/example_kubernetes_executor.py
[2022-10-01T00:35:23.878+0000] {processor.py:650} INFO - DAG(s) dict_keys(['example_kubernetes_executor']) retrieved from /home/airflow/.local/lib/python3.7/site-packages/airflow/example_dags/example_kubernetes_executor.py
[2022-10-01T00:35:23.905+0000] {logging_mixin.py:115} INFO - [2022-10-01T00:35:23.905+0000] {dag.py:2429} INFO - Sync 1 DAGs
[2022-10-01T00:35:23.922+0000] {logging_mixin.py:115} INFO - [2022-10-01T00:35:23.922+0000] {dag.py:2981} INFO - Setting next_dagrun for example_kubernetes_executor to None, run_after=None
[2022-10-01T00:35:23.933+0000] {processor.py:161} INFO - Processing /home/airflow/.local/lib/python3.7/site-packages/airflow/example_dags/example_kubernetes_executor.py took 0.103 seconds
[2022-10-01T00:35:54.079+0000] {processor.py:153} INFO - Started process (PID=37797) to work on /home/airflow/.local/lib/python3.7/site-packages/airflow/example_dags/example_kubernetes_executor.py
[2022-10-01T00:35:54.212+0000] {processor.py:640} INFO - Processing file /home/airflow/.local/lib/python3.7/site-packages/airflow/example_dags/example_kubernetes_executor.py for tasks to queue
[2022-10-01T00:35:54.216+0000] {logging_mixin.py:115} INFO - [2022-10-01T00:35:54.216+0000] {dagbag.py:508} INFO - Filling up the DagBag from /home/airflow/.local/lib/python3.7/site-packages/airflow/example_dags/example_kubernetes_executor.py
[2022-10-01T00:35:54.290+0000] {processor.py:650} INFO - DAG(s) dict_keys(['example_kubernetes_executor']) retrieved from /home/airflow/.local/lib/python3.7/site-packages/airflow/example_dags/example_kubernetes_executor.py
[2022-10-01T00:35:54.345+0000] {logging_mixin.py:115} INFO - [2022-10-01T00:35:54.345+0000] {dag.py:2429} INFO - Sync 1 DAGs
[2022-10-01T00:35:54.361+0000] {logging_mixin.py:115} INFO - [2022-10-01T00:35:54.361+0000] {dag.py:2981} INFO - Setting next_dagrun for example_kubernetes_executor to None, run_after=None
[2022-10-01T00:35:54.370+0000] {processor.py:161} INFO - Processing /home/airflow/.local/lib/python3.7/site-packages/airflow/example_dags/example_kubernetes_executor.py took 0.294 seconds
