[2022-10-01T00:00:23.080+0000] {processor.py:153} INFO - Started process (PID=33924) to work on /home/airflow/.local/lib/python3.7/site-packages/airflow/example_dags/example_time_delta_sensor_async.py
[2022-10-01T00:00:23.081+0000] {processor.py:640} INFO - Processing file /home/airflow/.local/lib/python3.7/site-packages/airflow/example_dags/example_time_delta_sensor_async.py for tasks to queue
[2022-10-01T00:00:23.082+0000] {logging_mixin.py:115} INFO - [2022-10-01T00:00:23.082+0000] {dagbag.py:508} INFO - Filling up the DagBag from /home/airflow/.local/lib/python3.7/site-packages/airflow/example_dags/example_time_delta_sensor_async.py
[2022-10-01T00:00:23.089+0000] {processor.py:650} INFO - DAG(s) dict_keys(['example_time_delta_sensor_async']) retrieved from /home/airflow/.local/lib/python3.7/site-packages/airflow/example_dags/example_time_delta_sensor_async.py
[2022-10-01T00:00:23.192+0000] {logging_mixin.py:115} INFO - [2022-10-01T00:00:23.192+0000] {dag.py:2429} INFO - Sync 1 DAGs
[2022-10-01T00:00:23.207+0000] {logging_mixin.py:115} INFO - [2022-10-01T00:00:23.207+0000] {dag.py:2981} INFO - Setting next_dagrun for example_time_delta_sensor_async to None, run_after=None
[2022-10-01T00:00:23.215+0000] {processor.py:161} INFO - Processing /home/airflow/.local/lib/python3.7/site-packages/airflow/example_dags/example_time_delta_sensor_async.py took 0.138 seconds
[2022-10-01T00:00:53.637+0000] {processor.py:153} INFO - Started process (PID=33991) to work on /home/airflow/.local/lib/python3.7/site-packages/airflow/example_dags/example_time_delta_sensor_async.py
[2022-10-01T00:00:53.639+0000] {processor.py:640} INFO - Processing file /home/airflow/.local/lib/python3.7/site-packages/airflow/example_dags/example_time_delta_sensor_async.py for tasks to queue
[2022-10-01T00:00:53.640+0000] {logging_mixin.py:115} INFO - [2022-10-01T00:00:53.640+0000] {dagbag.py:508} INFO - Filling up the DagBag from /home/airflow/.local/lib/python3.7/site-packages/airflow/example_dags/example_time_delta_sensor_async.py
[2022-10-01T00:00:53.644+0000] {processor.py:650} INFO - DAG(s) dict_keys(['example_time_delta_sensor_async']) retrieved from /home/airflow/.local/lib/python3.7/site-packages/airflow/example_dags/example_time_delta_sensor_async.py
[2022-10-01T00:00:53.750+0000] {logging_mixin.py:115} INFO - [2022-10-01T00:00:53.750+0000] {dag.py:2429} INFO - Sync 1 DAGs
[2022-10-01T00:00:53.763+0000] {logging_mixin.py:115} INFO - [2022-10-01T00:00:53.763+0000] {dag.py:2981} INFO - Setting next_dagrun for example_time_delta_sensor_async to None, run_after=None
[2022-10-01T00:00:53.772+0000] {processor.py:161} INFO - Processing /home/airflow/.local/lib/python3.7/site-packages/airflow/example_dags/example_time_delta_sensor_async.py took 0.137 seconds
[2022-10-01T00:01:24.267+0000] {processor.py:153} INFO - Started process (PID=34058) to work on /home/airflow/.local/lib/python3.7/site-packages/airflow/example_dags/example_time_delta_sensor_async.py
[2022-10-01T00:01:24.269+0000] {processor.py:640} INFO - Processing file /home/airflow/.local/lib/python3.7/site-packages/airflow/example_dags/example_time_delta_sensor_async.py for tasks to queue
[2022-10-01T00:01:24.270+0000] {logging_mixin.py:115} INFO - [2022-10-01T00:01:24.270+0000] {dagbag.py:508} INFO - Filling up the DagBag from /home/airflow/.local/lib/python3.7/site-packages/airflow/example_dags/example_time_delta_sensor_async.py
[2022-10-01T00:01:24.275+0000] {processor.py:650} INFO - DAG(s) dict_keys(['example_time_delta_sensor_async']) retrieved from /home/airflow/.local/lib/python3.7/site-packages/airflow/example_dags/example_time_delta_sensor_async.py
[2022-10-01T00:01:24.376+0000] {logging_mixin.py:115} INFO - [2022-10-01T00:01:24.376+0000] {dag.py:2429} INFO - Sync 1 DAGs
[2022-10-01T00:01:24.389+0000] {logging_mixin.py:115} INFO - [2022-10-01T00:01:24.389+0000] {dag.py:2981} INFO - Setting next_dagrun for example_time_delta_sensor_async to None, run_after=None
[2022-10-01T00:01:24.397+0000] {processor.py:161} INFO - Processing /home/airflow/.local/lib/python3.7/site-packages/airflow/example_dags/example_time_delta_sensor_async.py took 0.133 seconds
[2022-10-01T00:01:54.662+0000] {processor.py:153} INFO - Started process (PID=34114) to work on /home/airflow/.local/lib/python3.7/site-packages/airflow/example_dags/example_time_delta_sensor_async.py
[2022-10-01T00:01:54.664+0000] {processor.py:640} INFO - Processing file /home/airflow/.local/lib/python3.7/site-packages/airflow/example_dags/example_time_delta_sensor_async.py for tasks to queue
[2022-10-01T00:01:54.665+0000] {logging_mixin.py:115} INFO - [2022-10-01T00:01:54.665+0000] {dagbag.py:508} INFO - Filling up the DagBag from /home/airflow/.local/lib/python3.7/site-packages/airflow/example_dags/example_time_delta_sensor_async.py
[2022-10-01T00:01:54.672+0000] {processor.py:650} INFO - DAG(s) dict_keys(['example_time_delta_sensor_async']) retrieved from /home/airflow/.local/lib/python3.7/site-packages/airflow/example_dags/example_time_delta_sensor_async.py
[2022-10-01T00:01:54.795+0000] {logging_mixin.py:115} INFO - [2022-10-01T00:01:54.795+0000] {dag.py:2429} INFO - Sync 1 DAGs
[2022-10-01T00:01:54.816+0000] {logging_mixin.py:115} INFO - [2022-10-01T00:01:54.816+0000] {dag.py:2981} INFO - Setting next_dagrun for example_time_delta_sensor_async to None, run_after=None
[2022-10-01T00:01:54.828+0000] {processor.py:161} INFO - Processing /home/airflow/.local/lib/python3.7/site-packages/airflow/example_dags/example_time_delta_sensor_async.py took 0.168 seconds
[2022-10-01T00:02:25.049+0000] {processor.py:153} INFO - Started process (PID=34180) to work on /home/airflow/.local/lib/python3.7/site-packages/airflow/example_dags/example_time_delta_sensor_async.py
[2022-10-01T00:02:25.055+0000] {processor.py:640} INFO - Processing file /home/airflow/.local/lib/python3.7/site-packages/airflow/example_dags/example_time_delta_sensor_async.py for tasks to queue
[2022-10-01T00:02:25.057+0000] {logging_mixin.py:115} INFO - [2022-10-01T00:02:25.057+0000] {dagbag.py:508} INFO - Filling up the DagBag from /home/airflow/.local/lib/python3.7/site-packages/airflow/example_dags/example_time_delta_sensor_async.py
[2022-10-01T00:02:25.064+0000] {processor.py:650} INFO - DAG(s) dict_keys(['example_time_delta_sensor_async']) retrieved from /home/airflow/.local/lib/python3.7/site-packages/airflow/example_dags/example_time_delta_sensor_async.py
[2022-10-01T00:02:25.169+0000] {logging_mixin.py:115} INFO - [2022-10-01T00:02:25.169+0000] {dag.py:2429} INFO - Sync 1 DAGs
[2022-10-01T00:02:25.183+0000] {logging_mixin.py:115} INFO - [2022-10-01T00:02:25.183+0000] {dag.py:2981} INFO - Setting next_dagrun for example_time_delta_sensor_async to None, run_after=None
[2022-10-01T00:02:25.192+0000] {processor.py:161} INFO - Processing /home/airflow/.local/lib/python3.7/site-packages/airflow/example_dags/example_time_delta_sensor_async.py took 0.146 seconds
[2022-10-01T00:02:55.496+0000] {processor.py:153} INFO - Started process (PID=34246) to work on /home/airflow/.local/lib/python3.7/site-packages/airflow/example_dags/example_time_delta_sensor_async.py
[2022-10-01T00:02:55.498+0000] {processor.py:640} INFO - Processing file /home/airflow/.local/lib/python3.7/site-packages/airflow/example_dags/example_time_delta_sensor_async.py for tasks to queue
[2022-10-01T00:02:55.499+0000] {logging_mixin.py:115} INFO - [2022-10-01T00:02:55.498+0000] {dagbag.py:508} INFO - Filling up the DagBag from /home/airflow/.local/lib/python3.7/site-packages/airflow/example_dags/example_time_delta_sensor_async.py
[2022-10-01T00:02:55.503+0000] {processor.py:650} INFO - DAG(s) dict_keys(['example_time_delta_sensor_async']) retrieved from /home/airflow/.local/lib/python3.7/site-packages/airflow/example_dags/example_time_delta_sensor_async.py
[2022-10-01T00:02:55.597+0000] {logging_mixin.py:115} INFO - [2022-10-01T00:02:55.597+0000] {dag.py:2429} INFO - Sync 1 DAGs
[2022-10-01T00:02:55.611+0000] {logging_mixin.py:115} INFO - [2022-10-01T00:02:55.611+0000] {dag.py:2981} INFO - Setting next_dagrun for example_time_delta_sensor_async to None, run_after=None
[2022-10-01T00:02:55.619+0000] {processor.py:161} INFO - Processing /home/airflow/.local/lib/python3.7/site-packages/airflow/example_dags/example_time_delta_sensor_async.py took 0.126 seconds
[2022-10-01T00:03:25.721+0000] {processor.py:153} INFO - Started process (PID=34313) to work on /home/airflow/.local/lib/python3.7/site-packages/airflow/example_dags/example_time_delta_sensor_async.py
[2022-10-01T00:03:25.722+0000] {processor.py:640} INFO - Processing file /home/airflow/.local/lib/python3.7/site-packages/airflow/example_dags/example_time_delta_sensor_async.py for tasks to queue
[2022-10-01T00:03:25.724+0000] {logging_mixin.py:115} INFO - [2022-10-01T00:03:25.724+0000] {dagbag.py:508} INFO - Filling up the DagBag from /home/airflow/.local/lib/python3.7/site-packages/airflow/example_dags/example_time_delta_sensor_async.py
[2022-10-01T00:03:25.729+0000] {processor.py:650} INFO - DAG(s) dict_keys(['example_time_delta_sensor_async']) retrieved from /home/airflow/.local/lib/python3.7/site-packages/airflow/example_dags/example_time_delta_sensor_async.py
[2022-10-01T00:03:25.833+0000] {logging_mixin.py:115} INFO - [2022-10-01T00:03:25.833+0000] {dag.py:2429} INFO - Sync 1 DAGs
[2022-10-01T00:03:25.847+0000] {logging_mixin.py:115} INFO - [2022-10-01T00:03:25.847+0000] {dag.py:2981} INFO - Setting next_dagrun for example_time_delta_sensor_async to None, run_after=None
[2022-10-01T00:03:25.857+0000] {processor.py:161} INFO - Processing /home/airflow/.local/lib/python3.7/site-packages/airflow/example_dags/example_time_delta_sensor_async.py took 0.140 seconds
[2022-10-01T00:03:56.123+0000] {processor.py:153} INFO - Started process (PID=34370) to work on /home/airflow/.local/lib/python3.7/site-packages/airflow/example_dags/example_time_delta_sensor_async.py
[2022-10-01T00:03:56.125+0000] {processor.py:640} INFO - Processing file /home/airflow/.local/lib/python3.7/site-packages/airflow/example_dags/example_time_delta_sensor_async.py for tasks to queue
[2022-10-01T00:03:56.126+0000] {logging_mixin.py:115} INFO - [2022-10-01T00:03:56.126+0000] {dagbag.py:508} INFO - Filling up the DagBag from /home/airflow/.local/lib/python3.7/site-packages/airflow/example_dags/example_time_delta_sensor_async.py
[2022-10-01T00:03:56.131+0000] {processor.py:650} INFO - DAG(s) dict_keys(['example_time_delta_sensor_async']) retrieved from /home/airflow/.local/lib/python3.7/site-packages/airflow/example_dags/example_time_delta_sensor_async.py
[2022-10-01T00:03:56.232+0000] {logging_mixin.py:115} INFO - [2022-10-01T00:03:56.232+0000] {dag.py:2429} INFO - Sync 1 DAGs
[2022-10-01T00:03:56.245+0000] {logging_mixin.py:115} INFO - [2022-10-01T00:03:56.245+0000] {dag.py:2981} INFO - Setting next_dagrun for example_time_delta_sensor_async to None, run_after=None
[2022-10-01T00:03:56.253+0000] {processor.py:161} INFO - Processing /home/airflow/.local/lib/python3.7/site-packages/airflow/example_dags/example_time_delta_sensor_async.py took 0.132 seconds
[2022-10-01T00:04:26.553+0000] {processor.py:153} INFO - Started process (PID=34436) to work on /home/airflow/.local/lib/python3.7/site-packages/airflow/example_dags/example_time_delta_sensor_async.py
[2022-10-01T00:04:26.554+0000] {processor.py:640} INFO - Processing file /home/airflow/.local/lib/python3.7/site-packages/airflow/example_dags/example_time_delta_sensor_async.py for tasks to queue
[2022-10-01T00:04:26.555+0000] {logging_mixin.py:115} INFO - [2022-10-01T00:04:26.555+0000] {dagbag.py:508} INFO - Filling up the DagBag from /home/airflow/.local/lib/python3.7/site-packages/airflow/example_dags/example_time_delta_sensor_async.py
[2022-10-01T00:04:26.560+0000] {processor.py:650} INFO - DAG(s) dict_keys(['example_time_delta_sensor_async']) retrieved from /home/airflow/.local/lib/python3.7/site-packages/airflow/example_dags/example_time_delta_sensor_async.py
[2022-10-01T00:04:26.671+0000] {logging_mixin.py:115} INFO - [2022-10-01T00:04:26.671+0000] {dag.py:2429} INFO - Sync 1 DAGs
[2022-10-01T00:04:26.684+0000] {logging_mixin.py:115} INFO - [2022-10-01T00:04:26.684+0000] {dag.py:2981} INFO - Setting next_dagrun for example_time_delta_sensor_async to None, run_after=None
[2022-10-01T00:04:26.693+0000] {processor.py:161} INFO - Processing /home/airflow/.local/lib/python3.7/site-packages/airflow/example_dags/example_time_delta_sensor_async.py took 0.143 seconds
[2022-10-01T00:04:57.031+0000] {processor.py:153} INFO - Started process (PID=34503) to work on /home/airflow/.local/lib/python3.7/site-packages/airflow/example_dags/example_time_delta_sensor_async.py
[2022-10-01T00:04:57.033+0000] {processor.py:640} INFO - Processing file /home/airflow/.local/lib/python3.7/site-packages/airflow/example_dags/example_time_delta_sensor_async.py for tasks to queue
[2022-10-01T00:04:57.034+0000] {logging_mixin.py:115} INFO - [2022-10-01T00:04:57.034+0000] {dagbag.py:508} INFO - Filling up the DagBag from /home/airflow/.local/lib/python3.7/site-packages/airflow/example_dags/example_time_delta_sensor_async.py
[2022-10-01T00:04:57.039+0000] {processor.py:650} INFO - DAG(s) dict_keys(['example_time_delta_sensor_async']) retrieved from /home/airflow/.local/lib/python3.7/site-packages/airflow/example_dags/example_time_delta_sensor_async.py
[2022-10-01T00:04:57.152+0000] {logging_mixin.py:115} INFO - [2022-10-01T00:04:57.152+0000] {dag.py:2429} INFO - Sync 1 DAGs
[2022-10-01T00:04:57.169+0000] {logging_mixin.py:115} INFO - [2022-10-01T00:04:57.169+0000] {dag.py:2981} INFO - Setting next_dagrun for example_time_delta_sensor_async to None, run_after=None
[2022-10-01T00:04:57.179+0000] {processor.py:161} INFO - Processing /home/airflow/.local/lib/python3.7/site-packages/airflow/example_dags/example_time_delta_sensor_async.py took 0.151 seconds
[2022-10-01T00:05:27.393+0000] {processor.py:153} INFO - Started process (PID=34569) to work on /home/airflow/.local/lib/python3.7/site-packages/airflow/example_dags/example_time_delta_sensor_async.py
[2022-10-01T00:05:27.395+0000] {processor.py:640} INFO - Processing file /home/airflow/.local/lib/python3.7/site-packages/airflow/example_dags/example_time_delta_sensor_async.py for tasks to queue
[2022-10-01T00:05:27.396+0000] {logging_mixin.py:115} INFO - [2022-10-01T00:05:27.396+0000] {dagbag.py:508} INFO - Filling up the DagBag from /home/airflow/.local/lib/python3.7/site-packages/airflow/example_dags/example_time_delta_sensor_async.py
[2022-10-01T00:05:27.403+0000] {processor.py:650} INFO - DAG(s) dict_keys(['example_time_delta_sensor_async']) retrieved from /home/airflow/.local/lib/python3.7/site-packages/airflow/example_dags/example_time_delta_sensor_async.py
[2022-10-01T00:05:27.498+0000] {logging_mixin.py:115} INFO - [2022-10-01T00:05:27.498+0000] {dag.py:2429} INFO - Sync 1 DAGs
[2022-10-01T00:05:27.511+0000] {logging_mixin.py:115} INFO - [2022-10-01T00:05:27.511+0000] {dag.py:2981} INFO - Setting next_dagrun for example_time_delta_sensor_async to None, run_after=None
[2022-10-01T00:05:27.520+0000] {processor.py:161} INFO - Processing /home/airflow/.local/lib/python3.7/site-packages/airflow/example_dags/example_time_delta_sensor_async.py took 0.129 seconds
[2022-10-01T00:05:57.781+0000] {processor.py:153} INFO - Started process (PID=34627) to work on /home/airflow/.local/lib/python3.7/site-packages/airflow/example_dags/example_time_delta_sensor_async.py
[2022-10-01T00:05:57.783+0000] {processor.py:640} INFO - Processing file /home/airflow/.local/lib/python3.7/site-packages/airflow/example_dags/example_time_delta_sensor_async.py for tasks to queue
[2022-10-01T00:05:57.784+0000] {logging_mixin.py:115} INFO - [2022-10-01T00:05:57.784+0000] {dagbag.py:508} INFO - Filling up the DagBag from /home/airflow/.local/lib/python3.7/site-packages/airflow/example_dags/example_time_delta_sensor_async.py
[2022-10-01T00:05:57.790+0000] {processor.py:650} INFO - DAG(s) dict_keys(['example_time_delta_sensor_async']) retrieved from /home/airflow/.local/lib/python3.7/site-packages/airflow/example_dags/example_time_delta_sensor_async.py
[2022-10-01T00:05:57.884+0000] {logging_mixin.py:115} INFO - [2022-10-01T00:05:57.883+0000] {dag.py:2429} INFO - Sync 1 DAGs
[2022-10-01T00:05:57.898+0000] {logging_mixin.py:115} INFO - [2022-10-01T00:05:57.898+0000] {dag.py:2981} INFO - Setting next_dagrun for example_time_delta_sensor_async to None, run_after=None
[2022-10-01T00:05:57.909+0000] {processor.py:161} INFO - Processing /home/airflow/.local/lib/python3.7/site-packages/airflow/example_dags/example_time_delta_sensor_async.py took 0.130 seconds
[2022-10-01T00:06:28.188+0000] {processor.py:153} INFO - Started process (PID=34693) to work on /home/airflow/.local/lib/python3.7/site-packages/airflow/example_dags/example_time_delta_sensor_async.py
[2022-10-01T00:06:28.189+0000] {processor.py:640} INFO - Processing file /home/airflow/.local/lib/python3.7/site-packages/airflow/example_dags/example_time_delta_sensor_async.py for tasks to queue
[2022-10-01T00:06:28.191+0000] {logging_mixin.py:115} INFO - [2022-10-01T00:06:28.191+0000] {dagbag.py:508} INFO - Filling up the DagBag from /home/airflow/.local/lib/python3.7/site-packages/airflow/example_dags/example_time_delta_sensor_async.py
[2022-10-01T00:06:28.196+0000] {processor.py:650} INFO - DAG(s) dict_keys(['example_time_delta_sensor_async']) retrieved from /home/airflow/.local/lib/python3.7/site-packages/airflow/example_dags/example_time_delta_sensor_async.py
[2022-10-01T00:06:28.297+0000] {logging_mixin.py:115} INFO - [2022-10-01T00:06:28.297+0000] {dag.py:2429} INFO - Sync 1 DAGs
[2022-10-01T00:06:28.311+0000] {logging_mixin.py:115} INFO - [2022-10-01T00:06:28.311+0000] {dag.py:2981} INFO - Setting next_dagrun for example_time_delta_sensor_async to None, run_after=None
[2022-10-01T00:06:28.318+0000] {processor.py:161} INFO - Processing /home/airflow/.local/lib/python3.7/site-packages/airflow/example_dags/example_time_delta_sensor_async.py took 0.133 seconds
[2022-10-01T00:06:58.530+0000] {processor.py:153} INFO - Started process (PID=34759) to work on /home/airflow/.local/lib/python3.7/site-packages/airflow/example_dags/example_time_delta_sensor_async.py
[2022-10-01T00:06:58.533+0000] {processor.py:640} INFO - Processing file /home/airflow/.local/lib/python3.7/site-packages/airflow/example_dags/example_time_delta_sensor_async.py for tasks to queue
[2022-10-01T00:06:58.534+0000] {logging_mixin.py:115} INFO - [2022-10-01T00:06:58.534+0000] {dagbag.py:508} INFO - Filling up the DagBag from /home/airflow/.local/lib/python3.7/site-packages/airflow/example_dags/example_time_delta_sensor_async.py
[2022-10-01T00:06:58.539+0000] {processor.py:650} INFO - DAG(s) dict_keys(['example_time_delta_sensor_async']) retrieved from /home/airflow/.local/lib/python3.7/site-packages/airflow/example_dags/example_time_delta_sensor_async.py
[2022-10-01T00:06:58.644+0000] {logging_mixin.py:115} INFO - [2022-10-01T00:06:58.644+0000] {dag.py:2429} INFO - Sync 1 DAGs
[2022-10-01T00:06:58.659+0000] {logging_mixin.py:115} INFO - [2022-10-01T00:06:58.658+0000] {dag.py:2981} INFO - Setting next_dagrun for example_time_delta_sensor_async to None, run_after=None
[2022-10-01T00:06:58.666+0000] {processor.py:161} INFO - Processing /home/airflow/.local/lib/python3.7/site-packages/airflow/example_dags/example_time_delta_sensor_async.py took 0.139 seconds
[2022-10-01T00:07:28.938+0000] {processor.py:153} INFO - Started process (PID=34825) to work on /home/airflow/.local/lib/python3.7/site-packages/airflow/example_dags/example_time_delta_sensor_async.py
[2022-10-01T00:07:28.939+0000] {processor.py:640} INFO - Processing file /home/airflow/.local/lib/python3.7/site-packages/airflow/example_dags/example_time_delta_sensor_async.py for tasks to queue
[2022-10-01T00:07:28.941+0000] {logging_mixin.py:115} INFO - [2022-10-01T00:07:28.941+0000] {dagbag.py:508} INFO - Filling up the DagBag from /home/airflow/.local/lib/python3.7/site-packages/airflow/example_dags/example_time_delta_sensor_async.py
[2022-10-01T00:07:28.946+0000] {processor.py:650} INFO - DAG(s) dict_keys(['example_time_delta_sensor_async']) retrieved from /home/airflow/.local/lib/python3.7/site-packages/airflow/example_dags/example_time_delta_sensor_async.py
[2022-10-01T00:07:29.053+0000] {logging_mixin.py:115} INFO - [2022-10-01T00:07:29.053+0000] {dag.py:2429} INFO - Sync 1 DAGs
[2022-10-01T00:07:29.069+0000] {logging_mixin.py:115} INFO - [2022-10-01T00:07:29.069+0000] {dag.py:2981} INFO - Setting next_dagrun for example_time_delta_sensor_async to None, run_after=None
[2022-10-01T00:07:29.107+0000] {processor.py:161} INFO - Processing /home/airflow/.local/lib/python3.7/site-packages/airflow/example_dags/example_time_delta_sensor_async.py took 0.172 seconds
[2022-10-01T00:07:59.278+0000] {processor.py:153} INFO - Started process (PID=34882) to work on /home/airflow/.local/lib/python3.7/site-packages/airflow/example_dags/example_time_delta_sensor_async.py
[2022-10-01T00:07:59.280+0000] {processor.py:640} INFO - Processing file /home/airflow/.local/lib/python3.7/site-packages/airflow/example_dags/example_time_delta_sensor_async.py for tasks to queue
[2022-10-01T00:07:59.282+0000] {logging_mixin.py:115} INFO - [2022-10-01T00:07:59.282+0000] {dagbag.py:508} INFO - Filling up the DagBag from /home/airflow/.local/lib/python3.7/site-packages/airflow/example_dags/example_time_delta_sensor_async.py
[2022-10-01T00:07:59.287+0000] {processor.py:650} INFO - DAG(s) dict_keys(['example_time_delta_sensor_async']) retrieved from /home/airflow/.local/lib/python3.7/site-packages/airflow/example_dags/example_time_delta_sensor_async.py
[2022-10-01T00:07:59.385+0000] {logging_mixin.py:115} INFO - [2022-10-01T00:07:59.385+0000] {dag.py:2429} INFO - Sync 1 DAGs
[2022-10-01T00:07:59.398+0000] {logging_mixin.py:115} INFO - [2022-10-01T00:07:59.398+0000] {dag.py:2981} INFO - Setting next_dagrun for example_time_delta_sensor_async to None, run_after=None
[2022-10-01T00:07:59.407+0000] {processor.py:161} INFO - Processing /home/airflow/.local/lib/python3.7/site-packages/airflow/example_dags/example_time_delta_sensor_async.py took 0.132 seconds
[2022-10-01T00:08:29.837+0000] {processor.py:153} INFO - Started process (PID=34948) to work on /home/airflow/.local/lib/python3.7/site-packages/airflow/example_dags/example_time_delta_sensor_async.py
[2022-10-01T00:08:29.839+0000] {processor.py:640} INFO - Processing file /home/airflow/.local/lib/python3.7/site-packages/airflow/example_dags/example_time_delta_sensor_async.py for tasks to queue
[2022-10-01T00:08:29.840+0000] {logging_mixin.py:115} INFO - [2022-10-01T00:08:29.840+0000] {dagbag.py:508} INFO - Filling up the DagBag from /home/airflow/.local/lib/python3.7/site-packages/airflow/example_dags/example_time_delta_sensor_async.py
[2022-10-01T00:08:29.846+0000] {processor.py:650} INFO - DAG(s) dict_keys(['example_time_delta_sensor_async']) retrieved from /home/airflow/.local/lib/python3.7/site-packages/airflow/example_dags/example_time_delta_sensor_async.py
[2022-10-01T00:08:29.945+0000] {logging_mixin.py:115} INFO - [2022-10-01T00:08:29.945+0000] {dag.py:2429} INFO - Sync 1 DAGs
[2022-10-01T00:08:29.959+0000] {logging_mixin.py:115} INFO - [2022-10-01T00:08:29.959+0000] {dag.py:2981} INFO - Setting next_dagrun for example_time_delta_sensor_async to None, run_after=None
[2022-10-01T00:08:29.969+0000] {processor.py:161} INFO - Processing /home/airflow/.local/lib/python3.7/site-packages/airflow/example_dags/example_time_delta_sensor_async.py took 0.134 seconds
[2022-10-01T00:09:00.320+0000] {processor.py:153} INFO - Started process (PID=35014) to work on /home/airflow/.local/lib/python3.7/site-packages/airflow/example_dags/example_time_delta_sensor_async.py
[2022-10-01T00:09:00.322+0000] {processor.py:640} INFO - Processing file /home/airflow/.local/lib/python3.7/site-packages/airflow/example_dags/example_time_delta_sensor_async.py for tasks to queue
[2022-10-01T00:09:00.323+0000] {logging_mixin.py:115} INFO - [2022-10-01T00:09:00.323+0000] {dagbag.py:508} INFO - Filling up the DagBag from /home/airflow/.local/lib/python3.7/site-packages/airflow/example_dags/example_time_delta_sensor_async.py
[2022-10-01T00:09:00.328+0000] {processor.py:650} INFO - DAG(s) dict_keys(['example_time_delta_sensor_async']) retrieved from /home/airflow/.local/lib/python3.7/site-packages/airflow/example_dags/example_time_delta_sensor_async.py
[2022-10-01T00:09:00.437+0000] {logging_mixin.py:115} INFO - [2022-10-01T00:09:00.437+0000] {dag.py:2429} INFO - Sync 1 DAGs
[2022-10-01T00:09:00.449+0000] {logging_mixin.py:115} INFO - [2022-10-01T00:09:00.449+0000] {dag.py:2981} INFO - Setting next_dagrun for example_time_delta_sensor_async to None, run_after=None
[2022-10-01T00:09:00.458+0000] {processor.py:161} INFO - Processing /home/airflow/.local/lib/python3.7/site-packages/airflow/example_dags/example_time_delta_sensor_async.py took 0.141 seconds
[2022-10-01T00:09:30.984+0000] {processor.py:153} INFO - Started process (PID=35079) to work on /home/airflow/.local/lib/python3.7/site-packages/airflow/example_dags/example_time_delta_sensor_async.py
[2022-10-01T00:09:30.986+0000] {processor.py:640} INFO - Processing file /home/airflow/.local/lib/python3.7/site-packages/airflow/example_dags/example_time_delta_sensor_async.py for tasks to queue
[2022-10-01T00:09:30.987+0000] {logging_mixin.py:115} INFO - [2022-10-01T00:09:30.987+0000] {dagbag.py:508} INFO - Filling up the DagBag from /home/airflow/.local/lib/python3.7/site-packages/airflow/example_dags/example_time_delta_sensor_async.py
[2022-10-01T00:09:30.992+0000] {processor.py:650} INFO - DAG(s) dict_keys(['example_time_delta_sensor_async']) retrieved from /home/airflow/.local/lib/python3.7/site-packages/airflow/example_dags/example_time_delta_sensor_async.py
[2022-10-01T00:09:31.091+0000] {logging_mixin.py:115} INFO - [2022-10-01T00:09:31.091+0000] {dag.py:2429} INFO - Sync 1 DAGs
[2022-10-01T00:09:31.103+0000] {logging_mixin.py:115} INFO - [2022-10-01T00:09:31.103+0000] {dag.py:2981} INFO - Setting next_dagrun for example_time_delta_sensor_async to None, run_after=None
[2022-10-01T00:09:31.112+0000] {processor.py:161} INFO - Processing /home/airflow/.local/lib/python3.7/site-packages/airflow/example_dags/example_time_delta_sensor_async.py took 0.130 seconds
[2022-10-01T00:10:01.365+0000] {processor.py:153} INFO - Started process (PID=35135) to work on /home/airflow/.local/lib/python3.7/site-packages/airflow/example_dags/example_time_delta_sensor_async.py
[2022-10-01T00:10:01.367+0000] {processor.py:640} INFO - Processing file /home/airflow/.local/lib/python3.7/site-packages/airflow/example_dags/example_time_delta_sensor_async.py for tasks to queue
[2022-10-01T00:10:01.368+0000] {logging_mixin.py:115} INFO - [2022-10-01T00:10:01.368+0000] {dagbag.py:508} INFO - Filling up the DagBag from /home/airflow/.local/lib/python3.7/site-packages/airflow/example_dags/example_time_delta_sensor_async.py
[2022-10-01T00:10:01.373+0000] {processor.py:650} INFO - DAG(s) dict_keys(['example_time_delta_sensor_async']) retrieved from /home/airflow/.local/lib/python3.7/site-packages/airflow/example_dags/example_time_delta_sensor_async.py
[2022-10-01T00:10:01.485+0000] {logging_mixin.py:115} INFO - [2022-10-01T00:10:01.485+0000] {dag.py:2429} INFO - Sync 1 DAGs
[2022-10-01T00:10:01.498+0000] {logging_mixin.py:115} INFO - [2022-10-01T00:10:01.498+0000] {dag.py:2981} INFO - Setting next_dagrun for example_time_delta_sensor_async to None, run_after=None
[2022-10-01T00:10:01.508+0000] {processor.py:161} INFO - Processing /home/airflow/.local/lib/python3.7/site-packages/airflow/example_dags/example_time_delta_sensor_async.py took 0.145 seconds
[2022-10-01T00:10:31.824+0000] {processor.py:153} INFO - Started process (PID=35202) to work on /home/airflow/.local/lib/python3.7/site-packages/airflow/example_dags/example_time_delta_sensor_async.py
[2022-10-01T00:10:31.827+0000] {processor.py:640} INFO - Processing file /home/airflow/.local/lib/python3.7/site-packages/airflow/example_dags/example_time_delta_sensor_async.py for tasks to queue
[2022-10-01T00:10:31.830+0000] {logging_mixin.py:115} INFO - [2022-10-01T00:10:31.830+0000] {dagbag.py:508} INFO - Filling up the DagBag from /home/airflow/.local/lib/python3.7/site-packages/airflow/example_dags/example_time_delta_sensor_async.py
[2022-10-01T00:10:31.840+0000] {processor.py:650} INFO - DAG(s) dict_keys(['example_time_delta_sensor_async']) retrieved from /home/airflow/.local/lib/python3.7/site-packages/airflow/example_dags/example_time_delta_sensor_async.py
[2022-10-01T00:10:31.949+0000] {logging_mixin.py:115} INFO - [2022-10-01T00:10:31.949+0000] {dag.py:2429} INFO - Sync 1 DAGs
[2022-10-01T00:10:31.963+0000] {logging_mixin.py:115} INFO - [2022-10-01T00:10:31.963+0000] {dag.py:2981} INFO - Setting next_dagrun for example_time_delta_sensor_async to None, run_after=None
[2022-10-01T00:10:31.973+0000] {processor.py:161} INFO - Processing /home/airflow/.local/lib/python3.7/site-packages/airflow/example_dags/example_time_delta_sensor_async.py took 0.152 seconds
[2022-10-01T00:11:02.221+0000] {processor.py:153} INFO - Started process (PID=35268) to work on /home/airflow/.local/lib/python3.7/site-packages/airflow/example_dags/example_time_delta_sensor_async.py
[2022-10-01T00:11:02.223+0000] {processor.py:640} INFO - Processing file /home/airflow/.local/lib/python3.7/site-packages/airflow/example_dags/example_time_delta_sensor_async.py for tasks to queue
[2022-10-01T00:11:02.224+0000] {logging_mixin.py:115} INFO - [2022-10-01T00:11:02.224+0000] {dagbag.py:508} INFO - Filling up the DagBag from /home/airflow/.local/lib/python3.7/site-packages/airflow/example_dags/example_time_delta_sensor_async.py
[2022-10-01T00:11:02.230+0000] {processor.py:650} INFO - DAG(s) dict_keys(['example_time_delta_sensor_async']) retrieved from /home/airflow/.local/lib/python3.7/site-packages/airflow/example_dags/example_time_delta_sensor_async.py
[2022-10-01T00:11:02.329+0000] {logging_mixin.py:115} INFO - [2022-10-01T00:11:02.329+0000] {dag.py:2429} INFO - Sync 1 DAGs
[2022-10-01T00:11:02.344+0000] {logging_mixin.py:115} INFO - [2022-10-01T00:11:02.344+0000] {dag.py:2981} INFO - Setting next_dagrun for example_time_delta_sensor_async to None, run_after=None
[2022-10-01T00:11:02.353+0000] {processor.py:161} INFO - Processing /home/airflow/.local/lib/python3.7/site-packages/airflow/example_dags/example_time_delta_sensor_async.py took 0.135 seconds
[2022-10-01T00:11:32.544+0000] {processor.py:153} INFO - Started process (PID=35334) to work on /home/airflow/.local/lib/python3.7/site-packages/airflow/example_dags/example_time_delta_sensor_async.py
[2022-10-01T00:11:32.546+0000] {processor.py:640} INFO - Processing file /home/airflow/.local/lib/python3.7/site-packages/airflow/example_dags/example_time_delta_sensor_async.py for tasks to queue
[2022-10-01T00:11:32.547+0000] {logging_mixin.py:115} INFO - [2022-10-01T00:11:32.547+0000] {dagbag.py:508} INFO - Filling up the DagBag from /home/airflow/.local/lib/python3.7/site-packages/airflow/example_dags/example_time_delta_sensor_async.py
[2022-10-01T00:11:32.553+0000] {processor.py:650} INFO - DAG(s) dict_keys(['example_time_delta_sensor_async']) retrieved from /home/airflow/.local/lib/python3.7/site-packages/airflow/example_dags/example_time_delta_sensor_async.py
[2022-10-01T00:11:32.681+0000] {logging_mixin.py:115} INFO - [2022-10-01T00:11:32.681+0000] {dag.py:2429} INFO - Sync 1 DAGs
[2022-10-01T00:11:32.696+0000] {logging_mixin.py:115} INFO - [2022-10-01T00:11:32.696+0000] {dag.py:2981} INFO - Setting next_dagrun for example_time_delta_sensor_async to None, run_after=None
[2022-10-01T00:11:32.706+0000] {processor.py:161} INFO - Processing /home/airflow/.local/lib/python3.7/site-packages/airflow/example_dags/example_time_delta_sensor_async.py took 0.165 seconds
[2022-10-01T00:12:02.873+0000] {processor.py:153} INFO - Started process (PID=35391) to work on /home/airflow/.local/lib/python3.7/site-packages/airflow/example_dags/example_time_delta_sensor_async.py
[2022-10-01T00:12:02.875+0000] {processor.py:640} INFO - Processing file /home/airflow/.local/lib/python3.7/site-packages/airflow/example_dags/example_time_delta_sensor_async.py for tasks to queue
[2022-10-01T00:12:02.876+0000] {logging_mixin.py:115} INFO - [2022-10-01T00:12:02.876+0000] {dagbag.py:508} INFO - Filling up the DagBag from /home/airflow/.local/lib/python3.7/site-packages/airflow/example_dags/example_time_delta_sensor_async.py
[2022-10-01T00:12:02.881+0000] {processor.py:650} INFO - DAG(s) dict_keys(['example_time_delta_sensor_async']) retrieved from /home/airflow/.local/lib/python3.7/site-packages/airflow/example_dags/example_time_delta_sensor_async.py
[2022-10-01T00:12:02.977+0000] {logging_mixin.py:115} INFO - [2022-10-01T00:12:02.977+0000] {dag.py:2429} INFO - Sync 1 DAGs
[2022-10-01T00:12:02.992+0000] {logging_mixin.py:115} INFO - [2022-10-01T00:12:02.992+0000] {dag.py:2981} INFO - Setting next_dagrun for example_time_delta_sensor_async to None, run_after=None
[2022-10-01T00:12:03.001+0000] {processor.py:161} INFO - Processing /home/airflow/.local/lib/python3.7/site-packages/airflow/example_dags/example_time_delta_sensor_async.py took 0.130 seconds
[2022-10-01T00:12:33.424+0000] {processor.py:153} INFO - Started process (PID=35458) to work on /home/airflow/.local/lib/python3.7/site-packages/airflow/example_dags/example_time_delta_sensor_async.py
[2022-10-01T00:12:33.426+0000] {processor.py:640} INFO - Processing file /home/airflow/.local/lib/python3.7/site-packages/airflow/example_dags/example_time_delta_sensor_async.py for tasks to queue
[2022-10-01T00:12:33.427+0000] {logging_mixin.py:115} INFO - [2022-10-01T00:12:33.427+0000] {dagbag.py:508} INFO - Filling up the DagBag from /home/airflow/.local/lib/python3.7/site-packages/airflow/example_dags/example_time_delta_sensor_async.py
[2022-10-01T00:12:33.432+0000] {processor.py:650} INFO - DAG(s) dict_keys(['example_time_delta_sensor_async']) retrieved from /home/airflow/.local/lib/python3.7/site-packages/airflow/example_dags/example_time_delta_sensor_async.py
[2022-10-01T00:12:33.543+0000] {logging_mixin.py:115} INFO - [2022-10-01T00:12:33.543+0000] {dag.py:2429} INFO - Sync 1 DAGs
[2022-10-01T00:12:33.557+0000] {logging_mixin.py:115} INFO - [2022-10-01T00:12:33.557+0000] {dag.py:2981} INFO - Setting next_dagrun for example_time_delta_sensor_async to None, run_after=None
[2022-10-01T00:12:33.565+0000] {processor.py:161} INFO - Processing /home/airflow/.local/lib/python3.7/site-packages/airflow/example_dags/example_time_delta_sensor_async.py took 0.144 seconds
[2022-10-01T00:13:03.756+0000] {processor.py:153} INFO - Started process (PID=35523) to work on /home/airflow/.local/lib/python3.7/site-packages/airflow/example_dags/example_time_delta_sensor_async.py
[2022-10-01T00:13:03.758+0000] {processor.py:640} INFO - Processing file /home/airflow/.local/lib/python3.7/site-packages/airflow/example_dags/example_time_delta_sensor_async.py for tasks to queue
[2022-10-01T00:13:03.759+0000] {logging_mixin.py:115} INFO - [2022-10-01T00:13:03.758+0000] {dagbag.py:508} INFO - Filling up the DagBag from /home/airflow/.local/lib/python3.7/site-packages/airflow/example_dags/example_time_delta_sensor_async.py
[2022-10-01T00:13:03.763+0000] {processor.py:650} INFO - DAG(s) dict_keys(['example_time_delta_sensor_async']) retrieved from /home/airflow/.local/lib/python3.7/site-packages/airflow/example_dags/example_time_delta_sensor_async.py
[2022-10-01T00:13:03.863+0000] {logging_mixin.py:115} INFO - [2022-10-01T00:13:03.863+0000] {dag.py:2429} INFO - Sync 1 DAGs
[2022-10-01T00:13:03.876+0000] {logging_mixin.py:115} INFO - [2022-10-01T00:13:03.876+0000] {dag.py:2981} INFO - Setting next_dagrun for example_time_delta_sensor_async to None, run_after=None
[2022-10-01T00:13:03.885+0000] {processor.py:161} INFO - Processing /home/airflow/.local/lib/python3.7/site-packages/airflow/example_dags/example_time_delta_sensor_async.py took 0.131 seconds
[2022-10-01T00:13:35.557+0000] {processor.py:153} INFO - Started process (PID=35592) to work on /home/airflow/.local/lib/python3.7/site-packages/airflow/example_dags/example_time_delta_sensor_async.py
[2022-10-01T00:13:35.560+0000] {processor.py:640} INFO - Processing file /home/airflow/.local/lib/python3.7/site-packages/airflow/example_dags/example_time_delta_sensor_async.py for tasks to queue
[2022-10-01T00:13:35.561+0000] {logging_mixin.py:115} INFO - [2022-10-01T00:13:35.561+0000] {dagbag.py:508} INFO - Filling up the DagBag from /home/airflow/.local/lib/python3.7/site-packages/airflow/example_dags/example_time_delta_sensor_async.py
[2022-10-01T00:13:35.571+0000] {processor.py:650} INFO - DAG(s) dict_keys(['example_time_delta_sensor_async']) retrieved from /home/airflow/.local/lib/python3.7/site-packages/airflow/example_dags/example_time_delta_sensor_async.py
[2022-10-01T00:13:35.785+0000] {logging_mixin.py:115} INFO - [2022-10-01T00:13:35.785+0000] {dag.py:2429} INFO - Sync 1 DAGs
[2022-10-01T00:13:35.806+0000] {logging_mixin.py:115} INFO - [2022-10-01T00:13:35.806+0000] {dag.py:2981} INFO - Setting next_dagrun for example_time_delta_sensor_async to None, run_after=None
[2022-10-01T00:13:35.817+0000] {processor.py:161} INFO - Processing /home/airflow/.local/lib/python3.7/site-packages/airflow/example_dags/example_time_delta_sensor_async.py took 0.264 seconds
[2022-10-01T00:18:34.252+0000] {processor.py:153} INFO - Started process (PID=35640) to work on /home/airflow/.local/lib/python3.7/site-packages/airflow/example_dags/example_time_delta_sensor_async.py
[2022-10-01T00:18:34.254+0000] {processor.py:640} INFO - Processing file /home/airflow/.local/lib/python3.7/site-packages/airflow/example_dags/example_time_delta_sensor_async.py for tasks to queue
[2022-10-01T00:18:34.256+0000] {logging_mixin.py:115} INFO - [2022-10-01T00:18:34.255+0000] {dagbag.py:508} INFO - Filling up the DagBag from /home/airflow/.local/lib/python3.7/site-packages/airflow/example_dags/example_time_delta_sensor_async.py
[2022-10-01T00:18:34.264+0000] {processor.py:650} INFO - DAG(s) dict_keys(['example_time_delta_sensor_async']) retrieved from /home/airflow/.local/lib/python3.7/site-packages/airflow/example_dags/example_time_delta_sensor_async.py
[2022-10-01T00:18:34.445+0000] {logging_mixin.py:115} INFO - [2022-10-01T00:18:34.445+0000] {dag.py:2429} INFO - Sync 1 DAGs
[2022-10-01T00:18:34.534+0000] {logging_mixin.py:115} INFO - [2022-10-01T00:18:34.534+0000] {dag.py:2981} INFO - Setting next_dagrun for example_time_delta_sensor_async to None, run_after=None
[2022-10-01T00:18:34.570+0000] {processor.py:161} INFO - Processing /home/airflow/.local/lib/python3.7/site-packages/airflow/example_dags/example_time_delta_sensor_async.py took 0.321 seconds
[2022-10-01T00:19:04.741+0000] {processor.py:153} INFO - Started process (PID=35707) to work on /home/airflow/.local/lib/python3.7/site-packages/airflow/example_dags/example_time_delta_sensor_async.py
[2022-10-01T00:19:04.743+0000] {processor.py:640} INFO - Processing file /home/airflow/.local/lib/python3.7/site-packages/airflow/example_dags/example_time_delta_sensor_async.py for tasks to queue
[2022-10-01T00:19:04.744+0000] {logging_mixin.py:115} INFO - [2022-10-01T00:19:04.744+0000] {dagbag.py:508} INFO - Filling up the DagBag from /home/airflow/.local/lib/python3.7/site-packages/airflow/example_dags/example_time_delta_sensor_async.py
[2022-10-01T00:19:04.750+0000] {processor.py:650} INFO - DAG(s) dict_keys(['example_time_delta_sensor_async']) retrieved from /home/airflow/.local/lib/python3.7/site-packages/airflow/example_dags/example_time_delta_sensor_async.py
[2022-10-01T00:19:04.845+0000] {logging_mixin.py:115} INFO - [2022-10-01T00:19:04.845+0000] {dag.py:2429} INFO - Sync 1 DAGs
[2022-10-01T00:19:04.859+0000] {logging_mixin.py:115} INFO - [2022-10-01T00:19:04.858+0000] {dag.py:2981} INFO - Setting next_dagrun for example_time_delta_sensor_async to None, run_after=None
[2022-10-01T00:19:04.866+0000] {processor.py:161} INFO - Processing /home/airflow/.local/lib/python3.7/site-packages/airflow/example_dags/example_time_delta_sensor_async.py took 0.127 seconds
[2022-10-01T00:19:35.251+0000] {processor.py:153} INFO - Started process (PID=35764) to work on /home/airflow/.local/lib/python3.7/site-packages/airflow/example_dags/example_time_delta_sensor_async.py
[2022-10-01T00:19:35.252+0000] {processor.py:640} INFO - Processing file /home/airflow/.local/lib/python3.7/site-packages/airflow/example_dags/example_time_delta_sensor_async.py for tasks to queue
[2022-10-01T00:19:35.254+0000] {logging_mixin.py:115} INFO - [2022-10-01T00:19:35.253+0000] {dagbag.py:508} INFO - Filling up the DagBag from /home/airflow/.local/lib/python3.7/site-packages/airflow/example_dags/example_time_delta_sensor_async.py
[2022-10-01T00:19:35.261+0000] {processor.py:650} INFO - DAG(s) dict_keys(['example_time_delta_sensor_async']) retrieved from /home/airflow/.local/lib/python3.7/site-packages/airflow/example_dags/example_time_delta_sensor_async.py
[2022-10-01T00:19:35.368+0000] {logging_mixin.py:115} INFO - [2022-10-01T00:19:35.368+0000] {dag.py:2429} INFO - Sync 1 DAGs
[2022-10-01T00:19:35.382+0000] {logging_mixin.py:115} INFO - [2022-10-01T00:19:35.382+0000] {dag.py:2981} INFO - Setting next_dagrun for example_time_delta_sensor_async to None, run_after=None
[2022-10-01T00:19:35.390+0000] {processor.py:161} INFO - Processing /home/airflow/.local/lib/python3.7/site-packages/airflow/example_dags/example_time_delta_sensor_async.py took 0.142 seconds
[2022-10-01T00:20:05.730+0000] {processor.py:153} INFO - Started process (PID=35829) to work on /home/airflow/.local/lib/python3.7/site-packages/airflow/example_dags/example_time_delta_sensor_async.py
[2022-10-01T00:20:05.740+0000] {processor.py:640} INFO - Processing file /home/airflow/.local/lib/python3.7/site-packages/airflow/example_dags/example_time_delta_sensor_async.py for tasks to queue
[2022-10-01T00:20:05.742+0000] {logging_mixin.py:115} INFO - [2022-10-01T00:20:05.742+0000] {dagbag.py:508} INFO - Filling up the DagBag from /home/airflow/.local/lib/python3.7/site-packages/airflow/example_dags/example_time_delta_sensor_async.py
[2022-10-01T00:20:05.748+0000] {processor.py:650} INFO - DAG(s) dict_keys(['example_time_delta_sensor_async']) retrieved from /home/airflow/.local/lib/python3.7/site-packages/airflow/example_dags/example_time_delta_sensor_async.py
[2022-10-01T00:20:05.845+0000] {logging_mixin.py:115} INFO - [2022-10-01T00:20:05.845+0000] {dag.py:2429} INFO - Sync 1 DAGs
[2022-10-01T00:20:05.857+0000] {logging_mixin.py:115} INFO - [2022-10-01T00:20:05.857+0000] {dag.py:2981} INFO - Setting next_dagrun for example_time_delta_sensor_async to None, run_after=None
[2022-10-01T00:20:05.864+0000] {processor.py:161} INFO - Processing /home/airflow/.local/lib/python3.7/site-packages/airflow/example_dags/example_time_delta_sensor_async.py took 0.137 seconds
[2022-10-01T00:20:36.237+0000] {processor.py:153} INFO - Started process (PID=35897) to work on /home/airflow/.local/lib/python3.7/site-packages/airflow/example_dags/example_time_delta_sensor_async.py
[2022-10-01T00:20:36.239+0000] {processor.py:640} INFO - Processing file /home/airflow/.local/lib/python3.7/site-packages/airflow/example_dags/example_time_delta_sensor_async.py for tasks to queue
[2022-10-01T00:20:36.240+0000] {logging_mixin.py:115} INFO - [2022-10-01T00:20:36.240+0000] {dagbag.py:508} INFO - Filling up the DagBag from /home/airflow/.local/lib/python3.7/site-packages/airflow/example_dags/example_time_delta_sensor_async.py
[2022-10-01T00:20:36.245+0000] {processor.py:650} INFO - DAG(s) dict_keys(['example_time_delta_sensor_async']) retrieved from /home/airflow/.local/lib/python3.7/site-packages/airflow/example_dags/example_time_delta_sensor_async.py
[2022-10-01T00:20:36.344+0000] {logging_mixin.py:115} INFO - [2022-10-01T00:20:36.344+0000] {dag.py:2429} INFO - Sync 1 DAGs
[2022-10-01T00:20:36.356+0000] {logging_mixin.py:115} INFO - [2022-10-01T00:20:36.356+0000] {dag.py:2981} INFO - Setting next_dagrun for example_time_delta_sensor_async to None, run_after=None
[2022-10-01T00:20:36.363+0000] {processor.py:161} INFO - Processing /home/airflow/.local/lib/python3.7/site-packages/airflow/example_dags/example_time_delta_sensor_async.py took 0.128 seconds
[2022-10-01T00:21:06.830+0000] {processor.py:153} INFO - Started process (PID=35962) to work on /home/airflow/.local/lib/python3.7/site-packages/airflow/example_dags/example_time_delta_sensor_async.py
[2022-10-01T00:21:06.833+0000] {processor.py:640} INFO - Processing file /home/airflow/.local/lib/python3.7/site-packages/airflow/example_dags/example_time_delta_sensor_async.py for tasks to queue
[2022-10-01T00:21:06.835+0000] {logging_mixin.py:115} INFO - [2022-10-01T00:21:06.835+0000] {dagbag.py:508} INFO - Filling up the DagBag from /home/airflow/.local/lib/python3.7/site-packages/airflow/example_dags/example_time_delta_sensor_async.py
[2022-10-01T00:21:06.841+0000] {processor.py:650} INFO - DAG(s) dict_keys(['example_time_delta_sensor_async']) retrieved from /home/airflow/.local/lib/python3.7/site-packages/airflow/example_dags/example_time_delta_sensor_async.py
[2022-10-01T00:21:06.965+0000] {logging_mixin.py:115} INFO - [2022-10-01T00:21:06.965+0000] {dag.py:2429} INFO - Sync 1 DAGs
[2022-10-01T00:21:06.982+0000] {logging_mixin.py:115} INFO - [2022-10-01T00:21:06.982+0000] {dag.py:2981} INFO - Setting next_dagrun for example_time_delta_sensor_async to None, run_after=None
[2022-10-01T00:21:06.991+0000] {processor.py:161} INFO - Processing /home/airflow/.local/lib/python3.7/site-packages/airflow/example_dags/example_time_delta_sensor_async.py took 0.163 seconds
[2022-10-01T00:21:37.291+0000] {processor.py:153} INFO - Started process (PID=36018) to work on /home/airflow/.local/lib/python3.7/site-packages/airflow/example_dags/example_time_delta_sensor_async.py
[2022-10-01T00:21:37.325+0000] {processor.py:640} INFO - Processing file /home/airflow/.local/lib/python3.7/site-packages/airflow/example_dags/example_time_delta_sensor_async.py for tasks to queue
[2022-10-01T00:21:37.327+0000] {logging_mixin.py:115} INFO - [2022-10-01T00:21:37.327+0000] {dagbag.py:508} INFO - Filling up the DagBag from /home/airflow/.local/lib/python3.7/site-packages/airflow/example_dags/example_time_delta_sensor_async.py
[2022-10-01T00:21:37.332+0000] {processor.py:650} INFO - DAG(s) dict_keys(['example_time_delta_sensor_async']) retrieved from /home/airflow/.local/lib/python3.7/site-packages/airflow/example_dags/example_time_delta_sensor_async.py
[2022-10-01T00:21:37.441+0000] {logging_mixin.py:115} INFO - [2022-10-01T00:21:37.441+0000] {dag.py:2429} INFO - Sync 1 DAGs
[2022-10-01T00:21:37.454+0000] {logging_mixin.py:115} INFO - [2022-10-01T00:21:37.454+0000] {dag.py:2981} INFO - Setting next_dagrun for example_time_delta_sensor_async to None, run_after=None
[2022-10-01T00:21:37.466+0000] {processor.py:161} INFO - Processing /home/airflow/.local/lib/python3.7/site-packages/airflow/example_dags/example_time_delta_sensor_async.py took 0.180 seconds
[2022-10-01T00:22:07.699+0000] {processor.py:153} INFO - Started process (PID=36084) to work on /home/airflow/.local/lib/python3.7/site-packages/airflow/example_dags/example_time_delta_sensor_async.py
[2022-10-01T00:22:07.701+0000] {processor.py:640} INFO - Processing file /home/airflow/.local/lib/python3.7/site-packages/airflow/example_dags/example_time_delta_sensor_async.py for tasks to queue
[2022-10-01T00:22:07.703+0000] {logging_mixin.py:115} INFO - [2022-10-01T00:22:07.703+0000] {dagbag.py:508} INFO - Filling up the DagBag from /home/airflow/.local/lib/python3.7/site-packages/airflow/example_dags/example_time_delta_sensor_async.py
[2022-10-01T00:22:07.720+0000] {processor.py:650} INFO - DAG(s) dict_keys(['example_time_delta_sensor_async']) retrieved from /home/airflow/.local/lib/python3.7/site-packages/airflow/example_dags/example_time_delta_sensor_async.py
[2022-10-01T00:22:07.825+0000] {logging_mixin.py:115} INFO - [2022-10-01T00:22:07.825+0000] {dag.py:2429} INFO - Sync 1 DAGs
[2022-10-01T00:22:07.839+0000] {logging_mixin.py:115} INFO - [2022-10-01T00:22:07.839+0000] {dag.py:2981} INFO - Setting next_dagrun for example_time_delta_sensor_async to None, run_after=None
[2022-10-01T00:22:07.847+0000] {processor.py:161} INFO - Processing /home/airflow/.local/lib/python3.7/site-packages/airflow/example_dags/example_time_delta_sensor_async.py took 0.150 seconds
[2022-10-01T00:22:37.995+0000] {processor.py:153} INFO - Started process (PID=36150) to work on /home/airflow/.local/lib/python3.7/site-packages/airflow/example_dags/example_time_delta_sensor_async.py
[2022-10-01T00:22:37.998+0000] {processor.py:640} INFO - Processing file /home/airflow/.local/lib/python3.7/site-packages/airflow/example_dags/example_time_delta_sensor_async.py for tasks to queue
[2022-10-01T00:22:37.999+0000] {logging_mixin.py:115} INFO - [2022-10-01T00:22:37.999+0000] {dagbag.py:508} INFO - Filling up the DagBag from /home/airflow/.local/lib/python3.7/site-packages/airflow/example_dags/example_time_delta_sensor_async.py
[2022-10-01T00:22:38.006+0000] {processor.py:650} INFO - DAG(s) dict_keys(['example_time_delta_sensor_async']) retrieved from /home/airflow/.local/lib/python3.7/site-packages/airflow/example_dags/example_time_delta_sensor_async.py
[2022-10-01T00:22:38.129+0000] {logging_mixin.py:115} INFO - [2022-10-01T00:22:38.129+0000] {dag.py:2429} INFO - Sync 1 DAGs
[2022-10-01T00:22:38.142+0000] {logging_mixin.py:115} INFO - [2022-10-01T00:22:38.142+0000] {dag.py:2981} INFO - Setting next_dagrun for example_time_delta_sensor_async to None, run_after=None
[2022-10-01T00:22:38.150+0000] {processor.py:161} INFO - Processing /home/airflow/.local/lib/python3.7/site-packages/airflow/example_dags/example_time_delta_sensor_async.py took 0.158 seconds
[2022-10-01T00:23:08.424+0000] {processor.py:153} INFO - Started process (PID=36208) to work on /home/airflow/.local/lib/python3.7/site-packages/airflow/example_dags/example_time_delta_sensor_async.py
[2022-10-01T00:23:08.426+0000] {processor.py:640} INFO - Processing file /home/airflow/.local/lib/python3.7/site-packages/airflow/example_dags/example_time_delta_sensor_async.py for tasks to queue
[2022-10-01T00:23:08.427+0000] {logging_mixin.py:115} INFO - [2022-10-01T00:23:08.426+0000] {dagbag.py:508} INFO - Filling up the DagBag from /home/airflow/.local/lib/python3.7/site-packages/airflow/example_dags/example_time_delta_sensor_async.py
[2022-10-01T00:23:08.432+0000] {processor.py:650} INFO - DAG(s) dict_keys(['example_time_delta_sensor_async']) retrieved from /home/airflow/.local/lib/python3.7/site-packages/airflow/example_dags/example_time_delta_sensor_async.py
[2022-10-01T00:23:08.546+0000] {logging_mixin.py:115} INFO - [2022-10-01T00:23:08.546+0000] {dag.py:2429} INFO - Sync 1 DAGs
[2022-10-01T00:23:08.560+0000] {logging_mixin.py:115} INFO - [2022-10-01T00:23:08.560+0000] {dag.py:2981} INFO - Setting next_dagrun for example_time_delta_sensor_async to None, run_after=None
[2022-10-01T00:23:08.571+0000] {processor.py:161} INFO - Processing /home/airflow/.local/lib/python3.7/site-packages/airflow/example_dags/example_time_delta_sensor_async.py took 0.150 seconds
[2022-10-01T00:23:38.899+0000] {processor.py:153} INFO - Started process (PID=36274) to work on /home/airflow/.local/lib/python3.7/site-packages/airflow/example_dags/example_time_delta_sensor_async.py
[2022-10-01T00:23:38.902+0000] {processor.py:640} INFO - Processing file /home/airflow/.local/lib/python3.7/site-packages/airflow/example_dags/example_time_delta_sensor_async.py for tasks to queue
[2022-10-01T00:23:38.903+0000] {logging_mixin.py:115} INFO - [2022-10-01T00:23:38.903+0000] {dagbag.py:508} INFO - Filling up the DagBag from /home/airflow/.local/lib/python3.7/site-packages/airflow/example_dags/example_time_delta_sensor_async.py
[2022-10-01T00:23:38.909+0000] {processor.py:650} INFO - DAG(s) dict_keys(['example_time_delta_sensor_async']) retrieved from /home/airflow/.local/lib/python3.7/site-packages/airflow/example_dags/example_time_delta_sensor_async.py
[2022-10-01T00:23:39.029+0000] {logging_mixin.py:115} INFO - [2022-10-01T00:23:39.029+0000] {dag.py:2429} INFO - Sync 1 DAGs
[2022-10-01T00:23:39.045+0000] {logging_mixin.py:115} INFO - [2022-10-01T00:23:39.045+0000] {dag.py:2981} INFO - Setting next_dagrun for example_time_delta_sensor_async to None, run_after=None
[2022-10-01T00:23:39.054+0000] {processor.py:161} INFO - Processing /home/airflow/.local/lib/python3.7/site-packages/airflow/example_dags/example_time_delta_sensor_async.py took 0.158 seconds
[2022-10-01T00:24:09.163+0000] {processor.py:153} INFO - Started process (PID=36342) to work on /home/airflow/.local/lib/python3.7/site-packages/airflow/example_dags/example_time_delta_sensor_async.py
[2022-10-01T00:24:09.165+0000] {processor.py:640} INFO - Processing file /home/airflow/.local/lib/python3.7/site-packages/airflow/example_dags/example_time_delta_sensor_async.py for tasks to queue
[2022-10-01T00:24:09.166+0000] {logging_mixin.py:115} INFO - [2022-10-01T00:24:09.166+0000] {dagbag.py:508} INFO - Filling up the DagBag from /home/airflow/.local/lib/python3.7/site-packages/airflow/example_dags/example_time_delta_sensor_async.py
[2022-10-01T00:24:09.172+0000] {processor.py:650} INFO - DAG(s) dict_keys(['example_time_delta_sensor_async']) retrieved from /home/airflow/.local/lib/python3.7/site-packages/airflow/example_dags/example_time_delta_sensor_async.py
[2022-10-01T00:24:09.285+0000] {logging_mixin.py:115} INFO - [2022-10-01T00:24:09.284+0000] {dag.py:2429} INFO - Sync 1 DAGs
[2022-10-01T00:24:09.299+0000] {logging_mixin.py:115} INFO - [2022-10-01T00:24:09.299+0000] {dag.py:2981} INFO - Setting next_dagrun for example_time_delta_sensor_async to None, run_after=None
[2022-10-01T00:24:09.309+0000] {processor.py:161} INFO - Processing /home/airflow/.local/lib/python3.7/site-packages/airflow/example_dags/example_time_delta_sensor_async.py took 0.148 seconds
[2022-10-01T00:24:40.151+0000] {processor.py:153} INFO - Started process (PID=36409) to work on /home/airflow/.local/lib/python3.7/site-packages/airflow/example_dags/example_time_delta_sensor_async.py
[2022-10-01T00:24:40.153+0000] {processor.py:640} INFO - Processing file /home/airflow/.local/lib/python3.7/site-packages/airflow/example_dags/example_time_delta_sensor_async.py for tasks to queue
[2022-10-01T00:24:40.154+0000] {logging_mixin.py:115} INFO - [2022-10-01T00:24:40.154+0000] {dagbag.py:508} INFO - Filling up the DagBag from /home/airflow/.local/lib/python3.7/site-packages/airflow/example_dags/example_time_delta_sensor_async.py
[2022-10-01T00:24:40.159+0000] {processor.py:650} INFO - DAG(s) dict_keys(['example_time_delta_sensor_async']) retrieved from /home/airflow/.local/lib/python3.7/site-packages/airflow/example_dags/example_time_delta_sensor_async.py
[2022-10-01T00:24:40.272+0000] {logging_mixin.py:115} INFO - [2022-10-01T00:24:40.272+0000] {dag.py:2429} INFO - Sync 1 DAGs
[2022-10-01T00:24:40.286+0000] {logging_mixin.py:115} INFO - [2022-10-01T00:24:40.286+0000] {dag.py:2981} INFO - Setting next_dagrun for example_time_delta_sensor_async to None, run_after=None
[2022-10-01T00:24:40.294+0000] {processor.py:161} INFO - Processing /home/airflow/.local/lib/python3.7/site-packages/airflow/example_dags/example_time_delta_sensor_async.py took 0.147 seconds
[2022-10-01T00:25:10.423+0000] {processor.py:153} INFO - Started process (PID=36466) to work on /home/airflow/.local/lib/python3.7/site-packages/airflow/example_dags/example_time_delta_sensor_async.py
[2022-10-01T00:25:10.425+0000] {processor.py:640} INFO - Processing file /home/airflow/.local/lib/python3.7/site-packages/airflow/example_dags/example_time_delta_sensor_async.py for tasks to queue
[2022-10-01T00:25:10.426+0000] {logging_mixin.py:115} INFO - [2022-10-01T00:25:10.426+0000] {dagbag.py:508} INFO - Filling up the DagBag from /home/airflow/.local/lib/python3.7/site-packages/airflow/example_dags/example_time_delta_sensor_async.py
[2022-10-01T00:25:10.431+0000] {processor.py:650} INFO - DAG(s) dict_keys(['example_time_delta_sensor_async']) retrieved from /home/airflow/.local/lib/python3.7/site-packages/airflow/example_dags/example_time_delta_sensor_async.py
[2022-10-01T00:25:10.530+0000] {logging_mixin.py:115} INFO - [2022-10-01T00:25:10.530+0000] {dag.py:2429} INFO - Sync 1 DAGs
[2022-10-01T00:25:10.542+0000] {logging_mixin.py:115} INFO - [2022-10-01T00:25:10.541+0000] {dag.py:2981} INFO - Setting next_dagrun for example_time_delta_sensor_async to None, run_after=None
[2022-10-01T00:25:10.548+0000] {processor.py:161} INFO - Processing /home/airflow/.local/lib/python3.7/site-packages/airflow/example_dags/example_time_delta_sensor_async.py took 0.128 seconds
[2022-10-01T00:25:40.782+0000] {processor.py:153} INFO - Started process (PID=36531) to work on /home/airflow/.local/lib/python3.7/site-packages/airflow/example_dags/example_time_delta_sensor_async.py
[2022-10-01T00:25:40.784+0000] {processor.py:640} INFO - Processing file /home/airflow/.local/lib/python3.7/site-packages/airflow/example_dags/example_time_delta_sensor_async.py for tasks to queue
[2022-10-01T00:25:40.785+0000] {logging_mixin.py:115} INFO - [2022-10-01T00:25:40.785+0000] {dagbag.py:508} INFO - Filling up the DagBag from /home/airflow/.local/lib/python3.7/site-packages/airflow/example_dags/example_time_delta_sensor_async.py
[2022-10-01T00:25:40.790+0000] {processor.py:650} INFO - DAG(s) dict_keys(['example_time_delta_sensor_async']) retrieved from /home/airflow/.local/lib/python3.7/site-packages/airflow/example_dags/example_time_delta_sensor_async.py
[2022-10-01T00:25:40.887+0000] {logging_mixin.py:115} INFO - [2022-10-01T00:25:40.887+0000] {dag.py:2429} INFO - Sync 1 DAGs
[2022-10-01T00:25:40.901+0000] {logging_mixin.py:115} INFO - [2022-10-01T00:25:40.901+0000] {dag.py:2981} INFO - Setting next_dagrun for example_time_delta_sensor_async to None, run_after=None
[2022-10-01T00:25:40.909+0000] {processor.py:161} INFO - Processing /home/airflow/.local/lib/python3.7/site-packages/airflow/example_dags/example_time_delta_sensor_async.py took 0.130 seconds
[2022-10-01T00:26:11.287+0000] {processor.py:153} INFO - Started process (PID=36597) to work on /home/airflow/.local/lib/python3.7/site-packages/airflow/example_dags/example_time_delta_sensor_async.py
[2022-10-01T00:26:11.289+0000] {processor.py:640} INFO - Processing file /home/airflow/.local/lib/python3.7/site-packages/airflow/example_dags/example_time_delta_sensor_async.py for tasks to queue
[2022-10-01T00:26:11.291+0000] {logging_mixin.py:115} INFO - [2022-10-01T00:26:11.291+0000] {dagbag.py:508} INFO - Filling up the DagBag from /home/airflow/.local/lib/python3.7/site-packages/airflow/example_dags/example_time_delta_sensor_async.py
[2022-10-01T00:26:11.296+0000] {processor.py:650} INFO - DAG(s) dict_keys(['example_time_delta_sensor_async']) retrieved from /home/airflow/.local/lib/python3.7/site-packages/airflow/example_dags/example_time_delta_sensor_async.py
[2022-10-01T00:26:11.402+0000] {logging_mixin.py:115} INFO - [2022-10-01T00:26:11.402+0000] {dag.py:2429} INFO - Sync 1 DAGs
[2022-10-01T00:26:11.418+0000] {logging_mixin.py:115} INFO - [2022-10-01T00:26:11.417+0000] {dag.py:2981} INFO - Setting next_dagrun for example_time_delta_sensor_async to None, run_after=None
[2022-10-01T00:26:11.427+0000] {processor.py:161} INFO - Processing /home/airflow/.local/lib/python3.7/site-packages/airflow/example_dags/example_time_delta_sensor_async.py took 0.143 seconds
[2022-10-01T00:26:41.528+0000] {processor.py:153} INFO - Started process (PID=36655) to work on /home/airflow/.local/lib/python3.7/site-packages/airflow/example_dags/example_time_delta_sensor_async.py
[2022-10-01T00:26:41.530+0000] {processor.py:640} INFO - Processing file /home/airflow/.local/lib/python3.7/site-packages/airflow/example_dags/example_time_delta_sensor_async.py for tasks to queue
[2022-10-01T00:26:41.531+0000] {logging_mixin.py:115} INFO - [2022-10-01T00:26:41.531+0000] {dagbag.py:508} INFO - Filling up the DagBag from /home/airflow/.local/lib/python3.7/site-packages/airflow/example_dags/example_time_delta_sensor_async.py
[2022-10-01T00:26:41.536+0000] {processor.py:650} INFO - DAG(s) dict_keys(['example_time_delta_sensor_async']) retrieved from /home/airflow/.local/lib/python3.7/site-packages/airflow/example_dags/example_time_delta_sensor_async.py
[2022-10-01T00:26:41.629+0000] {logging_mixin.py:115} INFO - [2022-10-01T00:26:41.629+0000] {dag.py:2429} INFO - Sync 1 DAGs
[2022-10-01T00:26:41.641+0000] {logging_mixin.py:115} INFO - [2022-10-01T00:26:41.641+0000] {dag.py:2981} INFO - Setting next_dagrun for example_time_delta_sensor_async to None, run_after=None
[2022-10-01T00:26:41.649+0000] {processor.py:161} INFO - Processing /home/airflow/.local/lib/python3.7/site-packages/airflow/example_dags/example_time_delta_sensor_async.py took 0.124 seconds
[2022-10-01T00:27:12.053+0000] {processor.py:153} INFO - Started process (PID=36721) to work on /home/airflow/.local/lib/python3.7/site-packages/airflow/example_dags/example_time_delta_sensor_async.py
[2022-10-01T00:27:12.054+0000] {processor.py:640} INFO - Processing file /home/airflow/.local/lib/python3.7/site-packages/airflow/example_dags/example_time_delta_sensor_async.py for tasks to queue
[2022-10-01T00:27:12.055+0000] {logging_mixin.py:115} INFO - [2022-10-01T00:27:12.055+0000] {dagbag.py:508} INFO - Filling up the DagBag from /home/airflow/.local/lib/python3.7/site-packages/airflow/example_dags/example_time_delta_sensor_async.py
[2022-10-01T00:27:12.060+0000] {processor.py:650} INFO - DAG(s) dict_keys(['example_time_delta_sensor_async']) retrieved from /home/airflow/.local/lib/python3.7/site-packages/airflow/example_dags/example_time_delta_sensor_async.py
[2022-10-01T00:27:12.151+0000] {logging_mixin.py:115} INFO - [2022-10-01T00:27:12.151+0000] {dag.py:2429} INFO - Sync 1 DAGs
[2022-10-01T00:27:12.163+0000] {logging_mixin.py:115} INFO - [2022-10-01T00:27:12.163+0000] {dag.py:2981} INFO - Setting next_dagrun for example_time_delta_sensor_async to None, run_after=None
[2022-10-01T00:27:12.172+0000] {processor.py:161} INFO - Processing /home/airflow/.local/lib/python3.7/site-packages/airflow/example_dags/example_time_delta_sensor_async.py took 0.121 seconds
[2022-10-01T00:27:42.765+0000] {processor.py:153} INFO - Started process (PID=36785) to work on /home/airflow/.local/lib/python3.7/site-packages/airflow/example_dags/example_time_delta_sensor_async.py
[2022-10-01T00:27:42.767+0000] {processor.py:640} INFO - Processing file /home/airflow/.local/lib/python3.7/site-packages/airflow/example_dags/example_time_delta_sensor_async.py for tasks to queue
[2022-10-01T00:27:42.768+0000] {logging_mixin.py:115} INFO - [2022-10-01T00:27:42.768+0000] {dagbag.py:508} INFO - Filling up the DagBag from /home/airflow/.local/lib/python3.7/site-packages/airflow/example_dags/example_time_delta_sensor_async.py
[2022-10-01T00:27:42.772+0000] {processor.py:650} INFO - DAG(s) dict_keys(['example_time_delta_sensor_async']) retrieved from /home/airflow/.local/lib/python3.7/site-packages/airflow/example_dags/example_time_delta_sensor_async.py
[2022-10-01T00:27:42.876+0000] {logging_mixin.py:115} INFO - [2022-10-01T00:27:42.876+0000] {dag.py:2429} INFO - Sync 1 DAGs
[2022-10-01T00:27:42.890+0000] {logging_mixin.py:115} INFO - [2022-10-01T00:27:42.890+0000] {dag.py:2981} INFO - Setting next_dagrun for example_time_delta_sensor_async to None, run_after=None
[2022-10-01T00:27:42.905+0000] {processor.py:161} INFO - Processing /home/airflow/.local/lib/python3.7/site-packages/airflow/example_dags/example_time_delta_sensor_async.py took 0.142 seconds
[2022-10-01T00:28:13.278+0000] {processor.py:153} INFO - Started process (PID=36842) to work on /home/airflow/.local/lib/python3.7/site-packages/airflow/example_dags/example_time_delta_sensor_async.py
[2022-10-01T00:28:13.280+0000] {processor.py:640} INFO - Processing file /home/airflow/.local/lib/python3.7/site-packages/airflow/example_dags/example_time_delta_sensor_async.py for tasks to queue
[2022-10-01T00:28:13.281+0000] {logging_mixin.py:115} INFO - [2022-10-01T00:28:13.281+0000] {dagbag.py:508} INFO - Filling up the DagBag from /home/airflow/.local/lib/python3.7/site-packages/airflow/example_dags/example_time_delta_sensor_async.py
[2022-10-01T00:28:13.285+0000] {processor.py:650} INFO - DAG(s) dict_keys(['example_time_delta_sensor_async']) retrieved from /home/airflow/.local/lib/python3.7/site-packages/airflow/example_dags/example_time_delta_sensor_async.py
[2022-10-01T00:28:13.381+0000] {logging_mixin.py:115} INFO - [2022-10-01T00:28:13.381+0000] {dag.py:2429} INFO - Sync 1 DAGs
[2022-10-01T00:28:13.399+0000] {logging_mixin.py:115} INFO - [2022-10-01T00:28:13.399+0000] {dag.py:2981} INFO - Setting next_dagrun for example_time_delta_sensor_async to None, run_after=None
[2022-10-01T00:28:13.412+0000] {processor.py:161} INFO - Processing /home/airflow/.local/lib/python3.7/site-packages/airflow/example_dags/example_time_delta_sensor_async.py took 0.136 seconds
[2022-10-01T00:28:43.915+0000] {processor.py:153} INFO - Started process (PID=36908) to work on /home/airflow/.local/lib/python3.7/site-packages/airflow/example_dags/example_time_delta_sensor_async.py
[2022-10-01T00:28:43.917+0000] {processor.py:640} INFO - Processing file /home/airflow/.local/lib/python3.7/site-packages/airflow/example_dags/example_time_delta_sensor_async.py for tasks to queue
[2022-10-01T00:28:43.919+0000] {logging_mixin.py:115} INFO - [2022-10-01T00:28:43.919+0000] {dagbag.py:508} INFO - Filling up the DagBag from /home/airflow/.local/lib/python3.7/site-packages/airflow/example_dags/example_time_delta_sensor_async.py
[2022-10-01T00:28:43.925+0000] {processor.py:650} INFO - DAG(s) dict_keys(['example_time_delta_sensor_async']) retrieved from /home/airflow/.local/lib/python3.7/site-packages/airflow/example_dags/example_time_delta_sensor_async.py
[2022-10-01T00:28:44.023+0000] {logging_mixin.py:115} INFO - [2022-10-01T00:28:44.023+0000] {dag.py:2429} INFO - Sync 1 DAGs
[2022-10-01T00:28:44.038+0000] {logging_mixin.py:115} INFO - [2022-10-01T00:28:44.038+0000] {dag.py:2981} INFO - Setting next_dagrun for example_time_delta_sensor_async to None, run_after=None
[2022-10-01T00:28:44.046+0000] {processor.py:161} INFO - Processing /home/airflow/.local/lib/python3.7/site-packages/airflow/example_dags/example_time_delta_sensor_async.py took 0.134 seconds
[2022-10-01T00:29:14.482+0000] {processor.py:153} INFO - Started process (PID=36975) to work on /home/airflow/.local/lib/python3.7/site-packages/airflow/example_dags/example_time_delta_sensor_async.py
[2022-10-01T00:29:14.484+0000] {processor.py:640} INFO - Processing file /home/airflow/.local/lib/python3.7/site-packages/airflow/example_dags/example_time_delta_sensor_async.py for tasks to queue
[2022-10-01T00:29:14.486+0000] {logging_mixin.py:115} INFO - [2022-10-01T00:29:14.486+0000] {dagbag.py:508} INFO - Filling up the DagBag from /home/airflow/.local/lib/python3.7/site-packages/airflow/example_dags/example_time_delta_sensor_async.py
[2022-10-01T00:29:14.493+0000] {processor.py:650} INFO - DAG(s) dict_keys(['example_time_delta_sensor_async']) retrieved from /home/airflow/.local/lib/python3.7/site-packages/airflow/example_dags/example_time_delta_sensor_async.py
[2022-10-01T00:29:14.597+0000] {logging_mixin.py:115} INFO - [2022-10-01T00:29:14.596+0000] {dag.py:2429} INFO - Sync 1 DAGs
[2022-10-01T00:29:14.610+0000] {logging_mixin.py:115} INFO - [2022-10-01T00:29:14.610+0000] {dag.py:2981} INFO - Setting next_dagrun for example_time_delta_sensor_async to None, run_after=None
[2022-10-01T00:29:14.618+0000] {processor.py:161} INFO - Processing /home/airflow/.local/lib/python3.7/site-packages/airflow/example_dags/example_time_delta_sensor_async.py took 0.138 seconds
[2022-10-01T00:29:45.236+0000] {processor.py:153} INFO - Started process (PID=37039) to work on /home/airflow/.local/lib/python3.7/site-packages/airflow/example_dags/example_time_delta_sensor_async.py
[2022-10-01T00:29:45.241+0000] {processor.py:640} INFO - Processing file /home/airflow/.local/lib/python3.7/site-packages/airflow/example_dags/example_time_delta_sensor_async.py for tasks to queue
[2022-10-01T00:29:45.244+0000] {logging_mixin.py:115} INFO - [2022-10-01T00:29:45.244+0000] {dagbag.py:508} INFO - Filling up the DagBag from /home/airflow/.local/lib/python3.7/site-packages/airflow/example_dags/example_time_delta_sensor_async.py
[2022-10-01T00:29:45.252+0000] {processor.py:650} INFO - DAG(s) dict_keys(['example_time_delta_sensor_async']) retrieved from /home/airflow/.local/lib/python3.7/site-packages/airflow/example_dags/example_time_delta_sensor_async.py
[2022-10-01T00:29:45.378+0000] {logging_mixin.py:115} INFO - [2022-10-01T00:29:45.378+0000] {dag.py:2429} INFO - Sync 1 DAGs
[2022-10-01T00:29:45.395+0000] {logging_mixin.py:115} INFO - [2022-10-01T00:29:45.395+0000] {dag.py:2981} INFO - Setting next_dagrun for example_time_delta_sensor_async to None, run_after=None
[2022-10-01T00:29:45.406+0000] {processor.py:161} INFO - Processing /home/airflow/.local/lib/python3.7/site-packages/airflow/example_dags/example_time_delta_sensor_async.py took 0.174 seconds
[2022-10-01T00:30:15.714+0000] {processor.py:153} INFO - Started process (PID=37096) to work on /home/airflow/.local/lib/python3.7/site-packages/airflow/example_dags/example_time_delta_sensor_async.py
[2022-10-01T00:30:15.717+0000] {processor.py:640} INFO - Processing file /home/airflow/.local/lib/python3.7/site-packages/airflow/example_dags/example_time_delta_sensor_async.py for tasks to queue
[2022-10-01T00:30:15.718+0000] {logging_mixin.py:115} INFO - [2022-10-01T00:30:15.718+0000] {dagbag.py:508} INFO - Filling up the DagBag from /home/airflow/.local/lib/python3.7/site-packages/airflow/example_dags/example_time_delta_sensor_async.py
[2022-10-01T00:30:15.723+0000] {processor.py:650} INFO - DAG(s) dict_keys(['example_time_delta_sensor_async']) retrieved from /home/airflow/.local/lib/python3.7/site-packages/airflow/example_dags/example_time_delta_sensor_async.py
[2022-10-01T00:30:15.823+0000] {logging_mixin.py:115} INFO - [2022-10-01T00:30:15.823+0000] {dag.py:2429} INFO - Sync 1 DAGs
[2022-10-01T00:30:15.837+0000] {logging_mixin.py:115} INFO - [2022-10-01T00:30:15.836+0000] {dag.py:2981} INFO - Setting next_dagrun for example_time_delta_sensor_async to None, run_after=None
[2022-10-01T00:30:15.845+0000] {processor.py:161} INFO - Processing /home/airflow/.local/lib/python3.7/site-packages/airflow/example_dags/example_time_delta_sensor_async.py took 0.133 seconds
[2022-10-01T00:30:46.080+0000] {processor.py:153} INFO - Started process (PID=37162) to work on /home/airflow/.local/lib/python3.7/site-packages/airflow/example_dags/example_time_delta_sensor_async.py
[2022-10-01T00:30:46.081+0000] {processor.py:640} INFO - Processing file /home/airflow/.local/lib/python3.7/site-packages/airflow/example_dags/example_time_delta_sensor_async.py for tasks to queue
[2022-10-01T00:30:46.083+0000] {logging_mixin.py:115} INFO - [2022-10-01T00:30:46.082+0000] {dagbag.py:508} INFO - Filling up the DagBag from /home/airflow/.local/lib/python3.7/site-packages/airflow/example_dags/example_time_delta_sensor_async.py
[2022-10-01T00:30:46.089+0000] {processor.py:650} INFO - DAG(s) dict_keys(['example_time_delta_sensor_async']) retrieved from /home/airflow/.local/lib/python3.7/site-packages/airflow/example_dags/example_time_delta_sensor_async.py
[2022-10-01T00:30:46.206+0000] {logging_mixin.py:115} INFO - [2022-10-01T00:30:46.205+0000] {dag.py:2429} INFO - Sync 1 DAGs
[2022-10-01T00:30:46.219+0000] {logging_mixin.py:115} INFO - [2022-10-01T00:30:46.219+0000] {dag.py:2981} INFO - Setting next_dagrun for example_time_delta_sensor_async to None, run_after=None
[2022-10-01T00:30:46.227+0000] {processor.py:161} INFO - Processing /home/airflow/.local/lib/python3.7/site-packages/airflow/example_dags/example_time_delta_sensor_async.py took 0.149 seconds
[2022-10-01T00:31:16.594+0000] {processor.py:153} INFO - Started process (PID=37228) to work on /home/airflow/.local/lib/python3.7/site-packages/airflow/example_dags/example_time_delta_sensor_async.py
[2022-10-01T00:31:16.596+0000] {processor.py:640} INFO - Processing file /home/airflow/.local/lib/python3.7/site-packages/airflow/example_dags/example_time_delta_sensor_async.py for tasks to queue
[2022-10-01T00:31:16.597+0000] {logging_mixin.py:115} INFO - [2022-10-01T00:31:16.597+0000] {dagbag.py:508} INFO - Filling up the DagBag from /home/airflow/.local/lib/python3.7/site-packages/airflow/example_dags/example_time_delta_sensor_async.py
[2022-10-01T00:31:16.603+0000] {processor.py:650} INFO - DAG(s) dict_keys(['example_time_delta_sensor_async']) retrieved from /home/airflow/.local/lib/python3.7/site-packages/airflow/example_dags/example_time_delta_sensor_async.py
[2022-10-01T00:31:16.715+0000] {logging_mixin.py:115} INFO - [2022-10-01T00:31:16.715+0000] {dag.py:2429} INFO - Sync 1 DAGs
[2022-10-01T00:31:16.730+0000] {logging_mixin.py:115} INFO - [2022-10-01T00:31:16.729+0000] {dag.py:2981} INFO - Setting next_dagrun for example_time_delta_sensor_async to None, run_after=None
[2022-10-01T00:31:16.739+0000] {processor.py:161} INFO - Processing /home/airflow/.local/lib/python3.7/site-packages/airflow/example_dags/example_time_delta_sensor_async.py took 0.147 seconds
[2022-10-01T00:31:47.211+0000] {processor.py:153} INFO - Started process (PID=37285) to work on /home/airflow/.local/lib/python3.7/site-packages/airflow/example_dags/example_time_delta_sensor_async.py
[2022-10-01T00:31:47.213+0000] {processor.py:640} INFO - Processing file /home/airflow/.local/lib/python3.7/site-packages/airflow/example_dags/example_time_delta_sensor_async.py for tasks to queue
[2022-10-01T00:31:47.215+0000] {logging_mixin.py:115} INFO - [2022-10-01T00:31:47.215+0000] {dagbag.py:508} INFO - Filling up the DagBag from /home/airflow/.local/lib/python3.7/site-packages/airflow/example_dags/example_time_delta_sensor_async.py
[2022-10-01T00:31:47.220+0000] {processor.py:650} INFO - DAG(s) dict_keys(['example_time_delta_sensor_async']) retrieved from /home/airflow/.local/lib/python3.7/site-packages/airflow/example_dags/example_time_delta_sensor_async.py
[2022-10-01T00:31:47.320+0000] {logging_mixin.py:115} INFO - [2022-10-01T00:31:47.320+0000] {dag.py:2429} INFO - Sync 1 DAGs
[2022-10-01T00:31:47.336+0000] {logging_mixin.py:115} INFO - [2022-10-01T00:31:47.336+0000] {dag.py:2981} INFO - Setting next_dagrun for example_time_delta_sensor_async to None, run_after=None
[2022-10-01T00:31:47.342+0000] {processor.py:161} INFO - Processing /home/airflow/.local/lib/python3.7/site-packages/airflow/example_dags/example_time_delta_sensor_async.py took 0.133 seconds
[2022-10-01T00:32:17.584+0000] {processor.py:153} INFO - Started process (PID=37351) to work on /home/airflow/.local/lib/python3.7/site-packages/airflow/example_dags/example_time_delta_sensor_async.py
[2022-10-01T00:32:17.586+0000] {processor.py:640} INFO - Processing file /home/airflow/.local/lib/python3.7/site-packages/airflow/example_dags/example_time_delta_sensor_async.py for tasks to queue
[2022-10-01T00:32:17.587+0000] {logging_mixin.py:115} INFO - [2022-10-01T00:32:17.587+0000] {dagbag.py:508} INFO - Filling up the DagBag from /home/airflow/.local/lib/python3.7/site-packages/airflow/example_dags/example_time_delta_sensor_async.py
[2022-10-01T00:32:17.595+0000] {processor.py:650} INFO - DAG(s) dict_keys(['example_time_delta_sensor_async']) retrieved from /home/airflow/.local/lib/python3.7/site-packages/airflow/example_dags/example_time_delta_sensor_async.py
[2022-10-01T00:32:17.703+0000] {logging_mixin.py:115} INFO - [2022-10-01T00:32:17.703+0000] {dag.py:2429} INFO - Sync 1 DAGs
[2022-10-01T00:32:17.716+0000] {logging_mixin.py:115} INFO - [2022-10-01T00:32:17.716+0000] {dag.py:2981} INFO - Setting next_dagrun for example_time_delta_sensor_async to None, run_after=None
[2022-10-01T00:32:17.725+0000] {processor.py:161} INFO - Processing /home/airflow/.local/lib/python3.7/site-packages/airflow/example_dags/example_time_delta_sensor_async.py took 0.143 seconds
[2022-10-01T00:32:48.493+0000] {processor.py:153} INFO - Started process (PID=37416) to work on /home/airflow/.local/lib/python3.7/site-packages/airflow/example_dags/example_time_delta_sensor_async.py
[2022-10-01T00:32:48.495+0000] {processor.py:640} INFO - Processing file /home/airflow/.local/lib/python3.7/site-packages/airflow/example_dags/example_time_delta_sensor_async.py for tasks to queue
[2022-10-01T00:32:48.499+0000] {logging_mixin.py:115} INFO - [2022-10-01T00:32:48.499+0000] {dagbag.py:508} INFO - Filling up the DagBag from /home/airflow/.local/lib/python3.7/site-packages/airflow/example_dags/example_time_delta_sensor_async.py
[2022-10-01T00:32:48.521+0000] {processor.py:650} INFO - DAG(s) dict_keys(['example_time_delta_sensor_async']) retrieved from /home/airflow/.local/lib/python3.7/site-packages/airflow/example_dags/example_time_delta_sensor_async.py
[2022-10-01T00:32:48.695+0000] {logging_mixin.py:115} INFO - [2022-10-01T00:32:48.695+0000] {dag.py:2429} INFO - Sync 1 DAGs
[2022-10-01T00:32:48.731+0000] {logging_mixin.py:115} INFO - [2022-10-01T00:32:48.730+0000] {dag.py:2981} INFO - Setting next_dagrun for example_time_delta_sensor_async to None, run_after=None
[2022-10-01T00:32:48.754+0000] {processor.py:161} INFO - Processing /home/airflow/.local/lib/python3.7/site-packages/airflow/example_dags/example_time_delta_sensor_async.py took 0.266 seconds
[2022-10-01T00:33:19.350+0000] {processor.py:153} INFO - Started process (PID=37473) to work on /home/airflow/.local/lib/python3.7/site-packages/airflow/example_dags/example_time_delta_sensor_async.py
[2022-10-01T00:33:19.359+0000] {processor.py:640} INFO - Processing file /home/airflow/.local/lib/python3.7/site-packages/airflow/example_dags/example_time_delta_sensor_async.py for tasks to queue
[2022-10-01T00:33:19.365+0000] {logging_mixin.py:115} INFO - [2022-10-01T00:33:19.365+0000] {dagbag.py:508} INFO - Filling up the DagBag from /home/airflow/.local/lib/python3.7/site-packages/airflow/example_dags/example_time_delta_sensor_async.py
[2022-10-01T00:33:19.373+0000] {processor.py:650} INFO - DAG(s) dict_keys(['example_time_delta_sensor_async']) retrieved from /home/airflow/.local/lib/python3.7/site-packages/airflow/example_dags/example_time_delta_sensor_async.py
[2022-10-01T00:33:19.498+0000] {logging_mixin.py:115} INFO - [2022-10-01T00:33:19.498+0000] {dag.py:2429} INFO - Sync 1 DAGs
[2022-10-01T00:33:19.515+0000] {logging_mixin.py:115} INFO - [2022-10-01T00:33:19.514+0000] {dag.py:2981} INFO - Setting next_dagrun for example_time_delta_sensor_async to None, run_after=None
[2022-10-01T00:33:19.527+0000] {processor.py:161} INFO - Processing /home/airflow/.local/lib/python3.7/site-packages/airflow/example_dags/example_time_delta_sensor_async.py took 0.181 seconds
[2022-10-01T00:33:49.743+0000] {processor.py:153} INFO - Started process (PID=37537) to work on /home/airflow/.local/lib/python3.7/site-packages/airflow/example_dags/example_time_delta_sensor_async.py
[2022-10-01T00:33:49.745+0000] {processor.py:640} INFO - Processing file /home/airflow/.local/lib/python3.7/site-packages/airflow/example_dags/example_time_delta_sensor_async.py for tasks to queue
[2022-10-01T00:33:49.746+0000] {logging_mixin.py:115} INFO - [2022-10-01T00:33:49.746+0000] {dagbag.py:508} INFO - Filling up the DagBag from /home/airflow/.local/lib/python3.7/site-packages/airflow/example_dags/example_time_delta_sensor_async.py
[2022-10-01T00:33:49.751+0000] {processor.py:650} INFO - DAG(s) dict_keys(['example_time_delta_sensor_async']) retrieved from /home/airflow/.local/lib/python3.7/site-packages/airflow/example_dags/example_time_delta_sensor_async.py
[2022-10-01T00:33:49.841+0000] {logging_mixin.py:115} INFO - [2022-10-01T00:33:49.841+0000] {dag.py:2429} INFO - Sync 1 DAGs
[2022-10-01T00:33:49.855+0000] {logging_mixin.py:115} INFO - [2022-10-01T00:33:49.855+0000] {dag.py:2981} INFO - Setting next_dagrun for example_time_delta_sensor_async to None, run_after=None
[2022-10-01T00:33:49.864+0000] {processor.py:161} INFO - Processing /home/airflow/.local/lib/python3.7/site-packages/airflow/example_dags/example_time_delta_sensor_async.py took 0.123 seconds
[2022-10-01T00:34:20.427+0000] {processor.py:153} INFO - Started process (PID=37595) to work on /home/airflow/.local/lib/python3.7/site-packages/airflow/example_dags/example_time_delta_sensor_async.py
[2022-10-01T00:34:20.430+0000] {processor.py:640} INFO - Processing file /home/airflow/.local/lib/python3.7/site-packages/airflow/example_dags/example_time_delta_sensor_async.py for tasks to queue
[2022-10-01T00:34:20.431+0000] {logging_mixin.py:115} INFO - [2022-10-01T00:34:20.431+0000] {dagbag.py:508} INFO - Filling up the DagBag from /home/airflow/.local/lib/python3.7/site-packages/airflow/example_dags/example_time_delta_sensor_async.py
[2022-10-01T00:34:20.437+0000] {processor.py:650} INFO - DAG(s) dict_keys(['example_time_delta_sensor_async']) retrieved from /home/airflow/.local/lib/python3.7/site-packages/airflow/example_dags/example_time_delta_sensor_async.py
[2022-10-01T00:34:20.556+0000] {logging_mixin.py:115} INFO - [2022-10-01T00:34:20.556+0000] {dag.py:2429} INFO - Sync 1 DAGs
[2022-10-01T00:34:20.572+0000] {logging_mixin.py:115} INFO - [2022-10-01T00:34:20.572+0000] {dag.py:2981} INFO - Setting next_dagrun for example_time_delta_sensor_async to None, run_after=None
[2022-10-01T00:34:20.583+0000] {processor.py:161} INFO - Processing /home/airflow/.local/lib/python3.7/site-packages/airflow/example_dags/example_time_delta_sensor_async.py took 0.159 seconds
[2022-10-01T00:34:51.164+0000] {processor.py:153} INFO - Started process (PID=37661) to work on /home/airflow/.local/lib/python3.7/site-packages/airflow/example_dags/example_time_delta_sensor_async.py
[2022-10-01T00:34:51.166+0000] {processor.py:640} INFO - Processing file /home/airflow/.local/lib/python3.7/site-packages/airflow/example_dags/example_time_delta_sensor_async.py for tasks to queue
[2022-10-01T00:34:51.168+0000] {logging_mixin.py:115} INFO - [2022-10-01T00:34:51.168+0000] {dagbag.py:508} INFO - Filling up the DagBag from /home/airflow/.local/lib/python3.7/site-packages/airflow/example_dags/example_time_delta_sensor_async.py
[2022-10-01T00:34:51.172+0000] {processor.py:650} INFO - DAG(s) dict_keys(['example_time_delta_sensor_async']) retrieved from /home/airflow/.local/lib/python3.7/site-packages/airflow/example_dags/example_time_delta_sensor_async.py
[2022-10-01T00:34:51.279+0000] {logging_mixin.py:115} INFO - [2022-10-01T00:34:51.279+0000] {dag.py:2429} INFO - Sync 1 DAGs
[2022-10-01T00:34:51.294+0000] {logging_mixin.py:115} INFO - [2022-10-01T00:34:51.294+0000] {dag.py:2981} INFO - Setting next_dagrun for example_time_delta_sensor_async to None, run_after=None
[2022-10-01T00:34:51.302+0000] {processor.py:161} INFO - Processing /home/airflow/.local/lib/python3.7/site-packages/airflow/example_dags/example_time_delta_sensor_async.py took 0.141 seconds
[2022-10-01T00:35:22.073+0000] {processor.py:153} INFO - Started process (PID=37728) to work on /home/airflow/.local/lib/python3.7/site-packages/airflow/example_dags/example_time_delta_sensor_async.py
[2022-10-01T00:35:22.077+0000] {processor.py:640} INFO - Processing file /home/airflow/.local/lib/python3.7/site-packages/airflow/example_dags/example_time_delta_sensor_async.py for tasks to queue
[2022-10-01T00:35:22.079+0000] {logging_mixin.py:115} INFO - [2022-10-01T00:35:22.078+0000] {dagbag.py:508} INFO - Filling up the DagBag from /home/airflow/.local/lib/python3.7/site-packages/airflow/example_dags/example_time_delta_sensor_async.py
[2022-10-01T00:35:22.087+0000] {processor.py:650} INFO - DAG(s) dict_keys(['example_time_delta_sensor_async']) retrieved from /home/airflow/.local/lib/python3.7/site-packages/airflow/example_dags/example_time_delta_sensor_async.py
[2022-10-01T00:35:22.223+0000] {logging_mixin.py:115} INFO - [2022-10-01T00:35:22.223+0000] {dag.py:2429} INFO - Sync 1 DAGs
[2022-10-01T00:35:22.241+0000] {logging_mixin.py:115} INFO - [2022-10-01T00:35:22.241+0000] {dag.py:2981} INFO - Setting next_dagrun for example_time_delta_sensor_async to None, run_after=None
[2022-10-01T00:35:22.255+0000] {processor.py:161} INFO - Processing /home/airflow/.local/lib/python3.7/site-packages/airflow/example_dags/example_time_delta_sensor_async.py took 0.185 seconds
[2022-10-01T00:35:53.015+0000] {processor.py:153} INFO - Started process (PID=37785) to work on /home/airflow/.local/lib/python3.7/site-packages/airflow/example_dags/example_time_delta_sensor_async.py
[2022-10-01T00:35:53.023+0000] {processor.py:640} INFO - Processing file /home/airflow/.local/lib/python3.7/site-packages/airflow/example_dags/example_time_delta_sensor_async.py for tasks to queue
[2022-10-01T00:35:53.024+0000] {logging_mixin.py:115} INFO - [2022-10-01T00:35:53.024+0000] {dagbag.py:508} INFO - Filling up the DagBag from /home/airflow/.local/lib/python3.7/site-packages/airflow/example_dags/example_time_delta_sensor_async.py
[2022-10-01T00:35:53.030+0000] {processor.py:650} INFO - DAG(s) dict_keys(['example_time_delta_sensor_async']) retrieved from /home/airflow/.local/lib/python3.7/site-packages/airflow/example_dags/example_time_delta_sensor_async.py
[2022-10-01T00:35:53.139+0000] {logging_mixin.py:115} INFO - [2022-10-01T00:35:53.139+0000] {dag.py:2429} INFO - Sync 1 DAGs
[2022-10-01T00:35:53.153+0000] {logging_mixin.py:115} INFO - [2022-10-01T00:35:53.153+0000] {dag.py:2981} INFO - Setting next_dagrun for example_time_delta_sensor_async to None, run_after=None
[2022-10-01T00:35:53.162+0000] {processor.py:161} INFO - Processing /home/airflow/.local/lib/python3.7/site-packages/airflow/example_dags/example_time_delta_sensor_async.py took 0.150 seconds
