[2022-10-01T00:00:24.550+0000] {processor.py:153} INFO - Started process (PID=33933) to work on /home/airflow/.local/lib/python3.7/site-packages/airflow/example_dags/example_skip_dag.py
[2022-10-01T00:00:24.552+0000] {processor.py:640} INFO - Processing file /home/airflow/.local/lib/python3.7/site-packages/airflow/example_dags/example_skip_dag.py for tasks to queue
[2022-10-01T00:00:24.553+0000] {logging_mixin.py:115} INFO - [2022-10-01T00:00:24.553+0000] {dagbag.py:508} INFO - Filling up the DagBag from /home/airflow/.local/lib/python3.7/site-packages/airflow/example_dags/example_skip_dag.py
[2022-10-01T00:00:24.557+0000] {processor.py:650} INFO - DAG(s) dict_keys(['example_skip_dag']) retrieved from /home/airflow/.local/lib/python3.7/site-packages/airflow/example_dags/example_skip_dag.py
[2022-10-01T00:00:24.578+0000] {logging_mixin.py:115} INFO - [2022-10-01T00:00:24.578+0000] {dag.py:2429} INFO - Sync 1 DAGs
[2022-10-01T00:00:24.593+0000] {logging_mixin.py:115} INFO - [2022-10-01T00:00:24.593+0000] {dag.py:2981} INFO - Setting next_dagrun for example_skip_dag to 2022-09-30T00:00:24.592999+00:00, run_after=2022-10-01T00:00:24.592999+00:00
[2022-10-01T00:00:24.602+0000] {processor.py:161} INFO - Processing /home/airflow/.local/lib/python3.7/site-packages/airflow/example_dags/example_skip_dag.py took 0.054 seconds
[2022-10-01T00:00:55.070+0000] {processor.py:153} INFO - Started process (PID=34000) to work on /home/airflow/.local/lib/python3.7/site-packages/airflow/example_dags/example_skip_dag.py
[2022-10-01T00:00:55.071+0000] {processor.py:640} INFO - Processing file /home/airflow/.local/lib/python3.7/site-packages/airflow/example_dags/example_skip_dag.py for tasks to queue
[2022-10-01T00:00:55.073+0000] {logging_mixin.py:115} INFO - [2022-10-01T00:00:55.072+0000] {dagbag.py:508} INFO - Filling up the DagBag from /home/airflow/.local/lib/python3.7/site-packages/airflow/example_dags/example_skip_dag.py
[2022-10-01T00:00:55.076+0000] {processor.py:650} INFO - DAG(s) dict_keys(['example_skip_dag']) retrieved from /home/airflow/.local/lib/python3.7/site-packages/airflow/example_dags/example_skip_dag.py
[2022-10-01T00:00:55.099+0000] {logging_mixin.py:115} INFO - [2022-10-01T00:00:55.099+0000] {dag.py:2429} INFO - Sync 1 DAGs
[2022-10-01T00:00:55.115+0000] {logging_mixin.py:115} INFO - [2022-10-01T00:00:55.114+0000] {dag.py:2981} INFO - Setting next_dagrun for example_skip_dag to 2022-09-30T00:00:55.114767+00:00, run_after=2022-10-01T00:00:55.114767+00:00
[2022-10-01T00:00:55.123+0000] {processor.py:161} INFO - Processing /home/airflow/.local/lib/python3.7/site-packages/airflow/example_dags/example_skip_dag.py took 0.056 seconds
[2022-10-01T00:01:25.710+0000] {processor.py:153} INFO - Started process (PID=34066) to work on /home/airflow/.local/lib/python3.7/site-packages/airflow/example_dags/example_skip_dag.py
[2022-10-01T00:01:25.712+0000] {processor.py:640} INFO - Processing file /home/airflow/.local/lib/python3.7/site-packages/airflow/example_dags/example_skip_dag.py for tasks to queue
[2022-10-01T00:01:25.713+0000] {logging_mixin.py:115} INFO - [2022-10-01T00:01:25.713+0000] {dagbag.py:508} INFO - Filling up the DagBag from /home/airflow/.local/lib/python3.7/site-packages/airflow/example_dags/example_skip_dag.py
[2022-10-01T00:01:25.717+0000] {processor.py:650} INFO - DAG(s) dict_keys(['example_skip_dag']) retrieved from /home/airflow/.local/lib/python3.7/site-packages/airflow/example_dags/example_skip_dag.py
[2022-10-01T00:01:25.735+0000] {logging_mixin.py:115} INFO - [2022-10-01T00:01:25.735+0000] {dag.py:2429} INFO - Sync 1 DAGs
[2022-10-01T00:01:25.748+0000] {logging_mixin.py:115} INFO - [2022-10-01T00:01:25.748+0000] {dag.py:2981} INFO - Setting next_dagrun for example_skip_dag to 2022-09-30T00:01:25.748602+00:00, run_after=2022-10-01T00:01:25.748602+00:00
[2022-10-01T00:01:25.756+0000] {processor.py:161} INFO - Processing /home/airflow/.local/lib/python3.7/site-packages/airflow/example_dags/example_skip_dag.py took 0.048 seconds
[2022-10-01T00:01:56.157+0000] {processor.py:153} INFO - Started process (PID=34132) to work on /home/airflow/.local/lib/python3.7/site-packages/airflow/example_dags/example_skip_dag.py
[2022-10-01T00:01:56.160+0000] {processor.py:640} INFO - Processing file /home/airflow/.local/lib/python3.7/site-packages/airflow/example_dags/example_skip_dag.py for tasks to queue
[2022-10-01T00:01:56.162+0000] {logging_mixin.py:115} INFO - [2022-10-01T00:01:56.162+0000] {dagbag.py:508} INFO - Filling up the DagBag from /home/airflow/.local/lib/python3.7/site-packages/airflow/example_dags/example_skip_dag.py
[2022-10-01T00:01:56.166+0000] {processor.py:650} INFO - DAG(s) dict_keys(['example_skip_dag']) retrieved from /home/airflow/.local/lib/python3.7/site-packages/airflow/example_dags/example_skip_dag.py
[2022-10-01T00:01:56.187+0000] {logging_mixin.py:115} INFO - [2022-10-01T00:01:56.186+0000] {dag.py:2429} INFO - Sync 1 DAGs
[2022-10-01T00:01:56.202+0000] {logging_mixin.py:115} INFO - [2022-10-01T00:01:56.201+0000] {dag.py:2981} INFO - Setting next_dagrun for example_skip_dag to 2022-09-30T00:01:56.201719+00:00, run_after=2022-10-01T00:01:56.201719+00:00
[2022-10-01T00:01:56.211+0000] {processor.py:161} INFO - Processing /home/airflow/.local/lib/python3.7/site-packages/airflow/example_dags/example_skip_dag.py took 0.056 seconds
[2022-10-01T00:02:26.526+0000] {processor.py:153} INFO - Started process (PID=34189) to work on /home/airflow/.local/lib/python3.7/site-packages/airflow/example_dags/example_skip_dag.py
[2022-10-01T00:02:26.528+0000] {processor.py:640} INFO - Processing file /home/airflow/.local/lib/python3.7/site-packages/airflow/example_dags/example_skip_dag.py for tasks to queue
[2022-10-01T00:02:26.531+0000] {logging_mixin.py:115} INFO - [2022-10-01T00:02:26.530+0000] {dagbag.py:508} INFO - Filling up the DagBag from /home/airflow/.local/lib/python3.7/site-packages/airflow/example_dags/example_skip_dag.py
[2022-10-01T00:02:26.535+0000] {processor.py:650} INFO - DAG(s) dict_keys(['example_skip_dag']) retrieved from /home/airflow/.local/lib/python3.7/site-packages/airflow/example_dags/example_skip_dag.py
[2022-10-01T00:02:26.554+0000] {logging_mixin.py:115} INFO - [2022-10-01T00:02:26.554+0000] {dag.py:2429} INFO - Sync 1 DAGs
[2022-10-01T00:02:26.568+0000] {logging_mixin.py:115} INFO - [2022-10-01T00:02:26.568+0000] {dag.py:2981} INFO - Setting next_dagrun for example_skip_dag to 2022-09-30T00:02:26.568715+00:00, run_after=2022-10-01T00:02:26.568715+00:00
[2022-10-01T00:02:26.580+0000] {processor.py:161} INFO - Processing /home/airflow/.local/lib/python3.7/site-packages/airflow/example_dags/example_skip_dag.py took 0.056 seconds
[2022-10-01T00:02:56.934+0000] {processor.py:153} INFO - Started process (PID=34255) to work on /home/airflow/.local/lib/python3.7/site-packages/airflow/example_dags/example_skip_dag.py
[2022-10-01T00:02:56.936+0000] {processor.py:640} INFO - Processing file /home/airflow/.local/lib/python3.7/site-packages/airflow/example_dags/example_skip_dag.py for tasks to queue
[2022-10-01T00:02:56.937+0000] {logging_mixin.py:115} INFO - [2022-10-01T00:02:56.937+0000] {dagbag.py:508} INFO - Filling up the DagBag from /home/airflow/.local/lib/python3.7/site-packages/airflow/example_dags/example_skip_dag.py
[2022-10-01T00:02:56.942+0000] {processor.py:650} INFO - DAG(s) dict_keys(['example_skip_dag']) retrieved from /home/airflow/.local/lib/python3.7/site-packages/airflow/example_dags/example_skip_dag.py
[2022-10-01T00:02:56.962+0000] {logging_mixin.py:115} INFO - [2022-10-01T00:02:56.962+0000] {dag.py:2429} INFO - Sync 1 DAGs
[2022-10-01T00:02:56.981+0000] {logging_mixin.py:115} INFO - [2022-10-01T00:02:56.981+0000] {dag.py:2981} INFO - Setting next_dagrun for example_skip_dag to 2022-09-30T00:02:56.980858+00:00, run_after=2022-10-01T00:02:56.980858+00:00
[2022-10-01T00:02:56.990+0000] {processor.py:161} INFO - Processing /home/airflow/.local/lib/python3.7/site-packages/airflow/example_dags/example_skip_dag.py took 0.059 seconds
[2022-10-01T00:03:27.174+0000] {processor.py:153} INFO - Started process (PID=34322) to work on /home/airflow/.local/lib/python3.7/site-packages/airflow/example_dags/example_skip_dag.py
[2022-10-01T00:03:27.177+0000] {processor.py:640} INFO - Processing file /home/airflow/.local/lib/python3.7/site-packages/airflow/example_dags/example_skip_dag.py for tasks to queue
[2022-10-01T00:03:27.179+0000] {logging_mixin.py:115} INFO - [2022-10-01T00:03:27.179+0000] {dagbag.py:508} INFO - Filling up the DagBag from /home/airflow/.local/lib/python3.7/site-packages/airflow/example_dags/example_skip_dag.py
[2022-10-01T00:03:27.183+0000] {processor.py:650} INFO - DAG(s) dict_keys(['example_skip_dag']) retrieved from /home/airflow/.local/lib/python3.7/site-packages/airflow/example_dags/example_skip_dag.py
[2022-10-01T00:03:27.203+0000] {logging_mixin.py:115} INFO - [2022-10-01T00:03:27.203+0000] {dag.py:2429} INFO - Sync 1 DAGs
[2022-10-01T00:03:27.219+0000] {logging_mixin.py:115} INFO - [2022-10-01T00:03:27.219+0000] {dag.py:2981} INFO - Setting next_dagrun for example_skip_dag to 2022-09-30T00:03:27.219126+00:00, run_after=2022-10-01T00:03:27.219126+00:00
[2022-10-01T00:03:27.231+0000] {processor.py:161} INFO - Processing /home/airflow/.local/lib/python3.7/site-packages/airflow/example_dags/example_skip_dag.py took 0.060 seconds
[2022-10-01T00:03:57.618+0000] {processor.py:153} INFO - Started process (PID=34388) to work on /home/airflow/.local/lib/python3.7/site-packages/airflow/example_dags/example_skip_dag.py
[2022-10-01T00:03:57.620+0000] {processor.py:640} INFO - Processing file /home/airflow/.local/lib/python3.7/site-packages/airflow/example_dags/example_skip_dag.py for tasks to queue
[2022-10-01T00:03:57.621+0000] {logging_mixin.py:115} INFO - [2022-10-01T00:03:57.621+0000] {dagbag.py:508} INFO - Filling up the DagBag from /home/airflow/.local/lib/python3.7/site-packages/airflow/example_dags/example_skip_dag.py
[2022-10-01T00:03:57.625+0000] {processor.py:650} INFO - DAG(s) dict_keys(['example_skip_dag']) retrieved from /home/airflow/.local/lib/python3.7/site-packages/airflow/example_dags/example_skip_dag.py
[2022-10-01T00:03:57.649+0000] {logging_mixin.py:115} INFO - [2022-10-01T00:03:57.649+0000] {dag.py:2429} INFO - Sync 1 DAGs
[2022-10-01T00:03:57.666+0000] {logging_mixin.py:115} INFO - [2022-10-01T00:03:57.666+0000] {dag.py:2981} INFO - Setting next_dagrun for example_skip_dag to 2022-09-30T00:03:57.666013+00:00, run_after=2022-10-01T00:03:57.666013+00:00
[2022-10-01T00:03:57.677+0000] {processor.py:161} INFO - Processing /home/airflow/.local/lib/python3.7/site-packages/airflow/example_dags/example_skip_dag.py took 0.062 seconds
[2022-10-01T00:04:28.023+0000] {processor.py:153} INFO - Started process (PID=34445) to work on /home/airflow/.local/lib/python3.7/site-packages/airflow/example_dags/example_skip_dag.py
[2022-10-01T00:04:28.025+0000] {processor.py:640} INFO - Processing file /home/airflow/.local/lib/python3.7/site-packages/airflow/example_dags/example_skip_dag.py for tasks to queue
[2022-10-01T00:04:28.030+0000] {logging_mixin.py:115} INFO - [2022-10-01T00:04:28.030+0000] {dagbag.py:508} INFO - Filling up the DagBag from /home/airflow/.local/lib/python3.7/site-packages/airflow/example_dags/example_skip_dag.py
[2022-10-01T00:04:28.034+0000] {processor.py:650} INFO - DAG(s) dict_keys(['example_skip_dag']) retrieved from /home/airflow/.local/lib/python3.7/site-packages/airflow/example_dags/example_skip_dag.py
[2022-10-01T00:04:28.052+0000] {logging_mixin.py:115} INFO - [2022-10-01T00:04:28.052+0000] {dag.py:2429} INFO - Sync 1 DAGs
[2022-10-01T00:04:28.065+0000] {logging_mixin.py:115} INFO - [2022-10-01T00:04:28.065+0000] {dag.py:2981} INFO - Setting next_dagrun for example_skip_dag to 2022-09-30T00:04:28.065742+00:00, run_after=2022-10-01T00:04:28.065742+00:00
[2022-10-01T00:04:28.074+0000] {processor.py:161} INFO - Processing /home/airflow/.local/lib/python3.7/site-packages/airflow/example_dags/example_skip_dag.py took 0.053 seconds
[2022-10-01T00:04:58.479+0000] {processor.py:153} INFO - Started process (PID=34511) to work on /home/airflow/.local/lib/python3.7/site-packages/airflow/example_dags/example_skip_dag.py
[2022-10-01T00:04:58.483+0000] {processor.py:640} INFO - Processing file /home/airflow/.local/lib/python3.7/site-packages/airflow/example_dags/example_skip_dag.py for tasks to queue
[2022-10-01T00:04:58.484+0000] {logging_mixin.py:115} INFO - [2022-10-01T00:04:58.484+0000] {dagbag.py:508} INFO - Filling up the DagBag from /home/airflow/.local/lib/python3.7/site-packages/airflow/example_dags/example_skip_dag.py
[2022-10-01T00:04:58.491+0000] {processor.py:650} INFO - DAG(s) dict_keys(['example_skip_dag']) retrieved from /home/airflow/.local/lib/python3.7/site-packages/airflow/example_dags/example_skip_dag.py
[2022-10-01T00:04:58.510+0000] {logging_mixin.py:115} INFO - [2022-10-01T00:04:58.510+0000] {dag.py:2429} INFO - Sync 1 DAGs
[2022-10-01T00:04:58.524+0000] {logging_mixin.py:115} INFO - [2022-10-01T00:04:58.524+0000] {dag.py:2981} INFO - Setting next_dagrun for example_skip_dag to 2022-09-30T00:04:58.524645+00:00, run_after=2022-10-01T00:04:58.524645+00:00
[2022-10-01T00:04:58.535+0000] {processor.py:161} INFO - Processing /home/airflow/.local/lib/python3.7/site-packages/airflow/example_dags/example_skip_dag.py took 0.058 seconds
[2022-10-01T00:05:28.853+0000] {processor.py:153} INFO - Started process (PID=34578) to work on /home/airflow/.local/lib/python3.7/site-packages/airflow/example_dags/example_skip_dag.py
[2022-10-01T00:05:28.855+0000] {processor.py:640} INFO - Processing file /home/airflow/.local/lib/python3.7/site-packages/airflow/example_dags/example_skip_dag.py for tasks to queue
[2022-10-01T00:05:28.856+0000] {logging_mixin.py:115} INFO - [2022-10-01T00:05:28.856+0000] {dagbag.py:508} INFO - Filling up the DagBag from /home/airflow/.local/lib/python3.7/site-packages/airflow/example_dags/example_skip_dag.py
[2022-10-01T00:05:28.860+0000] {processor.py:650} INFO - DAG(s) dict_keys(['example_skip_dag']) retrieved from /home/airflow/.local/lib/python3.7/site-packages/airflow/example_dags/example_skip_dag.py
[2022-10-01T00:05:28.879+0000] {logging_mixin.py:115} INFO - [2022-10-01T00:05:28.879+0000] {dag.py:2429} INFO - Sync 1 DAGs
[2022-10-01T00:05:28.892+0000] {logging_mixin.py:115} INFO - [2022-10-01T00:05:28.892+0000] {dag.py:2981} INFO - Setting next_dagrun for example_skip_dag to 2022-09-30T00:05:28.892354+00:00, run_after=2022-10-01T00:05:28.892354+00:00
[2022-10-01T00:05:28.899+0000] {processor.py:161} INFO - Processing /home/airflow/.local/lib/python3.7/site-packages/airflow/example_dags/example_skip_dag.py took 0.048 seconds
[2022-10-01T00:05:59.149+0000] {processor.py:153} INFO - Started process (PID=34644) to work on /home/airflow/.local/lib/python3.7/site-packages/airflow/example_dags/example_skip_dag.py
[2022-10-01T00:05:59.151+0000] {processor.py:640} INFO - Processing file /home/airflow/.local/lib/python3.7/site-packages/airflow/example_dags/example_skip_dag.py for tasks to queue
[2022-10-01T00:05:59.153+0000] {logging_mixin.py:115} INFO - [2022-10-01T00:05:59.152+0000] {dagbag.py:508} INFO - Filling up the DagBag from /home/airflow/.local/lib/python3.7/site-packages/airflow/example_dags/example_skip_dag.py
[2022-10-01T00:05:59.158+0000] {processor.py:650} INFO - DAG(s) dict_keys(['example_skip_dag']) retrieved from /home/airflow/.local/lib/python3.7/site-packages/airflow/example_dags/example_skip_dag.py
[2022-10-01T00:05:59.205+0000] {logging_mixin.py:115} INFO - [2022-10-01T00:05:59.205+0000] {dag.py:2429} INFO - Sync 1 DAGs
[2022-10-01T00:05:59.228+0000] {logging_mixin.py:115} INFO - [2022-10-01T00:05:59.228+0000] {dag.py:2981} INFO - Setting next_dagrun for example_skip_dag to 2022-09-30T00:05:59.227867+00:00, run_after=2022-10-01T00:05:59.227867+00:00
[2022-10-01T00:05:59.240+0000] {processor.py:161} INFO - Processing /home/airflow/.local/lib/python3.7/site-packages/airflow/example_dags/example_skip_dag.py took 0.093 seconds
[2022-10-01T00:06:29.690+0000] {processor.py:153} INFO - Started process (PID=34702) to work on /home/airflow/.local/lib/python3.7/site-packages/airflow/example_dags/example_skip_dag.py
[2022-10-01T00:06:29.694+0000] {processor.py:640} INFO - Processing file /home/airflow/.local/lib/python3.7/site-packages/airflow/example_dags/example_skip_dag.py for tasks to queue
[2022-10-01T00:06:29.696+0000] {logging_mixin.py:115} INFO - [2022-10-01T00:06:29.696+0000] {dagbag.py:508} INFO - Filling up the DagBag from /home/airflow/.local/lib/python3.7/site-packages/airflow/example_dags/example_skip_dag.py
[2022-10-01T00:06:29.701+0000] {processor.py:650} INFO - DAG(s) dict_keys(['example_skip_dag']) retrieved from /home/airflow/.local/lib/python3.7/site-packages/airflow/example_dags/example_skip_dag.py
[2022-10-01T00:06:29.721+0000] {logging_mixin.py:115} INFO - [2022-10-01T00:06:29.721+0000] {dag.py:2429} INFO - Sync 1 DAGs
[2022-10-01T00:06:29.738+0000] {logging_mixin.py:115} INFO - [2022-10-01T00:06:29.738+0000] {dag.py:2981} INFO - Setting next_dagrun for example_skip_dag to 2022-09-30T00:06:29.738556+00:00, run_after=2022-10-01T00:06:29.738556+00:00
[2022-10-01T00:06:29.746+0000] {processor.py:161} INFO - Processing /home/airflow/.local/lib/python3.7/site-packages/airflow/example_dags/example_skip_dag.py took 0.058 seconds
[2022-10-01T00:06:59.951+0000] {processor.py:153} INFO - Started process (PID=34768) to work on /home/airflow/.local/lib/python3.7/site-packages/airflow/example_dags/example_skip_dag.py
[2022-10-01T00:06:59.952+0000] {processor.py:640} INFO - Processing file /home/airflow/.local/lib/python3.7/site-packages/airflow/example_dags/example_skip_dag.py for tasks to queue
[2022-10-01T00:06:59.953+0000] {logging_mixin.py:115} INFO - [2022-10-01T00:06:59.953+0000] {dagbag.py:508} INFO - Filling up the DagBag from /home/airflow/.local/lib/python3.7/site-packages/airflow/example_dags/example_skip_dag.py
[2022-10-01T00:06:59.957+0000] {processor.py:650} INFO - DAG(s) dict_keys(['example_skip_dag']) retrieved from /home/airflow/.local/lib/python3.7/site-packages/airflow/example_dags/example_skip_dag.py
[2022-10-01T00:06:59.982+0000] {logging_mixin.py:115} INFO - [2022-10-01T00:06:59.982+0000] {dag.py:2429} INFO - Sync 1 DAGs
[2022-10-01T00:07:00.006+0000] {logging_mixin.py:115} INFO - [2022-10-01T00:07:00.005+0000] {dag.py:2981} INFO - Setting next_dagrun for example_skip_dag to 2022-09-30T00:07:00.003419+00:00, run_after=2022-10-01T00:07:00.003419+00:00
[2022-10-01T00:07:00.018+0000] {processor.py:161} INFO - Processing /home/airflow/.local/lib/python3.7/site-packages/airflow/example_dags/example_skip_dag.py took 0.070 seconds
[2022-10-01T00:07:30.473+0000] {processor.py:153} INFO - Started process (PID=34834) to work on /home/airflow/.local/lib/python3.7/site-packages/airflow/example_dags/example_skip_dag.py
[2022-10-01T00:07:30.475+0000] {processor.py:640} INFO - Processing file /home/airflow/.local/lib/python3.7/site-packages/airflow/example_dags/example_skip_dag.py for tasks to queue
[2022-10-01T00:07:30.476+0000] {logging_mixin.py:115} INFO - [2022-10-01T00:07:30.476+0000] {dagbag.py:508} INFO - Filling up the DagBag from /home/airflow/.local/lib/python3.7/site-packages/airflow/example_dags/example_skip_dag.py
[2022-10-01T00:07:30.480+0000] {processor.py:650} INFO - DAG(s) dict_keys(['example_skip_dag']) retrieved from /home/airflow/.local/lib/python3.7/site-packages/airflow/example_dags/example_skip_dag.py
[2022-10-01T00:07:30.499+0000] {logging_mixin.py:115} INFO - [2022-10-01T00:07:30.499+0000] {dag.py:2429} INFO - Sync 1 DAGs
[2022-10-01T00:07:30.512+0000] {logging_mixin.py:115} INFO - [2022-10-01T00:07:30.512+0000] {dag.py:2981} INFO - Setting next_dagrun for example_skip_dag to 2022-09-30T00:07:30.512438+00:00, run_after=2022-10-01T00:07:30.512438+00:00
[2022-10-01T00:07:30.520+0000] {processor.py:161} INFO - Processing /home/airflow/.local/lib/python3.7/site-packages/airflow/example_dags/example_skip_dag.py took 0.049 seconds
[2022-10-01T00:08:00.751+0000] {processor.py:153} INFO - Started process (PID=34891) to work on /home/airflow/.local/lib/python3.7/site-packages/airflow/example_dags/example_skip_dag.py
[2022-10-01T00:08:00.753+0000] {processor.py:640} INFO - Processing file /home/airflow/.local/lib/python3.7/site-packages/airflow/example_dags/example_skip_dag.py for tasks to queue
[2022-10-01T00:08:00.754+0000] {logging_mixin.py:115} INFO - [2022-10-01T00:08:00.754+0000] {dagbag.py:508} INFO - Filling up the DagBag from /home/airflow/.local/lib/python3.7/site-packages/airflow/example_dags/example_skip_dag.py
[2022-10-01T00:08:00.759+0000] {processor.py:650} INFO - DAG(s) dict_keys(['example_skip_dag']) retrieved from /home/airflow/.local/lib/python3.7/site-packages/airflow/example_dags/example_skip_dag.py
[2022-10-01T00:08:00.778+0000] {logging_mixin.py:115} INFO - [2022-10-01T00:08:00.777+0000] {dag.py:2429} INFO - Sync 1 DAGs
[2022-10-01T00:08:00.792+0000] {logging_mixin.py:115} INFO - [2022-10-01T00:08:00.792+0000] {dag.py:2981} INFO - Setting next_dagrun for example_skip_dag to 2022-09-30T00:08:00.792542+00:00, run_after=2022-10-01T00:08:00.792542+00:00
[2022-10-01T00:08:00.801+0000] {processor.py:161} INFO - Processing /home/airflow/.local/lib/python3.7/site-packages/airflow/example_dags/example_skip_dag.py took 0.052 seconds
[2022-10-01T00:08:31.297+0000] {processor.py:153} INFO - Started process (PID=34957) to work on /home/airflow/.local/lib/python3.7/site-packages/airflow/example_dags/example_skip_dag.py
[2022-10-01T00:08:31.299+0000] {processor.py:640} INFO - Processing file /home/airflow/.local/lib/python3.7/site-packages/airflow/example_dags/example_skip_dag.py for tasks to queue
[2022-10-01T00:08:31.300+0000] {logging_mixin.py:115} INFO - [2022-10-01T00:08:31.300+0000] {dagbag.py:508} INFO - Filling up the DagBag from /home/airflow/.local/lib/python3.7/site-packages/airflow/example_dags/example_skip_dag.py
[2022-10-01T00:08:31.305+0000] {processor.py:650} INFO - DAG(s) dict_keys(['example_skip_dag']) retrieved from /home/airflow/.local/lib/python3.7/site-packages/airflow/example_dags/example_skip_dag.py
[2022-10-01T00:08:31.324+0000] {logging_mixin.py:115} INFO - [2022-10-01T00:08:31.324+0000] {dag.py:2429} INFO - Sync 1 DAGs
[2022-10-01T00:08:31.339+0000] {logging_mixin.py:115} INFO - [2022-10-01T00:08:31.339+0000] {dag.py:2981} INFO - Setting next_dagrun for example_skip_dag to 2022-09-30T00:08:31.339333+00:00, run_after=2022-10-01T00:08:31.339333+00:00
[2022-10-01T00:08:31.347+0000] {processor.py:161} INFO - Processing /home/airflow/.local/lib/python3.7/site-packages/airflow/example_dags/example_skip_dag.py took 0.052 seconds
[2022-10-01T00:09:01.766+0000] {processor.py:153} INFO - Started process (PID=35023) to work on /home/airflow/.local/lib/python3.7/site-packages/airflow/example_dags/example_skip_dag.py
[2022-10-01T00:09:01.769+0000] {processor.py:640} INFO - Processing file /home/airflow/.local/lib/python3.7/site-packages/airflow/example_dags/example_skip_dag.py for tasks to queue
[2022-10-01T00:09:01.771+0000] {logging_mixin.py:115} INFO - [2022-10-01T00:09:01.771+0000] {dagbag.py:508} INFO - Filling up the DagBag from /home/airflow/.local/lib/python3.7/site-packages/airflow/example_dags/example_skip_dag.py
[2022-10-01T00:09:01.776+0000] {processor.py:650} INFO - DAG(s) dict_keys(['example_skip_dag']) retrieved from /home/airflow/.local/lib/python3.7/site-packages/airflow/example_dags/example_skip_dag.py
[2022-10-01T00:09:01.801+0000] {logging_mixin.py:115} INFO - [2022-10-01T00:09:01.801+0000] {dag.py:2429} INFO - Sync 1 DAGs
[2022-10-01T00:09:01.832+0000] {logging_mixin.py:115} INFO - [2022-10-01T00:09:01.832+0000] {dag.py:2981} INFO - Setting next_dagrun for example_skip_dag to 2022-09-30T00:09:01.831916+00:00, run_after=2022-10-01T00:09:01.831916+00:00
[2022-10-01T00:09:01.858+0000] {processor.py:161} INFO - Processing /home/airflow/.local/lib/python3.7/site-packages/airflow/example_dags/example_skip_dag.py took 0.096 seconds
[2022-10-01T00:09:32.449+0000] {processor.py:153} INFO - Started process (PID=35088) to work on /home/airflow/.local/lib/python3.7/site-packages/airflow/example_dags/example_skip_dag.py
[2022-10-01T00:09:32.450+0000] {processor.py:640} INFO - Processing file /home/airflow/.local/lib/python3.7/site-packages/airflow/example_dags/example_skip_dag.py for tasks to queue
[2022-10-01T00:09:32.451+0000] {logging_mixin.py:115} INFO - [2022-10-01T00:09:32.451+0000] {dagbag.py:508} INFO - Filling up the DagBag from /home/airflow/.local/lib/python3.7/site-packages/airflow/example_dags/example_skip_dag.py
[2022-10-01T00:09:32.456+0000] {processor.py:650} INFO - DAG(s) dict_keys(['example_skip_dag']) retrieved from /home/airflow/.local/lib/python3.7/site-packages/airflow/example_dags/example_skip_dag.py
[2022-10-01T00:09:32.475+0000] {logging_mixin.py:115} INFO - [2022-10-01T00:09:32.475+0000] {dag.py:2429} INFO - Sync 1 DAGs
[2022-10-01T00:09:32.488+0000] {logging_mixin.py:115} INFO - [2022-10-01T00:09:32.488+0000] {dag.py:2981} INFO - Setting next_dagrun for example_skip_dag to 2022-09-30T00:09:32.488407+00:00, run_after=2022-10-01T00:09:32.488407+00:00
[2022-10-01T00:09:32.495+0000] {processor.py:161} INFO - Processing /home/airflow/.local/lib/python3.7/site-packages/airflow/example_dags/example_skip_dag.py took 0.049 seconds
[2022-10-01T00:10:02.783+0000] {processor.py:153} INFO - Started process (PID=35144) to work on /home/airflow/.local/lib/python3.7/site-packages/airflow/example_dags/example_skip_dag.py
[2022-10-01T00:10:02.785+0000] {processor.py:640} INFO - Processing file /home/airflow/.local/lib/python3.7/site-packages/airflow/example_dags/example_skip_dag.py for tasks to queue
[2022-10-01T00:10:02.786+0000] {logging_mixin.py:115} INFO - [2022-10-01T00:10:02.786+0000] {dagbag.py:508} INFO - Filling up the DagBag from /home/airflow/.local/lib/python3.7/site-packages/airflow/example_dags/example_skip_dag.py
[2022-10-01T00:10:02.791+0000] {processor.py:650} INFO - DAG(s) dict_keys(['example_skip_dag']) retrieved from /home/airflow/.local/lib/python3.7/site-packages/airflow/example_dags/example_skip_dag.py
[2022-10-01T00:10:02.809+0000] {logging_mixin.py:115} INFO - [2022-10-01T00:10:02.809+0000] {dag.py:2429} INFO - Sync 1 DAGs
[2022-10-01T00:10:02.822+0000] {logging_mixin.py:115} INFO - [2022-10-01T00:10:02.822+0000] {dag.py:2981} INFO - Setting next_dagrun for example_skip_dag to 2022-09-30T00:10:02.822196+00:00, run_after=2022-10-01T00:10:02.822196+00:00
[2022-10-01T00:10:02.829+0000] {processor.py:161} INFO - Processing /home/airflow/.local/lib/python3.7/site-packages/airflow/example_dags/example_skip_dag.py took 0.048 seconds
[2022-10-01T00:10:33.340+0000] {processor.py:153} INFO - Started process (PID=35211) to work on /home/airflow/.local/lib/python3.7/site-packages/airflow/example_dags/example_skip_dag.py
[2022-10-01T00:10:33.341+0000] {processor.py:640} INFO - Processing file /home/airflow/.local/lib/python3.7/site-packages/airflow/example_dags/example_skip_dag.py for tasks to queue
[2022-10-01T00:10:33.344+0000] {logging_mixin.py:115} INFO - [2022-10-01T00:10:33.344+0000] {dagbag.py:508} INFO - Filling up the DagBag from /home/airflow/.local/lib/python3.7/site-packages/airflow/example_dags/example_skip_dag.py
[2022-10-01T00:10:33.349+0000] {processor.py:650} INFO - DAG(s) dict_keys(['example_skip_dag']) retrieved from /home/airflow/.local/lib/python3.7/site-packages/airflow/example_dags/example_skip_dag.py
[2022-10-01T00:10:33.368+0000] {logging_mixin.py:115} INFO - [2022-10-01T00:10:33.368+0000] {dag.py:2429} INFO - Sync 1 DAGs
[2022-10-01T00:10:33.383+0000] {logging_mixin.py:115} INFO - [2022-10-01T00:10:33.383+0000] {dag.py:2981} INFO - Setting next_dagrun for example_skip_dag to 2022-09-30T00:10:33.382937+00:00, run_after=2022-10-01T00:10:33.382937+00:00
[2022-10-01T00:10:33.390+0000] {processor.py:161} INFO - Processing /home/airflow/.local/lib/python3.7/site-packages/airflow/example_dags/example_skip_dag.py took 0.053 seconds
[2022-10-01T00:11:03.671+0000] {processor.py:153} INFO - Started process (PID=35277) to work on /home/airflow/.local/lib/python3.7/site-packages/airflow/example_dags/example_skip_dag.py
[2022-10-01T00:11:03.672+0000] {processor.py:640} INFO - Processing file /home/airflow/.local/lib/python3.7/site-packages/airflow/example_dags/example_skip_dag.py for tasks to queue
[2022-10-01T00:11:03.674+0000] {logging_mixin.py:115} INFO - [2022-10-01T00:11:03.674+0000] {dagbag.py:508} INFO - Filling up the DagBag from /home/airflow/.local/lib/python3.7/site-packages/airflow/example_dags/example_skip_dag.py
[2022-10-01T00:11:03.678+0000] {processor.py:650} INFO - DAG(s) dict_keys(['example_skip_dag']) retrieved from /home/airflow/.local/lib/python3.7/site-packages/airflow/example_dags/example_skip_dag.py
[2022-10-01T00:11:03.696+0000] {logging_mixin.py:115} INFO - [2022-10-01T00:11:03.696+0000] {dag.py:2429} INFO - Sync 1 DAGs
[2022-10-01T00:11:03.709+0000] {logging_mixin.py:115} INFO - [2022-10-01T00:11:03.709+0000] {dag.py:2981} INFO - Setting next_dagrun for example_skip_dag to 2022-09-30T00:11:03.709515+00:00, run_after=2022-10-01T00:11:03.709515+00:00
[2022-10-01T00:11:03.717+0000] {processor.py:161} INFO - Processing /home/airflow/.local/lib/python3.7/site-packages/airflow/example_dags/example_skip_dag.py took 0.048 seconds
[2022-10-01T00:11:34.047+0000] {processor.py:153} INFO - Started process (PID=35343) to work on /home/airflow/.local/lib/python3.7/site-packages/airflow/example_dags/example_skip_dag.py
[2022-10-01T00:11:34.049+0000] {processor.py:640} INFO - Processing file /home/airflow/.local/lib/python3.7/site-packages/airflow/example_dags/example_skip_dag.py for tasks to queue
[2022-10-01T00:11:34.050+0000] {logging_mixin.py:115} INFO - [2022-10-01T00:11:34.050+0000] {dagbag.py:508} INFO - Filling up the DagBag from /home/airflow/.local/lib/python3.7/site-packages/airflow/example_dags/example_skip_dag.py
[2022-10-01T00:11:34.055+0000] {processor.py:650} INFO - DAG(s) dict_keys(['example_skip_dag']) retrieved from /home/airflow/.local/lib/python3.7/site-packages/airflow/example_dags/example_skip_dag.py
[2022-10-01T00:11:34.077+0000] {logging_mixin.py:115} INFO - [2022-10-01T00:11:34.077+0000] {dag.py:2429} INFO - Sync 1 DAGs
[2022-10-01T00:11:34.094+0000] {logging_mixin.py:115} INFO - [2022-10-01T00:11:34.093+0000] {dag.py:2981} INFO - Setting next_dagrun for example_skip_dag to 2022-09-30T00:11:34.093780+00:00, run_after=2022-10-01T00:11:34.093780+00:00
[2022-10-01T00:11:34.102+0000] {processor.py:161} INFO - Processing /home/airflow/.local/lib/python3.7/site-packages/airflow/example_dags/example_skip_dag.py took 0.058 seconds
[2022-10-01T00:12:04.320+0000] {processor.py:153} INFO - Started process (PID=35400) to work on /home/airflow/.local/lib/python3.7/site-packages/airflow/example_dags/example_skip_dag.py
[2022-10-01T00:12:04.322+0000] {processor.py:640} INFO - Processing file /home/airflow/.local/lib/python3.7/site-packages/airflow/example_dags/example_skip_dag.py for tasks to queue
[2022-10-01T00:12:04.324+0000] {logging_mixin.py:115} INFO - [2022-10-01T00:12:04.323+0000] {dagbag.py:508} INFO - Filling up the DagBag from /home/airflow/.local/lib/python3.7/site-packages/airflow/example_dags/example_skip_dag.py
[2022-10-01T00:12:04.328+0000] {processor.py:650} INFO - DAG(s) dict_keys(['example_skip_dag']) retrieved from /home/airflow/.local/lib/python3.7/site-packages/airflow/example_dags/example_skip_dag.py
[2022-10-01T00:12:04.347+0000] {logging_mixin.py:115} INFO - [2022-10-01T00:12:04.347+0000] {dag.py:2429} INFO - Sync 1 DAGs
[2022-10-01T00:12:04.365+0000] {logging_mixin.py:115} INFO - [2022-10-01T00:12:04.365+0000] {dag.py:2981} INFO - Setting next_dagrun for example_skip_dag to 2022-09-30T00:12:04.365540+00:00, run_after=2022-10-01T00:12:04.365540+00:00
[2022-10-01T00:12:04.374+0000] {processor.py:161} INFO - Processing /home/airflow/.local/lib/python3.7/site-packages/airflow/example_dags/example_skip_dag.py took 0.056 seconds
[2022-10-01T00:12:34.903+0000] {processor.py:153} INFO - Started process (PID=35467) to work on /home/airflow/.local/lib/python3.7/site-packages/airflow/example_dags/example_skip_dag.py
[2022-10-01T00:12:34.905+0000] {processor.py:640} INFO - Processing file /home/airflow/.local/lib/python3.7/site-packages/airflow/example_dags/example_skip_dag.py for tasks to queue
[2022-10-01T00:12:34.906+0000] {logging_mixin.py:115} INFO - [2022-10-01T00:12:34.906+0000] {dagbag.py:508} INFO - Filling up the DagBag from /home/airflow/.local/lib/python3.7/site-packages/airflow/example_dags/example_skip_dag.py
[2022-10-01T00:12:34.910+0000] {processor.py:650} INFO - DAG(s) dict_keys(['example_skip_dag']) retrieved from /home/airflow/.local/lib/python3.7/site-packages/airflow/example_dags/example_skip_dag.py
[2022-10-01T00:12:34.930+0000] {logging_mixin.py:115} INFO - [2022-10-01T00:12:34.930+0000] {dag.py:2429} INFO - Sync 1 DAGs
[2022-10-01T00:12:34.945+0000] {logging_mixin.py:115} INFO - [2022-10-01T00:12:34.944+0000] {dag.py:2981} INFO - Setting next_dagrun for example_skip_dag to 2022-09-30T00:12:34.944799+00:00, run_after=2022-10-01T00:12:34.944799+00:00
[2022-10-01T00:12:34.954+0000] {processor.py:161} INFO - Processing /home/airflow/.local/lib/python3.7/site-packages/airflow/example_dags/example_skip_dag.py took 0.053 seconds
[2022-10-01T00:13:05.205+0000] {processor.py:153} INFO - Started process (PID=35532) to work on /home/airflow/.local/lib/python3.7/site-packages/airflow/example_dags/example_skip_dag.py
[2022-10-01T00:13:05.207+0000] {processor.py:640} INFO - Processing file /home/airflow/.local/lib/python3.7/site-packages/airflow/example_dags/example_skip_dag.py for tasks to queue
[2022-10-01T00:13:05.208+0000] {logging_mixin.py:115} INFO - [2022-10-01T00:13:05.208+0000] {dagbag.py:508} INFO - Filling up the DagBag from /home/airflow/.local/lib/python3.7/site-packages/airflow/example_dags/example_skip_dag.py
[2022-10-01T00:13:05.212+0000] {processor.py:650} INFO - DAG(s) dict_keys(['example_skip_dag']) retrieved from /home/airflow/.local/lib/python3.7/site-packages/airflow/example_dags/example_skip_dag.py
[2022-10-01T00:13:05.233+0000] {logging_mixin.py:115} INFO - [2022-10-01T00:13:05.233+0000] {dag.py:2429} INFO - Sync 1 DAGs
[2022-10-01T00:13:05.249+0000] {logging_mixin.py:115} INFO - [2022-10-01T00:13:05.249+0000] {dag.py:2981} INFO - Setting next_dagrun for example_skip_dag to 2022-09-30T00:13:05.249599+00:00, run_after=2022-10-01T00:13:05.249599+00:00
[2022-10-01T00:13:05.257+0000] {processor.py:161} INFO - Processing /home/airflow/.local/lib/python3.7/site-packages/airflow/example_dags/example_skip_dag.py took 0.055 seconds
[2022-10-01T00:13:36.240+0000] {processor.py:153} INFO - Started process (PID=35601) to work on /home/airflow/.local/lib/python3.7/site-packages/airflow/example_dags/example_skip_dag.py
[2022-10-01T00:13:36.242+0000] {processor.py:640} INFO - Processing file /home/airflow/.local/lib/python3.7/site-packages/airflow/example_dags/example_skip_dag.py for tasks to queue
[2022-10-01T00:13:36.244+0000] {logging_mixin.py:115} INFO - [2022-10-01T00:13:36.244+0000] {dagbag.py:508} INFO - Filling up the DagBag from /home/airflow/.local/lib/python3.7/site-packages/airflow/example_dags/example_skip_dag.py
[2022-10-01T00:13:36.248+0000] {processor.py:650} INFO - DAG(s) dict_keys(['example_skip_dag']) retrieved from /home/airflow/.local/lib/python3.7/site-packages/airflow/example_dags/example_skip_dag.py
[2022-10-01T00:13:36.271+0000] {logging_mixin.py:115} INFO - [2022-10-01T00:13:36.270+0000] {dag.py:2429} INFO - Sync 1 DAGs
[2022-10-01T00:13:36.287+0000] {logging_mixin.py:115} INFO - [2022-10-01T00:13:36.287+0000] {dag.py:2981} INFO - Setting next_dagrun for example_skip_dag to 2022-09-30T00:13:36.287425+00:00, run_after=2022-10-01T00:13:36.287425+00:00
[2022-10-01T00:13:36.296+0000] {processor.py:161} INFO - Processing /home/airflow/.local/lib/python3.7/site-packages/airflow/example_dags/example_skip_dag.py took 0.059 seconds
[2022-10-01T00:18:35.434+0000] {processor.py:153} INFO - Started process (PID=35649) to work on /home/airflow/.local/lib/python3.7/site-packages/airflow/example_dags/example_skip_dag.py
[2022-10-01T00:18:35.439+0000] {processor.py:640} INFO - Processing file /home/airflow/.local/lib/python3.7/site-packages/airflow/example_dags/example_skip_dag.py for tasks to queue
[2022-10-01T00:18:35.441+0000] {logging_mixin.py:115} INFO - [2022-10-01T00:18:35.441+0000] {dagbag.py:508} INFO - Filling up the DagBag from /home/airflow/.local/lib/python3.7/site-packages/airflow/example_dags/example_skip_dag.py
[2022-10-01T00:18:35.447+0000] {processor.py:650} INFO - DAG(s) dict_keys(['example_skip_dag']) retrieved from /home/airflow/.local/lib/python3.7/site-packages/airflow/example_dags/example_skip_dag.py
[2022-10-01T00:18:35.477+0000] {logging_mixin.py:115} INFO - [2022-10-01T00:18:35.477+0000] {dag.py:2429} INFO - Sync 1 DAGs
[2022-10-01T00:18:35.500+0000] {logging_mixin.py:115} INFO - [2022-10-01T00:18:35.500+0000] {dag.py:2981} INFO - Setting next_dagrun for example_skip_dag to 2022-09-30T00:18:35.500076+00:00, run_after=2022-10-01T00:18:35.500076+00:00
[2022-10-01T00:18:35.516+0000] {processor.py:161} INFO - Processing /home/airflow/.local/lib/python3.7/site-packages/airflow/example_dags/example_skip_dag.py took 0.085 seconds
[2022-10-01T00:19:06.168+0000] {processor.py:153} INFO - Started process (PID=35715) to work on /home/airflow/.local/lib/python3.7/site-packages/airflow/example_dags/example_skip_dag.py
[2022-10-01T00:19:06.170+0000] {processor.py:640} INFO - Processing file /home/airflow/.local/lib/python3.7/site-packages/airflow/example_dags/example_skip_dag.py for tasks to queue
[2022-10-01T00:19:06.171+0000] {logging_mixin.py:115} INFO - [2022-10-01T00:19:06.171+0000] {dagbag.py:508} INFO - Filling up the DagBag from /home/airflow/.local/lib/python3.7/site-packages/airflow/example_dags/example_skip_dag.py
[2022-10-01T00:19:06.177+0000] {processor.py:650} INFO - DAG(s) dict_keys(['example_skip_dag']) retrieved from /home/airflow/.local/lib/python3.7/site-packages/airflow/example_dags/example_skip_dag.py
[2022-10-01T00:19:06.197+0000] {logging_mixin.py:115} INFO - [2022-10-01T00:19:06.197+0000] {dag.py:2429} INFO - Sync 1 DAGs
[2022-10-01T00:19:06.212+0000] {logging_mixin.py:115} INFO - [2022-10-01T00:19:06.212+0000] {dag.py:2981} INFO - Setting next_dagrun for example_skip_dag to 2022-09-30T00:19:06.212061+00:00, run_after=2022-10-01T00:19:06.212061+00:00
[2022-10-01T00:19:06.234+0000] {processor.py:161} INFO - Processing /home/airflow/.local/lib/python3.7/site-packages/airflow/example_dags/example_skip_dag.py took 0.068 seconds
[2022-10-01T00:19:36.722+0000] {processor.py:153} INFO - Started process (PID=35773) to work on /home/airflow/.local/lib/python3.7/site-packages/airflow/example_dags/example_skip_dag.py
[2022-10-01T00:19:36.739+0000] {processor.py:640} INFO - Processing file /home/airflow/.local/lib/python3.7/site-packages/airflow/example_dags/example_skip_dag.py for tasks to queue
[2022-10-01T00:19:36.741+0000] {logging_mixin.py:115} INFO - [2022-10-01T00:19:36.741+0000] {dagbag.py:508} INFO - Filling up the DagBag from /home/airflow/.local/lib/python3.7/site-packages/airflow/example_dags/example_skip_dag.py
[2022-10-01T00:19:36.746+0000] {processor.py:650} INFO - DAG(s) dict_keys(['example_skip_dag']) retrieved from /home/airflow/.local/lib/python3.7/site-packages/airflow/example_dags/example_skip_dag.py
[2022-10-01T00:19:36.775+0000] {logging_mixin.py:115} INFO - [2022-10-01T00:19:36.774+0000] {dag.py:2429} INFO - Sync 1 DAGs
[2022-10-01T00:19:36.795+0000] {logging_mixin.py:115} INFO - [2022-10-01T00:19:36.795+0000] {dag.py:2981} INFO - Setting next_dagrun for example_skip_dag to 2022-09-30T00:19:36.795271+00:00, run_after=2022-10-01T00:19:36.795271+00:00
[2022-10-01T00:19:36.810+0000] {processor.py:161} INFO - Processing /home/airflow/.local/lib/python3.7/site-packages/airflow/example_dags/example_skip_dag.py took 0.092 seconds
[2022-10-01T00:20:07.266+0000] {processor.py:153} INFO - Started process (PID=35837) to work on /home/airflow/.local/lib/python3.7/site-packages/airflow/example_dags/example_skip_dag.py
[2022-10-01T00:20:07.269+0000] {processor.py:640} INFO - Processing file /home/airflow/.local/lib/python3.7/site-packages/airflow/example_dags/example_skip_dag.py for tasks to queue
[2022-10-01T00:20:07.271+0000] {logging_mixin.py:115} INFO - [2022-10-01T00:20:07.271+0000] {dagbag.py:508} INFO - Filling up the DagBag from /home/airflow/.local/lib/python3.7/site-packages/airflow/example_dags/example_skip_dag.py
[2022-10-01T00:20:07.278+0000] {processor.py:650} INFO - DAG(s) dict_keys(['example_skip_dag']) retrieved from /home/airflow/.local/lib/python3.7/site-packages/airflow/example_dags/example_skip_dag.py
[2022-10-01T00:20:07.301+0000] {logging_mixin.py:115} INFO - [2022-10-01T00:20:07.301+0000] {dag.py:2429} INFO - Sync 1 DAGs
[2022-10-01T00:20:07.318+0000] {logging_mixin.py:115} INFO - [2022-10-01T00:20:07.318+0000] {dag.py:2981} INFO - Setting next_dagrun for example_skip_dag to 2022-09-30T00:20:07.318482+00:00, run_after=2022-10-01T00:20:07.318482+00:00
[2022-10-01T00:20:07.328+0000] {processor.py:161} INFO - Processing /home/airflow/.local/lib/python3.7/site-packages/airflow/example_dags/example_skip_dag.py took 0.065 seconds
[2022-10-01T00:20:37.684+0000] {processor.py:153} INFO - Started process (PID=35905) to work on /home/airflow/.local/lib/python3.7/site-packages/airflow/example_dags/example_skip_dag.py
[2022-10-01T00:20:37.687+0000] {processor.py:640} INFO - Processing file /home/airflow/.local/lib/python3.7/site-packages/airflow/example_dags/example_skip_dag.py for tasks to queue
[2022-10-01T00:20:37.688+0000] {logging_mixin.py:115} INFO - [2022-10-01T00:20:37.688+0000] {dagbag.py:508} INFO - Filling up the DagBag from /home/airflow/.local/lib/python3.7/site-packages/airflow/example_dags/example_skip_dag.py
[2022-10-01T00:20:37.695+0000] {processor.py:650} INFO - DAG(s) dict_keys(['example_skip_dag']) retrieved from /home/airflow/.local/lib/python3.7/site-packages/airflow/example_dags/example_skip_dag.py
[2022-10-01T00:20:37.719+0000] {logging_mixin.py:115} INFO - [2022-10-01T00:20:37.719+0000] {dag.py:2429} INFO - Sync 1 DAGs
[2022-10-01T00:20:37.735+0000] {logging_mixin.py:115} INFO - [2022-10-01T00:20:37.735+0000] {dag.py:2981} INFO - Setting next_dagrun for example_skip_dag to 2022-09-30T00:20:37.735444+00:00, run_after=2022-10-01T00:20:37.735444+00:00
[2022-10-01T00:20:37.746+0000] {processor.py:161} INFO - Processing /home/airflow/.local/lib/python3.7/site-packages/airflow/example_dags/example_skip_dag.py took 0.064 seconds
[2022-10-01T00:21:08.342+0000] {processor.py:153} INFO - Started process (PID=35971) to work on /home/airflow/.local/lib/python3.7/site-packages/airflow/example_dags/example_skip_dag.py
[2022-10-01T00:21:08.344+0000] {processor.py:640} INFO - Processing file /home/airflow/.local/lib/python3.7/site-packages/airflow/example_dags/example_skip_dag.py for tasks to queue
[2022-10-01T00:21:08.345+0000] {logging_mixin.py:115} INFO - [2022-10-01T00:21:08.345+0000] {dagbag.py:508} INFO - Filling up the DagBag from /home/airflow/.local/lib/python3.7/site-packages/airflow/example_dags/example_skip_dag.py
[2022-10-01T00:21:08.350+0000] {processor.py:650} INFO - DAG(s) dict_keys(['example_skip_dag']) retrieved from /home/airflow/.local/lib/python3.7/site-packages/airflow/example_dags/example_skip_dag.py
[2022-10-01T00:21:08.369+0000] {logging_mixin.py:115} INFO - [2022-10-01T00:21:08.368+0000] {dag.py:2429} INFO - Sync 1 DAGs
[2022-10-01T00:21:08.385+0000] {logging_mixin.py:115} INFO - [2022-10-01T00:21:08.385+0000] {dag.py:2981} INFO - Setting next_dagrun for example_skip_dag to 2022-09-30T00:21:08.385537+00:00, run_after=2022-10-01T00:21:08.385537+00:00
[2022-10-01T00:21:08.393+0000] {processor.py:161} INFO - Processing /home/airflow/.local/lib/python3.7/site-packages/airflow/example_dags/example_skip_dag.py took 0.054 seconds
[2022-10-01T00:21:38.800+0000] {processor.py:153} INFO - Started process (PID=36027) to work on /home/airflow/.local/lib/python3.7/site-packages/airflow/example_dags/example_skip_dag.py
[2022-10-01T00:21:38.801+0000] {processor.py:640} INFO - Processing file /home/airflow/.local/lib/python3.7/site-packages/airflow/example_dags/example_skip_dag.py for tasks to queue
[2022-10-01T00:21:38.803+0000] {logging_mixin.py:115} INFO - [2022-10-01T00:21:38.803+0000] {dagbag.py:508} INFO - Filling up the DagBag from /home/airflow/.local/lib/python3.7/site-packages/airflow/example_dags/example_skip_dag.py
[2022-10-01T00:21:38.809+0000] {processor.py:650} INFO - DAG(s) dict_keys(['example_skip_dag']) retrieved from /home/airflow/.local/lib/python3.7/site-packages/airflow/example_dags/example_skip_dag.py
[2022-10-01T00:21:38.832+0000] {logging_mixin.py:115} INFO - [2022-10-01T00:21:38.832+0000] {dag.py:2429} INFO - Sync 1 DAGs
[2022-10-01T00:21:38.850+0000] {logging_mixin.py:115} INFO - [2022-10-01T00:21:38.850+0000] {dag.py:2981} INFO - Setting next_dagrun for example_skip_dag to 2022-09-30T00:21:38.850126+00:00, run_after=2022-10-01T00:21:38.850126+00:00
[2022-10-01T00:21:38.861+0000] {processor.py:161} INFO - Processing /home/airflow/.local/lib/python3.7/site-packages/airflow/example_dags/example_skip_dag.py took 0.065 seconds
[2022-10-01T00:22:09.104+0000] {processor.py:153} INFO - Started process (PID=36093) to work on /home/airflow/.local/lib/python3.7/site-packages/airflow/example_dags/example_skip_dag.py
[2022-10-01T00:22:09.107+0000] {processor.py:640} INFO - Processing file /home/airflow/.local/lib/python3.7/site-packages/airflow/example_dags/example_skip_dag.py for tasks to queue
[2022-10-01T00:22:09.109+0000] {logging_mixin.py:115} INFO - [2022-10-01T00:22:09.109+0000] {dagbag.py:508} INFO - Filling up the DagBag from /home/airflow/.local/lib/python3.7/site-packages/airflow/example_dags/example_skip_dag.py
[2022-10-01T00:22:09.123+0000] {processor.py:650} INFO - DAG(s) dict_keys(['example_skip_dag']) retrieved from /home/airflow/.local/lib/python3.7/site-packages/airflow/example_dags/example_skip_dag.py
[2022-10-01T00:22:09.142+0000] {logging_mixin.py:115} INFO - [2022-10-01T00:22:09.142+0000] {dag.py:2429} INFO - Sync 1 DAGs
[2022-10-01T00:22:09.156+0000] {logging_mixin.py:115} INFO - [2022-10-01T00:22:09.156+0000] {dag.py:2981} INFO - Setting next_dagrun for example_skip_dag to 2022-09-30T00:22:09.156304+00:00, run_after=2022-10-01T00:22:09.156304+00:00
[2022-10-01T00:22:09.165+0000] {processor.py:161} INFO - Processing /home/airflow/.local/lib/python3.7/site-packages/airflow/example_dags/example_skip_dag.py took 0.064 seconds
[2022-10-01T00:22:39.459+0000] {processor.py:153} INFO - Started process (PID=36159) to work on /home/airflow/.local/lib/python3.7/site-packages/airflow/example_dags/example_skip_dag.py
[2022-10-01T00:22:39.461+0000] {processor.py:640} INFO - Processing file /home/airflow/.local/lib/python3.7/site-packages/airflow/example_dags/example_skip_dag.py for tasks to queue
[2022-10-01T00:22:39.462+0000] {logging_mixin.py:115} INFO - [2022-10-01T00:22:39.462+0000] {dagbag.py:508} INFO - Filling up the DagBag from /home/airflow/.local/lib/python3.7/site-packages/airflow/example_dags/example_skip_dag.py
[2022-10-01T00:22:39.467+0000] {processor.py:650} INFO - DAG(s) dict_keys(['example_skip_dag']) retrieved from /home/airflow/.local/lib/python3.7/site-packages/airflow/example_dags/example_skip_dag.py
[2022-10-01T00:22:39.486+0000] {logging_mixin.py:115} INFO - [2022-10-01T00:22:39.486+0000] {dag.py:2429} INFO - Sync 1 DAGs
[2022-10-01T00:22:39.500+0000] {logging_mixin.py:115} INFO - [2022-10-01T00:22:39.500+0000] {dag.py:2981} INFO - Setting next_dagrun for example_skip_dag to 2022-09-30T00:22:39.499870+00:00, run_after=2022-10-01T00:22:39.499870+00:00
[2022-10-01T00:22:39.508+0000] {processor.py:161} INFO - Processing /home/airflow/.local/lib/python3.7/site-packages/airflow/example_dags/example_skip_dag.py took 0.051 seconds
[2022-10-01T00:23:09.791+0000] {processor.py:153} INFO - Started process (PID=36223) to work on /home/airflow/.local/lib/python3.7/site-packages/airflow/example_dags/example_skip_dag.py
[2022-10-01T00:23:09.794+0000] {processor.py:640} INFO - Processing file /home/airflow/.local/lib/python3.7/site-packages/airflow/example_dags/example_skip_dag.py for tasks to queue
[2022-10-01T00:23:09.795+0000] {logging_mixin.py:115} INFO - [2022-10-01T00:23:09.795+0000] {dagbag.py:508} INFO - Filling up the DagBag from /home/airflow/.local/lib/python3.7/site-packages/airflow/example_dags/example_skip_dag.py
[2022-10-01T00:23:09.800+0000] {processor.py:650} INFO - DAG(s) dict_keys(['example_skip_dag']) retrieved from /home/airflow/.local/lib/python3.7/site-packages/airflow/example_dags/example_skip_dag.py
[2022-10-01T00:23:09.822+0000] {logging_mixin.py:115} INFO - [2022-10-01T00:23:09.822+0000] {dag.py:2429} INFO - Sync 1 DAGs
[2022-10-01T00:23:09.836+0000] {logging_mixin.py:115} INFO - [2022-10-01T00:23:09.836+0000] {dag.py:2981} INFO - Setting next_dagrun for example_skip_dag to 2022-09-30T00:23:09.836177+00:00, run_after=2022-10-01T00:23:09.836177+00:00
[2022-10-01T00:23:09.848+0000] {processor.py:161} INFO - Processing /home/airflow/.local/lib/python3.7/site-packages/airflow/example_dags/example_skip_dag.py took 0.060 seconds
[2022-10-01T00:23:40.391+0000] {processor.py:153} INFO - Started process (PID=36283) to work on /home/airflow/.local/lib/python3.7/site-packages/airflow/example_dags/example_skip_dag.py
[2022-10-01T00:23:40.393+0000] {processor.py:640} INFO - Processing file /home/airflow/.local/lib/python3.7/site-packages/airflow/example_dags/example_skip_dag.py for tasks to queue
[2022-10-01T00:23:40.394+0000] {logging_mixin.py:115} INFO - [2022-10-01T00:23:40.394+0000] {dagbag.py:508} INFO - Filling up the DagBag from /home/airflow/.local/lib/python3.7/site-packages/airflow/example_dags/example_skip_dag.py
[2022-10-01T00:23:40.398+0000] {processor.py:650} INFO - DAG(s) dict_keys(['example_skip_dag']) retrieved from /home/airflow/.local/lib/python3.7/site-packages/airflow/example_dags/example_skip_dag.py
[2022-10-01T00:23:40.419+0000] {logging_mixin.py:115} INFO - [2022-10-01T00:23:40.419+0000] {dag.py:2429} INFO - Sync 1 DAGs
[2022-10-01T00:23:40.434+0000] {logging_mixin.py:115} INFO - [2022-10-01T00:23:40.434+0000] {dag.py:2981} INFO - Setting next_dagrun for example_skip_dag to 2022-09-30T00:23:40.433927+00:00, run_after=2022-10-01T00:23:40.433927+00:00
[2022-10-01T00:23:40.442+0000] {processor.py:161} INFO - Processing /home/airflow/.local/lib/python3.7/site-packages/airflow/example_dags/example_skip_dag.py took 0.053 seconds
[2022-10-01T00:24:10.639+0000] {processor.py:153} INFO - Started process (PID=36351) to work on /home/airflow/.local/lib/python3.7/site-packages/airflow/example_dags/example_skip_dag.py
[2022-10-01T00:24:10.640+0000] {processor.py:640} INFO - Processing file /home/airflow/.local/lib/python3.7/site-packages/airflow/example_dags/example_skip_dag.py for tasks to queue
[2022-10-01T00:24:10.641+0000] {logging_mixin.py:115} INFO - [2022-10-01T00:24:10.641+0000] {dagbag.py:508} INFO - Filling up the DagBag from /home/airflow/.local/lib/python3.7/site-packages/airflow/example_dags/example_skip_dag.py
[2022-10-01T00:24:10.646+0000] {processor.py:650} INFO - DAG(s) dict_keys(['example_skip_dag']) retrieved from /home/airflow/.local/lib/python3.7/site-packages/airflow/example_dags/example_skip_dag.py
[2022-10-01T00:24:10.665+0000] {logging_mixin.py:115} INFO - [2022-10-01T00:24:10.665+0000] {dag.py:2429} INFO - Sync 1 DAGs
[2022-10-01T00:24:10.678+0000] {logging_mixin.py:115} INFO - [2022-10-01T00:24:10.678+0000] {dag.py:2981} INFO - Setting next_dagrun for example_skip_dag to 2022-09-30T00:24:10.678631+00:00, run_after=2022-10-01T00:24:10.678631+00:00
[2022-10-01T00:24:10.687+0000] {processor.py:161} INFO - Processing /home/airflow/.local/lib/python3.7/site-packages/airflow/example_dags/example_skip_dag.py took 0.050 seconds
[2022-10-01T00:24:41.627+0000] {processor.py:153} INFO - Started process (PID=36417) to work on /home/airflow/.local/lib/python3.7/site-packages/airflow/example_dags/example_skip_dag.py
[2022-10-01T00:24:41.629+0000] {processor.py:640} INFO - Processing file /home/airflow/.local/lib/python3.7/site-packages/airflow/example_dags/example_skip_dag.py for tasks to queue
[2022-10-01T00:24:41.630+0000] {logging_mixin.py:115} INFO - [2022-10-01T00:24:41.630+0000] {dagbag.py:508} INFO - Filling up the DagBag from /home/airflow/.local/lib/python3.7/site-packages/airflow/example_dags/example_skip_dag.py
[2022-10-01T00:24:41.636+0000] {processor.py:650} INFO - DAG(s) dict_keys(['example_skip_dag']) retrieved from /home/airflow/.local/lib/python3.7/site-packages/airflow/example_dags/example_skip_dag.py
[2022-10-01T00:24:41.659+0000] {logging_mixin.py:115} INFO - [2022-10-01T00:24:41.659+0000] {dag.py:2429} INFO - Sync 1 DAGs
[2022-10-01T00:24:41.674+0000] {logging_mixin.py:115} INFO - [2022-10-01T00:24:41.674+0000] {dag.py:2981} INFO - Setting next_dagrun for example_skip_dag to 2022-09-30T00:24:41.673875+00:00, run_after=2022-10-01T00:24:41.673875+00:00
[2022-10-01T00:24:41.684+0000] {processor.py:161} INFO - Processing /home/airflow/.local/lib/python3.7/site-packages/airflow/example_dags/example_skip_dag.py took 0.061 seconds
[2022-10-01T00:25:11.856+0000] {processor.py:153} INFO - Started process (PID=36474) to work on /home/airflow/.local/lib/python3.7/site-packages/airflow/example_dags/example_skip_dag.py
[2022-10-01T00:25:11.857+0000] {processor.py:640} INFO - Processing file /home/airflow/.local/lib/python3.7/site-packages/airflow/example_dags/example_skip_dag.py for tasks to queue
[2022-10-01T00:25:11.858+0000] {logging_mixin.py:115} INFO - [2022-10-01T00:25:11.858+0000] {dagbag.py:508} INFO - Filling up the DagBag from /home/airflow/.local/lib/python3.7/site-packages/airflow/example_dags/example_skip_dag.py
[2022-10-01T00:25:11.863+0000] {processor.py:650} INFO - DAG(s) dict_keys(['example_skip_dag']) retrieved from /home/airflow/.local/lib/python3.7/site-packages/airflow/example_dags/example_skip_dag.py
[2022-10-01T00:25:11.882+0000] {logging_mixin.py:115} INFO - [2022-10-01T00:25:11.882+0000] {dag.py:2429} INFO - Sync 1 DAGs
[2022-10-01T00:25:11.896+0000] {logging_mixin.py:115} INFO - [2022-10-01T00:25:11.896+0000] {dag.py:2981} INFO - Setting next_dagrun for example_skip_dag to 2022-09-30T00:25:11.895910+00:00, run_after=2022-10-01T00:25:11.895910+00:00
[2022-10-01T00:25:11.903+0000] {processor.py:161} INFO - Processing /home/airflow/.local/lib/python3.7/site-packages/airflow/example_dags/example_skip_dag.py took 0.051 seconds
[2022-10-01T00:25:42.158+0000] {processor.py:153} INFO - Started process (PID=36539) to work on /home/airflow/.local/lib/python3.7/site-packages/airflow/example_dags/example_skip_dag.py
[2022-10-01T00:25:42.159+0000] {processor.py:640} INFO - Processing file /home/airflow/.local/lib/python3.7/site-packages/airflow/example_dags/example_skip_dag.py for tasks to queue
[2022-10-01T00:25:42.161+0000] {logging_mixin.py:115} INFO - [2022-10-01T00:25:42.161+0000] {dagbag.py:508} INFO - Filling up the DagBag from /home/airflow/.local/lib/python3.7/site-packages/airflow/example_dags/example_skip_dag.py
[2022-10-01T00:25:42.165+0000] {processor.py:650} INFO - DAG(s) dict_keys(['example_skip_dag']) retrieved from /home/airflow/.local/lib/python3.7/site-packages/airflow/example_dags/example_skip_dag.py
[2022-10-01T00:25:42.183+0000] {logging_mixin.py:115} INFO - [2022-10-01T00:25:42.183+0000] {dag.py:2429} INFO - Sync 1 DAGs
[2022-10-01T00:25:42.196+0000] {logging_mixin.py:115} INFO - [2022-10-01T00:25:42.196+0000] {dag.py:2981} INFO - Setting next_dagrun for example_skip_dag to 2022-09-30T00:25:42.196652+00:00, run_after=2022-10-01T00:25:42.196652+00:00
[2022-10-01T00:25:42.210+0000] {processor.py:161} INFO - Processing /home/airflow/.local/lib/python3.7/site-packages/airflow/example_dags/example_skip_dag.py took 0.054 seconds
[2022-10-01T00:26:12.755+0000] {processor.py:153} INFO - Started process (PID=36606) to work on /home/airflow/.local/lib/python3.7/site-packages/airflow/example_dags/example_skip_dag.py
[2022-10-01T00:26:12.760+0000] {processor.py:640} INFO - Processing file /home/airflow/.local/lib/python3.7/site-packages/airflow/example_dags/example_skip_dag.py for tasks to queue
[2022-10-01T00:26:12.762+0000] {logging_mixin.py:115} INFO - [2022-10-01T00:26:12.762+0000] {dagbag.py:508} INFO - Filling up the DagBag from /home/airflow/.local/lib/python3.7/site-packages/airflow/example_dags/example_skip_dag.py
[2022-10-01T00:26:12.766+0000] {processor.py:650} INFO - DAG(s) dict_keys(['example_skip_dag']) retrieved from /home/airflow/.local/lib/python3.7/site-packages/airflow/example_dags/example_skip_dag.py
[2022-10-01T00:26:12.787+0000] {logging_mixin.py:115} INFO - [2022-10-01T00:26:12.787+0000] {dag.py:2429} INFO - Sync 1 DAGs
[2022-10-01T00:26:12.802+0000] {logging_mixin.py:115} INFO - [2022-10-01T00:26:12.801+0000] {dag.py:2981} INFO - Setting next_dagrun for example_skip_dag to 2022-09-30T00:26:12.801734+00:00, run_after=2022-10-01T00:26:12.801734+00:00
[2022-10-01T00:26:12.810+0000] {processor.py:161} INFO - Processing /home/airflow/.local/lib/python3.7/site-packages/airflow/example_dags/example_skip_dag.py took 0.058 seconds
[2022-10-01T00:26:43.007+0000] {processor.py:153} INFO - Started process (PID=36663) to work on /home/airflow/.local/lib/python3.7/site-packages/airflow/example_dags/example_skip_dag.py
[2022-10-01T00:26:43.010+0000] {processor.py:640} INFO - Processing file /home/airflow/.local/lib/python3.7/site-packages/airflow/example_dags/example_skip_dag.py for tasks to queue
[2022-10-01T00:26:43.011+0000] {logging_mixin.py:115} INFO - [2022-10-01T00:26:43.011+0000] {dagbag.py:508} INFO - Filling up the DagBag from /home/airflow/.local/lib/python3.7/site-packages/airflow/example_dags/example_skip_dag.py
[2022-10-01T00:26:43.015+0000] {processor.py:650} INFO - DAG(s) dict_keys(['example_skip_dag']) retrieved from /home/airflow/.local/lib/python3.7/site-packages/airflow/example_dags/example_skip_dag.py
[2022-10-01T00:26:43.036+0000] {logging_mixin.py:115} INFO - [2022-10-01T00:26:43.036+0000] {dag.py:2429} INFO - Sync 1 DAGs
[2022-10-01T00:26:43.051+0000] {logging_mixin.py:115} INFO - [2022-10-01T00:26:43.051+0000] {dag.py:2981} INFO - Setting next_dagrun for example_skip_dag to 2022-09-30T00:26:43.051012+00:00, run_after=2022-10-01T00:26:43.051012+00:00
[2022-10-01T00:26:43.063+0000] {processor.py:161} INFO - Processing /home/airflow/.local/lib/python3.7/site-packages/airflow/example_dags/example_skip_dag.py took 0.058 seconds
[2022-10-01T00:27:13.348+0000] {processor.py:153} INFO - Started process (PID=36728) to work on /home/airflow/.local/lib/python3.7/site-packages/airflow/example_dags/example_skip_dag.py
[2022-10-01T00:27:13.350+0000] {processor.py:640} INFO - Processing file /home/airflow/.local/lib/python3.7/site-packages/airflow/example_dags/example_skip_dag.py for tasks to queue
[2022-10-01T00:27:13.351+0000] {logging_mixin.py:115} INFO - [2022-10-01T00:27:13.351+0000] {dagbag.py:508} INFO - Filling up the DagBag from /home/airflow/.local/lib/python3.7/site-packages/airflow/example_dags/example_skip_dag.py
[2022-10-01T00:27:13.356+0000] {processor.py:650} INFO - DAG(s) dict_keys(['example_skip_dag']) retrieved from /home/airflow/.local/lib/python3.7/site-packages/airflow/example_dags/example_skip_dag.py
[2022-10-01T00:27:13.379+0000] {logging_mixin.py:115} INFO - [2022-10-01T00:27:13.379+0000] {dag.py:2429} INFO - Sync 1 DAGs
[2022-10-01T00:27:13.397+0000] {logging_mixin.py:115} INFO - [2022-10-01T00:27:13.397+0000] {dag.py:2981} INFO - Setting next_dagrun for example_skip_dag to 2022-09-30T00:27:13.397218+00:00, run_after=2022-10-01T00:27:13.397218+00:00
[2022-10-01T00:27:13.405+0000] {processor.py:161} INFO - Processing /home/airflow/.local/lib/python3.7/site-packages/airflow/example_dags/example_skip_dag.py took 0.059 seconds
[2022-10-01T00:27:44.278+0000] {processor.py:153} INFO - Started process (PID=36794) to work on /home/airflow/.local/lib/python3.7/site-packages/airflow/example_dags/example_skip_dag.py
[2022-10-01T00:27:44.284+0000] {processor.py:640} INFO - Processing file /home/airflow/.local/lib/python3.7/site-packages/airflow/example_dags/example_skip_dag.py for tasks to queue
[2022-10-01T00:27:44.288+0000] {logging_mixin.py:115} INFO - [2022-10-01T00:27:44.288+0000] {dagbag.py:508} INFO - Filling up the DagBag from /home/airflow/.local/lib/python3.7/site-packages/airflow/example_dags/example_skip_dag.py
[2022-10-01T00:27:44.294+0000] {processor.py:650} INFO - DAG(s) dict_keys(['example_skip_dag']) retrieved from /home/airflow/.local/lib/python3.7/site-packages/airflow/example_dags/example_skip_dag.py
[2022-10-01T00:27:44.321+0000] {logging_mixin.py:115} INFO - [2022-10-01T00:27:44.321+0000] {dag.py:2429} INFO - Sync 1 DAGs
[2022-10-01T00:27:44.352+0000] {logging_mixin.py:115} INFO - [2022-10-01T00:27:44.351+0000] {dag.py:2981} INFO - Setting next_dagrun for example_skip_dag to 2022-09-30T00:27:44.351702+00:00, run_after=2022-10-01T00:27:44.351702+00:00
[2022-10-01T00:27:44.367+0000] {processor.py:161} INFO - Processing /home/airflow/.local/lib/python3.7/site-packages/airflow/example_dags/example_skip_dag.py took 0.092 seconds
[2022-10-01T00:28:14.728+0000] {processor.py:153} INFO - Started process (PID=36851) to work on /home/airflow/.local/lib/python3.7/site-packages/airflow/example_dags/example_skip_dag.py
[2022-10-01T00:28:14.729+0000] {processor.py:640} INFO - Processing file /home/airflow/.local/lib/python3.7/site-packages/airflow/example_dags/example_skip_dag.py for tasks to queue
[2022-10-01T00:28:14.730+0000] {logging_mixin.py:115} INFO - [2022-10-01T00:28:14.730+0000] {dagbag.py:508} INFO - Filling up the DagBag from /home/airflow/.local/lib/python3.7/site-packages/airflow/example_dags/example_skip_dag.py
[2022-10-01T00:28:14.735+0000] {processor.py:650} INFO - DAG(s) dict_keys(['example_skip_dag']) retrieved from /home/airflow/.local/lib/python3.7/site-packages/airflow/example_dags/example_skip_dag.py
[2022-10-01T00:28:14.754+0000] {logging_mixin.py:115} INFO - [2022-10-01T00:28:14.754+0000] {dag.py:2429} INFO - Sync 1 DAGs
[2022-10-01T00:28:14.776+0000] {logging_mixin.py:115} INFO - [2022-10-01T00:28:14.776+0000] {dag.py:2981} INFO - Setting next_dagrun for example_skip_dag to 2022-09-30T00:28:14.775721+00:00, run_after=2022-10-01T00:28:14.775721+00:00
[2022-10-01T00:28:14.790+0000] {processor.py:161} INFO - Processing /home/airflow/.local/lib/python3.7/site-packages/airflow/example_dags/example_skip_dag.py took 0.064 seconds
[2022-10-01T00:28:45.385+0000] {processor.py:153} INFO - Started process (PID=36917) to work on /home/airflow/.local/lib/python3.7/site-packages/airflow/example_dags/example_skip_dag.py
[2022-10-01T00:28:45.390+0000] {processor.py:640} INFO - Processing file /home/airflow/.local/lib/python3.7/site-packages/airflow/example_dags/example_skip_dag.py for tasks to queue
[2022-10-01T00:28:45.391+0000] {logging_mixin.py:115} INFO - [2022-10-01T00:28:45.391+0000] {dagbag.py:508} INFO - Filling up the DagBag from /home/airflow/.local/lib/python3.7/site-packages/airflow/example_dags/example_skip_dag.py
[2022-10-01T00:28:45.395+0000] {processor.py:650} INFO - DAG(s) dict_keys(['example_skip_dag']) retrieved from /home/airflow/.local/lib/python3.7/site-packages/airflow/example_dags/example_skip_dag.py
[2022-10-01T00:28:45.413+0000] {logging_mixin.py:115} INFO - [2022-10-01T00:28:45.413+0000] {dag.py:2429} INFO - Sync 1 DAGs
[2022-10-01T00:28:45.426+0000] {logging_mixin.py:115} INFO - [2022-10-01T00:28:45.426+0000] {dag.py:2981} INFO - Setting next_dagrun for example_skip_dag to 2022-09-30T00:28:45.426678+00:00, run_after=2022-10-01T00:28:45.426678+00:00
[2022-10-01T00:28:45.435+0000] {processor.py:161} INFO - Processing /home/airflow/.local/lib/python3.7/site-packages/airflow/example_dags/example_skip_dag.py took 0.052 seconds
[2022-10-01T00:29:15.953+0000] {processor.py:153} INFO - Started process (PID=36983) to work on /home/airflow/.local/lib/python3.7/site-packages/airflow/example_dags/example_skip_dag.py
[2022-10-01T00:29:15.955+0000] {processor.py:640} INFO - Processing file /home/airflow/.local/lib/python3.7/site-packages/airflow/example_dags/example_skip_dag.py for tasks to queue
[2022-10-01T00:29:15.956+0000] {logging_mixin.py:115} INFO - [2022-10-01T00:29:15.956+0000] {dagbag.py:508} INFO - Filling up the DagBag from /home/airflow/.local/lib/python3.7/site-packages/airflow/example_dags/example_skip_dag.py
[2022-10-01T00:29:15.961+0000] {processor.py:650} INFO - DAG(s) dict_keys(['example_skip_dag']) retrieved from /home/airflow/.local/lib/python3.7/site-packages/airflow/example_dags/example_skip_dag.py
[2022-10-01T00:29:15.978+0000] {logging_mixin.py:115} INFO - [2022-10-01T00:29:15.978+0000] {dag.py:2429} INFO - Sync 1 DAGs
[2022-10-01T00:29:15.992+0000] {logging_mixin.py:115} INFO - [2022-10-01T00:29:15.992+0000] {dag.py:2981} INFO - Setting next_dagrun for example_skip_dag to 2022-09-30T00:29:15.992234+00:00, run_after=2022-10-01T00:29:15.992234+00:00
[2022-10-01T00:29:16.001+0000] {processor.py:161} INFO - Processing /home/airflow/.local/lib/python3.7/site-packages/airflow/example_dags/example_skip_dag.py took 0.050 seconds
[2022-10-01T00:29:46.748+0000] {processor.py:153} INFO - Started process (PID=37048) to work on /home/airflow/.local/lib/python3.7/site-packages/airflow/example_dags/example_skip_dag.py
[2022-10-01T00:29:46.752+0000] {processor.py:640} INFO - Processing file /home/airflow/.local/lib/python3.7/site-packages/airflow/example_dags/example_skip_dag.py for tasks to queue
[2022-10-01T00:29:46.754+0000] {logging_mixin.py:115} INFO - [2022-10-01T00:29:46.754+0000] {dagbag.py:508} INFO - Filling up the DagBag from /home/airflow/.local/lib/python3.7/site-packages/airflow/example_dags/example_skip_dag.py
[2022-10-01T00:29:46.760+0000] {processor.py:650} INFO - DAG(s) dict_keys(['example_skip_dag']) retrieved from /home/airflow/.local/lib/python3.7/site-packages/airflow/example_dags/example_skip_dag.py
[2022-10-01T00:29:46.783+0000] {logging_mixin.py:115} INFO - [2022-10-01T00:29:46.782+0000] {dag.py:2429} INFO - Sync 1 DAGs
[2022-10-01T00:29:46.799+0000] {logging_mixin.py:115} INFO - [2022-10-01T00:29:46.799+0000] {dag.py:2981} INFO - Setting next_dagrun for example_skip_dag to 2022-09-30T00:29:46.798931+00:00, run_after=2022-10-01T00:29:46.798931+00:00
[2022-10-01T00:29:46.808+0000] {processor.py:161} INFO - Processing /home/airflow/.local/lib/python3.7/site-packages/airflow/example_dags/example_skip_dag.py took 0.063 seconds
[2022-10-01T00:30:17.232+0000] {processor.py:153} INFO - Started process (PID=37105) to work on /home/airflow/.local/lib/python3.7/site-packages/airflow/example_dags/example_skip_dag.py
[2022-10-01T00:30:17.234+0000] {processor.py:640} INFO - Processing file /home/airflow/.local/lib/python3.7/site-packages/airflow/example_dags/example_skip_dag.py for tasks to queue
[2022-10-01T00:30:17.235+0000] {logging_mixin.py:115} INFO - [2022-10-01T00:30:17.235+0000] {dagbag.py:508} INFO - Filling up the DagBag from /home/airflow/.local/lib/python3.7/site-packages/airflow/example_dags/example_skip_dag.py
[2022-10-01T00:30:17.241+0000] {processor.py:650} INFO - DAG(s) dict_keys(['example_skip_dag']) retrieved from /home/airflow/.local/lib/python3.7/site-packages/airflow/example_dags/example_skip_dag.py
[2022-10-01T00:30:17.268+0000] {logging_mixin.py:115} INFO - [2022-10-01T00:30:17.268+0000] {dag.py:2429} INFO - Sync 1 DAGs
[2022-10-01T00:30:17.281+0000] {logging_mixin.py:115} INFO - [2022-10-01T00:30:17.281+0000] {dag.py:2981} INFO - Setting next_dagrun for example_skip_dag to 2022-09-30T00:30:17.281484+00:00, run_after=2022-10-01T00:30:17.281484+00:00
[2022-10-01T00:30:17.291+0000] {processor.py:161} INFO - Processing /home/airflow/.local/lib/python3.7/site-packages/airflow/example_dags/example_skip_dag.py took 0.062 seconds
[2022-10-01T00:30:47.503+0000] {processor.py:153} INFO - Started process (PID=37171) to work on /home/airflow/.local/lib/python3.7/site-packages/airflow/example_dags/example_skip_dag.py
[2022-10-01T00:30:47.504+0000] {processor.py:640} INFO - Processing file /home/airflow/.local/lib/python3.7/site-packages/airflow/example_dags/example_skip_dag.py for tasks to queue
[2022-10-01T00:30:47.505+0000] {logging_mixin.py:115} INFO - [2022-10-01T00:30:47.505+0000] {dagbag.py:508} INFO - Filling up the DagBag from /home/airflow/.local/lib/python3.7/site-packages/airflow/example_dags/example_skip_dag.py
[2022-10-01T00:30:47.509+0000] {processor.py:650} INFO - DAG(s) dict_keys(['example_skip_dag']) retrieved from /home/airflow/.local/lib/python3.7/site-packages/airflow/example_dags/example_skip_dag.py
[2022-10-01T00:30:47.528+0000] {logging_mixin.py:115} INFO - [2022-10-01T00:30:47.528+0000] {dag.py:2429} INFO - Sync 1 DAGs
[2022-10-01T00:30:47.542+0000] {logging_mixin.py:115} INFO - [2022-10-01T00:30:47.542+0000] {dag.py:2981} INFO - Setting next_dagrun for example_skip_dag to 2022-09-30T00:30:47.542318+00:00, run_after=2022-10-01T00:30:47.542318+00:00
[2022-10-01T00:30:47.549+0000] {processor.py:161} INFO - Processing /home/airflow/.local/lib/python3.7/site-packages/airflow/example_dags/example_skip_dag.py took 0.050 seconds
[2022-10-01T00:31:18.103+0000] {processor.py:153} INFO - Started process (PID=37237) to work on /home/airflow/.local/lib/python3.7/site-packages/airflow/example_dags/example_skip_dag.py
[2022-10-01T00:31:18.105+0000] {processor.py:640} INFO - Processing file /home/airflow/.local/lib/python3.7/site-packages/airflow/example_dags/example_skip_dag.py for tasks to queue
[2022-10-01T00:31:18.106+0000] {logging_mixin.py:115} INFO - [2022-10-01T00:31:18.106+0000] {dagbag.py:508} INFO - Filling up the DagBag from /home/airflow/.local/lib/python3.7/site-packages/airflow/example_dags/example_skip_dag.py
[2022-10-01T00:31:18.111+0000] {processor.py:650} INFO - DAG(s) dict_keys(['example_skip_dag']) retrieved from /home/airflow/.local/lib/python3.7/site-packages/airflow/example_dags/example_skip_dag.py
[2022-10-01T00:31:18.132+0000] {logging_mixin.py:115} INFO - [2022-10-01T00:31:18.132+0000] {dag.py:2429} INFO - Sync 1 DAGs
[2022-10-01T00:31:18.147+0000] {logging_mixin.py:115} INFO - [2022-10-01T00:31:18.147+0000] {dag.py:2981} INFO - Setting next_dagrun for example_skip_dag to 2022-09-30T00:31:18.147011+00:00, run_after=2022-10-01T00:31:18.147011+00:00
[2022-10-01T00:31:18.196+0000] {processor.py:161} INFO - Processing /home/airflow/.local/lib/python3.7/site-packages/airflow/example_dags/example_skip_dag.py took 0.095 seconds
[2022-10-01T00:31:48.714+0000] {processor.py:153} INFO - Started process (PID=37294) to work on /home/airflow/.local/lib/python3.7/site-packages/airflow/example_dags/example_skip_dag.py
[2022-10-01T00:31:48.718+0000] {processor.py:640} INFO - Processing file /home/airflow/.local/lib/python3.7/site-packages/airflow/example_dags/example_skip_dag.py for tasks to queue
[2022-10-01T00:31:48.719+0000] {logging_mixin.py:115} INFO - [2022-10-01T00:31:48.719+0000] {dagbag.py:508} INFO - Filling up the DagBag from /home/airflow/.local/lib/python3.7/site-packages/airflow/example_dags/example_skip_dag.py
[2022-10-01T00:31:48.725+0000] {processor.py:650} INFO - DAG(s) dict_keys(['example_skip_dag']) retrieved from /home/airflow/.local/lib/python3.7/site-packages/airflow/example_dags/example_skip_dag.py
[2022-10-01T00:31:48.747+0000] {logging_mixin.py:115} INFO - [2022-10-01T00:31:48.747+0000] {dag.py:2429} INFO - Sync 1 DAGs
[2022-10-01T00:31:48.762+0000] {logging_mixin.py:115} INFO - [2022-10-01T00:31:48.762+0000] {dag.py:2981} INFO - Setting next_dagrun for example_skip_dag to 2022-09-30T00:31:48.762677+00:00, run_after=2022-10-01T00:31:48.762677+00:00
[2022-10-01T00:31:48.770+0000] {processor.py:161} INFO - Processing /home/airflow/.local/lib/python3.7/site-packages/airflow/example_dags/example_skip_dag.py took 0.058 seconds
[2022-10-01T00:32:19.030+0000] {processor.py:153} INFO - Started process (PID=37360) to work on /home/airflow/.local/lib/python3.7/site-packages/airflow/example_dags/example_skip_dag.py
[2022-10-01T00:32:19.031+0000] {processor.py:640} INFO - Processing file /home/airflow/.local/lib/python3.7/site-packages/airflow/example_dags/example_skip_dag.py for tasks to queue
[2022-10-01T00:32:19.033+0000] {logging_mixin.py:115} INFO - [2022-10-01T00:32:19.032+0000] {dagbag.py:508} INFO - Filling up the DagBag from /home/airflow/.local/lib/python3.7/site-packages/airflow/example_dags/example_skip_dag.py
[2022-10-01T00:32:19.037+0000] {processor.py:650} INFO - DAG(s) dict_keys(['example_skip_dag']) retrieved from /home/airflow/.local/lib/python3.7/site-packages/airflow/example_dags/example_skip_dag.py
[2022-10-01T00:32:19.056+0000] {logging_mixin.py:115} INFO - [2022-10-01T00:32:19.056+0000] {dag.py:2429} INFO - Sync 1 DAGs
[2022-10-01T00:32:19.069+0000] {logging_mixin.py:115} INFO - [2022-10-01T00:32:19.069+0000] {dag.py:2981} INFO - Setting next_dagrun for example_skip_dag to 2022-09-30T00:32:19.069434+00:00, run_after=2022-10-01T00:32:19.069434+00:00
[2022-10-01T00:32:19.078+0000] {processor.py:161} INFO - Processing /home/airflow/.local/lib/python3.7/site-packages/airflow/example_dags/example_skip_dag.py took 0.050 seconds
[2022-10-01T00:32:49.416+0000] {processor.py:153} INFO - Started process (PID=37424) to work on /home/airflow/.local/lib/python3.7/site-packages/airflow/example_dags/example_skip_dag.py
[2022-10-01T00:32:49.419+0000] {processor.py:640} INFO - Processing file /home/airflow/.local/lib/python3.7/site-packages/airflow/example_dags/example_skip_dag.py for tasks to queue
[2022-10-01T00:32:49.422+0000] {logging_mixin.py:115} INFO - [2022-10-01T00:32:49.422+0000] {dagbag.py:508} INFO - Filling up the DagBag from /home/airflow/.local/lib/python3.7/site-packages/airflow/example_dags/example_skip_dag.py
[2022-10-01T00:32:49.432+0000] {processor.py:650} INFO - DAG(s) dict_keys(['example_skip_dag']) retrieved from /home/airflow/.local/lib/python3.7/site-packages/airflow/example_dags/example_skip_dag.py
[2022-10-01T00:32:49.485+0000] {logging_mixin.py:115} INFO - [2022-10-01T00:32:49.485+0000] {dag.py:2429} INFO - Sync 1 DAGs
[2022-10-01T00:32:49.522+0000] {logging_mixin.py:115} INFO - [2022-10-01T00:32:49.522+0000] {dag.py:2981} INFO - Setting next_dagrun for example_skip_dag to 2022-09-30T00:32:49.521749+00:00, run_after=2022-10-01T00:32:49.521749+00:00
[2022-10-01T00:32:49.535+0000] {processor.py:161} INFO - Processing /home/airflow/.local/lib/python3.7/site-packages/airflow/example_dags/example_skip_dag.py took 0.124 seconds
[2022-10-01T00:33:20.014+0000] {processor.py:153} INFO - Started process (PID=37481) to work on /home/airflow/.local/lib/python3.7/site-packages/airflow/example_dags/example_skip_dag.py
[2022-10-01T00:33:20.019+0000] {processor.py:640} INFO - Processing file /home/airflow/.local/lib/python3.7/site-packages/airflow/example_dags/example_skip_dag.py for tasks to queue
[2022-10-01T00:33:20.021+0000] {logging_mixin.py:115} INFO - [2022-10-01T00:33:20.021+0000] {dagbag.py:508} INFO - Filling up the DagBag from /home/airflow/.local/lib/python3.7/site-packages/airflow/example_dags/example_skip_dag.py
[2022-10-01T00:33:20.032+0000] {processor.py:650} INFO - DAG(s) dict_keys(['example_skip_dag']) retrieved from /home/airflow/.local/lib/python3.7/site-packages/airflow/example_dags/example_skip_dag.py
[2022-10-01T00:33:20.063+0000] {logging_mixin.py:115} INFO - [2022-10-01T00:33:20.063+0000] {dag.py:2429} INFO - Sync 1 DAGs
[2022-10-01T00:33:20.088+0000] {logging_mixin.py:115} INFO - [2022-10-01T00:33:20.088+0000] {dag.py:2981} INFO - Setting next_dagrun for example_skip_dag to 2022-09-30T00:33:20.088372+00:00, run_after=2022-10-01T00:33:20.088372+00:00
[2022-10-01T00:33:20.101+0000] {processor.py:161} INFO - Processing /home/airflow/.local/lib/python3.7/site-packages/airflow/example_dags/example_skip_dag.py took 0.093 seconds
[2022-10-01T00:33:50.264+0000] {processor.py:153} INFO - Started process (PID=37545) to work on /home/airflow/.local/lib/python3.7/site-packages/airflow/example_dags/example_skip_dag.py
[2022-10-01T00:33:50.265+0000] {processor.py:640} INFO - Processing file /home/airflow/.local/lib/python3.7/site-packages/airflow/example_dags/example_skip_dag.py for tasks to queue
[2022-10-01T00:33:50.267+0000] {logging_mixin.py:115} INFO - [2022-10-01T00:33:50.267+0000] {dagbag.py:508} INFO - Filling up the DagBag from /home/airflow/.local/lib/python3.7/site-packages/airflow/example_dags/example_skip_dag.py
[2022-10-01T00:33:50.271+0000] {processor.py:650} INFO - DAG(s) dict_keys(['example_skip_dag']) retrieved from /home/airflow/.local/lib/python3.7/site-packages/airflow/example_dags/example_skip_dag.py
[2022-10-01T00:33:50.292+0000] {logging_mixin.py:115} INFO - [2022-10-01T00:33:50.292+0000] {dag.py:2429} INFO - Sync 1 DAGs
[2022-10-01T00:33:50.306+0000] {logging_mixin.py:115} INFO - [2022-10-01T00:33:50.306+0000] {dag.py:2981} INFO - Setting next_dagrun for example_skip_dag to 2022-09-30T00:33:50.306678+00:00, run_after=2022-10-01T00:33:50.306678+00:00
[2022-10-01T00:33:50.313+0000] {processor.py:161} INFO - Processing /home/airflow/.local/lib/python3.7/site-packages/airflow/example_dags/example_skip_dag.py took 0.052 seconds
[2022-10-01T00:34:20.856+0000] {processor.py:153} INFO - Started process (PID=37603) to work on /home/airflow/.local/lib/python3.7/site-packages/airflow/example_dags/example_skip_dag.py
[2022-10-01T00:34:20.859+0000] {processor.py:640} INFO - Processing file /home/airflow/.local/lib/python3.7/site-packages/airflow/example_dags/example_skip_dag.py for tasks to queue
[2022-10-01T00:34:20.866+0000] {logging_mixin.py:115} INFO - [2022-10-01T00:34:20.866+0000] {dagbag.py:508} INFO - Filling up the DagBag from /home/airflow/.local/lib/python3.7/site-packages/airflow/example_dags/example_skip_dag.py
[2022-10-01T00:34:20.871+0000] {processor.py:650} INFO - DAG(s) dict_keys(['example_skip_dag']) retrieved from /home/airflow/.local/lib/python3.7/site-packages/airflow/example_dags/example_skip_dag.py
[2022-10-01T00:34:20.900+0000] {logging_mixin.py:115} INFO - [2022-10-01T00:34:20.900+0000] {dag.py:2429} INFO - Sync 1 DAGs
[2022-10-01T00:34:20.920+0000] {logging_mixin.py:115} INFO - [2022-10-01T00:34:20.920+0000] {dag.py:2981} INFO - Setting next_dagrun for example_skip_dag to 2022-09-30T00:34:20.919896+00:00, run_after=2022-10-01T00:34:20.919896+00:00
[2022-10-01T00:34:20.931+0000] {processor.py:161} INFO - Processing /home/airflow/.local/lib/python3.7/site-packages/airflow/example_dags/example_skip_dag.py took 0.078 seconds
[2022-10-01T00:34:51.556+0000] {processor.py:153} INFO - Started process (PID=37669) to work on /home/airflow/.local/lib/python3.7/site-packages/airflow/example_dags/example_skip_dag.py
[2022-10-01T00:34:51.557+0000] {processor.py:640} INFO - Processing file /home/airflow/.local/lib/python3.7/site-packages/airflow/example_dags/example_skip_dag.py for tasks to queue
[2022-10-01T00:34:51.559+0000] {logging_mixin.py:115} INFO - [2022-10-01T00:34:51.558+0000] {dagbag.py:508} INFO - Filling up the DagBag from /home/airflow/.local/lib/python3.7/site-packages/airflow/example_dags/example_skip_dag.py
[2022-10-01T00:34:51.563+0000] {processor.py:650} INFO - DAG(s) dict_keys(['example_skip_dag']) retrieved from /home/airflow/.local/lib/python3.7/site-packages/airflow/example_dags/example_skip_dag.py
[2022-10-01T00:34:51.585+0000] {logging_mixin.py:115} INFO - [2022-10-01T00:34:51.585+0000] {dag.py:2429} INFO - Sync 1 DAGs
[2022-10-01T00:34:51.600+0000] {logging_mixin.py:115} INFO - [2022-10-01T00:34:51.600+0000] {dag.py:2981} INFO - Setting next_dagrun for example_skip_dag to 2022-09-30T00:34:51.600659+00:00, run_after=2022-10-01T00:34:51.600659+00:00
[2022-10-01T00:34:51.612+0000] {processor.py:161} INFO - Processing /home/airflow/.local/lib/python3.7/site-packages/airflow/example_dags/example_skip_dag.py took 0.059 seconds
[2022-10-01T00:35:22.586+0000] {processor.py:153} INFO - Started process (PID=37736) to work on /home/airflow/.local/lib/python3.7/site-packages/airflow/example_dags/example_skip_dag.py
[2022-10-01T00:35:22.588+0000] {processor.py:640} INFO - Processing file /home/airflow/.local/lib/python3.7/site-packages/airflow/example_dags/example_skip_dag.py for tasks to queue
[2022-10-01T00:35:22.590+0000] {logging_mixin.py:115} INFO - [2022-10-01T00:35:22.590+0000] {dagbag.py:508} INFO - Filling up the DagBag from /home/airflow/.local/lib/python3.7/site-packages/airflow/example_dags/example_skip_dag.py
[2022-10-01T00:35:22.595+0000] {processor.py:650} INFO - DAG(s) dict_keys(['example_skip_dag']) retrieved from /home/airflow/.local/lib/python3.7/site-packages/airflow/example_dags/example_skip_dag.py
[2022-10-01T00:35:22.621+0000] {logging_mixin.py:115} INFO - [2022-10-01T00:35:22.621+0000] {dag.py:2429} INFO - Sync 1 DAGs
[2022-10-01T00:35:22.645+0000] {logging_mixin.py:115} INFO - [2022-10-01T00:35:22.645+0000] {dag.py:2981} INFO - Setting next_dagrun for example_skip_dag to 2022-09-30T00:35:22.644960+00:00, run_after=2022-10-01T00:35:22.644960+00:00
[2022-10-01T00:35:22.661+0000] {processor.py:161} INFO - Processing /home/airflow/.local/lib/python3.7/site-packages/airflow/example_dags/example_skip_dag.py took 0.079 seconds
[2022-10-01T00:35:53.529+0000] {processor.py:153} INFO - Started process (PID=37793) to work on /home/airflow/.local/lib/python3.7/site-packages/airflow/example_dags/example_skip_dag.py
[2022-10-01T00:35:53.532+0000] {processor.py:640} INFO - Processing file /home/airflow/.local/lib/python3.7/site-packages/airflow/example_dags/example_skip_dag.py for tasks to queue
[2022-10-01T00:35:53.535+0000] {logging_mixin.py:115} INFO - [2022-10-01T00:35:53.535+0000] {dagbag.py:508} INFO - Filling up the DagBag from /home/airflow/.local/lib/python3.7/site-packages/airflow/example_dags/example_skip_dag.py
[2022-10-01T00:35:53.550+0000] {processor.py:650} INFO - DAG(s) dict_keys(['example_skip_dag']) retrieved from /home/airflow/.local/lib/python3.7/site-packages/airflow/example_dags/example_skip_dag.py
[2022-10-01T00:35:53.572+0000] {logging_mixin.py:115} INFO - [2022-10-01T00:35:53.572+0000] {dag.py:2429} INFO - Sync 1 DAGs
[2022-10-01T00:35:53.589+0000] {logging_mixin.py:115} INFO - [2022-10-01T00:35:53.589+0000] {dag.py:2981} INFO - Setting next_dagrun for example_skip_dag to 2022-09-30T00:35:53.589430+00:00, run_after=2022-10-01T00:35:53.589430+00:00
[2022-10-01T00:35:53.597+0000] {processor.py:161} INFO - Processing /home/airflow/.local/lib/python3.7/site-packages/airflow/example_dags/example_skip_dag.py took 0.072 seconds
