[2022-10-01T00:00:21.306+0000] {processor.py:153} INFO - Started process (PID=33909) to work on /home/airflow/.local/lib/python3.7/site-packages/airflow/example_dags/example_trigger_controller_dag.py
[2022-10-01T00:00:21.308+0000] {processor.py:640} INFO - Processing file /home/airflow/.local/lib/python3.7/site-packages/airflow/example_dags/example_trigger_controller_dag.py for tasks to queue
[2022-10-01T00:00:21.309+0000] {logging_mixin.py:115} INFO - [2022-10-01T00:00:21.309+0000] {dagbag.py:508} INFO - Filling up the DagBag from /home/airflow/.local/lib/python3.7/site-packages/airflow/example_dags/example_trigger_controller_dag.py
[2022-10-01T00:00:21.312+0000] {processor.py:650} INFO - DAG(s) dict_keys(['example_trigger_controller_dag']) retrieved from /home/airflow/.local/lib/python3.7/site-packages/airflow/example_dags/example_trigger_controller_dag.py
[2022-10-01T00:00:21.342+0000] {logging_mixin.py:115} INFO - [2022-10-01T00:00:21.342+0000] {dag.py:2429} INFO - Sync 1 DAGs
[2022-10-01T00:00:21.363+0000] {logging_mixin.py:115} INFO - [2022-10-01T00:00:21.363+0000] {dag.py:2981} INFO - Setting next_dagrun for example_trigger_controller_dag to 2021-01-01T00:00:00+00:00, run_after=2021-01-01T00:00:00+00:00
[2022-10-01T00:00:21.372+0000] {processor.py:161} INFO - Processing /home/airflow/.local/lib/python3.7/site-packages/airflow/example_dags/example_trigger_controller_dag.py took 0.069 seconds
[2022-10-01T00:00:51.885+0000] {processor.py:153} INFO - Started process (PID=33976) to work on /home/airflow/.local/lib/python3.7/site-packages/airflow/example_dags/example_trigger_controller_dag.py
[2022-10-01T00:00:51.887+0000] {processor.py:640} INFO - Processing file /home/airflow/.local/lib/python3.7/site-packages/airflow/example_dags/example_trigger_controller_dag.py for tasks to queue
[2022-10-01T00:00:51.888+0000] {logging_mixin.py:115} INFO - [2022-10-01T00:00:51.888+0000] {dagbag.py:508} INFO - Filling up the DagBag from /home/airflow/.local/lib/python3.7/site-packages/airflow/example_dags/example_trigger_controller_dag.py
[2022-10-01T00:00:51.891+0000] {processor.py:650} INFO - DAG(s) dict_keys(['example_trigger_controller_dag']) retrieved from /home/airflow/.local/lib/python3.7/site-packages/airflow/example_dags/example_trigger_controller_dag.py
[2022-10-01T00:00:51.912+0000] {logging_mixin.py:115} INFO - [2022-10-01T00:00:51.912+0000] {dag.py:2429} INFO - Sync 1 DAGs
[2022-10-01T00:00:51.926+0000] {logging_mixin.py:115} INFO - [2022-10-01T00:00:51.926+0000] {dag.py:2981} INFO - Setting next_dagrun for example_trigger_controller_dag to 2021-01-01T00:00:00+00:00, run_after=2021-01-01T00:00:00+00:00
[2022-10-01T00:00:51.933+0000] {processor.py:161} INFO - Processing /home/airflow/.local/lib/python3.7/site-packages/airflow/example_dags/example_trigger_controller_dag.py took 0.053 seconds
[2022-10-01T00:01:22.417+0000] {processor.py:153} INFO - Started process (PID=34042) to work on /home/airflow/.local/lib/python3.7/site-packages/airflow/example_dags/example_trigger_controller_dag.py
[2022-10-01T00:01:22.428+0000] {processor.py:640} INFO - Processing file /home/airflow/.local/lib/python3.7/site-packages/airflow/example_dags/example_trigger_controller_dag.py for tasks to queue
[2022-10-01T00:01:22.430+0000] {logging_mixin.py:115} INFO - [2022-10-01T00:01:22.429+0000] {dagbag.py:508} INFO - Filling up the DagBag from /home/airflow/.local/lib/python3.7/site-packages/airflow/example_dags/example_trigger_controller_dag.py
[2022-10-01T00:01:22.434+0000] {processor.py:650} INFO - DAG(s) dict_keys(['example_trigger_controller_dag']) retrieved from /home/airflow/.local/lib/python3.7/site-packages/airflow/example_dags/example_trigger_controller_dag.py
[2022-10-01T00:01:22.460+0000] {logging_mixin.py:115} INFO - [2022-10-01T00:01:22.460+0000] {dag.py:2429} INFO - Sync 1 DAGs
[2022-10-01T00:01:22.483+0000] {logging_mixin.py:115} INFO - [2022-10-01T00:01:22.483+0000] {dag.py:2981} INFO - Setting next_dagrun for example_trigger_controller_dag to 2021-01-01T00:00:00+00:00, run_after=2021-01-01T00:00:00+00:00
[2022-10-01T00:01:22.498+0000] {processor.py:161} INFO - Processing /home/airflow/.local/lib/python3.7/site-packages/airflow/example_dags/example_trigger_controller_dag.py took 0.083 seconds
[2022-10-01T00:01:52.876+0000] {processor.py:153} INFO - Started process (PID=34099) to work on /home/airflow/.local/lib/python3.7/site-packages/airflow/example_dags/example_trigger_controller_dag.py
[2022-10-01T00:01:52.877+0000] {processor.py:640} INFO - Processing file /home/airflow/.local/lib/python3.7/site-packages/airflow/example_dags/example_trigger_controller_dag.py for tasks to queue
[2022-10-01T00:01:52.878+0000] {logging_mixin.py:115} INFO - [2022-10-01T00:01:52.878+0000] {dagbag.py:508} INFO - Filling up the DagBag from /home/airflow/.local/lib/python3.7/site-packages/airflow/example_dags/example_trigger_controller_dag.py
[2022-10-01T00:01:52.882+0000] {processor.py:650} INFO - DAG(s) dict_keys(['example_trigger_controller_dag']) retrieved from /home/airflow/.local/lib/python3.7/site-packages/airflow/example_dags/example_trigger_controller_dag.py
[2022-10-01T00:01:52.901+0000] {logging_mixin.py:115} INFO - [2022-10-01T00:01:52.900+0000] {dag.py:2429} INFO - Sync 1 DAGs
[2022-10-01T00:01:52.915+0000] {logging_mixin.py:115} INFO - [2022-10-01T00:01:52.915+0000] {dag.py:2981} INFO - Setting next_dagrun for example_trigger_controller_dag to 2021-01-01T00:00:00+00:00, run_after=2021-01-01T00:00:00+00:00
[2022-10-01T00:01:52.924+0000] {processor.py:161} INFO - Processing /home/airflow/.local/lib/python3.7/site-packages/airflow/example_dags/example_trigger_controller_dag.py took 0.051 seconds
[2022-10-01T00:02:23.176+0000] {processor.py:153} INFO - Started process (PID=34165) to work on /home/airflow/.local/lib/python3.7/site-packages/airflow/example_dags/example_trigger_controller_dag.py
[2022-10-01T00:02:23.178+0000] {processor.py:640} INFO - Processing file /home/airflow/.local/lib/python3.7/site-packages/airflow/example_dags/example_trigger_controller_dag.py for tasks to queue
[2022-10-01T00:02:23.179+0000] {logging_mixin.py:115} INFO - [2022-10-01T00:02:23.179+0000] {dagbag.py:508} INFO - Filling up the DagBag from /home/airflow/.local/lib/python3.7/site-packages/airflow/example_dags/example_trigger_controller_dag.py
[2022-10-01T00:02:23.183+0000] {processor.py:650} INFO - DAG(s) dict_keys(['example_trigger_controller_dag']) retrieved from /home/airflow/.local/lib/python3.7/site-packages/airflow/example_dags/example_trigger_controller_dag.py
[2022-10-01T00:02:23.203+0000] {logging_mixin.py:115} INFO - [2022-10-01T00:02:23.203+0000] {dag.py:2429} INFO - Sync 1 DAGs
[2022-10-01T00:02:23.218+0000] {logging_mixin.py:115} INFO - [2022-10-01T00:02:23.218+0000] {dag.py:2981} INFO - Setting next_dagrun for example_trigger_controller_dag to 2021-01-01T00:00:00+00:00, run_after=2021-01-01T00:00:00+00:00
[2022-10-01T00:02:23.241+0000] {processor.py:161} INFO - Processing /home/airflow/.local/lib/python3.7/site-packages/airflow/example_dags/example_trigger_controller_dag.py took 0.067 seconds
[2022-10-01T00:02:53.684+0000] {processor.py:153} INFO - Started process (PID=34231) to work on /home/airflow/.local/lib/python3.7/site-packages/airflow/example_dags/example_trigger_controller_dag.py
[2022-10-01T00:02:53.686+0000] {processor.py:640} INFO - Processing file /home/airflow/.local/lib/python3.7/site-packages/airflow/example_dags/example_trigger_controller_dag.py for tasks to queue
[2022-10-01T00:02:53.687+0000] {logging_mixin.py:115} INFO - [2022-10-01T00:02:53.686+0000] {dagbag.py:508} INFO - Filling up the DagBag from /home/airflow/.local/lib/python3.7/site-packages/airflow/example_dags/example_trigger_controller_dag.py
[2022-10-01T00:02:53.689+0000] {processor.py:650} INFO - DAG(s) dict_keys(['example_trigger_controller_dag']) retrieved from /home/airflow/.local/lib/python3.7/site-packages/airflow/example_dags/example_trigger_controller_dag.py
[2022-10-01T00:02:53.711+0000] {logging_mixin.py:115} INFO - [2022-10-01T00:02:53.711+0000] {dag.py:2429} INFO - Sync 1 DAGs
[2022-10-01T00:02:53.726+0000] {logging_mixin.py:115} INFO - [2022-10-01T00:02:53.726+0000] {dag.py:2981} INFO - Setting next_dagrun for example_trigger_controller_dag to 2021-01-01T00:00:00+00:00, run_after=2021-01-01T00:00:00+00:00
[2022-10-01T00:02:53.737+0000] {processor.py:161} INFO - Processing /home/airflow/.local/lib/python3.7/site-packages/airflow/example_dags/example_trigger_controller_dag.py took 0.055 seconds
[2022-10-01T00:03:23.990+0000] {processor.py:153} INFO - Started process (PID=34296) to work on /home/airflow/.local/lib/python3.7/site-packages/airflow/example_dags/example_trigger_controller_dag.py
[2022-10-01T00:03:23.991+0000] {processor.py:640} INFO - Processing file /home/airflow/.local/lib/python3.7/site-packages/airflow/example_dags/example_trigger_controller_dag.py for tasks to queue
[2022-10-01T00:03:23.992+0000] {logging_mixin.py:115} INFO - [2022-10-01T00:03:23.992+0000] {dagbag.py:508} INFO - Filling up the DagBag from /home/airflow/.local/lib/python3.7/site-packages/airflow/example_dags/example_trigger_controller_dag.py
[2022-10-01T00:03:23.995+0000] {processor.py:650} INFO - DAG(s) dict_keys(['example_trigger_controller_dag']) retrieved from /home/airflow/.local/lib/python3.7/site-packages/airflow/example_dags/example_trigger_controller_dag.py
[2022-10-01T00:03:24.018+0000] {logging_mixin.py:115} INFO - [2022-10-01T00:03:24.018+0000] {dag.py:2429} INFO - Sync 1 DAGs
[2022-10-01T00:03:24.035+0000] {logging_mixin.py:115} INFO - [2022-10-01T00:03:24.035+0000] {dag.py:2981} INFO - Setting next_dagrun for example_trigger_controller_dag to 2021-01-01T00:00:00+00:00, run_after=2021-01-01T00:00:00+00:00
[2022-10-01T00:03:24.047+0000] {processor.py:161} INFO - Processing /home/airflow/.local/lib/python3.7/site-packages/airflow/example_dags/example_trigger_controller_dag.py took 0.059 seconds
[2022-10-01T00:03:54.329+0000] {processor.py:153} INFO - Started process (PID=34354) to work on /home/airflow/.local/lib/python3.7/site-packages/airflow/example_dags/example_trigger_controller_dag.py
[2022-10-01T00:03:54.331+0000] {processor.py:640} INFO - Processing file /home/airflow/.local/lib/python3.7/site-packages/airflow/example_dags/example_trigger_controller_dag.py for tasks to queue
[2022-10-01T00:03:54.332+0000] {logging_mixin.py:115} INFO - [2022-10-01T00:03:54.332+0000] {dagbag.py:508} INFO - Filling up the DagBag from /home/airflow/.local/lib/python3.7/site-packages/airflow/example_dags/example_trigger_controller_dag.py
[2022-10-01T00:03:54.335+0000] {processor.py:650} INFO - DAG(s) dict_keys(['example_trigger_controller_dag']) retrieved from /home/airflow/.local/lib/python3.7/site-packages/airflow/example_dags/example_trigger_controller_dag.py
[2022-10-01T00:03:54.353+0000] {logging_mixin.py:115} INFO - [2022-10-01T00:03:54.352+0000] {dag.py:2429} INFO - Sync 1 DAGs
[2022-10-01T00:03:54.369+0000] {logging_mixin.py:115} INFO - [2022-10-01T00:03:54.369+0000] {dag.py:2981} INFO - Setting next_dagrun for example_trigger_controller_dag to 2021-01-01T00:00:00+00:00, run_after=2021-01-01T00:00:00+00:00
[2022-10-01T00:03:54.376+0000] {processor.py:161} INFO - Processing /home/airflow/.local/lib/python3.7/site-packages/airflow/example_dags/example_trigger_controller_dag.py took 0.049 seconds
[2022-10-01T00:04:24.755+0000] {processor.py:153} INFO - Started process (PID=34421) to work on /home/airflow/.local/lib/python3.7/site-packages/airflow/example_dags/example_trigger_controller_dag.py
[2022-10-01T00:04:24.756+0000] {processor.py:640} INFO - Processing file /home/airflow/.local/lib/python3.7/site-packages/airflow/example_dags/example_trigger_controller_dag.py for tasks to queue
[2022-10-01T00:04:24.758+0000] {logging_mixin.py:115} INFO - [2022-10-01T00:04:24.758+0000] {dagbag.py:508} INFO - Filling up the DagBag from /home/airflow/.local/lib/python3.7/site-packages/airflow/example_dags/example_trigger_controller_dag.py
[2022-10-01T00:04:24.761+0000] {processor.py:650} INFO - DAG(s) dict_keys(['example_trigger_controller_dag']) retrieved from /home/airflow/.local/lib/python3.7/site-packages/airflow/example_dags/example_trigger_controller_dag.py
[2022-10-01T00:04:24.782+0000] {logging_mixin.py:115} INFO - [2022-10-01T00:04:24.782+0000] {dag.py:2429} INFO - Sync 1 DAGs
[2022-10-01T00:04:24.796+0000] {logging_mixin.py:115} INFO - [2022-10-01T00:04:24.796+0000] {dag.py:2981} INFO - Setting next_dagrun for example_trigger_controller_dag to 2021-01-01T00:00:00+00:00, run_after=2021-01-01T00:00:00+00:00
[2022-10-01T00:04:24.803+0000] {processor.py:161} INFO - Processing /home/airflow/.local/lib/python3.7/site-packages/airflow/example_dags/example_trigger_controller_dag.py took 0.051 seconds
[2022-10-01T00:04:55.109+0000] {processor.py:153} INFO - Started process (PID=34487) to work on /home/airflow/.local/lib/python3.7/site-packages/airflow/example_dags/example_trigger_controller_dag.py
[2022-10-01T00:04:55.111+0000] {processor.py:640} INFO - Processing file /home/airflow/.local/lib/python3.7/site-packages/airflow/example_dags/example_trigger_controller_dag.py for tasks to queue
[2022-10-01T00:04:55.113+0000] {logging_mixin.py:115} INFO - [2022-10-01T00:04:55.113+0000] {dagbag.py:508} INFO - Filling up the DagBag from /home/airflow/.local/lib/python3.7/site-packages/airflow/example_dags/example_trigger_controller_dag.py
[2022-10-01T00:04:55.116+0000] {processor.py:650} INFO - DAG(s) dict_keys(['example_trigger_controller_dag']) retrieved from /home/airflow/.local/lib/python3.7/site-packages/airflow/example_dags/example_trigger_controller_dag.py
[2022-10-01T00:04:55.140+0000] {logging_mixin.py:115} INFO - [2022-10-01T00:04:55.140+0000] {dag.py:2429} INFO - Sync 1 DAGs
[2022-10-01T00:04:55.154+0000] {logging_mixin.py:115} INFO - [2022-10-01T00:04:55.154+0000] {dag.py:2981} INFO - Setting next_dagrun for example_trigger_controller_dag to 2021-01-01T00:00:00+00:00, run_after=2021-01-01T00:00:00+00:00
[2022-10-01T00:04:55.161+0000] {processor.py:161} INFO - Processing /home/airflow/.local/lib/python3.7/site-packages/airflow/example_dags/example_trigger_controller_dag.py took 0.054 seconds
[2022-10-01T00:05:25.647+0000] {processor.py:153} INFO - Started process (PID=34554) to work on /home/airflow/.local/lib/python3.7/site-packages/airflow/example_dags/example_trigger_controller_dag.py
[2022-10-01T00:05:25.648+0000] {processor.py:640} INFO - Processing file /home/airflow/.local/lib/python3.7/site-packages/airflow/example_dags/example_trigger_controller_dag.py for tasks to queue
[2022-10-01T00:05:25.649+0000] {logging_mixin.py:115} INFO - [2022-10-01T00:05:25.649+0000] {dagbag.py:508} INFO - Filling up the DagBag from /home/airflow/.local/lib/python3.7/site-packages/airflow/example_dags/example_trigger_controller_dag.py
[2022-10-01T00:05:25.653+0000] {processor.py:650} INFO - DAG(s) dict_keys(['example_trigger_controller_dag']) retrieved from /home/airflow/.local/lib/python3.7/site-packages/airflow/example_dags/example_trigger_controller_dag.py
[2022-10-01T00:05:25.676+0000] {logging_mixin.py:115} INFO - [2022-10-01T00:05:25.676+0000] {dag.py:2429} INFO - Sync 1 DAGs
[2022-10-01T00:05:25.691+0000] {logging_mixin.py:115} INFO - [2022-10-01T00:05:25.691+0000] {dag.py:2981} INFO - Setting next_dagrun for example_trigger_controller_dag to 2021-01-01T00:00:00+00:00, run_after=2021-01-01T00:00:00+00:00
[2022-10-01T00:05:25.698+0000] {processor.py:161} INFO - Processing /home/airflow/.local/lib/python3.7/site-packages/airflow/example_dags/example_trigger_controller_dag.py took 0.054 seconds
[2022-10-01T00:05:55.882+0000] {processor.py:153} INFO - Started process (PID=34611) to work on /home/airflow/.local/lib/python3.7/site-packages/airflow/example_dags/example_trigger_controller_dag.py
[2022-10-01T00:05:55.884+0000] {processor.py:640} INFO - Processing file /home/airflow/.local/lib/python3.7/site-packages/airflow/example_dags/example_trigger_controller_dag.py for tasks to queue
[2022-10-01T00:05:55.885+0000] {logging_mixin.py:115} INFO - [2022-10-01T00:05:55.885+0000] {dagbag.py:508} INFO - Filling up the DagBag from /home/airflow/.local/lib/python3.7/site-packages/airflow/example_dags/example_trigger_controller_dag.py
[2022-10-01T00:05:55.887+0000] {processor.py:650} INFO - DAG(s) dict_keys(['example_trigger_controller_dag']) retrieved from /home/airflow/.local/lib/python3.7/site-packages/airflow/example_dags/example_trigger_controller_dag.py
[2022-10-01T00:05:55.908+0000] {logging_mixin.py:115} INFO - [2022-10-01T00:05:55.908+0000] {dag.py:2429} INFO - Sync 1 DAGs
[2022-10-01T00:05:55.925+0000] {logging_mixin.py:115} INFO - [2022-10-01T00:05:55.925+0000] {dag.py:2981} INFO - Setting next_dagrun for example_trigger_controller_dag to 2021-01-01T00:00:00+00:00, run_after=2021-01-01T00:00:00+00:00
[2022-10-01T00:05:55.933+0000] {processor.py:161} INFO - Processing /home/airflow/.local/lib/python3.7/site-packages/airflow/example_dags/example_trigger_controller_dag.py took 0.053 seconds
[2022-10-01T00:06:26.341+0000] {processor.py:153} INFO - Started process (PID=34678) to work on /home/airflow/.local/lib/python3.7/site-packages/airflow/example_dags/example_trigger_controller_dag.py
[2022-10-01T00:06:26.343+0000] {processor.py:640} INFO - Processing file /home/airflow/.local/lib/python3.7/site-packages/airflow/example_dags/example_trigger_controller_dag.py for tasks to queue
[2022-10-01T00:06:26.345+0000] {logging_mixin.py:115} INFO - [2022-10-01T00:06:26.344+0000] {dagbag.py:508} INFO - Filling up the DagBag from /home/airflow/.local/lib/python3.7/site-packages/airflow/example_dags/example_trigger_controller_dag.py
[2022-10-01T00:06:26.348+0000] {processor.py:650} INFO - DAG(s) dict_keys(['example_trigger_controller_dag']) retrieved from /home/airflow/.local/lib/python3.7/site-packages/airflow/example_dags/example_trigger_controller_dag.py
[2022-10-01T00:06:26.378+0000] {logging_mixin.py:115} INFO - [2022-10-01T00:06:26.378+0000] {dag.py:2429} INFO - Sync 1 DAGs
[2022-10-01T00:06:26.400+0000] {logging_mixin.py:115} INFO - [2022-10-01T00:06:26.400+0000] {dag.py:2981} INFO - Setting next_dagrun for example_trigger_controller_dag to 2021-01-01T00:00:00+00:00, run_after=2021-01-01T00:00:00+00:00
[2022-10-01T00:06:26.410+0000] {processor.py:161} INFO - Processing /home/airflow/.local/lib/python3.7/site-packages/airflow/example_dags/example_trigger_controller_dag.py took 0.072 seconds
[2022-10-01T00:06:56.759+0000] {processor.py:153} INFO - Started process (PID=34744) to work on /home/airflow/.local/lib/python3.7/site-packages/airflow/example_dags/example_trigger_controller_dag.py
[2022-10-01T00:06:56.761+0000] {processor.py:640} INFO - Processing file /home/airflow/.local/lib/python3.7/site-packages/airflow/example_dags/example_trigger_controller_dag.py for tasks to queue
[2022-10-01T00:06:56.762+0000] {logging_mixin.py:115} INFO - [2022-10-01T00:06:56.762+0000] {dagbag.py:508} INFO - Filling up the DagBag from /home/airflow/.local/lib/python3.7/site-packages/airflow/example_dags/example_trigger_controller_dag.py
[2022-10-01T00:06:56.766+0000] {processor.py:650} INFO - DAG(s) dict_keys(['example_trigger_controller_dag']) retrieved from /home/airflow/.local/lib/python3.7/site-packages/airflow/example_dags/example_trigger_controller_dag.py
[2022-10-01T00:06:56.787+0000] {logging_mixin.py:115} INFO - [2022-10-01T00:06:56.787+0000] {dag.py:2429} INFO - Sync 1 DAGs
[2022-10-01T00:06:56.800+0000] {logging_mixin.py:115} INFO - [2022-10-01T00:06:56.800+0000] {dag.py:2981} INFO - Setting next_dagrun for example_trigger_controller_dag to 2021-01-01T00:00:00+00:00, run_after=2021-01-01T00:00:00+00:00
[2022-10-01T00:06:56.808+0000] {processor.py:161} INFO - Processing /home/airflow/.local/lib/python3.7/site-packages/airflow/example_dags/example_trigger_controller_dag.py took 0.052 seconds
[2022-10-01T00:07:27.056+0000] {processor.py:153} INFO - Started process (PID=34801) to work on /home/airflow/.local/lib/python3.7/site-packages/airflow/example_dags/example_trigger_controller_dag.py
[2022-10-01T00:07:27.057+0000] {processor.py:640} INFO - Processing file /home/airflow/.local/lib/python3.7/site-packages/airflow/example_dags/example_trigger_controller_dag.py for tasks to queue
[2022-10-01T00:07:27.058+0000] {logging_mixin.py:115} INFO - [2022-10-01T00:07:27.058+0000] {dagbag.py:508} INFO - Filling up the DagBag from /home/airflow/.local/lib/python3.7/site-packages/airflow/example_dags/example_trigger_controller_dag.py
[2022-10-01T00:07:27.062+0000] {processor.py:650} INFO - DAG(s) dict_keys(['example_trigger_controller_dag']) retrieved from /home/airflow/.local/lib/python3.7/site-packages/airflow/example_dags/example_trigger_controller_dag.py
[2022-10-01T00:07:27.083+0000] {logging_mixin.py:115} INFO - [2022-10-01T00:07:27.083+0000] {dag.py:2429} INFO - Sync 1 DAGs
[2022-10-01T00:07:27.097+0000] {logging_mixin.py:115} INFO - [2022-10-01T00:07:27.097+0000] {dag.py:2981} INFO - Setting next_dagrun for example_trigger_controller_dag to 2021-01-01T00:00:00+00:00, run_after=2021-01-01T00:00:00+00:00
[2022-10-01T00:07:27.105+0000] {processor.py:161} INFO - Processing /home/airflow/.local/lib/python3.7/site-packages/airflow/example_dags/example_trigger_controller_dag.py took 0.052 seconds
[2022-10-01T00:07:57.515+0000] {processor.py:153} INFO - Started process (PID=34867) to work on /home/airflow/.local/lib/python3.7/site-packages/airflow/example_dags/example_trigger_controller_dag.py
[2022-10-01T00:07:57.517+0000] {processor.py:640} INFO - Processing file /home/airflow/.local/lib/python3.7/site-packages/airflow/example_dags/example_trigger_controller_dag.py for tasks to queue
[2022-10-01T00:07:57.518+0000] {logging_mixin.py:115} INFO - [2022-10-01T00:07:57.518+0000] {dagbag.py:508} INFO - Filling up the DagBag from /home/airflow/.local/lib/python3.7/site-packages/airflow/example_dags/example_trigger_controller_dag.py
[2022-10-01T00:07:57.520+0000] {processor.py:650} INFO - DAG(s) dict_keys(['example_trigger_controller_dag']) retrieved from /home/airflow/.local/lib/python3.7/site-packages/airflow/example_dags/example_trigger_controller_dag.py
[2022-10-01T00:07:57.540+0000] {logging_mixin.py:115} INFO - [2022-10-01T00:07:57.540+0000] {dag.py:2429} INFO - Sync 1 DAGs
[2022-10-01T00:07:57.553+0000] {logging_mixin.py:115} INFO - [2022-10-01T00:07:57.553+0000] {dag.py:2981} INFO - Setting next_dagrun for example_trigger_controller_dag to 2021-01-01T00:00:00+00:00, run_after=2021-01-01T00:00:00+00:00
[2022-10-01T00:07:57.560+0000] {processor.py:161} INFO - Processing /home/airflow/.local/lib/python3.7/site-packages/airflow/example_dags/example_trigger_controller_dag.py took 0.047 seconds
[2022-10-01T00:08:27.978+0000] {processor.py:153} INFO - Started process (PID=34933) to work on /home/airflow/.local/lib/python3.7/site-packages/airflow/example_dags/example_trigger_controller_dag.py
[2022-10-01T00:08:27.980+0000] {processor.py:640} INFO - Processing file /home/airflow/.local/lib/python3.7/site-packages/airflow/example_dags/example_trigger_controller_dag.py for tasks to queue
[2022-10-01T00:08:27.981+0000] {logging_mixin.py:115} INFO - [2022-10-01T00:08:27.981+0000] {dagbag.py:508} INFO - Filling up the DagBag from /home/airflow/.local/lib/python3.7/site-packages/airflow/example_dags/example_trigger_controller_dag.py
[2022-10-01T00:08:27.985+0000] {processor.py:650} INFO - DAG(s) dict_keys(['example_trigger_controller_dag']) retrieved from /home/airflow/.local/lib/python3.7/site-packages/airflow/example_dags/example_trigger_controller_dag.py
[2022-10-01T00:08:28.013+0000] {logging_mixin.py:115} INFO - [2022-10-01T00:08:28.012+0000] {dag.py:2429} INFO - Sync 1 DAGs
[2022-10-01T00:08:28.028+0000] {logging_mixin.py:115} INFO - [2022-10-01T00:08:28.028+0000] {dag.py:2981} INFO - Setting next_dagrun for example_trigger_controller_dag to 2021-01-01T00:00:00+00:00, run_after=2021-01-01T00:00:00+00:00
[2022-10-01T00:08:28.065+0000] {processor.py:161} INFO - Processing /home/airflow/.local/lib/python3.7/site-packages/airflow/example_dags/example_trigger_controller_dag.py took 0.091 seconds
[2022-10-01T00:08:58.439+0000] {processor.py:153} INFO - Started process (PID=34999) to work on /home/airflow/.local/lib/python3.7/site-packages/airflow/example_dags/example_trigger_controller_dag.py
[2022-10-01T00:08:58.441+0000] {processor.py:640} INFO - Processing file /home/airflow/.local/lib/python3.7/site-packages/airflow/example_dags/example_trigger_controller_dag.py for tasks to queue
[2022-10-01T00:08:58.443+0000] {logging_mixin.py:115} INFO - [2022-10-01T00:08:58.443+0000] {dagbag.py:508} INFO - Filling up the DagBag from /home/airflow/.local/lib/python3.7/site-packages/airflow/example_dags/example_trigger_controller_dag.py
[2022-10-01T00:08:58.447+0000] {processor.py:650} INFO - DAG(s) dict_keys(['example_trigger_controller_dag']) retrieved from /home/airflow/.local/lib/python3.7/site-packages/airflow/example_dags/example_trigger_controller_dag.py
[2022-10-01T00:08:58.464+0000] {logging_mixin.py:115} INFO - [2022-10-01T00:08:58.464+0000] {dag.py:2429} INFO - Sync 1 DAGs
[2022-10-01T00:08:58.479+0000] {logging_mixin.py:115} INFO - [2022-10-01T00:08:58.479+0000] {dag.py:2981} INFO - Setting next_dagrun for example_trigger_controller_dag to 2021-01-01T00:00:00+00:00, run_after=2021-01-01T00:00:00+00:00
[2022-10-01T00:08:58.486+0000] {processor.py:161} INFO - Processing /home/airflow/.local/lib/python3.7/site-packages/airflow/example_dags/example_trigger_controller_dag.py took 0.050 seconds
[2022-10-01T00:09:29.021+0000] {processor.py:153} INFO - Started process (PID=35055) to work on /home/airflow/.local/lib/python3.7/site-packages/airflow/example_dags/example_trigger_controller_dag.py
[2022-10-01T00:09:29.023+0000] {processor.py:640} INFO - Processing file /home/airflow/.local/lib/python3.7/site-packages/airflow/example_dags/example_trigger_controller_dag.py for tasks to queue
[2022-10-01T00:09:29.024+0000] {logging_mixin.py:115} INFO - [2022-10-01T00:09:29.024+0000] {dagbag.py:508} INFO - Filling up the DagBag from /home/airflow/.local/lib/python3.7/site-packages/airflow/example_dags/example_trigger_controller_dag.py
[2022-10-01T00:09:29.026+0000] {processor.py:650} INFO - DAG(s) dict_keys(['example_trigger_controller_dag']) retrieved from /home/airflow/.local/lib/python3.7/site-packages/airflow/example_dags/example_trigger_controller_dag.py
[2022-10-01T00:09:29.046+0000] {logging_mixin.py:115} INFO - [2022-10-01T00:09:29.046+0000] {dag.py:2429} INFO - Sync 1 DAGs
[2022-10-01T00:09:29.061+0000] {logging_mixin.py:115} INFO - [2022-10-01T00:09:29.061+0000] {dag.py:2981} INFO - Setting next_dagrun for example_trigger_controller_dag to 2021-01-01T00:00:00+00:00, run_after=2021-01-01T00:00:00+00:00
[2022-10-01T00:09:29.069+0000] {processor.py:161} INFO - Processing /home/airflow/.local/lib/python3.7/site-packages/airflow/example_dags/example_trigger_controller_dag.py took 0.050 seconds
[2022-10-01T00:09:59.591+0000] {processor.py:153} INFO - Started process (PID=35120) to work on /home/airflow/.local/lib/python3.7/site-packages/airflow/example_dags/example_trigger_controller_dag.py
[2022-10-01T00:09:59.593+0000] {processor.py:640} INFO - Processing file /home/airflow/.local/lib/python3.7/site-packages/airflow/example_dags/example_trigger_controller_dag.py for tasks to queue
[2022-10-01T00:09:59.594+0000] {logging_mixin.py:115} INFO - [2022-10-01T00:09:59.594+0000] {dagbag.py:508} INFO - Filling up the DagBag from /home/airflow/.local/lib/python3.7/site-packages/airflow/example_dags/example_trigger_controller_dag.py
[2022-10-01T00:09:59.596+0000] {processor.py:650} INFO - DAG(s) dict_keys(['example_trigger_controller_dag']) retrieved from /home/airflow/.local/lib/python3.7/site-packages/airflow/example_dags/example_trigger_controller_dag.py
[2022-10-01T00:09:59.616+0000] {logging_mixin.py:115} INFO - [2022-10-01T00:09:59.615+0000] {dag.py:2429} INFO - Sync 1 DAGs
[2022-10-01T00:09:59.629+0000] {logging_mixin.py:115} INFO - [2022-10-01T00:09:59.629+0000] {dag.py:2981} INFO - Setting next_dagrun for example_trigger_controller_dag to 2021-01-01T00:00:00+00:00, run_after=2021-01-01T00:00:00+00:00
[2022-10-01T00:09:59.636+0000] {processor.py:161} INFO - Processing /home/airflow/.local/lib/python3.7/site-packages/airflow/example_dags/example_trigger_controller_dag.py took 0.047 seconds
[2022-10-01T00:10:29.906+0000] {processor.py:153} INFO - Started process (PID=35187) to work on /home/airflow/.local/lib/python3.7/site-packages/airflow/example_dags/example_trigger_controller_dag.py
[2022-10-01T00:10:29.908+0000] {processor.py:640} INFO - Processing file /home/airflow/.local/lib/python3.7/site-packages/airflow/example_dags/example_trigger_controller_dag.py for tasks to queue
[2022-10-01T00:10:29.911+0000] {logging_mixin.py:115} INFO - [2022-10-01T00:10:29.910+0000] {dagbag.py:508} INFO - Filling up the DagBag from /home/airflow/.local/lib/python3.7/site-packages/airflow/example_dags/example_trigger_controller_dag.py
[2022-10-01T00:10:29.914+0000] {processor.py:650} INFO - DAG(s) dict_keys(['example_trigger_controller_dag']) retrieved from /home/airflow/.local/lib/python3.7/site-packages/airflow/example_dags/example_trigger_controller_dag.py
[2022-10-01T00:10:29.942+0000] {logging_mixin.py:115} INFO - [2022-10-01T00:10:29.942+0000] {dag.py:2429} INFO - Sync 1 DAGs
[2022-10-01T00:10:29.965+0000] {logging_mixin.py:115} INFO - [2022-10-01T00:10:29.965+0000] {dag.py:2981} INFO - Setting next_dagrun for example_trigger_controller_dag to 2021-01-01T00:00:00+00:00, run_after=2021-01-01T00:00:00+00:00
[2022-10-01T00:10:29.976+0000] {processor.py:161} INFO - Processing /home/airflow/.local/lib/python3.7/site-packages/airflow/example_dags/example_trigger_controller_dag.py took 0.074 seconds
[2022-10-01T00:11:00.471+0000] {processor.py:153} INFO - Started process (PID=35253) to work on /home/airflow/.local/lib/python3.7/site-packages/airflow/example_dags/example_trigger_controller_dag.py
[2022-10-01T00:11:00.473+0000] {processor.py:640} INFO - Processing file /home/airflow/.local/lib/python3.7/site-packages/airflow/example_dags/example_trigger_controller_dag.py for tasks to queue
[2022-10-01T00:11:00.474+0000] {logging_mixin.py:115} INFO - [2022-10-01T00:11:00.474+0000] {dagbag.py:508} INFO - Filling up the DagBag from /home/airflow/.local/lib/python3.7/site-packages/airflow/example_dags/example_trigger_controller_dag.py
[2022-10-01T00:11:00.477+0000] {processor.py:650} INFO - DAG(s) dict_keys(['example_trigger_controller_dag']) retrieved from /home/airflow/.local/lib/python3.7/site-packages/airflow/example_dags/example_trigger_controller_dag.py
[2022-10-01T00:11:00.507+0000] {logging_mixin.py:115} INFO - [2022-10-01T00:11:00.507+0000] {dag.py:2429} INFO - Sync 1 DAGs
[2022-10-01T00:11:00.526+0000] {logging_mixin.py:115} INFO - [2022-10-01T00:11:00.526+0000] {dag.py:2981} INFO - Setting next_dagrun for example_trigger_controller_dag to 2021-01-01T00:00:00+00:00, run_after=2021-01-01T00:00:00+00:00
[2022-10-01T00:11:00.534+0000] {processor.py:161} INFO - Processing /home/airflow/.local/lib/python3.7/site-packages/airflow/example_dags/example_trigger_controller_dag.py took 0.066 seconds
[2022-10-01T00:11:31.655+0000] {processor.py:153} INFO - Started process (PID=35311) to work on /home/airflow/.local/lib/python3.7/site-packages/airflow/example_dags/example_trigger_controller_dag.py
[2022-10-01T00:11:31.658+0000] {processor.py:640} INFO - Processing file /home/airflow/.local/lib/python3.7/site-packages/airflow/example_dags/example_trigger_controller_dag.py for tasks to queue
[2022-10-01T00:11:31.659+0000] {logging_mixin.py:115} INFO - [2022-10-01T00:11:31.659+0000] {dagbag.py:508} INFO - Filling up the DagBag from /home/airflow/.local/lib/python3.7/site-packages/airflow/example_dags/example_trigger_controller_dag.py
[2022-10-01T00:11:31.662+0000] {processor.py:650} INFO - DAG(s) dict_keys(['example_trigger_controller_dag']) retrieved from /home/airflow/.local/lib/python3.7/site-packages/airflow/example_dags/example_trigger_controller_dag.py
[2022-10-01T00:11:31.687+0000] {logging_mixin.py:115} INFO - [2022-10-01T00:11:31.687+0000] {dag.py:2429} INFO - Sync 1 DAGs
[2022-10-01T00:11:31.705+0000] {logging_mixin.py:115} INFO - [2022-10-01T00:11:31.705+0000] {dag.py:2981} INFO - Setting next_dagrun for example_trigger_controller_dag to 2021-01-01T00:00:00+00:00, run_after=2021-01-01T00:00:00+00:00
[2022-10-01T00:11:31.715+0000] {processor.py:161} INFO - Processing /home/airflow/.local/lib/python3.7/site-packages/airflow/example_dags/example_trigger_controller_dag.py took 0.063 seconds
[2022-10-01T00:12:02.126+0000] {processor.py:153} INFO - Started process (PID=35376) to work on /home/airflow/.local/lib/python3.7/site-packages/airflow/example_dags/example_trigger_controller_dag.py
[2022-10-01T00:12:02.129+0000] {processor.py:640} INFO - Processing file /home/airflow/.local/lib/python3.7/site-packages/airflow/example_dags/example_trigger_controller_dag.py for tasks to queue
[2022-10-01T00:12:02.130+0000] {logging_mixin.py:115} INFO - [2022-10-01T00:12:02.130+0000] {dagbag.py:508} INFO - Filling up the DagBag from /home/airflow/.local/lib/python3.7/site-packages/airflow/example_dags/example_trigger_controller_dag.py
[2022-10-01T00:12:02.132+0000] {processor.py:650} INFO - DAG(s) dict_keys(['example_trigger_controller_dag']) retrieved from /home/airflow/.local/lib/python3.7/site-packages/airflow/example_dags/example_trigger_controller_dag.py
[2022-10-01T00:12:02.151+0000] {logging_mixin.py:115} INFO - [2022-10-01T00:12:02.151+0000] {dag.py:2429} INFO - Sync 1 DAGs
[2022-10-01T00:12:02.164+0000] {logging_mixin.py:115} INFO - [2022-10-01T00:12:02.164+0000] {dag.py:2981} INFO - Setting next_dagrun for example_trigger_controller_dag to 2021-01-01T00:00:00+00:00, run_after=2021-01-01T00:00:00+00:00
[2022-10-01T00:12:02.171+0000] {processor.py:161} INFO - Processing /home/airflow/.local/lib/python3.7/site-packages/airflow/example_dags/example_trigger_controller_dag.py took 0.048 seconds
[2022-10-01T00:12:32.509+0000] {processor.py:153} INFO - Started process (PID=35443) to work on /home/airflow/.local/lib/python3.7/site-packages/airflow/example_dags/example_trigger_controller_dag.py
[2022-10-01T00:12:32.511+0000] {processor.py:640} INFO - Processing file /home/airflow/.local/lib/python3.7/site-packages/airflow/example_dags/example_trigger_controller_dag.py for tasks to queue
[2022-10-01T00:12:32.512+0000] {logging_mixin.py:115} INFO - [2022-10-01T00:12:32.512+0000] {dagbag.py:508} INFO - Filling up the DagBag from /home/airflow/.local/lib/python3.7/site-packages/airflow/example_dags/example_trigger_controller_dag.py
[2022-10-01T00:12:32.515+0000] {processor.py:650} INFO - DAG(s) dict_keys(['example_trigger_controller_dag']) retrieved from /home/airflow/.local/lib/python3.7/site-packages/airflow/example_dags/example_trigger_controller_dag.py
[2022-10-01T00:12:32.534+0000] {logging_mixin.py:115} INFO - [2022-10-01T00:12:32.534+0000] {dag.py:2429} INFO - Sync 1 DAGs
[2022-10-01T00:12:32.548+0000] {logging_mixin.py:115} INFO - [2022-10-01T00:12:32.548+0000] {dag.py:2981} INFO - Setting next_dagrun for example_trigger_controller_dag to 2021-01-01T00:00:00+00:00, run_after=2021-01-01T00:00:00+00:00
[2022-10-01T00:12:32.555+0000] {processor.py:161} INFO - Processing /home/airflow/.local/lib/python3.7/site-packages/airflow/example_dags/example_trigger_controller_dag.py took 0.049 seconds
[2022-10-01T00:13:02.964+0000] {processor.py:153} INFO - Started process (PID=35508) to work on /home/airflow/.local/lib/python3.7/site-packages/airflow/example_dags/example_trigger_controller_dag.py
[2022-10-01T00:13:02.966+0000] {processor.py:640} INFO - Processing file /home/airflow/.local/lib/python3.7/site-packages/airflow/example_dags/example_trigger_controller_dag.py for tasks to queue
[2022-10-01T00:13:02.967+0000] {logging_mixin.py:115} INFO - [2022-10-01T00:13:02.967+0000] {dagbag.py:508} INFO - Filling up the DagBag from /home/airflow/.local/lib/python3.7/site-packages/airflow/example_dags/example_trigger_controller_dag.py
[2022-10-01T00:13:02.970+0000] {processor.py:650} INFO - DAG(s) dict_keys(['example_trigger_controller_dag']) retrieved from /home/airflow/.local/lib/python3.7/site-packages/airflow/example_dags/example_trigger_controller_dag.py
[2022-10-01T00:13:02.989+0000] {logging_mixin.py:115} INFO - [2022-10-01T00:13:02.989+0000] {dag.py:2429} INFO - Sync 1 DAGs
[2022-10-01T00:13:03.003+0000] {logging_mixin.py:115} INFO - [2022-10-01T00:13:03.003+0000] {dag.py:2981} INFO - Setting next_dagrun for example_trigger_controller_dag to 2021-01-01T00:00:00+00:00, run_after=2021-01-01T00:00:00+00:00
[2022-10-01T00:13:03.011+0000] {processor.py:161} INFO - Processing /home/airflow/.local/lib/python3.7/site-packages/airflow/example_dags/example_trigger_controller_dag.py took 0.051 seconds
[2022-10-01T00:13:34.195+0000] {processor.py:153} INFO - Started process (PID=35574) to work on /home/airflow/.local/lib/python3.7/site-packages/airflow/example_dags/example_trigger_controller_dag.py
[2022-10-01T00:13:34.205+0000] {processor.py:640} INFO - Processing file /home/airflow/.local/lib/python3.7/site-packages/airflow/example_dags/example_trigger_controller_dag.py for tasks to queue
[2022-10-01T00:13:34.209+0000] {logging_mixin.py:115} INFO - [2022-10-01T00:13:34.209+0000] {dagbag.py:508} INFO - Filling up the DagBag from /home/airflow/.local/lib/python3.7/site-packages/airflow/example_dags/example_trigger_controller_dag.py
[2022-10-01T00:13:34.222+0000] {processor.py:650} INFO - DAG(s) dict_keys(['example_trigger_controller_dag']) retrieved from /home/airflow/.local/lib/python3.7/site-packages/airflow/example_dags/example_trigger_controller_dag.py
[2022-10-01T00:13:34.280+0000] {logging_mixin.py:115} INFO - [2022-10-01T00:13:34.280+0000] {dag.py:2429} INFO - Sync 1 DAGs
[2022-10-01T00:13:34.321+0000] {logging_mixin.py:115} INFO - [2022-10-01T00:13:34.321+0000] {dag.py:2981} INFO - Setting next_dagrun for example_trigger_controller_dag to 2021-01-01T00:00:00+00:00, run_after=2021-01-01T00:00:00+00:00
[2022-10-01T00:13:34.342+0000] {processor.py:161} INFO - Processing /home/airflow/.local/lib/python3.7/site-packages/airflow/example_dags/example_trigger_controller_dag.py took 0.181 seconds
[2022-10-01T00:18:32.702+0000] {processor.py:153} INFO - Started process (PID=35625) to work on /home/airflow/.local/lib/python3.7/site-packages/airflow/example_dags/example_trigger_controller_dag.py
[2022-10-01T00:18:32.705+0000] {processor.py:640} INFO - Processing file /home/airflow/.local/lib/python3.7/site-packages/airflow/example_dags/example_trigger_controller_dag.py for tasks to queue
[2022-10-01T00:18:32.708+0000] {logging_mixin.py:115} INFO - [2022-10-01T00:18:32.708+0000] {dagbag.py:508} INFO - Filling up the DagBag from /home/airflow/.local/lib/python3.7/site-packages/airflow/example_dags/example_trigger_controller_dag.py
[2022-10-01T00:18:32.712+0000] {processor.py:650} INFO - DAG(s) dict_keys(['example_trigger_controller_dag']) retrieved from /home/airflow/.local/lib/python3.7/site-packages/airflow/example_dags/example_trigger_controller_dag.py
[2022-10-01T00:18:32.837+0000] {logging_mixin.py:115} INFO - [2022-10-01T00:18:32.836+0000] {dag.py:2429} INFO - Sync 1 DAGs
[2022-10-01T00:18:32.884+0000] {logging_mixin.py:115} INFO - [2022-10-01T00:18:32.883+0000] {dag.py:2981} INFO - Setting next_dagrun for example_trigger_controller_dag to 2021-01-01T00:00:00+00:00, run_after=2021-01-01T00:00:00+00:00
[2022-10-01T00:18:32.895+0000] {processor.py:161} INFO - Processing /home/airflow/.local/lib/python3.7/site-packages/airflow/example_dags/example_trigger_controller_dag.py took 0.196 seconds
[2022-10-01T00:19:03.792+0000] {processor.py:153} INFO - Started process (PID=35691) to work on /home/airflow/.local/lib/python3.7/site-packages/airflow/example_dags/example_trigger_controller_dag.py
[2022-10-01T00:19:03.794+0000] {processor.py:640} INFO - Processing file /home/airflow/.local/lib/python3.7/site-packages/airflow/example_dags/example_trigger_controller_dag.py for tasks to queue
[2022-10-01T00:19:03.795+0000] {logging_mixin.py:115} INFO - [2022-10-01T00:19:03.795+0000] {dagbag.py:508} INFO - Filling up the DagBag from /home/airflow/.local/lib/python3.7/site-packages/airflow/example_dags/example_trigger_controller_dag.py
[2022-10-01T00:19:03.799+0000] {processor.py:650} INFO - DAG(s) dict_keys(['example_trigger_controller_dag']) retrieved from /home/airflow/.local/lib/python3.7/site-packages/airflow/example_dags/example_trigger_controller_dag.py
[2022-10-01T00:19:03.831+0000] {logging_mixin.py:115} INFO - [2022-10-01T00:19:03.831+0000] {dag.py:2429} INFO - Sync 1 DAGs
[2022-10-01T00:19:03.849+0000] {logging_mixin.py:115} INFO - [2022-10-01T00:19:03.849+0000] {dag.py:2981} INFO - Setting next_dagrun for example_trigger_controller_dag to 2021-01-01T00:00:00+00:00, run_after=2021-01-01T00:00:00+00:00
[2022-10-01T00:19:03.859+0000] {processor.py:161} INFO - Processing /home/airflow/.local/lib/python3.7/site-packages/airflow/example_dags/example_trigger_controller_dag.py took 0.070 seconds
[2022-10-01T00:19:34.208+0000] {processor.py:153} INFO - Started process (PID=35749) to work on /home/airflow/.local/lib/python3.7/site-packages/airflow/example_dags/example_trigger_controller_dag.py
[2022-10-01T00:19:34.210+0000] {processor.py:640} INFO - Processing file /home/airflow/.local/lib/python3.7/site-packages/airflow/example_dags/example_trigger_controller_dag.py for tasks to queue
[2022-10-01T00:19:34.211+0000] {logging_mixin.py:115} INFO - [2022-10-01T00:19:34.211+0000] {dagbag.py:508} INFO - Filling up the DagBag from /home/airflow/.local/lib/python3.7/site-packages/airflow/example_dags/example_trigger_controller_dag.py
[2022-10-01T00:19:34.214+0000] {processor.py:650} INFO - DAG(s) dict_keys(['example_trigger_controller_dag']) retrieved from /home/airflow/.local/lib/python3.7/site-packages/airflow/example_dags/example_trigger_controller_dag.py
[2022-10-01T00:19:34.243+0000] {logging_mixin.py:115} INFO - [2022-10-01T00:19:34.243+0000] {dag.py:2429} INFO - Sync 1 DAGs
[2022-10-01T00:19:34.270+0000] {logging_mixin.py:115} INFO - [2022-10-01T00:19:34.270+0000] {dag.py:2981} INFO - Setting next_dagrun for example_trigger_controller_dag to 2021-01-01T00:00:00+00:00, run_after=2021-01-01T00:00:00+00:00
[2022-10-01T00:19:34.295+0000] {processor.py:161} INFO - Processing /home/airflow/.local/lib/python3.7/site-packages/airflow/example_dags/example_trigger_controller_dag.py took 0.089 seconds
[2022-10-01T00:20:04.903+0000] {processor.py:153} INFO - Started process (PID=35813) to work on /home/airflow/.local/lib/python3.7/site-packages/airflow/example_dags/example_trigger_controller_dag.py
[2022-10-01T00:20:04.905+0000] {processor.py:640} INFO - Processing file /home/airflow/.local/lib/python3.7/site-packages/airflow/example_dags/example_trigger_controller_dag.py for tasks to queue
[2022-10-01T00:20:04.906+0000] {logging_mixin.py:115} INFO - [2022-10-01T00:20:04.906+0000] {dagbag.py:508} INFO - Filling up the DagBag from /home/airflow/.local/lib/python3.7/site-packages/airflow/example_dags/example_trigger_controller_dag.py
[2022-10-01T00:20:04.909+0000] {processor.py:650} INFO - DAG(s) dict_keys(['example_trigger_controller_dag']) retrieved from /home/airflow/.local/lib/python3.7/site-packages/airflow/example_dags/example_trigger_controller_dag.py
[2022-10-01T00:20:04.931+0000] {logging_mixin.py:115} INFO - [2022-10-01T00:20:04.931+0000] {dag.py:2429} INFO - Sync 1 DAGs
[2022-10-01T00:20:04.948+0000] {logging_mixin.py:115} INFO - [2022-10-01T00:20:04.948+0000] {dag.py:2981} INFO - Setting next_dagrun for example_trigger_controller_dag to 2021-01-01T00:00:00+00:00, run_after=2021-01-01T00:00:00+00:00
[2022-10-01T00:20:04.957+0000] {processor.py:161} INFO - Processing /home/airflow/.local/lib/python3.7/site-packages/airflow/example_dags/example_trigger_controller_dag.py took 0.056 seconds
[2022-10-01T00:20:35.392+0000] {processor.py:153} INFO - Started process (PID=35881) to work on /home/airflow/.local/lib/python3.7/site-packages/airflow/example_dags/example_trigger_controller_dag.py
[2022-10-01T00:20:35.394+0000] {processor.py:640} INFO - Processing file /home/airflow/.local/lib/python3.7/site-packages/airflow/example_dags/example_trigger_controller_dag.py for tasks to queue
[2022-10-01T00:20:35.395+0000] {logging_mixin.py:115} INFO - [2022-10-01T00:20:35.395+0000] {dagbag.py:508} INFO - Filling up the DagBag from /home/airflow/.local/lib/python3.7/site-packages/airflow/example_dags/example_trigger_controller_dag.py
[2022-10-01T00:20:35.397+0000] {processor.py:650} INFO - DAG(s) dict_keys(['example_trigger_controller_dag']) retrieved from /home/airflow/.local/lib/python3.7/site-packages/airflow/example_dags/example_trigger_controller_dag.py
[2022-10-01T00:20:35.427+0000] {logging_mixin.py:115} INFO - [2022-10-01T00:20:35.427+0000] {dag.py:2429} INFO - Sync 1 DAGs
[2022-10-01T00:20:35.446+0000] {logging_mixin.py:115} INFO - [2022-10-01T00:20:35.446+0000] {dag.py:2981} INFO - Setting next_dagrun for example_trigger_controller_dag to 2021-01-01T00:00:00+00:00, run_after=2021-01-01T00:00:00+00:00
[2022-10-01T00:20:35.456+0000] {processor.py:161} INFO - Processing /home/airflow/.local/lib/python3.7/site-packages/airflow/example_dags/example_trigger_controller_dag.py took 0.066 seconds
[2022-10-01T00:21:05.855+0000] {processor.py:153} INFO - Started process (PID=35938) to work on /home/airflow/.local/lib/python3.7/site-packages/airflow/example_dags/example_trigger_controller_dag.py
[2022-10-01T00:21:05.861+0000] {processor.py:640} INFO - Processing file /home/airflow/.local/lib/python3.7/site-packages/airflow/example_dags/example_trigger_controller_dag.py for tasks to queue
[2022-10-01T00:21:05.863+0000] {logging_mixin.py:115} INFO - [2022-10-01T00:21:05.863+0000] {dagbag.py:508} INFO - Filling up the DagBag from /home/airflow/.local/lib/python3.7/site-packages/airflow/example_dags/example_trigger_controller_dag.py
[2022-10-01T00:21:05.868+0000] {processor.py:650} INFO - DAG(s) dict_keys(['example_trigger_controller_dag']) retrieved from /home/airflow/.local/lib/python3.7/site-packages/airflow/example_dags/example_trigger_controller_dag.py
[2022-10-01T00:21:05.892+0000] {logging_mixin.py:115} INFO - [2022-10-01T00:21:05.892+0000] {dag.py:2429} INFO - Sync 1 DAGs
[2022-10-01T00:21:05.906+0000] {logging_mixin.py:115} INFO - [2022-10-01T00:21:05.906+0000] {dag.py:2981} INFO - Setting next_dagrun for example_trigger_controller_dag to 2021-01-01T00:00:00+00:00, run_after=2021-01-01T00:00:00+00:00
[2022-10-01T00:21:05.914+0000] {processor.py:161} INFO - Processing /home/airflow/.local/lib/python3.7/site-packages/airflow/example_dags/example_trigger_controller_dag.py took 0.065 seconds
[2022-10-01T00:21:36.419+0000] {processor.py:153} INFO - Started process (PID=36003) to work on /home/airflow/.local/lib/python3.7/site-packages/airflow/example_dags/example_trigger_controller_dag.py
[2022-10-01T00:21:36.422+0000] {processor.py:640} INFO - Processing file /home/airflow/.local/lib/python3.7/site-packages/airflow/example_dags/example_trigger_controller_dag.py for tasks to queue
[2022-10-01T00:21:36.423+0000] {logging_mixin.py:115} INFO - [2022-10-01T00:21:36.423+0000] {dagbag.py:508} INFO - Filling up the DagBag from /home/airflow/.local/lib/python3.7/site-packages/airflow/example_dags/example_trigger_controller_dag.py
[2022-10-01T00:21:36.427+0000] {processor.py:650} INFO - DAG(s) dict_keys(['example_trigger_controller_dag']) retrieved from /home/airflow/.local/lib/python3.7/site-packages/airflow/example_dags/example_trigger_controller_dag.py
[2022-10-01T00:21:36.451+0000] {logging_mixin.py:115} INFO - [2022-10-01T00:21:36.450+0000] {dag.py:2429} INFO - Sync 1 DAGs
[2022-10-01T00:21:36.466+0000] {logging_mixin.py:115} INFO - [2022-10-01T00:21:36.465+0000] {dag.py:2981} INFO - Setting next_dagrun for example_trigger_controller_dag to 2021-01-01T00:00:00+00:00, run_after=2021-01-01T00:00:00+00:00
[2022-10-01T00:21:36.473+0000] {processor.py:161} INFO - Processing /home/airflow/.local/lib/python3.7/site-packages/airflow/example_dags/example_trigger_controller_dag.py took 0.057 seconds
[2022-10-01T00:22:06.823+0000] {processor.py:153} INFO - Started process (PID=36069) to work on /home/airflow/.local/lib/python3.7/site-packages/airflow/example_dags/example_trigger_controller_dag.py
[2022-10-01T00:22:06.825+0000] {processor.py:640} INFO - Processing file /home/airflow/.local/lib/python3.7/site-packages/airflow/example_dags/example_trigger_controller_dag.py for tasks to queue
[2022-10-01T00:22:06.827+0000] {logging_mixin.py:115} INFO - [2022-10-01T00:22:06.827+0000] {dagbag.py:508} INFO - Filling up the DagBag from /home/airflow/.local/lib/python3.7/site-packages/airflow/example_dags/example_trigger_controller_dag.py
[2022-10-01T00:22:06.832+0000] {processor.py:650} INFO - DAG(s) dict_keys(['example_trigger_controller_dag']) retrieved from /home/airflow/.local/lib/python3.7/site-packages/airflow/example_dags/example_trigger_controller_dag.py
[2022-10-01T00:22:06.855+0000] {logging_mixin.py:115} INFO - [2022-10-01T00:22:06.854+0000] {dag.py:2429} INFO - Sync 1 DAGs
[2022-10-01T00:22:06.868+0000] {logging_mixin.py:115} INFO - [2022-10-01T00:22:06.868+0000] {dag.py:2981} INFO - Setting next_dagrun for example_trigger_controller_dag to 2021-01-01T00:00:00+00:00, run_after=2021-01-01T00:00:00+00:00
[2022-10-01T00:22:06.876+0000] {processor.py:161} INFO - Processing /home/airflow/.local/lib/python3.7/site-packages/airflow/example_dags/example_trigger_controller_dag.py took 0.056 seconds
[2022-10-01T00:22:37.197+0000] {processor.py:153} INFO - Started process (PID=36135) to work on /home/airflow/.local/lib/python3.7/site-packages/airflow/example_dags/example_trigger_controller_dag.py
[2022-10-01T00:22:37.200+0000] {processor.py:640} INFO - Processing file /home/airflow/.local/lib/python3.7/site-packages/airflow/example_dags/example_trigger_controller_dag.py for tasks to queue
[2022-10-01T00:22:37.203+0000] {logging_mixin.py:115} INFO - [2022-10-01T00:22:37.202+0000] {dagbag.py:508} INFO - Filling up the DagBag from /home/airflow/.local/lib/python3.7/site-packages/airflow/example_dags/example_trigger_controller_dag.py
[2022-10-01T00:22:37.206+0000] {processor.py:650} INFO - DAG(s) dict_keys(['example_trigger_controller_dag']) retrieved from /home/airflow/.local/lib/python3.7/site-packages/airflow/example_dags/example_trigger_controller_dag.py
[2022-10-01T00:22:37.230+0000] {logging_mixin.py:115} INFO - [2022-10-01T00:22:37.230+0000] {dag.py:2429} INFO - Sync 1 DAGs
[2022-10-01T00:22:37.245+0000] {logging_mixin.py:115} INFO - [2022-10-01T00:22:37.245+0000] {dag.py:2981} INFO - Setting next_dagrun for example_trigger_controller_dag to 2021-01-01T00:00:00+00:00, run_after=2021-01-01T00:00:00+00:00
[2022-10-01T00:22:37.253+0000] {processor.py:161} INFO - Processing /home/airflow/.local/lib/python3.7/site-packages/airflow/example_dags/example_trigger_controller_dag.py took 0.060 seconds
[2022-10-01T00:23:07.489+0000] {processor.py:153} INFO - Started process (PID=36192) to work on /home/airflow/.local/lib/python3.7/site-packages/airflow/example_dags/example_trigger_controller_dag.py
[2022-10-01T00:23:07.491+0000] {processor.py:640} INFO - Processing file /home/airflow/.local/lib/python3.7/site-packages/airflow/example_dags/example_trigger_controller_dag.py for tasks to queue
[2022-10-01T00:23:07.492+0000] {logging_mixin.py:115} INFO - [2022-10-01T00:23:07.492+0000] {dagbag.py:508} INFO - Filling up the DagBag from /home/airflow/.local/lib/python3.7/site-packages/airflow/example_dags/example_trigger_controller_dag.py
[2022-10-01T00:23:07.494+0000] {processor.py:650} INFO - DAG(s) dict_keys(['example_trigger_controller_dag']) retrieved from /home/airflow/.local/lib/python3.7/site-packages/airflow/example_dags/example_trigger_controller_dag.py
[2022-10-01T00:23:07.517+0000] {logging_mixin.py:115} INFO - [2022-10-01T00:23:07.517+0000] {dag.py:2429} INFO - Sync 1 DAGs
[2022-10-01T00:23:07.532+0000] {logging_mixin.py:115} INFO - [2022-10-01T00:23:07.532+0000] {dag.py:2981} INFO - Setting next_dagrun for example_trigger_controller_dag to 2021-01-01T00:00:00+00:00, run_after=2021-01-01T00:00:00+00:00
[2022-10-01T00:23:07.541+0000] {processor.py:161} INFO - Processing /home/airflow/.local/lib/python3.7/site-packages/airflow/example_dags/example_trigger_controller_dag.py took 0.054 seconds
[2022-10-01T00:23:38.124+0000] {processor.py:153} INFO - Started process (PID=36259) to work on /home/airflow/.local/lib/python3.7/site-packages/airflow/example_dags/example_trigger_controller_dag.py
[2022-10-01T00:23:38.126+0000] {processor.py:640} INFO - Processing file /home/airflow/.local/lib/python3.7/site-packages/airflow/example_dags/example_trigger_controller_dag.py for tasks to queue
[2022-10-01T00:23:38.128+0000] {logging_mixin.py:115} INFO - [2022-10-01T00:23:38.128+0000] {dagbag.py:508} INFO - Filling up the DagBag from /home/airflow/.local/lib/python3.7/site-packages/airflow/example_dags/example_trigger_controller_dag.py
[2022-10-01T00:23:38.132+0000] {processor.py:650} INFO - DAG(s) dict_keys(['example_trigger_controller_dag']) retrieved from /home/airflow/.local/lib/python3.7/site-packages/airflow/example_dags/example_trigger_controller_dag.py
[2022-10-01T00:23:38.160+0000] {logging_mixin.py:115} INFO - [2022-10-01T00:23:38.160+0000] {dag.py:2429} INFO - Sync 1 DAGs
[2022-10-01T00:23:38.175+0000] {logging_mixin.py:115} INFO - [2022-10-01T00:23:38.174+0000] {dag.py:2981} INFO - Setting next_dagrun for example_trigger_controller_dag to 2021-01-01T00:00:00+00:00, run_after=2021-01-01T00:00:00+00:00
[2022-10-01T00:23:38.184+0000] {processor.py:161} INFO - Processing /home/airflow/.local/lib/python3.7/site-packages/airflow/example_dags/example_trigger_controller_dag.py took 0.064 seconds
[2022-10-01T00:24:08.398+0000] {processor.py:153} INFO - Started process (PID=36327) to work on /home/airflow/.local/lib/python3.7/site-packages/airflow/example_dags/example_trigger_controller_dag.py
[2022-10-01T00:24:08.400+0000] {processor.py:640} INFO - Processing file /home/airflow/.local/lib/python3.7/site-packages/airflow/example_dags/example_trigger_controller_dag.py for tasks to queue
[2022-10-01T00:24:08.401+0000] {logging_mixin.py:115} INFO - [2022-10-01T00:24:08.401+0000] {dagbag.py:508} INFO - Filling up the DagBag from /home/airflow/.local/lib/python3.7/site-packages/airflow/example_dags/example_trigger_controller_dag.py
[2022-10-01T00:24:08.405+0000] {processor.py:650} INFO - DAG(s) dict_keys(['example_trigger_controller_dag']) retrieved from /home/airflow/.local/lib/python3.7/site-packages/airflow/example_dags/example_trigger_controller_dag.py
[2022-10-01T00:24:08.429+0000] {logging_mixin.py:115} INFO - [2022-10-01T00:24:08.429+0000] {dag.py:2429} INFO - Sync 1 DAGs
[2022-10-01T00:24:08.444+0000] {logging_mixin.py:115} INFO - [2022-10-01T00:24:08.444+0000] {dag.py:2981} INFO - Setting next_dagrun for example_trigger_controller_dag to 2021-01-01T00:00:00+00:00, run_after=2021-01-01T00:00:00+00:00
[2022-10-01T00:24:08.451+0000] {processor.py:161} INFO - Processing /home/airflow/.local/lib/python3.7/site-packages/airflow/example_dags/example_trigger_controller_dag.py took 0.057 seconds
[2022-10-01T00:24:38.793+0000] {processor.py:153} INFO - Started process (PID=36393) to work on /home/airflow/.local/lib/python3.7/site-packages/airflow/example_dags/example_trigger_controller_dag.py
[2022-10-01T00:24:38.797+0000] {processor.py:640} INFO - Processing file /home/airflow/.local/lib/python3.7/site-packages/airflow/example_dags/example_trigger_controller_dag.py for tasks to queue
[2022-10-01T00:24:38.802+0000] {logging_mixin.py:115} INFO - [2022-10-01T00:24:38.802+0000] {dagbag.py:508} INFO - Filling up the DagBag from /home/airflow/.local/lib/python3.7/site-packages/airflow/example_dags/example_trigger_controller_dag.py
[2022-10-01T00:24:38.818+0000] {processor.py:650} INFO - DAG(s) dict_keys(['example_trigger_controller_dag']) retrieved from /home/airflow/.local/lib/python3.7/site-packages/airflow/example_dags/example_trigger_controller_dag.py
[2022-10-01T00:24:38.865+0000] {logging_mixin.py:115} INFO - [2022-10-01T00:24:38.865+0000] {dag.py:2429} INFO - Sync 1 DAGs
[2022-10-01T00:24:38.892+0000] {logging_mixin.py:115} INFO - [2022-10-01T00:24:38.891+0000] {dag.py:2981} INFO - Setting next_dagrun for example_trigger_controller_dag to 2021-01-01T00:00:00+00:00, run_after=2021-01-01T00:00:00+00:00
[2022-10-01T00:24:38.902+0000] {processor.py:161} INFO - Processing /home/airflow/.local/lib/python3.7/site-packages/airflow/example_dags/example_trigger_controller_dag.py took 0.115 seconds
[2022-10-01T00:25:09.662+0000] {processor.py:153} INFO - Started process (PID=36450) to work on /home/airflow/.local/lib/python3.7/site-packages/airflow/example_dags/example_trigger_controller_dag.py
[2022-10-01T00:25:09.664+0000] {processor.py:640} INFO - Processing file /home/airflow/.local/lib/python3.7/site-packages/airflow/example_dags/example_trigger_controller_dag.py for tasks to queue
[2022-10-01T00:25:09.665+0000] {logging_mixin.py:115} INFO - [2022-10-01T00:25:09.665+0000] {dagbag.py:508} INFO - Filling up the DagBag from /home/airflow/.local/lib/python3.7/site-packages/airflow/example_dags/example_trigger_controller_dag.py
[2022-10-01T00:25:09.669+0000] {processor.py:650} INFO - DAG(s) dict_keys(['example_trigger_controller_dag']) retrieved from /home/airflow/.local/lib/python3.7/site-packages/airflow/example_dags/example_trigger_controller_dag.py
[2022-10-01T00:25:09.691+0000] {logging_mixin.py:115} INFO - [2022-10-01T00:25:09.691+0000] {dag.py:2429} INFO - Sync 1 DAGs
[2022-10-01T00:25:09.706+0000] {logging_mixin.py:115} INFO - [2022-10-01T00:25:09.706+0000] {dag.py:2981} INFO - Setting next_dagrun for example_trigger_controller_dag to 2021-01-01T00:00:00+00:00, run_after=2021-01-01T00:00:00+00:00
[2022-10-01T00:25:09.714+0000] {processor.py:161} INFO - Processing /home/airflow/.local/lib/python3.7/site-packages/airflow/example_dags/example_trigger_controller_dag.py took 0.056 seconds
[2022-10-01T00:25:39.993+0000] {processor.py:153} INFO - Started process (PID=36516) to work on /home/airflow/.local/lib/python3.7/site-packages/airflow/example_dags/example_trigger_controller_dag.py
[2022-10-01T00:25:39.995+0000] {processor.py:640} INFO - Processing file /home/airflow/.local/lib/python3.7/site-packages/airflow/example_dags/example_trigger_controller_dag.py for tasks to queue
[2022-10-01T00:25:39.997+0000] {logging_mixin.py:115} INFO - [2022-10-01T00:25:39.997+0000] {dagbag.py:508} INFO - Filling up the DagBag from /home/airflow/.local/lib/python3.7/site-packages/airflow/example_dags/example_trigger_controller_dag.py
[2022-10-01T00:25:40.002+0000] {processor.py:650} INFO - DAG(s) dict_keys(['example_trigger_controller_dag']) retrieved from /home/airflow/.local/lib/python3.7/site-packages/airflow/example_dags/example_trigger_controller_dag.py
[2022-10-01T00:25:40.031+0000] {logging_mixin.py:115} INFO - [2022-10-01T00:25:40.030+0000] {dag.py:2429} INFO - Sync 1 DAGs
[2022-10-01T00:25:40.044+0000] {logging_mixin.py:115} INFO - [2022-10-01T00:25:40.044+0000] {dag.py:2981} INFO - Setting next_dagrun for example_trigger_controller_dag to 2021-01-01T00:00:00+00:00, run_after=2021-01-01T00:00:00+00:00
[2022-10-01T00:25:40.051+0000] {processor.py:161} INFO - Processing /home/airflow/.local/lib/python3.7/site-packages/airflow/example_dags/example_trigger_controller_dag.py took 0.062 seconds
[2022-10-01T00:26:10.235+0000] {processor.py:153} INFO - Started process (PID=36582) to work on /home/airflow/.local/lib/python3.7/site-packages/airflow/example_dags/example_trigger_controller_dag.py
[2022-10-01T00:26:10.237+0000] {processor.py:640} INFO - Processing file /home/airflow/.local/lib/python3.7/site-packages/airflow/example_dags/example_trigger_controller_dag.py for tasks to queue
[2022-10-01T00:26:10.238+0000] {logging_mixin.py:115} INFO - [2022-10-01T00:26:10.238+0000] {dagbag.py:508} INFO - Filling up the DagBag from /home/airflow/.local/lib/python3.7/site-packages/airflow/example_dags/example_trigger_controller_dag.py
[2022-10-01T00:26:10.241+0000] {processor.py:650} INFO - DAG(s) dict_keys(['example_trigger_controller_dag']) retrieved from /home/airflow/.local/lib/python3.7/site-packages/airflow/example_dags/example_trigger_controller_dag.py
[2022-10-01T00:26:10.269+0000] {logging_mixin.py:115} INFO - [2022-10-01T00:26:10.269+0000] {dag.py:2429} INFO - Sync 1 DAGs
[2022-10-01T00:26:10.289+0000] {logging_mixin.py:115} INFO - [2022-10-01T00:26:10.289+0000] {dag.py:2981} INFO - Setting next_dagrun for example_trigger_controller_dag to 2021-01-01T00:00:00+00:00, run_after=2021-01-01T00:00:00+00:00
[2022-10-01T00:26:10.302+0000] {processor.py:161} INFO - Processing /home/airflow/.local/lib/python3.7/site-packages/airflow/example_dags/example_trigger_controller_dag.py took 0.070 seconds
[2022-10-01T00:26:40.808+0000] {processor.py:153} INFO - Started process (PID=36639) to work on /home/airflow/.local/lib/python3.7/site-packages/airflow/example_dags/example_trigger_controller_dag.py
[2022-10-01T00:26:40.811+0000] {processor.py:640} INFO - Processing file /home/airflow/.local/lib/python3.7/site-packages/airflow/example_dags/example_trigger_controller_dag.py for tasks to queue
[2022-10-01T00:26:40.813+0000] {logging_mixin.py:115} INFO - [2022-10-01T00:26:40.813+0000] {dagbag.py:508} INFO - Filling up the DagBag from /home/airflow/.local/lib/python3.7/site-packages/airflow/example_dags/example_trigger_controller_dag.py
[2022-10-01T00:26:40.817+0000] {processor.py:650} INFO - DAG(s) dict_keys(['example_trigger_controller_dag']) retrieved from /home/airflow/.local/lib/python3.7/site-packages/airflow/example_dags/example_trigger_controller_dag.py
[2022-10-01T00:26:40.841+0000] {logging_mixin.py:115} INFO - [2022-10-01T00:26:40.841+0000] {dag.py:2429} INFO - Sync 1 DAGs
[2022-10-01T00:26:40.856+0000] {logging_mixin.py:115} INFO - [2022-10-01T00:26:40.856+0000] {dag.py:2981} INFO - Setting next_dagrun for example_trigger_controller_dag to 2021-01-01T00:00:00+00:00, run_after=2021-01-01T00:00:00+00:00
[2022-10-01T00:26:40.864+0000] {processor.py:161} INFO - Processing /home/airflow/.local/lib/python3.7/site-packages/airflow/example_dags/example_trigger_controller_dag.py took 0.061 seconds
[2022-10-01T00:27:11.057+0000] {processor.py:153} INFO - Started process (PID=36704) to work on /home/airflow/.local/lib/python3.7/site-packages/airflow/example_dags/example_trigger_controller_dag.py
[2022-10-01T00:27:11.062+0000] {processor.py:640} INFO - Processing file /home/airflow/.local/lib/python3.7/site-packages/airflow/example_dags/example_trigger_controller_dag.py for tasks to queue
[2022-10-01T00:27:11.064+0000] {logging_mixin.py:115} INFO - [2022-10-01T00:27:11.064+0000] {dagbag.py:508} INFO - Filling up the DagBag from /home/airflow/.local/lib/python3.7/site-packages/airflow/example_dags/example_trigger_controller_dag.py
[2022-10-01T00:27:11.068+0000] {processor.py:650} INFO - DAG(s) dict_keys(['example_trigger_controller_dag']) retrieved from /home/airflow/.local/lib/python3.7/site-packages/airflow/example_dags/example_trigger_controller_dag.py
[2022-10-01T00:27:11.096+0000] {logging_mixin.py:115} INFO - [2022-10-01T00:27:11.096+0000] {dag.py:2429} INFO - Sync 1 DAGs
[2022-10-01T00:27:11.113+0000] {logging_mixin.py:115} INFO - [2022-10-01T00:27:11.113+0000] {dag.py:2981} INFO - Setting next_dagrun for example_trigger_controller_dag to 2021-01-01T00:00:00+00:00, run_after=2021-01-01T00:00:00+00:00
[2022-10-01T00:27:11.122+0000] {processor.py:161} INFO - Processing /home/airflow/.local/lib/python3.7/site-packages/airflow/example_dags/example_trigger_controller_dag.py took 0.069 seconds
[2022-10-01T00:27:41.607+0000] {processor.py:153} INFO - Started process (PID=36770) to work on /home/airflow/.local/lib/python3.7/site-packages/airflow/example_dags/example_trigger_controller_dag.py
[2022-10-01T00:27:41.608+0000] {processor.py:640} INFO - Processing file /home/airflow/.local/lib/python3.7/site-packages/airflow/example_dags/example_trigger_controller_dag.py for tasks to queue
[2022-10-01T00:27:41.610+0000] {logging_mixin.py:115} INFO - [2022-10-01T00:27:41.610+0000] {dagbag.py:508} INFO - Filling up the DagBag from /home/airflow/.local/lib/python3.7/site-packages/airflow/example_dags/example_trigger_controller_dag.py
[2022-10-01T00:27:41.614+0000] {processor.py:650} INFO - DAG(s) dict_keys(['example_trigger_controller_dag']) retrieved from /home/airflow/.local/lib/python3.7/site-packages/airflow/example_dags/example_trigger_controller_dag.py
[2022-10-01T00:27:41.657+0000] {logging_mixin.py:115} INFO - [2022-10-01T00:27:41.656+0000] {dag.py:2429} INFO - Sync 1 DAGs
[2022-10-01T00:27:41.685+0000] {logging_mixin.py:115} INFO - [2022-10-01T00:27:41.684+0000] {dag.py:2981} INFO - Setting next_dagrun for example_trigger_controller_dag to 2021-01-01T00:00:00+00:00, run_after=2021-01-01T00:00:00+00:00
[2022-10-01T00:27:41.708+0000] {processor.py:161} INFO - Processing /home/airflow/.local/lib/python3.7/site-packages/airflow/example_dags/example_trigger_controller_dag.py took 0.105 seconds
[2022-10-01T00:28:12.497+0000] {processor.py:153} INFO - Started process (PID=36827) to work on /home/airflow/.local/lib/python3.7/site-packages/airflow/example_dags/example_trigger_controller_dag.py
[2022-10-01T00:28:12.500+0000] {processor.py:640} INFO - Processing file /home/airflow/.local/lib/python3.7/site-packages/airflow/example_dags/example_trigger_controller_dag.py for tasks to queue
[2022-10-01T00:28:12.501+0000] {logging_mixin.py:115} INFO - [2022-10-01T00:28:12.501+0000] {dagbag.py:508} INFO - Filling up the DagBag from /home/airflow/.local/lib/python3.7/site-packages/airflow/example_dags/example_trigger_controller_dag.py
[2022-10-01T00:28:12.505+0000] {processor.py:650} INFO - DAG(s) dict_keys(['example_trigger_controller_dag']) retrieved from /home/airflow/.local/lib/python3.7/site-packages/airflow/example_dags/example_trigger_controller_dag.py
[2022-10-01T00:28:12.533+0000] {logging_mixin.py:115} INFO - [2022-10-01T00:28:12.533+0000] {dag.py:2429} INFO - Sync 1 DAGs
[2022-10-01T00:28:12.549+0000] {logging_mixin.py:115} INFO - [2022-10-01T00:28:12.549+0000] {dag.py:2981} INFO - Setting next_dagrun for example_trigger_controller_dag to 2021-01-01T00:00:00+00:00, run_after=2021-01-01T00:00:00+00:00
[2022-10-01T00:28:12.557+0000] {processor.py:161} INFO - Processing /home/airflow/.local/lib/python3.7/site-packages/airflow/example_dags/example_trigger_controller_dag.py took 0.064 seconds
[2022-10-01T00:28:43.016+0000] {processor.py:153} INFO - Started process (PID=36893) to work on /home/airflow/.local/lib/python3.7/site-packages/airflow/example_dags/example_trigger_controller_dag.py
[2022-10-01T00:28:43.018+0000] {processor.py:640} INFO - Processing file /home/airflow/.local/lib/python3.7/site-packages/airflow/example_dags/example_trigger_controller_dag.py for tasks to queue
[2022-10-01T00:28:43.019+0000] {logging_mixin.py:115} INFO - [2022-10-01T00:28:43.019+0000] {dagbag.py:508} INFO - Filling up the DagBag from /home/airflow/.local/lib/python3.7/site-packages/airflow/example_dags/example_trigger_controller_dag.py
[2022-10-01T00:28:43.023+0000] {processor.py:650} INFO - DAG(s) dict_keys(['example_trigger_controller_dag']) retrieved from /home/airflow/.local/lib/python3.7/site-packages/airflow/example_dags/example_trigger_controller_dag.py
[2022-10-01T00:28:43.049+0000] {logging_mixin.py:115} INFO - [2022-10-01T00:28:43.049+0000] {dag.py:2429} INFO - Sync 1 DAGs
[2022-10-01T00:28:43.063+0000] {logging_mixin.py:115} INFO - [2022-10-01T00:28:43.063+0000] {dag.py:2981} INFO - Setting next_dagrun for example_trigger_controller_dag to 2021-01-01T00:00:00+00:00, run_after=2021-01-01T00:00:00+00:00
[2022-10-01T00:28:43.070+0000] {processor.py:161} INFO - Processing /home/airflow/.local/lib/python3.7/site-packages/airflow/example_dags/example_trigger_controller_dag.py took 0.058 seconds
[2022-10-01T00:29:13.562+0000] {processor.py:153} INFO - Started process (PID=36959) to work on /home/airflow/.local/lib/python3.7/site-packages/airflow/example_dags/example_trigger_controller_dag.py
[2022-10-01T00:29:13.564+0000] {processor.py:640} INFO - Processing file /home/airflow/.local/lib/python3.7/site-packages/airflow/example_dags/example_trigger_controller_dag.py for tasks to queue
[2022-10-01T00:29:13.566+0000] {logging_mixin.py:115} INFO - [2022-10-01T00:29:13.565+0000] {dagbag.py:508} INFO - Filling up the DagBag from /home/airflow/.local/lib/python3.7/site-packages/airflow/example_dags/example_trigger_controller_dag.py
[2022-10-01T00:29:13.570+0000] {processor.py:650} INFO - DAG(s) dict_keys(['example_trigger_controller_dag']) retrieved from /home/airflow/.local/lib/python3.7/site-packages/airflow/example_dags/example_trigger_controller_dag.py
[2022-10-01T00:29:13.606+0000] {logging_mixin.py:115} INFO - [2022-10-01T00:29:13.606+0000] {dag.py:2429} INFO - Sync 1 DAGs
[2022-10-01T00:29:13.626+0000] {logging_mixin.py:115} INFO - [2022-10-01T00:29:13.626+0000] {dag.py:2981} INFO - Setting next_dagrun for example_trigger_controller_dag to 2021-01-01T00:00:00+00:00, run_after=2021-01-01T00:00:00+00:00
[2022-10-01T00:29:13.652+0000] {processor.py:161} INFO - Processing /home/airflow/.local/lib/python3.7/site-packages/airflow/example_dags/example_trigger_controller_dag.py took 0.093 seconds
[2022-10-01T00:29:44.119+0000] {processor.py:153} INFO - Started process (PID=37016) to work on /home/airflow/.local/lib/python3.7/site-packages/airflow/example_dags/example_trigger_controller_dag.py
[2022-10-01T00:29:44.123+0000] {processor.py:640} INFO - Processing file /home/airflow/.local/lib/python3.7/site-packages/airflow/example_dags/example_trigger_controller_dag.py for tasks to queue
[2022-10-01T00:29:44.127+0000] {logging_mixin.py:115} INFO - [2022-10-01T00:29:44.126+0000] {dagbag.py:508} INFO - Filling up the DagBag from /home/airflow/.local/lib/python3.7/site-packages/airflow/example_dags/example_trigger_controller_dag.py
[2022-10-01T00:29:44.131+0000] {processor.py:650} INFO - DAG(s) dict_keys(['example_trigger_controller_dag']) retrieved from /home/airflow/.local/lib/python3.7/site-packages/airflow/example_dags/example_trigger_controller_dag.py
[2022-10-01T00:29:44.155+0000] {logging_mixin.py:115} INFO - [2022-10-01T00:29:44.155+0000] {dag.py:2429} INFO - Sync 1 DAGs
[2022-10-01T00:29:44.168+0000] {logging_mixin.py:115} INFO - [2022-10-01T00:29:44.168+0000] {dag.py:2981} INFO - Setting next_dagrun for example_trigger_controller_dag to 2021-01-01T00:00:00+00:00, run_after=2021-01-01T00:00:00+00:00
[2022-10-01T00:29:44.176+0000] {processor.py:161} INFO - Processing /home/airflow/.local/lib/python3.7/site-packages/airflow/example_dags/example_trigger_controller_dag.py took 0.061 seconds
[2022-10-01T00:30:14.975+0000] {processor.py:153} INFO - Started process (PID=37081) to work on /home/airflow/.local/lib/python3.7/site-packages/airflow/example_dags/example_trigger_controller_dag.py
[2022-10-01T00:30:14.978+0000] {processor.py:640} INFO - Processing file /home/airflow/.local/lib/python3.7/site-packages/airflow/example_dags/example_trigger_controller_dag.py for tasks to queue
[2022-10-01T00:30:14.979+0000] {logging_mixin.py:115} INFO - [2022-10-01T00:30:14.979+0000] {dagbag.py:508} INFO - Filling up the DagBag from /home/airflow/.local/lib/python3.7/site-packages/airflow/example_dags/example_trigger_controller_dag.py
[2022-10-01T00:30:14.982+0000] {processor.py:650} INFO - DAG(s) dict_keys(['example_trigger_controller_dag']) retrieved from /home/airflow/.local/lib/python3.7/site-packages/airflow/example_dags/example_trigger_controller_dag.py
[2022-10-01T00:30:15.006+0000] {logging_mixin.py:115} INFO - [2022-10-01T00:30:15.006+0000] {dag.py:2429} INFO - Sync 1 DAGs
[2022-10-01T00:30:15.022+0000] {logging_mixin.py:115} INFO - [2022-10-01T00:30:15.022+0000] {dag.py:2981} INFO - Setting next_dagrun for example_trigger_controller_dag to 2021-01-01T00:00:00+00:00, run_after=2021-01-01T00:00:00+00:00
[2022-10-01T00:30:15.029+0000] {processor.py:161} INFO - Processing /home/airflow/.local/lib/python3.7/site-packages/airflow/example_dags/example_trigger_controller_dag.py took 0.057 seconds
[2022-10-01T00:30:45.309+0000] {processor.py:153} INFO - Started process (PID=37147) to work on /home/airflow/.local/lib/python3.7/site-packages/airflow/example_dags/example_trigger_controller_dag.py
[2022-10-01T00:30:45.312+0000] {processor.py:640} INFO - Processing file /home/airflow/.local/lib/python3.7/site-packages/airflow/example_dags/example_trigger_controller_dag.py for tasks to queue
[2022-10-01T00:30:45.313+0000] {logging_mixin.py:115} INFO - [2022-10-01T00:30:45.313+0000] {dagbag.py:508} INFO - Filling up the DagBag from /home/airflow/.local/lib/python3.7/site-packages/airflow/example_dags/example_trigger_controller_dag.py
[2022-10-01T00:30:45.316+0000] {processor.py:650} INFO - DAG(s) dict_keys(['example_trigger_controller_dag']) retrieved from /home/airflow/.local/lib/python3.7/site-packages/airflow/example_dags/example_trigger_controller_dag.py
[2022-10-01T00:30:45.337+0000] {logging_mixin.py:115} INFO - [2022-10-01T00:30:45.337+0000] {dag.py:2429} INFO - Sync 1 DAGs
[2022-10-01T00:30:45.350+0000] {logging_mixin.py:115} INFO - [2022-10-01T00:30:45.350+0000] {dag.py:2981} INFO - Setting next_dagrun for example_trigger_controller_dag to 2021-01-01T00:00:00+00:00, run_after=2021-01-01T00:00:00+00:00
[2022-10-01T00:30:45.358+0000] {processor.py:161} INFO - Processing /home/airflow/.local/lib/python3.7/site-packages/airflow/example_dags/example_trigger_controller_dag.py took 0.053 seconds
[2022-10-01T00:31:15.709+0000] {processor.py:153} INFO - Started process (PID=37213) to work on /home/airflow/.local/lib/python3.7/site-packages/airflow/example_dags/example_trigger_controller_dag.py
[2022-10-01T00:31:15.722+0000] {processor.py:640} INFO - Processing file /home/airflow/.local/lib/python3.7/site-packages/airflow/example_dags/example_trigger_controller_dag.py for tasks to queue
[2022-10-01T00:31:15.723+0000] {logging_mixin.py:115} INFO - [2022-10-01T00:31:15.723+0000] {dagbag.py:508} INFO - Filling up the DagBag from /home/airflow/.local/lib/python3.7/site-packages/airflow/example_dags/example_trigger_controller_dag.py
[2022-10-01T00:31:15.727+0000] {processor.py:650} INFO - DAG(s) dict_keys(['example_trigger_controller_dag']) retrieved from /home/airflow/.local/lib/python3.7/site-packages/airflow/example_dags/example_trigger_controller_dag.py
[2022-10-01T00:31:15.760+0000] {logging_mixin.py:115} INFO - [2022-10-01T00:31:15.760+0000] {dag.py:2429} INFO - Sync 1 DAGs
[2022-10-01T00:31:15.784+0000] {logging_mixin.py:115} INFO - [2022-10-01T00:31:15.784+0000] {dag.py:2981} INFO - Setting next_dagrun for example_trigger_controller_dag to 2021-01-01T00:00:00+00:00, run_after=2021-01-01T00:00:00+00:00
[2022-10-01T00:31:15.795+0000] {processor.py:161} INFO - Processing /home/airflow/.local/lib/python3.7/site-packages/airflow/example_dags/example_trigger_controller_dag.py took 0.089 seconds
[2022-10-01T00:31:46.430+0000] {processor.py:153} INFO - Started process (PID=37270) to work on /home/airflow/.local/lib/python3.7/site-packages/airflow/example_dags/example_trigger_controller_dag.py
[2022-10-01T00:31:46.433+0000] {processor.py:640} INFO - Processing file /home/airflow/.local/lib/python3.7/site-packages/airflow/example_dags/example_trigger_controller_dag.py for tasks to queue
[2022-10-01T00:31:46.434+0000] {logging_mixin.py:115} INFO - [2022-10-01T00:31:46.434+0000] {dagbag.py:508} INFO - Filling up the DagBag from /home/airflow/.local/lib/python3.7/site-packages/airflow/example_dags/example_trigger_controller_dag.py
[2022-10-01T00:31:46.438+0000] {processor.py:650} INFO - DAG(s) dict_keys(['example_trigger_controller_dag']) retrieved from /home/airflow/.local/lib/python3.7/site-packages/airflow/example_dags/example_trigger_controller_dag.py
[2022-10-01T00:31:46.461+0000] {logging_mixin.py:115} INFO - [2022-10-01T00:31:46.460+0000] {dag.py:2429} INFO - Sync 1 DAGs
[2022-10-01T00:31:46.475+0000] {logging_mixin.py:115} INFO - [2022-10-01T00:31:46.475+0000] {dag.py:2981} INFO - Setting next_dagrun for example_trigger_controller_dag to 2021-01-01T00:00:00+00:00, run_after=2021-01-01T00:00:00+00:00
[2022-10-01T00:31:46.483+0000] {processor.py:161} INFO - Processing /home/airflow/.local/lib/python3.7/site-packages/airflow/example_dags/example_trigger_controller_dag.py took 0.057 seconds
[2022-10-01T00:32:16.816+0000] {processor.py:153} INFO - Started process (PID=37336) to work on /home/airflow/.local/lib/python3.7/site-packages/airflow/example_dags/example_trigger_controller_dag.py
[2022-10-01T00:32:16.819+0000] {processor.py:640} INFO - Processing file /home/airflow/.local/lib/python3.7/site-packages/airflow/example_dags/example_trigger_controller_dag.py for tasks to queue
[2022-10-01T00:32:16.820+0000] {logging_mixin.py:115} INFO - [2022-10-01T00:32:16.820+0000] {dagbag.py:508} INFO - Filling up the DagBag from /home/airflow/.local/lib/python3.7/site-packages/airflow/example_dags/example_trigger_controller_dag.py
[2022-10-01T00:32:16.824+0000] {processor.py:650} INFO - DAG(s) dict_keys(['example_trigger_controller_dag']) retrieved from /home/airflow/.local/lib/python3.7/site-packages/airflow/example_dags/example_trigger_controller_dag.py
[2022-10-01T00:32:16.848+0000] {logging_mixin.py:115} INFO - [2022-10-01T00:32:16.847+0000] {dag.py:2429} INFO - Sync 1 DAGs
[2022-10-01T00:32:16.862+0000] {logging_mixin.py:115} INFO - [2022-10-01T00:32:16.862+0000] {dag.py:2981} INFO - Setting next_dagrun for example_trigger_controller_dag to 2021-01-01T00:00:00+00:00, run_after=2021-01-01T00:00:00+00:00
[2022-10-01T00:32:16.872+0000] {processor.py:161} INFO - Processing /home/airflow/.local/lib/python3.7/site-packages/airflow/example_dags/example_trigger_controller_dag.py took 0.061 seconds
[2022-10-01T00:32:46.924+0000] {processor.py:153} INFO - Started process (PID=37392) to work on /home/airflow/.local/lib/python3.7/site-packages/airflow/example_dags/example_trigger_controller_dag.py
[2022-10-01T00:32:46.927+0000] {processor.py:640} INFO - Processing file /home/airflow/.local/lib/python3.7/site-packages/airflow/example_dags/example_trigger_controller_dag.py for tasks to queue
[2022-10-01T00:32:46.929+0000] {logging_mixin.py:115} INFO - [2022-10-01T00:32:46.929+0000] {dagbag.py:508} INFO - Filling up the DagBag from /home/airflow/.local/lib/python3.7/site-packages/airflow/example_dags/example_trigger_controller_dag.py
[2022-10-01T00:32:46.933+0000] {processor.py:650} INFO - DAG(s) dict_keys(['example_trigger_controller_dag']) retrieved from /home/airflow/.local/lib/python3.7/site-packages/airflow/example_dags/example_trigger_controller_dag.py
[2022-10-01T00:32:46.958+0000] {logging_mixin.py:115} INFO - [2022-10-01T00:32:46.958+0000] {dag.py:2429} INFO - Sync 1 DAGs
[2022-10-01T00:32:46.976+0000] {logging_mixin.py:115} INFO - [2022-10-01T00:32:46.975+0000] {dag.py:2981} INFO - Setting next_dagrun for example_trigger_controller_dag to 2021-01-01T00:00:00+00:00, run_after=2021-01-01T00:00:00+00:00
[2022-10-01T00:32:46.985+0000] {processor.py:161} INFO - Processing /home/airflow/.local/lib/python3.7/site-packages/airflow/example_dags/example_trigger_controller_dag.py took 0.064 seconds
[2022-10-01T00:33:17.320+0000] {processor.py:153} INFO - Started process (PID=37458) to work on /home/airflow/.local/lib/python3.7/site-packages/airflow/example_dags/example_trigger_controller_dag.py
[2022-10-01T00:33:17.325+0000] {processor.py:640} INFO - Processing file /home/airflow/.local/lib/python3.7/site-packages/airflow/example_dags/example_trigger_controller_dag.py for tasks to queue
[2022-10-01T00:33:17.326+0000] {logging_mixin.py:115} INFO - [2022-10-01T00:33:17.326+0000] {dagbag.py:508} INFO - Filling up the DagBag from /home/airflow/.local/lib/python3.7/site-packages/airflow/example_dags/example_trigger_controller_dag.py
[2022-10-01T00:33:17.330+0000] {processor.py:650} INFO - DAG(s) dict_keys(['example_trigger_controller_dag']) retrieved from /home/airflow/.local/lib/python3.7/site-packages/airflow/example_dags/example_trigger_controller_dag.py
[2022-10-01T00:33:17.358+0000] {logging_mixin.py:115} INFO - [2022-10-01T00:33:17.357+0000] {dag.py:2429} INFO - Sync 1 DAGs
[2022-10-01T00:33:17.377+0000] {logging_mixin.py:115} INFO - [2022-10-01T00:33:17.377+0000] {dag.py:2981} INFO - Setting next_dagrun for example_trigger_controller_dag to 2021-01-01T00:00:00+00:00, run_after=2021-01-01T00:00:00+00:00
[2022-10-01T00:33:17.394+0000] {processor.py:161} INFO - Processing /home/airflow/.local/lib/python3.7/site-packages/airflow/example_dags/example_trigger_controller_dag.py took 0.077 seconds
[2022-10-01T00:33:47.713+0000] {processor.py:153} INFO - Started process (PID=37520) to work on /home/airflow/.local/lib/python3.7/site-packages/airflow/example_dags/example_trigger_controller_dag.py
[2022-10-01T00:33:47.715+0000] {processor.py:640} INFO - Processing file /home/airflow/.local/lib/python3.7/site-packages/airflow/example_dags/example_trigger_controller_dag.py for tasks to queue
[2022-10-01T00:33:47.717+0000] {logging_mixin.py:115} INFO - [2022-10-01T00:33:47.717+0000] {dagbag.py:508} INFO - Filling up the DagBag from /home/airflow/.local/lib/python3.7/site-packages/airflow/example_dags/example_trigger_controller_dag.py
[2022-10-01T00:33:47.721+0000] {processor.py:650} INFO - DAG(s) dict_keys(['example_trigger_controller_dag']) retrieved from /home/airflow/.local/lib/python3.7/site-packages/airflow/example_dags/example_trigger_controller_dag.py
[2022-10-01T00:33:47.746+0000] {logging_mixin.py:115} INFO - [2022-10-01T00:33:47.746+0000] {dag.py:2429} INFO - Sync 1 DAGs
[2022-10-01T00:33:47.769+0000] {logging_mixin.py:115} INFO - [2022-10-01T00:33:47.769+0000] {dag.py:2981} INFO - Setting next_dagrun for example_trigger_controller_dag to 2021-01-01T00:00:00+00:00, run_after=2021-01-01T00:00:00+00:00
[2022-10-01T00:33:47.782+0000] {processor.py:161} INFO - Processing /home/airflow/.local/lib/python3.7/site-packages/airflow/example_dags/example_trigger_controller_dag.py took 0.073 seconds
[2022-10-01T00:34:18.440+0000] {processor.py:153} INFO - Started process (PID=37580) to work on /home/airflow/.local/lib/python3.7/site-packages/airflow/example_dags/example_trigger_controller_dag.py
[2022-10-01T00:34:18.443+0000] {processor.py:640} INFO - Processing file /home/airflow/.local/lib/python3.7/site-packages/airflow/example_dags/example_trigger_controller_dag.py for tasks to queue
[2022-10-01T00:34:18.444+0000] {logging_mixin.py:115} INFO - [2022-10-01T00:34:18.444+0000] {dagbag.py:508} INFO - Filling up the DagBag from /home/airflow/.local/lib/python3.7/site-packages/airflow/example_dags/example_trigger_controller_dag.py
[2022-10-01T00:34:18.452+0000] {processor.py:650} INFO - DAG(s) dict_keys(['example_trigger_controller_dag']) retrieved from /home/airflow/.local/lib/python3.7/site-packages/airflow/example_dags/example_trigger_controller_dag.py
[2022-10-01T00:34:18.473+0000] {logging_mixin.py:115} INFO - [2022-10-01T00:34:18.473+0000] {dag.py:2429} INFO - Sync 1 DAGs
[2022-10-01T00:34:18.489+0000] {logging_mixin.py:115} INFO - [2022-10-01T00:34:18.489+0000] {dag.py:2981} INFO - Setting next_dagrun for example_trigger_controller_dag to 2021-01-01T00:00:00+00:00, run_after=2021-01-01T00:00:00+00:00
[2022-10-01T00:34:18.512+0000] {processor.py:161} INFO - Processing /home/airflow/.local/lib/python3.7/site-packages/airflow/example_dags/example_trigger_controller_dag.py took 0.074 seconds
[2022-10-01T00:34:49.286+0000] {processor.py:153} INFO - Started process (PID=37646) to work on /home/airflow/.local/lib/python3.7/site-packages/airflow/example_dags/example_trigger_controller_dag.py
[2022-10-01T00:34:49.288+0000] {processor.py:640} INFO - Processing file /home/airflow/.local/lib/python3.7/site-packages/airflow/example_dags/example_trigger_controller_dag.py for tasks to queue
[2022-10-01T00:34:49.289+0000] {logging_mixin.py:115} INFO - [2022-10-01T00:34:49.289+0000] {dagbag.py:508} INFO - Filling up the DagBag from /home/airflow/.local/lib/python3.7/site-packages/airflow/example_dags/example_trigger_controller_dag.py
[2022-10-01T00:34:49.292+0000] {processor.py:650} INFO - DAG(s) dict_keys(['example_trigger_controller_dag']) retrieved from /home/airflow/.local/lib/python3.7/site-packages/airflow/example_dags/example_trigger_controller_dag.py
[2022-10-01T00:34:49.313+0000] {logging_mixin.py:115} INFO - [2022-10-01T00:34:49.312+0000] {dag.py:2429} INFO - Sync 1 DAGs
[2022-10-01T00:34:49.332+0000] {logging_mixin.py:115} INFO - [2022-10-01T00:34:49.332+0000] {dag.py:2981} INFO - Setting next_dagrun for example_trigger_controller_dag to 2021-01-01T00:00:00+00:00, run_after=2021-01-01T00:00:00+00:00
[2022-10-01T00:34:49.341+0000] {processor.py:161} INFO - Processing /home/airflow/.local/lib/python3.7/site-packages/airflow/example_dags/example_trigger_controller_dag.py took 0.057 seconds
[2022-10-01T00:35:19.821+0000] {processor.py:153} INFO - Started process (PID=37703) to work on /home/airflow/.local/lib/python3.7/site-packages/airflow/example_dags/example_trigger_controller_dag.py
[2022-10-01T00:35:19.826+0000] {processor.py:640} INFO - Processing file /home/airflow/.local/lib/python3.7/site-packages/airflow/example_dags/example_trigger_controller_dag.py for tasks to queue
[2022-10-01T00:35:19.827+0000] {logging_mixin.py:115} INFO - [2022-10-01T00:35:19.827+0000] {dagbag.py:508} INFO - Filling up the DagBag from /home/airflow/.local/lib/python3.7/site-packages/airflow/example_dags/example_trigger_controller_dag.py
[2022-10-01T00:35:19.830+0000] {processor.py:650} INFO - DAG(s) dict_keys(['example_trigger_controller_dag']) retrieved from /home/airflow/.local/lib/python3.7/site-packages/airflow/example_dags/example_trigger_controller_dag.py
[2022-10-01T00:35:19.851+0000] {logging_mixin.py:115} INFO - [2022-10-01T00:35:19.851+0000] {dag.py:2429} INFO - Sync 1 DAGs
[2022-10-01T00:35:19.865+0000] {logging_mixin.py:115} INFO - [2022-10-01T00:35:19.865+0000] {dag.py:2981} INFO - Setting next_dagrun for example_trigger_controller_dag to 2021-01-01T00:00:00+00:00, run_after=2021-01-01T00:00:00+00:00
[2022-10-01T00:35:19.872+0000] {processor.py:161} INFO - Processing /home/airflow/.local/lib/python3.7/site-packages/airflow/example_dags/example_trigger_controller_dag.py took 0.055 seconds
[2022-10-01T00:35:50.984+0000] {processor.py:153} INFO - Started process (PID=37770) to work on /home/airflow/.local/lib/python3.7/site-packages/airflow/example_dags/example_trigger_controller_dag.py
[2022-10-01T00:35:50.985+0000] {processor.py:640} INFO - Processing file /home/airflow/.local/lib/python3.7/site-packages/airflow/example_dags/example_trigger_controller_dag.py for tasks to queue
[2022-10-01T00:35:50.986+0000] {logging_mixin.py:115} INFO - [2022-10-01T00:35:50.986+0000] {dagbag.py:508} INFO - Filling up the DagBag from /home/airflow/.local/lib/python3.7/site-packages/airflow/example_dags/example_trigger_controller_dag.py
[2022-10-01T00:35:50.989+0000] {processor.py:650} INFO - DAG(s) dict_keys(['example_trigger_controller_dag']) retrieved from /home/airflow/.local/lib/python3.7/site-packages/airflow/example_dags/example_trigger_controller_dag.py
[2022-10-01T00:35:51.009+0000] {logging_mixin.py:115} INFO - [2022-10-01T00:35:51.008+0000] {dag.py:2429} INFO - Sync 1 DAGs
[2022-10-01T00:35:51.022+0000] {logging_mixin.py:115} INFO - [2022-10-01T00:35:51.022+0000] {dag.py:2981} INFO - Setting next_dagrun for example_trigger_controller_dag to 2021-01-01T00:00:00+00:00, run_after=2021-01-01T00:00:00+00:00
[2022-10-01T00:35:51.030+0000] {processor.py:161} INFO - Processing /home/airflow/.local/lib/python3.7/site-packages/airflow/example_dags/example_trigger_controller_dag.py took 0.050 seconds
