[2022-10-01T00:00:23.119+0000] {processor.py:153} INFO - Started process (PID=33925) to work on /home/airflow/.local/lib/python3.7/site-packages/airflow/example_dags/example_short_circuit_operator.py
[2022-10-01T00:00:23.120+0000] {processor.py:640} INFO - Processing file /home/airflow/.local/lib/python3.7/site-packages/airflow/example_dags/example_short_circuit_operator.py for tasks to queue
[2022-10-01T00:00:23.121+0000] {logging_mixin.py:115} INFO - [2022-10-01T00:00:23.121+0000] {dagbag.py:508} INFO - Filling up the DagBag from /home/airflow/.local/lib/python3.7/site-packages/airflow/example_dags/example_short_circuit_operator.py
[2022-10-01T00:00:23.127+0000] {processor.py:650} INFO - DAG(s) dict_keys(['example_short_circuit_operator']) retrieved from /home/airflow/.local/lib/python3.7/site-packages/airflow/example_dags/example_short_circuit_operator.py
[2022-10-01T00:00:23.147+0000] {logging_mixin.py:115} INFO - [2022-10-01T00:00:23.147+0000] {dag.py:2429} INFO - Sync 1 DAGs
[2022-10-01T00:00:23.161+0000] {logging_mixin.py:115} INFO - [2022-10-01T00:00:23.161+0000] {dag.py:2981} INFO - Setting next_dagrun for example_short_circuit_operator to 2022-09-30T00:00:23.161061+00:00, run_after=2022-10-01T00:00:23.161061+00:00
[2022-10-01T00:00:23.169+0000] {processor.py:161} INFO - Processing /home/airflow/.local/lib/python3.7/site-packages/airflow/example_dags/example_short_circuit_operator.py took 0.053 seconds
[2022-10-01T00:00:53.667+0000] {processor.py:153} INFO - Started process (PID=33992) to work on /home/airflow/.local/lib/python3.7/site-packages/airflow/example_dags/example_short_circuit_operator.py
[2022-10-01T00:00:53.669+0000] {processor.py:640} INFO - Processing file /home/airflow/.local/lib/python3.7/site-packages/airflow/example_dags/example_short_circuit_operator.py for tasks to queue
[2022-10-01T00:00:53.670+0000] {logging_mixin.py:115} INFO - [2022-10-01T00:00:53.670+0000] {dagbag.py:508} INFO - Filling up the DagBag from /home/airflow/.local/lib/python3.7/site-packages/airflow/example_dags/example_short_circuit_operator.py
[2022-10-01T00:00:53.676+0000] {processor.py:650} INFO - DAG(s) dict_keys(['example_short_circuit_operator']) retrieved from /home/airflow/.local/lib/python3.7/site-packages/airflow/example_dags/example_short_circuit_operator.py
[2022-10-01T00:00:53.693+0000] {logging_mixin.py:115} INFO - [2022-10-01T00:00:53.693+0000] {dag.py:2429} INFO - Sync 1 DAGs
[2022-10-01T00:00:53.706+0000] {logging_mixin.py:115} INFO - [2022-10-01T00:00:53.706+0000] {dag.py:2981} INFO - Setting next_dagrun for example_short_circuit_operator to 2022-09-30T00:00:53.706343+00:00, run_after=2022-10-01T00:00:53.706343+00:00
[2022-10-01T00:00:53.714+0000] {processor.py:161} INFO - Processing /home/airflow/.local/lib/python3.7/site-packages/airflow/example_dags/example_short_circuit_operator.py took 0.049 seconds
[2022-10-01T00:01:24.256+0000] {processor.py:153} INFO - Started process (PID=34057) to work on /home/airflow/.local/lib/python3.7/site-packages/airflow/example_dags/example_short_circuit_operator.py
[2022-10-01T00:01:24.258+0000] {processor.py:640} INFO - Processing file /home/airflow/.local/lib/python3.7/site-packages/airflow/example_dags/example_short_circuit_operator.py for tasks to queue
[2022-10-01T00:01:24.259+0000] {logging_mixin.py:115} INFO - [2022-10-01T00:01:24.259+0000] {dagbag.py:508} INFO - Filling up the DagBag from /home/airflow/.local/lib/python3.7/site-packages/airflow/example_dags/example_short_circuit_operator.py
[2022-10-01T00:01:24.265+0000] {processor.py:650} INFO - DAG(s) dict_keys(['example_short_circuit_operator']) retrieved from /home/airflow/.local/lib/python3.7/site-packages/airflow/example_dags/example_short_circuit_operator.py
[2022-10-01T00:01:24.285+0000] {logging_mixin.py:115} INFO - [2022-10-01T00:01:24.285+0000] {dag.py:2429} INFO - Sync 1 DAGs
[2022-10-01T00:01:24.300+0000] {logging_mixin.py:115} INFO - [2022-10-01T00:01:24.300+0000] {dag.py:2981} INFO - Setting next_dagrun for example_short_circuit_operator to 2022-09-30T00:01:24.300692+00:00, run_after=2022-10-01T00:01:24.300692+00:00
[2022-10-01T00:01:24.310+0000] {processor.py:161} INFO - Processing /home/airflow/.local/lib/python3.7/site-packages/airflow/example_dags/example_short_circuit_operator.py took 0.056 seconds
[2022-10-01T00:01:54.696+0000] {processor.py:153} INFO - Started process (PID=34115) to work on /home/airflow/.local/lib/python3.7/site-packages/airflow/example_dags/example_short_circuit_operator.py
[2022-10-01T00:01:54.698+0000] {processor.py:640} INFO - Processing file /home/airflow/.local/lib/python3.7/site-packages/airflow/example_dags/example_short_circuit_operator.py for tasks to queue
[2022-10-01T00:01:54.699+0000] {logging_mixin.py:115} INFO - [2022-10-01T00:01:54.699+0000] {dagbag.py:508} INFO - Filling up the DagBag from /home/airflow/.local/lib/python3.7/site-packages/airflow/example_dags/example_short_circuit_operator.py
[2022-10-01T00:01:54.707+0000] {processor.py:650} INFO - DAG(s) dict_keys(['example_short_circuit_operator']) retrieved from /home/airflow/.local/lib/python3.7/site-packages/airflow/example_dags/example_short_circuit_operator.py
[2022-10-01T00:01:54.734+0000] {logging_mixin.py:115} INFO - [2022-10-01T00:01:54.733+0000] {dag.py:2429} INFO - Sync 1 DAGs
[2022-10-01T00:01:54.753+0000] {logging_mixin.py:115} INFO - [2022-10-01T00:01:54.753+0000] {dag.py:2981} INFO - Setting next_dagrun for example_short_circuit_operator to 2022-09-30T00:01:54.753405+00:00, run_after=2022-10-01T00:01:54.753405+00:00
[2022-10-01T00:01:54.763+0000] {processor.py:161} INFO - Processing /home/airflow/.local/lib/python3.7/site-packages/airflow/example_dags/example_short_circuit_operator.py took 0.071 seconds
[2022-10-01T00:02:25.060+0000] {processor.py:153} INFO - Started process (PID=34181) to work on /home/airflow/.local/lib/python3.7/site-packages/airflow/example_dags/example_short_circuit_operator.py
[2022-10-01T00:02:25.062+0000] {processor.py:640} INFO - Processing file /home/airflow/.local/lib/python3.7/site-packages/airflow/example_dags/example_short_circuit_operator.py for tasks to queue
[2022-10-01T00:02:25.063+0000] {logging_mixin.py:115} INFO - [2022-10-01T00:02:25.063+0000] {dagbag.py:508} INFO - Filling up the DagBag from /home/airflow/.local/lib/python3.7/site-packages/airflow/example_dags/example_short_circuit_operator.py
[2022-10-01T00:02:25.069+0000] {processor.py:650} INFO - DAG(s) dict_keys(['example_short_circuit_operator']) retrieved from /home/airflow/.local/lib/python3.7/site-packages/airflow/example_dags/example_short_circuit_operator.py
[2022-10-01T00:02:25.089+0000] {logging_mixin.py:115} INFO - [2022-10-01T00:02:25.089+0000] {dag.py:2429} INFO - Sync 1 DAGs
[2022-10-01T00:02:25.103+0000] {logging_mixin.py:115} INFO - [2022-10-01T00:02:25.103+0000] {dag.py:2981} INFO - Setting next_dagrun for example_short_circuit_operator to 2022-09-30T00:02:25.103368+00:00, run_after=2022-10-01T00:02:25.103368+00:00
[2022-10-01T00:02:25.111+0000] {processor.py:161} INFO - Processing /home/airflow/.local/lib/python3.7/site-packages/airflow/example_dags/example_short_circuit_operator.py took 0.053 seconds
[2022-10-01T00:02:55.564+0000] {processor.py:153} INFO - Started process (PID=34247) to work on /home/airflow/.local/lib/python3.7/site-packages/airflow/example_dags/example_short_circuit_operator.py
[2022-10-01T00:02:55.566+0000] {processor.py:640} INFO - Processing file /home/airflow/.local/lib/python3.7/site-packages/airflow/example_dags/example_short_circuit_operator.py for tasks to queue
[2022-10-01T00:02:55.567+0000] {logging_mixin.py:115} INFO - [2022-10-01T00:02:55.567+0000] {dagbag.py:508} INFO - Filling up the DagBag from /home/airflow/.local/lib/python3.7/site-packages/airflow/example_dags/example_short_circuit_operator.py
[2022-10-01T00:02:55.574+0000] {processor.py:650} INFO - DAG(s) dict_keys(['example_short_circuit_operator']) retrieved from /home/airflow/.local/lib/python3.7/site-packages/airflow/example_dags/example_short_circuit_operator.py
[2022-10-01T00:02:55.593+0000] {logging_mixin.py:115} INFO - [2022-10-01T00:02:55.592+0000] {dag.py:2429} INFO - Sync 1 DAGs
[2022-10-01T00:02:55.608+0000] {logging_mixin.py:115} INFO - [2022-10-01T00:02:55.608+0000] {dag.py:2981} INFO - Setting next_dagrun for example_short_circuit_operator to 2022-09-30T00:02:55.607970+00:00, run_after=2022-10-01T00:02:55.607970+00:00
[2022-10-01T00:02:55.616+0000] {processor.py:161} INFO - Processing /home/airflow/.local/lib/python3.7/site-packages/airflow/example_dags/example_short_circuit_operator.py took 0.055 seconds
[2022-10-01T00:03:25.778+0000] {processor.py:153} INFO - Started process (PID=34314) to work on /home/airflow/.local/lib/python3.7/site-packages/airflow/example_dags/example_short_circuit_operator.py
[2022-10-01T00:03:25.780+0000] {processor.py:640} INFO - Processing file /home/airflow/.local/lib/python3.7/site-packages/airflow/example_dags/example_short_circuit_operator.py for tasks to queue
[2022-10-01T00:03:25.781+0000] {logging_mixin.py:115} INFO - [2022-10-01T00:03:25.781+0000] {dagbag.py:508} INFO - Filling up the DagBag from /home/airflow/.local/lib/python3.7/site-packages/airflow/example_dags/example_short_circuit_operator.py
[2022-10-01T00:03:25.786+0000] {processor.py:650} INFO - DAG(s) dict_keys(['example_short_circuit_operator']) retrieved from /home/airflow/.local/lib/python3.7/site-packages/airflow/example_dags/example_short_circuit_operator.py
[2022-10-01T00:03:25.805+0000] {logging_mixin.py:115} INFO - [2022-10-01T00:03:25.805+0000] {dag.py:2429} INFO - Sync 1 DAGs
[2022-10-01T00:03:25.818+0000] {logging_mixin.py:115} INFO - [2022-10-01T00:03:25.818+0000] {dag.py:2981} INFO - Setting next_dagrun for example_short_circuit_operator to 2022-09-30T00:03:25.818474+00:00, run_after=2022-10-01T00:03:25.818474+00:00
[2022-10-01T00:03:25.826+0000] {processor.py:161} INFO - Processing /home/airflow/.local/lib/python3.7/site-packages/airflow/example_dags/example_short_circuit_operator.py took 0.051 seconds
[2022-10-01T00:03:56.166+0000] {processor.py:153} INFO - Started process (PID=34371) to work on /home/airflow/.local/lib/python3.7/site-packages/airflow/example_dags/example_short_circuit_operator.py
[2022-10-01T00:03:56.168+0000] {processor.py:640} INFO - Processing file /home/airflow/.local/lib/python3.7/site-packages/airflow/example_dags/example_short_circuit_operator.py for tasks to queue
[2022-10-01T00:03:56.169+0000] {logging_mixin.py:115} INFO - [2022-10-01T00:03:56.169+0000] {dagbag.py:508} INFO - Filling up the DagBag from /home/airflow/.local/lib/python3.7/site-packages/airflow/example_dags/example_short_circuit_operator.py
[2022-10-01T00:03:56.175+0000] {processor.py:650} INFO - DAG(s) dict_keys(['example_short_circuit_operator']) retrieved from /home/airflow/.local/lib/python3.7/site-packages/airflow/example_dags/example_short_circuit_operator.py
[2022-10-01T00:03:56.195+0000] {logging_mixin.py:115} INFO - [2022-10-01T00:03:56.195+0000] {dag.py:2429} INFO - Sync 1 DAGs
[2022-10-01T00:03:56.209+0000] {logging_mixin.py:115} INFO - [2022-10-01T00:03:56.209+0000] {dag.py:2981} INFO - Setting next_dagrun for example_short_circuit_operator to 2022-09-30T00:03:56.209635+00:00, run_after=2022-10-01T00:03:56.209635+00:00
[2022-10-01T00:03:56.218+0000] {processor.py:161} INFO - Processing /home/airflow/.local/lib/python3.7/site-packages/airflow/example_dags/example_short_circuit_operator.py took 0.055 seconds
[2022-10-01T00:04:26.582+0000] {processor.py:153} INFO - Started process (PID=34437) to work on /home/airflow/.local/lib/python3.7/site-packages/airflow/example_dags/example_short_circuit_operator.py
[2022-10-01T00:04:26.584+0000] {processor.py:640} INFO - Processing file /home/airflow/.local/lib/python3.7/site-packages/airflow/example_dags/example_short_circuit_operator.py for tasks to queue
[2022-10-01T00:04:26.586+0000] {logging_mixin.py:115} INFO - [2022-10-01T00:04:26.585+0000] {dagbag.py:508} INFO - Filling up the DagBag from /home/airflow/.local/lib/python3.7/site-packages/airflow/example_dags/example_short_circuit_operator.py
[2022-10-01T00:04:26.593+0000] {processor.py:650} INFO - DAG(s) dict_keys(['example_short_circuit_operator']) retrieved from /home/airflow/.local/lib/python3.7/site-packages/airflow/example_dags/example_short_circuit_operator.py
[2022-10-01T00:04:26.614+0000] {logging_mixin.py:115} INFO - [2022-10-01T00:04:26.614+0000] {dag.py:2429} INFO - Sync 1 DAGs
[2022-10-01T00:04:26.628+0000] {logging_mixin.py:115} INFO - [2022-10-01T00:04:26.628+0000] {dag.py:2981} INFO - Setting next_dagrun for example_short_circuit_operator to 2022-09-30T00:04:26.628476+00:00, run_after=2022-10-01T00:04:26.628476+00:00
[2022-10-01T00:04:26.636+0000] {processor.py:161} INFO - Processing /home/airflow/.local/lib/python3.7/site-packages/airflow/example_dags/example_short_circuit_operator.py took 0.057 seconds
[2022-10-01T00:04:57.010+0000] {processor.py:153} INFO - Started process (PID=34502) to work on /home/airflow/.local/lib/python3.7/site-packages/airflow/example_dags/example_short_circuit_operator.py
[2022-10-01T00:04:57.012+0000] {processor.py:640} INFO - Processing file /home/airflow/.local/lib/python3.7/site-packages/airflow/example_dags/example_short_circuit_operator.py for tasks to queue
[2022-10-01T00:04:57.013+0000] {logging_mixin.py:115} INFO - [2022-10-01T00:04:57.013+0000] {dagbag.py:508} INFO - Filling up the DagBag from /home/airflow/.local/lib/python3.7/site-packages/airflow/example_dags/example_short_circuit_operator.py
[2022-10-01T00:04:57.021+0000] {processor.py:650} INFO - DAG(s) dict_keys(['example_short_circuit_operator']) retrieved from /home/airflow/.local/lib/python3.7/site-packages/airflow/example_dags/example_short_circuit_operator.py
[2022-10-01T00:04:57.043+0000] {logging_mixin.py:115} INFO - [2022-10-01T00:04:57.043+0000] {dag.py:2429} INFO - Sync 1 DAGs
[2022-10-01T00:04:57.060+0000] {logging_mixin.py:115} INFO - [2022-10-01T00:04:57.060+0000] {dag.py:2981} INFO - Setting next_dagrun for example_short_circuit_operator to 2022-09-30T00:04:57.060152+00:00, run_after=2022-10-01T00:04:57.060152+00:00
[2022-10-01T00:04:57.070+0000] {processor.py:161} INFO - Processing /home/airflow/.local/lib/python3.7/site-packages/airflow/example_dags/example_short_circuit_operator.py took 0.063 seconds
[2022-10-01T00:05:27.428+0000] {processor.py:153} INFO - Started process (PID=34570) to work on /home/airflow/.local/lib/python3.7/site-packages/airflow/example_dags/example_short_circuit_operator.py
[2022-10-01T00:05:27.430+0000] {processor.py:640} INFO - Processing file /home/airflow/.local/lib/python3.7/site-packages/airflow/example_dags/example_short_circuit_operator.py for tasks to queue
[2022-10-01T00:05:27.431+0000] {logging_mixin.py:115} INFO - [2022-10-01T00:05:27.431+0000] {dagbag.py:508} INFO - Filling up the DagBag from /home/airflow/.local/lib/python3.7/site-packages/airflow/example_dags/example_short_circuit_operator.py
[2022-10-01T00:05:27.437+0000] {processor.py:650} INFO - DAG(s) dict_keys(['example_short_circuit_operator']) retrieved from /home/airflow/.local/lib/python3.7/site-packages/airflow/example_dags/example_short_circuit_operator.py
[2022-10-01T00:05:27.456+0000] {logging_mixin.py:115} INFO - [2022-10-01T00:05:27.456+0000] {dag.py:2429} INFO - Sync 1 DAGs
[2022-10-01T00:05:27.470+0000] {logging_mixin.py:115} INFO - [2022-10-01T00:05:27.470+0000] {dag.py:2981} INFO - Setting next_dagrun for example_short_circuit_operator to 2022-09-30T00:05:27.470180+00:00, run_after=2022-10-01T00:05:27.470180+00:00
[2022-10-01T00:05:27.478+0000] {processor.py:161} INFO - Processing /home/airflow/.local/lib/python3.7/site-packages/airflow/example_dags/example_short_circuit_operator.py took 0.052 seconds
[2022-10-01T00:05:57.713+0000] {processor.py:153} INFO - Started process (PID=34626) to work on /home/airflow/.local/lib/python3.7/site-packages/airflow/example_dags/example_short_circuit_operator.py
[2022-10-01T00:05:57.715+0000] {processor.py:640} INFO - Processing file /home/airflow/.local/lib/python3.7/site-packages/airflow/example_dags/example_short_circuit_operator.py for tasks to queue
[2022-10-01T00:05:57.716+0000] {logging_mixin.py:115} INFO - [2022-10-01T00:05:57.716+0000] {dagbag.py:508} INFO - Filling up the DagBag from /home/airflow/.local/lib/python3.7/site-packages/airflow/example_dags/example_short_circuit_operator.py
[2022-10-01T00:05:57.722+0000] {processor.py:650} INFO - DAG(s) dict_keys(['example_short_circuit_operator']) retrieved from /home/airflow/.local/lib/python3.7/site-packages/airflow/example_dags/example_short_circuit_operator.py
[2022-10-01T00:05:57.740+0000] {logging_mixin.py:115} INFO - [2022-10-01T00:05:57.740+0000] {dag.py:2429} INFO - Sync 1 DAGs
[2022-10-01T00:05:57.754+0000] {logging_mixin.py:115} INFO - [2022-10-01T00:05:57.754+0000] {dag.py:2981} INFO - Setting next_dagrun for example_short_circuit_operator to 2022-09-30T00:05:57.753911+00:00, run_after=2022-10-01T00:05:57.753911+00:00
[2022-10-01T00:05:57.760+0000] {processor.py:161} INFO - Processing /home/airflow/.local/lib/python3.7/site-packages/airflow/example_dags/example_short_circuit_operator.py took 0.049 seconds
[2022-10-01T00:06:28.211+0000] {processor.py:153} INFO - Started process (PID=34694) to work on /home/airflow/.local/lib/python3.7/site-packages/airflow/example_dags/example_short_circuit_operator.py
[2022-10-01T00:06:28.212+0000] {processor.py:640} INFO - Processing file /home/airflow/.local/lib/python3.7/site-packages/airflow/example_dags/example_short_circuit_operator.py for tasks to queue
[2022-10-01T00:06:28.213+0000] {logging_mixin.py:115} INFO - [2022-10-01T00:06:28.213+0000] {dagbag.py:508} INFO - Filling up the DagBag from /home/airflow/.local/lib/python3.7/site-packages/airflow/example_dags/example_short_circuit_operator.py
[2022-10-01T00:06:28.220+0000] {processor.py:650} INFO - DAG(s) dict_keys(['example_short_circuit_operator']) retrieved from /home/airflow/.local/lib/python3.7/site-packages/airflow/example_dags/example_short_circuit_operator.py
[2022-10-01T00:06:28.239+0000] {logging_mixin.py:115} INFO - [2022-10-01T00:06:28.239+0000] {dag.py:2429} INFO - Sync 1 DAGs
[2022-10-01T00:06:28.252+0000] {logging_mixin.py:115} INFO - [2022-10-01T00:06:28.252+0000] {dag.py:2981} INFO - Setting next_dagrun for example_short_circuit_operator to 2022-09-30T00:06:28.252548+00:00, run_after=2022-10-01T00:06:28.252548+00:00
[2022-10-01T00:06:28.260+0000] {processor.py:161} INFO - Processing /home/airflow/.local/lib/python3.7/site-packages/airflow/example_dags/example_short_circuit_operator.py took 0.052 seconds
[2022-10-01T00:06:58.546+0000] {processor.py:153} INFO - Started process (PID=34760) to work on /home/airflow/.local/lib/python3.7/site-packages/airflow/example_dags/example_short_circuit_operator.py
[2022-10-01T00:06:58.548+0000] {processor.py:640} INFO - Processing file /home/airflow/.local/lib/python3.7/site-packages/airflow/example_dags/example_short_circuit_operator.py for tasks to queue
[2022-10-01T00:06:58.549+0000] {logging_mixin.py:115} INFO - [2022-10-01T00:06:58.549+0000] {dagbag.py:508} INFO - Filling up the DagBag from /home/airflow/.local/lib/python3.7/site-packages/airflow/example_dags/example_short_circuit_operator.py
[2022-10-01T00:06:58.556+0000] {processor.py:650} INFO - DAG(s) dict_keys(['example_short_circuit_operator']) retrieved from /home/airflow/.local/lib/python3.7/site-packages/airflow/example_dags/example_short_circuit_operator.py
[2022-10-01T00:06:58.576+0000] {logging_mixin.py:115} INFO - [2022-10-01T00:06:58.576+0000] {dag.py:2429} INFO - Sync 1 DAGs
[2022-10-01T00:06:58.592+0000] {logging_mixin.py:115} INFO - [2022-10-01T00:06:58.592+0000] {dag.py:2981} INFO - Setting next_dagrun for example_short_circuit_operator to 2022-09-30T00:06:58.592213+00:00, run_after=2022-10-01T00:06:58.592213+00:00
[2022-10-01T00:06:58.601+0000] {processor.py:161} INFO - Processing /home/airflow/.local/lib/python3.7/site-packages/airflow/example_dags/example_short_circuit_operator.py took 0.057 seconds
[2022-10-01T00:07:29.015+0000] {processor.py:153} INFO - Started process (PID=34826) to work on /home/airflow/.local/lib/python3.7/site-packages/airflow/example_dags/example_short_circuit_operator.py
[2022-10-01T00:07:29.031+0000] {processor.py:640} INFO - Processing file /home/airflow/.local/lib/python3.7/site-packages/airflow/example_dags/example_short_circuit_operator.py for tasks to queue
[2022-10-01T00:07:29.034+0000] {logging_mixin.py:115} INFO - [2022-10-01T00:07:29.034+0000] {dagbag.py:508} INFO - Filling up the DagBag from /home/airflow/.local/lib/python3.7/site-packages/airflow/example_dags/example_short_circuit_operator.py
[2022-10-01T00:07:29.041+0000] {processor.py:650} INFO - DAG(s) dict_keys(['example_short_circuit_operator']) retrieved from /home/airflow/.local/lib/python3.7/site-packages/airflow/example_dags/example_short_circuit_operator.py
[2022-10-01T00:07:29.063+0000] {logging_mixin.py:115} INFO - [2022-10-01T00:07:29.062+0000] {dag.py:2429} INFO - Sync 1 DAGs
[2022-10-01T00:07:29.077+0000] {logging_mixin.py:115} INFO - [2022-10-01T00:07:29.077+0000] {dag.py:2981} INFO - Setting next_dagrun for example_short_circuit_operator to 2022-09-30T00:07:29.076940+00:00, run_after=2022-10-01T00:07:29.076940+00:00
[2022-10-01T00:07:29.115+0000] {processor.py:161} INFO - Processing /home/airflow/.local/lib/python3.7/site-packages/airflow/example_dags/example_short_circuit_operator.py took 0.103 seconds
[2022-10-01T00:07:59.314+0000] {processor.py:153} INFO - Started process (PID=34883) to work on /home/airflow/.local/lib/python3.7/site-packages/airflow/example_dags/example_short_circuit_operator.py
[2022-10-01T00:07:59.316+0000] {processor.py:640} INFO - Processing file /home/airflow/.local/lib/python3.7/site-packages/airflow/example_dags/example_short_circuit_operator.py for tasks to queue
[2022-10-01T00:07:59.317+0000] {logging_mixin.py:115} INFO - [2022-10-01T00:07:59.317+0000] {dagbag.py:508} INFO - Filling up the DagBag from /home/airflow/.local/lib/python3.7/site-packages/airflow/example_dags/example_short_circuit_operator.py
[2022-10-01T00:07:59.323+0000] {processor.py:650} INFO - DAG(s) dict_keys(['example_short_circuit_operator']) retrieved from /home/airflow/.local/lib/python3.7/site-packages/airflow/example_dags/example_short_circuit_operator.py
[2022-10-01T00:07:59.342+0000] {logging_mixin.py:115} INFO - [2022-10-01T00:07:59.341+0000] {dag.py:2429} INFO - Sync 1 DAGs
[2022-10-01T00:07:59.356+0000] {logging_mixin.py:115} INFO - [2022-10-01T00:07:59.356+0000] {dag.py:2981} INFO - Setting next_dagrun for example_short_circuit_operator to 2022-09-30T00:07:59.355950+00:00, run_after=2022-10-01T00:07:59.355950+00:00
[2022-10-01T00:07:59.363+0000] {processor.py:161} INFO - Processing /home/airflow/.local/lib/python3.7/site-packages/airflow/example_dags/example_short_circuit_operator.py took 0.051 seconds
[2022-10-01T00:08:29.858+0000] {processor.py:153} INFO - Started process (PID=34949) to work on /home/airflow/.local/lib/python3.7/site-packages/airflow/example_dags/example_short_circuit_operator.py
[2022-10-01T00:08:29.860+0000] {processor.py:640} INFO - Processing file /home/airflow/.local/lib/python3.7/site-packages/airflow/example_dags/example_short_circuit_operator.py for tasks to queue
[2022-10-01T00:08:29.861+0000] {logging_mixin.py:115} INFO - [2022-10-01T00:08:29.861+0000] {dagbag.py:508} INFO - Filling up the DagBag from /home/airflow/.local/lib/python3.7/site-packages/airflow/example_dags/example_short_circuit_operator.py
[2022-10-01T00:08:29.870+0000] {processor.py:650} INFO - DAG(s) dict_keys(['example_short_circuit_operator']) retrieved from /home/airflow/.local/lib/python3.7/site-packages/airflow/example_dags/example_short_circuit_operator.py
[2022-10-01T00:08:29.889+0000] {logging_mixin.py:115} INFO - [2022-10-01T00:08:29.889+0000] {dag.py:2429} INFO - Sync 1 DAGs
[2022-10-01T00:08:29.904+0000] {logging_mixin.py:115} INFO - [2022-10-01T00:08:29.904+0000] {dag.py:2981} INFO - Setting next_dagrun for example_short_circuit_operator to 2022-09-30T00:08:29.904280+00:00, run_after=2022-10-01T00:08:29.904280+00:00
[2022-10-01T00:08:29.912+0000] {processor.py:161} INFO - Processing /home/airflow/.local/lib/python3.7/site-packages/airflow/example_dags/example_short_circuit_operator.py took 0.057 seconds
[2022-10-01T00:09:00.328+0000] {processor.py:153} INFO - Started process (PID=35015) to work on /home/airflow/.local/lib/python3.7/site-packages/airflow/example_dags/example_short_circuit_operator.py
[2022-10-01T00:09:00.330+0000] {processor.py:640} INFO - Processing file /home/airflow/.local/lib/python3.7/site-packages/airflow/example_dags/example_short_circuit_operator.py for tasks to queue
[2022-10-01T00:09:00.331+0000] {logging_mixin.py:115} INFO - [2022-10-01T00:09:00.331+0000] {dagbag.py:508} INFO - Filling up the DagBag from /home/airflow/.local/lib/python3.7/site-packages/airflow/example_dags/example_short_circuit_operator.py
[2022-10-01T00:09:00.338+0000] {processor.py:650} INFO - DAG(s) dict_keys(['example_short_circuit_operator']) retrieved from /home/airflow/.local/lib/python3.7/site-packages/airflow/example_dags/example_short_circuit_operator.py
[2022-10-01T00:09:00.360+0000] {logging_mixin.py:115} INFO - [2022-10-01T00:09:00.359+0000] {dag.py:2429} INFO - Sync 1 DAGs
[2022-10-01T00:09:00.373+0000] {logging_mixin.py:115} INFO - [2022-10-01T00:09:00.373+0000] {dag.py:2981} INFO - Setting next_dagrun for example_short_circuit_operator to 2022-09-30T00:09:00.373354+00:00, run_after=2022-10-01T00:09:00.373354+00:00
[2022-10-01T00:09:00.381+0000] {processor.py:161} INFO - Processing /home/airflow/.local/lib/python3.7/site-packages/airflow/example_dags/example_short_circuit_operator.py took 0.055 seconds
[2022-10-01T00:09:30.984+0000] {processor.py:153} INFO - Started process (PID=35080) to work on /home/airflow/.local/lib/python3.7/site-packages/airflow/example_dags/example_short_circuit_operator.py
[2022-10-01T00:09:30.986+0000] {processor.py:640} INFO - Processing file /home/airflow/.local/lib/python3.7/site-packages/airflow/example_dags/example_short_circuit_operator.py for tasks to queue
[2022-10-01T00:09:30.987+0000] {logging_mixin.py:115} INFO - [2022-10-01T00:09:30.987+0000] {dagbag.py:508} INFO - Filling up the DagBag from /home/airflow/.local/lib/python3.7/site-packages/airflow/example_dags/example_short_circuit_operator.py
[2022-10-01T00:09:30.994+0000] {processor.py:650} INFO - DAG(s) dict_keys(['example_short_circuit_operator']) retrieved from /home/airflow/.local/lib/python3.7/site-packages/airflow/example_dags/example_short_circuit_operator.py
[2022-10-01T00:09:31.011+0000] {logging_mixin.py:115} INFO - [2022-10-01T00:09:31.011+0000] {dag.py:2429} INFO - Sync 1 DAGs
[2022-10-01T00:09:31.026+0000] {logging_mixin.py:115} INFO - [2022-10-01T00:09:31.026+0000] {dag.py:2981} INFO - Setting next_dagrun for example_short_circuit_operator to 2022-09-30T00:09:31.025965+00:00, run_after=2022-10-01T00:09:31.025965+00:00
[2022-10-01T00:09:31.035+0000] {processor.py:161} INFO - Processing /home/airflow/.local/lib/python3.7/site-packages/airflow/example_dags/example_short_circuit_operator.py took 0.053 seconds
[2022-10-01T00:10:01.402+0000] {processor.py:153} INFO - Started process (PID=35136) to work on /home/airflow/.local/lib/python3.7/site-packages/airflow/example_dags/example_short_circuit_operator.py
[2022-10-01T00:10:01.404+0000] {processor.py:640} INFO - Processing file /home/airflow/.local/lib/python3.7/site-packages/airflow/example_dags/example_short_circuit_operator.py for tasks to queue
[2022-10-01T00:10:01.405+0000] {logging_mixin.py:115} INFO - [2022-10-01T00:10:01.405+0000] {dagbag.py:508} INFO - Filling up the DagBag from /home/airflow/.local/lib/python3.7/site-packages/airflow/example_dags/example_short_circuit_operator.py
[2022-10-01T00:10:01.412+0000] {processor.py:650} INFO - DAG(s) dict_keys(['example_short_circuit_operator']) retrieved from /home/airflow/.local/lib/python3.7/site-packages/airflow/example_dags/example_short_circuit_operator.py
[2022-10-01T00:10:01.432+0000] {logging_mixin.py:115} INFO - [2022-10-01T00:10:01.431+0000] {dag.py:2429} INFO - Sync 1 DAGs
[2022-10-01T00:10:01.446+0000] {logging_mixin.py:115} INFO - [2022-10-01T00:10:01.446+0000] {dag.py:2981} INFO - Setting next_dagrun for example_short_circuit_operator to 2022-09-30T00:10:01.446163+00:00, run_after=2022-10-01T00:10:01.446163+00:00
[2022-10-01T00:10:01.454+0000] {processor.py:161} INFO - Processing /home/airflow/.local/lib/python3.7/site-packages/airflow/example_dags/example_short_circuit_operator.py took 0.054 seconds
[2022-10-01T00:10:31.849+0000] {processor.py:153} INFO - Started process (PID=35203) to work on /home/airflow/.local/lib/python3.7/site-packages/airflow/example_dags/example_short_circuit_operator.py
[2022-10-01T00:10:31.860+0000] {processor.py:640} INFO - Processing file /home/airflow/.local/lib/python3.7/site-packages/airflow/example_dags/example_short_circuit_operator.py for tasks to queue
[2022-10-01T00:10:31.861+0000] {logging_mixin.py:115} INFO - [2022-10-01T00:10:31.861+0000] {dagbag.py:508} INFO - Filling up the DagBag from /home/airflow/.local/lib/python3.7/site-packages/airflow/example_dags/example_short_circuit_operator.py
[2022-10-01T00:10:31.868+0000] {processor.py:650} INFO - DAG(s) dict_keys(['example_short_circuit_operator']) retrieved from /home/airflow/.local/lib/python3.7/site-packages/airflow/example_dags/example_short_circuit_operator.py
[2022-10-01T00:10:31.890+0000] {logging_mixin.py:115} INFO - [2022-10-01T00:10:31.890+0000] {dag.py:2429} INFO - Sync 1 DAGs
[2022-10-01T00:10:31.906+0000] {logging_mixin.py:115} INFO - [2022-10-01T00:10:31.906+0000] {dag.py:2981} INFO - Setting next_dagrun for example_short_circuit_operator to 2022-09-30T00:10:31.906048+00:00, run_after=2022-10-01T00:10:31.906048+00:00
[2022-10-01T00:10:31.915+0000] {processor.py:161} INFO - Processing /home/airflow/.local/lib/python3.7/site-packages/airflow/example_dags/example_short_circuit_operator.py took 0.068 seconds
[2022-10-01T00:11:02.273+0000] {processor.py:153} INFO - Started process (PID=35269) to work on /home/airflow/.local/lib/python3.7/site-packages/airflow/example_dags/example_short_circuit_operator.py
[2022-10-01T00:11:02.275+0000] {processor.py:640} INFO - Processing file /home/airflow/.local/lib/python3.7/site-packages/airflow/example_dags/example_short_circuit_operator.py for tasks to queue
[2022-10-01T00:11:02.276+0000] {logging_mixin.py:115} INFO - [2022-10-01T00:11:02.276+0000] {dagbag.py:508} INFO - Filling up the DagBag from /home/airflow/.local/lib/python3.7/site-packages/airflow/example_dags/example_short_circuit_operator.py
[2022-10-01T00:11:02.283+0000] {processor.py:650} INFO - DAG(s) dict_keys(['example_short_circuit_operator']) retrieved from /home/airflow/.local/lib/python3.7/site-packages/airflow/example_dags/example_short_circuit_operator.py
[2022-10-01T00:11:02.301+0000] {logging_mixin.py:115} INFO - [2022-10-01T00:11:02.301+0000] {dag.py:2429} INFO - Sync 1 DAGs
[2022-10-01T00:11:02.314+0000] {logging_mixin.py:115} INFO - [2022-10-01T00:11:02.314+0000] {dag.py:2981} INFO - Setting next_dagrun for example_short_circuit_operator to 2022-09-30T00:11:02.314670+00:00, run_after=2022-10-01T00:11:02.314670+00:00
[2022-10-01T00:11:02.323+0000] {processor.py:161} INFO - Processing /home/airflow/.local/lib/python3.7/site-packages/airflow/example_dags/example_short_circuit_operator.py took 0.052 seconds
[2022-10-01T00:11:32.593+0000] {processor.py:153} INFO - Started process (PID=35335) to work on /home/airflow/.local/lib/python3.7/site-packages/airflow/example_dags/example_short_circuit_operator.py
[2022-10-01T00:11:32.594+0000] {processor.py:640} INFO - Processing file /home/airflow/.local/lib/python3.7/site-packages/airflow/example_dags/example_short_circuit_operator.py for tasks to queue
[2022-10-01T00:11:32.595+0000] {logging_mixin.py:115} INFO - [2022-10-01T00:11:32.595+0000] {dagbag.py:508} INFO - Filling up the DagBag from /home/airflow/.local/lib/python3.7/site-packages/airflow/example_dags/example_short_circuit_operator.py
[2022-10-01T00:11:32.602+0000] {processor.py:650} INFO - DAG(s) dict_keys(['example_short_circuit_operator']) retrieved from /home/airflow/.local/lib/python3.7/site-packages/airflow/example_dags/example_short_circuit_operator.py
[2022-10-01T00:11:32.628+0000] {logging_mixin.py:115} INFO - [2022-10-01T00:11:32.628+0000] {dag.py:2429} INFO - Sync 1 DAGs
[2022-10-01T00:11:32.646+0000] {logging_mixin.py:115} INFO - [2022-10-01T00:11:32.646+0000] {dag.py:2981} INFO - Setting next_dagrun for example_short_circuit_operator to 2022-09-30T00:11:32.646615+00:00, run_after=2022-10-01T00:11:32.646615+00:00
[2022-10-01T00:11:32.658+0000] {processor.py:161} INFO - Processing /home/airflow/.local/lib/python3.7/site-packages/airflow/example_dags/example_short_circuit_operator.py took 0.069 seconds
[2022-10-01T00:12:02.909+0000] {processor.py:153} INFO - Started process (PID=35392) to work on /home/airflow/.local/lib/python3.7/site-packages/airflow/example_dags/example_short_circuit_operator.py
[2022-10-01T00:12:02.911+0000] {processor.py:640} INFO - Processing file /home/airflow/.local/lib/python3.7/site-packages/airflow/example_dags/example_short_circuit_operator.py for tasks to queue
[2022-10-01T00:12:02.912+0000] {logging_mixin.py:115} INFO - [2022-10-01T00:12:02.912+0000] {dagbag.py:508} INFO - Filling up the DagBag from /home/airflow/.local/lib/python3.7/site-packages/airflow/example_dags/example_short_circuit_operator.py
[2022-10-01T00:12:02.918+0000] {processor.py:650} INFO - DAG(s) dict_keys(['example_short_circuit_operator']) retrieved from /home/airflow/.local/lib/python3.7/site-packages/airflow/example_dags/example_short_circuit_operator.py
[2022-10-01T00:12:02.938+0000] {logging_mixin.py:115} INFO - [2022-10-01T00:12:02.938+0000] {dag.py:2429} INFO - Sync 1 DAGs
[2022-10-01T00:12:02.951+0000] {logging_mixin.py:115} INFO - [2022-10-01T00:12:02.951+0000] {dag.py:2981} INFO - Setting next_dagrun for example_short_circuit_operator to 2022-09-30T00:12:02.950989+00:00, run_after=2022-10-01T00:12:02.950989+00:00
[2022-10-01T00:12:02.959+0000] {processor.py:161} INFO - Processing /home/airflow/.local/lib/python3.7/site-packages/airflow/example_dags/example_short_circuit_operator.py took 0.052 seconds
[2022-10-01T00:12:33.481+0000] {processor.py:153} INFO - Started process (PID=35459) to work on /home/airflow/.local/lib/python3.7/site-packages/airflow/example_dags/example_short_circuit_operator.py
[2022-10-01T00:12:33.483+0000] {processor.py:640} INFO - Processing file /home/airflow/.local/lib/python3.7/site-packages/airflow/example_dags/example_short_circuit_operator.py for tasks to queue
[2022-10-01T00:12:33.487+0000] {logging_mixin.py:115} INFO - [2022-10-01T00:12:33.487+0000] {dagbag.py:508} INFO - Filling up the DagBag from /home/airflow/.local/lib/python3.7/site-packages/airflow/example_dags/example_short_circuit_operator.py
[2022-10-01T00:12:33.494+0000] {processor.py:650} INFO - DAG(s) dict_keys(['example_short_circuit_operator']) retrieved from /home/airflow/.local/lib/python3.7/site-packages/airflow/example_dags/example_short_circuit_operator.py
[2022-10-01T00:12:33.516+0000] {logging_mixin.py:115} INFO - [2022-10-01T00:12:33.516+0000] {dag.py:2429} INFO - Sync 1 DAGs
[2022-10-01T00:12:33.534+0000] {logging_mixin.py:115} INFO - [2022-10-01T00:12:33.534+0000] {dag.py:2981} INFO - Setting next_dagrun for example_short_circuit_operator to 2022-09-30T00:12:33.534209+00:00, run_after=2022-10-01T00:12:33.534209+00:00
[2022-10-01T00:12:33.541+0000] {processor.py:161} INFO - Processing /home/airflow/.local/lib/python3.7/site-packages/airflow/example_dags/example_short_circuit_operator.py took 0.063 seconds
[2022-10-01T00:13:03.791+0000] {processor.py:153} INFO - Started process (PID=35524) to work on /home/airflow/.local/lib/python3.7/site-packages/airflow/example_dags/example_short_circuit_operator.py
[2022-10-01T00:13:03.793+0000] {processor.py:640} INFO - Processing file /home/airflow/.local/lib/python3.7/site-packages/airflow/example_dags/example_short_circuit_operator.py for tasks to queue
[2022-10-01T00:13:03.794+0000] {logging_mixin.py:115} INFO - [2022-10-01T00:13:03.794+0000] {dagbag.py:508} INFO - Filling up the DagBag from /home/airflow/.local/lib/python3.7/site-packages/airflow/example_dags/example_short_circuit_operator.py
[2022-10-01T00:13:03.800+0000] {processor.py:650} INFO - DAG(s) dict_keys(['example_short_circuit_operator']) retrieved from /home/airflow/.local/lib/python3.7/site-packages/airflow/example_dags/example_short_circuit_operator.py
[2022-10-01T00:13:03.819+0000] {logging_mixin.py:115} INFO - [2022-10-01T00:13:03.819+0000] {dag.py:2429} INFO - Sync 1 DAGs
[2022-10-01T00:13:03.832+0000] {logging_mixin.py:115} INFO - [2022-10-01T00:13:03.832+0000] {dag.py:2981} INFO - Setting next_dagrun for example_short_circuit_operator to 2022-09-30T00:13:03.832730+00:00, run_after=2022-10-01T00:13:03.832730+00:00
[2022-10-01T00:13:03.841+0000] {processor.py:161} INFO - Processing /home/airflow/.local/lib/python3.7/site-packages/airflow/example_dags/example_short_circuit_operator.py took 0.052 seconds
[2022-10-01T00:13:35.601+0000] {processor.py:153} INFO - Started process (PID=35593) to work on /home/airflow/.local/lib/python3.7/site-packages/airflow/example_dags/example_short_circuit_operator.py
[2022-10-01T00:13:35.605+0000] {processor.py:640} INFO - Processing file /home/airflow/.local/lib/python3.7/site-packages/airflow/example_dags/example_short_circuit_operator.py for tasks to queue
[2022-10-01T00:13:35.606+0000] {logging_mixin.py:115} INFO - [2022-10-01T00:13:35.606+0000] {dagbag.py:508} INFO - Filling up the DagBag from /home/airflow/.local/lib/python3.7/site-packages/airflow/example_dags/example_short_circuit_operator.py
[2022-10-01T00:13:35.614+0000] {processor.py:650} INFO - DAG(s) dict_keys(['example_short_circuit_operator']) retrieved from /home/airflow/.local/lib/python3.7/site-packages/airflow/example_dags/example_short_circuit_operator.py
[2022-10-01T00:13:35.676+0000] {logging_mixin.py:115} INFO - [2022-10-01T00:13:35.676+0000] {dag.py:2429} INFO - Sync 1 DAGs
[2022-10-01T00:13:35.691+0000] {logging_mixin.py:115} INFO - [2022-10-01T00:13:35.691+0000] {dag.py:2981} INFO - Setting next_dagrun for example_short_circuit_operator to 2022-09-30T00:13:35.691400+00:00, run_after=2022-10-01T00:13:35.691400+00:00
[2022-10-01T00:13:35.700+0000] {processor.py:161} INFO - Processing /home/airflow/.local/lib/python3.7/site-packages/airflow/example_dags/example_short_circuit_operator.py took 0.102 seconds
[2022-10-01T00:18:34.282+0000] {processor.py:153} INFO - Started process (PID=35641) to work on /home/airflow/.local/lib/python3.7/site-packages/airflow/example_dags/example_short_circuit_operator.py
[2022-10-01T00:18:34.290+0000] {processor.py:640} INFO - Processing file /home/airflow/.local/lib/python3.7/site-packages/airflow/example_dags/example_short_circuit_operator.py for tasks to queue
[2022-10-01T00:18:34.292+0000] {logging_mixin.py:115} INFO - [2022-10-01T00:18:34.292+0000] {dagbag.py:508} INFO - Filling up the DagBag from /home/airflow/.local/lib/python3.7/site-packages/airflow/example_dags/example_short_circuit_operator.py
[2022-10-01T00:18:34.313+0000] {processor.py:650} INFO - DAG(s) dict_keys(['example_short_circuit_operator']) retrieved from /home/airflow/.local/lib/python3.7/site-packages/airflow/example_dags/example_short_circuit_operator.py
[2022-10-01T00:18:34.350+0000] {logging_mixin.py:115} INFO - [2022-10-01T00:18:34.350+0000] {dag.py:2429} INFO - Sync 1 DAGs
[2022-10-01T00:18:34.377+0000] {logging_mixin.py:115} INFO - [2022-10-01T00:18:34.377+0000] {dag.py:2981} INFO - Setting next_dagrun for example_short_circuit_operator to 2022-09-30T00:18:34.377380+00:00, run_after=2022-10-01T00:18:34.377380+00:00
[2022-10-01T00:18:34.394+0000] {processor.py:161} INFO - Processing /home/airflow/.local/lib/python3.7/site-packages/airflow/example_dags/example_short_circuit_operator.py took 0.115 seconds
[2022-10-01T00:19:04.688+0000] {processor.py:153} INFO - Started process (PID=35706) to work on /home/airflow/.local/lib/python3.7/site-packages/airflow/example_dags/example_short_circuit_operator.py
[2022-10-01T00:19:04.690+0000] {processor.py:640} INFO - Processing file /home/airflow/.local/lib/python3.7/site-packages/airflow/example_dags/example_short_circuit_operator.py for tasks to queue
[2022-10-01T00:19:04.692+0000] {logging_mixin.py:115} INFO - [2022-10-01T00:19:04.691+0000] {dagbag.py:508} INFO - Filling up the DagBag from /home/airflow/.local/lib/python3.7/site-packages/airflow/example_dags/example_short_circuit_operator.py
[2022-10-01T00:19:04.698+0000] {processor.py:650} INFO - DAG(s) dict_keys(['example_short_circuit_operator']) retrieved from /home/airflow/.local/lib/python3.7/site-packages/airflow/example_dags/example_short_circuit_operator.py
[2022-10-01T00:19:04.718+0000] {logging_mixin.py:115} INFO - [2022-10-01T00:19:04.717+0000] {dag.py:2429} INFO - Sync 1 DAGs
[2022-10-01T00:19:04.736+0000] {logging_mixin.py:115} INFO - [2022-10-01T00:19:04.736+0000] {dag.py:2981} INFO - Setting next_dagrun for example_short_circuit_operator to 2022-09-30T00:19:04.736418+00:00, run_after=2022-10-01T00:19:04.736418+00:00
[2022-10-01T00:19:04.746+0000] {processor.py:161} INFO - Processing /home/airflow/.local/lib/python3.7/site-packages/airflow/example_dags/example_short_circuit_operator.py took 0.060 seconds
[2022-10-01T00:19:35.270+0000] {processor.py:153} INFO - Started process (PID=35765) to work on /home/airflow/.local/lib/python3.7/site-packages/airflow/example_dags/example_short_circuit_operator.py
[2022-10-01T00:19:35.272+0000] {processor.py:640} INFO - Processing file /home/airflow/.local/lib/python3.7/site-packages/airflow/example_dags/example_short_circuit_operator.py for tasks to queue
[2022-10-01T00:19:35.273+0000] {logging_mixin.py:115} INFO - [2022-10-01T00:19:35.273+0000] {dagbag.py:508} INFO - Filling up the DagBag from /home/airflow/.local/lib/python3.7/site-packages/airflow/example_dags/example_short_circuit_operator.py
[2022-10-01T00:19:35.280+0000] {processor.py:650} INFO - DAG(s) dict_keys(['example_short_circuit_operator']) retrieved from /home/airflow/.local/lib/python3.7/site-packages/airflow/example_dags/example_short_circuit_operator.py
[2022-10-01T00:19:35.299+0000] {logging_mixin.py:115} INFO - [2022-10-01T00:19:35.299+0000] {dag.py:2429} INFO - Sync 1 DAGs
[2022-10-01T00:19:35.313+0000] {logging_mixin.py:115} INFO - [2022-10-01T00:19:35.313+0000] {dag.py:2981} INFO - Setting next_dagrun for example_short_circuit_operator to 2022-09-30T00:19:35.313356+00:00, run_after=2022-10-01T00:19:35.313356+00:00
[2022-10-01T00:19:35.325+0000] {processor.py:161} INFO - Processing /home/airflow/.local/lib/python3.7/site-packages/airflow/example_dags/example_short_circuit_operator.py took 0.057 seconds
[2022-10-01T00:20:05.656+0000] {processor.py:153} INFO - Started process (PID=35828) to work on /home/airflow/.local/lib/python3.7/site-packages/airflow/example_dags/example_short_circuit_operator.py
[2022-10-01T00:20:05.658+0000] {processor.py:640} INFO - Processing file /home/airflow/.local/lib/python3.7/site-packages/airflow/example_dags/example_short_circuit_operator.py for tasks to queue
[2022-10-01T00:20:05.659+0000] {logging_mixin.py:115} INFO - [2022-10-01T00:20:05.659+0000] {dagbag.py:508} INFO - Filling up the DagBag from /home/airflow/.local/lib/python3.7/site-packages/airflow/example_dags/example_short_circuit_operator.py
[2022-10-01T00:20:05.667+0000] {processor.py:650} INFO - DAG(s) dict_keys(['example_short_circuit_operator']) retrieved from /home/airflow/.local/lib/python3.7/site-packages/airflow/example_dags/example_short_circuit_operator.py
[2022-10-01T00:20:05.685+0000] {logging_mixin.py:115} INFO - [2022-10-01T00:20:05.685+0000] {dag.py:2429} INFO - Sync 1 DAGs
[2022-10-01T00:20:05.698+0000] {logging_mixin.py:115} INFO - [2022-10-01T00:20:05.698+0000] {dag.py:2981} INFO - Setting next_dagrun for example_short_circuit_operator to 2022-09-30T00:20:05.698608+00:00, run_after=2022-10-01T00:20:05.698608+00:00
[2022-10-01T00:20:05.706+0000] {processor.py:161} INFO - Processing /home/airflow/.local/lib/python3.7/site-packages/airflow/example_dags/example_short_circuit_operator.py took 0.052 seconds
[2022-10-01T00:20:36.199+0000] {processor.py:153} INFO - Started process (PID=35896) to work on /home/airflow/.local/lib/python3.7/site-packages/airflow/example_dags/example_short_circuit_operator.py
[2022-10-01T00:20:36.201+0000] {processor.py:640} INFO - Processing file /home/airflow/.local/lib/python3.7/site-packages/airflow/example_dags/example_short_circuit_operator.py for tasks to queue
[2022-10-01T00:20:36.202+0000] {logging_mixin.py:115} INFO - [2022-10-01T00:20:36.202+0000] {dagbag.py:508} INFO - Filling up the DagBag from /home/airflow/.local/lib/python3.7/site-packages/airflow/example_dags/example_short_circuit_operator.py
[2022-10-01T00:20:36.209+0000] {processor.py:650} INFO - DAG(s) dict_keys(['example_short_circuit_operator']) retrieved from /home/airflow/.local/lib/python3.7/site-packages/airflow/example_dags/example_short_circuit_operator.py
[2022-10-01T00:20:36.228+0000] {logging_mixin.py:115} INFO - [2022-10-01T00:20:36.228+0000] {dag.py:2429} INFO - Sync 1 DAGs
[2022-10-01T00:20:36.243+0000] {logging_mixin.py:115} INFO - [2022-10-01T00:20:36.243+0000] {dag.py:2981} INFO - Setting next_dagrun for example_short_circuit_operator to 2022-09-30T00:20:36.243119+00:00, run_after=2022-10-01T00:20:36.243119+00:00
[2022-10-01T00:20:36.251+0000] {processor.py:161} INFO - Processing /home/airflow/.local/lib/python3.7/site-packages/airflow/example_dags/example_short_circuit_operator.py took 0.054 seconds
[2022-10-01T00:21:06.856+0000] {processor.py:153} INFO - Started process (PID=35963) to work on /home/airflow/.local/lib/python3.7/site-packages/airflow/example_dags/example_short_circuit_operator.py
[2022-10-01T00:21:06.858+0000] {processor.py:640} INFO - Processing file /home/airflow/.local/lib/python3.7/site-packages/airflow/example_dags/example_short_circuit_operator.py for tasks to queue
[2022-10-01T00:21:06.860+0000] {logging_mixin.py:115} INFO - [2022-10-01T00:21:06.860+0000] {dagbag.py:508} INFO - Filling up the DagBag from /home/airflow/.local/lib/python3.7/site-packages/airflow/example_dags/example_short_circuit_operator.py
[2022-10-01T00:21:06.875+0000] {processor.py:650} INFO - DAG(s) dict_keys(['example_short_circuit_operator']) retrieved from /home/airflow/.local/lib/python3.7/site-packages/airflow/example_dags/example_short_circuit_operator.py
[2022-10-01T00:21:06.898+0000] {logging_mixin.py:115} INFO - [2022-10-01T00:21:06.898+0000] {dag.py:2429} INFO - Sync 1 DAGs
[2022-10-01T00:21:06.915+0000] {logging_mixin.py:115} INFO - [2022-10-01T00:21:06.915+0000] {dag.py:2981} INFO - Setting next_dagrun for example_short_circuit_operator to 2022-09-30T00:21:06.914802+00:00, run_after=2022-10-01T00:21:06.914802+00:00
[2022-10-01T00:21:06.925+0000] {processor.py:161} INFO - Processing /home/airflow/.local/lib/python3.7/site-packages/airflow/example_dags/example_short_circuit_operator.py took 0.072 seconds
[2022-10-01T00:21:37.293+0000] {processor.py:153} INFO - Started process (PID=36019) to work on /home/airflow/.local/lib/python3.7/site-packages/airflow/example_dags/example_short_circuit_operator.py
[2022-10-01T00:21:37.325+0000] {processor.py:640} INFO - Processing file /home/airflow/.local/lib/python3.7/site-packages/airflow/example_dags/example_short_circuit_operator.py for tasks to queue
[2022-10-01T00:21:37.327+0000] {logging_mixin.py:115} INFO - [2022-10-01T00:21:37.327+0000] {dagbag.py:508} INFO - Filling up the DagBag from /home/airflow/.local/lib/python3.7/site-packages/airflow/example_dags/example_short_circuit_operator.py
[2022-10-01T00:21:37.333+0000] {processor.py:650} INFO - DAG(s) dict_keys(['example_short_circuit_operator']) retrieved from /home/airflow/.local/lib/python3.7/site-packages/airflow/example_dags/example_short_circuit_operator.py
[2022-10-01T00:21:37.352+0000] {logging_mixin.py:115} INFO - [2022-10-01T00:21:37.352+0000] {dag.py:2429} INFO - Sync 1 DAGs
[2022-10-01T00:21:37.366+0000] {logging_mixin.py:115} INFO - [2022-10-01T00:21:37.366+0000] {dag.py:2981} INFO - Setting next_dagrun for example_short_circuit_operator to 2022-09-30T00:21:37.365983+00:00, run_after=2022-10-01T00:21:37.365983+00:00
[2022-10-01T00:21:37.374+0000] {processor.py:161} INFO - Processing /home/airflow/.local/lib/python3.7/site-packages/airflow/example_dags/example_short_circuit_operator.py took 0.083 seconds
[2022-10-01T00:22:07.701+0000] {processor.py:153} INFO - Started process (PID=36085) to work on /home/airflow/.local/lib/python3.7/site-packages/airflow/example_dags/example_short_circuit_operator.py
[2022-10-01T00:22:07.702+0000] {processor.py:640} INFO - Processing file /home/airflow/.local/lib/python3.7/site-packages/airflow/example_dags/example_short_circuit_operator.py for tasks to queue
[2022-10-01T00:22:07.717+0000] {logging_mixin.py:115} INFO - [2022-10-01T00:22:07.717+0000] {dagbag.py:508} INFO - Filling up the DagBag from /home/airflow/.local/lib/python3.7/site-packages/airflow/example_dags/example_short_circuit_operator.py
[2022-10-01T00:22:07.724+0000] {processor.py:650} INFO - DAG(s) dict_keys(['example_short_circuit_operator']) retrieved from /home/airflow/.local/lib/python3.7/site-packages/airflow/example_dags/example_short_circuit_operator.py
[2022-10-01T00:22:07.742+0000] {logging_mixin.py:115} INFO - [2022-10-01T00:22:07.742+0000] {dag.py:2429} INFO - Sync 1 DAGs
[2022-10-01T00:22:07.759+0000] {logging_mixin.py:115} INFO - [2022-10-01T00:22:07.759+0000] {dag.py:2981} INFO - Setting next_dagrun for example_short_circuit_operator to 2022-09-30T00:22:07.759614+00:00, run_after=2022-10-01T00:22:07.759614+00:00
[2022-10-01T00:22:07.768+0000] {processor.py:161} INFO - Processing /home/airflow/.local/lib/python3.7/site-packages/airflow/example_dags/example_short_circuit_operator.py took 0.069 seconds
[2022-10-01T00:22:38.033+0000] {processor.py:153} INFO - Started process (PID=36151) to work on /home/airflow/.local/lib/python3.7/site-packages/airflow/example_dags/example_short_circuit_operator.py
[2022-10-01T00:22:38.035+0000] {processor.py:640} INFO - Processing file /home/airflow/.local/lib/python3.7/site-packages/airflow/example_dags/example_short_circuit_operator.py for tasks to queue
[2022-10-01T00:22:38.036+0000] {logging_mixin.py:115} INFO - [2022-10-01T00:22:38.036+0000] {dagbag.py:508} INFO - Filling up the DagBag from /home/airflow/.local/lib/python3.7/site-packages/airflow/example_dags/example_short_circuit_operator.py
[2022-10-01T00:22:38.043+0000] {processor.py:650} INFO - DAG(s) dict_keys(['example_short_circuit_operator']) retrieved from /home/airflow/.local/lib/python3.7/site-packages/airflow/example_dags/example_short_circuit_operator.py
[2022-10-01T00:22:38.071+0000] {logging_mixin.py:115} INFO - [2022-10-01T00:22:38.071+0000] {dag.py:2429} INFO - Sync 1 DAGs
[2022-10-01T00:22:38.087+0000] {logging_mixin.py:115} INFO - [2022-10-01T00:22:38.086+0000] {dag.py:2981} INFO - Setting next_dagrun for example_short_circuit_operator to 2022-09-30T00:22:38.086813+00:00, run_after=2022-10-01T00:22:38.086813+00:00
[2022-10-01T00:22:38.094+0000] {processor.py:161} INFO - Processing /home/airflow/.local/lib/python3.7/site-packages/airflow/example_dags/example_short_circuit_operator.py took 0.064 seconds
[2022-10-01T00:23:08.363+0000] {processor.py:153} INFO - Started process (PID=36207) to work on /home/airflow/.local/lib/python3.7/site-packages/airflow/example_dags/example_short_circuit_operator.py
[2022-10-01T00:23:08.365+0000] {processor.py:640} INFO - Processing file /home/airflow/.local/lib/python3.7/site-packages/airflow/example_dags/example_short_circuit_operator.py for tasks to queue
[2022-10-01T00:23:08.366+0000] {logging_mixin.py:115} INFO - [2022-10-01T00:23:08.366+0000] {dagbag.py:508} INFO - Filling up the DagBag from /home/airflow/.local/lib/python3.7/site-packages/airflow/example_dags/example_short_circuit_operator.py
[2022-10-01T00:23:08.376+0000] {processor.py:650} INFO - DAG(s) dict_keys(['example_short_circuit_operator']) retrieved from /home/airflow/.local/lib/python3.7/site-packages/airflow/example_dags/example_short_circuit_operator.py
[2022-10-01T00:23:08.401+0000] {logging_mixin.py:115} INFO - [2022-10-01T00:23:08.401+0000] {dag.py:2429} INFO - Sync 1 DAGs
[2022-10-01T00:23:08.417+0000] {logging_mixin.py:115} INFO - [2022-10-01T00:23:08.417+0000] {dag.py:2981} INFO - Setting next_dagrun for example_short_circuit_operator to 2022-09-30T00:23:08.417214+00:00, run_after=2022-10-01T00:23:08.417214+00:00
[2022-10-01T00:23:08.427+0000] {processor.py:161} INFO - Processing /home/airflow/.local/lib/python3.7/site-packages/airflow/example_dags/example_short_circuit_operator.py took 0.067 seconds
[2022-10-01T00:23:38.957+0000] {processor.py:153} INFO - Started process (PID=36275) to work on /home/airflow/.local/lib/python3.7/site-packages/airflow/example_dags/example_short_circuit_operator.py
[2022-10-01T00:23:38.960+0000] {processor.py:640} INFO - Processing file /home/airflow/.local/lib/python3.7/site-packages/airflow/example_dags/example_short_circuit_operator.py for tasks to queue
[2022-10-01T00:23:38.961+0000] {logging_mixin.py:115} INFO - [2022-10-01T00:23:38.961+0000] {dagbag.py:508} INFO - Filling up the DagBag from /home/airflow/.local/lib/python3.7/site-packages/airflow/example_dags/example_short_circuit_operator.py
[2022-10-01T00:23:38.967+0000] {processor.py:650} INFO - DAG(s) dict_keys(['example_short_circuit_operator']) retrieved from /home/airflow/.local/lib/python3.7/site-packages/airflow/example_dags/example_short_circuit_operator.py
[2022-10-01T00:23:38.997+0000] {logging_mixin.py:115} INFO - [2022-10-01T00:23:38.997+0000] {dag.py:2429} INFO - Sync 1 DAGs
[2022-10-01T00:23:39.014+0000] {logging_mixin.py:115} INFO - [2022-10-01T00:23:39.014+0000] {dag.py:2981} INFO - Setting next_dagrun for example_short_circuit_operator to 2022-09-30T00:23:39.014615+00:00, run_after=2022-10-01T00:23:39.014615+00:00
[2022-10-01T00:23:39.022+0000] {processor.py:161} INFO - Processing /home/airflow/.local/lib/python3.7/site-packages/airflow/example_dags/example_short_circuit_operator.py took 0.068 seconds
[2022-10-01T00:24:09.196+0000] {processor.py:153} INFO - Started process (PID=36343) to work on /home/airflow/.local/lib/python3.7/site-packages/airflow/example_dags/example_short_circuit_operator.py
[2022-10-01T00:24:09.198+0000] {processor.py:640} INFO - Processing file /home/airflow/.local/lib/python3.7/site-packages/airflow/example_dags/example_short_circuit_operator.py for tasks to queue
[2022-10-01T00:24:09.199+0000] {logging_mixin.py:115} INFO - [2022-10-01T00:24:09.199+0000] {dagbag.py:508} INFO - Filling up the DagBag from /home/airflow/.local/lib/python3.7/site-packages/airflow/example_dags/example_short_circuit_operator.py
[2022-10-01T00:24:09.206+0000] {processor.py:650} INFO - DAG(s) dict_keys(['example_short_circuit_operator']) retrieved from /home/airflow/.local/lib/python3.7/site-packages/airflow/example_dags/example_short_circuit_operator.py
[2022-10-01T00:24:09.225+0000] {logging_mixin.py:115} INFO - [2022-10-01T00:24:09.225+0000] {dag.py:2429} INFO - Sync 1 DAGs
[2022-10-01T00:24:09.239+0000] {logging_mixin.py:115} INFO - [2022-10-01T00:24:09.239+0000] {dag.py:2981} INFO - Setting next_dagrun for example_short_circuit_operator to 2022-09-30T00:24:09.239379+00:00, run_after=2022-10-01T00:24:09.239379+00:00
[2022-10-01T00:24:09.247+0000] {processor.py:161} INFO - Processing /home/airflow/.local/lib/python3.7/site-packages/airflow/example_dags/example_short_circuit_operator.py took 0.054 seconds
[2022-10-01T00:24:40.106+0000] {processor.py:153} INFO - Started process (PID=36408) to work on /home/airflow/.local/lib/python3.7/site-packages/airflow/example_dags/example_short_circuit_operator.py
[2022-10-01T00:24:40.110+0000] {processor.py:640} INFO - Processing file /home/airflow/.local/lib/python3.7/site-packages/airflow/example_dags/example_short_circuit_operator.py for tasks to queue
[2022-10-01T00:24:40.111+0000] {logging_mixin.py:115} INFO - [2022-10-01T00:24:40.111+0000] {dagbag.py:508} INFO - Filling up the DagBag from /home/airflow/.local/lib/python3.7/site-packages/airflow/example_dags/example_short_circuit_operator.py
[2022-10-01T00:24:40.118+0000] {processor.py:650} INFO - DAG(s) dict_keys(['example_short_circuit_operator']) retrieved from /home/airflow/.local/lib/python3.7/site-packages/airflow/example_dags/example_short_circuit_operator.py
[2022-10-01T00:24:40.151+0000] {logging_mixin.py:115} INFO - [2022-10-01T00:24:40.150+0000] {dag.py:2429} INFO - Sync 1 DAGs
[2022-10-01T00:24:40.166+0000] {logging_mixin.py:115} INFO - [2022-10-01T00:24:40.166+0000] {dag.py:2981} INFO - Setting next_dagrun for example_short_circuit_operator to 2022-09-30T00:24:40.165923+00:00, run_after=2022-10-01T00:24:40.165923+00:00
[2022-10-01T00:24:40.174+0000] {processor.py:161} INFO - Processing /home/airflow/.local/lib/python3.7/site-packages/airflow/example_dags/example_short_circuit_operator.py took 0.071 seconds
[2022-10-01T00:25:10.365+0000] {processor.py:153} INFO - Started process (PID=36465) to work on /home/airflow/.local/lib/python3.7/site-packages/airflow/example_dags/example_short_circuit_operator.py
[2022-10-01T00:25:10.367+0000] {processor.py:640} INFO - Processing file /home/airflow/.local/lib/python3.7/site-packages/airflow/example_dags/example_short_circuit_operator.py for tasks to queue
[2022-10-01T00:25:10.368+0000] {logging_mixin.py:115} INFO - [2022-10-01T00:25:10.367+0000] {dagbag.py:508} INFO - Filling up the DagBag from /home/airflow/.local/lib/python3.7/site-packages/airflow/example_dags/example_short_circuit_operator.py
[2022-10-01T00:25:10.374+0000] {processor.py:650} INFO - DAG(s) dict_keys(['example_short_circuit_operator']) retrieved from /home/airflow/.local/lib/python3.7/site-packages/airflow/example_dags/example_short_circuit_operator.py
[2022-10-01T00:25:10.392+0000] {logging_mixin.py:115} INFO - [2022-10-01T00:25:10.392+0000] {dag.py:2429} INFO - Sync 1 DAGs
[2022-10-01T00:25:10.408+0000] {logging_mixin.py:115} INFO - [2022-10-01T00:25:10.408+0000] {dag.py:2981} INFO - Setting next_dagrun for example_short_circuit_operator to 2022-09-30T00:25:10.408388+00:00, run_after=2022-10-01T00:25:10.408388+00:00
[2022-10-01T00:25:10.418+0000] {processor.py:161} INFO - Processing /home/airflow/.local/lib/python3.7/site-packages/airflow/example_dags/example_short_circuit_operator.py took 0.056 seconds
[2022-10-01T00:25:40.853+0000] {processor.py:153} INFO - Started process (PID=36532) to work on /home/airflow/.local/lib/python3.7/site-packages/airflow/example_dags/example_short_circuit_operator.py
[2022-10-01T00:25:40.855+0000] {processor.py:640} INFO - Processing file /home/airflow/.local/lib/python3.7/site-packages/airflow/example_dags/example_short_circuit_operator.py for tasks to queue
[2022-10-01T00:25:40.857+0000] {logging_mixin.py:115} INFO - [2022-10-01T00:25:40.857+0000] {dagbag.py:508} INFO - Filling up the DagBag from /home/airflow/.local/lib/python3.7/site-packages/airflow/example_dags/example_short_circuit_operator.py
[2022-10-01T00:25:40.864+0000] {processor.py:650} INFO - DAG(s) dict_keys(['example_short_circuit_operator']) retrieved from /home/airflow/.local/lib/python3.7/site-packages/airflow/example_dags/example_short_circuit_operator.py
[2022-10-01T00:25:40.882+0000] {logging_mixin.py:115} INFO - [2022-10-01T00:25:40.882+0000] {dag.py:2429} INFO - Sync 1 DAGs
[2022-10-01T00:25:40.896+0000] {logging_mixin.py:115} INFO - [2022-10-01T00:25:40.896+0000] {dag.py:2981} INFO - Setting next_dagrun for example_short_circuit_operator to 2022-09-30T00:25:40.895880+00:00, run_after=2022-10-01T00:25:40.895880+00:00
[2022-10-01T00:25:40.904+0000] {processor.py:161} INFO - Processing /home/airflow/.local/lib/python3.7/site-packages/airflow/example_dags/example_short_circuit_operator.py took 0.054 seconds
[2022-10-01T00:26:11.356+0000] {processor.py:153} INFO - Started process (PID=36598) to work on /home/airflow/.local/lib/python3.7/site-packages/airflow/example_dags/example_short_circuit_operator.py
[2022-10-01T00:26:11.359+0000] {processor.py:640} INFO - Processing file /home/airflow/.local/lib/python3.7/site-packages/airflow/example_dags/example_short_circuit_operator.py for tasks to queue
[2022-10-01T00:26:11.360+0000] {logging_mixin.py:115} INFO - [2022-10-01T00:26:11.360+0000] {dagbag.py:508} INFO - Filling up the DagBag from /home/airflow/.local/lib/python3.7/site-packages/airflow/example_dags/example_short_circuit_operator.py
[2022-10-01T00:26:11.367+0000] {processor.py:650} INFO - DAG(s) dict_keys(['example_short_circuit_operator']) retrieved from /home/airflow/.local/lib/python3.7/site-packages/airflow/example_dags/example_short_circuit_operator.py
[2022-10-01T00:26:11.387+0000] {logging_mixin.py:115} INFO - [2022-10-01T00:26:11.387+0000] {dag.py:2429} INFO - Sync 1 DAGs
[2022-10-01T00:26:11.401+0000] {logging_mixin.py:115} INFO - [2022-10-01T00:26:11.401+0000] {dag.py:2981} INFO - Setting next_dagrun for example_short_circuit_operator to 2022-09-30T00:26:11.401472+00:00, run_after=2022-10-01T00:26:11.401472+00:00
[2022-10-01T00:26:11.412+0000] {processor.py:161} INFO - Processing /home/airflow/.local/lib/python3.7/site-packages/airflow/example_dags/example_short_circuit_operator.py took 0.058 seconds
[2022-10-01T00:26:41.486+0000] {processor.py:153} INFO - Started process (PID=36654) to work on /home/airflow/.local/lib/python3.7/site-packages/airflow/example_dags/example_short_circuit_operator.py
[2022-10-01T00:26:41.487+0000] {processor.py:640} INFO - Processing file /home/airflow/.local/lib/python3.7/site-packages/airflow/example_dags/example_short_circuit_operator.py for tasks to queue
[2022-10-01T00:26:41.488+0000] {logging_mixin.py:115} INFO - [2022-10-01T00:26:41.488+0000] {dagbag.py:508} INFO - Filling up the DagBag from /home/airflow/.local/lib/python3.7/site-packages/airflow/example_dags/example_short_circuit_operator.py
[2022-10-01T00:26:41.494+0000] {processor.py:650} INFO - DAG(s) dict_keys(['example_short_circuit_operator']) retrieved from /home/airflow/.local/lib/python3.7/site-packages/airflow/example_dags/example_short_circuit_operator.py
[2022-10-01T00:26:41.514+0000] {logging_mixin.py:115} INFO - [2022-10-01T00:26:41.513+0000] {dag.py:2429} INFO - Sync 1 DAGs
[2022-10-01T00:26:41.529+0000] {logging_mixin.py:115} INFO - [2022-10-01T00:26:41.529+0000] {dag.py:2981} INFO - Setting next_dagrun for example_short_circuit_operator to 2022-09-30T00:26:41.529303+00:00, run_after=2022-10-01T00:26:41.529303+00:00
[2022-10-01T00:26:41.536+0000] {processor.py:161} INFO - Processing /home/airflow/.local/lib/python3.7/site-packages/airflow/example_dags/example_short_circuit_operator.py took 0.053 seconds
[2022-10-01T00:27:11.882+0000] {processor.py:153} INFO - Started process (PID=36719) to work on /home/airflow/.local/lib/python3.7/site-packages/airflow/example_dags/example_short_circuit_operator.py
[2022-10-01T00:27:11.895+0000] {processor.py:640} INFO - Processing file /home/airflow/.local/lib/python3.7/site-packages/airflow/example_dags/example_short_circuit_operator.py for tasks to queue
[2022-10-01T00:27:11.897+0000] {logging_mixin.py:115} INFO - [2022-10-01T00:27:11.897+0000] {dagbag.py:508} INFO - Filling up the DagBag from /home/airflow/.local/lib/python3.7/site-packages/airflow/example_dags/example_short_circuit_operator.py
[2022-10-01T00:27:11.905+0000] {processor.py:650} INFO - DAG(s) dict_keys(['example_short_circuit_operator']) retrieved from /home/airflow/.local/lib/python3.7/site-packages/airflow/example_dags/example_short_circuit_operator.py
[2022-10-01T00:27:11.927+0000] {logging_mixin.py:115} INFO - [2022-10-01T00:27:11.927+0000] {dag.py:2429} INFO - Sync 1 DAGs
[2022-10-01T00:27:11.942+0000] {logging_mixin.py:115} INFO - [2022-10-01T00:27:11.942+0000] {dag.py:2981} INFO - Setting next_dagrun for example_short_circuit_operator to 2022-09-30T00:27:11.942222+00:00, run_after=2022-10-01T00:27:11.942222+00:00
[2022-10-01T00:27:11.952+0000] {processor.py:161} INFO - Processing /home/airflow/.local/lib/python3.7/site-packages/airflow/example_dags/example_short_circuit_operator.py took 0.073 seconds
[2022-10-01T00:27:42.804+0000] {processor.py:153} INFO - Started process (PID=36786) to work on /home/airflow/.local/lib/python3.7/site-packages/airflow/example_dags/example_short_circuit_operator.py
[2022-10-01T00:27:42.806+0000] {processor.py:640} INFO - Processing file /home/airflow/.local/lib/python3.7/site-packages/airflow/example_dags/example_short_circuit_operator.py for tasks to queue
[2022-10-01T00:27:42.807+0000] {logging_mixin.py:115} INFO - [2022-10-01T00:27:42.807+0000] {dagbag.py:508} INFO - Filling up the DagBag from /home/airflow/.local/lib/python3.7/site-packages/airflow/example_dags/example_short_circuit_operator.py
[2022-10-01T00:27:42.813+0000] {processor.py:650} INFO - DAG(s) dict_keys(['example_short_circuit_operator']) retrieved from /home/airflow/.local/lib/python3.7/site-packages/airflow/example_dags/example_short_circuit_operator.py
[2022-10-01T00:27:42.832+0000] {logging_mixin.py:115} INFO - [2022-10-01T00:27:42.832+0000] {dag.py:2429} INFO - Sync 1 DAGs
[2022-10-01T00:27:42.847+0000] {logging_mixin.py:115} INFO - [2022-10-01T00:27:42.847+0000] {dag.py:2981} INFO - Setting next_dagrun for example_short_circuit_operator to 2022-09-30T00:27:42.847639+00:00, run_after=2022-10-01T00:27:42.847639+00:00
[2022-10-01T00:27:42.856+0000] {processor.py:161} INFO - Processing /home/airflow/.local/lib/python3.7/site-packages/airflow/example_dags/example_short_circuit_operator.py took 0.055 seconds
[2022-10-01T00:28:13.328+0000] {processor.py:153} INFO - Started process (PID=36843) to work on /home/airflow/.local/lib/python3.7/site-packages/airflow/example_dags/example_short_circuit_operator.py
[2022-10-01T00:28:13.330+0000] {processor.py:640} INFO - Processing file /home/airflow/.local/lib/python3.7/site-packages/airflow/example_dags/example_short_circuit_operator.py for tasks to queue
[2022-10-01T00:28:13.331+0000] {logging_mixin.py:115} INFO - [2022-10-01T00:28:13.331+0000] {dagbag.py:508} INFO - Filling up the DagBag from /home/airflow/.local/lib/python3.7/site-packages/airflow/example_dags/example_short_circuit_operator.py
[2022-10-01T00:28:13.337+0000] {processor.py:650} INFO - DAG(s) dict_keys(['example_short_circuit_operator']) retrieved from /home/airflow/.local/lib/python3.7/site-packages/airflow/example_dags/example_short_circuit_operator.py
[2022-10-01T00:28:13.356+0000] {logging_mixin.py:115} INFO - [2022-10-01T00:28:13.356+0000] {dag.py:2429} INFO - Sync 1 DAGs
[2022-10-01T00:28:13.369+0000] {logging_mixin.py:115} INFO - [2022-10-01T00:28:13.369+0000] {dag.py:2981} INFO - Setting next_dagrun for example_short_circuit_operator to 2022-09-30T00:28:13.369682+00:00, run_after=2022-10-01T00:28:13.369682+00:00
[2022-10-01T00:28:13.377+0000] {processor.py:161} INFO - Processing /home/airflow/.local/lib/python3.7/site-packages/airflow/example_dags/example_short_circuit_operator.py took 0.051 seconds
[2022-10-01T00:28:43.919+0000] {processor.py:153} INFO - Started process (PID=36909) to work on /home/airflow/.local/lib/python3.7/site-packages/airflow/example_dags/example_short_circuit_operator.py
[2022-10-01T00:28:43.920+0000] {processor.py:640} INFO - Processing file /home/airflow/.local/lib/python3.7/site-packages/airflow/example_dags/example_short_circuit_operator.py for tasks to queue
[2022-10-01T00:28:43.921+0000] {logging_mixin.py:115} INFO - [2022-10-01T00:28:43.921+0000] {dagbag.py:508} INFO - Filling up the DagBag from /home/airflow/.local/lib/python3.7/site-packages/airflow/example_dags/example_short_circuit_operator.py
[2022-10-01T00:28:43.928+0000] {processor.py:650} INFO - DAG(s) dict_keys(['example_short_circuit_operator']) retrieved from /home/airflow/.local/lib/python3.7/site-packages/airflow/example_dags/example_short_circuit_operator.py
[2022-10-01T00:28:43.944+0000] {logging_mixin.py:115} INFO - [2022-10-01T00:28:43.944+0000] {dag.py:2429} INFO - Sync 1 DAGs
[2022-10-01T00:28:43.957+0000] {logging_mixin.py:115} INFO - [2022-10-01T00:28:43.957+0000] {dag.py:2981} INFO - Setting next_dagrun for example_short_circuit_operator to 2022-09-30T00:28:43.957124+00:00, run_after=2022-10-01T00:28:43.957124+00:00
[2022-10-01T00:28:43.965+0000] {processor.py:161} INFO - Processing /home/airflow/.local/lib/python3.7/site-packages/airflow/example_dags/example_short_circuit_operator.py took 0.049 seconds
[2022-10-01T00:29:14.469+0000] {processor.py:153} INFO - Started process (PID=36974) to work on /home/airflow/.local/lib/python3.7/site-packages/airflow/example_dags/example_short_circuit_operator.py
[2022-10-01T00:29:14.474+0000] {processor.py:640} INFO - Processing file /home/airflow/.local/lib/python3.7/site-packages/airflow/example_dags/example_short_circuit_operator.py for tasks to queue
[2022-10-01T00:29:14.475+0000] {logging_mixin.py:115} INFO - [2022-10-01T00:29:14.475+0000] {dagbag.py:508} INFO - Filling up the DagBag from /home/airflow/.local/lib/python3.7/site-packages/airflow/example_dags/example_short_circuit_operator.py
[2022-10-01T00:29:14.483+0000] {processor.py:650} INFO - DAG(s) dict_keys(['example_short_circuit_operator']) retrieved from /home/airflow/.local/lib/python3.7/site-packages/airflow/example_dags/example_short_circuit_operator.py
[2022-10-01T00:29:14.507+0000] {logging_mixin.py:115} INFO - [2022-10-01T00:29:14.507+0000] {dag.py:2429} INFO - Sync 1 DAGs
[2022-10-01T00:29:14.522+0000] {logging_mixin.py:115} INFO - [2022-10-01T00:29:14.522+0000] {dag.py:2981} INFO - Setting next_dagrun for example_short_circuit_operator to 2022-09-30T00:29:14.522243+00:00, run_after=2022-10-01T00:29:14.522243+00:00
[2022-10-01T00:29:14.530+0000] {processor.py:161} INFO - Processing /home/airflow/.local/lib/python3.7/site-packages/airflow/example_dags/example_short_circuit_operator.py took 0.065 seconds
[2022-10-01T00:29:45.248+0000] {processor.py:153} INFO - Started process (PID=37040) to work on /home/airflow/.local/lib/python3.7/site-packages/airflow/example_dags/example_short_circuit_operator.py
[2022-10-01T00:29:45.250+0000] {processor.py:640} INFO - Processing file /home/airflow/.local/lib/python3.7/site-packages/airflow/example_dags/example_short_circuit_operator.py for tasks to queue
[2022-10-01T00:29:45.252+0000] {logging_mixin.py:115} INFO - [2022-10-01T00:29:45.252+0000] {dagbag.py:508} INFO - Filling up the DagBag from /home/airflow/.local/lib/python3.7/site-packages/airflow/example_dags/example_short_circuit_operator.py
[2022-10-01T00:29:45.260+0000] {processor.py:650} INFO - DAG(s) dict_keys(['example_short_circuit_operator']) retrieved from /home/airflow/.local/lib/python3.7/site-packages/airflow/example_dags/example_short_circuit_operator.py
[2022-10-01T00:29:45.282+0000] {logging_mixin.py:115} INFO - [2022-10-01T00:29:45.282+0000] {dag.py:2429} INFO - Sync 1 DAGs
[2022-10-01T00:29:45.301+0000] {logging_mixin.py:115} INFO - [2022-10-01T00:29:45.300+0000] {dag.py:2981} INFO - Setting next_dagrun for example_short_circuit_operator to 2022-09-30T00:29:45.300784+00:00, run_after=2022-10-01T00:29:45.300784+00:00
[2022-10-01T00:29:45.311+0000] {processor.py:161} INFO - Processing /home/airflow/.local/lib/python3.7/site-packages/airflow/example_dags/example_short_circuit_operator.py took 0.065 seconds
[2022-10-01T00:30:15.741+0000] {processor.py:153} INFO - Started process (PID=37097) to work on /home/airflow/.local/lib/python3.7/site-packages/airflow/example_dags/example_short_circuit_operator.py
[2022-10-01T00:30:15.743+0000] {processor.py:640} INFO - Processing file /home/airflow/.local/lib/python3.7/site-packages/airflow/example_dags/example_short_circuit_operator.py for tasks to queue
[2022-10-01T00:30:15.744+0000] {logging_mixin.py:115} INFO - [2022-10-01T00:30:15.744+0000] {dagbag.py:508} INFO - Filling up the DagBag from /home/airflow/.local/lib/python3.7/site-packages/airflow/example_dags/example_short_circuit_operator.py
[2022-10-01T00:30:15.750+0000] {processor.py:650} INFO - DAG(s) dict_keys(['example_short_circuit_operator']) retrieved from /home/airflow/.local/lib/python3.7/site-packages/airflow/example_dags/example_short_circuit_operator.py
[2022-10-01T00:30:15.771+0000] {logging_mixin.py:115} INFO - [2022-10-01T00:30:15.771+0000] {dag.py:2429} INFO - Sync 1 DAGs
[2022-10-01T00:30:15.784+0000] {logging_mixin.py:115} INFO - [2022-10-01T00:30:15.784+0000] {dag.py:2981} INFO - Setting next_dagrun for example_short_circuit_operator to 2022-09-30T00:30:15.784354+00:00, run_after=2022-10-01T00:30:15.784354+00:00
[2022-10-01T00:30:15.791+0000] {processor.py:161} INFO - Processing /home/airflow/.local/lib/python3.7/site-packages/airflow/example_dags/example_short_circuit_operator.py took 0.052 seconds
[2022-10-01T00:30:46.164+0000] {processor.py:153} INFO - Started process (PID=37163) to work on /home/airflow/.local/lib/python3.7/site-packages/airflow/example_dags/example_short_circuit_operator.py
[2022-10-01T00:30:46.165+0000] {processor.py:640} INFO - Processing file /home/airflow/.local/lib/python3.7/site-packages/airflow/example_dags/example_short_circuit_operator.py for tasks to queue
[2022-10-01T00:30:46.167+0000] {logging_mixin.py:115} INFO - [2022-10-01T00:30:46.167+0000] {dagbag.py:508} INFO - Filling up the DagBag from /home/airflow/.local/lib/python3.7/site-packages/airflow/example_dags/example_short_circuit_operator.py
[2022-10-01T00:30:46.174+0000] {processor.py:650} INFO - DAG(s) dict_keys(['example_short_circuit_operator']) retrieved from /home/airflow/.local/lib/python3.7/site-packages/airflow/example_dags/example_short_circuit_operator.py
[2022-10-01T00:30:46.198+0000] {logging_mixin.py:115} INFO - [2022-10-01T00:30:46.197+0000] {dag.py:2429} INFO - Sync 1 DAGs
[2022-10-01T00:30:46.214+0000] {logging_mixin.py:115} INFO - [2022-10-01T00:30:46.214+0000] {dag.py:2981} INFO - Setting next_dagrun for example_short_circuit_operator to 2022-09-30T00:30:46.214601+00:00, run_after=2022-10-01T00:30:46.214601+00:00
[2022-10-01T00:30:46.223+0000] {processor.py:161} INFO - Processing /home/airflow/.local/lib/python3.7/site-packages/airflow/example_dags/example_short_circuit_operator.py took 0.062 seconds
[2022-10-01T00:31:16.607+0000] {processor.py:153} INFO - Started process (PID=37229) to work on /home/airflow/.local/lib/python3.7/site-packages/airflow/example_dags/example_short_circuit_operator.py
[2022-10-01T00:31:16.609+0000] {processor.py:640} INFO - Processing file /home/airflow/.local/lib/python3.7/site-packages/airflow/example_dags/example_short_circuit_operator.py for tasks to queue
[2022-10-01T00:31:16.610+0000] {logging_mixin.py:115} INFO - [2022-10-01T00:31:16.610+0000] {dagbag.py:508} INFO - Filling up the DagBag from /home/airflow/.local/lib/python3.7/site-packages/airflow/example_dags/example_short_circuit_operator.py
[2022-10-01T00:31:16.616+0000] {processor.py:650} INFO - DAG(s) dict_keys(['example_short_circuit_operator']) retrieved from /home/airflow/.local/lib/python3.7/site-packages/airflow/example_dags/example_short_circuit_operator.py
[2022-10-01T00:31:16.635+0000] {logging_mixin.py:115} INFO - [2022-10-01T00:31:16.635+0000] {dag.py:2429} INFO - Sync 1 DAGs
[2022-10-01T00:31:16.650+0000] {logging_mixin.py:115} INFO - [2022-10-01T00:31:16.650+0000] {dag.py:2981} INFO - Setting next_dagrun for example_short_circuit_operator to 2022-09-30T00:31:16.650650+00:00, run_after=2022-10-01T00:31:16.650650+00:00
[2022-10-01T00:31:16.664+0000] {processor.py:161} INFO - Processing /home/airflow/.local/lib/python3.7/site-packages/airflow/example_dags/example_short_circuit_operator.py took 0.059 seconds
[2022-10-01T00:31:47.263+0000] {processor.py:153} INFO - Started process (PID=37286) to work on /home/airflow/.local/lib/python3.7/site-packages/airflow/example_dags/example_short_circuit_operator.py
[2022-10-01T00:31:47.264+0000] {processor.py:640} INFO - Processing file /home/airflow/.local/lib/python3.7/site-packages/airflow/example_dags/example_short_circuit_operator.py for tasks to queue
[2022-10-01T00:31:47.265+0000] {logging_mixin.py:115} INFO - [2022-10-01T00:31:47.265+0000] {dagbag.py:508} INFO - Filling up the DagBag from /home/airflow/.local/lib/python3.7/site-packages/airflow/example_dags/example_short_circuit_operator.py
[2022-10-01T00:31:47.272+0000] {processor.py:650} INFO - DAG(s) dict_keys(['example_short_circuit_operator']) retrieved from /home/airflow/.local/lib/python3.7/site-packages/airflow/example_dags/example_short_circuit_operator.py
[2022-10-01T00:31:47.290+0000] {logging_mixin.py:115} INFO - [2022-10-01T00:31:47.290+0000] {dag.py:2429} INFO - Sync 1 DAGs
[2022-10-01T00:31:47.303+0000] {logging_mixin.py:115} INFO - [2022-10-01T00:31:47.303+0000] {dag.py:2981} INFO - Setting next_dagrun for example_short_circuit_operator to 2022-09-30T00:31:47.303022+00:00, run_after=2022-10-01T00:31:47.303022+00:00
[2022-10-01T00:31:47.310+0000] {processor.py:161} INFO - Processing /home/airflow/.local/lib/python3.7/site-packages/airflow/example_dags/example_short_circuit_operator.py took 0.049 seconds
[2022-10-01T00:32:17.606+0000] {processor.py:153} INFO - Started process (PID=37352) to work on /home/airflow/.local/lib/python3.7/site-packages/airflow/example_dags/example_short_circuit_operator.py
[2022-10-01T00:32:17.611+0000] {processor.py:640} INFO - Processing file /home/airflow/.local/lib/python3.7/site-packages/airflow/example_dags/example_short_circuit_operator.py for tasks to queue
[2022-10-01T00:32:17.613+0000] {logging_mixin.py:115} INFO - [2022-10-01T00:32:17.613+0000] {dagbag.py:508} INFO - Filling up the DagBag from /home/airflow/.local/lib/python3.7/site-packages/airflow/example_dags/example_short_circuit_operator.py
[2022-10-01T00:32:17.621+0000] {processor.py:650} INFO - DAG(s) dict_keys(['example_short_circuit_operator']) retrieved from /home/airflow/.local/lib/python3.7/site-packages/airflow/example_dags/example_short_circuit_operator.py
[2022-10-01T00:32:17.641+0000] {logging_mixin.py:115} INFO - [2022-10-01T00:32:17.641+0000] {dag.py:2429} INFO - Sync 1 DAGs
[2022-10-01T00:32:17.662+0000] {logging_mixin.py:115} INFO - [2022-10-01T00:32:17.662+0000] {dag.py:2981} INFO - Setting next_dagrun for example_short_circuit_operator to 2022-09-30T00:32:17.662017+00:00, run_after=2022-10-01T00:32:17.662017+00:00
[2022-10-01T00:32:17.670+0000] {processor.py:161} INFO - Processing /home/airflow/.local/lib/python3.7/site-packages/airflow/example_dags/example_short_circuit_operator.py took 0.067 seconds
[2022-10-01T00:32:48.611+0000] {processor.py:153} INFO - Started process (PID=37417) to work on /home/airflow/.local/lib/python3.7/site-packages/airflow/example_dags/example_short_circuit_operator.py
[2022-10-01T00:32:48.615+0000] {processor.py:640} INFO - Processing file /home/airflow/.local/lib/python3.7/site-packages/airflow/example_dags/example_short_circuit_operator.py for tasks to queue
[2022-10-01T00:32:48.622+0000] {logging_mixin.py:115} INFO - [2022-10-01T00:32:48.622+0000] {dagbag.py:508} INFO - Filling up the DagBag from /home/airflow/.local/lib/python3.7/site-packages/airflow/example_dags/example_short_circuit_operator.py
[2022-10-01T00:32:48.630+0000] {processor.py:650} INFO - DAG(s) dict_keys(['example_short_circuit_operator']) retrieved from /home/airflow/.local/lib/python3.7/site-packages/airflow/example_dags/example_short_circuit_operator.py
[2022-10-01T00:32:48.689+0000] {logging_mixin.py:115} INFO - [2022-10-01T00:32:48.689+0000] {dag.py:2429} INFO - Sync 1 DAGs
[2022-10-01T00:32:48.715+0000] {logging_mixin.py:115} INFO - [2022-10-01T00:32:48.714+0000] {dag.py:2981} INFO - Setting next_dagrun for example_short_circuit_operator to 2022-09-30T00:32:48.714641+00:00, run_after=2022-10-01T00:32:48.714641+00:00
[2022-10-01T00:32:48.748+0000] {processor.py:161} INFO - Processing /home/airflow/.local/lib/python3.7/site-packages/airflow/example_dags/example_short_circuit_operator.py took 0.140 seconds
[2022-10-01T00:33:19.456+0000] {processor.py:153} INFO - Started process (PID=37474) to work on /home/airflow/.local/lib/python3.7/site-packages/airflow/example_dags/example_short_circuit_operator.py
[2022-10-01T00:33:19.462+0000] {processor.py:640} INFO - Processing file /home/airflow/.local/lib/python3.7/site-packages/airflow/example_dags/example_short_circuit_operator.py for tasks to queue
[2022-10-01T00:33:19.464+0000] {logging_mixin.py:115} INFO - [2022-10-01T00:33:19.464+0000] {dagbag.py:508} INFO - Filling up the DagBag from /home/airflow/.local/lib/python3.7/site-packages/airflow/example_dags/example_short_circuit_operator.py
[2022-10-01T00:33:19.474+0000] {processor.py:650} INFO - DAG(s) dict_keys(['example_short_circuit_operator']) retrieved from /home/airflow/.local/lib/python3.7/site-packages/airflow/example_dags/example_short_circuit_operator.py
[2022-10-01T00:33:19.497+0000] {logging_mixin.py:115} INFO - [2022-10-01T00:33:19.497+0000] {dag.py:2429} INFO - Sync 1 DAGs
[2022-10-01T00:33:19.515+0000] {logging_mixin.py:115} INFO - [2022-10-01T00:33:19.515+0000] {dag.py:2981} INFO - Setting next_dagrun for example_short_circuit_operator to 2022-09-30T00:33:19.514838+00:00, run_after=2022-10-01T00:33:19.514838+00:00
[2022-10-01T00:33:19.527+0000] {processor.py:161} INFO - Processing /home/airflow/.local/lib/python3.7/site-packages/airflow/example_dags/example_short_circuit_operator.py took 0.075 seconds
[2022-10-01T00:33:49.888+0000] {processor.py:153} INFO - Started process (PID=37538) to work on /home/airflow/.local/lib/python3.7/site-packages/airflow/example_dags/example_short_circuit_operator.py
[2022-10-01T00:33:49.892+0000] {processor.py:640} INFO - Processing file /home/airflow/.local/lib/python3.7/site-packages/airflow/example_dags/example_short_circuit_operator.py for tasks to queue
[2022-10-01T00:33:49.894+0000] {logging_mixin.py:115} INFO - [2022-10-01T00:33:49.894+0000] {dagbag.py:508} INFO - Filling up the DagBag from /home/airflow/.local/lib/python3.7/site-packages/airflow/example_dags/example_short_circuit_operator.py
[2022-10-01T00:33:49.900+0000] {processor.py:650} INFO - DAG(s) dict_keys(['example_short_circuit_operator']) retrieved from /home/airflow/.local/lib/python3.7/site-packages/airflow/example_dags/example_short_circuit_operator.py
[2022-10-01T00:33:49.922+0000] {logging_mixin.py:115} INFO - [2022-10-01T00:33:49.922+0000] {dag.py:2429} INFO - Sync 1 DAGs
[2022-10-01T00:33:49.937+0000] {logging_mixin.py:115} INFO - [2022-10-01T00:33:49.937+0000] {dag.py:2981} INFO - Setting next_dagrun for example_short_circuit_operator to 2022-09-30T00:33:49.937605+00:00, run_after=2022-10-01T00:33:49.937605+00:00
[2022-10-01T00:33:49.956+0000] {processor.py:161} INFO - Processing /home/airflow/.local/lib/python3.7/site-packages/airflow/example_dags/example_short_circuit_operator.py took 0.071 seconds
[2022-10-01T00:34:20.444+0000] {processor.py:153} INFO - Started process (PID=37596) to work on /home/airflow/.local/lib/python3.7/site-packages/airflow/example_dags/example_short_circuit_operator.py
[2022-10-01T00:34:20.446+0000] {processor.py:640} INFO - Processing file /home/airflow/.local/lib/python3.7/site-packages/airflow/example_dags/example_short_circuit_operator.py for tasks to queue
[2022-10-01T00:34:20.448+0000] {logging_mixin.py:115} INFO - [2022-10-01T00:34:20.448+0000] {dagbag.py:508} INFO - Filling up the DagBag from /home/airflow/.local/lib/python3.7/site-packages/airflow/example_dags/example_short_circuit_operator.py
[2022-10-01T00:34:20.455+0000] {processor.py:650} INFO - DAG(s) dict_keys(['example_short_circuit_operator']) retrieved from /home/airflow/.local/lib/python3.7/site-packages/airflow/example_dags/example_short_circuit_operator.py
[2022-10-01T00:34:20.475+0000] {logging_mixin.py:115} INFO - [2022-10-01T00:34:20.474+0000] {dag.py:2429} INFO - Sync 1 DAGs
[2022-10-01T00:34:20.489+0000] {logging_mixin.py:115} INFO - [2022-10-01T00:34:20.489+0000] {dag.py:2981} INFO - Setting next_dagrun for example_short_circuit_operator to 2022-09-30T00:34:20.489425+00:00, run_after=2022-10-01T00:34:20.489425+00:00
[2022-10-01T00:34:20.503+0000] {processor.py:161} INFO - Processing /home/airflow/.local/lib/python3.7/site-packages/airflow/example_dags/example_short_circuit_operator.py took 0.061 seconds
[2022-10-01T00:34:51.211+0000] {processor.py:153} INFO - Started process (PID=37662) to work on /home/airflow/.local/lib/python3.7/site-packages/airflow/example_dags/example_short_circuit_operator.py
[2022-10-01T00:34:51.214+0000] {processor.py:640} INFO - Processing file /home/airflow/.local/lib/python3.7/site-packages/airflow/example_dags/example_short_circuit_operator.py for tasks to queue
[2022-10-01T00:34:51.217+0000] {logging_mixin.py:115} INFO - [2022-10-01T00:34:51.217+0000] {dagbag.py:508} INFO - Filling up the DagBag from /home/airflow/.local/lib/python3.7/site-packages/airflow/example_dags/example_short_circuit_operator.py
[2022-10-01T00:34:51.224+0000] {processor.py:650} INFO - DAG(s) dict_keys(['example_short_circuit_operator']) retrieved from /home/airflow/.local/lib/python3.7/site-packages/airflow/example_dags/example_short_circuit_operator.py
[2022-10-01T00:34:51.245+0000] {logging_mixin.py:115} INFO - [2022-10-01T00:34:51.245+0000] {dag.py:2429} INFO - Sync 1 DAGs
[2022-10-01T00:34:51.259+0000] {logging_mixin.py:115} INFO - [2022-10-01T00:34:51.259+0000] {dag.py:2981} INFO - Setting next_dagrun for example_short_circuit_operator to 2022-09-30T00:34:51.259239+00:00, run_after=2022-10-01T00:34:51.259239+00:00
[2022-10-01T00:34:51.270+0000] {processor.py:161} INFO - Processing /home/airflow/.local/lib/python3.7/site-packages/airflow/example_dags/example_short_circuit_operator.py took 0.062 seconds
[2022-10-01T00:35:22.104+0000] {processor.py:153} INFO - Started process (PID=37729) to work on /home/airflow/.local/lib/python3.7/site-packages/airflow/example_dags/example_short_circuit_operator.py
[2022-10-01T00:35:22.106+0000] {processor.py:640} INFO - Processing file /home/airflow/.local/lib/python3.7/site-packages/airflow/example_dags/example_short_circuit_operator.py for tasks to queue
[2022-10-01T00:35:22.107+0000] {logging_mixin.py:115} INFO - [2022-10-01T00:35:22.107+0000] {dagbag.py:508} INFO - Filling up the DagBag from /home/airflow/.local/lib/python3.7/site-packages/airflow/example_dags/example_short_circuit_operator.py
[2022-10-01T00:35:22.117+0000] {processor.py:650} INFO - DAG(s) dict_keys(['example_short_circuit_operator']) retrieved from /home/airflow/.local/lib/python3.7/site-packages/airflow/example_dags/example_short_circuit_operator.py
[2022-10-01T00:35:22.146+0000] {logging_mixin.py:115} INFO - [2022-10-01T00:35:22.146+0000] {dag.py:2429} INFO - Sync 1 DAGs
[2022-10-01T00:35:22.168+0000] {logging_mixin.py:115} INFO - [2022-10-01T00:35:22.168+0000] {dag.py:2981} INFO - Setting next_dagrun for example_short_circuit_operator to 2022-09-30T00:35:22.168284+00:00, run_after=2022-10-01T00:35:22.168284+00:00
[2022-10-01T00:35:22.187+0000] {processor.py:161} INFO - Processing /home/airflow/.local/lib/python3.7/site-packages/airflow/example_dags/example_short_circuit_operator.py took 0.086 seconds
[2022-10-01T00:35:53.015+0000] {processor.py:153} INFO - Started process (PID=37786) to work on /home/airflow/.local/lib/python3.7/site-packages/airflow/example_dags/example_short_circuit_operator.py
[2022-10-01T00:35:53.020+0000] {processor.py:640} INFO - Processing file /home/airflow/.local/lib/python3.7/site-packages/airflow/example_dags/example_short_circuit_operator.py for tasks to queue
[2022-10-01T00:35:53.021+0000] {logging_mixin.py:115} INFO - [2022-10-01T00:35:53.021+0000] {dagbag.py:508} INFO - Filling up the DagBag from /home/airflow/.local/lib/python3.7/site-packages/airflow/example_dags/example_short_circuit_operator.py
[2022-10-01T00:35:53.029+0000] {processor.py:650} INFO - DAG(s) dict_keys(['example_short_circuit_operator']) retrieved from /home/airflow/.local/lib/python3.7/site-packages/airflow/example_dags/example_short_circuit_operator.py
[2022-10-01T00:35:53.050+0000] {logging_mixin.py:115} INFO - [2022-10-01T00:35:53.050+0000] {dag.py:2429} INFO - Sync 1 DAGs
[2022-10-01T00:35:53.065+0000] {logging_mixin.py:115} INFO - [2022-10-01T00:35:53.065+0000] {dag.py:2981} INFO - Setting next_dagrun for example_short_circuit_operator to 2022-09-30T00:35:53.065231+00:00, run_after=2022-10-01T00:35:53.065231+00:00
[2022-10-01T00:35:53.076+0000] {processor.py:161} INFO - Processing /home/airflow/.local/lib/python3.7/site-packages/airflow/example_dags/example_short_circuit_operator.py took 0.063 seconds
