[2022-10-01T00:00:23.000+0000] {processor.py:153} INFO - Started process (PID=33922) to work on /home/airflow/.local/lib/python3.7/site-packages/airflow/example_dags/example_latest_only.py
[2022-10-01T00:00:23.002+0000] {processor.py:640} INFO - Processing file /home/airflow/.local/lib/python3.7/site-packages/airflow/example_dags/example_latest_only.py for tasks to queue
[2022-10-01T00:00:23.004+0000] {logging_mixin.py:115} INFO - [2022-10-01T00:00:23.004+0000] {dagbag.py:508} INFO - Filling up the DagBag from /home/airflow/.local/lib/python3.7/site-packages/airflow/example_dags/example_latest_only.py
[2022-10-01T00:00:23.008+0000] {processor.py:650} INFO - DAG(s) dict_keys(['latest_only']) retrieved from /home/airflow/.local/lib/python3.7/site-packages/airflow/example_dags/example_latest_only.py
[2022-10-01T00:00:23.029+0000] {logging_mixin.py:115} INFO - [2022-10-01T00:00:23.029+0000] {dag.py:2429} INFO - Sync 1 DAGs
[2022-10-01T00:00:23.043+0000] {logging_mixin.py:115} INFO - [2022-10-01T00:00:23.043+0000] {dag.py:2981} INFO - Setting next_dagrun for latest_only to 2022-09-30T20:00:23.043381+00:00, run_after=2022-10-01T00:00:23.043381+00:00
[2022-10-01T00:00:23.051+0000] {processor.py:161} INFO - Processing /home/airflow/.local/lib/python3.7/site-packages/airflow/example_dags/example_latest_only.py took 0.053 seconds
[2022-10-01T00:00:53.563+0000] {processor.py:153} INFO - Started process (PID=33989) to work on /home/airflow/.local/lib/python3.7/site-packages/airflow/example_dags/example_latest_only.py
[2022-10-01T00:00:53.565+0000] {processor.py:640} INFO - Processing file /home/airflow/.local/lib/python3.7/site-packages/airflow/example_dags/example_latest_only.py for tasks to queue
[2022-10-01T00:00:53.566+0000] {logging_mixin.py:115} INFO - [2022-10-01T00:00:53.566+0000] {dagbag.py:508} INFO - Filling up the DagBag from /home/airflow/.local/lib/python3.7/site-packages/airflow/example_dags/example_latest_only.py
[2022-10-01T00:00:53.571+0000] {processor.py:650} INFO - DAG(s) dict_keys(['latest_only']) retrieved from /home/airflow/.local/lib/python3.7/site-packages/airflow/example_dags/example_latest_only.py
[2022-10-01T00:00:53.590+0000] {logging_mixin.py:115} INFO - [2022-10-01T00:00:53.590+0000] {dag.py:2429} INFO - Sync 1 DAGs
[2022-10-01T00:00:53.604+0000] {logging_mixin.py:115} INFO - [2022-10-01T00:00:53.604+0000] {dag.py:2981} INFO - Setting next_dagrun for latest_only to 2022-09-30T20:00:53.604729+00:00, run_after=2022-10-01T00:00:53.604729+00:00
[2022-10-01T00:00:53.614+0000] {processor.py:161} INFO - Processing /home/airflow/.local/lib/python3.7/site-packages/airflow/example_dags/example_latest_only.py took 0.053 seconds
[2022-10-01T00:01:24.187+0000] {processor.py:153} INFO - Started process (PID=34055) to work on /home/airflow/.local/lib/python3.7/site-packages/airflow/example_dags/example_latest_only.py
[2022-10-01T00:01:24.189+0000] {processor.py:640} INFO - Processing file /home/airflow/.local/lib/python3.7/site-packages/airflow/example_dags/example_latest_only.py for tasks to queue
[2022-10-01T00:01:24.190+0000] {logging_mixin.py:115} INFO - [2022-10-01T00:01:24.190+0000] {dagbag.py:508} INFO - Filling up the DagBag from /home/airflow/.local/lib/python3.7/site-packages/airflow/example_dags/example_latest_only.py
[2022-10-01T00:01:24.194+0000] {processor.py:650} INFO - DAG(s) dict_keys(['latest_only']) retrieved from /home/airflow/.local/lib/python3.7/site-packages/airflow/example_dags/example_latest_only.py
[2022-10-01T00:01:24.213+0000] {logging_mixin.py:115} INFO - [2022-10-01T00:01:24.213+0000] {dag.py:2429} INFO - Sync 1 DAGs
[2022-10-01T00:01:24.227+0000] {logging_mixin.py:115} INFO - [2022-10-01T00:01:24.227+0000] {dag.py:2981} INFO - Setting next_dagrun for latest_only to 2022-09-30T20:01:24.227550+00:00, run_after=2022-10-01T00:01:24.227550+00:00
[2022-10-01T00:01:24.235+0000] {processor.py:161} INFO - Processing /home/airflow/.local/lib/python3.7/site-packages/airflow/example_dags/example_latest_only.py took 0.050 seconds
[2022-10-01T00:01:54.581+0000] {processor.py:153} INFO - Started process (PID=34112) to work on /home/airflow/.local/lib/python3.7/site-packages/airflow/example_dags/example_latest_only.py
[2022-10-01T00:01:54.584+0000] {processor.py:640} INFO - Processing file /home/airflow/.local/lib/python3.7/site-packages/airflow/example_dags/example_latest_only.py for tasks to queue
[2022-10-01T00:01:54.585+0000] {logging_mixin.py:115} INFO - [2022-10-01T00:01:54.585+0000] {dagbag.py:508} INFO - Filling up the DagBag from /home/airflow/.local/lib/python3.7/site-packages/airflow/example_dags/example_latest_only.py
[2022-10-01T00:01:54.589+0000] {processor.py:650} INFO - DAG(s) dict_keys(['latest_only']) retrieved from /home/airflow/.local/lib/python3.7/site-packages/airflow/example_dags/example_latest_only.py
[2022-10-01T00:01:54.612+0000] {logging_mixin.py:115} INFO - [2022-10-01T00:01:54.612+0000] {dag.py:2429} INFO - Sync 1 DAGs
[2022-10-01T00:01:54.629+0000] {logging_mixin.py:115} INFO - [2022-10-01T00:01:54.629+0000] {dag.py:2981} INFO - Setting next_dagrun for latest_only to 2022-09-30T20:01:54.629141+00:00, run_after=2022-10-01T00:01:54.629141+00:00
[2022-10-01T00:01:54.639+0000] {processor.py:161} INFO - Processing /home/airflow/.local/lib/python3.7/site-packages/airflow/example_dags/example_latest_only.py took 0.060 seconds
[2022-10-01T00:02:24.949+0000] {processor.py:153} INFO - Started process (PID=34178) to work on /home/airflow/.local/lib/python3.7/site-packages/airflow/example_dags/example_latest_only.py
[2022-10-01T00:02:24.951+0000] {processor.py:640} INFO - Processing file /home/airflow/.local/lib/python3.7/site-packages/airflow/example_dags/example_latest_only.py for tasks to queue
[2022-10-01T00:02:24.952+0000] {logging_mixin.py:115} INFO - [2022-10-01T00:02:24.952+0000] {dagbag.py:508} INFO - Filling up the DagBag from /home/airflow/.local/lib/python3.7/site-packages/airflow/example_dags/example_latest_only.py
[2022-10-01T00:02:24.956+0000] {processor.py:650} INFO - DAG(s) dict_keys(['latest_only']) retrieved from /home/airflow/.local/lib/python3.7/site-packages/airflow/example_dags/example_latest_only.py
[2022-10-01T00:02:24.976+0000] {logging_mixin.py:115} INFO - [2022-10-01T00:02:24.976+0000] {dag.py:2429} INFO - Sync 1 DAGs
[2022-10-01T00:02:24.989+0000] {logging_mixin.py:115} INFO - [2022-10-01T00:02:24.989+0000] {dag.py:2981} INFO - Setting next_dagrun for latest_only to 2022-09-30T20:02:24.989048+00:00, run_after=2022-10-01T00:02:24.989048+00:00
[2022-10-01T00:02:24.997+0000] {processor.py:161} INFO - Processing /home/airflow/.local/lib/python3.7/site-packages/airflow/example_dags/example_latest_only.py took 0.050 seconds
[2022-10-01T00:02:55.423+0000] {processor.py:153} INFO - Started process (PID=34244) to work on /home/airflow/.local/lib/python3.7/site-packages/airflow/example_dags/example_latest_only.py
[2022-10-01T00:02:55.424+0000] {processor.py:640} INFO - Processing file /home/airflow/.local/lib/python3.7/site-packages/airflow/example_dags/example_latest_only.py for tasks to queue
[2022-10-01T00:02:55.426+0000] {logging_mixin.py:115} INFO - [2022-10-01T00:02:55.426+0000] {dagbag.py:508} INFO - Filling up the DagBag from /home/airflow/.local/lib/python3.7/site-packages/airflow/example_dags/example_latest_only.py
[2022-10-01T00:02:55.430+0000] {processor.py:650} INFO - DAG(s) dict_keys(['latest_only']) retrieved from /home/airflow/.local/lib/python3.7/site-packages/airflow/example_dags/example_latest_only.py
[2022-10-01T00:02:55.449+0000] {logging_mixin.py:115} INFO - [2022-10-01T00:02:55.449+0000] {dag.py:2429} INFO - Sync 1 DAGs
[2022-10-01T00:02:55.463+0000] {logging_mixin.py:115} INFO - [2022-10-01T00:02:55.463+0000] {dag.py:2981} INFO - Setting next_dagrun for latest_only to 2022-09-30T20:02:55.463403+00:00, run_after=2022-10-01T00:02:55.463403+00:00
[2022-10-01T00:02:55.473+0000] {processor.py:161} INFO - Processing /home/airflow/.local/lib/python3.7/site-packages/airflow/example_dags/example_latest_only.py took 0.052 seconds
[2022-10-01T00:03:25.627+0000] {processor.py:153} INFO - Started process (PID=34311) to work on /home/airflow/.local/lib/python3.7/site-packages/airflow/example_dags/example_latest_only.py
[2022-10-01T00:03:25.629+0000] {processor.py:640} INFO - Processing file /home/airflow/.local/lib/python3.7/site-packages/airflow/example_dags/example_latest_only.py for tasks to queue
[2022-10-01T00:03:25.630+0000] {logging_mixin.py:115} INFO - [2022-10-01T00:03:25.630+0000] {dagbag.py:508} INFO - Filling up the DagBag from /home/airflow/.local/lib/python3.7/site-packages/airflow/example_dags/example_latest_only.py
[2022-10-01T00:03:25.635+0000] {processor.py:650} INFO - DAG(s) dict_keys(['latest_only']) retrieved from /home/airflow/.local/lib/python3.7/site-packages/airflow/example_dags/example_latest_only.py
[2022-10-01T00:03:25.654+0000] {logging_mixin.py:115} INFO - [2022-10-01T00:03:25.654+0000] {dag.py:2429} INFO - Sync 1 DAGs
[2022-10-01T00:03:25.669+0000] {logging_mixin.py:115} INFO - [2022-10-01T00:03:25.668+0000] {dag.py:2981} INFO - Setting next_dagrun for latest_only to 2022-09-30T20:03:25.668787+00:00, run_after=2022-10-01T00:03:25.668787+00:00
[2022-10-01T00:03:25.676+0000] {processor.py:161} INFO - Processing /home/airflow/.local/lib/python3.7/site-packages/airflow/example_dags/example_latest_only.py took 0.052 seconds
[2022-10-01T00:03:56.046+0000] {processor.py:153} INFO - Started process (PID=34368) to work on /home/airflow/.local/lib/python3.7/site-packages/airflow/example_dags/example_latest_only.py
[2022-10-01T00:03:56.047+0000] {processor.py:640} INFO - Processing file /home/airflow/.local/lib/python3.7/site-packages/airflow/example_dags/example_latest_only.py for tasks to queue
[2022-10-01T00:03:56.049+0000] {logging_mixin.py:115} INFO - [2022-10-01T00:03:56.049+0000] {dagbag.py:508} INFO - Filling up the DagBag from /home/airflow/.local/lib/python3.7/site-packages/airflow/example_dags/example_latest_only.py
[2022-10-01T00:03:56.053+0000] {processor.py:650} INFO - DAG(s) dict_keys(['latest_only']) retrieved from /home/airflow/.local/lib/python3.7/site-packages/airflow/example_dags/example_latest_only.py
[2022-10-01T00:03:56.073+0000] {logging_mixin.py:115} INFO - [2022-10-01T00:03:56.073+0000] {dag.py:2429} INFO - Sync 1 DAGs
[2022-10-01T00:03:56.089+0000] {logging_mixin.py:115} INFO - [2022-10-01T00:03:56.089+0000] {dag.py:2981} INFO - Setting next_dagrun for latest_only to 2022-09-30T20:03:56.089568+00:00, run_after=2022-10-01T00:03:56.089568+00:00
[2022-10-01T00:03:56.097+0000] {processor.py:161} INFO - Processing /home/airflow/.local/lib/python3.7/site-packages/airflow/example_dags/example_latest_only.py took 0.053 seconds
[2022-10-01T00:04:26.479+0000] {processor.py:153} INFO - Started process (PID=34434) to work on /home/airflow/.local/lib/python3.7/site-packages/airflow/example_dags/example_latest_only.py
[2022-10-01T00:04:26.481+0000] {processor.py:640} INFO - Processing file /home/airflow/.local/lib/python3.7/site-packages/airflow/example_dags/example_latest_only.py for tasks to queue
[2022-10-01T00:04:26.482+0000] {logging_mixin.py:115} INFO - [2022-10-01T00:04:26.482+0000] {dagbag.py:508} INFO - Filling up the DagBag from /home/airflow/.local/lib/python3.7/site-packages/airflow/example_dags/example_latest_only.py
[2022-10-01T00:04:26.487+0000] {processor.py:650} INFO - DAG(s) dict_keys(['latest_only']) retrieved from /home/airflow/.local/lib/python3.7/site-packages/airflow/example_dags/example_latest_only.py
[2022-10-01T00:04:26.509+0000] {logging_mixin.py:115} INFO - [2022-10-01T00:04:26.509+0000] {dag.py:2429} INFO - Sync 1 DAGs
[2022-10-01T00:04:26.522+0000] {logging_mixin.py:115} INFO - [2022-10-01T00:04:26.522+0000] {dag.py:2981} INFO - Setting next_dagrun for latest_only to 2022-09-30T20:04:26.522572+00:00, run_after=2022-10-01T00:04:26.522572+00:00
[2022-10-01T00:04:26.530+0000] {processor.py:161} INFO - Processing /home/airflow/.local/lib/python3.7/site-packages/airflow/example_dags/example_latest_only.py took 0.053 seconds
[2022-10-01T00:04:56.918+0000] {processor.py:153} INFO - Started process (PID=34500) to work on /home/airflow/.local/lib/python3.7/site-packages/airflow/example_dags/example_latest_only.py
[2022-10-01T00:04:56.920+0000] {processor.py:640} INFO - Processing file /home/airflow/.local/lib/python3.7/site-packages/airflow/example_dags/example_latest_only.py for tasks to queue
[2022-10-01T00:04:56.922+0000] {logging_mixin.py:115} INFO - [2022-10-01T00:04:56.922+0000] {dagbag.py:508} INFO - Filling up the DagBag from /home/airflow/.local/lib/python3.7/site-packages/airflow/example_dags/example_latest_only.py
[2022-10-01T00:04:56.928+0000] {processor.py:650} INFO - DAG(s) dict_keys(['latest_only']) retrieved from /home/airflow/.local/lib/python3.7/site-packages/airflow/example_dags/example_latest_only.py
[2022-10-01T00:04:56.961+0000] {logging_mixin.py:115} INFO - [2022-10-01T00:04:56.961+0000] {dag.py:2429} INFO - Sync 1 DAGs
[2022-10-01T00:04:56.976+0000] {logging_mixin.py:115} INFO - [2022-10-01T00:04:56.976+0000] {dag.py:2981} INFO - Setting next_dagrun for latest_only to 2022-09-30T20:04:56.976330+00:00, run_after=2022-10-01T00:04:56.976330+00:00
[2022-10-01T00:04:56.986+0000] {processor.py:161} INFO - Processing /home/airflow/.local/lib/python3.7/site-packages/airflow/example_dags/example_latest_only.py took 0.070 seconds
[2022-10-01T00:05:27.321+0000] {processor.py:153} INFO - Started process (PID=34567) to work on /home/airflow/.local/lib/python3.7/site-packages/airflow/example_dags/example_latest_only.py
[2022-10-01T00:05:27.322+0000] {processor.py:640} INFO - Processing file /home/airflow/.local/lib/python3.7/site-packages/airflow/example_dags/example_latest_only.py for tasks to queue
[2022-10-01T00:05:27.324+0000] {logging_mixin.py:115} INFO - [2022-10-01T00:05:27.323+0000] {dagbag.py:508} INFO - Filling up the DagBag from /home/airflow/.local/lib/python3.7/site-packages/airflow/example_dags/example_latest_only.py
[2022-10-01T00:05:27.328+0000] {processor.py:650} INFO - DAG(s) dict_keys(['latest_only']) retrieved from /home/airflow/.local/lib/python3.7/site-packages/airflow/example_dags/example_latest_only.py
[2022-10-01T00:05:27.347+0000] {logging_mixin.py:115} INFO - [2022-10-01T00:05:27.346+0000] {dag.py:2429} INFO - Sync 1 DAGs
[2022-10-01T00:05:27.361+0000] {logging_mixin.py:115} INFO - [2022-10-01T00:05:27.360+0000] {dag.py:2981} INFO - Setting next_dagrun for latest_only to 2022-09-30T20:05:27.360790+00:00, run_after=2022-10-01T00:05:27.360790+00:00
[2022-10-01T00:05:27.369+0000] {processor.py:161} INFO - Processing /home/airflow/.local/lib/python3.7/site-packages/airflow/example_dags/example_latest_only.py took 0.051 seconds
[2022-10-01T00:05:57.579+0000] {processor.py:153} INFO - Started process (PID=34624) to work on /home/airflow/.local/lib/python3.7/site-packages/airflow/example_dags/example_latest_only.py
[2022-10-01T00:05:57.581+0000] {processor.py:640} INFO - Processing file /home/airflow/.local/lib/python3.7/site-packages/airflow/example_dags/example_latest_only.py for tasks to queue
[2022-10-01T00:05:57.582+0000] {logging_mixin.py:115} INFO - [2022-10-01T00:05:57.582+0000] {dagbag.py:508} INFO - Filling up the DagBag from /home/airflow/.local/lib/python3.7/site-packages/airflow/example_dags/example_latest_only.py
[2022-10-01T00:05:57.587+0000] {processor.py:650} INFO - DAG(s) dict_keys(['latest_only']) retrieved from /home/airflow/.local/lib/python3.7/site-packages/airflow/example_dags/example_latest_only.py
[2022-10-01T00:05:57.604+0000] {logging_mixin.py:115} INFO - [2022-10-01T00:05:57.603+0000] {dag.py:2429} INFO - Sync 1 DAGs
[2022-10-01T00:05:57.620+0000] {logging_mixin.py:115} INFO - [2022-10-01T00:05:57.620+0000] {dag.py:2981} INFO - Setting next_dagrun for latest_only to 2022-09-30T20:05:57.619947+00:00, run_after=2022-10-01T00:05:57.619947+00:00
[2022-10-01T00:05:57.627+0000] {processor.py:161} INFO - Processing /home/airflow/.local/lib/python3.7/site-packages/airflow/example_dags/example_latest_only.py took 0.051 seconds
[2022-10-01T00:06:28.108+0000] {processor.py:153} INFO - Started process (PID=34691) to work on /home/airflow/.local/lib/python3.7/site-packages/airflow/example_dags/example_latest_only.py
[2022-10-01T00:06:28.110+0000] {processor.py:640} INFO - Processing file /home/airflow/.local/lib/python3.7/site-packages/airflow/example_dags/example_latest_only.py for tasks to queue
[2022-10-01T00:06:28.113+0000] {logging_mixin.py:115} INFO - [2022-10-01T00:06:28.112+0000] {dagbag.py:508} INFO - Filling up the DagBag from /home/airflow/.local/lib/python3.7/site-packages/airflow/example_dags/example_latest_only.py
[2022-10-01T00:06:28.117+0000] {processor.py:650} INFO - DAG(s) dict_keys(['latest_only']) retrieved from /home/airflow/.local/lib/python3.7/site-packages/airflow/example_dags/example_latest_only.py
[2022-10-01T00:06:28.138+0000] {logging_mixin.py:115} INFO - [2022-10-01T00:06:28.138+0000] {dag.py:2429} INFO - Sync 1 DAGs
[2022-10-01T00:06:28.152+0000] {logging_mixin.py:115} INFO - [2022-10-01T00:06:28.152+0000] {dag.py:2981} INFO - Setting next_dagrun for latest_only to 2022-09-30T20:06:28.152185+00:00, run_after=2022-10-01T00:06:28.152185+00:00
[2022-10-01T00:06:28.160+0000] {processor.py:161} INFO - Processing /home/airflow/.local/lib/python3.7/site-packages/airflow/example_dags/example_latest_only.py took 0.054 seconds
[2022-10-01T00:06:58.456+0000] {processor.py:153} INFO - Started process (PID=34757) to work on /home/airflow/.local/lib/python3.7/site-packages/airflow/example_dags/example_latest_only.py
[2022-10-01T00:06:58.458+0000] {processor.py:640} INFO - Processing file /home/airflow/.local/lib/python3.7/site-packages/airflow/example_dags/example_latest_only.py for tasks to queue
[2022-10-01T00:06:58.460+0000] {logging_mixin.py:115} INFO - [2022-10-01T00:06:58.459+0000] {dagbag.py:508} INFO - Filling up the DagBag from /home/airflow/.local/lib/python3.7/site-packages/airflow/example_dags/example_latest_only.py
[2022-10-01T00:06:58.465+0000] {processor.py:650} INFO - DAG(s) dict_keys(['latest_only']) retrieved from /home/airflow/.local/lib/python3.7/site-packages/airflow/example_dags/example_latest_only.py
[2022-10-01T00:06:58.484+0000] {logging_mixin.py:115} INFO - [2022-10-01T00:06:58.484+0000] {dag.py:2429} INFO - Sync 1 DAGs
[2022-10-01T00:06:58.497+0000] {logging_mixin.py:115} INFO - [2022-10-01T00:06:58.497+0000] {dag.py:2981} INFO - Setting next_dagrun for latest_only to 2022-09-30T20:06:58.497731+00:00, run_after=2022-10-01T00:06:58.497731+00:00
[2022-10-01T00:06:58.506+0000] {processor.py:161} INFO - Processing /home/airflow/.local/lib/python3.7/site-packages/airflow/example_dags/example_latest_only.py took 0.052 seconds
[2022-10-01T00:07:28.825+0000] {processor.py:153} INFO - Started process (PID=34823) to work on /home/airflow/.local/lib/python3.7/site-packages/airflow/example_dags/example_latest_only.py
[2022-10-01T00:07:28.827+0000] {processor.py:640} INFO - Processing file /home/airflow/.local/lib/python3.7/site-packages/airflow/example_dags/example_latest_only.py for tasks to queue
[2022-10-01T00:07:28.828+0000] {logging_mixin.py:115} INFO - [2022-10-01T00:07:28.828+0000] {dagbag.py:508} INFO - Filling up the DagBag from /home/airflow/.local/lib/python3.7/site-packages/airflow/example_dags/example_latest_only.py
[2022-10-01T00:07:28.834+0000] {processor.py:650} INFO - DAG(s) dict_keys(['latest_only']) retrieved from /home/airflow/.local/lib/python3.7/site-packages/airflow/example_dags/example_latest_only.py
[2022-10-01T00:07:28.866+0000] {logging_mixin.py:115} INFO - [2022-10-01T00:07:28.866+0000] {dag.py:2429} INFO - Sync 1 DAGs
[2022-10-01T00:07:28.881+0000] {logging_mixin.py:115} INFO - [2022-10-01T00:07:28.880+0000] {dag.py:2981} INFO - Setting next_dagrun for latest_only to 2022-09-30T20:07:28.880655+00:00, run_after=2022-10-01T00:07:28.880655+00:00
[2022-10-01T00:07:28.895+0000] {processor.py:161} INFO - Processing /home/airflow/.local/lib/python3.7/site-packages/airflow/example_dags/example_latest_only.py took 0.072 seconds
[2022-10-01T00:07:59.189+0000] {processor.py:153} INFO - Started process (PID=34880) to work on /home/airflow/.local/lib/python3.7/site-packages/airflow/example_dags/example_latest_only.py
[2022-10-01T00:07:59.191+0000] {processor.py:640} INFO - Processing file /home/airflow/.local/lib/python3.7/site-packages/airflow/example_dags/example_latest_only.py for tasks to queue
[2022-10-01T00:07:59.194+0000] {logging_mixin.py:115} INFO - [2022-10-01T00:07:59.194+0000] {dagbag.py:508} INFO - Filling up the DagBag from /home/airflow/.local/lib/python3.7/site-packages/airflow/example_dags/example_latest_only.py
[2022-10-01T00:07:59.200+0000] {processor.py:650} INFO - DAG(s) dict_keys(['latest_only']) retrieved from /home/airflow/.local/lib/python3.7/site-packages/airflow/example_dags/example_latest_only.py
[2022-10-01T00:07:59.228+0000] {logging_mixin.py:115} INFO - [2022-10-01T00:07:59.227+0000] {dag.py:2429} INFO - Sync 1 DAGs
[2022-10-01T00:07:59.245+0000] {logging_mixin.py:115} INFO - [2022-10-01T00:07:59.245+0000] {dag.py:2981} INFO - Setting next_dagrun for latest_only to 2022-09-30T20:07:59.245426+00:00, run_after=2022-10-01T00:07:59.245426+00:00
[2022-10-01T00:07:59.253+0000] {processor.py:161} INFO - Processing /home/airflow/.local/lib/python3.7/site-packages/airflow/example_dags/example_latest_only.py took 0.068 seconds
[2022-10-01T00:08:29.769+0000] {processor.py:153} INFO - Started process (PID=34946) to work on /home/airflow/.local/lib/python3.7/site-packages/airflow/example_dags/example_latest_only.py
[2022-10-01T00:08:29.770+0000] {processor.py:640} INFO - Processing file /home/airflow/.local/lib/python3.7/site-packages/airflow/example_dags/example_latest_only.py for tasks to queue
[2022-10-01T00:08:29.772+0000] {logging_mixin.py:115} INFO - [2022-10-01T00:08:29.772+0000] {dagbag.py:508} INFO - Filling up the DagBag from /home/airflow/.local/lib/python3.7/site-packages/airflow/example_dags/example_latest_only.py
[2022-10-01T00:08:29.776+0000] {processor.py:650} INFO - DAG(s) dict_keys(['latest_only']) retrieved from /home/airflow/.local/lib/python3.7/site-packages/airflow/example_dags/example_latest_only.py
[2022-10-01T00:08:29.795+0000] {logging_mixin.py:115} INFO - [2022-10-01T00:08:29.794+0000] {dag.py:2429} INFO - Sync 1 DAGs
[2022-10-01T00:08:29.808+0000] {logging_mixin.py:115} INFO - [2022-10-01T00:08:29.808+0000] {dag.py:2981} INFO - Setting next_dagrun for latest_only to 2022-09-30T20:08:29.808626+00:00, run_after=2022-10-01T00:08:29.808626+00:00
[2022-10-01T00:08:29.816+0000] {processor.py:161} INFO - Processing /home/airflow/.local/lib/python3.7/site-packages/airflow/example_dags/example_latest_only.py took 0.050 seconds
[2022-10-01T00:09:00.160+0000] {processor.py:153} INFO - Started process (PID=35012) to work on /home/airflow/.local/lib/python3.7/site-packages/airflow/example_dags/example_latest_only.py
[2022-10-01T00:09:00.162+0000] {processor.py:640} INFO - Processing file /home/airflow/.local/lib/python3.7/site-packages/airflow/example_dags/example_latest_only.py for tasks to queue
[2022-10-01T00:09:00.163+0000] {logging_mixin.py:115} INFO - [2022-10-01T00:09:00.163+0000] {dagbag.py:508} INFO - Filling up the DagBag from /home/airflow/.local/lib/python3.7/site-packages/airflow/example_dags/example_latest_only.py
[2022-10-01T00:09:00.166+0000] {processor.py:650} INFO - DAG(s) dict_keys(['latest_only']) retrieved from /home/airflow/.local/lib/python3.7/site-packages/airflow/example_dags/example_latest_only.py
[2022-10-01T00:09:00.189+0000] {logging_mixin.py:115} INFO - [2022-10-01T00:09:00.189+0000] {dag.py:2429} INFO - Sync 1 DAGs
[2022-10-01T00:09:00.205+0000] {logging_mixin.py:115} INFO - [2022-10-01T00:09:00.205+0000] {dag.py:2981} INFO - Setting next_dagrun for latest_only to 2022-09-30T20:09:00.204986+00:00, run_after=2022-10-01T00:09:00.204986+00:00
[2022-10-01T00:09:00.214+0000] {processor.py:161} INFO - Processing /home/airflow/.local/lib/python3.7/site-packages/airflow/example_dags/example_latest_only.py took 0.057 seconds
[2022-10-01T00:09:30.796+0000] {processor.py:153} INFO - Started process (PID=35077) to work on /home/airflow/.local/lib/python3.7/site-packages/airflow/example_dags/example_latest_only.py
[2022-10-01T00:09:30.799+0000] {processor.py:640} INFO - Processing file /home/airflow/.local/lib/python3.7/site-packages/airflow/example_dags/example_latest_only.py for tasks to queue
[2022-10-01T00:09:30.800+0000] {logging_mixin.py:115} INFO - [2022-10-01T00:09:30.800+0000] {dagbag.py:508} INFO - Filling up the DagBag from /home/airflow/.local/lib/python3.7/site-packages/airflow/example_dags/example_latest_only.py
[2022-10-01T00:09:30.805+0000] {processor.py:650} INFO - DAG(s) dict_keys(['latest_only']) retrieved from /home/airflow/.local/lib/python3.7/site-packages/airflow/example_dags/example_latest_only.py
[2022-10-01T00:09:30.824+0000] {logging_mixin.py:115} INFO - [2022-10-01T00:09:30.824+0000] {dag.py:2429} INFO - Sync 1 DAGs
[2022-10-01T00:09:30.844+0000] {logging_mixin.py:115} INFO - [2022-10-01T00:09:30.844+0000] {dag.py:2981} INFO - Setting next_dagrun for latest_only to 2022-09-30T20:09:30.844169+00:00, run_after=2022-10-01T00:09:30.844169+00:00
[2022-10-01T00:09:30.856+0000] {processor.py:161} INFO - Processing /home/airflow/.local/lib/python3.7/site-packages/airflow/example_dags/example_latest_only.py took 0.062 seconds
[2022-10-01T00:10:01.283+0000] {processor.py:153} INFO - Started process (PID=35133) to work on /home/airflow/.local/lib/python3.7/site-packages/airflow/example_dags/example_latest_only.py
[2022-10-01T00:10:01.285+0000] {processor.py:640} INFO - Processing file /home/airflow/.local/lib/python3.7/site-packages/airflow/example_dags/example_latest_only.py for tasks to queue
[2022-10-01T00:10:01.286+0000] {logging_mixin.py:115} INFO - [2022-10-01T00:10:01.286+0000] {dagbag.py:508} INFO - Filling up the DagBag from /home/airflow/.local/lib/python3.7/site-packages/airflow/example_dags/example_latest_only.py
[2022-10-01T00:10:01.290+0000] {processor.py:650} INFO - DAG(s) dict_keys(['latest_only']) retrieved from /home/airflow/.local/lib/python3.7/site-packages/airflow/example_dags/example_latest_only.py
[2022-10-01T00:10:01.312+0000] {logging_mixin.py:115} INFO - [2022-10-01T00:10:01.312+0000] {dag.py:2429} INFO - Sync 1 DAGs
[2022-10-01T00:10:01.327+0000] {logging_mixin.py:115} INFO - [2022-10-01T00:10:01.327+0000] {dag.py:2981} INFO - Setting next_dagrun for latest_only to 2022-09-30T20:10:01.327519+00:00, run_after=2022-10-01T00:10:01.327519+00:00
[2022-10-01T00:10:01.338+0000] {processor.py:161} INFO - Processing /home/airflow/.local/lib/python3.7/site-packages/airflow/example_dags/example_latest_only.py took 0.057 seconds
[2022-10-01T00:10:31.725+0000] {processor.py:153} INFO - Started process (PID=35200) to work on /home/airflow/.local/lib/python3.7/site-packages/airflow/example_dags/example_latest_only.py
[2022-10-01T00:10:31.727+0000] {processor.py:640} INFO - Processing file /home/airflow/.local/lib/python3.7/site-packages/airflow/example_dags/example_latest_only.py for tasks to queue
[2022-10-01T00:10:31.728+0000] {logging_mixin.py:115} INFO - [2022-10-01T00:10:31.728+0000] {dagbag.py:508} INFO - Filling up the DagBag from /home/airflow/.local/lib/python3.7/site-packages/airflow/example_dags/example_latest_only.py
[2022-10-01T00:10:31.732+0000] {processor.py:650} INFO - DAG(s) dict_keys(['latest_only']) retrieved from /home/airflow/.local/lib/python3.7/site-packages/airflow/example_dags/example_latest_only.py
[2022-10-01T00:10:31.754+0000] {logging_mixin.py:115} INFO - [2022-10-01T00:10:31.754+0000] {dag.py:2429} INFO - Sync 1 DAGs
[2022-10-01T00:10:31.770+0000] {logging_mixin.py:115} INFO - [2022-10-01T00:10:31.770+0000] {dag.py:2981} INFO - Setting next_dagrun for latest_only to 2022-09-30T20:10:31.770342+00:00, run_after=2022-10-01T00:10:31.770342+00:00
[2022-10-01T00:10:31.778+0000] {processor.py:161} INFO - Processing /home/airflow/.local/lib/python3.7/site-packages/airflow/example_dags/example_latest_only.py took 0.056 seconds
[2022-10-01T00:11:02.142+0000] {processor.py:153} INFO - Started process (PID=35266) to work on /home/airflow/.local/lib/python3.7/site-packages/airflow/example_dags/example_latest_only.py
[2022-10-01T00:11:02.145+0000] {processor.py:640} INFO - Processing file /home/airflow/.local/lib/python3.7/site-packages/airflow/example_dags/example_latest_only.py for tasks to queue
[2022-10-01T00:11:02.146+0000] {logging_mixin.py:115} INFO - [2022-10-01T00:11:02.146+0000] {dagbag.py:508} INFO - Filling up the DagBag from /home/airflow/.local/lib/python3.7/site-packages/airflow/example_dags/example_latest_only.py
[2022-10-01T00:11:02.151+0000] {processor.py:650} INFO - DAG(s) dict_keys(['latest_only']) retrieved from /home/airflow/.local/lib/python3.7/site-packages/airflow/example_dags/example_latest_only.py
[2022-10-01T00:11:02.170+0000] {logging_mixin.py:115} INFO - [2022-10-01T00:11:02.169+0000] {dag.py:2429} INFO - Sync 1 DAGs
[2022-10-01T00:11:02.188+0000] {logging_mixin.py:115} INFO - [2022-10-01T00:11:02.188+0000] {dag.py:2981} INFO - Setting next_dagrun for latest_only to 2022-09-30T20:11:02.188075+00:00, run_after=2022-10-01T00:11:02.188075+00:00
[2022-10-01T00:11:02.197+0000] {processor.py:161} INFO - Processing /home/airflow/.local/lib/python3.7/site-packages/airflow/example_dags/example_latest_only.py took 0.059 seconds
[2022-10-01T00:11:32.458+0000] {processor.py:153} INFO - Started process (PID=35332) to work on /home/airflow/.local/lib/python3.7/site-packages/airflow/example_dags/example_latest_only.py
[2022-10-01T00:11:32.460+0000] {processor.py:640} INFO - Processing file /home/airflow/.local/lib/python3.7/site-packages/airflow/example_dags/example_latest_only.py for tasks to queue
[2022-10-01T00:11:32.461+0000] {logging_mixin.py:115} INFO - [2022-10-01T00:11:32.461+0000] {dagbag.py:508} INFO - Filling up the DagBag from /home/airflow/.local/lib/python3.7/site-packages/airflow/example_dags/example_latest_only.py
[2022-10-01T00:11:32.466+0000] {processor.py:650} INFO - DAG(s) dict_keys(['latest_only']) retrieved from /home/airflow/.local/lib/python3.7/site-packages/airflow/example_dags/example_latest_only.py
[2022-10-01T00:11:32.488+0000] {logging_mixin.py:115} INFO - [2022-10-01T00:11:32.487+0000] {dag.py:2429} INFO - Sync 1 DAGs
[2022-10-01T00:11:32.505+0000] {logging_mixin.py:115} INFO - [2022-10-01T00:11:32.505+0000] {dag.py:2981} INFO - Setting next_dagrun for latest_only to 2022-09-30T20:11:32.505681+00:00, run_after=2022-10-01T00:11:32.505681+00:00
[2022-10-01T00:11:32.516+0000] {processor.py:161} INFO - Processing /home/airflow/.local/lib/python3.7/site-packages/airflow/example_dags/example_latest_only.py took 0.060 seconds
[2022-10-01T00:12:02.799+0000] {processor.py:153} INFO - Started process (PID=35389) to work on /home/airflow/.local/lib/python3.7/site-packages/airflow/example_dags/example_latest_only.py
[2022-10-01T00:12:02.801+0000] {processor.py:640} INFO - Processing file /home/airflow/.local/lib/python3.7/site-packages/airflow/example_dags/example_latest_only.py for tasks to queue
[2022-10-01T00:12:02.802+0000] {logging_mixin.py:115} INFO - [2022-10-01T00:12:02.802+0000] {dagbag.py:508} INFO - Filling up the DagBag from /home/airflow/.local/lib/python3.7/site-packages/airflow/example_dags/example_latest_only.py
[2022-10-01T00:12:02.806+0000] {processor.py:650} INFO - DAG(s) dict_keys(['latest_only']) retrieved from /home/airflow/.local/lib/python3.7/site-packages/airflow/example_dags/example_latest_only.py
[2022-10-01T00:12:02.828+0000] {logging_mixin.py:115} INFO - [2022-10-01T00:12:02.828+0000] {dag.py:2429} INFO - Sync 1 DAGs
[2022-10-01T00:12:02.842+0000] {logging_mixin.py:115} INFO - [2022-10-01T00:12:02.842+0000] {dag.py:2981} INFO - Setting next_dagrun for latest_only to 2022-09-30T20:12:02.842396+00:00, run_after=2022-10-01T00:12:02.842396+00:00
[2022-10-01T00:12:02.851+0000] {processor.py:161} INFO - Processing /home/airflow/.local/lib/python3.7/site-packages/airflow/example_dags/example_latest_only.py took 0.054 seconds
[2022-10-01T00:12:33.341+0000] {processor.py:153} INFO - Started process (PID=35456) to work on /home/airflow/.local/lib/python3.7/site-packages/airflow/example_dags/example_latest_only.py
[2022-10-01T00:12:33.343+0000] {processor.py:640} INFO - Processing file /home/airflow/.local/lib/python3.7/site-packages/airflow/example_dags/example_latest_only.py for tasks to queue
[2022-10-01T00:12:33.344+0000] {logging_mixin.py:115} INFO - [2022-10-01T00:12:33.344+0000] {dagbag.py:508} INFO - Filling up the DagBag from /home/airflow/.local/lib/python3.7/site-packages/airflow/example_dags/example_latest_only.py
[2022-10-01T00:12:33.349+0000] {processor.py:650} INFO - DAG(s) dict_keys(['latest_only']) retrieved from /home/airflow/.local/lib/python3.7/site-packages/airflow/example_dags/example_latest_only.py
[2022-10-01T00:12:33.369+0000] {logging_mixin.py:115} INFO - [2022-10-01T00:12:33.369+0000] {dag.py:2429} INFO - Sync 1 DAGs
[2022-10-01T00:12:33.390+0000] {logging_mixin.py:115} INFO - [2022-10-01T00:12:33.390+0000] {dag.py:2981} INFO - Setting next_dagrun for latest_only to 2022-09-30T20:12:33.389749+00:00, run_after=2022-10-01T00:12:33.389749+00:00
[2022-10-01T00:12:33.399+0000] {processor.py:161} INFO - Processing /home/airflow/.local/lib/python3.7/site-packages/airflow/example_dags/example_latest_only.py took 0.060 seconds
[2022-10-01T00:13:03.681+0000] {processor.py:153} INFO - Started process (PID=35521) to work on /home/airflow/.local/lib/python3.7/site-packages/airflow/example_dags/example_latest_only.py
[2022-10-01T00:13:03.682+0000] {processor.py:640} INFO - Processing file /home/airflow/.local/lib/python3.7/site-packages/airflow/example_dags/example_latest_only.py for tasks to queue
[2022-10-01T00:13:03.683+0000] {logging_mixin.py:115} INFO - [2022-10-01T00:13:03.683+0000] {dagbag.py:508} INFO - Filling up the DagBag from /home/airflow/.local/lib/python3.7/site-packages/airflow/example_dags/example_latest_only.py
[2022-10-01T00:13:03.687+0000] {processor.py:650} INFO - DAG(s) dict_keys(['latest_only']) retrieved from /home/airflow/.local/lib/python3.7/site-packages/airflow/example_dags/example_latest_only.py
[2022-10-01T00:13:03.710+0000] {logging_mixin.py:115} INFO - [2022-10-01T00:13:03.710+0000] {dag.py:2429} INFO - Sync 1 DAGs
[2022-10-01T00:13:03.726+0000] {logging_mixin.py:115} INFO - [2022-10-01T00:13:03.726+0000] {dag.py:2981} INFO - Setting next_dagrun for latest_only to 2022-09-30T20:13:03.726349+00:00, run_after=2022-10-01T00:13:03.726349+00:00
[2022-10-01T00:13:03.733+0000] {processor.py:161} INFO - Processing /home/airflow/.local/lib/python3.7/site-packages/airflow/example_dags/example_latest_only.py took 0.055 seconds
[2022-10-01T00:13:35.463+0000] {processor.py:153} INFO - Started process (PID=35590) to work on /home/airflow/.local/lib/python3.7/site-packages/airflow/example_dags/example_latest_only.py
[2022-10-01T00:13:35.467+0000] {processor.py:640} INFO - Processing file /home/airflow/.local/lib/python3.7/site-packages/airflow/example_dags/example_latest_only.py for tasks to queue
[2022-10-01T00:13:35.468+0000] {logging_mixin.py:115} INFO - [2022-10-01T00:13:35.468+0000] {dagbag.py:508} INFO - Filling up the DagBag from /home/airflow/.local/lib/python3.7/site-packages/airflow/example_dags/example_latest_only.py
[2022-10-01T00:13:35.473+0000] {processor.py:650} INFO - DAG(s) dict_keys(['latest_only']) retrieved from /home/airflow/.local/lib/python3.7/site-packages/airflow/example_dags/example_latest_only.py
[2022-10-01T00:13:35.497+0000] {logging_mixin.py:115} INFO - [2022-10-01T00:13:35.496+0000] {dag.py:2429} INFO - Sync 1 DAGs
[2022-10-01T00:13:35.513+0000] {logging_mixin.py:115} INFO - [2022-10-01T00:13:35.513+0000] {dag.py:2981} INFO - Setting next_dagrun for latest_only to 2022-09-30T20:13:35.513653+00:00, run_after=2022-10-01T00:13:35.513653+00:00
[2022-10-01T00:13:35.527+0000] {processor.py:161} INFO - Processing /home/airflow/.local/lib/python3.7/site-packages/airflow/example_dags/example_latest_only.py took 0.067 seconds
[2022-10-01T00:18:34.147+0000] {processor.py:153} INFO - Started process (PID=35638) to work on /home/airflow/.local/lib/python3.7/site-packages/airflow/example_dags/example_latest_only.py
[2022-10-01T00:18:34.149+0000] {processor.py:640} INFO - Processing file /home/airflow/.local/lib/python3.7/site-packages/airflow/example_dags/example_latest_only.py for tasks to queue
[2022-10-01T00:18:34.150+0000] {logging_mixin.py:115} INFO - [2022-10-01T00:18:34.150+0000] {dagbag.py:508} INFO - Filling up the DagBag from /home/airflow/.local/lib/python3.7/site-packages/airflow/example_dags/example_latest_only.py
[2022-10-01T00:18:34.159+0000] {processor.py:650} INFO - DAG(s) dict_keys(['latest_only']) retrieved from /home/airflow/.local/lib/python3.7/site-packages/airflow/example_dags/example_latest_only.py
[2022-10-01T00:18:34.189+0000] {logging_mixin.py:115} INFO - [2022-10-01T00:18:34.189+0000] {dag.py:2429} INFO - Sync 1 DAGs
[2022-10-01T00:18:34.209+0000] {logging_mixin.py:115} INFO - [2022-10-01T00:18:34.209+0000] {dag.py:2981} INFO - Setting next_dagrun for latest_only to 2022-09-30T20:18:34.209047+00:00, run_after=2022-10-01T00:18:34.209047+00:00
[2022-10-01T00:18:34.222+0000] {processor.py:161} INFO - Processing /home/airflow/.local/lib/python3.7/site-packages/airflow/example_dags/example_latest_only.py took 0.078 seconds
[2022-10-01T00:19:04.615+0000] {processor.py:153} INFO - Started process (PID=35704) to work on /home/airflow/.local/lib/python3.7/site-packages/airflow/example_dags/example_latest_only.py
[2022-10-01T00:19:04.617+0000] {processor.py:640} INFO - Processing file /home/airflow/.local/lib/python3.7/site-packages/airflow/example_dags/example_latest_only.py for tasks to queue
[2022-10-01T00:19:04.618+0000] {logging_mixin.py:115} INFO - [2022-10-01T00:19:04.618+0000] {dagbag.py:508} INFO - Filling up the DagBag from /home/airflow/.local/lib/python3.7/site-packages/airflow/example_dags/example_latest_only.py
[2022-10-01T00:19:04.622+0000] {processor.py:650} INFO - DAG(s) dict_keys(['latest_only']) retrieved from /home/airflow/.local/lib/python3.7/site-packages/airflow/example_dags/example_latest_only.py
[2022-10-01T00:19:04.641+0000] {logging_mixin.py:115} INFO - [2022-10-01T00:19:04.641+0000] {dag.py:2429} INFO - Sync 1 DAGs
[2022-10-01T00:19:04.658+0000] {logging_mixin.py:115} INFO - [2022-10-01T00:19:04.658+0000] {dag.py:2981} INFO - Setting next_dagrun for latest_only to 2022-09-30T20:19:04.658053+00:00, run_after=2022-10-01T00:19:04.658053+00:00
[2022-10-01T00:19:04.666+0000] {processor.py:161} INFO - Processing /home/airflow/.local/lib/python3.7/site-packages/airflow/example_dags/example_latest_only.py took 0.054 seconds
[2022-10-01T00:19:35.143+0000] {processor.py:153} INFO - Started process (PID=35762) to work on /home/airflow/.local/lib/python3.7/site-packages/airflow/example_dags/example_latest_only.py
[2022-10-01T00:19:35.148+0000] {processor.py:640} INFO - Processing file /home/airflow/.local/lib/python3.7/site-packages/airflow/example_dags/example_latest_only.py for tasks to queue
[2022-10-01T00:19:35.149+0000] {logging_mixin.py:115} INFO - [2022-10-01T00:19:35.149+0000] {dagbag.py:508} INFO - Filling up the DagBag from /home/airflow/.local/lib/python3.7/site-packages/airflow/example_dags/example_latest_only.py
[2022-10-01T00:19:35.157+0000] {processor.py:650} INFO - DAG(s) dict_keys(['latest_only']) retrieved from /home/airflow/.local/lib/python3.7/site-packages/airflow/example_dags/example_latest_only.py
[2022-10-01T00:19:35.184+0000] {logging_mixin.py:115} INFO - [2022-10-01T00:19:35.184+0000] {dag.py:2429} INFO - Sync 1 DAGs
[2022-10-01T00:19:35.203+0000] {logging_mixin.py:115} INFO - [2022-10-01T00:19:35.203+0000] {dag.py:2981} INFO - Setting next_dagrun for latest_only to 2022-09-30T20:19:35.202887+00:00, run_after=2022-10-01T00:19:35.202887+00:00
[2022-10-01T00:19:35.229+0000] {processor.py:161} INFO - Processing /home/airflow/.local/lib/python3.7/site-packages/airflow/example_dags/example_latest_only.py took 0.089 seconds
[2022-10-01T00:20:05.592+0000] {processor.py:153} INFO - Started process (PID=35826) to work on /home/airflow/.local/lib/python3.7/site-packages/airflow/example_dags/example_latest_only.py
[2022-10-01T00:20:05.593+0000] {processor.py:640} INFO - Processing file /home/airflow/.local/lib/python3.7/site-packages/airflow/example_dags/example_latest_only.py for tasks to queue
[2022-10-01T00:20:05.595+0000] {logging_mixin.py:115} INFO - [2022-10-01T00:20:05.595+0000] {dagbag.py:508} INFO - Filling up the DagBag from /home/airflow/.local/lib/python3.7/site-packages/airflow/example_dags/example_latest_only.py
[2022-10-01T00:20:05.599+0000] {processor.py:650} INFO - DAG(s) dict_keys(['latest_only']) retrieved from /home/airflow/.local/lib/python3.7/site-packages/airflow/example_dags/example_latest_only.py
[2022-10-01T00:20:05.616+0000] {logging_mixin.py:115} INFO - [2022-10-01T00:20:05.616+0000] {dag.py:2429} INFO - Sync 1 DAGs
[2022-10-01T00:20:05.629+0000] {logging_mixin.py:115} INFO - [2022-10-01T00:20:05.629+0000] {dag.py:2981} INFO - Setting next_dagrun for latest_only to 2022-09-30T20:20:05.629280+00:00, run_after=2022-10-01T00:20:05.629280+00:00
[2022-10-01T00:20:05.636+0000] {processor.py:161} INFO - Processing /home/airflow/.local/lib/python3.7/site-packages/airflow/example_dags/example_latest_only.py took 0.046 seconds
[2022-10-01T00:20:36.121+0000] {processor.py:153} INFO - Started process (PID=35894) to work on /home/airflow/.local/lib/python3.7/site-packages/airflow/example_dags/example_latest_only.py
[2022-10-01T00:20:36.123+0000] {processor.py:640} INFO - Processing file /home/airflow/.local/lib/python3.7/site-packages/airflow/example_dags/example_latest_only.py for tasks to queue
[2022-10-01T00:20:36.125+0000] {logging_mixin.py:115} INFO - [2022-10-01T00:20:36.125+0000] {dagbag.py:508} INFO - Filling up the DagBag from /home/airflow/.local/lib/python3.7/site-packages/airflow/example_dags/example_latest_only.py
[2022-10-01T00:20:36.130+0000] {processor.py:650} INFO - DAG(s) dict_keys(['latest_only']) retrieved from /home/airflow/.local/lib/python3.7/site-packages/airflow/example_dags/example_latest_only.py
[2022-10-01T00:20:36.148+0000] {logging_mixin.py:115} INFO - [2022-10-01T00:20:36.148+0000] {dag.py:2429} INFO - Sync 1 DAGs
[2022-10-01T00:20:36.166+0000] {logging_mixin.py:115} INFO - [2022-10-01T00:20:36.166+0000] {dag.py:2981} INFO - Setting next_dagrun for latest_only to 2022-09-30T20:20:36.166498+00:00, run_after=2022-10-01T00:20:36.166498+00:00
[2022-10-01T00:20:36.175+0000] {processor.py:161} INFO - Processing /home/airflow/.local/lib/python3.7/site-packages/airflow/example_dags/example_latest_only.py took 0.056 seconds
[2022-10-01T00:21:06.750+0000] {processor.py:153} INFO - Started process (PID=35960) to work on /home/airflow/.local/lib/python3.7/site-packages/airflow/example_dags/example_latest_only.py
[2022-10-01T00:21:06.751+0000] {processor.py:640} INFO - Processing file /home/airflow/.local/lib/python3.7/site-packages/airflow/example_dags/example_latest_only.py for tasks to queue
[2022-10-01T00:21:06.753+0000] {logging_mixin.py:115} INFO - [2022-10-01T00:21:06.753+0000] {dagbag.py:508} INFO - Filling up the DagBag from /home/airflow/.local/lib/python3.7/site-packages/airflow/example_dags/example_latest_only.py
[2022-10-01T00:21:06.759+0000] {processor.py:650} INFO - DAG(s) dict_keys(['latest_only']) retrieved from /home/airflow/.local/lib/python3.7/site-packages/airflow/example_dags/example_latest_only.py
[2022-10-01T00:21:06.780+0000] {logging_mixin.py:115} INFO - [2022-10-01T00:21:06.779+0000] {dag.py:2429} INFO - Sync 1 DAGs
[2022-10-01T00:21:06.795+0000] {logging_mixin.py:115} INFO - [2022-10-01T00:21:06.795+0000] {dag.py:2981} INFO - Setting next_dagrun for latest_only to 2022-09-30T20:21:06.795425+00:00, run_after=2022-10-01T00:21:06.795425+00:00
[2022-10-01T00:21:06.807+0000] {processor.py:161} INFO - Processing /home/airflow/.local/lib/python3.7/site-packages/airflow/example_dags/example_latest_only.py took 0.061 seconds
[2022-10-01T00:21:37.150+0000] {processor.py:153} INFO - Started process (PID=36016) to work on /home/airflow/.local/lib/python3.7/site-packages/airflow/example_dags/example_latest_only.py
[2022-10-01T00:21:37.152+0000] {processor.py:640} INFO - Processing file /home/airflow/.local/lib/python3.7/site-packages/airflow/example_dags/example_latest_only.py for tasks to queue
[2022-10-01T00:21:37.152+0000] {logging_mixin.py:115} INFO - [2022-10-01T00:21:37.152+0000] {dagbag.py:508} INFO - Filling up the DagBag from /home/airflow/.local/lib/python3.7/site-packages/airflow/example_dags/example_latest_only.py
[2022-10-01T00:21:37.157+0000] {processor.py:650} INFO - DAG(s) dict_keys(['latest_only']) retrieved from /home/airflow/.local/lib/python3.7/site-packages/airflow/example_dags/example_latest_only.py
[2022-10-01T00:21:37.175+0000] {logging_mixin.py:115} INFO - [2022-10-01T00:21:37.175+0000] {dag.py:2429} INFO - Sync 1 DAGs
[2022-10-01T00:21:37.188+0000] {logging_mixin.py:115} INFO - [2022-10-01T00:21:37.188+0000] {dag.py:2981} INFO - Setting next_dagrun for latest_only to 2022-09-30T20:21:37.188263+00:00, run_after=2022-10-01T00:21:37.188263+00:00
[2022-10-01T00:21:37.196+0000] {processor.py:161} INFO - Processing /home/airflow/.local/lib/python3.7/site-packages/airflow/example_dags/example_latest_only.py took 0.050 seconds
[2022-10-01T00:22:07.561+0000] {processor.py:153} INFO - Started process (PID=36082) to work on /home/airflow/.local/lib/python3.7/site-packages/airflow/example_dags/example_latest_only.py
[2022-10-01T00:22:07.562+0000] {processor.py:640} INFO - Processing file /home/airflow/.local/lib/python3.7/site-packages/airflow/example_dags/example_latest_only.py for tasks to queue
[2022-10-01T00:22:07.564+0000] {logging_mixin.py:115} INFO - [2022-10-01T00:22:07.564+0000] {dagbag.py:508} INFO - Filling up the DagBag from /home/airflow/.local/lib/python3.7/site-packages/airflow/example_dags/example_latest_only.py
[2022-10-01T00:22:07.568+0000] {processor.py:650} INFO - DAG(s) dict_keys(['latest_only']) retrieved from /home/airflow/.local/lib/python3.7/site-packages/airflow/example_dags/example_latest_only.py
[2022-10-01T00:22:07.584+0000] {logging_mixin.py:115} INFO - [2022-10-01T00:22:07.584+0000] {dag.py:2429} INFO - Sync 1 DAGs
[2022-10-01T00:22:07.598+0000] {logging_mixin.py:115} INFO - [2022-10-01T00:22:07.598+0000] {dag.py:2981} INFO - Setting next_dagrun for latest_only to 2022-09-30T20:22:07.598502+00:00, run_after=2022-10-01T00:22:07.598502+00:00
[2022-10-01T00:22:07.607+0000] {processor.py:161} INFO - Processing /home/airflow/.local/lib/python3.7/site-packages/airflow/example_dags/example_latest_only.py took 0.048 seconds
[2022-10-01T00:22:37.913+0000] {processor.py:153} INFO - Started process (PID=36148) to work on /home/airflow/.local/lib/python3.7/site-packages/airflow/example_dags/example_latest_only.py
[2022-10-01T00:22:37.914+0000] {processor.py:640} INFO - Processing file /home/airflow/.local/lib/python3.7/site-packages/airflow/example_dags/example_latest_only.py for tasks to queue
[2022-10-01T00:22:37.915+0000] {logging_mixin.py:115} INFO - [2022-10-01T00:22:37.915+0000] {dagbag.py:508} INFO - Filling up the DagBag from /home/airflow/.local/lib/python3.7/site-packages/airflow/example_dags/example_latest_only.py
[2022-10-01T00:22:37.921+0000] {processor.py:650} INFO - DAG(s) dict_keys(['latest_only']) retrieved from /home/airflow/.local/lib/python3.7/site-packages/airflow/example_dags/example_latest_only.py
[2022-10-01T00:22:37.943+0000] {logging_mixin.py:115} INFO - [2022-10-01T00:22:37.942+0000] {dag.py:2429} INFO - Sync 1 DAGs
[2022-10-01T00:22:37.956+0000] {logging_mixin.py:115} INFO - [2022-10-01T00:22:37.956+0000] {dag.py:2981} INFO - Setting next_dagrun for latest_only to 2022-09-30T20:22:37.956566+00:00, run_after=2022-10-01T00:22:37.956566+00:00
[2022-10-01T00:22:37.964+0000] {processor.py:161} INFO - Processing /home/airflow/.local/lib/python3.7/site-packages/airflow/example_dags/example_latest_only.py took 0.053 seconds
[2022-10-01T00:23:08.264+0000] {processor.py:153} INFO - Started process (PID=36205) to work on /home/airflow/.local/lib/python3.7/site-packages/airflow/example_dags/example_latest_only.py
[2022-10-01T00:23:08.266+0000] {processor.py:640} INFO - Processing file /home/airflow/.local/lib/python3.7/site-packages/airflow/example_dags/example_latest_only.py for tasks to queue
[2022-10-01T00:23:08.268+0000] {logging_mixin.py:115} INFO - [2022-10-01T00:23:08.268+0000] {dagbag.py:508} INFO - Filling up the DagBag from /home/airflow/.local/lib/python3.7/site-packages/airflow/example_dags/example_latest_only.py
[2022-10-01T00:23:08.272+0000] {processor.py:650} INFO - DAG(s) dict_keys(['latest_only']) retrieved from /home/airflow/.local/lib/python3.7/site-packages/airflow/example_dags/example_latest_only.py
[2022-10-01T00:23:08.295+0000] {logging_mixin.py:115} INFO - [2022-10-01T00:23:08.295+0000] {dag.py:2429} INFO - Sync 1 DAGs
[2022-10-01T00:23:08.315+0000] {logging_mixin.py:115} INFO - [2022-10-01T00:23:08.315+0000] {dag.py:2981} INFO - Setting next_dagrun for latest_only to 2022-09-30T20:23:08.315571+00:00, run_after=2022-10-01T00:23:08.315571+00:00
[2022-10-01T00:23:08.329+0000] {processor.py:161} INFO - Processing /home/airflow/.local/lib/python3.7/site-packages/airflow/example_dags/example_latest_only.py took 0.069 seconds
[2022-10-01T00:23:38.813+0000] {processor.py:153} INFO - Started process (PID=36272) to work on /home/airflow/.local/lib/python3.7/site-packages/airflow/example_dags/example_latest_only.py
[2022-10-01T00:23:38.815+0000] {processor.py:640} INFO - Processing file /home/airflow/.local/lib/python3.7/site-packages/airflow/example_dags/example_latest_only.py for tasks to queue
[2022-10-01T00:23:38.816+0000] {logging_mixin.py:115} INFO - [2022-10-01T00:23:38.816+0000] {dagbag.py:508} INFO - Filling up the DagBag from /home/airflow/.local/lib/python3.7/site-packages/airflow/example_dags/example_latest_only.py
[2022-10-01T00:23:38.820+0000] {processor.py:650} INFO - DAG(s) dict_keys(['latest_only']) retrieved from /home/airflow/.local/lib/python3.7/site-packages/airflow/example_dags/example_latest_only.py
[2022-10-01T00:23:38.840+0000] {logging_mixin.py:115} INFO - [2022-10-01T00:23:38.839+0000] {dag.py:2429} INFO - Sync 1 DAGs
[2022-10-01T00:23:38.855+0000] {logging_mixin.py:115} INFO - [2022-10-01T00:23:38.855+0000] {dag.py:2981} INFO - Setting next_dagrun for latest_only to 2022-09-30T20:23:38.854935+00:00, run_after=2022-10-01T00:23:38.854935+00:00
[2022-10-01T00:23:38.863+0000] {processor.py:161} INFO - Processing /home/airflow/.local/lib/python3.7/site-packages/airflow/example_dags/example_latest_only.py took 0.051 seconds
[2022-10-01T00:24:09.089+0000] {processor.py:153} INFO - Started process (PID=36340) to work on /home/airflow/.local/lib/python3.7/site-packages/airflow/example_dags/example_latest_only.py
[2022-10-01T00:24:09.091+0000] {processor.py:640} INFO - Processing file /home/airflow/.local/lib/python3.7/site-packages/airflow/example_dags/example_latest_only.py for tasks to queue
[2022-10-01T00:24:09.093+0000] {logging_mixin.py:115} INFO - [2022-10-01T00:24:09.093+0000] {dagbag.py:508} INFO - Filling up the DagBag from /home/airflow/.local/lib/python3.7/site-packages/airflow/example_dags/example_latest_only.py
[2022-10-01T00:24:09.097+0000] {processor.py:650} INFO - DAG(s) dict_keys(['latest_only']) retrieved from /home/airflow/.local/lib/python3.7/site-packages/airflow/example_dags/example_latest_only.py
[2022-10-01T00:24:09.120+0000] {logging_mixin.py:115} INFO - [2022-10-01T00:24:09.120+0000] {dag.py:2429} INFO - Sync 1 DAGs
[2022-10-01T00:24:09.133+0000] {logging_mixin.py:115} INFO - [2022-10-01T00:24:09.133+0000] {dag.py:2981} INFO - Setting next_dagrun for latest_only to 2022-09-30T20:24:09.133599+00:00, run_after=2022-10-01T00:24:09.133599+00:00
[2022-10-01T00:24:09.141+0000] {processor.py:161} INFO - Processing /home/airflow/.local/lib/python3.7/site-packages/airflow/example_dags/example_latest_only.py took 0.054 seconds
[2022-10-01T00:24:40.003+0000] {processor.py:153} INFO - Started process (PID=36406) to work on /home/airflow/.local/lib/python3.7/site-packages/airflow/example_dags/example_latest_only.py
[2022-10-01T00:24:40.013+0000] {processor.py:640} INFO - Processing file /home/airflow/.local/lib/python3.7/site-packages/airflow/example_dags/example_latest_only.py for tasks to queue
[2022-10-01T00:24:40.015+0000] {logging_mixin.py:115} INFO - [2022-10-01T00:24:40.014+0000] {dagbag.py:508} INFO - Filling up the DagBag from /home/airflow/.local/lib/python3.7/site-packages/airflow/example_dags/example_latest_only.py
[2022-10-01T00:24:40.023+0000] {processor.py:650} INFO - DAG(s) dict_keys(['latest_only']) retrieved from /home/airflow/.local/lib/python3.7/site-packages/airflow/example_dags/example_latest_only.py
[2022-10-01T00:24:40.044+0000] {logging_mixin.py:115} INFO - [2022-10-01T00:24:40.043+0000] {dag.py:2429} INFO - Sync 1 DAGs
[2022-10-01T00:24:40.060+0000] {logging_mixin.py:115} INFO - [2022-10-01T00:24:40.060+0000] {dag.py:2981} INFO - Setting next_dagrun for latest_only to 2022-09-30T20:24:40.060121+00:00, run_after=2022-10-01T00:24:40.060121+00:00
[2022-10-01T00:24:40.072+0000] {processor.py:161} INFO - Processing /home/airflow/.local/lib/python3.7/site-packages/airflow/example_dags/example_latest_only.py took 0.071 seconds
[2022-10-01T00:25:10.292+0000] {processor.py:153} INFO - Started process (PID=36463) to work on /home/airflow/.local/lib/python3.7/site-packages/airflow/example_dags/example_latest_only.py
[2022-10-01T00:25:10.294+0000] {processor.py:640} INFO - Processing file /home/airflow/.local/lib/python3.7/site-packages/airflow/example_dags/example_latest_only.py for tasks to queue
[2022-10-01T00:25:10.295+0000] {logging_mixin.py:115} INFO - [2022-10-01T00:25:10.295+0000] {dagbag.py:508} INFO - Filling up the DagBag from /home/airflow/.local/lib/python3.7/site-packages/airflow/example_dags/example_latest_only.py
[2022-10-01T00:25:10.300+0000] {processor.py:650} INFO - DAG(s) dict_keys(['latest_only']) retrieved from /home/airflow/.local/lib/python3.7/site-packages/airflow/example_dags/example_latest_only.py
[2022-10-01T00:25:10.318+0000] {logging_mixin.py:115} INFO - [2022-10-01T00:25:10.318+0000] {dag.py:2429} INFO - Sync 1 DAGs
[2022-10-01T00:25:10.334+0000] {logging_mixin.py:115} INFO - [2022-10-01T00:25:10.333+0000] {dag.py:2981} INFO - Setting next_dagrun for latest_only to 2022-09-30T20:25:10.333861+00:00, run_after=2022-10-01T00:25:10.333861+00:00
[2022-10-01T00:25:10.342+0000] {processor.py:161} INFO - Processing /home/airflow/.local/lib/python3.7/site-packages/airflow/example_dags/example_latest_only.py took 0.052 seconds
[2022-10-01T00:25:40.714+0000] {processor.py:153} INFO - Started process (PID=36529) to work on /home/airflow/.local/lib/python3.7/site-packages/airflow/example_dags/example_latest_only.py
[2022-10-01T00:25:40.716+0000] {processor.py:640} INFO - Processing file /home/airflow/.local/lib/python3.7/site-packages/airflow/example_dags/example_latest_only.py for tasks to queue
[2022-10-01T00:25:40.718+0000] {logging_mixin.py:115} INFO - [2022-10-01T00:25:40.718+0000] {dagbag.py:508} INFO - Filling up the DagBag from /home/airflow/.local/lib/python3.7/site-packages/airflow/example_dags/example_latest_only.py
[2022-10-01T00:25:40.722+0000] {processor.py:650} INFO - DAG(s) dict_keys(['latest_only']) retrieved from /home/airflow/.local/lib/python3.7/site-packages/airflow/example_dags/example_latest_only.py
[2022-10-01T00:25:40.740+0000] {logging_mixin.py:115} INFO - [2022-10-01T00:25:40.740+0000] {dag.py:2429} INFO - Sync 1 DAGs
[2022-10-01T00:25:40.752+0000] {logging_mixin.py:115} INFO - [2022-10-01T00:25:40.752+0000] {dag.py:2981} INFO - Setting next_dagrun for latest_only to 2022-09-30T20:25:40.752689+00:00, run_after=2022-10-01T00:25:40.752689+00:00
[2022-10-01T00:25:40.760+0000] {processor.py:161} INFO - Processing /home/airflow/.local/lib/python3.7/site-packages/airflow/example_dags/example_latest_only.py took 0.048 seconds
[2022-10-01T00:26:11.200+0000] {processor.py:153} INFO - Started process (PID=36595) to work on /home/airflow/.local/lib/python3.7/site-packages/airflow/example_dags/example_latest_only.py
[2022-10-01T00:26:11.203+0000] {processor.py:640} INFO - Processing file /home/airflow/.local/lib/python3.7/site-packages/airflow/example_dags/example_latest_only.py for tasks to queue
[2022-10-01T00:26:11.204+0000] {logging_mixin.py:115} INFO - [2022-10-01T00:26:11.204+0000] {dagbag.py:508} INFO - Filling up the DagBag from /home/airflow/.local/lib/python3.7/site-packages/airflow/example_dags/example_latest_only.py
[2022-10-01T00:26:11.208+0000] {processor.py:650} INFO - DAG(s) dict_keys(['latest_only']) retrieved from /home/airflow/.local/lib/python3.7/site-packages/airflow/example_dags/example_latest_only.py
[2022-10-01T00:26:11.225+0000] {logging_mixin.py:115} INFO - [2022-10-01T00:26:11.225+0000] {dag.py:2429} INFO - Sync 1 DAGs
[2022-10-01T00:26:11.245+0000] {logging_mixin.py:115} INFO - [2022-10-01T00:26:11.245+0000] {dag.py:2981} INFO - Setting next_dagrun for latest_only to 2022-09-30T20:26:11.245330+00:00, run_after=2022-10-01T00:26:11.245330+00:00
[2022-10-01T00:26:11.255+0000] {processor.py:161} INFO - Processing /home/airflow/.local/lib/python3.7/site-packages/airflow/example_dags/example_latest_only.py took 0.057 seconds
[2022-10-01T00:26:41.415+0000] {processor.py:153} INFO - Started process (PID=36652) to work on /home/airflow/.local/lib/python3.7/site-packages/airflow/example_dags/example_latest_only.py
[2022-10-01T00:26:41.417+0000] {processor.py:640} INFO - Processing file /home/airflow/.local/lib/python3.7/site-packages/airflow/example_dags/example_latest_only.py for tasks to queue
[2022-10-01T00:26:41.418+0000] {logging_mixin.py:115} INFO - [2022-10-01T00:26:41.418+0000] {dagbag.py:508} INFO - Filling up the DagBag from /home/airflow/.local/lib/python3.7/site-packages/airflow/example_dags/example_latest_only.py
[2022-10-01T00:26:41.422+0000] {processor.py:650} INFO - DAG(s) dict_keys(['latest_only']) retrieved from /home/airflow/.local/lib/python3.7/site-packages/airflow/example_dags/example_latest_only.py
[2022-10-01T00:26:41.443+0000] {logging_mixin.py:115} INFO - [2022-10-01T00:26:41.442+0000] {dag.py:2429} INFO - Sync 1 DAGs
[2022-10-01T00:26:41.456+0000] {logging_mixin.py:115} INFO - [2022-10-01T00:26:41.456+0000] {dag.py:2981} INFO - Setting next_dagrun for latest_only to 2022-09-30T20:26:41.456709+00:00, run_after=2022-10-01T00:26:41.456709+00:00
[2022-10-01T00:26:41.464+0000] {processor.py:161} INFO - Processing /home/airflow/.local/lib/python3.7/site-packages/airflow/example_dags/example_latest_only.py took 0.051 seconds
[2022-10-01T00:27:11.810+0000] {processor.py:153} INFO - Started process (PID=36717) to work on /home/airflow/.local/lib/python3.7/site-packages/airflow/example_dags/example_latest_only.py
[2022-10-01T00:27:11.812+0000] {processor.py:640} INFO - Processing file /home/airflow/.local/lib/python3.7/site-packages/airflow/example_dags/example_latest_only.py for tasks to queue
[2022-10-01T00:27:11.814+0000] {logging_mixin.py:115} INFO - [2022-10-01T00:27:11.813+0000] {dagbag.py:508} INFO - Filling up the DagBag from /home/airflow/.local/lib/python3.7/site-packages/airflow/example_dags/example_latest_only.py
[2022-10-01T00:27:11.817+0000] {processor.py:650} INFO - DAG(s) dict_keys(['latest_only']) retrieved from /home/airflow/.local/lib/python3.7/site-packages/airflow/example_dags/example_latest_only.py
[2022-10-01T00:27:11.836+0000] {logging_mixin.py:115} INFO - [2022-10-01T00:27:11.836+0000] {dag.py:2429} INFO - Sync 1 DAGs
[2022-10-01T00:27:11.849+0000] {logging_mixin.py:115} INFO - [2022-10-01T00:27:11.849+0000] {dag.py:2981} INFO - Setting next_dagrun for latest_only to 2022-09-30T20:27:11.849674+00:00, run_after=2022-10-01T00:27:11.849674+00:00
[2022-10-01T00:27:11.857+0000] {processor.py:161} INFO - Processing /home/airflow/.local/lib/python3.7/site-packages/airflow/example_dags/example_latest_only.py took 0.049 seconds
[2022-10-01T00:27:42.664+0000] {processor.py:153} INFO - Started process (PID=36783) to work on /home/airflow/.local/lib/python3.7/site-packages/airflow/example_dags/example_latest_only.py
[2022-10-01T00:27:42.666+0000] {processor.py:640} INFO - Processing file /home/airflow/.local/lib/python3.7/site-packages/airflow/example_dags/example_latest_only.py for tasks to queue
[2022-10-01T00:27:42.667+0000] {logging_mixin.py:115} INFO - [2022-10-01T00:27:42.667+0000] {dagbag.py:508} INFO - Filling up the DagBag from /home/airflow/.local/lib/python3.7/site-packages/airflow/example_dags/example_latest_only.py
[2022-10-01T00:27:42.672+0000] {processor.py:650} INFO - DAG(s) dict_keys(['latest_only']) retrieved from /home/airflow/.local/lib/python3.7/site-packages/airflow/example_dags/example_latest_only.py
[2022-10-01T00:27:42.700+0000] {logging_mixin.py:115} INFO - [2022-10-01T00:27:42.700+0000] {dag.py:2429} INFO - Sync 1 DAGs
[2022-10-01T00:27:42.717+0000] {logging_mixin.py:115} INFO - [2022-10-01T00:27:42.716+0000] {dag.py:2981} INFO - Setting next_dagrun for latest_only to 2022-09-30T20:27:42.716825+00:00, run_after=2022-10-01T00:27:42.716825+00:00
[2022-10-01T00:27:42.739+0000] {processor.py:161} INFO - Processing /home/airflow/.local/lib/python3.7/site-packages/airflow/example_dags/example_latest_only.py took 0.078 seconds
[2022-10-01T00:28:13.204+0000] {processor.py:153} INFO - Started process (PID=36840) to work on /home/airflow/.local/lib/python3.7/site-packages/airflow/example_dags/example_latest_only.py
[2022-10-01T00:28:13.206+0000] {processor.py:640} INFO - Processing file /home/airflow/.local/lib/python3.7/site-packages/airflow/example_dags/example_latest_only.py for tasks to queue
[2022-10-01T00:28:13.208+0000] {logging_mixin.py:115} INFO - [2022-10-01T00:28:13.208+0000] {dagbag.py:508} INFO - Filling up the DagBag from /home/airflow/.local/lib/python3.7/site-packages/airflow/example_dags/example_latest_only.py
[2022-10-01T00:28:13.212+0000] {processor.py:650} INFO - DAG(s) dict_keys(['latest_only']) retrieved from /home/airflow/.local/lib/python3.7/site-packages/airflow/example_dags/example_latest_only.py
[2022-10-01T00:28:13.231+0000] {logging_mixin.py:115} INFO - [2022-10-01T00:28:13.231+0000] {dag.py:2429} INFO - Sync 1 DAGs
[2022-10-01T00:28:13.247+0000] {logging_mixin.py:115} INFO - [2022-10-01T00:28:13.247+0000] {dag.py:2981} INFO - Setting next_dagrun for latest_only to 2022-09-30T20:28:13.247149+00:00, run_after=2022-10-01T00:28:13.247149+00:00
[2022-10-01T00:28:13.254+0000] {processor.py:161} INFO - Processing /home/airflow/.local/lib/python3.7/site-packages/airflow/example_dags/example_latest_only.py took 0.052 seconds
[2022-10-01T00:28:43.771+0000] {processor.py:153} INFO - Started process (PID=36906) to work on /home/airflow/.local/lib/python3.7/site-packages/airflow/example_dags/example_latest_only.py
[2022-10-01T00:28:43.772+0000] {processor.py:640} INFO - Processing file /home/airflow/.local/lib/python3.7/site-packages/airflow/example_dags/example_latest_only.py for tasks to queue
[2022-10-01T00:28:43.773+0000] {logging_mixin.py:115} INFO - [2022-10-01T00:28:43.773+0000] {dagbag.py:508} INFO - Filling up the DagBag from /home/airflow/.local/lib/python3.7/site-packages/airflow/example_dags/example_latest_only.py
[2022-10-01T00:28:43.777+0000] {processor.py:650} INFO - DAG(s) dict_keys(['latest_only']) retrieved from /home/airflow/.local/lib/python3.7/site-packages/airflow/example_dags/example_latest_only.py
[2022-10-01T00:28:43.793+0000] {logging_mixin.py:115} INFO - [2022-10-01T00:28:43.793+0000] {dag.py:2429} INFO - Sync 1 DAGs
[2022-10-01T00:28:43.807+0000] {logging_mixin.py:115} INFO - [2022-10-01T00:28:43.807+0000] {dag.py:2981} INFO - Setting next_dagrun for latest_only to 2022-09-30T20:28:43.807403+00:00, run_after=2022-10-01T00:28:43.807403+00:00
[2022-10-01T00:28:43.815+0000] {processor.py:161} INFO - Processing /home/airflow/.local/lib/python3.7/site-packages/airflow/example_dags/example_latest_only.py took 0.047 seconds
[2022-10-01T00:29:14.384+0000] {processor.py:153} INFO - Started process (PID=36972) to work on /home/airflow/.local/lib/python3.7/site-packages/airflow/example_dags/example_latest_only.py
[2022-10-01T00:29:14.386+0000] {processor.py:640} INFO - Processing file /home/airflow/.local/lib/python3.7/site-packages/airflow/example_dags/example_latest_only.py for tasks to queue
[2022-10-01T00:29:14.388+0000] {logging_mixin.py:115} INFO - [2022-10-01T00:29:14.388+0000] {dagbag.py:508} INFO - Filling up the DagBag from /home/airflow/.local/lib/python3.7/site-packages/airflow/example_dags/example_latest_only.py
[2022-10-01T00:29:14.397+0000] {processor.py:650} INFO - DAG(s) dict_keys(['latest_only']) retrieved from /home/airflow/.local/lib/python3.7/site-packages/airflow/example_dags/example_latest_only.py
[2022-10-01T00:29:14.419+0000] {logging_mixin.py:115} INFO - [2022-10-01T00:29:14.419+0000] {dag.py:2429} INFO - Sync 1 DAGs
[2022-10-01T00:29:14.434+0000] {logging_mixin.py:115} INFO - [2022-10-01T00:29:14.434+0000] {dag.py:2981} INFO - Setting next_dagrun for latest_only to 2022-09-30T20:29:14.434142+00:00, run_after=2022-10-01T00:29:14.434142+00:00
[2022-10-01T00:29:14.443+0000] {processor.py:161} INFO - Processing /home/airflow/.local/lib/python3.7/site-packages/airflow/example_dags/example_latest_only.py took 0.061 seconds
[2022-10-01T00:29:45.060+0000] {processor.py:153} INFO - Started process (PID=37035) to work on /home/airflow/.local/lib/python3.7/site-packages/airflow/example_dags/example_latest_only.py
[2022-10-01T00:29:45.063+0000] {processor.py:640} INFO - Processing file /home/airflow/.local/lib/python3.7/site-packages/airflow/example_dags/example_latest_only.py for tasks to queue
[2022-10-01T00:29:45.065+0000] {logging_mixin.py:115} INFO - [2022-10-01T00:29:45.065+0000] {dagbag.py:508} INFO - Filling up the DagBag from /home/airflow/.local/lib/python3.7/site-packages/airflow/example_dags/example_latest_only.py
[2022-10-01T00:29:45.071+0000] {processor.py:650} INFO - DAG(s) dict_keys(['latest_only']) retrieved from /home/airflow/.local/lib/python3.7/site-packages/airflow/example_dags/example_latest_only.py
[2022-10-01T00:29:45.089+0000] {logging_mixin.py:115} INFO - [2022-10-01T00:29:45.089+0000] {dag.py:2429} INFO - Sync 1 DAGs
[2022-10-01T00:29:45.108+0000] {logging_mixin.py:115} INFO - [2022-10-01T00:29:45.108+0000] {dag.py:2981} INFO - Setting next_dagrun for latest_only to 2022-09-30T20:29:45.108385+00:00, run_after=2022-10-01T00:29:45.108385+00:00
[2022-10-01T00:29:45.117+0000] {processor.py:161} INFO - Processing /home/airflow/.local/lib/python3.7/site-packages/airflow/example_dags/example_latest_only.py took 0.060 seconds
[2022-10-01T00:30:15.639+0000] {processor.py:153} INFO - Started process (PID=37094) to work on /home/airflow/.local/lib/python3.7/site-packages/airflow/example_dags/example_latest_only.py
[2022-10-01T00:30:15.641+0000] {processor.py:640} INFO - Processing file /home/airflow/.local/lib/python3.7/site-packages/airflow/example_dags/example_latest_only.py for tasks to queue
[2022-10-01T00:30:15.643+0000] {logging_mixin.py:115} INFO - [2022-10-01T00:30:15.643+0000] {dagbag.py:508} INFO - Filling up the DagBag from /home/airflow/.local/lib/python3.7/site-packages/airflow/example_dags/example_latest_only.py
[2022-10-01T00:30:15.648+0000] {processor.py:650} INFO - DAG(s) dict_keys(['latest_only']) retrieved from /home/airflow/.local/lib/python3.7/site-packages/airflow/example_dags/example_latest_only.py
[2022-10-01T00:30:15.671+0000] {logging_mixin.py:115} INFO - [2022-10-01T00:30:15.671+0000] {dag.py:2429} INFO - Sync 1 DAGs
[2022-10-01T00:30:15.685+0000] {logging_mixin.py:115} INFO - [2022-10-01T00:30:15.685+0000] {dag.py:2981} INFO - Setting next_dagrun for latest_only to 2022-09-30T20:30:15.684910+00:00, run_after=2022-10-01T00:30:15.684910+00:00
[2022-10-01T00:30:15.693+0000] {processor.py:161} INFO - Processing /home/airflow/.local/lib/python3.7/site-packages/airflow/example_dags/example_latest_only.py took 0.056 seconds
[2022-10-01T00:30:46.014+0000] {processor.py:153} INFO - Started process (PID=37160) to work on /home/airflow/.local/lib/python3.7/site-packages/airflow/example_dags/example_latest_only.py
[2022-10-01T00:30:46.015+0000] {processor.py:640} INFO - Processing file /home/airflow/.local/lib/python3.7/site-packages/airflow/example_dags/example_latest_only.py for tasks to queue
[2022-10-01T00:30:46.017+0000] {logging_mixin.py:115} INFO - [2022-10-01T00:30:46.016+0000] {dagbag.py:508} INFO - Filling up the DagBag from /home/airflow/.local/lib/python3.7/site-packages/airflow/example_dags/example_latest_only.py
[2022-10-01T00:30:46.021+0000] {processor.py:650} INFO - DAG(s) dict_keys(['latest_only']) retrieved from /home/airflow/.local/lib/python3.7/site-packages/airflow/example_dags/example_latest_only.py
[2022-10-01T00:30:46.037+0000] {logging_mixin.py:115} INFO - [2022-10-01T00:30:46.037+0000] {dag.py:2429} INFO - Sync 1 DAGs
[2022-10-01T00:30:46.049+0000] {logging_mixin.py:115} INFO - [2022-10-01T00:30:46.049+0000] {dag.py:2981} INFO - Setting next_dagrun for latest_only to 2022-09-30T20:30:46.049441+00:00, run_after=2022-10-01T00:30:46.049441+00:00
[2022-10-01T00:30:46.056+0000] {processor.py:161} INFO - Processing /home/airflow/.local/lib/python3.7/site-packages/airflow/example_dags/example_latest_only.py took 0.045 seconds
[2022-10-01T00:31:16.519+0000] {processor.py:153} INFO - Started process (PID=37226) to work on /home/airflow/.local/lib/python3.7/site-packages/airflow/example_dags/example_latest_only.py
[2022-10-01T00:31:16.524+0000] {processor.py:640} INFO - Processing file /home/airflow/.local/lib/python3.7/site-packages/airflow/example_dags/example_latest_only.py for tasks to queue
[2022-10-01T00:31:16.525+0000] {logging_mixin.py:115} INFO - [2022-10-01T00:31:16.525+0000] {dagbag.py:508} INFO - Filling up the DagBag from /home/airflow/.local/lib/python3.7/site-packages/airflow/example_dags/example_latest_only.py
[2022-10-01T00:31:16.531+0000] {processor.py:650} INFO - DAG(s) dict_keys(['latest_only']) retrieved from /home/airflow/.local/lib/python3.7/site-packages/airflow/example_dags/example_latest_only.py
[2022-10-01T00:31:16.550+0000] {logging_mixin.py:115} INFO - [2022-10-01T00:31:16.550+0000] {dag.py:2429} INFO - Sync 1 DAGs
[2022-10-01T00:31:16.565+0000] {logging_mixin.py:115} INFO - [2022-10-01T00:31:16.565+0000] {dag.py:2981} INFO - Setting next_dagrun for latest_only to 2022-09-30T20:31:16.564907+00:00, run_after=2022-10-01T00:31:16.564907+00:00
[2022-10-01T00:31:16.572+0000] {processor.py:161} INFO - Processing /home/airflow/.local/lib/python3.7/site-packages/airflow/example_dags/example_latest_only.py took 0.056 seconds
[2022-10-01T00:31:47.136+0000] {processor.py:153} INFO - Started process (PID=37283) to work on /home/airflow/.local/lib/python3.7/site-packages/airflow/example_dags/example_latest_only.py
[2022-10-01T00:31:47.139+0000] {processor.py:640} INFO - Processing file /home/airflow/.local/lib/python3.7/site-packages/airflow/example_dags/example_latest_only.py for tasks to queue
[2022-10-01T00:31:47.140+0000] {logging_mixin.py:115} INFO - [2022-10-01T00:31:47.140+0000] {dagbag.py:508} INFO - Filling up the DagBag from /home/airflow/.local/lib/python3.7/site-packages/airflow/example_dags/example_latest_only.py
[2022-10-01T00:31:47.145+0000] {processor.py:650} INFO - DAG(s) dict_keys(['latest_only']) retrieved from /home/airflow/.local/lib/python3.7/site-packages/airflow/example_dags/example_latest_only.py
[2022-10-01T00:31:47.163+0000] {logging_mixin.py:115} INFO - [2022-10-01T00:31:47.163+0000] {dag.py:2429} INFO - Sync 1 DAGs
[2022-10-01T00:31:47.182+0000] {logging_mixin.py:115} INFO - [2022-10-01T00:31:47.182+0000] {dag.py:2981} INFO - Setting next_dagrun for latest_only to 2022-09-30T20:31:47.182135+00:00, run_after=2022-10-01T00:31:47.182135+00:00
[2022-10-01T00:31:47.190+0000] {processor.py:161} INFO - Processing /home/airflow/.local/lib/python3.7/site-packages/airflow/example_dags/example_latest_only.py took 0.056 seconds
[2022-10-01T00:32:17.511+0000] {processor.py:153} INFO - Started process (PID=37349) to work on /home/airflow/.local/lib/python3.7/site-packages/airflow/example_dags/example_latest_only.py
[2022-10-01T00:32:17.513+0000] {processor.py:640} INFO - Processing file /home/airflow/.local/lib/python3.7/site-packages/airflow/example_dags/example_latest_only.py for tasks to queue
[2022-10-01T00:32:17.514+0000] {logging_mixin.py:115} INFO - [2022-10-01T00:32:17.514+0000] {dagbag.py:508} INFO - Filling up the DagBag from /home/airflow/.local/lib/python3.7/site-packages/airflow/example_dags/example_latest_only.py
[2022-10-01T00:32:17.519+0000] {processor.py:650} INFO - DAG(s) dict_keys(['latest_only']) retrieved from /home/airflow/.local/lib/python3.7/site-packages/airflow/example_dags/example_latest_only.py
[2022-10-01T00:32:17.538+0000] {logging_mixin.py:115} INFO - [2022-10-01T00:32:17.538+0000] {dag.py:2429} INFO - Sync 1 DAGs
[2022-10-01T00:32:17.553+0000] {logging_mixin.py:115} INFO - [2022-10-01T00:32:17.553+0000] {dag.py:2981} INFO - Setting next_dagrun for latest_only to 2022-09-30T20:32:17.552885+00:00, run_after=2022-10-01T00:32:17.552885+00:00
[2022-10-01T00:32:17.561+0000] {processor.py:161} INFO - Processing /home/airflow/.local/lib/python3.7/site-packages/airflow/example_dags/example_latest_only.py took 0.052 seconds
[2022-10-01T00:32:48.324+0000] {processor.py:153} INFO - Started process (PID=37414) to work on /home/airflow/.local/lib/python3.7/site-packages/airflow/example_dags/example_latest_only.py
[2022-10-01T00:32:48.328+0000] {processor.py:640} INFO - Processing file /home/airflow/.local/lib/python3.7/site-packages/airflow/example_dags/example_latest_only.py for tasks to queue
[2022-10-01T00:32:48.335+0000] {logging_mixin.py:115} INFO - [2022-10-01T00:32:48.334+0000] {dagbag.py:508} INFO - Filling up the DagBag from /home/airflow/.local/lib/python3.7/site-packages/airflow/example_dags/example_latest_only.py
[2022-10-01T00:32:48.342+0000] {processor.py:650} INFO - DAG(s) dict_keys(['latest_only']) retrieved from /home/airflow/.local/lib/python3.7/site-packages/airflow/example_dags/example_latest_only.py
[2022-10-01T00:32:48.400+0000] {logging_mixin.py:115} INFO - [2022-10-01T00:32:48.400+0000] {dag.py:2429} INFO - Sync 1 DAGs
[2022-10-01T00:32:48.434+0000] {logging_mixin.py:115} INFO - [2022-10-01T00:32:48.434+0000] {dag.py:2981} INFO - Setting next_dagrun for latest_only to 2022-09-30T20:32:48.433771+00:00, run_after=2022-10-01T00:32:48.433771+00:00
[2022-10-01T00:32:48.448+0000] {processor.py:161} INFO - Processing /home/airflow/.local/lib/python3.7/site-packages/airflow/example_dags/example_latest_only.py took 0.129 seconds
[2022-10-01T00:33:19.225+0000] {processor.py:153} INFO - Started process (PID=37471) to work on /home/airflow/.local/lib/python3.7/site-packages/airflow/example_dags/example_latest_only.py
[2022-10-01T00:33:19.227+0000] {processor.py:640} INFO - Processing file /home/airflow/.local/lib/python3.7/site-packages/airflow/example_dags/example_latest_only.py for tasks to queue
[2022-10-01T00:33:19.229+0000] {logging_mixin.py:115} INFO - [2022-10-01T00:33:19.229+0000] {dagbag.py:508} INFO - Filling up the DagBag from /home/airflow/.local/lib/python3.7/site-packages/airflow/example_dags/example_latest_only.py
[2022-10-01T00:33:19.235+0000] {processor.py:650} INFO - DAG(s) dict_keys(['latest_only']) retrieved from /home/airflow/.local/lib/python3.7/site-packages/airflow/example_dags/example_latest_only.py
[2022-10-01T00:33:19.256+0000] {logging_mixin.py:115} INFO - [2022-10-01T00:33:19.256+0000] {dag.py:2429} INFO - Sync 1 DAGs
[2022-10-01T00:33:19.273+0000] {logging_mixin.py:115} INFO - [2022-10-01T00:33:19.273+0000] {dag.py:2981} INFO - Setting next_dagrun for latest_only to 2022-09-30T20:33:19.273142+00:00, run_after=2022-10-01T00:33:19.273142+00:00
[2022-10-01T00:33:19.289+0000] {processor.py:161} INFO - Processing /home/airflow/.local/lib/python3.7/site-packages/airflow/example_dags/example_latest_only.py took 0.066 seconds
[2022-10-01T00:33:49.656+0000] {processor.py:153} INFO - Started process (PID=37535) to work on /home/airflow/.local/lib/python3.7/site-packages/airflow/example_dags/example_latest_only.py
[2022-10-01T00:33:49.658+0000] {processor.py:640} INFO - Processing file /home/airflow/.local/lib/python3.7/site-packages/airflow/example_dags/example_latest_only.py for tasks to queue
[2022-10-01T00:33:49.659+0000] {logging_mixin.py:115} INFO - [2022-10-01T00:33:49.659+0000] {dagbag.py:508} INFO - Filling up the DagBag from /home/airflow/.local/lib/python3.7/site-packages/airflow/example_dags/example_latest_only.py
[2022-10-01T00:33:49.664+0000] {processor.py:650} INFO - DAG(s) dict_keys(['latest_only']) retrieved from /home/airflow/.local/lib/python3.7/site-packages/airflow/example_dags/example_latest_only.py
[2022-10-01T00:33:49.687+0000] {logging_mixin.py:115} INFO - [2022-10-01T00:33:49.687+0000] {dag.py:2429} INFO - Sync 1 DAGs
[2022-10-01T00:33:49.702+0000] {logging_mixin.py:115} INFO - [2022-10-01T00:33:49.702+0000] {dag.py:2981} INFO - Setting next_dagrun for latest_only to 2022-09-30T20:33:49.702548+00:00, run_after=2022-10-01T00:33:49.702548+00:00
[2022-10-01T00:33:49.712+0000] {processor.py:161} INFO - Processing /home/airflow/.local/lib/python3.7/site-packages/airflow/example_dags/example_latest_only.py took 0.059 seconds
[2022-10-01T00:34:20.347+0000] {processor.py:153} INFO - Started process (PID=37593) to work on /home/airflow/.local/lib/python3.7/site-packages/airflow/example_dags/example_latest_only.py
[2022-10-01T00:34:20.349+0000] {processor.py:640} INFO - Processing file /home/airflow/.local/lib/python3.7/site-packages/airflow/example_dags/example_latest_only.py for tasks to queue
[2022-10-01T00:34:20.351+0000] {logging_mixin.py:115} INFO - [2022-10-01T00:34:20.351+0000] {dagbag.py:508} INFO - Filling up the DagBag from /home/airflow/.local/lib/python3.7/site-packages/airflow/example_dags/example_latest_only.py
[2022-10-01T00:34:20.355+0000] {processor.py:650} INFO - DAG(s) dict_keys(['latest_only']) retrieved from /home/airflow/.local/lib/python3.7/site-packages/airflow/example_dags/example_latest_only.py
[2022-10-01T00:34:20.375+0000] {logging_mixin.py:115} INFO - [2022-10-01T00:34:20.375+0000] {dag.py:2429} INFO - Sync 1 DAGs
[2022-10-01T00:34:20.392+0000] {logging_mixin.py:115} INFO - [2022-10-01T00:34:20.392+0000] {dag.py:2981} INFO - Setting next_dagrun for latest_only to 2022-09-30T20:34:20.392139+00:00, run_after=2022-10-01T00:34:20.392139+00:00
[2022-10-01T00:34:20.403+0000] {processor.py:161} INFO - Processing /home/airflow/.local/lib/python3.7/site-packages/airflow/example_dags/example_latest_only.py took 0.059 seconds
[2022-10-01T00:34:51.092+0000] {processor.py:153} INFO - Started process (PID=37659) to work on /home/airflow/.local/lib/python3.7/site-packages/airflow/example_dags/example_latest_only.py
[2022-10-01T00:34:51.094+0000] {processor.py:640} INFO - Processing file /home/airflow/.local/lib/python3.7/site-packages/airflow/example_dags/example_latest_only.py for tasks to queue
[2022-10-01T00:34:51.095+0000] {logging_mixin.py:115} INFO - [2022-10-01T00:34:51.095+0000] {dagbag.py:508} INFO - Filling up the DagBag from /home/airflow/.local/lib/python3.7/site-packages/airflow/example_dags/example_latest_only.py
[2022-10-01T00:34:51.099+0000] {processor.py:650} INFO - DAG(s) dict_keys(['latest_only']) retrieved from /home/airflow/.local/lib/python3.7/site-packages/airflow/example_dags/example_latest_only.py
[2022-10-01T00:34:51.119+0000] {logging_mixin.py:115} INFO - [2022-10-01T00:34:51.119+0000] {dag.py:2429} INFO - Sync 1 DAGs
[2022-10-01T00:34:51.133+0000] {logging_mixin.py:115} INFO - [2022-10-01T00:34:51.133+0000] {dag.py:2981} INFO - Setting next_dagrun for latest_only to 2022-09-30T20:34:51.133570+00:00, run_after=2022-10-01T00:34:51.133570+00:00
[2022-10-01T00:34:51.142+0000] {processor.py:161} INFO - Processing /home/airflow/.local/lib/python3.7/site-packages/airflow/example_dags/example_latest_only.py took 0.052 seconds
[2022-10-01T00:35:21.867+0000] {processor.py:153} INFO - Started process (PID=37726) to work on /home/airflow/.local/lib/python3.7/site-packages/airflow/example_dags/example_latest_only.py
[2022-10-01T00:35:21.869+0000] {processor.py:640} INFO - Processing file /home/airflow/.local/lib/python3.7/site-packages/airflow/example_dags/example_latest_only.py for tasks to queue
[2022-10-01T00:35:21.872+0000] {logging_mixin.py:115} INFO - [2022-10-01T00:35:21.871+0000] {dagbag.py:508} INFO - Filling up the DagBag from /home/airflow/.local/lib/python3.7/site-packages/airflow/example_dags/example_latest_only.py
[2022-10-01T00:35:21.881+0000] {processor.py:650} INFO - DAG(s) dict_keys(['latest_only']) retrieved from /home/airflow/.local/lib/python3.7/site-packages/airflow/example_dags/example_latest_only.py
[2022-10-01T00:35:21.906+0000] {logging_mixin.py:115} INFO - [2022-10-01T00:35:21.906+0000] {dag.py:2429} INFO - Sync 1 DAGs
[2022-10-01T00:35:21.933+0000] {logging_mixin.py:115} INFO - [2022-10-01T00:35:21.933+0000] {dag.py:2981} INFO - Setting next_dagrun for latest_only to 2022-09-30T20:35:21.933565+00:00, run_after=2022-10-01T00:35:21.933565+00:00
[2022-10-01T00:35:21.944+0000] {processor.py:161} INFO - Processing /home/airflow/.local/lib/python3.7/site-packages/airflow/example_dags/example_latest_only.py took 0.081 seconds
[2022-10-01T00:35:52.845+0000] {processor.py:153} INFO - Started process (PID=37783) to work on /home/airflow/.local/lib/python3.7/site-packages/airflow/example_dags/example_latest_only.py
[2022-10-01T00:35:52.851+0000] {processor.py:640} INFO - Processing file /home/airflow/.local/lib/python3.7/site-packages/airflow/example_dags/example_latest_only.py for tasks to queue
[2022-10-01T00:35:52.853+0000] {logging_mixin.py:115} INFO - [2022-10-01T00:35:52.853+0000] {dagbag.py:508} INFO - Filling up the DagBag from /home/airflow/.local/lib/python3.7/site-packages/airflow/example_dags/example_latest_only.py
[2022-10-01T00:35:52.858+0000] {processor.py:650} INFO - DAG(s) dict_keys(['latest_only']) retrieved from /home/airflow/.local/lib/python3.7/site-packages/airflow/example_dags/example_latest_only.py
[2022-10-01T00:35:52.882+0000] {logging_mixin.py:115} INFO - [2022-10-01T00:35:52.881+0000] {dag.py:2429} INFO - Sync 1 DAGs
[2022-10-01T00:35:52.895+0000] {logging_mixin.py:115} INFO - [2022-10-01T00:35:52.895+0000] {dag.py:2981} INFO - Setting next_dagrun for latest_only to 2022-09-30T20:35:52.895481+00:00, run_after=2022-10-01T00:35:52.895481+00:00
[2022-10-01T00:35:52.903+0000] {processor.py:161} INFO - Processing /home/airflow/.local/lib/python3.7/site-packages/airflow/example_dags/example_latest_only.py took 0.062 seconds
