[2022-10-01T00:00:24.456+0000] {processor.py:153} INFO - Started process (PID=33932) to work on /home/airflow/.local/lib/python3.7/site-packages/airflow/example_dags/example_trigger_target_dag.py
[2022-10-01T00:00:24.458+0000] {processor.py:640} INFO - Processing file /home/airflow/.local/lib/python3.7/site-packages/airflow/example_dags/example_trigger_target_dag.py for tasks to queue
[2022-10-01T00:00:24.461+0000] {logging_mixin.py:115} INFO - [2022-10-01T00:00:24.461+0000] {dagbag.py:508} INFO - Filling up the DagBag from /home/airflow/.local/lib/python3.7/site-packages/airflow/example_dags/example_trigger_target_dag.py
[2022-10-01T00:00:24.475+0000] {processor.py:650} INFO - DAG(s) dict_keys(['example_trigger_target_dag']) retrieved from /home/airflow/.local/lib/python3.7/site-packages/airflow/example_dags/example_trigger_target_dag.py
[2022-10-01T00:00:24.496+0000] {logging_mixin.py:115} INFO - [2022-10-01T00:00:24.496+0000] {dag.py:2429} INFO - Sync 1 DAGs
[2022-10-01T00:00:24.512+0000] {logging_mixin.py:115} INFO - [2022-10-01T00:00:24.511+0000] {dag.py:2981} INFO - Setting next_dagrun for example_trigger_target_dag to None, run_after=None
[2022-10-01T00:00:24.525+0000] {processor.py:161} INFO - Processing /home/airflow/.local/lib/python3.7/site-packages/airflow/example_dags/example_trigger_target_dag.py took 0.072 seconds
[2022-10-01T00:00:54.982+0000] {processor.py:153} INFO - Started process (PID=33999) to work on /home/airflow/.local/lib/python3.7/site-packages/airflow/example_dags/example_trigger_target_dag.py
[2022-10-01T00:00:54.984+0000] {processor.py:640} INFO - Processing file /home/airflow/.local/lib/python3.7/site-packages/airflow/example_dags/example_trigger_target_dag.py for tasks to queue
[2022-10-01T00:00:54.986+0000] {logging_mixin.py:115} INFO - [2022-10-01T00:00:54.986+0000] {dagbag.py:508} INFO - Filling up the DagBag from /home/airflow/.local/lib/python3.7/site-packages/airflow/example_dags/example_trigger_target_dag.py
[2022-10-01T00:00:54.999+0000] {processor.py:650} INFO - DAG(s) dict_keys(['example_trigger_target_dag']) retrieved from /home/airflow/.local/lib/python3.7/site-packages/airflow/example_dags/example_trigger_target_dag.py
[2022-10-01T00:00:55.020+0000] {logging_mixin.py:115} INFO - [2022-10-01T00:00:55.020+0000] {dag.py:2429} INFO - Sync 1 DAGs
[2022-10-01T00:00:55.037+0000] {logging_mixin.py:115} INFO - [2022-10-01T00:00:55.037+0000] {dag.py:2981} INFO - Setting next_dagrun for example_trigger_target_dag to None, run_after=None
[2022-10-01T00:00:55.044+0000] {processor.py:161} INFO - Processing /home/airflow/.local/lib/python3.7/site-packages/airflow/example_dags/example_trigger_target_dag.py took 0.065 seconds
[2022-10-01T00:01:25.626+0000] {processor.py:153} INFO - Started process (PID=34065) to work on /home/airflow/.local/lib/python3.7/site-packages/airflow/example_dags/example_trigger_target_dag.py
[2022-10-01T00:01:25.628+0000] {processor.py:640} INFO - Processing file /home/airflow/.local/lib/python3.7/site-packages/airflow/example_dags/example_trigger_target_dag.py for tasks to queue
[2022-10-01T00:01:25.629+0000] {logging_mixin.py:115} INFO - [2022-10-01T00:01:25.629+0000] {dagbag.py:508} INFO - Filling up the DagBag from /home/airflow/.local/lib/python3.7/site-packages/airflow/example_dags/example_trigger_target_dag.py
[2022-10-01T00:01:25.647+0000] {processor.py:650} INFO - DAG(s) dict_keys(['example_trigger_target_dag']) retrieved from /home/airflow/.local/lib/python3.7/site-packages/airflow/example_dags/example_trigger_target_dag.py
[2022-10-01T00:01:25.668+0000] {logging_mixin.py:115} INFO - [2022-10-01T00:01:25.668+0000] {dag.py:2429} INFO - Sync 1 DAGs
[2022-10-01T00:01:25.682+0000] {logging_mixin.py:115} INFO - [2022-10-01T00:01:25.682+0000] {dag.py:2981} INFO - Setting next_dagrun for example_trigger_target_dag to None, run_after=None
[2022-10-01T00:01:25.690+0000] {processor.py:161} INFO - Processing /home/airflow/.local/lib/python3.7/site-packages/airflow/example_dags/example_trigger_target_dag.py took 0.068 seconds
[2022-10-01T00:01:56.078+0000] {processor.py:153} INFO - Started process (PID=34131) to work on /home/airflow/.local/lib/python3.7/site-packages/airflow/example_dags/example_trigger_target_dag.py
[2022-10-01T00:01:56.080+0000] {processor.py:640} INFO - Processing file /home/airflow/.local/lib/python3.7/site-packages/airflow/example_dags/example_trigger_target_dag.py for tasks to queue
[2022-10-01T00:01:56.081+0000] {logging_mixin.py:115} INFO - [2022-10-01T00:01:56.081+0000] {dagbag.py:508} INFO - Filling up the DagBag from /home/airflow/.local/lib/python3.7/site-packages/airflow/example_dags/example_trigger_target_dag.py
[2022-10-01T00:01:56.092+0000] {processor.py:650} INFO - DAG(s) dict_keys(['example_trigger_target_dag']) retrieved from /home/airflow/.local/lib/python3.7/site-packages/airflow/example_dags/example_trigger_target_dag.py
[2022-10-01T00:01:56.112+0000] {logging_mixin.py:115} INFO - [2022-10-01T00:01:56.112+0000] {dag.py:2429} INFO - Sync 1 DAGs
[2022-10-01T00:01:56.127+0000] {logging_mixin.py:115} INFO - [2022-10-01T00:01:56.127+0000] {dag.py:2981} INFO - Setting next_dagrun for example_trigger_target_dag to None, run_after=None
[2022-10-01T00:01:56.136+0000] {processor.py:161} INFO - Processing /home/airflow/.local/lib/python3.7/site-packages/airflow/example_dags/example_trigger_target_dag.py took 0.061 seconds
[2022-10-01T00:02:26.433+0000] {processor.py:153} INFO - Started process (PID=34188) to work on /home/airflow/.local/lib/python3.7/site-packages/airflow/example_dags/example_trigger_target_dag.py
[2022-10-01T00:02:26.439+0000] {processor.py:640} INFO - Processing file /home/airflow/.local/lib/python3.7/site-packages/airflow/example_dags/example_trigger_target_dag.py for tasks to queue
[2022-10-01T00:02:26.441+0000] {logging_mixin.py:115} INFO - [2022-10-01T00:02:26.440+0000] {dagbag.py:508} INFO - Filling up the DagBag from /home/airflow/.local/lib/python3.7/site-packages/airflow/example_dags/example_trigger_target_dag.py
[2022-10-01T00:02:26.457+0000] {processor.py:650} INFO - DAG(s) dict_keys(['example_trigger_target_dag']) retrieved from /home/airflow/.local/lib/python3.7/site-packages/airflow/example_dags/example_trigger_target_dag.py
[2022-10-01T00:02:26.479+0000] {logging_mixin.py:115} INFO - [2022-10-01T00:02:26.479+0000] {dag.py:2429} INFO - Sync 1 DAGs
[2022-10-01T00:02:26.494+0000] {logging_mixin.py:115} INFO - [2022-10-01T00:02:26.494+0000] {dag.py:2981} INFO - Setting next_dagrun for example_trigger_target_dag to None, run_after=None
[2022-10-01T00:02:26.503+0000] {processor.py:161} INFO - Processing /home/airflow/.local/lib/python3.7/site-packages/airflow/example_dags/example_trigger_target_dag.py took 0.074 seconds
[2022-10-01T00:02:56.849+0000] {processor.py:153} INFO - Started process (PID=34254) to work on /home/airflow/.local/lib/python3.7/site-packages/airflow/example_dags/example_trigger_target_dag.py
[2022-10-01T00:02:56.850+0000] {processor.py:640} INFO - Processing file /home/airflow/.local/lib/python3.7/site-packages/airflow/example_dags/example_trigger_target_dag.py for tasks to queue
[2022-10-01T00:02:56.852+0000] {logging_mixin.py:115} INFO - [2022-10-01T00:02:56.852+0000] {dagbag.py:508} INFO - Filling up the DagBag from /home/airflow/.local/lib/python3.7/site-packages/airflow/example_dags/example_trigger_target_dag.py
[2022-10-01T00:02:56.866+0000] {processor.py:650} INFO - DAG(s) dict_keys(['example_trigger_target_dag']) retrieved from /home/airflow/.local/lib/python3.7/site-packages/airflow/example_dags/example_trigger_target_dag.py
[2022-10-01T00:02:56.886+0000] {logging_mixin.py:115} INFO - [2022-10-01T00:02:56.886+0000] {dag.py:2429} INFO - Sync 1 DAGs
[2022-10-01T00:02:56.902+0000] {logging_mixin.py:115} INFO - [2022-10-01T00:02:56.902+0000] {dag.py:2981} INFO - Setting next_dagrun for example_trigger_target_dag to None, run_after=None
[2022-10-01T00:02:56.910+0000] {processor.py:161} INFO - Processing /home/airflow/.local/lib/python3.7/site-packages/airflow/example_dags/example_trigger_target_dag.py took 0.065 seconds
[2022-10-01T00:03:27.089+0000] {processor.py:153} INFO - Started process (PID=34321) to work on /home/airflow/.local/lib/python3.7/site-packages/airflow/example_dags/example_trigger_target_dag.py
[2022-10-01T00:03:27.092+0000] {processor.py:640} INFO - Processing file /home/airflow/.local/lib/python3.7/site-packages/airflow/example_dags/example_trigger_target_dag.py for tasks to queue
[2022-10-01T00:03:27.093+0000] {logging_mixin.py:115} INFO - [2022-10-01T00:03:27.093+0000] {dagbag.py:508} INFO - Filling up the DagBag from /home/airflow/.local/lib/python3.7/site-packages/airflow/example_dags/example_trigger_target_dag.py
[2022-10-01T00:03:27.106+0000] {processor.py:650} INFO - DAG(s) dict_keys(['example_trigger_target_dag']) retrieved from /home/airflow/.local/lib/python3.7/site-packages/airflow/example_dags/example_trigger_target_dag.py
[2022-10-01T00:03:27.125+0000] {logging_mixin.py:115} INFO - [2022-10-01T00:03:27.125+0000] {dag.py:2429} INFO - Sync 1 DAGs
[2022-10-01T00:03:27.139+0000] {logging_mixin.py:115} INFO - [2022-10-01T00:03:27.138+0000] {dag.py:2981} INFO - Setting next_dagrun for example_trigger_target_dag to None, run_after=None
[2022-10-01T00:03:27.147+0000] {processor.py:161} INFO - Processing /home/airflow/.local/lib/python3.7/site-packages/airflow/example_dags/example_trigger_target_dag.py took 0.060 seconds
[2022-10-01T00:03:57.516+0000] {processor.py:153} INFO - Started process (PID=34387) to work on /home/airflow/.local/lib/python3.7/site-packages/airflow/example_dags/example_trigger_target_dag.py
[2022-10-01T00:03:57.518+0000] {processor.py:640} INFO - Processing file /home/airflow/.local/lib/python3.7/site-packages/airflow/example_dags/example_trigger_target_dag.py for tasks to queue
[2022-10-01T00:03:57.519+0000] {logging_mixin.py:115} INFO - [2022-10-01T00:03:57.519+0000] {dagbag.py:508} INFO - Filling up the DagBag from /home/airflow/.local/lib/python3.7/site-packages/airflow/example_dags/example_trigger_target_dag.py
[2022-10-01T00:03:57.535+0000] {processor.py:650} INFO - DAG(s) dict_keys(['example_trigger_target_dag']) retrieved from /home/airflow/.local/lib/python3.7/site-packages/airflow/example_dags/example_trigger_target_dag.py
[2022-10-01T00:03:57.564+0000] {logging_mixin.py:115} INFO - [2022-10-01T00:03:57.564+0000] {dag.py:2429} INFO - Sync 1 DAGs
[2022-10-01T00:03:57.583+0000] {logging_mixin.py:115} INFO - [2022-10-01T00:03:57.582+0000] {dag.py:2981} INFO - Setting next_dagrun for example_trigger_target_dag to None, run_after=None
[2022-10-01T00:03:57.593+0000] {processor.py:161} INFO - Processing /home/airflow/.local/lib/python3.7/site-packages/airflow/example_dags/example_trigger_target_dag.py took 0.081 seconds
[2022-10-01T00:04:27.946+0000] {processor.py:153} INFO - Started process (PID=34444) to work on /home/airflow/.local/lib/python3.7/site-packages/airflow/example_dags/example_trigger_target_dag.py
[2022-10-01T00:04:27.948+0000] {processor.py:640} INFO - Processing file /home/airflow/.local/lib/python3.7/site-packages/airflow/example_dags/example_trigger_target_dag.py for tasks to queue
[2022-10-01T00:04:27.949+0000] {logging_mixin.py:115} INFO - [2022-10-01T00:04:27.949+0000] {dagbag.py:508} INFO - Filling up the DagBag from /home/airflow/.local/lib/python3.7/site-packages/airflow/example_dags/example_trigger_target_dag.py
[2022-10-01T00:04:27.961+0000] {processor.py:650} INFO - DAG(s) dict_keys(['example_trigger_target_dag']) retrieved from /home/airflow/.local/lib/python3.7/site-packages/airflow/example_dags/example_trigger_target_dag.py
[2022-10-01T00:04:27.980+0000] {logging_mixin.py:115} INFO - [2022-10-01T00:04:27.980+0000] {dag.py:2429} INFO - Sync 1 DAGs
[2022-10-01T00:04:27.993+0000] {logging_mixin.py:115} INFO - [2022-10-01T00:04:27.993+0000] {dag.py:2981} INFO - Setting next_dagrun for example_trigger_target_dag to None, run_after=None
[2022-10-01T00:04:28.001+0000] {processor.py:161} INFO - Processing /home/airflow/.local/lib/python3.7/site-packages/airflow/example_dags/example_trigger_target_dag.py took 0.058 seconds
[2022-10-01T00:04:58.388+0000] {processor.py:153} INFO - Started process (PID=34510) to work on /home/airflow/.local/lib/python3.7/site-packages/airflow/example_dags/example_trigger_target_dag.py
[2022-10-01T00:04:58.401+0000] {processor.py:640} INFO - Processing file /home/airflow/.local/lib/python3.7/site-packages/airflow/example_dags/example_trigger_target_dag.py for tasks to queue
[2022-10-01T00:04:58.403+0000] {logging_mixin.py:115} INFO - [2022-10-01T00:04:58.402+0000] {dagbag.py:508} INFO - Filling up the DagBag from /home/airflow/.local/lib/python3.7/site-packages/airflow/example_dags/example_trigger_target_dag.py
[2022-10-01T00:04:58.416+0000] {processor.py:650} INFO - DAG(s) dict_keys(['example_trigger_target_dag']) retrieved from /home/airflow/.local/lib/python3.7/site-packages/airflow/example_dags/example_trigger_target_dag.py
[2022-10-01T00:04:58.437+0000] {logging_mixin.py:115} INFO - [2022-10-01T00:04:58.437+0000] {dag.py:2429} INFO - Sync 1 DAGs
[2022-10-01T00:04:58.450+0000] {logging_mixin.py:115} INFO - [2022-10-01T00:04:58.450+0000] {dag.py:2981} INFO - Setting next_dagrun for example_trigger_target_dag to None, run_after=None
[2022-10-01T00:04:58.457+0000] {processor.py:161} INFO - Processing /home/airflow/.local/lib/python3.7/site-packages/airflow/example_dags/example_trigger_target_dag.py took 0.073 seconds
[2022-10-01T00:05:28.767+0000] {processor.py:153} INFO - Started process (PID=34577) to work on /home/airflow/.local/lib/python3.7/site-packages/airflow/example_dags/example_trigger_target_dag.py
[2022-10-01T00:05:28.769+0000] {processor.py:640} INFO - Processing file /home/airflow/.local/lib/python3.7/site-packages/airflow/example_dags/example_trigger_target_dag.py for tasks to queue
[2022-10-01T00:05:28.771+0000] {logging_mixin.py:115} INFO - [2022-10-01T00:05:28.771+0000] {dagbag.py:508} INFO - Filling up the DagBag from /home/airflow/.local/lib/python3.7/site-packages/airflow/example_dags/example_trigger_target_dag.py
[2022-10-01T00:05:28.783+0000] {processor.py:650} INFO - DAG(s) dict_keys(['example_trigger_target_dag']) retrieved from /home/airflow/.local/lib/python3.7/site-packages/airflow/example_dags/example_trigger_target_dag.py
[2022-10-01T00:05:28.802+0000] {logging_mixin.py:115} INFO - [2022-10-01T00:05:28.801+0000] {dag.py:2429} INFO - Sync 1 DAGs
[2022-10-01T00:05:28.826+0000] {logging_mixin.py:115} INFO - [2022-10-01T00:05:28.826+0000] {dag.py:2981} INFO - Setting next_dagrun for example_trigger_target_dag to None, run_after=None
[2022-10-01T00:05:28.832+0000] {processor.py:161} INFO - Processing /home/airflow/.local/lib/python3.7/site-packages/airflow/example_dags/example_trigger_target_dag.py took 0.070 seconds
[2022-10-01T00:05:59.043+0000] {processor.py:153} INFO - Started process (PID=34643) to work on /home/airflow/.local/lib/python3.7/site-packages/airflow/example_dags/example_trigger_target_dag.py
[2022-10-01T00:05:59.044+0000] {processor.py:640} INFO - Processing file /home/airflow/.local/lib/python3.7/site-packages/airflow/example_dags/example_trigger_target_dag.py for tasks to queue
[2022-10-01T00:05:59.048+0000] {logging_mixin.py:115} INFO - [2022-10-01T00:05:59.048+0000] {dagbag.py:508} INFO - Filling up the DagBag from /home/airflow/.local/lib/python3.7/site-packages/airflow/example_dags/example_trigger_target_dag.py
[2022-10-01T00:05:59.063+0000] {processor.py:650} INFO - DAG(s) dict_keys(['example_trigger_target_dag']) retrieved from /home/airflow/.local/lib/python3.7/site-packages/airflow/example_dags/example_trigger_target_dag.py
[2022-10-01T00:05:59.092+0000] {logging_mixin.py:115} INFO - [2022-10-01T00:05:59.092+0000] {dag.py:2429} INFO - Sync 1 DAGs
[2022-10-01T00:05:59.114+0000] {logging_mixin.py:115} INFO - [2022-10-01T00:05:59.114+0000] {dag.py:2981} INFO - Setting next_dagrun for example_trigger_target_dag to None, run_after=None
[2022-10-01T00:05:59.124+0000] {processor.py:161} INFO - Processing /home/airflow/.local/lib/python3.7/site-packages/airflow/example_dags/example_trigger_target_dag.py took 0.084 seconds
[2022-10-01T00:06:29.589+0000] {processor.py:153} INFO - Started process (PID=34701) to work on /home/airflow/.local/lib/python3.7/site-packages/airflow/example_dags/example_trigger_target_dag.py
[2022-10-01T00:06:29.603+0000] {processor.py:640} INFO - Processing file /home/airflow/.local/lib/python3.7/site-packages/airflow/example_dags/example_trigger_target_dag.py for tasks to queue
[2022-10-01T00:06:29.606+0000] {logging_mixin.py:115} INFO - [2022-10-01T00:06:29.605+0000] {dagbag.py:508} INFO - Filling up the DagBag from /home/airflow/.local/lib/python3.7/site-packages/airflow/example_dags/example_trigger_target_dag.py
[2022-10-01T00:06:29.618+0000] {processor.py:650} INFO - DAG(s) dict_keys(['example_trigger_target_dag']) retrieved from /home/airflow/.local/lib/python3.7/site-packages/airflow/example_dags/example_trigger_target_dag.py
[2022-10-01T00:06:29.641+0000] {logging_mixin.py:115} INFO - [2022-10-01T00:06:29.641+0000] {dag.py:2429} INFO - Sync 1 DAGs
[2022-10-01T00:06:29.659+0000] {logging_mixin.py:115} INFO - [2022-10-01T00:06:29.659+0000] {dag.py:2981} INFO - Setting next_dagrun for example_trigger_target_dag to None, run_after=None
[2022-10-01T00:06:29.668+0000] {processor.py:161} INFO - Processing /home/airflow/.local/lib/python3.7/site-packages/airflow/example_dags/example_trigger_target_dag.py took 0.083 seconds
[2022-10-01T00:06:59.866+0000] {processor.py:153} INFO - Started process (PID=34767) to work on /home/airflow/.local/lib/python3.7/site-packages/airflow/example_dags/example_trigger_target_dag.py
[2022-10-01T00:06:59.868+0000] {processor.py:640} INFO - Processing file /home/airflow/.local/lib/python3.7/site-packages/airflow/example_dags/example_trigger_target_dag.py for tasks to queue
[2022-10-01T00:06:59.870+0000] {logging_mixin.py:115} INFO - [2022-10-01T00:06:59.869+0000] {dagbag.py:508} INFO - Filling up the DagBag from /home/airflow/.local/lib/python3.7/site-packages/airflow/example_dags/example_trigger_target_dag.py
[2022-10-01T00:06:59.881+0000] {processor.py:650} INFO - DAG(s) dict_keys(['example_trigger_target_dag']) retrieved from /home/airflow/.local/lib/python3.7/site-packages/airflow/example_dags/example_trigger_target_dag.py
[2022-10-01T00:06:59.899+0000] {logging_mixin.py:115} INFO - [2022-10-01T00:06:59.898+0000] {dag.py:2429} INFO - Sync 1 DAGs
[2022-10-01T00:06:59.917+0000] {logging_mixin.py:115} INFO - [2022-10-01T00:06:59.917+0000] {dag.py:2981} INFO - Setting next_dagrun for example_trigger_target_dag to None, run_after=None
[2022-10-01T00:06:59.926+0000] {processor.py:161} INFO - Processing /home/airflow/.local/lib/python3.7/site-packages/airflow/example_dags/example_trigger_target_dag.py took 0.063 seconds
[2022-10-01T00:07:30.398+0000] {processor.py:153} INFO - Started process (PID=34833) to work on /home/airflow/.local/lib/python3.7/site-packages/airflow/example_dags/example_trigger_target_dag.py
[2022-10-01T00:07:30.400+0000] {processor.py:640} INFO - Processing file /home/airflow/.local/lib/python3.7/site-packages/airflow/example_dags/example_trigger_target_dag.py for tasks to queue
[2022-10-01T00:07:30.401+0000] {logging_mixin.py:115} INFO - [2022-10-01T00:07:30.401+0000] {dagbag.py:508} INFO - Filling up the DagBag from /home/airflow/.local/lib/python3.7/site-packages/airflow/example_dags/example_trigger_target_dag.py
[2022-10-01T00:07:30.412+0000] {processor.py:650} INFO - DAG(s) dict_keys(['example_trigger_target_dag']) retrieved from /home/airflow/.local/lib/python3.7/site-packages/airflow/example_dags/example_trigger_target_dag.py
[2022-10-01T00:07:30.431+0000] {logging_mixin.py:115} INFO - [2022-10-01T00:07:30.431+0000] {dag.py:2429} INFO - Sync 1 DAGs
[2022-10-01T00:07:30.445+0000] {logging_mixin.py:115} INFO - [2022-10-01T00:07:30.445+0000] {dag.py:2981} INFO - Setting next_dagrun for example_trigger_target_dag to None, run_after=None
[2022-10-01T00:07:30.453+0000] {processor.py:161} INFO - Processing /home/airflow/.local/lib/python3.7/site-packages/airflow/example_dags/example_trigger_target_dag.py took 0.059 seconds
[2022-10-01T00:08:00.671+0000] {processor.py:153} INFO - Started process (PID=34890) to work on /home/airflow/.local/lib/python3.7/site-packages/airflow/example_dags/example_trigger_target_dag.py
[2022-10-01T00:08:00.673+0000] {processor.py:640} INFO - Processing file /home/airflow/.local/lib/python3.7/site-packages/airflow/example_dags/example_trigger_target_dag.py for tasks to queue
[2022-10-01T00:08:00.675+0000] {logging_mixin.py:115} INFO - [2022-10-01T00:08:00.675+0000] {dagbag.py:508} INFO - Filling up the DagBag from /home/airflow/.local/lib/python3.7/site-packages/airflow/example_dags/example_trigger_target_dag.py
[2022-10-01T00:08:00.689+0000] {processor.py:650} INFO - DAG(s) dict_keys(['example_trigger_target_dag']) retrieved from /home/airflow/.local/lib/python3.7/site-packages/airflow/example_dags/example_trigger_target_dag.py
[2022-10-01T00:08:00.708+0000] {logging_mixin.py:115} INFO - [2022-10-01T00:08:00.708+0000] {dag.py:2429} INFO - Sync 1 DAGs
[2022-10-01T00:08:00.721+0000] {logging_mixin.py:115} INFO - [2022-10-01T00:08:00.721+0000] {dag.py:2981} INFO - Setting next_dagrun for example_trigger_target_dag to None, run_after=None
[2022-10-01T00:08:00.729+0000] {processor.py:161} INFO - Processing /home/airflow/.local/lib/python3.7/site-packages/airflow/example_dags/example_trigger_target_dag.py took 0.062 seconds
[2022-10-01T00:08:31.219+0000] {processor.py:153} INFO - Started process (PID=34956) to work on /home/airflow/.local/lib/python3.7/site-packages/airflow/example_dags/example_trigger_target_dag.py
[2022-10-01T00:08:31.221+0000] {processor.py:640} INFO - Processing file /home/airflow/.local/lib/python3.7/site-packages/airflow/example_dags/example_trigger_target_dag.py for tasks to queue
[2022-10-01T00:08:31.222+0000] {logging_mixin.py:115} INFO - [2022-10-01T00:08:31.222+0000] {dagbag.py:508} INFO - Filling up the DagBag from /home/airflow/.local/lib/python3.7/site-packages/airflow/example_dags/example_trigger_target_dag.py
[2022-10-01T00:08:31.234+0000] {processor.py:650} INFO - DAG(s) dict_keys(['example_trigger_target_dag']) retrieved from /home/airflow/.local/lib/python3.7/site-packages/airflow/example_dags/example_trigger_target_dag.py
[2022-10-01T00:08:31.253+0000] {logging_mixin.py:115} INFO - [2022-10-01T00:08:31.253+0000] {dag.py:2429} INFO - Sync 1 DAGs
[2022-10-01T00:08:31.267+0000] {logging_mixin.py:115} INFO - [2022-10-01T00:08:31.267+0000] {dag.py:2981} INFO - Setting next_dagrun for example_trigger_target_dag to None, run_after=None
[2022-10-01T00:08:31.275+0000] {processor.py:161} INFO - Processing /home/airflow/.local/lib/python3.7/site-packages/airflow/example_dags/example_trigger_target_dag.py took 0.058 seconds
[2022-10-01T00:09:01.673+0000] {processor.py:153} INFO - Started process (PID=35022) to work on /home/airflow/.local/lib/python3.7/site-packages/airflow/example_dags/example_trigger_target_dag.py
[2022-10-01T00:09:01.675+0000] {processor.py:640} INFO - Processing file /home/airflow/.local/lib/python3.7/site-packages/airflow/example_dags/example_trigger_target_dag.py for tasks to queue
[2022-10-01T00:09:01.678+0000] {logging_mixin.py:115} INFO - [2022-10-01T00:09:01.678+0000] {dagbag.py:508} INFO - Filling up the DagBag from /home/airflow/.local/lib/python3.7/site-packages/airflow/example_dags/example_trigger_target_dag.py
[2022-10-01T00:09:01.690+0000] {processor.py:650} INFO - DAG(s) dict_keys(['example_trigger_target_dag']) retrieved from /home/airflow/.local/lib/python3.7/site-packages/airflow/example_dags/example_trigger_target_dag.py
[2022-10-01T00:09:01.714+0000] {logging_mixin.py:115} INFO - [2022-10-01T00:09:01.713+0000] {dag.py:2429} INFO - Sync 1 DAGs
[2022-10-01T00:09:01.729+0000] {logging_mixin.py:115} INFO - [2022-10-01T00:09:01.729+0000] {dag.py:2981} INFO - Setting next_dagrun for example_trigger_target_dag to None, run_after=None
[2022-10-01T00:09:01.738+0000] {processor.py:161} INFO - Processing /home/airflow/.local/lib/python3.7/site-packages/airflow/example_dags/example_trigger_target_dag.py took 0.067 seconds
[2022-10-01T00:09:32.357+0000] {processor.py:153} INFO - Started process (PID=35087) to work on /home/airflow/.local/lib/python3.7/site-packages/airflow/example_dags/example_trigger_target_dag.py
[2022-10-01T00:09:32.360+0000] {processor.py:640} INFO - Processing file /home/airflow/.local/lib/python3.7/site-packages/airflow/example_dags/example_trigger_target_dag.py for tasks to queue
[2022-10-01T00:09:32.361+0000] {logging_mixin.py:115} INFO - [2022-10-01T00:09:32.361+0000] {dagbag.py:508} INFO - Filling up the DagBag from /home/airflow/.local/lib/python3.7/site-packages/airflow/example_dags/example_trigger_target_dag.py
[2022-10-01T00:09:32.379+0000] {processor.py:650} INFO - DAG(s) dict_keys(['example_trigger_target_dag']) retrieved from /home/airflow/.local/lib/python3.7/site-packages/airflow/example_dags/example_trigger_target_dag.py
[2022-10-01T00:09:32.404+0000] {logging_mixin.py:115} INFO - [2022-10-01T00:09:32.404+0000] {dag.py:2429} INFO - Sync 1 DAGs
[2022-10-01T00:09:32.419+0000] {logging_mixin.py:115} INFO - [2022-10-01T00:09:32.418+0000] {dag.py:2981} INFO - Setting next_dagrun for example_trigger_target_dag to None, run_after=None
[2022-10-01T00:09:32.426+0000] {processor.py:161} INFO - Processing /home/airflow/.local/lib/python3.7/site-packages/airflow/example_dags/example_trigger_target_dag.py took 0.074 seconds
[2022-10-01T00:10:02.702+0000] {processor.py:153} INFO - Started process (PID=35143) to work on /home/airflow/.local/lib/python3.7/site-packages/airflow/example_dags/example_trigger_target_dag.py
[2022-10-01T00:10:02.704+0000] {processor.py:640} INFO - Processing file /home/airflow/.local/lib/python3.7/site-packages/airflow/example_dags/example_trigger_target_dag.py for tasks to queue
[2022-10-01T00:10:02.705+0000] {logging_mixin.py:115} INFO - [2022-10-01T00:10:02.705+0000] {dagbag.py:508} INFO - Filling up the DagBag from /home/airflow/.local/lib/python3.7/site-packages/airflow/example_dags/example_trigger_target_dag.py
[2022-10-01T00:10:02.718+0000] {processor.py:650} INFO - DAG(s) dict_keys(['example_trigger_target_dag']) retrieved from /home/airflow/.local/lib/python3.7/site-packages/airflow/example_dags/example_trigger_target_dag.py
[2022-10-01T00:10:02.739+0000] {logging_mixin.py:115} INFO - [2022-10-01T00:10:02.739+0000] {dag.py:2429} INFO - Sync 1 DAGs
[2022-10-01T00:10:02.752+0000] {logging_mixin.py:115} INFO - [2022-10-01T00:10:02.752+0000] {dag.py:2981} INFO - Setting next_dagrun for example_trigger_target_dag to None, run_after=None
[2022-10-01T00:10:02.761+0000] {processor.py:161} INFO - Processing /home/airflow/.local/lib/python3.7/site-packages/airflow/example_dags/example_trigger_target_dag.py took 0.061 seconds
[2022-10-01T00:10:33.216+0000] {processor.py:153} INFO - Started process (PID=35210) to work on /home/airflow/.local/lib/python3.7/site-packages/airflow/example_dags/example_trigger_target_dag.py
[2022-10-01T00:10:33.218+0000] {processor.py:640} INFO - Processing file /home/airflow/.local/lib/python3.7/site-packages/airflow/example_dags/example_trigger_target_dag.py for tasks to queue
[2022-10-01T00:10:33.220+0000] {logging_mixin.py:115} INFO - [2022-10-01T00:10:33.220+0000] {dagbag.py:508} INFO - Filling up the DagBag from /home/airflow/.local/lib/python3.7/site-packages/airflow/example_dags/example_trigger_target_dag.py
[2022-10-01T00:10:33.239+0000] {processor.py:650} INFO - DAG(s) dict_keys(['example_trigger_target_dag']) retrieved from /home/airflow/.local/lib/python3.7/site-packages/airflow/example_dags/example_trigger_target_dag.py
[2022-10-01T00:10:33.267+0000] {logging_mixin.py:115} INFO - [2022-10-01T00:10:33.267+0000] {dag.py:2429} INFO - Sync 1 DAGs
[2022-10-01T00:10:33.282+0000] {logging_mixin.py:115} INFO - [2022-10-01T00:10:33.282+0000] {dag.py:2981} INFO - Setting next_dagrun for example_trigger_target_dag to None, run_after=None
[2022-10-01T00:10:33.317+0000] {processor.py:161} INFO - Processing /home/airflow/.local/lib/python3.7/site-packages/airflow/example_dags/example_trigger_target_dag.py took 0.108 seconds
[2022-10-01T00:11:03.598+0000] {processor.py:153} INFO - Started process (PID=35276) to work on /home/airflow/.local/lib/python3.7/site-packages/airflow/example_dags/example_trigger_target_dag.py
[2022-10-01T00:11:03.600+0000] {processor.py:640} INFO - Processing file /home/airflow/.local/lib/python3.7/site-packages/airflow/example_dags/example_trigger_target_dag.py for tasks to queue
[2022-10-01T00:11:03.602+0000] {logging_mixin.py:115} INFO - [2022-10-01T00:11:03.602+0000] {dagbag.py:508} INFO - Filling up the DagBag from /home/airflow/.local/lib/python3.7/site-packages/airflow/example_dags/example_trigger_target_dag.py
[2022-10-01T00:11:03.613+0000] {processor.py:650} INFO - DAG(s) dict_keys(['example_trigger_target_dag']) retrieved from /home/airflow/.local/lib/python3.7/site-packages/airflow/example_dags/example_trigger_target_dag.py
[2022-10-01T00:11:03.631+0000] {logging_mixin.py:115} INFO - [2022-10-01T00:11:03.631+0000] {dag.py:2429} INFO - Sync 1 DAGs
[2022-10-01T00:11:03.643+0000] {logging_mixin.py:115} INFO - [2022-10-01T00:11:03.643+0000] {dag.py:2981} INFO - Setting next_dagrun for example_trigger_target_dag to None, run_after=None
[2022-10-01T00:11:03.650+0000] {processor.py:161} INFO - Processing /home/airflow/.local/lib/python3.7/site-packages/airflow/example_dags/example_trigger_target_dag.py took 0.054 seconds
[2022-10-01T00:11:33.956+0000] {processor.py:153} INFO - Started process (PID=35342) to work on /home/airflow/.local/lib/python3.7/site-packages/airflow/example_dags/example_trigger_target_dag.py
[2022-10-01T00:11:33.958+0000] {processor.py:640} INFO - Processing file /home/airflow/.local/lib/python3.7/site-packages/airflow/example_dags/example_trigger_target_dag.py for tasks to queue
[2022-10-01T00:11:33.959+0000] {logging_mixin.py:115} INFO - [2022-10-01T00:11:33.959+0000] {dagbag.py:508} INFO - Filling up the DagBag from /home/airflow/.local/lib/python3.7/site-packages/airflow/example_dags/example_trigger_target_dag.py
[2022-10-01T00:11:33.972+0000] {processor.py:650} INFO - DAG(s) dict_keys(['example_trigger_target_dag']) retrieved from /home/airflow/.local/lib/python3.7/site-packages/airflow/example_dags/example_trigger_target_dag.py
[2022-10-01T00:11:33.997+0000] {logging_mixin.py:115} INFO - [2022-10-01T00:11:33.996+0000] {dag.py:2429} INFO - Sync 1 DAGs
[2022-10-01T00:11:34.014+0000] {logging_mixin.py:115} INFO - [2022-10-01T00:11:34.013+0000] {dag.py:2981} INFO - Setting next_dagrun for example_trigger_target_dag to None, run_after=None
[2022-10-01T00:11:34.022+0000] {processor.py:161} INFO - Processing /home/airflow/.local/lib/python3.7/site-packages/airflow/example_dags/example_trigger_target_dag.py took 0.069 seconds
[2022-10-01T00:12:04.231+0000] {processor.py:153} INFO - Started process (PID=35399) to work on /home/airflow/.local/lib/python3.7/site-packages/airflow/example_dags/example_trigger_target_dag.py
[2022-10-01T00:12:04.233+0000] {processor.py:640} INFO - Processing file /home/airflow/.local/lib/python3.7/site-packages/airflow/example_dags/example_trigger_target_dag.py for tasks to queue
[2022-10-01T00:12:04.234+0000] {logging_mixin.py:115} INFO - [2022-10-01T00:12:04.234+0000] {dagbag.py:508} INFO - Filling up the DagBag from /home/airflow/.local/lib/python3.7/site-packages/airflow/example_dags/example_trigger_target_dag.py
[2022-10-01T00:12:04.246+0000] {processor.py:650} INFO - DAG(s) dict_keys(['example_trigger_target_dag']) retrieved from /home/airflow/.local/lib/python3.7/site-packages/airflow/example_dags/example_trigger_target_dag.py
[2022-10-01T00:12:04.267+0000] {logging_mixin.py:115} INFO - [2022-10-01T00:12:04.267+0000] {dag.py:2429} INFO - Sync 1 DAGs
[2022-10-01T00:12:04.281+0000] {logging_mixin.py:115} INFO - [2022-10-01T00:12:04.281+0000] {dag.py:2981} INFO - Setting next_dagrun for example_trigger_target_dag to None, run_after=None
[2022-10-01T00:12:04.298+0000] {processor.py:161} INFO - Processing /home/airflow/.local/lib/python3.7/site-packages/airflow/example_dags/example_trigger_target_dag.py took 0.069 seconds
[2022-10-01T00:12:34.821+0000] {processor.py:153} INFO - Started process (PID=35466) to work on /home/airflow/.local/lib/python3.7/site-packages/airflow/example_dags/example_trigger_target_dag.py
[2022-10-01T00:12:34.822+0000] {processor.py:640} INFO - Processing file /home/airflow/.local/lib/python3.7/site-packages/airflow/example_dags/example_trigger_target_dag.py for tasks to queue
[2022-10-01T00:12:34.824+0000] {logging_mixin.py:115} INFO - [2022-10-01T00:12:34.824+0000] {dagbag.py:508} INFO - Filling up the DagBag from /home/airflow/.local/lib/python3.7/site-packages/airflow/example_dags/example_trigger_target_dag.py
[2022-10-01T00:12:34.836+0000] {processor.py:650} INFO - DAG(s) dict_keys(['example_trigger_target_dag']) retrieved from /home/airflow/.local/lib/python3.7/site-packages/airflow/example_dags/example_trigger_target_dag.py
[2022-10-01T00:12:34.859+0000] {logging_mixin.py:115} INFO - [2022-10-01T00:12:34.858+0000] {dag.py:2429} INFO - Sync 1 DAGs
[2022-10-01T00:12:34.874+0000] {logging_mixin.py:115} INFO - [2022-10-01T00:12:34.874+0000] {dag.py:2981} INFO - Setting next_dagrun for example_trigger_target_dag to None, run_after=None
[2022-10-01T00:12:34.882+0000] {processor.py:161} INFO - Processing /home/airflow/.local/lib/python3.7/site-packages/airflow/example_dags/example_trigger_target_dag.py took 0.064 seconds
[2022-10-01T00:13:05.120+0000] {processor.py:153} INFO - Started process (PID=35531) to work on /home/airflow/.local/lib/python3.7/site-packages/airflow/example_dags/example_trigger_target_dag.py
[2022-10-01T00:13:05.121+0000] {processor.py:640} INFO - Processing file /home/airflow/.local/lib/python3.7/site-packages/airflow/example_dags/example_trigger_target_dag.py for tasks to queue
[2022-10-01T00:13:05.122+0000] {logging_mixin.py:115} INFO - [2022-10-01T00:13:05.122+0000] {dagbag.py:508} INFO - Filling up the DagBag from /home/airflow/.local/lib/python3.7/site-packages/airflow/example_dags/example_trigger_target_dag.py
[2022-10-01T00:13:05.136+0000] {processor.py:650} INFO - DAG(s) dict_keys(['example_trigger_target_dag']) retrieved from /home/airflow/.local/lib/python3.7/site-packages/airflow/example_dags/example_trigger_target_dag.py
[2022-10-01T00:13:05.155+0000] {logging_mixin.py:115} INFO - [2022-10-01T00:13:05.155+0000] {dag.py:2429} INFO - Sync 1 DAGs
[2022-10-01T00:13:05.171+0000] {logging_mixin.py:115} INFO - [2022-10-01T00:13:05.171+0000] {dag.py:2981} INFO - Setting next_dagrun for example_trigger_target_dag to None, run_after=None
[2022-10-01T00:13:05.180+0000] {processor.py:161} INFO - Processing /home/airflow/.local/lib/python3.7/site-packages/airflow/example_dags/example_trigger_target_dag.py took 0.064 seconds
[2022-10-01T00:13:36.122+0000] {processor.py:153} INFO - Started process (PID=35600) to work on /home/airflow/.local/lib/python3.7/site-packages/airflow/example_dags/example_trigger_target_dag.py
[2022-10-01T00:13:36.134+0000] {processor.py:640} INFO - Processing file /home/airflow/.local/lib/python3.7/site-packages/airflow/example_dags/example_trigger_target_dag.py for tasks to queue
[2022-10-01T00:13:36.138+0000] {logging_mixin.py:115} INFO - [2022-10-01T00:13:36.138+0000] {dagbag.py:508} INFO - Filling up the DagBag from /home/airflow/.local/lib/python3.7/site-packages/airflow/example_dags/example_trigger_target_dag.py
[2022-10-01T00:13:36.155+0000] {processor.py:650} INFO - DAG(s) dict_keys(['example_trigger_target_dag']) retrieved from /home/airflow/.local/lib/python3.7/site-packages/airflow/example_dags/example_trigger_target_dag.py
[2022-10-01T00:13:36.180+0000] {logging_mixin.py:115} INFO - [2022-10-01T00:13:36.179+0000] {dag.py:2429} INFO - Sync 1 DAGs
[2022-10-01T00:13:36.201+0000] {logging_mixin.py:115} INFO - [2022-10-01T00:13:36.201+0000] {dag.py:2981} INFO - Setting next_dagrun for example_trigger_target_dag to None, run_after=None
[2022-10-01T00:13:36.213+0000] {processor.py:161} INFO - Processing /home/airflow/.local/lib/python3.7/site-packages/airflow/example_dags/example_trigger_target_dag.py took 0.095 seconds
[2022-10-01T00:18:35.258+0000] {processor.py:153} INFO - Started process (PID=35648) to work on /home/airflow/.local/lib/python3.7/site-packages/airflow/example_dags/example_trigger_target_dag.py
[2022-10-01T00:18:35.261+0000] {processor.py:640} INFO - Processing file /home/airflow/.local/lib/python3.7/site-packages/airflow/example_dags/example_trigger_target_dag.py for tasks to queue
[2022-10-01T00:18:35.267+0000] {logging_mixin.py:115} INFO - [2022-10-01T00:18:35.267+0000] {dagbag.py:508} INFO - Filling up the DagBag from /home/airflow/.local/lib/python3.7/site-packages/airflow/example_dags/example_trigger_target_dag.py
[2022-10-01T00:18:35.290+0000] {processor.py:650} INFO - DAG(s) dict_keys(['example_trigger_target_dag']) retrieved from /home/airflow/.local/lib/python3.7/site-packages/airflow/example_dags/example_trigger_target_dag.py
[2022-10-01T00:18:35.324+0000] {logging_mixin.py:115} INFO - [2022-10-01T00:18:35.323+0000] {dag.py:2429} INFO - Sync 1 DAGs
[2022-10-01T00:18:35.357+0000] {logging_mixin.py:115} INFO - [2022-10-01T00:18:35.357+0000] {dag.py:2981} INFO - Setting next_dagrun for example_trigger_target_dag to None, run_after=None
[2022-10-01T00:18:35.376+0000] {processor.py:161} INFO - Processing /home/airflow/.local/lib/python3.7/site-packages/airflow/example_dags/example_trigger_target_dag.py took 0.122 seconds
[2022-10-01T00:19:06.097+0000] {processor.py:153} INFO - Started process (PID=35714) to work on /home/airflow/.local/lib/python3.7/site-packages/airflow/example_dags/example_trigger_target_dag.py
[2022-10-01T00:19:06.099+0000] {processor.py:640} INFO - Processing file /home/airflow/.local/lib/python3.7/site-packages/airflow/example_dags/example_trigger_target_dag.py for tasks to queue
[2022-10-01T00:19:06.100+0000] {logging_mixin.py:115} INFO - [2022-10-01T00:19:06.100+0000] {dagbag.py:508} INFO - Filling up the DagBag from /home/airflow/.local/lib/python3.7/site-packages/airflow/example_dags/example_trigger_target_dag.py
[2022-10-01T00:19:06.111+0000] {processor.py:650} INFO - DAG(s) dict_keys(['example_trigger_target_dag']) retrieved from /home/airflow/.local/lib/python3.7/site-packages/airflow/example_dags/example_trigger_target_dag.py
[2022-10-01T00:19:06.128+0000] {logging_mixin.py:115} INFO - [2022-10-01T00:19:06.128+0000] {dag.py:2429} INFO - Sync 1 DAGs
[2022-10-01T00:19:06.141+0000] {logging_mixin.py:115} INFO - [2022-10-01T00:19:06.141+0000] {dag.py:2981} INFO - Setting next_dagrun for example_trigger_target_dag to None, run_after=None
[2022-10-01T00:19:06.148+0000] {processor.py:161} INFO - Processing /home/airflow/.local/lib/python3.7/site-packages/airflow/example_dags/example_trigger_target_dag.py took 0.053 seconds
[2022-10-01T00:19:36.649+0000] {processor.py:153} INFO - Started process (PID=35772) to work on /home/airflow/.local/lib/python3.7/site-packages/airflow/example_dags/example_trigger_target_dag.py
[2022-10-01T00:19:36.651+0000] {processor.py:640} INFO - Processing file /home/airflow/.local/lib/python3.7/site-packages/airflow/example_dags/example_trigger_target_dag.py for tasks to queue
[2022-10-01T00:19:36.652+0000] {logging_mixin.py:115} INFO - [2022-10-01T00:19:36.652+0000] {dagbag.py:508} INFO - Filling up the DagBag from /home/airflow/.local/lib/python3.7/site-packages/airflow/example_dags/example_trigger_target_dag.py
[2022-10-01T00:19:36.661+0000] {processor.py:650} INFO - DAG(s) dict_keys(['example_trigger_target_dag']) retrieved from /home/airflow/.local/lib/python3.7/site-packages/airflow/example_dags/example_trigger_target_dag.py
[2022-10-01T00:19:36.679+0000] {logging_mixin.py:115} INFO - [2022-10-01T00:19:36.679+0000] {dag.py:2429} INFO - Sync 1 DAGs
[2022-10-01T00:19:36.692+0000] {logging_mixin.py:115} INFO - [2022-10-01T00:19:36.692+0000] {dag.py:2981} INFO - Setting next_dagrun for example_trigger_target_dag to None, run_after=None
[2022-10-01T00:19:36.699+0000] {processor.py:161} INFO - Processing /home/airflow/.local/lib/python3.7/site-packages/airflow/example_dags/example_trigger_target_dag.py took 0.053 seconds
[2022-10-01T00:20:07.100+0000] {processor.py:153} INFO - Started process (PID=35836) to work on /home/airflow/.local/lib/python3.7/site-packages/airflow/example_dags/example_trigger_target_dag.py
[2022-10-01T00:20:07.103+0000] {processor.py:640} INFO - Processing file /home/airflow/.local/lib/python3.7/site-packages/airflow/example_dags/example_trigger_target_dag.py for tasks to queue
[2022-10-01T00:20:07.106+0000] {logging_mixin.py:115} INFO - [2022-10-01T00:20:07.106+0000] {dagbag.py:508} INFO - Filling up the DagBag from /home/airflow/.local/lib/python3.7/site-packages/airflow/example_dags/example_trigger_target_dag.py
[2022-10-01T00:20:07.118+0000] {processor.py:650} INFO - DAG(s) dict_keys(['example_trigger_target_dag']) retrieved from /home/airflow/.local/lib/python3.7/site-packages/airflow/example_dags/example_trigger_target_dag.py
[2022-10-01T00:20:07.141+0000] {logging_mixin.py:115} INFO - [2022-10-01T00:20:07.141+0000] {dag.py:2429} INFO - Sync 1 DAGs
[2022-10-01T00:20:07.156+0000] {logging_mixin.py:115} INFO - [2022-10-01T00:20:07.155+0000] {dag.py:2981} INFO - Setting next_dagrun for example_trigger_target_dag to None, run_after=None
[2022-10-01T00:20:07.233+0000] {processor.py:161} INFO - Processing /home/airflow/.local/lib/python3.7/site-packages/airflow/example_dags/example_trigger_target_dag.py took 0.136 seconds
[2022-10-01T00:20:37.582+0000] {processor.py:153} INFO - Started process (PID=35904) to work on /home/airflow/.local/lib/python3.7/site-packages/airflow/example_dags/example_trigger_target_dag.py
[2022-10-01T00:20:37.584+0000] {processor.py:640} INFO - Processing file /home/airflow/.local/lib/python3.7/site-packages/airflow/example_dags/example_trigger_target_dag.py for tasks to queue
[2022-10-01T00:20:37.585+0000] {logging_mixin.py:115} INFO - [2022-10-01T00:20:37.585+0000] {dagbag.py:508} INFO - Filling up the DagBag from /home/airflow/.local/lib/python3.7/site-packages/airflow/example_dags/example_trigger_target_dag.py
[2022-10-01T00:20:37.598+0000] {processor.py:650} INFO - DAG(s) dict_keys(['example_trigger_target_dag']) retrieved from /home/airflow/.local/lib/python3.7/site-packages/airflow/example_dags/example_trigger_target_dag.py
[2022-10-01T00:20:37.620+0000] {logging_mixin.py:115} INFO - [2022-10-01T00:20:37.620+0000] {dag.py:2429} INFO - Sync 1 DAGs
[2022-10-01T00:20:37.639+0000] {logging_mixin.py:115} INFO - [2022-10-01T00:20:37.639+0000] {dag.py:2981} INFO - Setting next_dagrun for example_trigger_target_dag to None, run_after=None
[2022-10-01T00:20:37.655+0000] {processor.py:161} INFO - Processing /home/airflow/.local/lib/python3.7/site-packages/airflow/example_dags/example_trigger_target_dag.py took 0.077 seconds
[2022-10-01T00:21:08.263+0000] {processor.py:153} INFO - Started process (PID=35970) to work on /home/airflow/.local/lib/python3.7/site-packages/airflow/example_dags/example_trigger_target_dag.py
[2022-10-01T00:21:08.266+0000] {processor.py:640} INFO - Processing file /home/airflow/.local/lib/python3.7/site-packages/airflow/example_dags/example_trigger_target_dag.py for tasks to queue
[2022-10-01T00:21:08.267+0000] {logging_mixin.py:115} INFO - [2022-10-01T00:21:08.267+0000] {dagbag.py:508} INFO - Filling up the DagBag from /home/airflow/.local/lib/python3.7/site-packages/airflow/example_dags/example_trigger_target_dag.py
[2022-10-01T00:21:08.280+0000] {processor.py:650} INFO - DAG(s) dict_keys(['example_trigger_target_dag']) retrieved from /home/airflow/.local/lib/python3.7/site-packages/airflow/example_dags/example_trigger_target_dag.py
[2022-10-01T00:21:08.299+0000] {logging_mixin.py:115} INFO - [2022-10-01T00:21:08.299+0000] {dag.py:2429} INFO - Sync 1 DAGs
[2022-10-01T00:21:08.312+0000] {logging_mixin.py:115} INFO - [2022-10-01T00:21:08.312+0000] {dag.py:2981} INFO - Setting next_dagrun for example_trigger_target_dag to None, run_after=None
[2022-10-01T00:21:08.320+0000] {processor.py:161} INFO - Processing /home/airflow/.local/lib/python3.7/site-packages/airflow/example_dags/example_trigger_target_dag.py took 0.059 seconds
[2022-10-01T00:21:38.713+0000] {processor.py:153} INFO - Started process (PID=36026) to work on /home/airflow/.local/lib/python3.7/site-packages/airflow/example_dags/example_trigger_target_dag.py
[2022-10-01T00:21:38.715+0000] {processor.py:640} INFO - Processing file /home/airflow/.local/lib/python3.7/site-packages/airflow/example_dags/example_trigger_target_dag.py for tasks to queue
[2022-10-01T00:21:38.716+0000] {logging_mixin.py:115} INFO - [2022-10-01T00:21:38.716+0000] {dagbag.py:508} INFO - Filling up the DagBag from /home/airflow/.local/lib/python3.7/site-packages/airflow/example_dags/example_trigger_target_dag.py
[2022-10-01T00:21:38.728+0000] {processor.py:650} INFO - DAG(s) dict_keys(['example_trigger_target_dag']) retrieved from /home/airflow/.local/lib/python3.7/site-packages/airflow/example_dags/example_trigger_target_dag.py
[2022-10-01T00:21:38.747+0000] {logging_mixin.py:115} INFO - [2022-10-01T00:21:38.747+0000] {dag.py:2429} INFO - Sync 1 DAGs
[2022-10-01T00:21:38.763+0000] {logging_mixin.py:115} INFO - [2022-10-01T00:21:38.763+0000] {dag.py:2981} INFO - Setting next_dagrun for example_trigger_target_dag to None, run_after=None
[2022-10-01T00:21:38.772+0000] {processor.py:161} INFO - Processing /home/airflow/.local/lib/python3.7/site-packages/airflow/example_dags/example_trigger_target_dag.py took 0.061 seconds
[2022-10-01T00:22:09.019+0000] {processor.py:153} INFO - Started process (PID=36091) to work on /home/airflow/.local/lib/python3.7/site-packages/airflow/example_dags/example_trigger_target_dag.py
[2022-10-01T00:22:09.021+0000] {processor.py:640} INFO - Processing file /home/airflow/.local/lib/python3.7/site-packages/airflow/example_dags/example_trigger_target_dag.py for tasks to queue
[2022-10-01T00:22:09.023+0000] {logging_mixin.py:115} INFO - [2022-10-01T00:22:09.023+0000] {dagbag.py:508} INFO - Filling up the DagBag from /home/airflow/.local/lib/python3.7/site-packages/airflow/example_dags/example_trigger_target_dag.py
[2022-10-01T00:22:09.033+0000] {processor.py:650} INFO - DAG(s) dict_keys(['example_trigger_target_dag']) retrieved from /home/airflow/.local/lib/python3.7/site-packages/airflow/example_dags/example_trigger_target_dag.py
[2022-10-01T00:22:09.052+0000] {logging_mixin.py:115} INFO - [2022-10-01T00:22:09.052+0000] {dag.py:2429} INFO - Sync 1 DAGs
[2022-10-01T00:22:09.065+0000] {logging_mixin.py:115} INFO - [2022-10-01T00:22:09.065+0000] {dag.py:2981} INFO - Setting next_dagrun for example_trigger_target_dag to None, run_after=None
[2022-10-01T00:22:09.074+0000] {processor.py:161} INFO - Processing /home/airflow/.local/lib/python3.7/site-packages/airflow/example_dags/example_trigger_target_dag.py took 0.057 seconds
[2022-10-01T00:22:39.384+0000] {processor.py:153} INFO - Started process (PID=36157) to work on /home/airflow/.local/lib/python3.7/site-packages/airflow/example_dags/example_trigger_target_dag.py
[2022-10-01T00:22:39.385+0000] {processor.py:640} INFO - Processing file /home/airflow/.local/lib/python3.7/site-packages/airflow/example_dags/example_trigger_target_dag.py for tasks to queue
[2022-10-01T00:22:39.386+0000] {logging_mixin.py:115} INFO - [2022-10-01T00:22:39.386+0000] {dagbag.py:508} INFO - Filling up the DagBag from /home/airflow/.local/lib/python3.7/site-packages/airflow/example_dags/example_trigger_target_dag.py
[2022-10-01T00:22:39.397+0000] {processor.py:650} INFO - DAG(s) dict_keys(['example_trigger_target_dag']) retrieved from /home/airflow/.local/lib/python3.7/site-packages/airflow/example_dags/example_trigger_target_dag.py
[2022-10-01T00:22:39.414+0000] {logging_mixin.py:115} INFO - [2022-10-01T00:22:39.414+0000] {dag.py:2429} INFO - Sync 1 DAGs
[2022-10-01T00:22:39.427+0000] {logging_mixin.py:115} INFO - [2022-10-01T00:22:39.427+0000] {dag.py:2981} INFO - Setting next_dagrun for example_trigger_target_dag to None, run_after=None
[2022-10-01T00:22:39.435+0000] {processor.py:161} INFO - Processing /home/airflow/.local/lib/python3.7/site-packages/airflow/example_dags/example_trigger_target_dag.py took 0.054 seconds
[2022-10-01T00:23:09.762+0000] {processor.py:153} INFO - Started process (PID=36222) to work on /home/airflow/.local/lib/python3.7/site-packages/airflow/example_dags/example_trigger_target_dag.py
[2022-10-01T00:23:09.765+0000] {processor.py:640} INFO - Processing file /home/airflow/.local/lib/python3.7/site-packages/airflow/example_dags/example_trigger_target_dag.py for tasks to queue
[2022-10-01T00:23:09.768+0000] {logging_mixin.py:115} INFO - [2022-10-01T00:23:09.768+0000] {dagbag.py:508} INFO - Filling up the DagBag from /home/airflow/.local/lib/python3.7/site-packages/airflow/example_dags/example_trigger_target_dag.py
[2022-10-01T00:23:09.782+0000] {processor.py:650} INFO - DAG(s) dict_keys(['example_trigger_target_dag']) retrieved from /home/airflow/.local/lib/python3.7/site-packages/airflow/example_dags/example_trigger_target_dag.py
[2022-10-01T00:23:09.807+0000] {logging_mixin.py:115} INFO - [2022-10-01T00:23:09.807+0000] {dag.py:2429} INFO - Sync 1 DAGs
[2022-10-01T00:23:09.821+0000] {logging_mixin.py:115} INFO - [2022-10-01T00:23:09.820+0000] {dag.py:2981} INFO - Setting next_dagrun for example_trigger_target_dag to None, run_after=None
[2022-10-01T00:23:09.828+0000] {processor.py:161} INFO - Processing /home/airflow/.local/lib/python3.7/site-packages/airflow/example_dags/example_trigger_target_dag.py took 0.069 seconds
[2022-10-01T00:23:40.316+0000] {processor.py:153} INFO - Started process (PID=36282) to work on /home/airflow/.local/lib/python3.7/site-packages/airflow/example_dags/example_trigger_target_dag.py
[2022-10-01T00:23:40.317+0000] {processor.py:640} INFO - Processing file /home/airflow/.local/lib/python3.7/site-packages/airflow/example_dags/example_trigger_target_dag.py for tasks to queue
[2022-10-01T00:23:40.318+0000] {logging_mixin.py:115} INFO - [2022-10-01T00:23:40.318+0000] {dagbag.py:508} INFO - Filling up the DagBag from /home/airflow/.local/lib/python3.7/site-packages/airflow/example_dags/example_trigger_target_dag.py
[2022-10-01T00:23:40.329+0000] {processor.py:650} INFO - DAG(s) dict_keys(['example_trigger_target_dag']) retrieved from /home/airflow/.local/lib/python3.7/site-packages/airflow/example_dags/example_trigger_target_dag.py
[2022-10-01T00:23:40.349+0000] {logging_mixin.py:115} INFO - [2022-10-01T00:23:40.349+0000] {dag.py:2429} INFO - Sync 1 DAGs
[2022-10-01T00:23:40.362+0000] {logging_mixin.py:115} INFO - [2022-10-01T00:23:40.362+0000] {dag.py:2981} INFO - Setting next_dagrun for example_trigger_target_dag to None, run_after=None
[2022-10-01T00:23:40.370+0000] {processor.py:161} INFO - Processing /home/airflow/.local/lib/python3.7/site-packages/airflow/example_dags/example_trigger_target_dag.py took 0.056 seconds
[2022-10-01T00:24:10.565+0000] {processor.py:153} INFO - Started process (PID=36350) to work on /home/airflow/.local/lib/python3.7/site-packages/airflow/example_dags/example_trigger_target_dag.py
[2022-10-01T00:24:10.566+0000] {processor.py:640} INFO - Processing file /home/airflow/.local/lib/python3.7/site-packages/airflow/example_dags/example_trigger_target_dag.py for tasks to queue
[2022-10-01T00:24:10.568+0000] {logging_mixin.py:115} INFO - [2022-10-01T00:24:10.568+0000] {dagbag.py:508} INFO - Filling up the DagBag from /home/airflow/.local/lib/python3.7/site-packages/airflow/example_dags/example_trigger_target_dag.py
[2022-10-01T00:24:10.578+0000] {processor.py:650} INFO - DAG(s) dict_keys(['example_trigger_target_dag']) retrieved from /home/airflow/.local/lib/python3.7/site-packages/airflow/example_dags/example_trigger_target_dag.py
[2022-10-01T00:24:10.597+0000] {logging_mixin.py:115} INFO - [2022-10-01T00:24:10.596+0000] {dag.py:2429} INFO - Sync 1 DAGs
[2022-10-01T00:24:10.610+0000] {logging_mixin.py:115} INFO - [2022-10-01T00:24:10.610+0000] {dag.py:2981} INFO - Setting next_dagrun for example_trigger_target_dag to None, run_after=None
[2022-10-01T00:24:10.617+0000] {processor.py:161} INFO - Processing /home/airflow/.local/lib/python3.7/site-packages/airflow/example_dags/example_trigger_target_dag.py took 0.055 seconds
[2022-10-01T00:24:41.545+0000] {processor.py:153} INFO - Started process (PID=36416) to work on /home/airflow/.local/lib/python3.7/site-packages/airflow/example_dags/example_trigger_target_dag.py
[2022-10-01T00:24:41.547+0000] {processor.py:640} INFO - Processing file /home/airflow/.local/lib/python3.7/site-packages/airflow/example_dags/example_trigger_target_dag.py for tasks to queue
[2022-10-01T00:24:41.548+0000] {logging_mixin.py:115} INFO - [2022-10-01T00:24:41.548+0000] {dagbag.py:508} INFO - Filling up the DagBag from /home/airflow/.local/lib/python3.7/site-packages/airflow/example_dags/example_trigger_target_dag.py
[2022-10-01T00:24:41.559+0000] {processor.py:650} INFO - DAG(s) dict_keys(['example_trigger_target_dag']) retrieved from /home/airflow/.local/lib/python3.7/site-packages/airflow/example_dags/example_trigger_target_dag.py
[2022-10-01T00:24:41.581+0000] {logging_mixin.py:115} INFO - [2022-10-01T00:24:41.581+0000] {dag.py:2429} INFO - Sync 1 DAGs
[2022-10-01T00:24:41.594+0000] {logging_mixin.py:115} INFO - [2022-10-01T00:24:41.594+0000] {dag.py:2981} INFO - Setting next_dagrun for example_trigger_target_dag to None, run_after=None
[2022-10-01T00:24:41.602+0000] {processor.py:161} INFO - Processing /home/airflow/.local/lib/python3.7/site-packages/airflow/example_dags/example_trigger_target_dag.py took 0.059 seconds
[2022-10-01T00:25:11.764+0000] {processor.py:153} INFO - Started process (PID=36472) to work on /home/airflow/.local/lib/python3.7/site-packages/airflow/example_dags/example_trigger_target_dag.py
[2022-10-01T00:25:11.766+0000] {processor.py:640} INFO - Processing file /home/airflow/.local/lib/python3.7/site-packages/airflow/example_dags/example_trigger_target_dag.py for tasks to queue
[2022-10-01T00:25:11.768+0000] {logging_mixin.py:115} INFO - [2022-10-01T00:25:11.768+0000] {dagbag.py:508} INFO - Filling up the DagBag from /home/airflow/.local/lib/python3.7/site-packages/airflow/example_dags/example_trigger_target_dag.py
[2022-10-01T00:25:11.782+0000] {processor.py:650} INFO - DAG(s) dict_keys(['example_trigger_target_dag']) retrieved from /home/airflow/.local/lib/python3.7/site-packages/airflow/example_dags/example_trigger_target_dag.py
[2022-10-01T00:25:11.805+0000] {logging_mixin.py:115} INFO - [2022-10-01T00:25:11.805+0000] {dag.py:2429} INFO - Sync 1 DAGs
[2022-10-01T00:25:11.823+0000] {logging_mixin.py:115} INFO - [2022-10-01T00:25:11.823+0000] {dag.py:2981} INFO - Setting next_dagrun for example_trigger_target_dag to None, run_after=None
[2022-10-01T00:25:11.832+0000] {processor.py:161} INFO - Processing /home/airflow/.local/lib/python3.7/site-packages/airflow/example_dags/example_trigger_target_dag.py took 0.071 seconds
[2022-10-01T00:25:42.145+0000] {processor.py:153} INFO - Started process (PID=36538) to work on /home/airflow/.local/lib/python3.7/site-packages/airflow/example_dags/example_trigger_target_dag.py
[2022-10-01T00:25:42.146+0000] {processor.py:640} INFO - Processing file /home/airflow/.local/lib/python3.7/site-packages/airflow/example_dags/example_trigger_target_dag.py for tasks to queue
[2022-10-01T00:25:42.148+0000] {logging_mixin.py:115} INFO - [2022-10-01T00:25:42.148+0000] {dagbag.py:508} INFO - Filling up the DagBag from /home/airflow/.local/lib/python3.7/site-packages/airflow/example_dags/example_trigger_target_dag.py
[2022-10-01T00:25:42.159+0000] {processor.py:650} INFO - DAG(s) dict_keys(['example_trigger_target_dag']) retrieved from /home/airflow/.local/lib/python3.7/site-packages/airflow/example_dags/example_trigger_target_dag.py
[2022-10-01T00:25:42.177+0000] {logging_mixin.py:115} INFO - [2022-10-01T00:25:42.177+0000] {dag.py:2429} INFO - Sync 1 DAGs
[2022-10-01T00:25:42.190+0000] {logging_mixin.py:115} INFO - [2022-10-01T00:25:42.190+0000] {dag.py:2981} INFO - Setting next_dagrun for example_trigger_target_dag to None, run_after=None
[2022-10-01T00:25:42.198+0000] {processor.py:161} INFO - Processing /home/airflow/.local/lib/python3.7/site-packages/airflow/example_dags/example_trigger_target_dag.py took 0.056 seconds
[2022-10-01T00:26:12.665+0000] {processor.py:153} INFO - Started process (PID=36605) to work on /home/airflow/.local/lib/python3.7/site-packages/airflow/example_dags/example_trigger_target_dag.py
[2022-10-01T00:26:12.667+0000] {processor.py:640} INFO - Processing file /home/airflow/.local/lib/python3.7/site-packages/airflow/example_dags/example_trigger_target_dag.py for tasks to queue
[2022-10-01T00:26:12.668+0000] {logging_mixin.py:115} INFO - [2022-10-01T00:26:12.668+0000] {dagbag.py:508} INFO - Filling up the DagBag from /home/airflow/.local/lib/python3.7/site-packages/airflow/example_dags/example_trigger_target_dag.py
[2022-10-01T00:26:12.679+0000] {processor.py:650} INFO - DAG(s) dict_keys(['example_trigger_target_dag']) retrieved from /home/airflow/.local/lib/python3.7/site-packages/airflow/example_dags/example_trigger_target_dag.py
[2022-10-01T00:26:12.698+0000] {logging_mixin.py:115} INFO - [2022-10-01T00:26:12.698+0000] {dag.py:2429} INFO - Sync 1 DAGs
[2022-10-01T00:26:12.714+0000] {logging_mixin.py:115} INFO - [2022-10-01T00:26:12.714+0000] {dag.py:2981} INFO - Setting next_dagrun for example_trigger_target_dag to None, run_after=None
[2022-10-01T00:26:12.722+0000] {processor.py:161} INFO - Processing /home/airflow/.local/lib/python3.7/site-packages/airflow/example_dags/example_trigger_target_dag.py took 0.059 seconds
[2022-10-01T00:26:42.878+0000] {processor.py:153} INFO - Started process (PID=36661) to work on /home/airflow/.local/lib/python3.7/site-packages/airflow/example_dags/example_trigger_target_dag.py
[2022-10-01T00:26:42.892+0000] {processor.py:640} INFO - Processing file /home/airflow/.local/lib/python3.7/site-packages/airflow/example_dags/example_trigger_target_dag.py for tasks to queue
[2022-10-01T00:26:42.894+0000] {logging_mixin.py:115} INFO - [2022-10-01T00:26:42.894+0000] {dagbag.py:508} INFO - Filling up the DagBag from /home/airflow/.local/lib/python3.7/site-packages/airflow/example_dags/example_trigger_target_dag.py
[2022-10-01T00:26:42.920+0000] {processor.py:650} INFO - DAG(s) dict_keys(['example_trigger_target_dag']) retrieved from /home/airflow/.local/lib/python3.7/site-packages/airflow/example_dags/example_trigger_target_dag.py
[2022-10-01T00:26:42.943+0000] {logging_mixin.py:115} INFO - [2022-10-01T00:26:42.943+0000] {dag.py:2429} INFO - Sync 1 DAGs
[2022-10-01T00:26:42.973+0000] {logging_mixin.py:115} INFO - [2022-10-01T00:26:42.972+0000] {dag.py:2981} INFO - Setting next_dagrun for example_trigger_target_dag to None, run_after=None
[2022-10-01T00:26:42.981+0000] {processor.py:161} INFO - Processing /home/airflow/.local/lib/python3.7/site-packages/airflow/example_dags/example_trigger_target_dag.py took 0.106 seconds
[2022-10-01T00:27:13.268+0000] {processor.py:153} INFO - Started process (PID=36726) to work on /home/airflow/.local/lib/python3.7/site-packages/airflow/example_dags/example_trigger_target_dag.py
[2022-10-01T00:27:13.270+0000] {processor.py:640} INFO - Processing file /home/airflow/.local/lib/python3.7/site-packages/airflow/example_dags/example_trigger_target_dag.py for tasks to queue
[2022-10-01T00:27:13.271+0000] {logging_mixin.py:115} INFO - [2022-10-01T00:27:13.271+0000] {dagbag.py:508} INFO - Filling up the DagBag from /home/airflow/.local/lib/python3.7/site-packages/airflow/example_dags/example_trigger_target_dag.py
[2022-10-01T00:27:13.282+0000] {processor.py:650} INFO - DAG(s) dict_keys(['example_trigger_target_dag']) retrieved from /home/airflow/.local/lib/python3.7/site-packages/airflow/example_dags/example_trigger_target_dag.py
[2022-10-01T00:27:13.302+0000] {logging_mixin.py:115} INFO - [2022-10-01T00:27:13.302+0000] {dag.py:2429} INFO - Sync 1 DAGs
[2022-10-01T00:27:13.317+0000] {logging_mixin.py:115} INFO - [2022-10-01T00:27:13.317+0000] {dag.py:2981} INFO - Setting next_dagrun for example_trigger_target_dag to None, run_after=None
[2022-10-01T00:27:13.325+0000] {processor.py:161} INFO - Processing /home/airflow/.local/lib/python3.7/site-packages/airflow/example_dags/example_trigger_target_dag.py took 0.060 seconds
[2022-10-01T00:27:44.157+0000] {processor.py:153} INFO - Started process (PID=36793) to work on /home/airflow/.local/lib/python3.7/site-packages/airflow/example_dags/example_trigger_target_dag.py
[2022-10-01T00:27:44.159+0000] {processor.py:640} INFO - Processing file /home/airflow/.local/lib/python3.7/site-packages/airflow/example_dags/example_trigger_target_dag.py for tasks to queue
[2022-10-01T00:27:44.161+0000] {logging_mixin.py:115} INFO - [2022-10-01T00:27:44.161+0000] {dagbag.py:508} INFO - Filling up the DagBag from /home/airflow/.local/lib/python3.7/site-packages/airflow/example_dags/example_trigger_target_dag.py
[2022-10-01T00:27:44.173+0000] {processor.py:650} INFO - DAG(s) dict_keys(['example_trigger_target_dag']) retrieved from /home/airflow/.local/lib/python3.7/site-packages/airflow/example_dags/example_trigger_target_dag.py
[2022-10-01T00:27:44.195+0000] {logging_mixin.py:115} INFO - [2022-10-01T00:27:44.194+0000] {dag.py:2429} INFO - Sync 1 DAGs
[2022-10-01T00:27:44.220+0000] {logging_mixin.py:115} INFO - [2022-10-01T00:27:44.220+0000] {dag.py:2981} INFO - Setting next_dagrun for example_trigger_target_dag to None, run_after=None
[2022-10-01T00:27:44.232+0000] {processor.py:161} INFO - Processing /home/airflow/.local/lib/python3.7/site-packages/airflow/example_dags/example_trigger_target_dag.py took 0.078 seconds
[2022-10-01T00:28:14.653+0000] {processor.py:153} INFO - Started process (PID=36850) to work on /home/airflow/.local/lib/python3.7/site-packages/airflow/example_dags/example_trigger_target_dag.py
[2022-10-01T00:28:14.654+0000] {processor.py:640} INFO - Processing file /home/airflow/.local/lib/python3.7/site-packages/airflow/example_dags/example_trigger_target_dag.py for tasks to queue
[2022-10-01T00:28:14.656+0000] {logging_mixin.py:115} INFO - [2022-10-01T00:28:14.655+0000] {dagbag.py:508} INFO - Filling up the DagBag from /home/airflow/.local/lib/python3.7/site-packages/airflow/example_dags/example_trigger_target_dag.py
[2022-10-01T00:28:14.666+0000] {processor.py:650} INFO - DAG(s) dict_keys(['example_trigger_target_dag']) retrieved from /home/airflow/.local/lib/python3.7/site-packages/airflow/example_dags/example_trigger_target_dag.py
[2022-10-01T00:28:14.686+0000] {logging_mixin.py:115} INFO - [2022-10-01T00:28:14.686+0000] {dag.py:2429} INFO - Sync 1 DAGs
[2022-10-01T00:28:14.699+0000] {logging_mixin.py:115} INFO - [2022-10-01T00:28:14.699+0000] {dag.py:2981} INFO - Setting next_dagrun for example_trigger_target_dag to None, run_after=None
[2022-10-01T00:28:14.706+0000] {processor.py:161} INFO - Processing /home/airflow/.local/lib/python3.7/site-packages/airflow/example_dags/example_trigger_target_dag.py took 0.056 seconds
[2022-10-01T00:28:45.314+0000] {processor.py:153} INFO - Started process (PID=36916) to work on /home/airflow/.local/lib/python3.7/site-packages/airflow/example_dags/example_trigger_target_dag.py
[2022-10-01T00:28:45.316+0000] {processor.py:640} INFO - Processing file /home/airflow/.local/lib/python3.7/site-packages/airflow/example_dags/example_trigger_target_dag.py for tasks to queue
[2022-10-01T00:28:45.317+0000] {logging_mixin.py:115} INFO - [2022-10-01T00:28:45.317+0000] {dagbag.py:508} INFO - Filling up the DagBag from /home/airflow/.local/lib/python3.7/site-packages/airflow/example_dags/example_trigger_target_dag.py
[2022-10-01T00:28:45.327+0000] {processor.py:650} INFO - DAG(s) dict_keys(['example_trigger_target_dag']) retrieved from /home/airflow/.local/lib/python3.7/site-packages/airflow/example_dags/example_trigger_target_dag.py
[2022-10-01T00:28:45.345+0000] {logging_mixin.py:115} INFO - [2022-10-01T00:28:45.344+0000] {dag.py:2429} INFO - Sync 1 DAGs
[2022-10-01T00:28:45.357+0000] {logging_mixin.py:115} INFO - [2022-10-01T00:28:45.357+0000] {dag.py:2981} INFO - Setting next_dagrun for example_trigger_target_dag to None, run_after=None
[2022-10-01T00:28:45.364+0000] {processor.py:161} INFO - Processing /home/airflow/.local/lib/python3.7/site-packages/airflow/example_dags/example_trigger_target_dag.py took 0.052 seconds
[2022-10-01T00:29:15.874+0000] {processor.py:153} INFO - Started process (PID=36982) to work on /home/airflow/.local/lib/python3.7/site-packages/airflow/example_dags/example_trigger_target_dag.py
[2022-10-01T00:29:15.876+0000] {processor.py:640} INFO - Processing file /home/airflow/.local/lib/python3.7/site-packages/airflow/example_dags/example_trigger_target_dag.py for tasks to queue
[2022-10-01T00:29:15.877+0000] {logging_mixin.py:115} INFO - [2022-10-01T00:29:15.877+0000] {dagbag.py:508} INFO - Filling up the DagBag from /home/airflow/.local/lib/python3.7/site-packages/airflow/example_dags/example_trigger_target_dag.py
[2022-10-01T00:29:15.888+0000] {processor.py:650} INFO - DAG(s) dict_keys(['example_trigger_target_dag']) retrieved from /home/airflow/.local/lib/python3.7/site-packages/airflow/example_dags/example_trigger_target_dag.py
[2022-10-01T00:29:15.906+0000] {logging_mixin.py:115} INFO - [2022-10-01T00:29:15.906+0000] {dag.py:2429} INFO - Sync 1 DAGs
[2022-10-01T00:29:15.920+0000] {logging_mixin.py:115} INFO - [2022-10-01T00:29:15.920+0000] {dag.py:2981} INFO - Setting next_dagrun for example_trigger_target_dag to None, run_after=None
[2022-10-01T00:29:15.928+0000] {processor.py:161} INFO - Processing /home/airflow/.local/lib/python3.7/site-packages/airflow/example_dags/example_trigger_target_dag.py took 0.056 seconds
[2022-10-01T00:29:46.646+0000] {processor.py:153} INFO - Started process (PID=37047) to work on /home/airflow/.local/lib/python3.7/site-packages/airflow/example_dags/example_trigger_target_dag.py
[2022-10-01T00:29:46.649+0000] {processor.py:640} INFO - Processing file /home/airflow/.local/lib/python3.7/site-packages/airflow/example_dags/example_trigger_target_dag.py for tasks to queue
[2022-10-01T00:29:46.654+0000] {logging_mixin.py:115} INFO - [2022-10-01T00:29:46.654+0000] {dagbag.py:508} INFO - Filling up the DagBag from /home/airflow/.local/lib/python3.7/site-packages/airflow/example_dags/example_trigger_target_dag.py
[2022-10-01T00:29:46.669+0000] {processor.py:650} INFO - DAG(s) dict_keys(['example_trigger_target_dag']) retrieved from /home/airflow/.local/lib/python3.7/site-packages/airflow/example_dags/example_trigger_target_dag.py
[2022-10-01T00:29:46.689+0000] {logging_mixin.py:115} INFO - [2022-10-01T00:29:46.689+0000] {dag.py:2429} INFO - Sync 1 DAGs
[2022-10-01T00:29:46.704+0000] {logging_mixin.py:115} INFO - [2022-10-01T00:29:46.704+0000] {dag.py:2981} INFO - Setting next_dagrun for example_trigger_target_dag to None, run_after=None
[2022-10-01T00:29:46.716+0000] {processor.py:161} INFO - Processing /home/airflow/.local/lib/python3.7/site-packages/airflow/example_dags/example_trigger_target_dag.py took 0.072 seconds
[2022-10-01T00:30:17.151+0000] {processor.py:153} INFO - Started process (PID=37104) to work on /home/airflow/.local/lib/python3.7/site-packages/airflow/example_dags/example_trigger_target_dag.py
[2022-10-01T00:30:17.153+0000] {processor.py:640} INFO - Processing file /home/airflow/.local/lib/python3.7/site-packages/airflow/example_dags/example_trigger_target_dag.py for tasks to queue
[2022-10-01T00:30:17.154+0000] {logging_mixin.py:115} INFO - [2022-10-01T00:30:17.154+0000] {dagbag.py:508} INFO - Filling up the DagBag from /home/airflow/.local/lib/python3.7/site-packages/airflow/example_dags/example_trigger_target_dag.py
[2022-10-01T00:30:17.164+0000] {processor.py:650} INFO - DAG(s) dict_keys(['example_trigger_target_dag']) retrieved from /home/airflow/.local/lib/python3.7/site-packages/airflow/example_dags/example_trigger_target_dag.py
[2022-10-01T00:30:17.183+0000] {logging_mixin.py:115} INFO - [2022-10-01T00:30:17.183+0000] {dag.py:2429} INFO - Sync 1 DAGs
[2022-10-01T00:30:17.196+0000] {logging_mixin.py:115} INFO - [2022-10-01T00:30:17.196+0000] {dag.py:2981} INFO - Setting next_dagrun for example_trigger_target_dag to None, run_after=None
[2022-10-01T00:30:17.204+0000] {processor.py:161} INFO - Processing /home/airflow/.local/lib/python3.7/site-packages/airflow/example_dags/example_trigger_target_dag.py took 0.055 seconds
[2022-10-01T00:30:47.421+0000] {processor.py:153} INFO - Started process (PID=37169) to work on /home/airflow/.local/lib/python3.7/site-packages/airflow/example_dags/example_trigger_target_dag.py
[2022-10-01T00:30:47.423+0000] {processor.py:640} INFO - Processing file /home/airflow/.local/lib/python3.7/site-packages/airflow/example_dags/example_trigger_target_dag.py for tasks to queue
[2022-10-01T00:30:47.425+0000] {logging_mixin.py:115} INFO - [2022-10-01T00:30:47.425+0000] {dagbag.py:508} INFO - Filling up the DagBag from /home/airflow/.local/lib/python3.7/site-packages/airflow/example_dags/example_trigger_target_dag.py
[2022-10-01T00:30:47.435+0000] {processor.py:650} INFO - DAG(s) dict_keys(['example_trigger_target_dag']) retrieved from /home/airflow/.local/lib/python3.7/site-packages/airflow/example_dags/example_trigger_target_dag.py
[2022-10-01T00:30:47.454+0000] {logging_mixin.py:115} INFO - [2022-10-01T00:30:47.454+0000] {dag.py:2429} INFO - Sync 1 DAGs
[2022-10-01T00:30:47.474+0000] {logging_mixin.py:115} INFO - [2022-10-01T00:30:47.474+0000] {dag.py:2981} INFO - Setting next_dagrun for example_trigger_target_dag to None, run_after=None
[2022-10-01T00:30:47.481+0000] {processor.py:161} INFO - Processing /home/airflow/.local/lib/python3.7/site-packages/airflow/example_dags/example_trigger_target_dag.py took 0.062 seconds
[2022-10-01T00:31:18.015+0000] {processor.py:153} INFO - Started process (PID=37236) to work on /home/airflow/.local/lib/python3.7/site-packages/airflow/example_dags/example_trigger_target_dag.py
[2022-10-01T00:31:18.017+0000] {processor.py:640} INFO - Processing file /home/airflow/.local/lib/python3.7/site-packages/airflow/example_dags/example_trigger_target_dag.py for tasks to queue
[2022-10-01T00:31:18.018+0000] {logging_mixin.py:115} INFO - [2022-10-01T00:31:18.018+0000] {dagbag.py:508} INFO - Filling up the DagBag from /home/airflow/.local/lib/python3.7/site-packages/airflow/example_dags/example_trigger_target_dag.py
[2022-10-01T00:31:18.028+0000] {processor.py:650} INFO - DAG(s) dict_keys(['example_trigger_target_dag']) retrieved from /home/airflow/.local/lib/python3.7/site-packages/airflow/example_dags/example_trigger_target_dag.py
[2022-10-01T00:31:18.059+0000] {logging_mixin.py:115} INFO - [2022-10-01T00:31:18.059+0000] {dag.py:2429} INFO - Sync 1 DAGs
[2022-10-01T00:31:18.073+0000] {logging_mixin.py:115} INFO - [2022-10-01T00:31:18.073+0000] {dag.py:2981} INFO - Setting next_dagrun for example_trigger_target_dag to None, run_after=None
[2022-10-01T00:31:18.083+0000] {processor.py:161} INFO - Processing /home/airflow/.local/lib/python3.7/site-packages/airflow/example_dags/example_trigger_target_dag.py took 0.071 seconds
[2022-10-01T00:31:48.617+0000] {processor.py:153} INFO - Started process (PID=37293) to work on /home/airflow/.local/lib/python3.7/site-packages/airflow/example_dags/example_trigger_target_dag.py
[2022-10-01T00:31:48.619+0000] {processor.py:640} INFO - Processing file /home/airflow/.local/lib/python3.7/site-packages/airflow/example_dags/example_trigger_target_dag.py for tasks to queue
[2022-10-01T00:31:48.620+0000] {logging_mixin.py:115} INFO - [2022-10-01T00:31:48.620+0000] {dagbag.py:508} INFO - Filling up the DagBag from /home/airflow/.local/lib/python3.7/site-packages/airflow/example_dags/example_trigger_target_dag.py
[2022-10-01T00:31:48.635+0000] {processor.py:650} INFO - DAG(s) dict_keys(['example_trigger_target_dag']) retrieved from /home/airflow/.local/lib/python3.7/site-packages/airflow/example_dags/example_trigger_target_dag.py
[2022-10-01T00:31:48.659+0000] {logging_mixin.py:115} INFO - [2022-10-01T00:31:48.659+0000] {dag.py:2429} INFO - Sync 1 DAGs
[2022-10-01T00:31:48.673+0000] {logging_mixin.py:115} INFO - [2022-10-01T00:31:48.673+0000] {dag.py:2981} INFO - Setting next_dagrun for example_trigger_target_dag to None, run_after=None
[2022-10-01T00:31:48.681+0000] {processor.py:161} INFO - Processing /home/airflow/.local/lib/python3.7/site-packages/airflow/example_dags/example_trigger_target_dag.py took 0.066 seconds
[2022-10-01T00:32:18.950+0000] {processor.py:153} INFO - Started process (PID=37358) to work on /home/airflow/.local/lib/python3.7/site-packages/airflow/example_dags/example_trigger_target_dag.py
[2022-10-01T00:32:18.951+0000] {processor.py:640} INFO - Processing file /home/airflow/.local/lib/python3.7/site-packages/airflow/example_dags/example_trigger_target_dag.py for tasks to queue
[2022-10-01T00:32:18.953+0000] {logging_mixin.py:115} INFO - [2022-10-01T00:32:18.953+0000] {dagbag.py:508} INFO - Filling up the DagBag from /home/airflow/.local/lib/python3.7/site-packages/airflow/example_dags/example_trigger_target_dag.py
[2022-10-01T00:32:18.964+0000] {processor.py:650} INFO - DAG(s) dict_keys(['example_trigger_target_dag']) retrieved from /home/airflow/.local/lib/python3.7/site-packages/airflow/example_dags/example_trigger_target_dag.py
[2022-10-01T00:32:18.983+0000] {logging_mixin.py:115} INFO - [2022-10-01T00:32:18.983+0000] {dag.py:2429} INFO - Sync 1 DAGs
[2022-10-01T00:32:19.001+0000] {logging_mixin.py:115} INFO - [2022-10-01T00:32:19.001+0000] {dag.py:2981} INFO - Setting next_dagrun for example_trigger_target_dag to None, run_after=None
[2022-10-01T00:32:19.008+0000] {processor.py:161} INFO - Processing /home/airflow/.local/lib/python3.7/site-packages/airflow/example_dags/example_trigger_target_dag.py took 0.061 seconds
[2022-10-01T00:32:49.296+0000] {processor.py:153} INFO - Started process (PID=37423) to work on /home/airflow/.local/lib/python3.7/site-packages/airflow/example_dags/example_trigger_target_dag.py
[2022-10-01T00:32:49.300+0000] {processor.py:640} INFO - Processing file /home/airflow/.local/lib/python3.7/site-packages/airflow/example_dags/example_trigger_target_dag.py for tasks to queue
[2022-10-01T00:32:49.302+0000] {logging_mixin.py:115} INFO - [2022-10-01T00:32:49.302+0000] {dagbag.py:508} INFO - Filling up the DagBag from /home/airflow/.local/lib/python3.7/site-packages/airflow/example_dags/example_trigger_target_dag.py
[2022-10-01T00:32:49.321+0000] {processor.py:650} INFO - DAG(s) dict_keys(['example_trigger_target_dag']) retrieved from /home/airflow/.local/lib/python3.7/site-packages/airflow/example_dags/example_trigger_target_dag.py
[2022-10-01T00:32:49.375+0000] {logging_mixin.py:115} INFO - [2022-10-01T00:32:49.375+0000] {dag.py:2429} INFO - Sync 1 DAGs
[2022-10-01T00:32:49.475+0000] {logging_mixin.py:115} INFO - [2022-10-01T00:32:49.474+0000] {dag.py:2981} INFO - Setting next_dagrun for example_trigger_target_dag to None, run_after=None
[2022-10-01T00:32:49.497+0000] {processor.py:161} INFO - Processing /home/airflow/.local/lib/python3.7/site-packages/airflow/example_dags/example_trigger_target_dag.py took 0.204 seconds
[2022-10-01T00:33:19.860+0000] {processor.py:153} INFO - Started process (PID=37480) to work on /home/airflow/.local/lib/python3.7/site-packages/airflow/example_dags/example_trigger_target_dag.py
[2022-10-01T00:33:19.871+0000] {processor.py:640} INFO - Processing file /home/airflow/.local/lib/python3.7/site-packages/airflow/example_dags/example_trigger_target_dag.py for tasks to queue
[2022-10-01T00:33:19.874+0000] {logging_mixin.py:115} INFO - [2022-10-01T00:33:19.874+0000] {dagbag.py:508} INFO - Filling up the DagBag from /home/airflow/.local/lib/python3.7/site-packages/airflow/example_dags/example_trigger_target_dag.py
[2022-10-01T00:33:19.895+0000] {processor.py:650} INFO - DAG(s) dict_keys(['example_trigger_target_dag']) retrieved from /home/airflow/.local/lib/python3.7/site-packages/airflow/example_dags/example_trigger_target_dag.py
[2022-10-01T00:33:19.923+0000] {logging_mixin.py:115} INFO - [2022-10-01T00:33:19.922+0000] {dag.py:2429} INFO - Sync 1 DAGs
[2022-10-01T00:33:19.941+0000] {logging_mixin.py:115} INFO - [2022-10-01T00:33:19.941+0000] {dag.py:2981} INFO - Setting next_dagrun for example_trigger_target_dag to None, run_after=None
[2022-10-01T00:33:19.964+0000] {processor.py:161} INFO - Processing /home/airflow/.local/lib/python3.7/site-packages/airflow/example_dags/example_trigger_target_dag.py took 0.107 seconds
[2022-10-01T00:33:50.219+0000] {processor.py:153} INFO - Started process (PID=37544) to work on /home/airflow/.local/lib/python3.7/site-packages/airflow/example_dags/example_trigger_target_dag.py
[2022-10-01T00:33:50.220+0000] {processor.py:640} INFO - Processing file /home/airflow/.local/lib/python3.7/site-packages/airflow/example_dags/example_trigger_target_dag.py for tasks to queue
[2022-10-01T00:33:50.221+0000] {logging_mixin.py:115} INFO - [2022-10-01T00:33:50.221+0000] {dagbag.py:508} INFO - Filling up the DagBag from /home/airflow/.local/lib/python3.7/site-packages/airflow/example_dags/example_trigger_target_dag.py
[2022-10-01T00:33:50.231+0000] {processor.py:650} INFO - DAG(s) dict_keys(['example_trigger_target_dag']) retrieved from /home/airflow/.local/lib/python3.7/site-packages/airflow/example_dags/example_trigger_target_dag.py
[2022-10-01T00:33:50.251+0000] {logging_mixin.py:115} INFO - [2022-10-01T00:33:50.251+0000] {dag.py:2429} INFO - Sync 1 DAGs
[2022-10-01T00:33:50.266+0000] {logging_mixin.py:115} INFO - [2022-10-01T00:33:50.266+0000] {dag.py:2981} INFO - Setting next_dagrun for example_trigger_target_dag to None, run_after=None
[2022-10-01T00:33:50.274+0000] {processor.py:161} INFO - Processing /home/airflow/.local/lib/python3.7/site-packages/airflow/example_dags/example_trigger_target_dag.py took 0.057 seconds
[2022-10-01T00:34:20.777+0000] {processor.py:153} INFO - Started process (PID=37602) to work on /home/airflow/.local/lib/python3.7/site-packages/airflow/example_dags/example_trigger_target_dag.py
[2022-10-01T00:34:20.779+0000] {processor.py:640} INFO - Processing file /home/airflow/.local/lib/python3.7/site-packages/airflow/example_dags/example_trigger_target_dag.py for tasks to queue
[2022-10-01T00:34:20.780+0000] {logging_mixin.py:115} INFO - [2022-10-01T00:34:20.780+0000] {dagbag.py:508} INFO - Filling up the DagBag from /home/airflow/.local/lib/python3.7/site-packages/airflow/example_dags/example_trigger_target_dag.py
[2022-10-01T00:34:20.790+0000] {processor.py:650} INFO - DAG(s) dict_keys(['example_trigger_target_dag']) retrieved from /home/airflow/.local/lib/python3.7/site-packages/airflow/example_dags/example_trigger_target_dag.py
[2022-10-01T00:34:20.810+0000] {logging_mixin.py:115} INFO - [2022-10-01T00:34:20.810+0000] {dag.py:2429} INFO - Sync 1 DAGs
[2022-10-01T00:34:20.824+0000] {logging_mixin.py:115} INFO - [2022-10-01T00:34:20.824+0000] {dag.py:2981} INFO - Setting next_dagrun for example_trigger_target_dag to None, run_after=None
[2022-10-01T00:34:20.832+0000] {processor.py:161} INFO - Processing /home/airflow/.local/lib/python3.7/site-packages/airflow/example_dags/example_trigger_target_dag.py took 0.058 seconds
[2022-10-01T00:34:51.539+0000] {processor.py:153} INFO - Started process (PID=37668) to work on /home/airflow/.local/lib/python3.7/site-packages/airflow/example_dags/example_trigger_target_dag.py
[2022-10-01T00:34:51.541+0000] {processor.py:640} INFO - Processing file /home/airflow/.local/lib/python3.7/site-packages/airflow/example_dags/example_trigger_target_dag.py for tasks to queue
[2022-10-01T00:34:51.542+0000] {logging_mixin.py:115} INFO - [2022-10-01T00:34:51.542+0000] {dagbag.py:508} INFO - Filling up the DagBag from /home/airflow/.local/lib/python3.7/site-packages/airflow/example_dags/example_trigger_target_dag.py
[2022-10-01T00:34:51.555+0000] {processor.py:650} INFO - DAG(s) dict_keys(['example_trigger_target_dag']) retrieved from /home/airflow/.local/lib/python3.7/site-packages/airflow/example_dags/example_trigger_target_dag.py
[2022-10-01T00:34:51.574+0000] {logging_mixin.py:115} INFO - [2022-10-01T00:34:51.574+0000] {dag.py:2429} INFO - Sync 1 DAGs
[2022-10-01T00:34:51.592+0000] {logging_mixin.py:115} INFO - [2022-10-01T00:34:51.592+0000] {dag.py:2981} INFO - Setting next_dagrun for example_trigger_target_dag to None, run_after=None
[2022-10-01T00:34:51.601+0000] {processor.py:161} INFO - Processing /home/airflow/.local/lib/python3.7/site-packages/airflow/example_dags/example_trigger_target_dag.py took 0.065 seconds
[2022-10-01T00:35:22.532+0000] {processor.py:153} INFO - Started process (PID=37735) to work on /home/airflow/.local/lib/python3.7/site-packages/airflow/example_dags/example_trigger_target_dag.py
[2022-10-01T00:35:22.536+0000] {processor.py:640} INFO - Processing file /home/airflow/.local/lib/python3.7/site-packages/airflow/example_dags/example_trigger_target_dag.py for tasks to queue
[2022-10-01T00:35:22.537+0000] {logging_mixin.py:115} INFO - [2022-10-01T00:35:22.537+0000] {dagbag.py:508} INFO - Filling up the DagBag from /home/airflow/.local/lib/python3.7/site-packages/airflow/example_dags/example_trigger_target_dag.py
[2022-10-01T00:35:22.553+0000] {processor.py:650} INFO - DAG(s) dict_keys(['example_trigger_target_dag']) retrieved from /home/airflow/.local/lib/python3.7/site-packages/airflow/example_dags/example_trigger_target_dag.py
[2022-10-01T00:35:22.598+0000] {logging_mixin.py:115} INFO - [2022-10-01T00:35:22.598+0000] {dag.py:2429} INFO - Sync 1 DAGs
[2022-10-01T00:35:22.633+0000] {logging_mixin.py:115} INFO - [2022-10-01T00:35:22.633+0000] {dag.py:2981} INFO - Setting next_dagrun for example_trigger_target_dag to None, run_after=None
[2022-10-01T00:35:22.649+0000] {processor.py:161} INFO - Processing /home/airflow/.local/lib/python3.7/site-packages/airflow/example_dags/example_trigger_target_dag.py took 0.120 seconds
[2022-10-01T00:35:53.529+0000] {processor.py:153} INFO - Started process (PID=37792) to work on /home/airflow/.local/lib/python3.7/site-packages/airflow/example_dags/example_trigger_target_dag.py
[2022-10-01T00:35:53.532+0000] {processor.py:640} INFO - Processing file /home/airflow/.local/lib/python3.7/site-packages/airflow/example_dags/example_trigger_target_dag.py for tasks to queue
[2022-10-01T00:35:53.533+0000] {logging_mixin.py:115} INFO - [2022-10-01T00:35:53.533+0000] {dagbag.py:508} INFO - Filling up the DagBag from /home/airflow/.local/lib/python3.7/site-packages/airflow/example_dags/example_trigger_target_dag.py
[2022-10-01T00:35:53.546+0000] {processor.py:650} INFO - DAG(s) dict_keys(['example_trigger_target_dag']) retrieved from /home/airflow/.local/lib/python3.7/site-packages/airflow/example_dags/example_trigger_target_dag.py
[2022-10-01T00:35:53.569+0000] {logging_mixin.py:115} INFO - [2022-10-01T00:35:53.569+0000] {dag.py:2429} INFO - Sync 1 DAGs
[2022-10-01T00:35:53.587+0000] {logging_mixin.py:115} INFO - [2022-10-01T00:35:53.587+0000] {dag.py:2981} INFO - Setting next_dagrun for example_trigger_target_dag to None, run_after=None
[2022-10-01T00:35:53.597+0000] {processor.py:161} INFO - Processing /home/airflow/.local/lib/python3.7/site-packages/airflow/example_dags/example_trigger_target_dag.py took 0.072 seconds
