[2022-10-01T00:00:23.289+0000] {processor.py:153} INFO - Started process (PID=33928) to work on /home/airflow/.local/lib/python3.7/site-packages/airflow/example_dags/example_branch_operator.py
[2022-10-01T00:00:23.291+0000] {processor.py:640} INFO - Processing file /home/airflow/.local/lib/python3.7/site-packages/airflow/example_dags/example_branch_operator.py for tasks to queue
[2022-10-01T00:00:23.292+0000] {logging_mixin.py:115} INFO - [2022-10-01T00:00:23.292+0000] {dagbag.py:508} INFO - Filling up the DagBag from /home/airflow/.local/lib/python3.7/site-packages/airflow/example_dags/example_branch_operator.py
[2022-10-01T00:00:23.300+0000] {processor.py:650} INFO - DAG(s) dict_keys(['example_branch_operator']) retrieved from /home/airflow/.local/lib/python3.7/site-packages/airflow/example_dags/example_branch_operator.py
[2022-10-01T00:00:23.318+0000] {logging_mixin.py:115} INFO - [2022-10-01T00:00:23.318+0000] {dag.py:2429} INFO - Sync 1 DAGs
[2022-10-01T00:00:23.332+0000] {logging_mixin.py:115} INFO - [2022-10-01T00:00:23.332+0000] {dag.py:2981} INFO - Setting next_dagrun for example_branch_operator to 2022-09-30T00:00:00+00:00, run_after=2022-10-01T00:00:00+00:00
[2022-10-01T00:00:23.340+0000] {processor.py:161} INFO - Processing /home/airflow/.local/lib/python3.7/site-packages/airflow/example_dags/example_branch_operator.py took 0.053 seconds
[2022-10-01T00:00:53.810+0000] {processor.py:153} INFO - Started process (PID=33995) to work on /home/airflow/.local/lib/python3.7/site-packages/airflow/example_dags/example_branch_operator.py
[2022-10-01T00:00:53.812+0000] {processor.py:640} INFO - Processing file /home/airflow/.local/lib/python3.7/site-packages/airflow/example_dags/example_branch_operator.py for tasks to queue
[2022-10-01T00:00:53.813+0000] {logging_mixin.py:115} INFO - [2022-10-01T00:00:53.813+0000] {dagbag.py:508} INFO - Filling up the DagBag from /home/airflow/.local/lib/python3.7/site-packages/airflow/example_dags/example_branch_operator.py
[2022-10-01T00:00:53.821+0000] {processor.py:650} INFO - DAG(s) dict_keys(['example_branch_operator']) retrieved from /home/airflow/.local/lib/python3.7/site-packages/airflow/example_dags/example_branch_operator.py
[2022-10-01T00:00:53.839+0000] {logging_mixin.py:115} INFO - [2022-10-01T00:00:53.839+0000] {dag.py:2429} INFO - Sync 1 DAGs
[2022-10-01T00:00:53.852+0000] {logging_mixin.py:115} INFO - [2022-10-01T00:00:53.852+0000] {dag.py:2981} INFO - Setting next_dagrun for example_branch_operator to 2022-09-30T00:00:00+00:00, run_after=2022-10-01T00:00:00+00:00
[2022-10-01T00:00:53.861+0000] {processor.py:161} INFO - Processing /home/airflow/.local/lib/python3.7/site-packages/airflow/example_dags/example_branch_operator.py took 0.053 seconds
[2022-10-01T00:01:24.422+0000] {processor.py:153} INFO - Started process (PID=34061) to work on /home/airflow/.local/lib/python3.7/site-packages/airflow/example_dags/example_branch_operator.py
[2022-10-01T00:01:24.424+0000] {processor.py:640} INFO - Processing file /home/airflow/.local/lib/python3.7/site-packages/airflow/example_dags/example_branch_operator.py for tasks to queue
[2022-10-01T00:01:24.425+0000] {logging_mixin.py:115} INFO - [2022-10-01T00:01:24.425+0000] {dagbag.py:508} INFO - Filling up the DagBag from /home/airflow/.local/lib/python3.7/site-packages/airflow/example_dags/example_branch_operator.py
[2022-10-01T00:01:24.433+0000] {processor.py:650} INFO - DAG(s) dict_keys(['example_branch_operator']) retrieved from /home/airflow/.local/lib/python3.7/site-packages/airflow/example_dags/example_branch_operator.py
[2022-10-01T00:01:24.449+0000] {logging_mixin.py:115} INFO - [2022-10-01T00:01:24.449+0000] {dag.py:2429} INFO - Sync 1 DAGs
[2022-10-01T00:01:24.463+0000] {logging_mixin.py:115} INFO - [2022-10-01T00:01:24.463+0000] {dag.py:2981} INFO - Setting next_dagrun for example_branch_operator to 2022-09-30T00:00:00+00:00, run_after=2022-10-01T00:00:00+00:00
[2022-10-01T00:01:24.472+0000] {processor.py:161} INFO - Processing /home/airflow/.local/lib/python3.7/site-packages/airflow/example_dags/example_branch_operator.py took 0.052 seconds
[2022-10-01T00:01:54.899+0000] {processor.py:153} INFO - Started process (PID=34125) to work on /home/airflow/.local/lib/python3.7/site-packages/airflow/example_dags/example_branch_operator.py
[2022-10-01T00:01:54.901+0000] {processor.py:640} INFO - Processing file /home/airflow/.local/lib/python3.7/site-packages/airflow/example_dags/example_branch_operator.py for tasks to queue
[2022-10-01T00:01:54.902+0000] {logging_mixin.py:115} INFO - [2022-10-01T00:01:54.902+0000] {dagbag.py:508} INFO - Filling up the DagBag from /home/airflow/.local/lib/python3.7/site-packages/airflow/example_dags/example_branch_operator.py
[2022-10-01T00:01:54.912+0000] {processor.py:650} INFO - DAG(s) dict_keys(['example_branch_operator']) retrieved from /home/airflow/.local/lib/python3.7/site-packages/airflow/example_dags/example_branch_operator.py
[2022-10-01T00:01:54.935+0000] {logging_mixin.py:115} INFO - [2022-10-01T00:01:54.935+0000] {dag.py:2429} INFO - Sync 1 DAGs
[2022-10-01T00:01:54.963+0000] {logging_mixin.py:115} INFO - [2022-10-01T00:01:54.963+0000] {dag.py:2981} INFO - Setting next_dagrun for example_branch_operator to 2022-09-30T00:00:00+00:00, run_after=2022-10-01T00:00:00+00:00
[2022-10-01T00:01:54.971+0000] {processor.py:161} INFO - Processing /home/airflow/.local/lib/python3.7/site-packages/airflow/example_dags/example_branch_operator.py took 0.076 seconds
[2022-10-01T00:02:25.217+0000] {processor.py:153} INFO - Started process (PID=34184) to work on /home/airflow/.local/lib/python3.7/site-packages/airflow/example_dags/example_branch_operator.py
[2022-10-01T00:02:25.235+0000] {processor.py:640} INFO - Processing file /home/airflow/.local/lib/python3.7/site-packages/airflow/example_dags/example_branch_operator.py for tasks to queue
[2022-10-01T00:02:25.236+0000] {logging_mixin.py:115} INFO - [2022-10-01T00:02:25.236+0000] {dagbag.py:508} INFO - Filling up the DagBag from /home/airflow/.local/lib/python3.7/site-packages/airflow/example_dags/example_branch_operator.py
[2022-10-01T00:02:25.261+0000] {processor.py:650} INFO - DAG(s) dict_keys(['example_branch_operator']) retrieved from /home/airflow/.local/lib/python3.7/site-packages/airflow/example_dags/example_branch_operator.py
[2022-10-01T00:02:25.290+0000] {logging_mixin.py:115} INFO - [2022-10-01T00:02:25.290+0000] {dag.py:2429} INFO - Sync 1 DAGs
[2022-10-01T00:02:25.304+0000] {logging_mixin.py:115} INFO - [2022-10-01T00:02:25.304+0000] {dag.py:2981} INFO - Setting next_dagrun for example_branch_operator to 2022-09-30T00:00:00+00:00, run_after=2022-10-01T00:00:00+00:00
[2022-10-01T00:02:25.313+0000] {processor.py:161} INFO - Processing /home/airflow/.local/lib/python3.7/site-packages/airflow/example_dags/example_branch_operator.py took 0.098 seconds
[2022-10-01T00:02:55.719+0000] {processor.py:153} INFO - Started process (PID=34250) to work on /home/airflow/.local/lib/python3.7/site-packages/airflow/example_dags/example_branch_operator.py
[2022-10-01T00:02:55.720+0000] {processor.py:640} INFO - Processing file /home/airflow/.local/lib/python3.7/site-packages/airflow/example_dags/example_branch_operator.py for tasks to queue
[2022-10-01T00:02:55.722+0000] {logging_mixin.py:115} INFO - [2022-10-01T00:02:55.722+0000] {dagbag.py:508} INFO - Filling up the DagBag from /home/airflow/.local/lib/python3.7/site-packages/airflow/example_dags/example_branch_operator.py
[2022-10-01T00:02:55.731+0000] {processor.py:650} INFO - DAG(s) dict_keys(['example_branch_operator']) retrieved from /home/airflow/.local/lib/python3.7/site-packages/airflow/example_dags/example_branch_operator.py
[2022-10-01T00:02:55.754+0000] {logging_mixin.py:115} INFO - [2022-10-01T00:02:55.754+0000] {dag.py:2429} INFO - Sync 1 DAGs
[2022-10-01T00:02:55.769+0000] {logging_mixin.py:115} INFO - [2022-10-01T00:02:55.769+0000] {dag.py:2981} INFO - Setting next_dagrun for example_branch_operator to 2022-09-30T00:00:00+00:00, run_after=2022-10-01T00:00:00+00:00
[2022-10-01T00:02:55.778+0000] {processor.py:161} INFO - Processing /home/airflow/.local/lib/python3.7/site-packages/airflow/example_dags/example_branch_operator.py took 0.061 seconds
[2022-10-01T00:03:25.944+0000] {processor.py:153} INFO - Started process (PID=34317) to work on /home/airflow/.local/lib/python3.7/site-packages/airflow/example_dags/example_branch_operator.py
[2022-10-01T00:03:25.946+0000] {processor.py:640} INFO - Processing file /home/airflow/.local/lib/python3.7/site-packages/airflow/example_dags/example_branch_operator.py for tasks to queue
[2022-10-01T00:03:25.948+0000] {logging_mixin.py:115} INFO - [2022-10-01T00:03:25.947+0000] {dagbag.py:508} INFO - Filling up the DagBag from /home/airflow/.local/lib/python3.7/site-packages/airflow/example_dags/example_branch_operator.py
[2022-10-01T00:03:25.955+0000] {processor.py:650} INFO - DAG(s) dict_keys(['example_branch_operator']) retrieved from /home/airflow/.local/lib/python3.7/site-packages/airflow/example_dags/example_branch_operator.py
[2022-10-01T00:03:25.975+0000] {logging_mixin.py:115} INFO - [2022-10-01T00:03:25.975+0000] {dag.py:2429} INFO - Sync 1 DAGs
[2022-10-01T00:03:25.994+0000] {logging_mixin.py:115} INFO - [2022-10-01T00:03:25.993+0000] {dag.py:2981} INFO - Setting next_dagrun for example_branch_operator to 2022-09-30T00:00:00+00:00, run_after=2022-10-01T00:00:00+00:00
[2022-10-01T00:03:26.002+0000] {processor.py:161} INFO - Processing /home/airflow/.local/lib/python3.7/site-packages/airflow/example_dags/example_branch_operator.py took 0.060 seconds
[2022-10-01T00:03:56.321+0000] {processor.py:153} INFO - Started process (PID=34374) to work on /home/airflow/.local/lib/python3.7/site-packages/airflow/example_dags/example_branch_operator.py
[2022-10-01T00:03:56.327+0000] {processor.py:640} INFO - Processing file /home/airflow/.local/lib/python3.7/site-packages/airflow/example_dags/example_branch_operator.py for tasks to queue
[2022-10-01T00:03:56.328+0000] {logging_mixin.py:115} INFO - [2022-10-01T00:03:56.328+0000] {dagbag.py:508} INFO - Filling up the DagBag from /home/airflow/.local/lib/python3.7/site-packages/airflow/example_dags/example_branch_operator.py
[2022-10-01T00:03:56.337+0000] {processor.py:650} INFO - DAG(s) dict_keys(['example_branch_operator']) retrieved from /home/airflow/.local/lib/python3.7/site-packages/airflow/example_dags/example_branch_operator.py
[2022-10-01T00:03:56.362+0000] {logging_mixin.py:115} INFO - [2022-10-01T00:03:56.362+0000] {dag.py:2429} INFO - Sync 1 DAGs
[2022-10-01T00:03:56.378+0000] {logging_mixin.py:115} INFO - [2022-10-01T00:03:56.378+0000] {dag.py:2981} INFO - Setting next_dagrun for example_branch_operator to 2022-09-30T00:00:00+00:00, run_after=2022-10-01T00:00:00+00:00
[2022-10-01T00:03:56.391+0000] {processor.py:161} INFO - Processing /home/airflow/.local/lib/python3.7/site-packages/airflow/example_dags/example_branch_operator.py took 0.073 seconds
[2022-10-01T00:04:26.749+0000] {processor.py:153} INFO - Started process (PID=34440) to work on /home/airflow/.local/lib/python3.7/site-packages/airflow/example_dags/example_branch_operator.py
[2022-10-01T00:04:26.751+0000] {processor.py:640} INFO - Processing file /home/airflow/.local/lib/python3.7/site-packages/airflow/example_dags/example_branch_operator.py for tasks to queue
[2022-10-01T00:04:26.752+0000] {logging_mixin.py:115} INFO - [2022-10-01T00:04:26.752+0000] {dagbag.py:508} INFO - Filling up the DagBag from /home/airflow/.local/lib/python3.7/site-packages/airflow/example_dags/example_branch_operator.py
[2022-10-01T00:04:26.759+0000] {processor.py:650} INFO - DAG(s) dict_keys(['example_branch_operator']) retrieved from /home/airflow/.local/lib/python3.7/site-packages/airflow/example_dags/example_branch_operator.py
[2022-10-01T00:04:26.777+0000] {logging_mixin.py:115} INFO - [2022-10-01T00:04:26.777+0000] {dag.py:2429} INFO - Sync 1 DAGs
[2022-10-01T00:04:26.792+0000] {logging_mixin.py:115} INFO - [2022-10-01T00:04:26.792+0000] {dag.py:2981} INFO - Setting next_dagrun for example_branch_operator to 2022-09-30T00:00:00+00:00, run_after=2022-10-01T00:00:00+00:00
[2022-10-01T00:04:26.800+0000] {processor.py:161} INFO - Processing /home/airflow/.local/lib/python3.7/site-packages/airflow/example_dags/example_branch_operator.py took 0.053 seconds
[2022-10-01T00:04:57.203+0000] {processor.py:153} INFO - Started process (PID=34506) to work on /home/airflow/.local/lib/python3.7/site-packages/airflow/example_dags/example_branch_operator.py
[2022-10-01T00:04:57.204+0000] {processor.py:640} INFO - Processing file /home/airflow/.local/lib/python3.7/site-packages/airflow/example_dags/example_branch_operator.py for tasks to queue
[2022-10-01T00:04:57.206+0000] {logging_mixin.py:115} INFO - [2022-10-01T00:04:57.206+0000] {dagbag.py:508} INFO - Filling up the DagBag from /home/airflow/.local/lib/python3.7/site-packages/airflow/example_dags/example_branch_operator.py
[2022-10-01T00:04:57.213+0000] {processor.py:650} INFO - DAG(s) dict_keys(['example_branch_operator']) retrieved from /home/airflow/.local/lib/python3.7/site-packages/airflow/example_dags/example_branch_operator.py
[2022-10-01T00:04:57.233+0000] {logging_mixin.py:115} INFO - [2022-10-01T00:04:57.233+0000] {dag.py:2429} INFO - Sync 1 DAGs
[2022-10-01T00:04:57.249+0000] {logging_mixin.py:115} INFO - [2022-10-01T00:04:57.249+0000] {dag.py:2981} INFO - Setting next_dagrun for example_branch_operator to 2022-09-30T00:00:00+00:00, run_after=2022-10-01T00:00:00+00:00
[2022-10-01T00:04:57.259+0000] {processor.py:161} INFO - Processing /home/airflow/.local/lib/python3.7/site-packages/airflow/example_dags/example_branch_operator.py took 0.059 seconds
[2022-10-01T00:05:27.577+0000] {processor.py:153} INFO - Started process (PID=34573) to work on /home/airflow/.local/lib/python3.7/site-packages/airflow/example_dags/example_branch_operator.py
[2022-10-01T00:05:27.578+0000] {processor.py:640} INFO - Processing file /home/airflow/.local/lib/python3.7/site-packages/airflow/example_dags/example_branch_operator.py for tasks to queue
[2022-10-01T00:05:27.579+0000] {logging_mixin.py:115} INFO - [2022-10-01T00:05:27.579+0000] {dagbag.py:508} INFO - Filling up the DagBag from /home/airflow/.local/lib/python3.7/site-packages/airflow/example_dags/example_branch_operator.py
[2022-10-01T00:05:27.586+0000] {processor.py:650} INFO - DAG(s) dict_keys(['example_branch_operator']) retrieved from /home/airflow/.local/lib/python3.7/site-packages/airflow/example_dags/example_branch_operator.py
[2022-10-01T00:05:27.604+0000] {logging_mixin.py:115} INFO - [2022-10-01T00:05:27.604+0000] {dag.py:2429} INFO - Sync 1 DAGs
[2022-10-01T00:05:27.619+0000] {logging_mixin.py:115} INFO - [2022-10-01T00:05:27.619+0000] {dag.py:2981} INFO - Setting next_dagrun for example_branch_operator to 2022-09-30T00:00:00+00:00, run_after=2022-10-01T00:00:00+00:00
[2022-10-01T00:05:27.627+0000] {processor.py:161} INFO - Processing /home/airflow/.local/lib/python3.7/site-packages/airflow/example_dags/example_branch_operator.py took 0.053 seconds
[2022-10-01T00:05:57.931+0000] {processor.py:153} INFO - Started process (PID=34630) to work on /home/airflow/.local/lib/python3.7/site-packages/airflow/example_dags/example_branch_operator.py
[2022-10-01T00:05:57.932+0000] {processor.py:640} INFO - Processing file /home/airflow/.local/lib/python3.7/site-packages/airflow/example_dags/example_branch_operator.py for tasks to queue
[2022-10-01T00:05:57.934+0000] {logging_mixin.py:115} INFO - [2022-10-01T00:05:57.933+0000] {dagbag.py:508} INFO - Filling up the DagBag from /home/airflow/.local/lib/python3.7/site-packages/airflow/example_dags/example_branch_operator.py
[2022-10-01T00:05:57.941+0000] {processor.py:650} INFO - DAG(s) dict_keys(['example_branch_operator']) retrieved from /home/airflow/.local/lib/python3.7/site-packages/airflow/example_dags/example_branch_operator.py
[2022-10-01T00:05:57.964+0000] {logging_mixin.py:115} INFO - [2022-10-01T00:05:57.964+0000] {dag.py:2429} INFO - Sync 1 DAGs
[2022-10-01T00:05:57.978+0000] {logging_mixin.py:115} INFO - [2022-10-01T00:05:57.977+0000] {dag.py:2981} INFO - Setting next_dagrun for example_branch_operator to 2022-09-30T00:00:00+00:00, run_after=2022-10-01T00:00:00+00:00
[2022-10-01T00:05:57.985+0000] {processor.py:161} INFO - Processing /home/airflow/.local/lib/python3.7/site-packages/airflow/example_dags/example_branch_operator.py took 0.057 seconds
[2022-10-01T00:06:28.368+0000] {processor.py:153} INFO - Started process (PID=34697) to work on /home/airflow/.local/lib/python3.7/site-packages/airflow/example_dags/example_branch_operator.py
[2022-10-01T00:06:28.370+0000] {processor.py:640} INFO - Processing file /home/airflow/.local/lib/python3.7/site-packages/airflow/example_dags/example_branch_operator.py for tasks to queue
[2022-10-01T00:06:28.371+0000] {logging_mixin.py:115} INFO - [2022-10-01T00:06:28.371+0000] {dagbag.py:508} INFO - Filling up the DagBag from /home/airflow/.local/lib/python3.7/site-packages/airflow/example_dags/example_branch_operator.py
[2022-10-01T00:06:28.379+0000] {processor.py:650} INFO - DAG(s) dict_keys(['example_branch_operator']) retrieved from /home/airflow/.local/lib/python3.7/site-packages/airflow/example_dags/example_branch_operator.py
[2022-10-01T00:06:28.398+0000] {logging_mixin.py:115} INFO - [2022-10-01T00:06:28.398+0000] {dag.py:2429} INFO - Sync 1 DAGs
[2022-10-01T00:06:28.413+0000] {logging_mixin.py:115} INFO - [2022-10-01T00:06:28.413+0000] {dag.py:2981} INFO - Setting next_dagrun for example_branch_operator to 2022-09-30T00:00:00+00:00, run_after=2022-10-01T00:00:00+00:00
[2022-10-01T00:06:28.423+0000] {processor.py:161} INFO - Processing /home/airflow/.local/lib/python3.7/site-packages/airflow/example_dags/example_branch_operator.py took 0.057 seconds
[2022-10-01T00:06:58.702+0000] {processor.py:153} INFO - Started process (PID=34763) to work on /home/airflow/.local/lib/python3.7/site-packages/airflow/example_dags/example_branch_operator.py
[2022-10-01T00:06:58.704+0000] {processor.py:640} INFO - Processing file /home/airflow/.local/lib/python3.7/site-packages/airflow/example_dags/example_branch_operator.py for tasks to queue
[2022-10-01T00:06:58.705+0000] {logging_mixin.py:115} INFO - [2022-10-01T00:06:58.705+0000] {dagbag.py:508} INFO - Filling up the DagBag from /home/airflow/.local/lib/python3.7/site-packages/airflow/example_dags/example_branch_operator.py
[2022-10-01T00:06:58.713+0000] {processor.py:650} INFO - DAG(s) dict_keys(['example_branch_operator']) retrieved from /home/airflow/.local/lib/python3.7/site-packages/airflow/example_dags/example_branch_operator.py
[2022-10-01T00:06:58.730+0000] {logging_mixin.py:115} INFO - [2022-10-01T00:06:58.730+0000] {dag.py:2429} INFO - Sync 1 DAGs
[2022-10-01T00:06:58.745+0000] {logging_mixin.py:115} INFO - [2022-10-01T00:06:58.744+0000] {dag.py:2981} INFO - Setting next_dagrun for example_branch_operator to 2022-09-30T00:00:00+00:00, run_after=2022-10-01T00:00:00+00:00
[2022-10-01T00:06:58.753+0000] {processor.py:161} INFO - Processing /home/airflow/.local/lib/python3.7/site-packages/airflow/example_dags/example_branch_operator.py took 0.053 seconds
[2022-10-01T00:07:29.238+0000] {processor.py:153} INFO - Started process (PID=34829) to work on /home/airflow/.local/lib/python3.7/site-packages/airflow/example_dags/example_branch_operator.py
[2022-10-01T00:07:29.272+0000] {processor.py:640} INFO - Processing file /home/airflow/.local/lib/python3.7/site-packages/airflow/example_dags/example_branch_operator.py for tasks to queue
[2022-10-01T00:07:29.273+0000] {logging_mixin.py:115} INFO - [2022-10-01T00:07:29.273+0000] {dagbag.py:508} INFO - Filling up the DagBag from /home/airflow/.local/lib/python3.7/site-packages/airflow/example_dags/example_branch_operator.py
[2022-10-01T00:07:29.283+0000] {processor.py:650} INFO - DAG(s) dict_keys(['example_branch_operator']) retrieved from /home/airflow/.local/lib/python3.7/site-packages/airflow/example_dags/example_branch_operator.py
[2022-10-01T00:07:29.302+0000] {logging_mixin.py:115} INFO - [2022-10-01T00:07:29.301+0000] {dag.py:2429} INFO - Sync 1 DAGs
[2022-10-01T00:07:29.318+0000] {logging_mixin.py:115} INFO - [2022-10-01T00:07:29.318+0000] {dag.py:2981} INFO - Setting next_dagrun for example_branch_operator to 2022-09-30T00:00:00+00:00, run_after=2022-10-01T00:00:00+00:00
[2022-10-01T00:07:29.324+0000] {processor.py:161} INFO - Processing /home/airflow/.local/lib/python3.7/site-packages/airflow/example_dags/example_branch_operator.py took 0.089 seconds
[2022-10-01T00:07:59.470+0000] {processor.py:153} INFO - Started process (PID=34886) to work on /home/airflow/.local/lib/python3.7/site-packages/airflow/example_dags/example_branch_operator.py
[2022-10-01T00:07:59.472+0000] {processor.py:640} INFO - Processing file /home/airflow/.local/lib/python3.7/site-packages/airflow/example_dags/example_branch_operator.py for tasks to queue
[2022-10-01T00:07:59.473+0000] {logging_mixin.py:115} INFO - [2022-10-01T00:07:59.473+0000] {dagbag.py:508} INFO - Filling up the DagBag from /home/airflow/.local/lib/python3.7/site-packages/airflow/example_dags/example_branch_operator.py
[2022-10-01T00:07:59.481+0000] {processor.py:650} INFO - DAG(s) dict_keys(['example_branch_operator']) retrieved from /home/airflow/.local/lib/python3.7/site-packages/airflow/example_dags/example_branch_operator.py
[2022-10-01T00:07:59.499+0000] {logging_mixin.py:115} INFO - [2022-10-01T00:07:59.499+0000] {dag.py:2429} INFO - Sync 1 DAGs
[2022-10-01T00:07:59.514+0000] {logging_mixin.py:115} INFO - [2022-10-01T00:07:59.514+0000] {dag.py:2981} INFO - Setting next_dagrun for example_branch_operator to 2022-09-30T00:00:00+00:00, run_after=2022-10-01T00:00:00+00:00
[2022-10-01T00:07:59.524+0000] {processor.py:161} INFO - Processing /home/airflow/.local/lib/python3.7/site-packages/airflow/example_dags/example_branch_operator.py took 0.056 seconds
[2022-10-01T00:08:30.017+0000] {processor.py:153} INFO - Started process (PID=34952) to work on /home/airflow/.local/lib/python3.7/site-packages/airflow/example_dags/example_branch_operator.py
[2022-10-01T00:08:30.019+0000] {processor.py:640} INFO - Processing file /home/airflow/.local/lib/python3.7/site-packages/airflow/example_dags/example_branch_operator.py for tasks to queue
[2022-10-01T00:08:30.020+0000] {logging_mixin.py:115} INFO - [2022-10-01T00:08:30.020+0000] {dagbag.py:508} INFO - Filling up the DagBag from /home/airflow/.local/lib/python3.7/site-packages/airflow/example_dags/example_branch_operator.py
[2022-10-01T00:08:30.029+0000] {processor.py:650} INFO - DAG(s) dict_keys(['example_branch_operator']) retrieved from /home/airflow/.local/lib/python3.7/site-packages/airflow/example_dags/example_branch_operator.py
[2022-10-01T00:08:30.049+0000] {logging_mixin.py:115} INFO - [2022-10-01T00:08:30.049+0000] {dag.py:2429} INFO - Sync 1 DAGs
[2022-10-01T00:08:30.064+0000] {logging_mixin.py:115} INFO - [2022-10-01T00:08:30.064+0000] {dag.py:2981} INFO - Setting next_dagrun for example_branch_operator to 2022-09-30T00:00:00+00:00, run_after=2022-10-01T00:00:00+00:00
[2022-10-01T00:08:30.076+0000] {processor.py:161} INFO - Processing /home/airflow/.local/lib/python3.7/site-packages/airflow/example_dags/example_branch_operator.py took 0.062 seconds
[2022-10-01T00:09:00.578+0000] {processor.py:153} INFO - Started process (PID=35018) to work on /home/airflow/.local/lib/python3.7/site-packages/airflow/example_dags/example_branch_operator.py
[2022-10-01T00:09:00.580+0000] {processor.py:640} INFO - Processing file /home/airflow/.local/lib/python3.7/site-packages/airflow/example_dags/example_branch_operator.py for tasks to queue
[2022-10-01T00:09:00.582+0000] {logging_mixin.py:115} INFO - [2022-10-01T00:09:00.582+0000] {dagbag.py:508} INFO - Filling up the DagBag from /home/airflow/.local/lib/python3.7/site-packages/airflow/example_dags/example_branch_operator.py
[2022-10-01T00:09:00.592+0000] {processor.py:650} INFO - DAG(s) dict_keys(['example_branch_operator']) retrieved from /home/airflow/.local/lib/python3.7/site-packages/airflow/example_dags/example_branch_operator.py
[2022-10-01T00:09:00.610+0000] {logging_mixin.py:115} INFO - [2022-10-01T00:09:00.610+0000] {dag.py:2429} INFO - Sync 1 DAGs
[2022-10-01T00:09:00.625+0000] {logging_mixin.py:115} INFO - [2022-10-01T00:09:00.625+0000] {dag.py:2981} INFO - Setting next_dagrun for example_branch_operator to 2022-09-30T00:00:00+00:00, run_after=2022-10-01T00:00:00+00:00
[2022-10-01T00:09:00.633+0000] {processor.py:161} INFO - Processing /home/airflow/.local/lib/python3.7/site-packages/airflow/example_dags/example_branch_operator.py took 0.057 seconds
[2022-10-01T00:09:31.240+0000] {processor.py:153} INFO - Started process (PID=35083) to work on /home/airflow/.local/lib/python3.7/site-packages/airflow/example_dags/example_branch_operator.py
[2022-10-01T00:09:31.241+0000] {processor.py:640} INFO - Processing file /home/airflow/.local/lib/python3.7/site-packages/airflow/example_dags/example_branch_operator.py for tasks to queue
[2022-10-01T00:09:31.243+0000] {logging_mixin.py:115} INFO - [2022-10-01T00:09:31.242+0000] {dagbag.py:508} INFO - Filling up the DagBag from /home/airflow/.local/lib/python3.7/site-packages/airflow/example_dags/example_branch_operator.py
[2022-10-01T00:09:31.251+0000] {processor.py:650} INFO - DAG(s) dict_keys(['example_branch_operator']) retrieved from /home/airflow/.local/lib/python3.7/site-packages/airflow/example_dags/example_branch_operator.py
[2022-10-01T00:09:31.272+0000] {logging_mixin.py:115} INFO - [2022-10-01T00:09:31.272+0000] {dag.py:2429} INFO - Sync 1 DAGs
[2022-10-01T00:09:31.286+0000] {logging_mixin.py:115} INFO - [2022-10-01T00:09:31.286+0000] {dag.py:2981} INFO - Setting next_dagrun for example_branch_operator to 2022-09-30T00:00:00+00:00, run_after=2022-10-01T00:00:00+00:00
[2022-10-01T00:09:31.297+0000] {processor.py:161} INFO - Processing /home/airflow/.local/lib/python3.7/site-packages/airflow/example_dags/example_branch_operator.py took 0.060 seconds
[2022-10-01T00:10:01.572+0000] {processor.py:153} INFO - Started process (PID=35139) to work on /home/airflow/.local/lib/python3.7/site-packages/airflow/example_dags/example_branch_operator.py
[2022-10-01T00:10:01.574+0000] {processor.py:640} INFO - Processing file /home/airflow/.local/lib/python3.7/site-packages/airflow/example_dags/example_branch_operator.py for tasks to queue
[2022-10-01T00:10:01.575+0000] {logging_mixin.py:115} INFO - [2022-10-01T00:10:01.575+0000] {dagbag.py:508} INFO - Filling up the DagBag from /home/airflow/.local/lib/python3.7/site-packages/airflow/example_dags/example_branch_operator.py
[2022-10-01T00:10:01.583+0000] {processor.py:650} INFO - DAG(s) dict_keys(['example_branch_operator']) retrieved from /home/airflow/.local/lib/python3.7/site-packages/airflow/example_dags/example_branch_operator.py
[2022-10-01T00:10:01.604+0000] {logging_mixin.py:115} INFO - [2022-10-01T00:10:01.604+0000] {dag.py:2429} INFO - Sync 1 DAGs
[2022-10-01T00:10:01.618+0000] {logging_mixin.py:115} INFO - [2022-10-01T00:10:01.618+0000] {dag.py:2981} INFO - Setting next_dagrun for example_branch_operator to 2022-09-30T00:00:00+00:00, run_after=2022-10-01T00:00:00+00:00
[2022-10-01T00:10:01.625+0000] {processor.py:161} INFO - Processing /home/airflow/.local/lib/python3.7/site-packages/airflow/example_dags/example_branch_operator.py took 0.056 seconds
[2022-10-01T00:10:32.029+0000] {processor.py:153} INFO - Started process (PID=35206) to work on /home/airflow/.local/lib/python3.7/site-packages/airflow/example_dags/example_branch_operator.py
[2022-10-01T00:10:32.031+0000] {processor.py:640} INFO - Processing file /home/airflow/.local/lib/python3.7/site-packages/airflow/example_dags/example_branch_operator.py for tasks to queue
[2022-10-01T00:10:32.032+0000] {logging_mixin.py:115} INFO - [2022-10-01T00:10:32.032+0000] {dagbag.py:508} INFO - Filling up the DagBag from /home/airflow/.local/lib/python3.7/site-packages/airflow/example_dags/example_branch_operator.py
[2022-10-01T00:10:32.040+0000] {processor.py:650} INFO - DAG(s) dict_keys(['example_branch_operator']) retrieved from /home/airflow/.local/lib/python3.7/site-packages/airflow/example_dags/example_branch_operator.py
[2022-10-01T00:10:32.061+0000] {logging_mixin.py:115} INFO - [2022-10-01T00:10:32.061+0000] {dag.py:2429} INFO - Sync 1 DAGs
[2022-10-01T00:10:32.078+0000] {logging_mixin.py:115} INFO - [2022-10-01T00:10:32.078+0000] {dag.py:2981} INFO - Setting next_dagrun for example_branch_operator to 2022-09-30T00:00:00+00:00, run_after=2022-10-01T00:00:00+00:00
[2022-10-01T00:10:32.089+0000] {processor.py:161} INFO - Processing /home/airflow/.local/lib/python3.7/site-packages/airflow/example_dags/example_branch_operator.py took 0.062 seconds
[2022-10-01T00:11:02.430+0000] {processor.py:153} INFO - Started process (PID=35272) to work on /home/airflow/.local/lib/python3.7/site-packages/airflow/example_dags/example_branch_operator.py
[2022-10-01T00:11:02.432+0000] {processor.py:640} INFO - Processing file /home/airflow/.local/lib/python3.7/site-packages/airflow/example_dags/example_branch_operator.py for tasks to queue
[2022-10-01T00:11:02.433+0000] {logging_mixin.py:115} INFO - [2022-10-01T00:11:02.433+0000] {dagbag.py:508} INFO - Filling up the DagBag from /home/airflow/.local/lib/python3.7/site-packages/airflow/example_dags/example_branch_operator.py
[2022-10-01T00:11:02.441+0000] {processor.py:650} INFO - DAG(s) dict_keys(['example_branch_operator']) retrieved from /home/airflow/.local/lib/python3.7/site-packages/airflow/example_dags/example_branch_operator.py
[2022-10-01T00:11:02.458+0000] {logging_mixin.py:115} INFO - [2022-10-01T00:11:02.458+0000] {dag.py:2429} INFO - Sync 1 DAGs
[2022-10-01T00:11:02.473+0000] {logging_mixin.py:115} INFO - [2022-10-01T00:11:02.473+0000] {dag.py:2981} INFO - Setting next_dagrun for example_branch_operator to 2022-09-30T00:00:00+00:00, run_after=2022-10-01T00:00:00+00:00
[2022-10-01T00:11:02.484+0000] {processor.py:161} INFO - Processing /home/airflow/.local/lib/python3.7/site-packages/airflow/example_dags/example_branch_operator.py took 0.056 seconds
[2022-10-01T00:11:32.789+0000] {processor.py:153} INFO - Started process (PID=35338) to work on /home/airflow/.local/lib/python3.7/site-packages/airflow/example_dags/example_branch_operator.py
[2022-10-01T00:11:32.791+0000] {processor.py:640} INFO - Processing file /home/airflow/.local/lib/python3.7/site-packages/airflow/example_dags/example_branch_operator.py for tasks to queue
[2022-10-01T00:11:32.792+0000] {logging_mixin.py:115} INFO - [2022-10-01T00:11:32.792+0000] {dagbag.py:508} INFO - Filling up the DagBag from /home/airflow/.local/lib/python3.7/site-packages/airflow/example_dags/example_branch_operator.py
[2022-10-01T00:11:32.804+0000] {processor.py:650} INFO - DAG(s) dict_keys(['example_branch_operator']) retrieved from /home/airflow/.local/lib/python3.7/site-packages/airflow/example_dags/example_branch_operator.py
[2022-10-01T00:11:32.832+0000] {logging_mixin.py:115} INFO - [2022-10-01T00:11:32.832+0000] {dag.py:2429} INFO - Sync 1 DAGs
[2022-10-01T00:11:32.855+0000] {logging_mixin.py:115} INFO - [2022-10-01T00:11:32.855+0000] {dag.py:2981} INFO - Setting next_dagrun for example_branch_operator to 2022-09-30T00:00:00+00:00, run_after=2022-10-01T00:00:00+00:00
[2022-10-01T00:11:32.864+0000] {processor.py:161} INFO - Processing /home/airflow/.local/lib/python3.7/site-packages/airflow/example_dags/example_branch_operator.py took 0.079 seconds
[2022-10-01T00:12:03.061+0000] {processor.py:153} INFO - Started process (PID=35395) to work on /home/airflow/.local/lib/python3.7/site-packages/airflow/example_dags/example_branch_operator.py
[2022-10-01T00:12:03.063+0000] {processor.py:640} INFO - Processing file /home/airflow/.local/lib/python3.7/site-packages/airflow/example_dags/example_branch_operator.py for tasks to queue
[2022-10-01T00:12:03.063+0000] {logging_mixin.py:115} INFO - [2022-10-01T00:12:03.063+0000] {dagbag.py:508} INFO - Filling up the DagBag from /home/airflow/.local/lib/python3.7/site-packages/airflow/example_dags/example_branch_operator.py
[2022-10-01T00:12:03.071+0000] {processor.py:650} INFO - DAG(s) dict_keys(['example_branch_operator']) retrieved from /home/airflow/.local/lib/python3.7/site-packages/airflow/example_dags/example_branch_operator.py
[2022-10-01T00:12:03.090+0000] {logging_mixin.py:115} INFO - [2022-10-01T00:12:03.090+0000] {dag.py:2429} INFO - Sync 1 DAGs
[2022-10-01T00:12:03.104+0000] {logging_mixin.py:115} INFO - [2022-10-01T00:12:03.104+0000] {dag.py:2981} INFO - Setting next_dagrun for example_branch_operator to 2022-09-30T00:00:00+00:00, run_after=2022-10-01T00:00:00+00:00
[2022-10-01T00:12:03.113+0000] {processor.py:161} INFO - Processing /home/airflow/.local/lib/python3.7/site-packages/airflow/example_dags/example_branch_operator.py took 0.055 seconds
[2022-10-01T00:12:33.657+0000] {processor.py:153} INFO - Started process (PID=35462) to work on /home/airflow/.local/lib/python3.7/site-packages/airflow/example_dags/example_branch_operator.py
[2022-10-01T00:12:33.660+0000] {processor.py:640} INFO - Processing file /home/airflow/.local/lib/python3.7/site-packages/airflow/example_dags/example_branch_operator.py for tasks to queue
[2022-10-01T00:12:33.661+0000] {logging_mixin.py:115} INFO - [2022-10-01T00:12:33.661+0000] {dagbag.py:508} INFO - Filling up the DagBag from /home/airflow/.local/lib/python3.7/site-packages/airflow/example_dags/example_branch_operator.py
[2022-10-01T00:12:33.670+0000] {processor.py:650} INFO - DAG(s) dict_keys(['example_branch_operator']) retrieved from /home/airflow/.local/lib/python3.7/site-packages/airflow/example_dags/example_branch_operator.py
[2022-10-01T00:12:33.692+0000] {logging_mixin.py:115} INFO - [2022-10-01T00:12:33.692+0000] {dag.py:2429} INFO - Sync 1 DAGs
[2022-10-01T00:12:33.708+0000] {logging_mixin.py:115} INFO - [2022-10-01T00:12:33.708+0000] {dag.py:2981} INFO - Setting next_dagrun for example_branch_operator to 2022-09-30T00:00:00+00:00, run_after=2022-10-01T00:00:00+00:00
[2022-10-01T00:12:33.719+0000] {processor.py:161} INFO - Processing /home/airflow/.local/lib/python3.7/site-packages/airflow/example_dags/example_branch_operator.py took 0.065 seconds
[2022-10-01T00:13:03.948+0000] {processor.py:153} INFO - Started process (PID=35527) to work on /home/airflow/.local/lib/python3.7/site-packages/airflow/example_dags/example_branch_operator.py
[2022-10-01T00:13:03.950+0000] {processor.py:640} INFO - Processing file /home/airflow/.local/lib/python3.7/site-packages/airflow/example_dags/example_branch_operator.py for tasks to queue
[2022-10-01T00:13:03.950+0000] {logging_mixin.py:115} INFO - [2022-10-01T00:13:03.950+0000] {dagbag.py:508} INFO - Filling up the DagBag from /home/airflow/.local/lib/python3.7/site-packages/airflow/example_dags/example_branch_operator.py
[2022-10-01T00:13:03.958+0000] {processor.py:650} INFO - DAG(s) dict_keys(['example_branch_operator']) retrieved from /home/airflow/.local/lib/python3.7/site-packages/airflow/example_dags/example_branch_operator.py
[2022-10-01T00:13:03.975+0000] {logging_mixin.py:115} INFO - [2022-10-01T00:13:03.975+0000] {dag.py:2429} INFO - Sync 1 DAGs
[2022-10-01T00:13:03.991+0000] {logging_mixin.py:115} INFO - [2022-10-01T00:13:03.991+0000] {dag.py:2981} INFO - Setting next_dagrun for example_branch_operator to 2022-09-30T00:00:00+00:00, run_after=2022-10-01T00:00:00+00:00
[2022-10-01T00:13:03.998+0000] {processor.py:161} INFO - Processing /home/airflow/.local/lib/python3.7/site-packages/airflow/example_dags/example_branch_operator.py took 0.052 seconds
[2022-10-01T00:13:35.842+0000] {processor.py:153} INFO - Started process (PID=35596) to work on /home/airflow/.local/lib/python3.7/site-packages/airflow/example_dags/example_branch_operator.py
[2022-10-01T00:13:35.844+0000] {processor.py:640} INFO - Processing file /home/airflow/.local/lib/python3.7/site-packages/airflow/example_dags/example_branch_operator.py for tasks to queue
[2022-10-01T00:13:35.845+0000] {logging_mixin.py:115} INFO - [2022-10-01T00:13:35.845+0000] {dagbag.py:508} INFO - Filling up the DagBag from /home/airflow/.local/lib/python3.7/site-packages/airflow/example_dags/example_branch_operator.py
[2022-10-01T00:13:35.854+0000] {processor.py:650} INFO - DAG(s) dict_keys(['example_branch_operator']) retrieved from /home/airflow/.local/lib/python3.7/site-packages/airflow/example_dags/example_branch_operator.py
[2022-10-01T00:13:35.884+0000] {logging_mixin.py:115} INFO - [2022-10-01T00:13:35.884+0000] {dag.py:2429} INFO - Sync 1 DAGs
[2022-10-01T00:13:35.908+0000] {logging_mixin.py:115} INFO - [2022-10-01T00:13:35.908+0000] {dag.py:2981} INFO - Setting next_dagrun for example_branch_operator to 2022-09-30T00:00:00+00:00, run_after=2022-10-01T00:00:00+00:00
[2022-10-01T00:13:35.922+0000] {processor.py:161} INFO - Processing /home/airflow/.local/lib/python3.7/site-packages/airflow/example_dags/example_branch_operator.py took 0.084 seconds
[2022-10-01T00:18:34.711+0000] {processor.py:153} INFO - Started process (PID=35644) to work on /home/airflow/.local/lib/python3.7/site-packages/airflow/example_dags/example_branch_operator.py
[2022-10-01T00:18:34.715+0000] {processor.py:640} INFO - Processing file /home/airflow/.local/lib/python3.7/site-packages/airflow/example_dags/example_branch_operator.py for tasks to queue
[2022-10-01T00:18:34.716+0000] {logging_mixin.py:115} INFO - [2022-10-01T00:18:34.716+0000] {dagbag.py:508} INFO - Filling up the DagBag from /home/airflow/.local/lib/python3.7/site-packages/airflow/example_dags/example_branch_operator.py
[2022-10-01T00:18:34.752+0000] {processor.py:650} INFO - DAG(s) dict_keys(['example_branch_operator']) retrieved from /home/airflow/.local/lib/python3.7/site-packages/airflow/example_dags/example_branch_operator.py
[2022-10-01T00:18:34.823+0000] {logging_mixin.py:115} INFO - [2022-10-01T00:18:34.823+0000] {dag.py:2429} INFO - Sync 1 DAGs
[2022-10-01T00:18:34.970+0000] {logging_mixin.py:115} INFO - [2022-10-01T00:18:34.899+0000] {dag.py:2981} INFO - Setting next_dagrun for example_branch_operator to 2022-09-30T00:00:00+00:00, run_after=2022-10-01T00:00:00+00:00
[2022-10-01T00:18:35.004+0000] {processor.py:161} INFO - Processing /home/airflow/.local/lib/python3.7/site-packages/airflow/example_dags/example_branch_operator.py took 0.316 seconds
[2022-10-01T00:19:05.889+0000] {processor.py:153} INFO - Started process (PID=35710) to work on /home/airflow/.local/lib/python3.7/site-packages/airflow/example_dags/example_branch_operator.py
[2022-10-01T00:19:05.891+0000] {processor.py:640} INFO - Processing file /home/airflow/.local/lib/python3.7/site-packages/airflow/example_dags/example_branch_operator.py for tasks to queue
[2022-10-01T00:19:05.893+0000] {logging_mixin.py:115} INFO - [2022-10-01T00:19:05.893+0000] {dagbag.py:508} INFO - Filling up the DagBag from /home/airflow/.local/lib/python3.7/site-packages/airflow/example_dags/example_branch_operator.py
[2022-10-01T00:19:05.903+0000] {processor.py:650} INFO - DAG(s) dict_keys(['example_branch_operator']) retrieved from /home/airflow/.local/lib/python3.7/site-packages/airflow/example_dags/example_branch_operator.py
[2022-10-01T00:19:05.924+0000] {logging_mixin.py:115} INFO - [2022-10-01T00:19:05.924+0000] {dag.py:2429} INFO - Sync 1 DAGs
[2022-10-01T00:19:05.940+0000] {logging_mixin.py:115} INFO - [2022-10-01T00:19:05.940+0000] {dag.py:2981} INFO - Setting next_dagrun for example_branch_operator to 2022-09-30T00:00:00+00:00, run_after=2022-10-01T00:00:00+00:00
[2022-10-01T00:19:05.947+0000] {processor.py:161} INFO - Processing /home/airflow/.local/lib/python3.7/site-packages/airflow/example_dags/example_branch_operator.py took 0.064 seconds
[2022-10-01T00:19:36.447+0000] {processor.py:153} INFO - Started process (PID=35768) to work on /home/airflow/.local/lib/python3.7/site-packages/airflow/example_dags/example_branch_operator.py
[2022-10-01T00:19:36.449+0000] {processor.py:640} INFO - Processing file /home/airflow/.local/lib/python3.7/site-packages/airflow/example_dags/example_branch_operator.py for tasks to queue
[2022-10-01T00:19:36.451+0000] {logging_mixin.py:115} INFO - [2022-10-01T00:19:36.451+0000] {dagbag.py:508} INFO - Filling up the DagBag from /home/airflow/.local/lib/python3.7/site-packages/airflow/example_dags/example_branch_operator.py
[2022-10-01T00:19:36.461+0000] {processor.py:650} INFO - DAG(s) dict_keys(['example_branch_operator']) retrieved from /home/airflow/.local/lib/python3.7/site-packages/airflow/example_dags/example_branch_operator.py
[2022-10-01T00:19:36.484+0000] {logging_mixin.py:115} INFO - [2022-10-01T00:19:36.484+0000] {dag.py:2429} INFO - Sync 1 DAGs
[2022-10-01T00:19:36.499+0000] {logging_mixin.py:115} INFO - [2022-10-01T00:19:36.499+0000] {dag.py:2981} INFO - Setting next_dagrun for example_branch_operator to 2022-09-30T00:00:00+00:00, run_after=2022-10-01T00:00:00+00:00
[2022-10-01T00:19:36.507+0000] {processor.py:161} INFO - Processing /home/airflow/.local/lib/python3.7/site-packages/airflow/example_dags/example_branch_operator.py took 0.063 seconds
[2022-10-01T00:20:06.878+0000] {processor.py:153} INFO - Started process (PID=35832) to work on /home/airflow/.local/lib/python3.7/site-packages/airflow/example_dags/example_branch_operator.py
[2022-10-01T00:20:06.881+0000] {processor.py:640} INFO - Processing file /home/airflow/.local/lib/python3.7/site-packages/airflow/example_dags/example_branch_operator.py for tasks to queue
[2022-10-01T00:20:06.882+0000] {logging_mixin.py:115} INFO - [2022-10-01T00:20:06.882+0000] {dagbag.py:508} INFO - Filling up the DagBag from /home/airflow/.local/lib/python3.7/site-packages/airflow/example_dags/example_branch_operator.py
[2022-10-01T00:20:06.895+0000] {processor.py:650} INFO - DAG(s) dict_keys(['example_branch_operator']) retrieved from /home/airflow/.local/lib/python3.7/site-packages/airflow/example_dags/example_branch_operator.py
[2022-10-01T00:20:06.920+0000] {logging_mixin.py:115} INFO - [2022-10-01T00:20:06.920+0000] {dag.py:2429} INFO - Sync 1 DAGs
[2022-10-01T00:20:06.935+0000] {logging_mixin.py:115} INFO - [2022-10-01T00:20:06.935+0000] {dag.py:2981} INFO - Setting next_dagrun for example_branch_operator to 2022-09-30T00:00:00+00:00, run_after=2022-10-01T00:00:00+00:00
[2022-10-01T00:20:06.945+0000] {processor.py:161} INFO - Processing /home/airflow/.local/lib/python3.7/site-packages/airflow/example_dags/example_branch_operator.py took 0.070 seconds
[2022-10-01T00:20:37.395+0000] {processor.py:153} INFO - Started process (PID=35900) to work on /home/airflow/.local/lib/python3.7/site-packages/airflow/example_dags/example_branch_operator.py
[2022-10-01T00:20:37.397+0000] {processor.py:640} INFO - Processing file /home/airflow/.local/lib/python3.7/site-packages/airflow/example_dags/example_branch_operator.py for tasks to queue
[2022-10-01T00:20:37.399+0000] {logging_mixin.py:115} INFO - [2022-10-01T00:20:37.399+0000] {dagbag.py:508} INFO - Filling up the DagBag from /home/airflow/.local/lib/python3.7/site-packages/airflow/example_dags/example_branch_operator.py
[2022-10-01T00:20:37.410+0000] {processor.py:650} INFO - DAG(s) dict_keys(['example_branch_operator']) retrieved from /home/airflow/.local/lib/python3.7/site-packages/airflow/example_dags/example_branch_operator.py
[2022-10-01T00:20:37.431+0000] {logging_mixin.py:115} INFO - [2022-10-01T00:20:37.431+0000] {dag.py:2429} INFO - Sync 1 DAGs
[2022-10-01T00:20:37.446+0000] {logging_mixin.py:115} INFO - [2022-10-01T00:20:37.446+0000] {dag.py:2981} INFO - Setting next_dagrun for example_branch_operator to 2022-09-30T00:00:00+00:00, run_after=2022-10-01T00:00:00+00:00
[2022-10-01T00:20:37.454+0000] {processor.py:161} INFO - Processing /home/airflow/.local/lib/python3.7/site-packages/airflow/example_dags/example_branch_operator.py took 0.063 seconds
[2022-10-01T00:21:08.065+0000] {processor.py:153} INFO - Started process (PID=35966) to work on /home/airflow/.local/lib/python3.7/site-packages/airflow/example_dags/example_branch_operator.py
[2022-10-01T00:21:08.067+0000] {processor.py:640} INFO - Processing file /home/airflow/.local/lib/python3.7/site-packages/airflow/example_dags/example_branch_operator.py for tasks to queue
[2022-10-01T00:21:08.068+0000] {logging_mixin.py:115} INFO - [2022-10-01T00:21:08.068+0000] {dagbag.py:508} INFO - Filling up the DagBag from /home/airflow/.local/lib/python3.7/site-packages/airflow/example_dags/example_branch_operator.py
[2022-10-01T00:21:08.079+0000] {processor.py:650} INFO - DAG(s) dict_keys(['example_branch_operator']) retrieved from /home/airflow/.local/lib/python3.7/site-packages/airflow/example_dags/example_branch_operator.py
[2022-10-01T00:21:08.101+0000] {logging_mixin.py:115} INFO - [2022-10-01T00:21:08.101+0000] {dag.py:2429} INFO - Sync 1 DAGs
[2022-10-01T00:21:08.116+0000] {logging_mixin.py:115} INFO - [2022-10-01T00:21:08.116+0000] {dag.py:2981} INFO - Setting next_dagrun for example_branch_operator to 2022-09-30T00:00:00+00:00, run_after=2022-10-01T00:00:00+00:00
[2022-10-01T00:21:08.125+0000] {processor.py:161} INFO - Processing /home/airflow/.local/lib/python3.7/site-packages/airflow/example_dags/example_branch_operator.py took 0.065 seconds
[2022-10-01T00:21:38.493+0000] {processor.py:153} INFO - Started process (PID=36022) to work on /home/airflow/.local/lib/python3.7/site-packages/airflow/example_dags/example_branch_operator.py
[2022-10-01T00:21:38.499+0000] {processor.py:640} INFO - Processing file /home/airflow/.local/lib/python3.7/site-packages/airflow/example_dags/example_branch_operator.py for tasks to queue
[2022-10-01T00:21:38.501+0000] {logging_mixin.py:115} INFO - [2022-10-01T00:21:38.501+0000] {dagbag.py:508} INFO - Filling up the DagBag from /home/airflow/.local/lib/python3.7/site-packages/airflow/example_dags/example_branch_operator.py
[2022-10-01T00:21:38.510+0000] {processor.py:650} INFO - DAG(s) dict_keys(['example_branch_operator']) retrieved from /home/airflow/.local/lib/python3.7/site-packages/airflow/example_dags/example_branch_operator.py
[2022-10-01T00:21:38.535+0000] {logging_mixin.py:115} INFO - [2022-10-01T00:21:38.535+0000] {dag.py:2429} INFO - Sync 1 DAGs
[2022-10-01T00:21:38.554+0000] {logging_mixin.py:115} INFO - [2022-10-01T00:21:38.554+0000] {dag.py:2981} INFO - Setting next_dagrun for example_branch_operator to 2022-09-30T00:00:00+00:00, run_after=2022-10-01T00:00:00+00:00
[2022-10-01T00:21:38.564+0000] {processor.py:161} INFO - Processing /home/airflow/.local/lib/python3.7/site-packages/airflow/example_dags/example_branch_operator.py took 0.072 seconds
[2022-10-01T00:22:08.844+0000] {processor.py:153} INFO - Started process (PID=36088) to work on /home/airflow/.local/lib/python3.7/site-packages/airflow/example_dags/example_branch_operator.py
[2022-10-01T00:22:08.846+0000] {processor.py:640} INFO - Processing file /home/airflow/.local/lib/python3.7/site-packages/airflow/example_dags/example_branch_operator.py for tasks to queue
[2022-10-01T00:22:08.847+0000] {logging_mixin.py:115} INFO - [2022-10-01T00:22:08.847+0000] {dagbag.py:508} INFO - Filling up the DagBag from /home/airflow/.local/lib/python3.7/site-packages/airflow/example_dags/example_branch_operator.py
[2022-10-01T00:22:08.859+0000] {processor.py:650} INFO - DAG(s) dict_keys(['example_branch_operator']) retrieved from /home/airflow/.local/lib/python3.7/site-packages/airflow/example_dags/example_branch_operator.py
[2022-10-01T00:22:08.896+0000] {logging_mixin.py:115} INFO - [2022-10-01T00:22:08.896+0000] {dag.py:2429} INFO - Sync 1 DAGs
[2022-10-01T00:22:08.910+0000] {logging_mixin.py:115} INFO - [2022-10-01T00:22:08.910+0000] {dag.py:2981} INFO - Setting next_dagrun for example_branch_operator to 2022-09-30T00:00:00+00:00, run_after=2022-10-01T00:00:00+00:00
[2022-10-01T00:22:08.917+0000] {processor.py:161} INFO - Processing /home/airflow/.local/lib/python3.7/site-packages/airflow/example_dags/example_branch_operator.py took 0.078 seconds
[2022-10-01T00:22:39.208+0000] {processor.py:153} INFO - Started process (PID=36154) to work on /home/airflow/.local/lib/python3.7/site-packages/airflow/example_dags/example_branch_operator.py
[2022-10-01T00:22:39.210+0000] {processor.py:640} INFO - Processing file /home/airflow/.local/lib/python3.7/site-packages/airflow/example_dags/example_branch_operator.py for tasks to queue
[2022-10-01T00:22:39.213+0000] {logging_mixin.py:115} INFO - [2022-10-01T00:22:39.213+0000] {dagbag.py:508} INFO - Filling up the DagBag from /home/airflow/.local/lib/python3.7/site-packages/airflow/example_dags/example_branch_operator.py
[2022-10-01T00:22:39.225+0000] {processor.py:650} INFO - DAG(s) dict_keys(['example_branch_operator']) retrieved from /home/airflow/.local/lib/python3.7/site-packages/airflow/example_dags/example_branch_operator.py
[2022-10-01T00:22:39.251+0000] {logging_mixin.py:115} INFO - [2022-10-01T00:22:39.251+0000] {dag.py:2429} INFO - Sync 1 DAGs
[2022-10-01T00:22:39.268+0000] {logging_mixin.py:115} INFO - [2022-10-01T00:22:39.267+0000] {dag.py:2981} INFO - Setting next_dagrun for example_branch_operator to 2022-09-30T00:00:00+00:00, run_after=2022-10-01T00:00:00+00:00
[2022-10-01T00:22:39.277+0000] {processor.py:161} INFO - Processing /home/airflow/.local/lib/python3.7/site-packages/airflow/example_dags/example_branch_operator.py took 0.074 seconds
[2022-10-01T00:23:09.579+0000] {processor.py:153} INFO - Started process (PID=36219) to work on /home/airflow/.local/lib/python3.7/site-packages/airflow/example_dags/example_branch_operator.py
[2022-10-01T00:23:09.589+0000] {processor.py:640} INFO - Processing file /home/airflow/.local/lib/python3.7/site-packages/airflow/example_dags/example_branch_operator.py for tasks to queue
[2022-10-01T00:23:09.592+0000] {logging_mixin.py:115} INFO - [2022-10-01T00:23:09.592+0000] {dagbag.py:508} INFO - Filling up the DagBag from /home/airflow/.local/lib/python3.7/site-packages/airflow/example_dags/example_branch_operator.py
[2022-10-01T00:23:09.606+0000] {processor.py:650} INFO - DAG(s) dict_keys(['example_branch_operator']) retrieved from /home/airflow/.local/lib/python3.7/site-packages/airflow/example_dags/example_branch_operator.py
[2022-10-01T00:23:09.626+0000] {logging_mixin.py:115} INFO - [2022-10-01T00:23:09.626+0000] {dag.py:2429} INFO - Sync 1 DAGs
[2022-10-01T00:23:09.640+0000] {logging_mixin.py:115} INFO - [2022-10-01T00:23:09.640+0000] {dag.py:2981} INFO - Setting next_dagrun for example_branch_operator to 2022-09-30T00:00:00+00:00, run_after=2022-10-01T00:00:00+00:00
[2022-10-01T00:23:09.648+0000] {processor.py:161} INFO - Processing /home/airflow/.local/lib/python3.7/site-packages/airflow/example_dags/example_branch_operator.py took 0.071 seconds
[2022-10-01T00:23:40.133+0000] {processor.py:153} INFO - Started process (PID=36278) to work on /home/airflow/.local/lib/python3.7/site-packages/airflow/example_dags/example_branch_operator.py
[2022-10-01T00:23:40.135+0000] {processor.py:640} INFO - Processing file /home/airflow/.local/lib/python3.7/site-packages/airflow/example_dags/example_branch_operator.py for tasks to queue
[2022-10-01T00:23:40.137+0000] {logging_mixin.py:115} INFO - [2022-10-01T00:23:40.137+0000] {dagbag.py:508} INFO - Filling up the DagBag from /home/airflow/.local/lib/python3.7/site-packages/airflow/example_dags/example_branch_operator.py
[2022-10-01T00:23:40.146+0000] {processor.py:650} INFO - DAG(s) dict_keys(['example_branch_operator']) retrieved from /home/airflow/.local/lib/python3.7/site-packages/airflow/example_dags/example_branch_operator.py
[2022-10-01T00:23:40.165+0000] {logging_mixin.py:115} INFO - [2022-10-01T00:23:40.165+0000] {dag.py:2429} INFO - Sync 1 DAGs
[2022-10-01T00:23:40.180+0000] {logging_mixin.py:115} INFO - [2022-10-01T00:23:40.180+0000] {dag.py:2981} INFO - Setting next_dagrun for example_branch_operator to 2022-09-30T00:00:00+00:00, run_after=2022-10-01T00:00:00+00:00
[2022-10-01T00:23:40.187+0000] {processor.py:161} INFO - Processing /home/airflow/.local/lib/python3.7/site-packages/airflow/example_dags/example_branch_operator.py took 0.057 seconds
[2022-10-01T00:24:10.393+0000] {processor.py:153} INFO - Started process (PID=36346) to work on /home/airflow/.local/lib/python3.7/site-packages/airflow/example_dags/example_branch_operator.py
[2022-10-01T00:24:10.395+0000] {processor.py:640} INFO - Processing file /home/airflow/.local/lib/python3.7/site-packages/airflow/example_dags/example_branch_operator.py for tasks to queue
[2022-10-01T00:24:10.398+0000] {logging_mixin.py:115} INFO - [2022-10-01T00:24:10.398+0000] {dagbag.py:508} INFO - Filling up the DagBag from /home/airflow/.local/lib/python3.7/site-packages/airflow/example_dags/example_branch_operator.py
[2022-10-01T00:24:10.408+0000] {processor.py:650} INFO - DAG(s) dict_keys(['example_branch_operator']) retrieved from /home/airflow/.local/lib/python3.7/site-packages/airflow/example_dags/example_branch_operator.py
[2022-10-01T00:24:10.430+0000] {logging_mixin.py:115} INFO - [2022-10-01T00:24:10.430+0000] {dag.py:2429} INFO - Sync 1 DAGs
[2022-10-01T00:24:10.445+0000] {logging_mixin.py:115} INFO - [2022-10-01T00:24:10.444+0000] {dag.py:2981} INFO - Setting next_dagrun for example_branch_operator to 2022-09-30T00:00:00+00:00, run_after=2022-10-01T00:00:00+00:00
[2022-10-01T00:24:10.454+0000] {processor.py:161} INFO - Processing /home/airflow/.local/lib/python3.7/site-packages/airflow/example_dags/example_branch_operator.py took 0.065 seconds
[2022-10-01T00:24:41.321+0000] {processor.py:153} INFO - Started process (PID=36412) to work on /home/airflow/.local/lib/python3.7/site-packages/airflow/example_dags/example_branch_operator.py
[2022-10-01T00:24:41.328+0000] {processor.py:640} INFO - Processing file /home/airflow/.local/lib/python3.7/site-packages/airflow/example_dags/example_branch_operator.py for tasks to queue
[2022-10-01T00:24:41.331+0000] {logging_mixin.py:115} INFO - [2022-10-01T00:24:41.331+0000] {dagbag.py:508} INFO - Filling up the DagBag from /home/airflow/.local/lib/python3.7/site-packages/airflow/example_dags/example_branch_operator.py
[2022-10-01T00:24:41.356+0000] {processor.py:650} INFO - DAG(s) dict_keys(['example_branch_operator']) retrieved from /home/airflow/.local/lib/python3.7/site-packages/airflow/example_dags/example_branch_operator.py
[2022-10-01T00:24:41.383+0000] {logging_mixin.py:115} INFO - [2022-10-01T00:24:41.382+0000] {dag.py:2429} INFO - Sync 1 DAGs
[2022-10-01T00:24:41.398+0000] {logging_mixin.py:115} INFO - [2022-10-01T00:24:41.398+0000] {dag.py:2981} INFO - Setting next_dagrun for example_branch_operator to 2022-09-30T00:00:00+00:00, run_after=2022-10-01T00:00:00+00:00
[2022-10-01T00:24:41.405+0000] {processor.py:161} INFO - Processing /home/airflow/.local/lib/python3.7/site-packages/airflow/example_dags/example_branch_operator.py took 0.089 seconds
[2022-10-01T00:25:11.572+0000] {processor.py:153} INFO - Started process (PID=36469) to work on /home/airflow/.local/lib/python3.7/site-packages/airflow/example_dags/example_branch_operator.py
[2022-10-01T00:25:11.574+0000] {processor.py:640} INFO - Processing file /home/airflow/.local/lib/python3.7/site-packages/airflow/example_dags/example_branch_operator.py for tasks to queue
[2022-10-01T00:25:11.575+0000] {logging_mixin.py:115} INFO - [2022-10-01T00:25:11.575+0000] {dagbag.py:508} INFO - Filling up the DagBag from /home/airflow/.local/lib/python3.7/site-packages/airflow/example_dags/example_branch_operator.py
[2022-10-01T00:25:11.589+0000] {processor.py:650} INFO - DAG(s) dict_keys(['example_branch_operator']) retrieved from /home/airflow/.local/lib/python3.7/site-packages/airflow/example_dags/example_branch_operator.py
[2022-10-01T00:25:11.614+0000] {logging_mixin.py:115} INFO - [2022-10-01T00:25:11.613+0000] {dag.py:2429} INFO - Sync 1 DAGs
[2022-10-01T00:25:11.629+0000] {logging_mixin.py:115} INFO - [2022-10-01T00:25:11.629+0000] {dag.py:2981} INFO - Setting next_dagrun for example_branch_operator to 2022-09-30T00:00:00+00:00, run_after=2022-10-01T00:00:00+00:00
[2022-10-01T00:25:11.638+0000] {processor.py:161} INFO - Processing /home/airflow/.local/lib/python3.7/site-packages/airflow/example_dags/example_branch_operator.py took 0.070 seconds
[2022-10-01T00:25:41.986+0000] {processor.py:153} INFO - Started process (PID=36535) to work on /home/airflow/.local/lib/python3.7/site-packages/airflow/example_dags/example_branch_operator.py
[2022-10-01T00:25:41.989+0000] {processor.py:640} INFO - Processing file /home/airflow/.local/lib/python3.7/site-packages/airflow/example_dags/example_branch_operator.py for tasks to queue
[2022-10-01T00:25:41.990+0000] {logging_mixin.py:115} INFO - [2022-10-01T00:25:41.990+0000] {dagbag.py:508} INFO - Filling up the DagBag from /home/airflow/.local/lib/python3.7/site-packages/airflow/example_dags/example_branch_operator.py
[2022-10-01T00:25:42.000+0000] {processor.py:650} INFO - DAG(s) dict_keys(['example_branch_operator']) retrieved from /home/airflow/.local/lib/python3.7/site-packages/airflow/example_dags/example_branch_operator.py
[2022-10-01T00:25:42.023+0000] {logging_mixin.py:115} INFO - [2022-10-01T00:25:42.023+0000] {dag.py:2429} INFO - Sync 1 DAGs
[2022-10-01T00:25:42.037+0000] {logging_mixin.py:115} INFO - [2022-10-01T00:25:42.037+0000] {dag.py:2981} INFO - Setting next_dagrun for example_branch_operator to 2022-09-30T00:00:00+00:00, run_after=2022-10-01T00:00:00+00:00
[2022-10-01T00:25:42.047+0000] {processor.py:161} INFO - Processing /home/airflow/.local/lib/python3.7/site-packages/airflow/example_dags/example_branch_operator.py took 0.065 seconds
[2022-10-01T00:26:12.476+0000] {processor.py:153} INFO - Started process (PID=36601) to work on /home/airflow/.local/lib/python3.7/site-packages/airflow/example_dags/example_branch_operator.py
[2022-10-01T00:26:12.478+0000] {processor.py:640} INFO - Processing file /home/airflow/.local/lib/python3.7/site-packages/airflow/example_dags/example_branch_operator.py for tasks to queue
[2022-10-01T00:26:12.479+0000] {logging_mixin.py:115} INFO - [2022-10-01T00:26:12.479+0000] {dagbag.py:508} INFO - Filling up the DagBag from /home/airflow/.local/lib/python3.7/site-packages/airflow/example_dags/example_branch_operator.py
[2022-10-01T00:26:12.488+0000] {processor.py:650} INFO - DAG(s) dict_keys(['example_branch_operator']) retrieved from /home/airflow/.local/lib/python3.7/site-packages/airflow/example_dags/example_branch_operator.py
[2022-10-01T00:26:12.508+0000] {logging_mixin.py:115} INFO - [2022-10-01T00:26:12.507+0000] {dag.py:2429} INFO - Sync 1 DAGs
[2022-10-01T00:26:12.522+0000] {logging_mixin.py:115} INFO - [2022-10-01T00:26:12.522+0000] {dag.py:2981} INFO - Setting next_dagrun for example_branch_operator to 2022-09-30T00:00:00+00:00, run_after=2022-10-01T00:00:00+00:00
[2022-10-01T00:26:12.533+0000] {processor.py:161} INFO - Processing /home/airflow/.local/lib/python3.7/site-packages/airflow/example_dags/example_branch_operator.py took 0.060 seconds
[2022-10-01T00:26:42.675+0000] {processor.py:153} INFO - Started process (PID=36658) to work on /home/airflow/.local/lib/python3.7/site-packages/airflow/example_dags/example_branch_operator.py
[2022-10-01T00:26:42.678+0000] {processor.py:640} INFO - Processing file /home/airflow/.local/lib/python3.7/site-packages/airflow/example_dags/example_branch_operator.py for tasks to queue
[2022-10-01T00:26:42.680+0000] {logging_mixin.py:115} INFO - [2022-10-01T00:26:42.680+0000] {dagbag.py:508} INFO - Filling up the DagBag from /home/airflow/.local/lib/python3.7/site-packages/airflow/example_dags/example_branch_operator.py
[2022-10-01T00:26:42.691+0000] {processor.py:650} INFO - DAG(s) dict_keys(['example_branch_operator']) retrieved from /home/airflow/.local/lib/python3.7/site-packages/airflow/example_dags/example_branch_operator.py
[2022-10-01T00:26:42.718+0000] {logging_mixin.py:115} INFO - [2022-10-01T00:26:42.718+0000] {dag.py:2429} INFO - Sync 1 DAGs
[2022-10-01T00:26:42.734+0000] {logging_mixin.py:115} INFO - [2022-10-01T00:26:42.734+0000] {dag.py:2981} INFO - Setting next_dagrun for example_branch_operator to 2022-09-30T00:00:00+00:00, run_after=2022-10-01T00:00:00+00:00
[2022-10-01T00:26:42.745+0000] {processor.py:161} INFO - Processing /home/airflow/.local/lib/python3.7/site-packages/airflow/example_dags/example_branch_operator.py took 0.075 seconds
[2022-10-01T00:27:13.094+0000] {processor.py:153} INFO - Started process (PID=36723) to work on /home/airflow/.local/lib/python3.7/site-packages/airflow/example_dags/example_branch_operator.py
[2022-10-01T00:27:13.098+0000] {processor.py:640} INFO - Processing file /home/airflow/.local/lib/python3.7/site-packages/airflow/example_dags/example_branch_operator.py for tasks to queue
[2022-10-01T00:27:13.099+0000] {logging_mixin.py:115} INFO - [2022-10-01T00:27:13.099+0000] {dagbag.py:508} INFO - Filling up the DagBag from /home/airflow/.local/lib/python3.7/site-packages/airflow/example_dags/example_branch_operator.py
[2022-10-01T00:27:13.111+0000] {processor.py:650} INFO - DAG(s) dict_keys(['example_branch_operator']) retrieved from /home/airflow/.local/lib/python3.7/site-packages/airflow/example_dags/example_branch_operator.py
[2022-10-01T00:27:13.139+0000] {logging_mixin.py:115} INFO - [2022-10-01T00:27:13.139+0000] {dag.py:2429} INFO - Sync 1 DAGs
[2022-10-01T00:27:13.155+0000] {logging_mixin.py:115} INFO - [2022-10-01T00:27:13.155+0000] {dag.py:2981} INFO - Setting next_dagrun for example_branch_operator to 2022-09-30T00:00:00+00:00, run_after=2022-10-01T00:00:00+00:00
[2022-10-01T00:27:13.164+0000] {processor.py:161} INFO - Processing /home/airflow/.local/lib/python3.7/site-packages/airflow/example_dags/example_branch_operator.py took 0.078 seconds
[2022-10-01T00:27:43.949+0000] {processor.py:153} INFO - Started process (PID=36789) to work on /home/airflow/.local/lib/python3.7/site-packages/airflow/example_dags/example_branch_operator.py
[2022-10-01T00:27:43.952+0000] {processor.py:640} INFO - Processing file /home/airflow/.local/lib/python3.7/site-packages/airflow/example_dags/example_branch_operator.py for tasks to queue
[2022-10-01T00:27:43.953+0000] {logging_mixin.py:115} INFO - [2022-10-01T00:27:43.953+0000] {dagbag.py:508} INFO - Filling up the DagBag from /home/airflow/.local/lib/python3.7/site-packages/airflow/example_dags/example_branch_operator.py
[2022-10-01T00:27:43.961+0000] {processor.py:650} INFO - DAG(s) dict_keys(['example_branch_operator']) retrieved from /home/airflow/.local/lib/python3.7/site-packages/airflow/example_dags/example_branch_operator.py
[2022-10-01T00:27:43.985+0000] {logging_mixin.py:115} INFO - [2022-10-01T00:27:43.985+0000] {dag.py:2429} INFO - Sync 1 DAGs
[2022-10-01T00:27:43.999+0000] {logging_mixin.py:115} INFO - [2022-10-01T00:27:43.999+0000] {dag.py:2981} INFO - Setting next_dagrun for example_branch_operator to 2022-09-30T00:00:00+00:00, run_after=2022-10-01T00:00:00+00:00
[2022-10-01T00:27:44.010+0000] {processor.py:161} INFO - Processing /home/airflow/.local/lib/python3.7/site-packages/airflow/example_dags/example_branch_operator.py took 0.063 seconds
[2022-10-01T00:28:14.441+0000] {processor.py:153} INFO - Started process (PID=36846) to work on /home/airflow/.local/lib/python3.7/site-packages/airflow/example_dags/example_branch_operator.py
[2022-10-01T00:28:14.443+0000] {processor.py:640} INFO - Processing file /home/airflow/.local/lib/python3.7/site-packages/airflow/example_dags/example_branch_operator.py for tasks to queue
[2022-10-01T00:28:14.445+0000] {logging_mixin.py:115} INFO - [2022-10-01T00:28:14.445+0000] {dagbag.py:508} INFO - Filling up the DagBag from /home/airflow/.local/lib/python3.7/site-packages/airflow/example_dags/example_branch_operator.py
[2022-10-01T00:28:14.453+0000] {processor.py:650} INFO - DAG(s) dict_keys(['example_branch_operator']) retrieved from /home/airflow/.local/lib/python3.7/site-packages/airflow/example_dags/example_branch_operator.py
[2022-10-01T00:28:14.474+0000] {logging_mixin.py:115} INFO - [2022-10-01T00:28:14.474+0000] {dag.py:2429} INFO - Sync 1 DAGs
[2022-10-01T00:28:14.490+0000] {logging_mixin.py:115} INFO - [2022-10-01T00:28:14.490+0000] {dag.py:2981} INFO - Setting next_dagrun for example_branch_operator to 2022-09-30T00:00:00+00:00, run_after=2022-10-01T00:00:00+00:00
[2022-10-01T00:28:14.499+0000] {processor.py:161} INFO - Processing /home/airflow/.local/lib/python3.7/site-packages/airflow/example_dags/example_branch_operator.py took 0.061 seconds
[2022-10-01T00:28:45.114+0000] {processor.py:153} INFO - Started process (PID=36912) to work on /home/airflow/.local/lib/python3.7/site-packages/airflow/example_dags/example_branch_operator.py
[2022-10-01T00:28:45.116+0000] {processor.py:640} INFO - Processing file /home/airflow/.local/lib/python3.7/site-packages/airflow/example_dags/example_branch_operator.py for tasks to queue
[2022-10-01T00:28:45.118+0000] {logging_mixin.py:115} INFO - [2022-10-01T00:28:45.118+0000] {dagbag.py:508} INFO - Filling up the DagBag from /home/airflow/.local/lib/python3.7/site-packages/airflow/example_dags/example_branch_operator.py
[2022-10-01T00:28:45.128+0000] {processor.py:650} INFO - DAG(s) dict_keys(['example_branch_operator']) retrieved from /home/airflow/.local/lib/python3.7/site-packages/airflow/example_dags/example_branch_operator.py
[2022-10-01T00:28:45.150+0000] {logging_mixin.py:115} INFO - [2022-10-01T00:28:45.150+0000] {dag.py:2429} INFO - Sync 1 DAGs
[2022-10-01T00:28:45.163+0000] {logging_mixin.py:115} INFO - [2022-10-01T00:28:45.163+0000] {dag.py:2981} INFO - Setting next_dagrun for example_branch_operator to 2022-09-30T00:00:00+00:00, run_after=2022-10-01T00:00:00+00:00
[2022-10-01T00:28:45.172+0000] {processor.py:161} INFO - Processing /home/airflow/.local/lib/python3.7/site-packages/airflow/example_dags/example_branch_operator.py took 0.062 seconds
[2022-10-01T00:29:15.691+0000] {processor.py:153} INFO - Started process (PID=36978) to work on /home/airflow/.local/lib/python3.7/site-packages/airflow/example_dags/example_branch_operator.py
[2022-10-01T00:29:15.693+0000] {processor.py:640} INFO - Processing file /home/airflow/.local/lib/python3.7/site-packages/airflow/example_dags/example_branch_operator.py for tasks to queue
[2022-10-01T00:29:15.694+0000] {logging_mixin.py:115} INFO - [2022-10-01T00:29:15.694+0000] {dagbag.py:508} INFO - Filling up the DagBag from /home/airflow/.local/lib/python3.7/site-packages/airflow/example_dags/example_branch_operator.py
[2022-10-01T00:29:15.703+0000] {processor.py:650} INFO - DAG(s) dict_keys(['example_branch_operator']) retrieved from /home/airflow/.local/lib/python3.7/site-packages/airflow/example_dags/example_branch_operator.py
[2022-10-01T00:29:15.721+0000] {logging_mixin.py:115} INFO - [2022-10-01T00:29:15.721+0000] {dag.py:2429} INFO - Sync 1 DAGs
[2022-10-01T00:29:15.735+0000] {logging_mixin.py:115} INFO - [2022-10-01T00:29:15.735+0000] {dag.py:2981} INFO - Setting next_dagrun for example_branch_operator to 2022-09-30T00:00:00+00:00, run_after=2022-10-01T00:00:00+00:00
[2022-10-01T00:29:15.743+0000] {processor.py:161} INFO - Processing /home/airflow/.local/lib/python3.7/site-packages/airflow/example_dags/example_branch_operator.py took 0.055 seconds
[2022-10-01T00:29:46.447+0000] {processor.py:153} INFO - Started process (PID=37043) to work on /home/airflow/.local/lib/python3.7/site-packages/airflow/example_dags/example_branch_operator.py
[2022-10-01T00:29:46.449+0000] {processor.py:640} INFO - Processing file /home/airflow/.local/lib/python3.7/site-packages/airflow/example_dags/example_branch_operator.py for tasks to queue
[2022-10-01T00:29:46.451+0000] {logging_mixin.py:115} INFO - [2022-10-01T00:29:46.450+0000] {dagbag.py:508} INFO - Filling up the DagBag from /home/airflow/.local/lib/python3.7/site-packages/airflow/example_dags/example_branch_operator.py
[2022-10-01T00:29:46.459+0000] {processor.py:650} INFO - DAG(s) dict_keys(['example_branch_operator']) retrieved from /home/airflow/.local/lib/python3.7/site-packages/airflow/example_dags/example_branch_operator.py
[2022-10-01T00:29:46.478+0000] {logging_mixin.py:115} INFO - [2022-10-01T00:29:46.478+0000] {dag.py:2429} INFO - Sync 1 DAGs
[2022-10-01T00:29:46.497+0000] {logging_mixin.py:115} INFO - [2022-10-01T00:29:46.497+0000] {dag.py:2981} INFO - Setting next_dagrun for example_branch_operator to 2022-09-30T00:00:00+00:00, run_after=2022-10-01T00:00:00+00:00
[2022-10-01T00:29:46.506+0000] {processor.py:161} INFO - Processing /home/airflow/.local/lib/python3.7/site-packages/airflow/example_dags/example_branch_operator.py took 0.061 seconds
[2022-10-01T00:30:16.918+0000] {processor.py:153} INFO - Started process (PID=37100) to work on /home/airflow/.local/lib/python3.7/site-packages/airflow/example_dags/example_branch_operator.py
[2022-10-01T00:30:16.921+0000] {processor.py:640} INFO - Processing file /home/airflow/.local/lib/python3.7/site-packages/airflow/example_dags/example_branch_operator.py for tasks to queue
[2022-10-01T00:30:16.922+0000] {logging_mixin.py:115} INFO - [2022-10-01T00:30:16.922+0000] {dagbag.py:508} INFO - Filling up the DagBag from /home/airflow/.local/lib/python3.7/site-packages/airflow/example_dags/example_branch_operator.py
[2022-10-01T00:30:16.932+0000] {processor.py:650} INFO - DAG(s) dict_keys(['example_branch_operator']) retrieved from /home/airflow/.local/lib/python3.7/site-packages/airflow/example_dags/example_branch_operator.py
[2022-10-01T00:30:16.955+0000] {logging_mixin.py:115} INFO - [2022-10-01T00:30:16.955+0000] {dag.py:2429} INFO - Sync 1 DAGs
[2022-10-01T00:30:16.971+0000] {logging_mixin.py:115} INFO - [2022-10-01T00:30:16.971+0000] {dag.py:2981} INFO - Setting next_dagrun for example_branch_operator to 2022-09-30T00:00:00+00:00, run_after=2022-10-01T00:00:00+00:00
[2022-10-01T00:30:16.980+0000] {processor.py:161} INFO - Processing /home/airflow/.local/lib/python3.7/site-packages/airflow/example_dags/example_branch_operator.py took 0.067 seconds
[2022-10-01T00:30:47.263+0000] {processor.py:153} INFO - Started process (PID=37166) to work on /home/airflow/.local/lib/python3.7/site-packages/airflow/example_dags/example_branch_operator.py
[2022-10-01T00:30:47.265+0000] {processor.py:640} INFO - Processing file /home/airflow/.local/lib/python3.7/site-packages/airflow/example_dags/example_branch_operator.py for tasks to queue
[2022-10-01T00:30:47.267+0000] {logging_mixin.py:115} INFO - [2022-10-01T00:30:47.267+0000] {dagbag.py:508} INFO - Filling up the DagBag from /home/airflow/.local/lib/python3.7/site-packages/airflow/example_dags/example_branch_operator.py
[2022-10-01T00:30:47.278+0000] {processor.py:650} INFO - DAG(s) dict_keys(['example_branch_operator']) retrieved from /home/airflow/.local/lib/python3.7/site-packages/airflow/example_dags/example_branch_operator.py
[2022-10-01T00:30:47.303+0000] {logging_mixin.py:115} INFO - [2022-10-01T00:30:47.303+0000] {dag.py:2429} INFO - Sync 1 DAGs
[2022-10-01T00:30:47.318+0000] {logging_mixin.py:115} INFO - [2022-10-01T00:30:47.318+0000] {dag.py:2981} INFO - Setting next_dagrun for example_branch_operator to 2022-09-30T00:00:00+00:00, run_after=2022-10-01T00:00:00+00:00
[2022-10-01T00:30:47.326+0000] {processor.py:161} INFO - Processing /home/airflow/.local/lib/python3.7/site-packages/airflow/example_dags/example_branch_operator.py took 0.067 seconds
[2022-10-01T00:31:17.773+0000] {processor.py:153} INFO - Started process (PID=37232) to work on /home/airflow/.local/lib/python3.7/site-packages/airflow/example_dags/example_branch_operator.py
[2022-10-01T00:31:17.774+0000] {processor.py:640} INFO - Processing file /home/airflow/.local/lib/python3.7/site-packages/airflow/example_dags/example_branch_operator.py for tasks to queue
[2022-10-01T00:31:17.776+0000] {logging_mixin.py:115} INFO - [2022-10-01T00:31:17.776+0000] {dagbag.py:508} INFO - Filling up the DagBag from /home/airflow/.local/lib/python3.7/site-packages/airflow/example_dags/example_branch_operator.py
[2022-10-01T00:31:17.783+0000] {processor.py:650} INFO - DAG(s) dict_keys(['example_branch_operator']) retrieved from /home/airflow/.local/lib/python3.7/site-packages/airflow/example_dags/example_branch_operator.py
[2022-10-01T00:31:17.806+0000] {logging_mixin.py:115} INFO - [2022-10-01T00:31:17.806+0000] {dag.py:2429} INFO - Sync 1 DAGs
[2022-10-01T00:31:17.822+0000] {logging_mixin.py:115} INFO - [2022-10-01T00:31:17.821+0000] {dag.py:2981} INFO - Setting next_dagrun for example_branch_operator to 2022-09-30T00:00:00+00:00, run_after=2022-10-01T00:00:00+00:00
[2022-10-01T00:31:17.831+0000] {processor.py:161} INFO - Processing /home/airflow/.local/lib/python3.7/site-packages/airflow/example_dags/example_branch_operator.py took 0.061 seconds
[2022-10-01T00:31:48.403+0000] {processor.py:153} INFO - Started process (PID=37289) to work on /home/airflow/.local/lib/python3.7/site-packages/airflow/example_dags/example_branch_operator.py
[2022-10-01T00:31:48.405+0000] {processor.py:640} INFO - Processing file /home/airflow/.local/lib/python3.7/site-packages/airflow/example_dags/example_branch_operator.py for tasks to queue
[2022-10-01T00:31:48.406+0000] {logging_mixin.py:115} INFO - [2022-10-01T00:31:48.406+0000] {dagbag.py:508} INFO - Filling up the DagBag from /home/airflow/.local/lib/python3.7/site-packages/airflow/example_dags/example_branch_operator.py
[2022-10-01T00:31:48.416+0000] {processor.py:650} INFO - DAG(s) dict_keys(['example_branch_operator']) retrieved from /home/airflow/.local/lib/python3.7/site-packages/airflow/example_dags/example_branch_operator.py
[2022-10-01T00:31:48.438+0000] {logging_mixin.py:115} INFO - [2022-10-01T00:31:48.438+0000] {dag.py:2429} INFO - Sync 1 DAGs
[2022-10-01T00:31:48.453+0000] {logging_mixin.py:115} INFO - [2022-10-01T00:31:48.453+0000] {dag.py:2981} INFO - Setting next_dagrun for example_branch_operator to 2022-09-30T00:00:00+00:00, run_after=2022-10-01T00:00:00+00:00
[2022-10-01T00:31:48.461+0000] {processor.py:161} INFO - Processing /home/airflow/.local/lib/python3.7/site-packages/airflow/example_dags/example_branch_operator.py took 0.062 seconds
[2022-10-01T00:32:18.792+0000] {processor.py:153} INFO - Started process (PID=37355) to work on /home/airflow/.local/lib/python3.7/site-packages/airflow/example_dags/example_branch_operator.py
[2022-10-01T00:32:18.794+0000] {processor.py:640} INFO - Processing file /home/airflow/.local/lib/python3.7/site-packages/airflow/example_dags/example_branch_operator.py for tasks to queue
[2022-10-01T00:32:18.796+0000] {logging_mixin.py:115} INFO - [2022-10-01T00:32:18.796+0000] {dagbag.py:508} INFO - Filling up the DagBag from /home/airflow/.local/lib/python3.7/site-packages/airflow/example_dags/example_branch_operator.py
[2022-10-01T00:32:18.806+0000] {processor.py:650} INFO - DAG(s) dict_keys(['example_branch_operator']) retrieved from /home/airflow/.local/lib/python3.7/site-packages/airflow/example_dags/example_branch_operator.py
[2022-10-01T00:32:18.829+0000] {logging_mixin.py:115} INFO - [2022-10-01T00:32:18.829+0000] {dag.py:2429} INFO - Sync 1 DAGs
[2022-10-01T00:32:18.843+0000] {logging_mixin.py:115} INFO - [2022-10-01T00:32:18.843+0000] {dag.py:2981} INFO - Setting next_dagrun for example_branch_operator to 2022-09-30T00:00:00+00:00, run_after=2022-10-01T00:00:00+00:00
[2022-10-01T00:32:18.850+0000] {processor.py:161} INFO - Processing /home/airflow/.local/lib/python3.7/site-packages/airflow/example_dags/example_branch_operator.py took 0.062 seconds
[2022-10-01T00:32:48.964+0000] {processor.py:153} INFO - Started process (PID=37420) to work on /home/airflow/.local/lib/python3.7/site-packages/airflow/example_dags/example_branch_operator.py
[2022-10-01T00:32:48.971+0000] {processor.py:640} INFO - Processing file /home/airflow/.local/lib/python3.7/site-packages/airflow/example_dags/example_branch_operator.py for tasks to queue
[2022-10-01T00:32:48.974+0000] {logging_mixin.py:115} INFO - [2022-10-01T00:32:48.974+0000] {dagbag.py:508} INFO - Filling up the DagBag from /home/airflow/.local/lib/python3.7/site-packages/airflow/example_dags/example_branch_operator.py
[2022-10-01T00:32:48.992+0000] {processor.py:650} INFO - DAG(s) dict_keys(['example_branch_operator']) retrieved from /home/airflow/.local/lib/python3.7/site-packages/airflow/example_dags/example_branch_operator.py
[2022-10-01T00:32:49.042+0000] {logging_mixin.py:115} INFO - [2022-10-01T00:32:49.042+0000] {dag.py:2429} INFO - Sync 1 DAGs
[2022-10-01T00:32:49.080+0000] {logging_mixin.py:115} INFO - [2022-10-01T00:32:49.079+0000] {dag.py:2981} INFO - Setting next_dagrun for example_branch_operator to 2022-09-30T00:00:00+00:00, run_after=2022-10-01T00:00:00+00:00
[2022-10-01T00:32:49.093+0000] {processor.py:161} INFO - Processing /home/airflow/.local/lib/python3.7/site-packages/airflow/example_dags/example_branch_operator.py took 0.137 seconds
[2022-10-01T00:33:19.693+0000] {processor.py:153} INFO - Started process (PID=37477) to work on /home/airflow/.local/lib/python3.7/site-packages/airflow/example_dags/example_branch_operator.py
[2022-10-01T00:33:19.696+0000] {processor.py:640} INFO - Processing file /home/airflow/.local/lib/python3.7/site-packages/airflow/example_dags/example_branch_operator.py for tasks to queue
[2022-10-01T00:33:19.701+0000] {logging_mixin.py:115} INFO - [2022-10-01T00:33:19.700+0000] {dagbag.py:508} INFO - Filling up the DagBag from /home/airflow/.local/lib/python3.7/site-packages/airflow/example_dags/example_branch_operator.py
[2022-10-01T00:33:19.710+0000] {processor.py:650} INFO - DAG(s) dict_keys(['example_branch_operator']) retrieved from /home/airflow/.local/lib/python3.7/site-packages/airflow/example_dags/example_branch_operator.py
[2022-10-01T00:33:19.753+0000] {logging_mixin.py:115} INFO - [2022-10-01T00:33:19.753+0000] {dag.py:2429} INFO - Sync 1 DAGs
[2022-10-01T00:33:19.776+0000] {logging_mixin.py:115} INFO - [2022-10-01T00:33:19.775+0000] {dag.py:2981} INFO - Setting next_dagrun for example_branch_operator to 2022-09-30T00:00:00+00:00, run_after=2022-10-01T00:00:00+00:00
[2022-10-01T00:33:19.791+0000] {processor.py:161} INFO - Processing /home/airflow/.local/lib/python3.7/site-packages/airflow/example_dags/example_branch_operator.py took 0.101 seconds
[2022-10-01T00:33:50.063+0000] {processor.py:153} INFO - Started process (PID=37541) to work on /home/airflow/.local/lib/python3.7/site-packages/airflow/example_dags/example_branch_operator.py
[2022-10-01T00:33:50.079+0000] {processor.py:640} INFO - Processing file /home/airflow/.local/lib/python3.7/site-packages/airflow/example_dags/example_branch_operator.py for tasks to queue
[2022-10-01T00:33:50.081+0000] {logging_mixin.py:115} INFO - [2022-10-01T00:33:50.081+0000] {dagbag.py:508} INFO - Filling up the DagBag from /home/airflow/.local/lib/python3.7/site-packages/airflow/example_dags/example_branch_operator.py
[2022-10-01T00:33:50.089+0000] {processor.py:650} INFO - DAG(s) dict_keys(['example_branch_operator']) retrieved from /home/airflow/.local/lib/python3.7/site-packages/airflow/example_dags/example_branch_operator.py
[2022-10-01T00:33:50.134+0000] {logging_mixin.py:115} INFO - [2022-10-01T00:33:50.134+0000] {dag.py:2429} INFO - Sync 1 DAGs
[2022-10-01T00:33:50.149+0000] {logging_mixin.py:115} INFO - [2022-10-01T00:33:50.149+0000] {dag.py:2981} INFO - Setting next_dagrun for example_branch_operator to 2022-09-30T00:00:00+00:00, run_after=2022-10-01T00:00:00+00:00
[2022-10-01T00:33:50.158+0000] {processor.py:161} INFO - Processing /home/airflow/.local/lib/python3.7/site-packages/airflow/example_dags/example_branch_operator.py took 0.097 seconds
[2022-10-01T00:34:20.616+0000] {processor.py:153} INFO - Started process (PID=37599) to work on /home/airflow/.local/lib/python3.7/site-packages/airflow/example_dags/example_branch_operator.py
[2022-10-01T00:34:20.618+0000] {processor.py:640} INFO - Processing file /home/airflow/.local/lib/python3.7/site-packages/airflow/example_dags/example_branch_operator.py for tasks to queue
[2022-10-01T00:34:20.619+0000] {logging_mixin.py:115} INFO - [2022-10-01T00:34:20.618+0000] {dagbag.py:508} INFO - Filling up the DagBag from /home/airflow/.local/lib/python3.7/site-packages/airflow/example_dags/example_branch_operator.py
[2022-10-01T00:34:20.626+0000] {processor.py:650} INFO - DAG(s) dict_keys(['example_branch_operator']) retrieved from /home/airflow/.local/lib/python3.7/site-packages/airflow/example_dags/example_branch_operator.py
[2022-10-01T00:34:20.646+0000] {logging_mixin.py:115} INFO - [2022-10-01T00:34:20.646+0000] {dag.py:2429} INFO - Sync 1 DAGs
[2022-10-01T00:34:20.661+0000] {logging_mixin.py:115} INFO - [2022-10-01T00:34:20.661+0000] {dag.py:2981} INFO - Setting next_dagrun for example_branch_operator to 2022-09-30T00:00:00+00:00, run_after=2022-10-01T00:00:00+00:00
[2022-10-01T00:34:20.670+0000] {processor.py:161} INFO - Processing /home/airflow/.local/lib/python3.7/site-packages/airflow/example_dags/example_branch_operator.py took 0.057 seconds
[2022-10-01T00:34:51.388+0000] {processor.py:153} INFO - Started process (PID=37665) to work on /home/airflow/.local/lib/python3.7/site-packages/airflow/example_dags/example_branch_operator.py
[2022-10-01T00:34:51.390+0000] {processor.py:640} INFO - Processing file /home/airflow/.local/lib/python3.7/site-packages/airflow/example_dags/example_branch_operator.py for tasks to queue
[2022-10-01T00:34:51.391+0000] {logging_mixin.py:115} INFO - [2022-10-01T00:34:51.391+0000] {dagbag.py:508} INFO - Filling up the DagBag from /home/airflow/.local/lib/python3.7/site-packages/airflow/example_dags/example_branch_operator.py
[2022-10-01T00:34:51.399+0000] {processor.py:650} INFO - DAG(s) dict_keys(['example_branch_operator']) retrieved from /home/airflow/.local/lib/python3.7/site-packages/airflow/example_dags/example_branch_operator.py
[2022-10-01T00:34:51.418+0000] {logging_mixin.py:115} INFO - [2022-10-01T00:34:51.418+0000] {dag.py:2429} INFO - Sync 1 DAGs
[2022-10-01T00:34:51.433+0000] {logging_mixin.py:115} INFO - [2022-10-01T00:34:51.433+0000] {dag.py:2981} INFO - Setting next_dagrun for example_branch_operator to 2022-09-30T00:00:00+00:00, run_after=2022-10-01T00:00:00+00:00
[2022-10-01T00:34:51.443+0000] {processor.py:161} INFO - Processing /home/airflow/.local/lib/python3.7/site-packages/airflow/example_dags/example_branch_operator.py took 0.057 seconds
[2022-10-01T00:35:22.338+0000] {processor.py:153} INFO - Started process (PID=37732) to work on /home/airflow/.local/lib/python3.7/site-packages/airflow/example_dags/example_branch_operator.py
[2022-10-01T00:35:22.340+0000] {processor.py:640} INFO - Processing file /home/airflow/.local/lib/python3.7/site-packages/airflow/example_dags/example_branch_operator.py for tasks to queue
[2022-10-01T00:35:22.341+0000] {logging_mixin.py:115} INFO - [2022-10-01T00:35:22.341+0000] {dagbag.py:508} INFO - Filling up the DagBag from /home/airflow/.local/lib/python3.7/site-packages/airflow/example_dags/example_branch_operator.py
[2022-10-01T00:35:22.354+0000] {processor.py:650} INFO - DAG(s) dict_keys(['example_branch_operator']) retrieved from /home/airflow/.local/lib/python3.7/site-packages/airflow/example_dags/example_branch_operator.py
[2022-10-01T00:35:22.383+0000] {logging_mixin.py:115} INFO - [2022-10-01T00:35:22.383+0000] {dag.py:2429} INFO - Sync 1 DAGs
[2022-10-01T00:35:22.403+0000] {logging_mixin.py:115} INFO - [2022-10-01T00:35:22.403+0000] {dag.py:2981} INFO - Setting next_dagrun for example_branch_operator to 2022-09-30T00:00:00+00:00, run_after=2022-10-01T00:00:00+00:00
[2022-10-01T00:35:22.417+0000] {processor.py:161} INFO - Processing /home/airflow/.local/lib/python3.7/site-packages/airflow/example_dags/example_branch_operator.py took 0.085 seconds
[2022-10-01T00:35:53.311+0000] {processor.py:153} INFO - Started process (PID=37789) to work on /home/airflow/.local/lib/python3.7/site-packages/airflow/example_dags/example_branch_operator.py
[2022-10-01T00:35:53.313+0000] {processor.py:640} INFO - Processing file /home/airflow/.local/lib/python3.7/site-packages/airflow/example_dags/example_branch_operator.py for tasks to queue
[2022-10-01T00:35:53.314+0000] {logging_mixin.py:115} INFO - [2022-10-01T00:35:53.314+0000] {dagbag.py:508} INFO - Filling up the DagBag from /home/airflow/.local/lib/python3.7/site-packages/airflow/example_dags/example_branch_operator.py
[2022-10-01T00:35:53.323+0000] {processor.py:650} INFO - DAG(s) dict_keys(['example_branch_operator']) retrieved from /home/airflow/.local/lib/python3.7/site-packages/airflow/example_dags/example_branch_operator.py
[2022-10-01T00:35:53.345+0000] {logging_mixin.py:115} INFO - [2022-10-01T00:35:53.345+0000] {dag.py:2429} INFO - Sync 1 DAGs
[2022-10-01T00:35:53.361+0000] {logging_mixin.py:115} INFO - [2022-10-01T00:35:53.361+0000] {dag.py:2981} INFO - Setting next_dagrun for example_branch_operator to 2022-09-30T00:00:00+00:00, run_after=2022-10-01T00:00:00+00:00
[2022-10-01T00:35:53.373+0000] {processor.py:161} INFO - Processing /home/airflow/.local/lib/python3.7/site-packages/airflow/example_dags/example_branch_operator.py took 0.066 seconds
