[2022-10-01T00:00:22.879+0000] {processor.py:153} INFO - Started process (PID=33919) to work on /home/airflow/.local/lib/python3.7/site-packages/airflow/example_dags/example_latest_only_with_trigger.py
[2022-10-01T00:00:22.881+0000] {processor.py:640} INFO - Processing file /home/airflow/.local/lib/python3.7/site-packages/airflow/example_dags/example_latest_only_with_trigger.py for tasks to queue
[2022-10-01T00:00:22.882+0000] {logging_mixin.py:115} INFO - [2022-10-01T00:00:22.882+0000] {dagbag.py:508} INFO - Filling up the DagBag from /home/airflow/.local/lib/python3.7/site-packages/airflow/example_dags/example_latest_only_with_trigger.py
[2022-10-01T00:00:22.886+0000] {processor.py:650} INFO - DAG(s) dict_keys(['latest_only_with_trigger']) retrieved from /home/airflow/.local/lib/python3.7/site-packages/airflow/example_dags/example_latest_only_with_trigger.py
[2022-10-01T00:00:22.906+0000] {logging_mixin.py:115} INFO - [2022-10-01T00:00:22.906+0000] {dag.py:2429} INFO - Sync 1 DAGs
[2022-10-01T00:00:22.922+0000] {logging_mixin.py:115} INFO - [2022-10-01T00:00:22.922+0000] {dag.py:2981} INFO - Setting next_dagrun for latest_only_with_trigger to 2022-09-30T20:00:22.922204+00:00, run_after=2022-10-01T00:00:22.922204+00:00
[2022-10-01T00:00:22.930+0000] {processor.py:161} INFO - Processing /home/airflow/.local/lib/python3.7/site-packages/airflow/example_dags/example_latest_only_with_trigger.py took 0.053 seconds
[2022-10-01T00:00:53.440+0000] {processor.py:153} INFO - Started process (PID=33986) to work on /home/airflow/.local/lib/python3.7/site-packages/airflow/example_dags/example_latest_only_with_trigger.py
[2022-10-01T00:00:53.441+0000] {processor.py:640} INFO - Processing file /home/airflow/.local/lib/python3.7/site-packages/airflow/example_dags/example_latest_only_with_trigger.py for tasks to queue
[2022-10-01T00:00:53.443+0000] {logging_mixin.py:115} INFO - [2022-10-01T00:00:53.442+0000] {dagbag.py:508} INFO - Filling up the DagBag from /home/airflow/.local/lib/python3.7/site-packages/airflow/example_dags/example_latest_only_with_trigger.py
[2022-10-01T00:00:53.447+0000] {processor.py:650} INFO - DAG(s) dict_keys(['latest_only_with_trigger']) retrieved from /home/airflow/.local/lib/python3.7/site-packages/airflow/example_dags/example_latest_only_with_trigger.py
[2022-10-01T00:00:53.466+0000] {logging_mixin.py:115} INFO - [2022-10-01T00:00:53.466+0000] {dag.py:2429} INFO - Sync 1 DAGs
[2022-10-01T00:00:53.487+0000] {logging_mixin.py:115} INFO - [2022-10-01T00:00:53.487+0000] {dag.py:2981} INFO - Setting next_dagrun for latest_only_with_trigger to 2022-09-30T20:00:53.486869+00:00, run_after=2022-10-01T00:00:53.486869+00:00
[2022-10-01T00:00:53.494+0000] {processor.py:161} INFO - Processing /home/airflow/.local/lib/python3.7/site-packages/airflow/example_dags/example_latest_only_with_trigger.py took 0.057 seconds
[2022-10-01T00:01:24.033+0000] {processor.py:153} INFO - Started process (PID=34052) to work on /home/airflow/.local/lib/python3.7/site-packages/airflow/example_dags/example_latest_only_with_trigger.py
[2022-10-01T00:01:24.034+0000] {processor.py:640} INFO - Processing file /home/airflow/.local/lib/python3.7/site-packages/airflow/example_dags/example_latest_only_with_trigger.py for tasks to queue
[2022-10-01T00:01:24.036+0000] {logging_mixin.py:115} INFO - [2022-10-01T00:01:24.036+0000] {dagbag.py:508} INFO - Filling up the DagBag from /home/airflow/.local/lib/python3.7/site-packages/airflow/example_dags/example_latest_only_with_trigger.py
[2022-10-01T00:01:24.040+0000] {processor.py:650} INFO - DAG(s) dict_keys(['latest_only_with_trigger']) retrieved from /home/airflow/.local/lib/python3.7/site-packages/airflow/example_dags/example_latest_only_with_trigger.py
[2022-10-01T00:01:24.060+0000] {logging_mixin.py:115} INFO - [2022-10-01T00:01:24.060+0000] {dag.py:2429} INFO - Sync 1 DAGs
[2022-10-01T00:01:24.076+0000] {logging_mixin.py:115} INFO - [2022-10-01T00:01:24.076+0000] {dag.py:2981} INFO - Setting next_dagrun for latest_only_with_trigger to 2022-09-30T20:01:24.076672+00:00, run_after=2022-10-01T00:01:24.076672+00:00
[2022-10-01T00:01:24.089+0000] {processor.py:161} INFO - Processing /home/airflow/.local/lib/python3.7/site-packages/airflow/example_dags/example_latest_only_with_trigger.py took 0.059 seconds
[2022-10-01T00:01:54.427+0000] {processor.py:153} INFO - Started process (PID=34109) to work on /home/airflow/.local/lib/python3.7/site-packages/airflow/example_dags/example_latest_only_with_trigger.py
[2022-10-01T00:01:54.429+0000] {processor.py:640} INFO - Processing file /home/airflow/.local/lib/python3.7/site-packages/airflow/example_dags/example_latest_only_with_trigger.py for tasks to queue
[2022-10-01T00:01:54.430+0000] {logging_mixin.py:115} INFO - [2022-10-01T00:01:54.430+0000] {dagbag.py:508} INFO - Filling up the DagBag from /home/airflow/.local/lib/python3.7/site-packages/airflow/example_dags/example_latest_only_with_trigger.py
[2022-10-01T00:01:54.434+0000] {processor.py:650} INFO - DAG(s) dict_keys(['latest_only_with_trigger']) retrieved from /home/airflow/.local/lib/python3.7/site-packages/airflow/example_dags/example_latest_only_with_trigger.py
[2022-10-01T00:01:54.453+0000] {logging_mixin.py:115} INFO - [2022-10-01T00:01:54.453+0000] {dag.py:2429} INFO - Sync 1 DAGs
[2022-10-01T00:01:54.471+0000] {logging_mixin.py:115} INFO - [2022-10-01T00:01:54.470+0000] {dag.py:2981} INFO - Setting next_dagrun for latest_only_with_trigger to 2022-09-30T20:01:54.470782+00:00, run_after=2022-10-01T00:01:54.470782+00:00
[2022-10-01T00:01:54.481+0000] {processor.py:161} INFO - Processing /home/airflow/.local/lib/python3.7/site-packages/airflow/example_dags/example_latest_only_with_trigger.py took 0.058 seconds
[2022-10-01T00:02:24.791+0000] {processor.py:153} INFO - Started process (PID=34175) to work on /home/airflow/.local/lib/python3.7/site-packages/airflow/example_dags/example_latest_only_with_trigger.py
[2022-10-01T00:02:24.793+0000] {processor.py:640} INFO - Processing file /home/airflow/.local/lib/python3.7/site-packages/airflow/example_dags/example_latest_only_with_trigger.py for tasks to queue
[2022-10-01T00:02:24.794+0000] {logging_mixin.py:115} INFO - [2022-10-01T00:02:24.794+0000] {dagbag.py:508} INFO - Filling up the DagBag from /home/airflow/.local/lib/python3.7/site-packages/airflow/example_dags/example_latest_only_with_trigger.py
[2022-10-01T00:02:24.799+0000] {processor.py:650} INFO - DAG(s) dict_keys(['latest_only_with_trigger']) retrieved from /home/airflow/.local/lib/python3.7/site-packages/airflow/example_dags/example_latest_only_with_trigger.py
[2022-10-01T00:02:24.819+0000] {logging_mixin.py:115} INFO - [2022-10-01T00:02:24.819+0000] {dag.py:2429} INFO - Sync 1 DAGs
[2022-10-01T00:02:24.835+0000] {logging_mixin.py:115} INFO - [2022-10-01T00:02:24.835+0000] {dag.py:2981} INFO - Setting next_dagrun for latest_only_with_trigger to 2022-09-30T20:02:24.835330+00:00, run_after=2022-10-01T00:02:24.835330+00:00
[2022-10-01T00:02:24.846+0000] {processor.py:161} INFO - Processing /home/airflow/.local/lib/python3.7/site-packages/airflow/example_dags/example_latest_only_with_trigger.py took 0.058 seconds
[2022-10-01T00:02:55.289+0000] {processor.py:153} INFO - Started process (PID=34241) to work on /home/airflow/.local/lib/python3.7/site-packages/airflow/example_dags/example_latest_only_with_trigger.py
[2022-10-01T00:02:55.291+0000] {processor.py:640} INFO - Processing file /home/airflow/.local/lib/python3.7/site-packages/airflow/example_dags/example_latest_only_with_trigger.py for tasks to queue
[2022-10-01T00:02:55.293+0000] {logging_mixin.py:115} INFO - [2022-10-01T00:02:55.293+0000] {dagbag.py:508} INFO - Filling up the DagBag from /home/airflow/.local/lib/python3.7/site-packages/airflow/example_dags/example_latest_only_with_trigger.py
[2022-10-01T00:02:55.298+0000] {processor.py:650} INFO - DAG(s) dict_keys(['latest_only_with_trigger']) retrieved from /home/airflow/.local/lib/python3.7/site-packages/airflow/example_dags/example_latest_only_with_trigger.py
[2022-10-01T00:02:55.320+0000] {logging_mixin.py:115} INFO - [2022-10-01T00:02:55.320+0000] {dag.py:2429} INFO - Sync 1 DAGs
[2022-10-01T00:02:55.337+0000] {logging_mixin.py:115} INFO - [2022-10-01T00:02:55.337+0000] {dag.py:2981} INFO - Setting next_dagrun for latest_only_with_trigger to 2022-09-30T20:02:55.337635+00:00, run_after=2022-10-01T00:02:55.337635+00:00
[2022-10-01T00:02:55.350+0000] {processor.py:161} INFO - Processing /home/airflow/.local/lib/python3.7/site-packages/airflow/example_dags/example_latest_only_with_trigger.py took 0.063 seconds
[2022-10-01T00:03:25.533+0000] {processor.py:153} INFO - Started process (PID=34308) to work on /home/airflow/.local/lib/python3.7/site-packages/airflow/example_dags/example_latest_only_with_trigger.py
[2022-10-01T00:03:25.534+0000] {processor.py:640} INFO - Processing file /home/airflow/.local/lib/python3.7/site-packages/airflow/example_dags/example_latest_only_with_trigger.py for tasks to queue
[2022-10-01T00:03:25.535+0000] {logging_mixin.py:115} INFO - [2022-10-01T00:03:25.535+0000] {dagbag.py:508} INFO - Filling up the DagBag from /home/airflow/.local/lib/python3.7/site-packages/airflow/example_dags/example_latest_only_with_trigger.py
[2022-10-01T00:03:25.541+0000] {processor.py:650} INFO - DAG(s) dict_keys(['latest_only_with_trigger']) retrieved from /home/airflow/.local/lib/python3.7/site-packages/airflow/example_dags/example_latest_only_with_trigger.py
[2022-10-01T00:03:25.563+0000] {logging_mixin.py:115} INFO - [2022-10-01T00:03:25.563+0000] {dag.py:2429} INFO - Sync 1 DAGs
[2022-10-01T00:03:25.577+0000] {logging_mixin.py:115} INFO - [2022-10-01T00:03:25.577+0000] {dag.py:2981} INFO - Setting next_dagrun for latest_only_with_trigger to 2022-09-30T20:03:25.577505+00:00, run_after=2022-10-01T00:03:25.577505+00:00
[2022-10-01T00:03:25.586+0000] {processor.py:161} INFO - Processing /home/airflow/.local/lib/python3.7/site-packages/airflow/example_dags/example_latest_only_with_trigger.py took 0.056 seconds
[2022-10-01T00:03:55.938+0000] {processor.py:153} INFO - Started process (PID=34365) to work on /home/airflow/.local/lib/python3.7/site-packages/airflow/example_dags/example_latest_only_with_trigger.py
[2022-10-01T00:03:55.940+0000] {processor.py:640} INFO - Processing file /home/airflow/.local/lib/python3.7/site-packages/airflow/example_dags/example_latest_only_with_trigger.py for tasks to queue
[2022-10-01T00:03:55.941+0000] {logging_mixin.py:115} INFO - [2022-10-01T00:03:55.941+0000] {dagbag.py:508} INFO - Filling up the DagBag from /home/airflow/.local/lib/python3.7/site-packages/airflow/example_dags/example_latest_only_with_trigger.py
[2022-10-01T00:03:55.945+0000] {processor.py:650} INFO - DAG(s) dict_keys(['latest_only_with_trigger']) retrieved from /home/airflow/.local/lib/python3.7/site-packages/airflow/example_dags/example_latest_only_with_trigger.py
[2022-10-01T00:03:55.964+0000] {logging_mixin.py:115} INFO - [2022-10-01T00:03:55.964+0000] {dag.py:2429} INFO - Sync 1 DAGs
[2022-10-01T00:03:55.978+0000] {logging_mixin.py:115} INFO - [2022-10-01T00:03:55.978+0000] {dag.py:2981} INFO - Setting next_dagrun for latest_only_with_trigger to 2022-09-30T20:03:55.978696+00:00, run_after=2022-10-01T00:03:55.978696+00:00
[2022-10-01T00:03:55.986+0000] {processor.py:161} INFO - Processing /home/airflow/.local/lib/python3.7/site-packages/airflow/example_dags/example_latest_only_with_trigger.py took 0.051 seconds
[2022-10-01T00:04:26.307+0000] {processor.py:153} INFO - Started process (PID=34431) to work on /home/airflow/.local/lib/python3.7/site-packages/airflow/example_dags/example_latest_only_with_trigger.py
[2022-10-01T00:04:26.309+0000] {processor.py:640} INFO - Processing file /home/airflow/.local/lib/python3.7/site-packages/airflow/example_dags/example_latest_only_with_trigger.py for tasks to queue
[2022-10-01T00:04:26.310+0000] {logging_mixin.py:115} INFO - [2022-10-01T00:04:26.310+0000] {dagbag.py:508} INFO - Filling up the DagBag from /home/airflow/.local/lib/python3.7/site-packages/airflow/example_dags/example_latest_only_with_trigger.py
[2022-10-01T00:04:26.318+0000] {processor.py:650} INFO - DAG(s) dict_keys(['latest_only_with_trigger']) retrieved from /home/airflow/.local/lib/python3.7/site-packages/airflow/example_dags/example_latest_only_with_trigger.py
[2022-10-01T00:04:26.345+0000] {logging_mixin.py:115} INFO - [2022-10-01T00:04:26.344+0000] {dag.py:2429} INFO - Sync 1 DAGs
[2022-10-01T00:04:26.367+0000] {logging_mixin.py:115} INFO - [2022-10-01T00:04:26.367+0000] {dag.py:2981} INFO - Setting next_dagrun for latest_only_with_trigger to 2022-09-30T20:04:26.366860+00:00, run_after=2022-10-01T00:04:26.366860+00:00
[2022-10-01T00:04:26.384+0000] {processor.py:161} INFO - Processing /home/airflow/.local/lib/python3.7/site-packages/airflow/example_dags/example_latest_only_with_trigger.py took 0.082 seconds
[2022-10-01T00:04:56.746+0000] {processor.py:153} INFO - Started process (PID=34497) to work on /home/airflow/.local/lib/python3.7/site-packages/airflow/example_dags/example_latest_only_with_trigger.py
[2022-10-01T00:04:56.748+0000] {processor.py:640} INFO - Processing file /home/airflow/.local/lib/python3.7/site-packages/airflow/example_dags/example_latest_only_with_trigger.py for tasks to queue
[2022-10-01T00:04:56.749+0000] {logging_mixin.py:115} INFO - [2022-10-01T00:04:56.749+0000] {dagbag.py:508} INFO - Filling up the DagBag from /home/airflow/.local/lib/python3.7/site-packages/airflow/example_dags/example_latest_only_with_trigger.py
[2022-10-01T00:04:56.756+0000] {processor.py:650} INFO - DAG(s) dict_keys(['latest_only_with_trigger']) retrieved from /home/airflow/.local/lib/python3.7/site-packages/airflow/example_dags/example_latest_only_with_trigger.py
[2022-10-01T00:04:56.779+0000] {logging_mixin.py:115} INFO - [2022-10-01T00:04:56.779+0000] {dag.py:2429} INFO - Sync 1 DAGs
[2022-10-01T00:04:56.798+0000] {logging_mixin.py:115} INFO - [2022-10-01T00:04:56.798+0000] {dag.py:2981} INFO - Setting next_dagrun for latest_only_with_trigger to 2022-09-30T20:04:56.798107+00:00, run_after=2022-10-01T00:04:56.798107+00:00
[2022-10-01T00:04:56.806+0000] {processor.py:161} INFO - Processing /home/airflow/.local/lib/python3.7/site-packages/airflow/example_dags/example_latest_only_with_trigger.py took 0.063 seconds
[2022-10-01T00:05:27.204+0000] {processor.py:153} INFO - Started process (PID=34564) to work on /home/airflow/.local/lib/python3.7/site-packages/airflow/example_dags/example_latest_only_with_trigger.py
[2022-10-01T00:05:27.206+0000] {processor.py:640} INFO - Processing file /home/airflow/.local/lib/python3.7/site-packages/airflow/example_dags/example_latest_only_with_trigger.py for tasks to queue
[2022-10-01T00:05:27.207+0000] {logging_mixin.py:115} INFO - [2022-10-01T00:05:27.207+0000] {dagbag.py:508} INFO - Filling up the DagBag from /home/airflow/.local/lib/python3.7/site-packages/airflow/example_dags/example_latest_only_with_trigger.py
[2022-10-01T00:05:27.213+0000] {processor.py:650} INFO - DAG(s) dict_keys(['latest_only_with_trigger']) retrieved from /home/airflow/.local/lib/python3.7/site-packages/airflow/example_dags/example_latest_only_with_trigger.py
[2022-10-01T00:05:27.231+0000] {logging_mixin.py:115} INFO - [2022-10-01T00:05:27.231+0000] {dag.py:2429} INFO - Sync 1 DAGs
[2022-10-01T00:05:27.245+0000] {logging_mixin.py:115} INFO - [2022-10-01T00:05:27.244+0000] {dag.py:2981} INFO - Setting next_dagrun for latest_only_with_trigger to 2022-09-30T20:05:27.244815+00:00, run_after=2022-10-01T00:05:27.244815+00:00
[2022-10-01T00:05:27.252+0000] {processor.py:161} INFO - Processing /home/airflow/.local/lib/python3.7/site-packages/airflow/example_dags/example_latest_only_with_trigger.py took 0.050 seconds
[2022-10-01T00:05:57.439+0000] {processor.py:153} INFO - Started process (PID=34621) to work on /home/airflow/.local/lib/python3.7/site-packages/airflow/example_dags/example_latest_only_with_trigger.py
[2022-10-01T00:05:57.441+0000] {processor.py:640} INFO - Processing file /home/airflow/.local/lib/python3.7/site-packages/airflow/example_dags/example_latest_only_with_trigger.py for tasks to queue
[2022-10-01T00:05:57.442+0000] {logging_mixin.py:115} INFO - [2022-10-01T00:05:57.442+0000] {dagbag.py:508} INFO - Filling up the DagBag from /home/airflow/.local/lib/python3.7/site-packages/airflow/example_dags/example_latest_only_with_trigger.py
[2022-10-01T00:05:57.448+0000] {processor.py:650} INFO - DAG(s) dict_keys(['latest_only_with_trigger']) retrieved from /home/airflow/.local/lib/python3.7/site-packages/airflow/example_dags/example_latest_only_with_trigger.py
[2022-10-01T00:05:57.467+0000] {logging_mixin.py:115} INFO - [2022-10-01T00:05:57.467+0000] {dag.py:2429} INFO - Sync 1 DAGs
[2022-10-01T00:05:57.480+0000] {logging_mixin.py:115} INFO - [2022-10-01T00:05:57.480+0000] {dag.py:2981} INFO - Setting next_dagrun for latest_only_with_trigger to 2022-09-30T20:05:57.480632+00:00, run_after=2022-10-01T00:05:57.480632+00:00
[2022-10-01T00:05:57.488+0000] {processor.py:161} INFO - Processing /home/airflow/.local/lib/python3.7/site-packages/airflow/example_dags/example_latest_only_with_trigger.py took 0.051 seconds
[2022-10-01T00:06:27.954+0000] {processor.py:153} INFO - Started process (PID=34688) to work on /home/airflow/.local/lib/python3.7/site-packages/airflow/example_dags/example_latest_only_with_trigger.py
[2022-10-01T00:06:27.957+0000] {processor.py:640} INFO - Processing file /home/airflow/.local/lib/python3.7/site-packages/airflow/example_dags/example_latest_only_with_trigger.py for tasks to queue
[2022-10-01T00:06:27.958+0000] {logging_mixin.py:115} INFO - [2022-10-01T00:06:27.958+0000] {dagbag.py:508} INFO - Filling up the DagBag from /home/airflow/.local/lib/python3.7/site-packages/airflow/example_dags/example_latest_only_with_trigger.py
[2022-10-01T00:06:27.963+0000] {processor.py:650} INFO - DAG(s) dict_keys(['latest_only_with_trigger']) retrieved from /home/airflow/.local/lib/python3.7/site-packages/airflow/example_dags/example_latest_only_with_trigger.py
[2022-10-01T00:06:27.984+0000] {logging_mixin.py:115} INFO - [2022-10-01T00:06:27.984+0000] {dag.py:2429} INFO - Sync 1 DAGs
[2022-10-01T00:06:28.000+0000] {logging_mixin.py:115} INFO - [2022-10-01T00:06:28.000+0000] {dag.py:2981} INFO - Setting next_dagrun for latest_only_with_trigger to 2022-09-30T20:06:28.000124+00:00, run_after=2022-10-01T00:06:28.000124+00:00
[2022-10-01T00:06:28.009+0000] {processor.py:161} INFO - Processing /home/airflow/.local/lib/python3.7/site-packages/airflow/example_dags/example_latest_only_with_trigger.py took 0.057 seconds
[2022-10-01T00:06:58.298+0000] {processor.py:153} INFO - Started process (PID=34754) to work on /home/airflow/.local/lib/python3.7/site-packages/airflow/example_dags/example_latest_only_with_trigger.py
[2022-10-01T00:06:58.300+0000] {processor.py:640} INFO - Processing file /home/airflow/.local/lib/python3.7/site-packages/airflow/example_dags/example_latest_only_with_trigger.py for tasks to queue
[2022-10-01T00:06:58.301+0000] {logging_mixin.py:115} INFO - [2022-10-01T00:06:58.301+0000] {dagbag.py:508} INFO - Filling up the DagBag from /home/airflow/.local/lib/python3.7/site-packages/airflow/example_dags/example_latest_only_with_trigger.py
[2022-10-01T00:06:58.306+0000] {processor.py:650} INFO - DAG(s) dict_keys(['latest_only_with_trigger']) retrieved from /home/airflow/.local/lib/python3.7/site-packages/airflow/example_dags/example_latest_only_with_trigger.py
[2022-10-01T00:06:58.328+0000] {logging_mixin.py:115} INFO - [2022-10-01T00:06:58.328+0000] {dag.py:2429} INFO - Sync 1 DAGs
[2022-10-01T00:06:58.351+0000] {logging_mixin.py:115} INFO - [2022-10-01T00:06:58.351+0000] {dag.py:2981} INFO - Setting next_dagrun for latest_only_with_trigger to 2022-09-30T20:06:58.351216+00:00, run_after=2022-10-01T00:06:58.351216+00:00
[2022-10-01T00:06:58.360+0000] {processor.py:161} INFO - Processing /home/airflow/.local/lib/python3.7/site-packages/airflow/example_dags/example_latest_only_with_trigger.py took 0.065 seconds
[2022-10-01T00:07:28.601+0000] {processor.py:153} INFO - Started process (PID=34820) to work on /home/airflow/.local/lib/python3.7/site-packages/airflow/example_dags/example_latest_only_with_trigger.py
[2022-10-01T00:07:28.604+0000] {processor.py:640} INFO - Processing file /home/airflow/.local/lib/python3.7/site-packages/airflow/example_dags/example_latest_only_with_trigger.py for tasks to queue
[2022-10-01T00:07:28.605+0000] {logging_mixin.py:115} INFO - [2022-10-01T00:07:28.605+0000] {dagbag.py:508} INFO - Filling up the DagBag from /home/airflow/.local/lib/python3.7/site-packages/airflow/example_dags/example_latest_only_with_trigger.py
[2022-10-01T00:07:28.614+0000] {processor.py:650} INFO - DAG(s) dict_keys(['latest_only_with_trigger']) retrieved from /home/airflow/.local/lib/python3.7/site-packages/airflow/example_dags/example_latest_only_with_trigger.py
[2022-10-01T00:07:28.675+0000] {logging_mixin.py:115} INFO - [2022-10-01T00:07:28.675+0000] {dag.py:2429} INFO - Sync 1 DAGs
[2022-10-01T00:07:28.720+0000] {logging_mixin.py:115} INFO - [2022-10-01T00:07:28.720+0000] {dag.py:2981} INFO - Setting next_dagrun for latest_only_with_trigger to 2022-09-30T20:07:28.719845+00:00, run_after=2022-10-01T00:07:28.719845+00:00
[2022-10-01T00:07:28.745+0000] {processor.py:161} INFO - Processing /home/airflow/.local/lib/python3.7/site-packages/airflow/example_dags/example_latest_only_with_trigger.py took 0.148 seconds
[2022-10-01T00:07:59.044+0000] {processor.py:153} INFO - Started process (PID=34877) to work on /home/airflow/.local/lib/python3.7/site-packages/airflow/example_dags/example_latest_only_with_trigger.py
[2022-10-01T00:07:59.046+0000] {processor.py:640} INFO - Processing file /home/airflow/.local/lib/python3.7/site-packages/airflow/example_dags/example_latest_only_with_trigger.py for tasks to queue
[2022-10-01T00:07:59.047+0000] {logging_mixin.py:115} INFO - [2022-10-01T00:07:59.047+0000] {dagbag.py:508} INFO - Filling up the DagBag from /home/airflow/.local/lib/python3.7/site-packages/airflow/example_dags/example_latest_only_with_trigger.py
[2022-10-01T00:07:59.051+0000] {processor.py:650} INFO - DAG(s) dict_keys(['latest_only_with_trigger']) retrieved from /home/airflow/.local/lib/python3.7/site-packages/airflow/example_dags/example_latest_only_with_trigger.py
[2022-10-01T00:07:59.072+0000] {logging_mixin.py:115} INFO - [2022-10-01T00:07:59.072+0000] {dag.py:2429} INFO - Sync 1 DAGs
[2022-10-01T00:07:59.090+0000] {logging_mixin.py:115} INFO - [2022-10-01T00:07:59.089+0000] {dag.py:2981} INFO - Setting next_dagrun for latest_only_with_trigger to 2022-09-30T20:07:59.089129+00:00, run_after=2022-10-01T00:07:59.089129+00:00
[2022-10-01T00:07:59.103+0000] {processor.py:161} INFO - Processing /home/airflow/.local/lib/python3.7/site-packages/airflow/example_dags/example_latest_only_with_trigger.py took 0.061 seconds
[2022-10-01T00:08:29.547+0000] {processor.py:153} INFO - Started process (PID=34943) to work on /home/airflow/.local/lib/python3.7/site-packages/airflow/example_dags/example_latest_only_with_trigger.py
[2022-10-01T00:08:29.549+0000] {processor.py:640} INFO - Processing file /home/airflow/.local/lib/python3.7/site-packages/airflow/example_dags/example_latest_only_with_trigger.py for tasks to queue
[2022-10-01T00:08:29.550+0000] {logging_mixin.py:115} INFO - [2022-10-01T00:08:29.550+0000] {dagbag.py:508} INFO - Filling up the DagBag from /home/airflow/.local/lib/python3.7/site-packages/airflow/example_dags/example_latest_only_with_trigger.py
[2022-10-01T00:08:29.555+0000] {processor.py:650} INFO - DAG(s) dict_keys(['latest_only_with_trigger']) retrieved from /home/airflow/.local/lib/python3.7/site-packages/airflow/example_dags/example_latest_only_with_trigger.py
[2022-10-01T00:08:29.573+0000] {logging_mixin.py:115} INFO - [2022-10-01T00:08:29.572+0000] {dag.py:2429} INFO - Sync 1 DAGs
[2022-10-01T00:08:29.588+0000] {logging_mixin.py:115} INFO - [2022-10-01T00:08:29.588+0000] {dag.py:2981} INFO - Setting next_dagrun for latest_only_with_trigger to 2022-09-30T20:08:29.587723+00:00, run_after=2022-10-01T00:08:29.587723+00:00
[2022-10-01T00:08:29.596+0000] {processor.py:161} INFO - Processing /home/airflow/.local/lib/python3.7/site-packages/airflow/example_dags/example_latest_only_with_trigger.py took 0.051 seconds
[2022-10-01T00:08:59.995+0000] {processor.py:153} INFO - Started process (PID=35009) to work on /home/airflow/.local/lib/python3.7/site-packages/airflow/example_dags/example_latest_only_with_trigger.py
[2022-10-01T00:08:59.996+0000] {processor.py:640} INFO - Processing file /home/airflow/.local/lib/python3.7/site-packages/airflow/example_dags/example_latest_only_with_trigger.py for tasks to queue
[2022-10-01T00:08:59.998+0000] {logging_mixin.py:115} INFO - [2022-10-01T00:08:59.998+0000] {dagbag.py:508} INFO - Filling up the DagBag from /home/airflow/.local/lib/python3.7/site-packages/airflow/example_dags/example_latest_only_with_trigger.py
[2022-10-01T00:09:00.003+0000] {processor.py:650} INFO - DAG(s) dict_keys(['latest_only_with_trigger']) retrieved from /home/airflow/.local/lib/python3.7/site-packages/airflow/example_dags/example_latest_only_with_trigger.py
[2022-10-01T00:09:00.020+0000] {logging_mixin.py:115} INFO - [2022-10-01T00:09:00.020+0000] {dag.py:2429} INFO - Sync 1 DAGs
[2022-10-01T00:09:00.033+0000] {logging_mixin.py:115} INFO - [2022-10-01T00:09:00.033+0000] {dag.py:2981} INFO - Setting next_dagrun for latest_only_with_trigger to 2022-09-30T20:09:00.033689+00:00, run_after=2022-10-01T00:09:00.033689+00:00
[2022-10-01T00:09:00.041+0000] {processor.py:161} INFO - Processing /home/airflow/.local/lib/python3.7/site-packages/airflow/example_dags/example_latest_only_with_trigger.py took 0.048 seconds
[2022-10-01T00:09:30.566+0000] {processor.py:153} INFO - Started process (PID=35074) to work on /home/airflow/.local/lib/python3.7/site-packages/airflow/example_dags/example_latest_only_with_trigger.py
[2022-10-01T00:09:30.568+0000] {processor.py:640} INFO - Processing file /home/airflow/.local/lib/python3.7/site-packages/airflow/example_dags/example_latest_only_with_trigger.py for tasks to queue
[2022-10-01T00:09:30.569+0000] {logging_mixin.py:115} INFO - [2022-10-01T00:09:30.569+0000] {dagbag.py:508} INFO - Filling up the DagBag from /home/airflow/.local/lib/python3.7/site-packages/airflow/example_dags/example_latest_only_with_trigger.py
[2022-10-01T00:09:30.574+0000] {processor.py:650} INFO - DAG(s) dict_keys(['latest_only_with_trigger']) retrieved from /home/airflow/.local/lib/python3.7/site-packages/airflow/example_dags/example_latest_only_with_trigger.py
[2022-10-01T00:09:30.594+0000] {logging_mixin.py:115} INFO - [2022-10-01T00:09:30.594+0000] {dag.py:2429} INFO - Sync 1 DAGs
[2022-10-01T00:09:30.609+0000] {logging_mixin.py:115} INFO - [2022-10-01T00:09:30.609+0000] {dag.py:2981} INFO - Setting next_dagrun for latest_only_with_trigger to 2022-09-30T20:09:30.608910+00:00, run_after=2022-10-01T00:09:30.608910+00:00
[2022-10-01T00:09:30.624+0000] {processor.py:161} INFO - Processing /home/airflow/.local/lib/python3.7/site-packages/airflow/example_dags/example_latest_only_with_trigger.py took 0.060 seconds
[2022-10-01T00:10:01.132+0000] {processor.py:153} INFO - Started process (PID=35130) to work on /home/airflow/.local/lib/python3.7/site-packages/airflow/example_dags/example_latest_only_with_trigger.py
[2022-10-01T00:10:01.134+0000] {processor.py:640} INFO - Processing file /home/airflow/.local/lib/python3.7/site-packages/airflow/example_dags/example_latest_only_with_trigger.py for tasks to queue
[2022-10-01T00:10:01.135+0000] {logging_mixin.py:115} INFO - [2022-10-01T00:10:01.135+0000] {dagbag.py:508} INFO - Filling up the DagBag from /home/airflow/.local/lib/python3.7/site-packages/airflow/example_dags/example_latest_only_with_trigger.py
[2022-10-01T00:10:01.140+0000] {processor.py:650} INFO - DAG(s) dict_keys(['latest_only_with_trigger']) retrieved from /home/airflow/.local/lib/python3.7/site-packages/airflow/example_dags/example_latest_only_with_trigger.py
[2022-10-01T00:10:01.168+0000] {logging_mixin.py:115} INFO - [2022-10-01T00:10:01.168+0000] {dag.py:2429} INFO - Sync 1 DAGs
[2022-10-01T00:10:01.185+0000] {logging_mixin.py:115} INFO - [2022-10-01T00:10:01.185+0000] {dag.py:2981} INFO - Setting next_dagrun for latest_only_with_trigger to 2022-09-30T20:10:01.185438+00:00, run_after=2022-10-01T00:10:01.185438+00:00
[2022-10-01T00:10:01.195+0000] {processor.py:161} INFO - Processing /home/airflow/.local/lib/python3.7/site-packages/airflow/example_dags/example_latest_only_with_trigger.py took 0.066 seconds
[2022-10-01T00:10:31.558+0000] {processor.py:153} INFO - Started process (PID=35197) to work on /home/airflow/.local/lib/python3.7/site-packages/airflow/example_dags/example_latest_only_with_trigger.py
[2022-10-01T00:10:31.562+0000] {processor.py:640} INFO - Processing file /home/airflow/.local/lib/python3.7/site-packages/airflow/example_dags/example_latest_only_with_trigger.py for tasks to queue
[2022-10-01T00:10:31.564+0000] {logging_mixin.py:115} INFO - [2022-10-01T00:10:31.564+0000] {dagbag.py:508} INFO - Filling up the DagBag from /home/airflow/.local/lib/python3.7/site-packages/airflow/example_dags/example_latest_only_with_trigger.py
[2022-10-01T00:10:31.570+0000] {processor.py:650} INFO - DAG(s) dict_keys(['latest_only_with_trigger']) retrieved from /home/airflow/.local/lib/python3.7/site-packages/airflow/example_dags/example_latest_only_with_trigger.py
[2022-10-01T00:10:31.594+0000] {logging_mixin.py:115} INFO - [2022-10-01T00:10:31.594+0000] {dag.py:2429} INFO - Sync 1 DAGs
[2022-10-01T00:10:31.615+0000] {logging_mixin.py:115} INFO - [2022-10-01T00:10:31.615+0000] {dag.py:2981} INFO - Setting next_dagrun for latest_only_with_trigger to 2022-09-30T20:10:31.615081+00:00, run_after=2022-10-01T00:10:31.615081+00:00
[2022-10-01T00:10:31.630+0000] {processor.py:161} INFO - Processing /home/airflow/.local/lib/python3.7/site-packages/airflow/example_dags/example_latest_only_with_trigger.py took 0.075 seconds
[2022-10-01T00:11:02.018+0000] {processor.py:153} INFO - Started process (PID=35263) to work on /home/airflow/.local/lib/python3.7/site-packages/airflow/example_dags/example_latest_only_with_trigger.py
[2022-10-01T00:11:02.020+0000] {processor.py:640} INFO - Processing file /home/airflow/.local/lib/python3.7/site-packages/airflow/example_dags/example_latest_only_with_trigger.py for tasks to queue
[2022-10-01T00:11:02.021+0000] {logging_mixin.py:115} INFO - [2022-10-01T00:11:02.021+0000] {dagbag.py:508} INFO - Filling up the DagBag from /home/airflow/.local/lib/python3.7/site-packages/airflow/example_dags/example_latest_only_with_trigger.py
[2022-10-01T00:11:02.025+0000] {processor.py:650} INFO - DAG(s) dict_keys(['latest_only_with_trigger']) retrieved from /home/airflow/.local/lib/python3.7/site-packages/airflow/example_dags/example_latest_only_with_trigger.py
[2022-10-01T00:11:02.046+0000] {logging_mixin.py:115} INFO - [2022-10-01T00:11:02.046+0000] {dag.py:2429} INFO - Sync 1 DAGs
[2022-10-01T00:11:02.063+0000] {logging_mixin.py:115} INFO - [2022-10-01T00:11:02.063+0000] {dag.py:2981} INFO - Setting next_dagrun for latest_only_with_trigger to 2022-09-30T20:11:02.063022+00:00, run_after=2022-10-01T00:11:02.063022+00:00
[2022-10-01T00:11:02.075+0000] {processor.py:161} INFO - Processing /home/airflow/.local/lib/python3.7/site-packages/airflow/example_dags/example_latest_only_with_trigger.py took 0.059 seconds
[2022-10-01T00:11:32.306+0000] {processor.py:153} INFO - Started process (PID=35329) to work on /home/airflow/.local/lib/python3.7/site-packages/airflow/example_dags/example_latest_only_with_trigger.py
[2022-10-01T00:11:32.308+0000] {processor.py:640} INFO - Processing file /home/airflow/.local/lib/python3.7/site-packages/airflow/example_dags/example_latest_only_with_trigger.py for tasks to queue
[2022-10-01T00:11:32.309+0000] {logging_mixin.py:115} INFO - [2022-10-01T00:11:32.309+0000] {dagbag.py:508} INFO - Filling up the DagBag from /home/airflow/.local/lib/python3.7/site-packages/airflow/example_dags/example_latest_only_with_trigger.py
[2022-10-01T00:11:32.314+0000] {processor.py:650} INFO - DAG(s) dict_keys(['latest_only_with_trigger']) retrieved from /home/airflow/.local/lib/python3.7/site-packages/airflow/example_dags/example_latest_only_with_trigger.py
[2022-10-01T00:11:32.340+0000] {logging_mixin.py:115} INFO - [2022-10-01T00:11:32.340+0000] {dag.py:2429} INFO - Sync 1 DAGs
[2022-10-01T00:11:32.360+0000] {logging_mixin.py:115} INFO - [2022-10-01T00:11:32.359+0000] {dag.py:2981} INFO - Setting next_dagrun for latest_only_with_trigger to 2022-09-30T20:11:32.359751+00:00, run_after=2022-10-01T00:11:32.359751+00:00
[2022-10-01T00:11:32.369+0000] {processor.py:161} INFO - Processing /home/airflow/.local/lib/python3.7/site-packages/airflow/example_dags/example_latest_only_with_trigger.py took 0.065 seconds
[2022-10-01T00:12:02.671+0000] {processor.py:153} INFO - Started process (PID=35386) to work on /home/airflow/.local/lib/python3.7/site-packages/airflow/example_dags/example_latest_only_with_trigger.py
[2022-10-01T00:12:02.673+0000] {processor.py:640} INFO - Processing file /home/airflow/.local/lib/python3.7/site-packages/airflow/example_dags/example_latest_only_with_trigger.py for tasks to queue
[2022-10-01T00:12:02.674+0000] {logging_mixin.py:115} INFO - [2022-10-01T00:12:02.674+0000] {dagbag.py:508} INFO - Filling up the DagBag from /home/airflow/.local/lib/python3.7/site-packages/airflow/example_dags/example_latest_only_with_trigger.py
[2022-10-01T00:12:02.682+0000] {processor.py:650} INFO - DAG(s) dict_keys(['latest_only_with_trigger']) retrieved from /home/airflow/.local/lib/python3.7/site-packages/airflow/example_dags/example_latest_only_with_trigger.py
[2022-10-01T00:12:02.703+0000] {logging_mixin.py:115} INFO - [2022-10-01T00:12:02.703+0000] {dag.py:2429} INFO - Sync 1 DAGs
[2022-10-01T00:12:02.718+0000] {logging_mixin.py:115} INFO - [2022-10-01T00:12:02.717+0000] {dag.py:2981} INFO - Setting next_dagrun for latest_only_with_trigger to 2022-09-30T20:12:02.717823+00:00, run_after=2022-10-01T00:12:02.717823+00:00
[2022-10-01T00:12:02.726+0000] {processor.py:161} INFO - Processing /home/airflow/.local/lib/python3.7/site-packages/airflow/example_dags/example_latest_only_with_trigger.py took 0.058 seconds
[2022-10-01T00:12:33.234+0000] {processor.py:153} INFO - Started process (PID=35453) to work on /home/airflow/.local/lib/python3.7/site-packages/airflow/example_dags/example_latest_only_with_trigger.py
[2022-10-01T00:12:33.235+0000] {processor.py:640} INFO - Processing file /home/airflow/.local/lib/python3.7/site-packages/airflow/example_dags/example_latest_only_with_trigger.py for tasks to queue
[2022-10-01T00:12:33.237+0000] {logging_mixin.py:115} INFO - [2022-10-01T00:12:33.237+0000] {dagbag.py:508} INFO - Filling up the DagBag from /home/airflow/.local/lib/python3.7/site-packages/airflow/example_dags/example_latest_only_with_trigger.py
[2022-10-01T00:12:33.242+0000] {processor.py:650} INFO - DAG(s) dict_keys(['latest_only_with_trigger']) retrieved from /home/airflow/.local/lib/python3.7/site-packages/airflow/example_dags/example_latest_only_with_trigger.py
[2022-10-01T00:12:33.263+0000] {logging_mixin.py:115} INFO - [2022-10-01T00:12:33.263+0000] {dag.py:2429} INFO - Sync 1 DAGs
[2022-10-01T00:12:33.277+0000] {logging_mixin.py:115} INFO - [2022-10-01T00:12:33.277+0000] {dag.py:2981} INFO - Setting next_dagrun for latest_only_with_trigger to 2022-09-30T20:12:33.277165+00:00, run_after=2022-10-01T00:12:33.277165+00:00
[2022-10-01T00:12:33.286+0000] {processor.py:161} INFO - Processing /home/airflow/.local/lib/python3.7/site-packages/airflow/example_dags/example_latest_only_with_trigger.py took 0.055 seconds
[2022-10-01T00:13:03.556+0000] {processor.py:153} INFO - Started process (PID=35518) to work on /home/airflow/.local/lib/python3.7/site-packages/airflow/example_dags/example_latest_only_with_trigger.py
[2022-10-01T00:13:03.558+0000] {processor.py:640} INFO - Processing file /home/airflow/.local/lib/python3.7/site-packages/airflow/example_dags/example_latest_only_with_trigger.py for tasks to queue
[2022-10-01T00:13:03.559+0000] {logging_mixin.py:115} INFO - [2022-10-01T00:13:03.559+0000] {dagbag.py:508} INFO - Filling up the DagBag from /home/airflow/.local/lib/python3.7/site-packages/airflow/example_dags/example_latest_only_with_trigger.py
[2022-10-01T00:13:03.564+0000] {processor.py:650} INFO - DAG(s) dict_keys(['latest_only_with_trigger']) retrieved from /home/airflow/.local/lib/python3.7/site-packages/airflow/example_dags/example_latest_only_with_trigger.py
[2022-10-01T00:13:03.588+0000] {logging_mixin.py:115} INFO - [2022-10-01T00:13:03.588+0000] {dag.py:2429} INFO - Sync 1 DAGs
[2022-10-01T00:13:03.603+0000] {logging_mixin.py:115} INFO - [2022-10-01T00:13:03.603+0000] {dag.py:2981} INFO - Setting next_dagrun for latest_only_with_trigger to 2022-09-30T20:13:03.603084+00:00, run_after=2022-10-01T00:13:03.603084+00:00
[2022-10-01T00:13:03.612+0000] {processor.py:161} INFO - Processing /home/airflow/.local/lib/python3.7/site-packages/airflow/example_dags/example_latest_only_with_trigger.py took 0.058 seconds
[2022-10-01T00:13:35.263+0000] {processor.py:153} INFO - Started process (PID=35587) to work on /home/airflow/.local/lib/python3.7/site-packages/airflow/example_dags/example_latest_only_with_trigger.py
[2022-10-01T00:13:35.267+0000] {processor.py:640} INFO - Processing file /home/airflow/.local/lib/python3.7/site-packages/airflow/example_dags/example_latest_only_with_trigger.py for tasks to queue
[2022-10-01T00:13:35.271+0000] {logging_mixin.py:115} INFO - [2022-10-01T00:13:35.271+0000] {dagbag.py:508} INFO - Filling up the DagBag from /home/airflow/.local/lib/python3.7/site-packages/airflow/example_dags/example_latest_only_with_trigger.py
[2022-10-01T00:13:35.279+0000] {processor.py:650} INFO - DAG(s) dict_keys(['latest_only_with_trigger']) retrieved from /home/airflow/.local/lib/python3.7/site-packages/airflow/example_dags/example_latest_only_with_trigger.py
[2022-10-01T00:13:35.309+0000] {logging_mixin.py:115} INFO - [2022-10-01T00:13:35.309+0000] {dag.py:2429} INFO - Sync 1 DAGs
[2022-10-01T00:13:35.331+0000] {logging_mixin.py:115} INFO - [2022-10-01T00:13:35.331+0000] {dag.py:2981} INFO - Setting next_dagrun for latest_only_with_trigger to 2022-09-30T20:13:35.330896+00:00, run_after=2022-10-01T00:13:35.330896+00:00
[2022-10-01T00:13:35.346+0000] {processor.py:161} INFO - Processing /home/airflow/.local/lib/python3.7/site-packages/airflow/example_dags/example_latest_only_with_trigger.py took 0.087 seconds
[2022-10-01T00:18:33.941+0000] {processor.py:153} INFO - Started process (PID=35635) to work on /home/airflow/.local/lib/python3.7/site-packages/airflow/example_dags/example_latest_only_with_trigger.py
[2022-10-01T00:18:33.943+0000] {processor.py:640} INFO - Processing file /home/airflow/.local/lib/python3.7/site-packages/airflow/example_dags/example_latest_only_with_trigger.py for tasks to queue
[2022-10-01T00:18:33.945+0000] {logging_mixin.py:115} INFO - [2022-10-01T00:18:33.945+0000] {dagbag.py:508} INFO - Filling up the DagBag from /home/airflow/.local/lib/python3.7/site-packages/airflow/example_dags/example_latest_only_with_trigger.py
[2022-10-01T00:18:33.951+0000] {processor.py:650} INFO - DAG(s) dict_keys(['latest_only_with_trigger']) retrieved from /home/airflow/.local/lib/python3.7/site-packages/airflow/example_dags/example_latest_only_with_trigger.py
[2022-10-01T00:18:33.982+0000] {logging_mixin.py:115} INFO - [2022-10-01T00:18:33.982+0000] {dag.py:2429} INFO - Sync 1 DAGs
[2022-10-01T00:18:34.016+0000] {logging_mixin.py:115} INFO - [2022-10-01T00:18:34.016+0000] {dag.py:2981} INFO - Setting next_dagrun for latest_only_with_trigger to 2022-09-30T20:18:34.016067+00:00, run_after=2022-10-01T00:18:34.016067+00:00
[2022-10-01T00:18:34.032+0000] {processor.py:161} INFO - Processing /home/airflow/.local/lib/python3.7/site-packages/airflow/example_dags/example_latest_only_with_trigger.py took 0.094 seconds
[2022-10-01T00:19:04.509+0000] {processor.py:153} INFO - Started process (PID=35701) to work on /home/airflow/.local/lib/python3.7/site-packages/airflow/example_dags/example_latest_only_with_trigger.py
[2022-10-01T00:19:04.511+0000] {processor.py:640} INFO - Processing file /home/airflow/.local/lib/python3.7/site-packages/airflow/example_dags/example_latest_only_with_trigger.py for tasks to queue
[2022-10-01T00:19:04.511+0000] {logging_mixin.py:115} INFO - [2022-10-01T00:19:04.511+0000] {dagbag.py:508} INFO - Filling up the DagBag from /home/airflow/.local/lib/python3.7/site-packages/airflow/example_dags/example_latest_only_with_trigger.py
[2022-10-01T00:19:04.516+0000] {processor.py:650} INFO - DAG(s) dict_keys(['latest_only_with_trigger']) retrieved from /home/airflow/.local/lib/python3.7/site-packages/airflow/example_dags/example_latest_only_with_trigger.py
[2022-10-01T00:19:04.536+0000] {logging_mixin.py:115} INFO - [2022-10-01T00:19:04.536+0000] {dag.py:2429} INFO - Sync 1 DAGs
[2022-10-01T00:19:04.554+0000] {logging_mixin.py:115} INFO - [2022-10-01T00:19:04.554+0000] {dag.py:2981} INFO - Setting next_dagrun for latest_only_with_trigger to 2022-09-30T20:19:04.553934+00:00, run_after=2022-10-01T00:19:04.553934+00:00
[2022-10-01T00:19:04.563+0000] {processor.py:161} INFO - Processing /home/airflow/.local/lib/python3.7/site-packages/airflow/example_dags/example_latest_only_with_trigger.py took 0.056 seconds
[2022-10-01T00:19:34.962+0000] {processor.py:153} INFO - Started process (PID=35759) to work on /home/airflow/.local/lib/python3.7/site-packages/airflow/example_dags/example_latest_only_with_trigger.py
[2022-10-01T00:19:34.964+0000] {processor.py:640} INFO - Processing file /home/airflow/.local/lib/python3.7/site-packages/airflow/example_dags/example_latest_only_with_trigger.py for tasks to queue
[2022-10-01T00:19:34.965+0000] {logging_mixin.py:115} INFO - [2022-10-01T00:19:34.965+0000] {dagbag.py:508} INFO - Filling up the DagBag from /home/airflow/.local/lib/python3.7/site-packages/airflow/example_dags/example_latest_only_with_trigger.py
[2022-10-01T00:19:34.969+0000] {processor.py:650} INFO - DAG(s) dict_keys(['latest_only_with_trigger']) retrieved from /home/airflow/.local/lib/python3.7/site-packages/airflow/example_dags/example_latest_only_with_trigger.py
[2022-10-01T00:19:34.988+0000] {logging_mixin.py:115} INFO - [2022-10-01T00:19:34.988+0000] {dag.py:2429} INFO - Sync 1 DAGs
[2022-10-01T00:19:35.001+0000] {logging_mixin.py:115} INFO - [2022-10-01T00:19:35.001+0000] {dag.py:2981} INFO - Setting next_dagrun for latest_only_with_trigger to 2022-09-30T20:19:35.001491+00:00, run_after=2022-10-01T00:19:35.001491+00:00
[2022-10-01T00:19:35.017+0000] {processor.py:161} INFO - Processing /home/airflow/.local/lib/python3.7/site-packages/airflow/example_dags/example_latest_only_with_trigger.py took 0.057 seconds
[2022-10-01T00:20:05.449+0000] {processor.py:153} INFO - Started process (PID=35823) to work on /home/airflow/.local/lib/python3.7/site-packages/airflow/example_dags/example_latest_only_with_trigger.py
[2022-10-01T00:20:05.451+0000] {processor.py:640} INFO - Processing file /home/airflow/.local/lib/python3.7/site-packages/airflow/example_dags/example_latest_only_with_trigger.py for tasks to queue
[2022-10-01T00:20:05.452+0000] {logging_mixin.py:115} INFO - [2022-10-01T00:20:05.452+0000] {dagbag.py:508} INFO - Filling up the DagBag from /home/airflow/.local/lib/python3.7/site-packages/airflow/example_dags/example_latest_only_with_trigger.py
[2022-10-01T00:20:05.457+0000] {processor.py:650} INFO - DAG(s) dict_keys(['latest_only_with_trigger']) retrieved from /home/airflow/.local/lib/python3.7/site-packages/airflow/example_dags/example_latest_only_with_trigger.py
[2022-10-01T00:20:05.475+0000] {logging_mixin.py:115} INFO - [2022-10-01T00:20:05.475+0000] {dag.py:2429} INFO - Sync 1 DAGs
[2022-10-01T00:20:05.490+0000] {logging_mixin.py:115} INFO - [2022-10-01T00:20:05.490+0000] {dag.py:2981} INFO - Setting next_dagrun for latest_only_with_trigger to 2022-09-30T20:20:05.490711+00:00, run_after=2022-10-01T00:20:05.490711+00:00
[2022-10-01T00:20:05.503+0000] {processor.py:161} INFO - Processing /home/airflow/.local/lib/python3.7/site-packages/airflow/example_dags/example_latest_only_with_trigger.py took 0.057 seconds
[2022-10-01T00:20:36.009+0000] {processor.py:153} INFO - Started process (PID=35891) to work on /home/airflow/.local/lib/python3.7/site-packages/airflow/example_dags/example_latest_only_with_trigger.py
[2022-10-01T00:20:36.010+0000] {processor.py:640} INFO - Processing file /home/airflow/.local/lib/python3.7/site-packages/airflow/example_dags/example_latest_only_with_trigger.py for tasks to queue
[2022-10-01T00:20:36.012+0000] {logging_mixin.py:115} INFO - [2022-10-01T00:20:36.012+0000] {dagbag.py:508} INFO - Filling up the DagBag from /home/airflow/.local/lib/python3.7/site-packages/airflow/example_dags/example_latest_only_with_trigger.py
[2022-10-01T00:20:36.021+0000] {processor.py:650} INFO - DAG(s) dict_keys(['latest_only_with_trigger']) retrieved from /home/airflow/.local/lib/python3.7/site-packages/airflow/example_dags/example_latest_only_with_trigger.py
[2022-10-01T00:20:36.041+0000] {logging_mixin.py:115} INFO - [2022-10-01T00:20:36.041+0000] {dag.py:2429} INFO - Sync 1 DAGs
[2022-10-01T00:20:36.055+0000] {logging_mixin.py:115} INFO - [2022-10-01T00:20:36.055+0000] {dag.py:2981} INFO - Setting next_dagrun for latest_only_with_trigger to 2022-09-30T20:20:36.055338+00:00, run_after=2022-10-01T00:20:36.055338+00:00
[2022-10-01T00:20:36.063+0000] {processor.py:161} INFO - Processing /home/airflow/.local/lib/python3.7/site-packages/airflow/example_dags/example_latest_only_with_trigger.py took 0.056 seconds
[2022-10-01T00:21:06.588+0000] {processor.py:153} INFO - Started process (PID=35957) to work on /home/airflow/.local/lib/python3.7/site-packages/airflow/example_dags/example_latest_only_with_trigger.py
[2022-10-01T00:21:06.590+0000] {processor.py:640} INFO - Processing file /home/airflow/.local/lib/python3.7/site-packages/airflow/example_dags/example_latest_only_with_trigger.py for tasks to queue
[2022-10-01T00:21:06.591+0000] {logging_mixin.py:115} INFO - [2022-10-01T00:21:06.591+0000] {dagbag.py:508} INFO - Filling up the DagBag from /home/airflow/.local/lib/python3.7/site-packages/airflow/example_dags/example_latest_only_with_trigger.py
[2022-10-01T00:21:06.597+0000] {processor.py:650} INFO - DAG(s) dict_keys(['latest_only_with_trigger']) retrieved from /home/airflow/.local/lib/python3.7/site-packages/airflow/example_dags/example_latest_only_with_trigger.py
[2022-10-01T00:21:06.616+0000] {logging_mixin.py:115} INFO - [2022-10-01T00:21:06.616+0000] {dag.py:2429} INFO - Sync 1 DAGs
[2022-10-01T00:21:06.639+0000] {logging_mixin.py:115} INFO - [2022-10-01T00:21:06.638+0000] {dag.py:2981} INFO - Setting next_dagrun for latest_only_with_trigger to 2022-09-30T20:21:06.638682+00:00, run_after=2022-10-01T00:21:06.638682+00:00
[2022-10-01T00:21:06.648+0000] {processor.py:161} INFO - Processing /home/airflow/.local/lib/python3.7/site-packages/airflow/example_dags/example_latest_only_with_trigger.py took 0.062 seconds
[2022-10-01T00:21:37.003+0000] {processor.py:153} INFO - Started process (PID=36013) to work on /home/airflow/.local/lib/python3.7/site-packages/airflow/example_dags/example_latest_only_with_trigger.py
[2022-10-01T00:21:37.006+0000] {processor.py:640} INFO - Processing file /home/airflow/.local/lib/python3.7/site-packages/airflow/example_dags/example_latest_only_with_trigger.py for tasks to queue
[2022-10-01T00:21:37.007+0000] {logging_mixin.py:115} INFO - [2022-10-01T00:21:37.007+0000] {dagbag.py:508} INFO - Filling up the DagBag from /home/airflow/.local/lib/python3.7/site-packages/airflow/example_dags/example_latest_only_with_trigger.py
[2022-10-01T00:21:37.013+0000] {processor.py:650} INFO - DAG(s) dict_keys(['latest_only_with_trigger']) retrieved from /home/airflow/.local/lib/python3.7/site-packages/airflow/example_dags/example_latest_only_with_trigger.py
[2022-10-01T00:21:37.031+0000] {logging_mixin.py:115} INFO - [2022-10-01T00:21:37.031+0000] {dag.py:2429} INFO - Sync 1 DAGs
[2022-10-01T00:21:37.045+0000] {logging_mixin.py:115} INFO - [2022-10-01T00:21:37.045+0000] {dag.py:2981} INFO - Setting next_dagrun for latest_only_with_trigger to 2022-09-30T20:21:37.045142+00:00, run_after=2022-10-01T00:21:37.045142+00:00
[2022-10-01T00:21:37.054+0000] {processor.py:161} INFO - Processing /home/airflow/.local/lib/python3.7/site-packages/airflow/example_dags/example_latest_only_with_trigger.py took 0.053 seconds
[2022-10-01T00:22:07.385+0000] {processor.py:153} INFO - Started process (PID=36079) to work on /home/airflow/.local/lib/python3.7/site-packages/airflow/example_dags/example_latest_only_with_trigger.py
[2022-10-01T00:22:07.387+0000] {processor.py:640} INFO - Processing file /home/airflow/.local/lib/python3.7/site-packages/airflow/example_dags/example_latest_only_with_trigger.py for tasks to queue
[2022-10-01T00:22:07.388+0000] {logging_mixin.py:115} INFO - [2022-10-01T00:22:07.388+0000] {dagbag.py:508} INFO - Filling up the DagBag from /home/airflow/.local/lib/python3.7/site-packages/airflow/example_dags/example_latest_only_with_trigger.py
[2022-10-01T00:22:07.393+0000] {processor.py:650} INFO - DAG(s) dict_keys(['latest_only_with_trigger']) retrieved from /home/airflow/.local/lib/python3.7/site-packages/airflow/example_dags/example_latest_only_with_trigger.py
[2022-10-01T00:22:07.412+0000] {logging_mixin.py:115} INFO - [2022-10-01T00:22:07.412+0000] {dag.py:2429} INFO - Sync 1 DAGs
[2022-10-01T00:22:07.425+0000] {logging_mixin.py:115} INFO - [2022-10-01T00:22:07.425+0000] {dag.py:2981} INFO - Setting next_dagrun for latest_only_with_trigger to 2022-09-30T20:22:07.425522+00:00, run_after=2022-10-01T00:22:07.425522+00:00
[2022-10-01T00:22:07.433+0000] {processor.py:161} INFO - Processing /home/airflow/.local/lib/python3.7/site-packages/airflow/example_dags/example_latest_only_with_trigger.py took 0.050 seconds
[2022-10-01T00:22:37.735+0000] {processor.py:153} INFO - Started process (PID=36145) to work on /home/airflow/.local/lib/python3.7/site-packages/airflow/example_dags/example_latest_only_with_trigger.py
[2022-10-01T00:22:37.745+0000] {processor.py:640} INFO - Processing file /home/airflow/.local/lib/python3.7/site-packages/airflow/example_dags/example_latest_only_with_trigger.py for tasks to queue
[2022-10-01T00:22:37.746+0000] {logging_mixin.py:115} INFO - [2022-10-01T00:22:37.746+0000] {dagbag.py:508} INFO - Filling up the DagBag from /home/airflow/.local/lib/python3.7/site-packages/airflow/example_dags/example_latest_only_with_trigger.py
[2022-10-01T00:22:37.751+0000] {processor.py:650} INFO - DAG(s) dict_keys(['latest_only_with_trigger']) retrieved from /home/airflow/.local/lib/python3.7/site-packages/airflow/example_dags/example_latest_only_with_trigger.py
[2022-10-01T00:22:37.769+0000] {logging_mixin.py:115} INFO - [2022-10-01T00:22:37.769+0000] {dag.py:2429} INFO - Sync 1 DAGs
[2022-10-01T00:22:37.782+0000] {logging_mixin.py:115} INFO - [2022-10-01T00:22:37.782+0000] {dag.py:2981} INFO - Setting next_dagrun for latest_only_with_trigger to 2022-09-30T20:22:37.782702+00:00, run_after=2022-10-01T00:22:37.782702+00:00
[2022-10-01T00:22:37.790+0000] {processor.py:161} INFO - Processing /home/airflow/.local/lib/python3.7/site-packages/airflow/example_dags/example_latest_only_with_trigger.py took 0.057 seconds
[2022-10-01T00:23:08.139+0000] {processor.py:153} INFO - Started process (PID=36202) to work on /home/airflow/.local/lib/python3.7/site-packages/airflow/example_dags/example_latest_only_with_trigger.py
[2022-10-01T00:23:08.141+0000] {processor.py:640} INFO - Processing file /home/airflow/.local/lib/python3.7/site-packages/airflow/example_dags/example_latest_only_with_trigger.py for tasks to queue
[2022-10-01T00:23:08.143+0000] {logging_mixin.py:115} INFO - [2022-10-01T00:23:08.143+0000] {dagbag.py:508} INFO - Filling up the DagBag from /home/airflow/.local/lib/python3.7/site-packages/airflow/example_dags/example_latest_only_with_trigger.py
[2022-10-01T00:23:08.149+0000] {processor.py:650} INFO - DAG(s) dict_keys(['latest_only_with_trigger']) retrieved from /home/airflow/.local/lib/python3.7/site-packages/airflow/example_dags/example_latest_only_with_trigger.py
[2022-10-01T00:23:08.170+0000] {logging_mixin.py:115} INFO - [2022-10-01T00:23:08.170+0000] {dag.py:2429} INFO - Sync 1 DAGs
[2022-10-01T00:23:08.187+0000] {logging_mixin.py:115} INFO - [2022-10-01T00:23:08.187+0000] {dag.py:2981} INFO - Setting next_dagrun for latest_only_with_trigger to 2022-09-30T20:23:08.186821+00:00, run_after=2022-10-01T00:23:08.186821+00:00
[2022-10-01T00:23:08.202+0000] {processor.py:161} INFO - Processing /home/airflow/.local/lib/python3.7/site-packages/airflow/example_dags/example_latest_only_with_trigger.py took 0.066 seconds
[2022-10-01T00:23:38.700+0000] {processor.py:153} INFO - Started process (PID=36269) to work on /home/airflow/.local/lib/python3.7/site-packages/airflow/example_dags/example_latest_only_with_trigger.py
[2022-10-01T00:23:38.702+0000] {processor.py:640} INFO - Processing file /home/airflow/.local/lib/python3.7/site-packages/airflow/example_dags/example_latest_only_with_trigger.py for tasks to queue
[2022-10-01T00:23:38.704+0000] {logging_mixin.py:115} INFO - [2022-10-01T00:23:38.704+0000] {dagbag.py:508} INFO - Filling up the DagBag from /home/airflow/.local/lib/python3.7/site-packages/airflow/example_dags/example_latest_only_with_trigger.py
[2022-10-01T00:23:38.709+0000] {processor.py:650} INFO - DAG(s) dict_keys(['latest_only_with_trigger']) retrieved from /home/airflow/.local/lib/python3.7/site-packages/airflow/example_dags/example_latest_only_with_trigger.py
[2022-10-01T00:23:38.729+0000] {logging_mixin.py:115} INFO - [2022-10-01T00:23:38.729+0000] {dag.py:2429} INFO - Sync 1 DAGs
[2022-10-01T00:23:38.744+0000] {logging_mixin.py:115} INFO - [2022-10-01T00:23:38.744+0000] {dag.py:2981} INFO - Setting next_dagrun for latest_only_with_trigger to 2022-09-30T20:23:38.744521+00:00, run_after=2022-10-01T00:23:38.744521+00:00
[2022-10-01T00:23:38.753+0000] {processor.py:161} INFO - Processing /home/airflow/.local/lib/python3.7/site-packages/airflow/example_dags/example_latest_only_with_trigger.py took 0.055 seconds
[2022-10-01T00:24:08.947+0000] {processor.py:153} INFO - Started process (PID=36337) to work on /home/airflow/.local/lib/python3.7/site-packages/airflow/example_dags/example_latest_only_with_trigger.py
[2022-10-01T00:24:08.949+0000] {processor.py:640} INFO - Processing file /home/airflow/.local/lib/python3.7/site-packages/airflow/example_dags/example_latest_only_with_trigger.py for tasks to queue
[2022-10-01T00:24:08.950+0000] {logging_mixin.py:115} INFO - [2022-10-01T00:24:08.950+0000] {dagbag.py:508} INFO - Filling up the DagBag from /home/airflow/.local/lib/python3.7/site-packages/airflow/example_dags/example_latest_only_with_trigger.py
[2022-10-01T00:24:08.954+0000] {processor.py:650} INFO - DAG(s) dict_keys(['latest_only_with_trigger']) retrieved from /home/airflow/.local/lib/python3.7/site-packages/airflow/example_dags/example_latest_only_with_trigger.py
[2022-10-01T00:24:08.973+0000] {logging_mixin.py:115} INFO - [2022-10-01T00:24:08.973+0000] {dag.py:2429} INFO - Sync 1 DAGs
[2022-10-01T00:24:08.987+0000] {logging_mixin.py:115} INFO - [2022-10-01T00:24:08.987+0000] {dag.py:2981} INFO - Setting next_dagrun for latest_only_with_trigger to 2022-09-30T20:24:08.987243+00:00, run_after=2022-10-01T00:24:08.987243+00:00
[2022-10-01T00:24:08.996+0000] {processor.py:161} INFO - Processing /home/airflow/.local/lib/python3.7/site-packages/airflow/example_dags/example_latest_only_with_trigger.py took 0.051 seconds
[2022-10-01T00:24:39.723+0000] {processor.py:153} INFO - Started process (PID=36403) to work on /home/airflow/.local/lib/python3.7/site-packages/airflow/example_dags/example_latest_only_with_trigger.py
[2022-10-01T00:24:39.730+0000] {processor.py:640} INFO - Processing file /home/airflow/.local/lib/python3.7/site-packages/airflow/example_dags/example_latest_only_with_trigger.py for tasks to queue
[2022-10-01T00:24:39.732+0000] {logging_mixin.py:115} INFO - [2022-10-01T00:24:39.732+0000] {dagbag.py:508} INFO - Filling up the DagBag from /home/airflow/.local/lib/python3.7/site-packages/airflow/example_dags/example_latest_only_with_trigger.py
[2022-10-01T00:24:39.737+0000] {processor.py:650} INFO - DAG(s) dict_keys(['latest_only_with_trigger']) retrieved from /home/airflow/.local/lib/python3.7/site-packages/airflow/example_dags/example_latest_only_with_trigger.py
[2022-10-01T00:24:39.777+0000] {logging_mixin.py:115} INFO - [2022-10-01T00:24:39.777+0000] {dag.py:2429} INFO - Sync 1 DAGs
[2022-10-01T00:24:39.795+0000] {logging_mixin.py:115} INFO - [2022-10-01T00:24:39.795+0000] {dag.py:2981} INFO - Setting next_dagrun for latest_only_with_trigger to 2022-09-30T20:24:39.795365+00:00, run_after=2022-10-01T00:24:39.795365+00:00
[2022-10-01T00:24:39.843+0000] {processor.py:161} INFO - Processing /home/airflow/.local/lib/python3.7/site-packages/airflow/example_dags/example_latest_only_with_trigger.py took 0.123 seconds
[2022-10-01T00:25:10.185+0000] {processor.py:153} INFO - Started process (PID=36460) to work on /home/airflow/.local/lib/python3.7/site-packages/airflow/example_dags/example_latest_only_with_trigger.py
[2022-10-01T00:25:10.188+0000] {processor.py:640} INFO - Processing file /home/airflow/.local/lib/python3.7/site-packages/airflow/example_dags/example_latest_only_with_trigger.py for tasks to queue
[2022-10-01T00:25:10.194+0000] {logging_mixin.py:115} INFO - [2022-10-01T00:25:10.193+0000] {dagbag.py:508} INFO - Filling up the DagBag from /home/airflow/.local/lib/python3.7/site-packages/airflow/example_dags/example_latest_only_with_trigger.py
[2022-10-01T00:25:10.199+0000] {processor.py:650} INFO - DAG(s) dict_keys(['latest_only_with_trigger']) retrieved from /home/airflow/.local/lib/python3.7/site-packages/airflow/example_dags/example_latest_only_with_trigger.py
[2022-10-01T00:25:10.221+0000] {logging_mixin.py:115} INFO - [2022-10-01T00:25:10.221+0000] {dag.py:2429} INFO - Sync 1 DAGs
[2022-10-01T00:25:10.235+0000] {logging_mixin.py:115} INFO - [2022-10-01T00:25:10.235+0000] {dag.py:2981} INFO - Setting next_dagrun for latest_only_with_trigger to 2022-09-30T20:25:10.235616+00:00, run_after=2022-10-01T00:25:10.235616+00:00
[2022-10-01T00:25:10.244+0000] {processor.py:161} INFO - Processing /home/airflow/.local/lib/python3.7/site-packages/airflow/example_dags/example_latest_only_with_trigger.py took 0.061 seconds
[2022-10-01T00:25:40.630+0000] {processor.py:153} INFO - Started process (PID=36526) to work on /home/airflow/.local/lib/python3.7/site-packages/airflow/example_dags/example_latest_only_with_trigger.py
[2022-10-01T00:25:40.632+0000] {processor.py:640} INFO - Processing file /home/airflow/.local/lib/python3.7/site-packages/airflow/example_dags/example_latest_only_with_trigger.py for tasks to queue
[2022-10-01T00:25:40.634+0000] {logging_mixin.py:115} INFO - [2022-10-01T00:25:40.634+0000] {dagbag.py:508} INFO - Filling up the DagBag from /home/airflow/.local/lib/python3.7/site-packages/airflow/example_dags/example_latest_only_with_trigger.py
[2022-10-01T00:25:40.638+0000] {processor.py:650} INFO - DAG(s) dict_keys(['latest_only_with_trigger']) retrieved from /home/airflow/.local/lib/python3.7/site-packages/airflow/example_dags/example_latest_only_with_trigger.py
[2022-10-01T00:25:40.657+0000] {logging_mixin.py:115} INFO - [2022-10-01T00:25:40.657+0000] {dag.py:2429} INFO - Sync 1 DAGs
[2022-10-01T00:25:40.671+0000] {logging_mixin.py:115} INFO - [2022-10-01T00:25:40.671+0000] {dag.py:2981} INFO - Setting next_dagrun for latest_only_with_trigger to 2022-09-30T20:25:40.671304+00:00, run_after=2022-10-01T00:25:40.671304+00:00
[2022-10-01T00:25:40.678+0000] {processor.py:161} INFO - Processing /home/airflow/.local/lib/python3.7/site-packages/airflow/example_dags/example_latest_only_with_trigger.py took 0.051 seconds
[2022-10-01T00:26:11.022+0000] {processor.py:153} INFO - Started process (PID=36592) to work on /home/airflow/.local/lib/python3.7/site-packages/airflow/example_dags/example_latest_only_with_trigger.py
[2022-10-01T00:26:11.024+0000] {processor.py:640} INFO - Processing file /home/airflow/.local/lib/python3.7/site-packages/airflow/example_dags/example_latest_only_with_trigger.py for tasks to queue
[2022-10-01T00:26:11.025+0000] {logging_mixin.py:115} INFO - [2022-10-01T00:26:11.025+0000] {dagbag.py:508} INFO - Filling up the DagBag from /home/airflow/.local/lib/python3.7/site-packages/airflow/example_dags/example_latest_only_with_trigger.py
[2022-10-01T00:26:11.031+0000] {processor.py:650} INFO - DAG(s) dict_keys(['latest_only_with_trigger']) retrieved from /home/airflow/.local/lib/python3.7/site-packages/airflow/example_dags/example_latest_only_with_trigger.py
[2022-10-01T00:26:11.054+0000] {logging_mixin.py:115} INFO - [2022-10-01T00:26:11.054+0000] {dag.py:2429} INFO - Sync 1 DAGs
[2022-10-01T00:26:11.077+0000] {logging_mixin.py:115} INFO - [2022-10-01T00:26:11.077+0000] {dag.py:2981} INFO - Setting next_dagrun for latest_only_with_trigger to 2022-09-30T20:26:11.076913+00:00, run_after=2022-10-01T00:26:11.076913+00:00
[2022-10-01T00:26:11.087+0000] {processor.py:161} INFO - Processing /home/airflow/.local/lib/python3.7/site-packages/airflow/example_dags/example_latest_only_with_trigger.py took 0.068 seconds
[2022-10-01T00:26:41.298+0000] {processor.py:153} INFO - Started process (PID=36649) to work on /home/airflow/.local/lib/python3.7/site-packages/airflow/example_dags/example_latest_only_with_trigger.py
[2022-10-01T00:26:41.300+0000] {processor.py:640} INFO - Processing file /home/airflow/.local/lib/python3.7/site-packages/airflow/example_dags/example_latest_only_with_trigger.py for tasks to queue
[2022-10-01T00:26:41.301+0000] {logging_mixin.py:115} INFO - [2022-10-01T00:26:41.301+0000] {dagbag.py:508} INFO - Filling up the DagBag from /home/airflow/.local/lib/python3.7/site-packages/airflow/example_dags/example_latest_only_with_trigger.py
[2022-10-01T00:26:41.305+0000] {processor.py:650} INFO - DAG(s) dict_keys(['latest_only_with_trigger']) retrieved from /home/airflow/.local/lib/python3.7/site-packages/airflow/example_dags/example_latest_only_with_trigger.py
[2022-10-01T00:26:41.325+0000] {logging_mixin.py:115} INFO - [2022-10-01T00:26:41.325+0000] {dag.py:2429} INFO - Sync 1 DAGs
[2022-10-01T00:26:41.345+0000] {logging_mixin.py:115} INFO - [2022-10-01T00:26:41.344+0000] {dag.py:2981} INFO - Setting next_dagrun for latest_only_with_trigger to 2022-09-30T20:26:41.344728+00:00, run_after=2022-10-01T00:26:41.344728+00:00
[2022-10-01T00:26:41.353+0000] {processor.py:161} INFO - Processing /home/airflow/.local/lib/python3.7/site-packages/airflow/example_dags/example_latest_only_with_trigger.py took 0.057 seconds
[2022-10-01T00:27:11.665+0000] {processor.py:153} INFO - Started process (PID=36714) to work on /home/airflow/.local/lib/python3.7/site-packages/airflow/example_dags/example_latest_only_with_trigger.py
[2022-10-01T00:27:11.669+0000] {processor.py:640} INFO - Processing file /home/airflow/.local/lib/python3.7/site-packages/airflow/example_dags/example_latest_only_with_trigger.py for tasks to queue
[2022-10-01T00:27:11.671+0000] {logging_mixin.py:115} INFO - [2022-10-01T00:27:11.671+0000] {dagbag.py:508} INFO - Filling up the DagBag from /home/airflow/.local/lib/python3.7/site-packages/airflow/example_dags/example_latest_only_with_trigger.py
[2022-10-01T00:27:11.676+0000] {processor.py:650} INFO - DAG(s) dict_keys(['latest_only_with_trigger']) retrieved from /home/airflow/.local/lib/python3.7/site-packages/airflow/example_dags/example_latest_only_with_trigger.py
[2022-10-01T00:27:11.694+0000] {logging_mixin.py:115} INFO - [2022-10-01T00:27:11.694+0000] {dag.py:2429} INFO - Sync 1 DAGs
[2022-10-01T00:27:11.709+0000] {logging_mixin.py:115} INFO - [2022-10-01T00:27:11.709+0000] {dag.py:2981} INFO - Setting next_dagrun for latest_only_with_trigger to 2022-09-30T20:27:11.709647+00:00, run_after=2022-10-01T00:27:11.709647+00:00
[2022-10-01T00:27:11.718+0000] {processor.py:161} INFO - Processing /home/airflow/.local/lib/python3.7/site-packages/airflow/example_dags/example_latest_only_with_trigger.py took 0.056 seconds
[2022-10-01T00:27:42.523+0000] {processor.py:153} INFO - Started process (PID=36780) to work on /home/airflow/.local/lib/python3.7/site-packages/airflow/example_dags/example_latest_only_with_trigger.py
[2022-10-01T00:27:42.524+0000] {processor.py:640} INFO - Processing file /home/airflow/.local/lib/python3.7/site-packages/airflow/example_dags/example_latest_only_with_trigger.py for tasks to queue
[2022-10-01T00:27:42.526+0000] {logging_mixin.py:115} INFO - [2022-10-01T00:27:42.525+0000] {dagbag.py:508} INFO - Filling up the DagBag from /home/airflow/.local/lib/python3.7/site-packages/airflow/example_dags/example_latest_only_with_trigger.py
[2022-10-01T00:27:42.530+0000] {processor.py:650} INFO - DAG(s) dict_keys(['latest_only_with_trigger']) retrieved from /home/airflow/.local/lib/python3.7/site-packages/airflow/example_dags/example_latest_only_with_trigger.py
[2022-10-01T00:27:42.554+0000] {logging_mixin.py:115} INFO - [2022-10-01T00:27:42.554+0000] {dag.py:2429} INFO - Sync 1 DAGs
[2022-10-01T00:27:42.571+0000] {logging_mixin.py:115} INFO - [2022-10-01T00:27:42.571+0000] {dag.py:2981} INFO - Setting next_dagrun for latest_only_with_trigger to 2022-09-30T20:27:42.571063+00:00, run_after=2022-10-01T00:27:42.571063+00:00
[2022-10-01T00:27:42.586+0000] {processor.py:161} INFO - Processing /home/airflow/.local/lib/python3.7/site-packages/airflow/example_dags/example_latest_only_with_trigger.py took 0.065 seconds
[2022-10-01T00:28:13.051+0000] {processor.py:153} INFO - Started process (PID=36837) to work on /home/airflow/.local/lib/python3.7/site-packages/airflow/example_dags/example_latest_only_with_trigger.py
[2022-10-01T00:28:13.061+0000] {processor.py:640} INFO - Processing file /home/airflow/.local/lib/python3.7/site-packages/airflow/example_dags/example_latest_only_with_trigger.py for tasks to queue
[2022-10-01T00:28:13.063+0000] {logging_mixin.py:115} INFO - [2022-10-01T00:28:13.063+0000] {dagbag.py:508} INFO - Filling up the DagBag from /home/airflow/.local/lib/python3.7/site-packages/airflow/example_dags/example_latest_only_with_trigger.py
[2022-10-01T00:28:13.069+0000] {processor.py:650} INFO - DAG(s) dict_keys(['latest_only_with_trigger']) retrieved from /home/airflow/.local/lib/python3.7/site-packages/airflow/example_dags/example_latest_only_with_trigger.py
[2022-10-01T00:28:13.118+0000] {logging_mixin.py:115} INFO - [2022-10-01T00:28:13.118+0000] {dag.py:2429} INFO - Sync 1 DAGs
[2022-10-01T00:28:13.132+0000] {logging_mixin.py:115} INFO - [2022-10-01T00:28:13.132+0000] {dag.py:2981} INFO - Setting next_dagrun for latest_only_with_trigger to 2022-09-30T20:28:13.132548+00:00, run_after=2022-10-01T00:28:13.132548+00:00
[2022-10-01T00:28:13.140+0000] {processor.py:161} INFO - Processing /home/airflow/.local/lib/python3.7/site-packages/airflow/example_dags/example_latest_only_with_trigger.py took 0.092 seconds
[2022-10-01T00:28:43.604+0000] {processor.py:153} INFO - Started process (PID=36903) to work on /home/airflow/.local/lib/python3.7/site-packages/airflow/example_dags/example_latest_only_with_trigger.py
[2022-10-01T00:28:43.606+0000] {processor.py:640} INFO - Processing file /home/airflow/.local/lib/python3.7/site-packages/airflow/example_dags/example_latest_only_with_trigger.py for tasks to queue
[2022-10-01T00:28:43.607+0000] {logging_mixin.py:115} INFO - [2022-10-01T00:28:43.607+0000] {dagbag.py:508} INFO - Filling up the DagBag from /home/airflow/.local/lib/python3.7/site-packages/airflow/example_dags/example_latest_only_with_trigger.py
[2022-10-01T00:28:43.612+0000] {processor.py:650} INFO - DAG(s) dict_keys(['latest_only_with_trigger']) retrieved from /home/airflow/.local/lib/python3.7/site-packages/airflow/example_dags/example_latest_only_with_trigger.py
[2022-10-01T00:28:43.632+0000] {logging_mixin.py:115} INFO - [2022-10-01T00:28:43.632+0000] {dag.py:2429} INFO - Sync 1 DAGs
[2022-10-01T00:28:43.648+0000] {logging_mixin.py:115} INFO - [2022-10-01T00:28:43.647+0000] {dag.py:2981} INFO - Setting next_dagrun for latest_only_with_trigger to 2022-09-30T20:28:43.647797+00:00, run_after=2022-10-01T00:28:43.647797+00:00
[2022-10-01T00:28:43.657+0000] {processor.py:161} INFO - Processing /home/airflow/.local/lib/python3.7/site-packages/airflow/example_dags/example_latest_only_with_trigger.py took 0.056 seconds
[2022-10-01T00:29:14.104+0000] {processor.py:153} INFO - Started process (PID=36969) to work on /home/airflow/.local/lib/python3.7/site-packages/airflow/example_dags/example_latest_only_with_trigger.py
[2022-10-01T00:29:14.106+0000] {processor.py:640} INFO - Processing file /home/airflow/.local/lib/python3.7/site-packages/airflow/example_dags/example_latest_only_with_trigger.py for tasks to queue
[2022-10-01T00:29:14.115+0000] {logging_mixin.py:115} INFO - [2022-10-01T00:29:14.115+0000] {dagbag.py:508} INFO - Filling up the DagBag from /home/airflow/.local/lib/python3.7/site-packages/airflow/example_dags/example_latest_only_with_trigger.py
[2022-10-01T00:29:14.120+0000] {processor.py:650} INFO - DAG(s) dict_keys(['latest_only_with_trigger']) retrieved from /home/airflow/.local/lib/python3.7/site-packages/airflow/example_dags/example_latest_only_with_trigger.py
[2022-10-01T00:29:14.140+0000] {logging_mixin.py:115} INFO - [2022-10-01T00:29:14.140+0000] {dag.py:2429} INFO - Sync 1 DAGs
[2022-10-01T00:29:14.155+0000] {logging_mixin.py:115} INFO - [2022-10-01T00:29:14.154+0000] {dag.py:2981} INFO - Setting next_dagrun for latest_only_with_trigger to 2022-09-30T20:29:14.154831+00:00, run_after=2022-10-01T00:29:14.154831+00:00
[2022-10-01T00:29:14.162+0000] {processor.py:161} INFO - Processing /home/airflow/.local/lib/python3.7/site-packages/airflow/example_dags/example_latest_only_with_trigger.py took 0.061 seconds
[2022-10-01T00:29:44.839+0000] {processor.py:153} INFO - Started process (PID=37026) to work on /home/airflow/.local/lib/python3.7/site-packages/airflow/example_dags/example_latest_only_with_trigger.py
[2022-10-01T00:29:44.841+0000] {processor.py:640} INFO - Processing file /home/airflow/.local/lib/python3.7/site-packages/airflow/example_dags/example_latest_only_with_trigger.py for tasks to queue
[2022-10-01T00:29:44.843+0000] {logging_mixin.py:115} INFO - [2022-10-01T00:29:44.843+0000] {dagbag.py:508} INFO - Filling up the DagBag from /home/airflow/.local/lib/python3.7/site-packages/airflow/example_dags/example_latest_only_with_trigger.py
[2022-10-01T00:29:44.848+0000] {processor.py:650} INFO - DAG(s) dict_keys(['latest_only_with_trigger']) retrieved from /home/airflow/.local/lib/python3.7/site-packages/airflow/example_dags/example_latest_only_with_trigger.py
[2022-10-01T00:29:44.872+0000] {logging_mixin.py:115} INFO - [2022-10-01T00:29:44.872+0000] {dag.py:2429} INFO - Sync 1 DAGs
[2022-10-01T00:29:44.892+0000] {logging_mixin.py:115} INFO - [2022-10-01T00:29:44.892+0000] {dag.py:2981} INFO - Setting next_dagrun for latest_only_with_trigger to 2022-09-30T20:29:44.892479+00:00, run_after=2022-10-01T00:29:44.892479+00:00
[2022-10-01T00:29:44.901+0000] {processor.py:161} INFO - Processing /home/airflow/.local/lib/python3.7/site-packages/airflow/example_dags/example_latest_only_with_trigger.py took 0.065 seconds
[2022-10-01T00:30:15.510+0000] {processor.py:153} INFO - Started process (PID=37091) to work on /home/airflow/.local/lib/python3.7/site-packages/airflow/example_dags/example_latest_only_with_trigger.py
[2022-10-01T00:30:15.512+0000] {processor.py:640} INFO - Processing file /home/airflow/.local/lib/python3.7/site-packages/airflow/example_dags/example_latest_only_with_trigger.py for tasks to queue
[2022-10-01T00:30:15.513+0000] {logging_mixin.py:115} INFO - [2022-10-01T00:30:15.513+0000] {dagbag.py:508} INFO - Filling up the DagBag from /home/airflow/.local/lib/python3.7/site-packages/airflow/example_dags/example_latest_only_with_trigger.py
[2022-10-01T00:30:15.519+0000] {processor.py:650} INFO - DAG(s) dict_keys(['latest_only_with_trigger']) retrieved from /home/airflow/.local/lib/python3.7/site-packages/airflow/example_dags/example_latest_only_with_trigger.py
[2022-10-01T00:30:15.546+0000] {logging_mixin.py:115} INFO - [2022-10-01T00:30:15.546+0000] {dag.py:2429} INFO - Sync 1 DAGs
[2022-10-01T00:30:15.561+0000] {logging_mixin.py:115} INFO - [2022-10-01T00:30:15.560+0000] {dag.py:2981} INFO - Setting next_dagrun for latest_only_with_trigger to 2022-09-30T20:30:15.560762+00:00, run_after=2022-10-01T00:30:15.560762+00:00
[2022-10-01T00:30:15.568+0000] {processor.py:161} INFO - Processing /home/airflow/.local/lib/python3.7/site-packages/airflow/example_dags/example_latest_only_with_trigger.py took 0.060 seconds
[2022-10-01T00:30:45.872+0000] {processor.py:153} INFO - Started process (PID=37157) to work on /home/airflow/.local/lib/python3.7/site-packages/airflow/example_dags/example_latest_only_with_trigger.py
[2022-10-01T00:30:45.873+0000] {processor.py:640} INFO - Processing file /home/airflow/.local/lib/python3.7/site-packages/airflow/example_dags/example_latest_only_with_trigger.py for tasks to queue
[2022-10-01T00:30:45.874+0000] {logging_mixin.py:115} INFO - [2022-10-01T00:30:45.874+0000] {dagbag.py:508} INFO - Filling up the DagBag from /home/airflow/.local/lib/python3.7/site-packages/airflow/example_dags/example_latest_only_with_trigger.py
[2022-10-01T00:30:45.880+0000] {processor.py:650} INFO - DAG(s) dict_keys(['latest_only_with_trigger']) retrieved from /home/airflow/.local/lib/python3.7/site-packages/airflow/example_dags/example_latest_only_with_trigger.py
[2022-10-01T00:30:45.899+0000] {logging_mixin.py:115} INFO - [2022-10-01T00:30:45.898+0000] {dag.py:2429} INFO - Sync 1 DAGs
[2022-10-01T00:30:45.917+0000] {logging_mixin.py:115} INFO - [2022-10-01T00:30:45.916+0000] {dag.py:2981} INFO - Setting next_dagrun for latest_only_with_trigger to 2022-09-30T20:30:45.916662+00:00, run_after=2022-10-01T00:30:45.916662+00:00
[2022-10-01T00:30:45.925+0000] {processor.py:161} INFO - Processing /home/airflow/.local/lib/python3.7/site-packages/airflow/example_dags/example_latest_only_with_trigger.py took 0.056 seconds
[2022-10-01T00:31:16.370+0000] {processor.py:153} INFO - Started process (PID=37223) to work on /home/airflow/.local/lib/python3.7/site-packages/airflow/example_dags/example_latest_only_with_trigger.py
[2022-10-01T00:31:16.376+0000] {processor.py:640} INFO - Processing file /home/airflow/.local/lib/python3.7/site-packages/airflow/example_dags/example_latest_only_with_trigger.py for tasks to queue
[2022-10-01T00:31:16.378+0000] {logging_mixin.py:115} INFO - [2022-10-01T00:31:16.378+0000] {dagbag.py:508} INFO - Filling up the DagBag from /home/airflow/.local/lib/python3.7/site-packages/airflow/example_dags/example_latest_only_with_trigger.py
[2022-10-01T00:31:16.383+0000] {processor.py:650} INFO - DAG(s) dict_keys(['latest_only_with_trigger']) retrieved from /home/airflow/.local/lib/python3.7/site-packages/airflow/example_dags/example_latest_only_with_trigger.py
[2022-10-01T00:31:16.401+0000] {logging_mixin.py:115} INFO - [2022-10-01T00:31:16.401+0000] {dag.py:2429} INFO - Sync 1 DAGs
[2022-10-01T00:31:16.417+0000] {logging_mixin.py:115} INFO - [2022-10-01T00:31:16.417+0000] {dag.py:2981} INFO - Setting next_dagrun for latest_only_with_trigger to 2022-09-30T20:31:16.416860+00:00, run_after=2022-10-01T00:31:16.416860+00:00
[2022-10-01T00:31:16.426+0000] {processor.py:161} INFO - Processing /home/airflow/.local/lib/python3.7/site-packages/airflow/example_dags/example_latest_only_with_trigger.py took 0.059 seconds
[2022-10-01T00:31:47.035+0000] {processor.py:153} INFO - Started process (PID=37280) to work on /home/airflow/.local/lib/python3.7/site-packages/airflow/example_dags/example_latest_only_with_trigger.py
[2022-10-01T00:31:47.037+0000] {processor.py:640} INFO - Processing file /home/airflow/.local/lib/python3.7/site-packages/airflow/example_dags/example_latest_only_with_trigger.py for tasks to queue
[2022-10-01T00:31:47.038+0000] {logging_mixin.py:115} INFO - [2022-10-01T00:31:47.038+0000] {dagbag.py:508} INFO - Filling up the DagBag from /home/airflow/.local/lib/python3.7/site-packages/airflow/example_dags/example_latest_only_with_trigger.py
[2022-10-01T00:31:47.043+0000] {processor.py:650} INFO - DAG(s) dict_keys(['latest_only_with_trigger']) retrieved from /home/airflow/.local/lib/python3.7/site-packages/airflow/example_dags/example_latest_only_with_trigger.py
[2022-10-01T00:31:47.063+0000] {logging_mixin.py:115} INFO - [2022-10-01T00:31:47.063+0000] {dag.py:2429} INFO - Sync 1 DAGs
[2022-10-01T00:31:47.077+0000] {logging_mixin.py:115} INFO - [2022-10-01T00:31:47.077+0000] {dag.py:2981} INFO - Setting next_dagrun for latest_only_with_trigger to 2022-09-30T20:31:47.077652+00:00, run_after=2022-10-01T00:31:47.077652+00:00
[2022-10-01T00:31:47.088+0000] {processor.py:161} INFO - Processing /home/airflow/.local/lib/python3.7/site-packages/airflow/example_dags/example_latest_only_with_trigger.py took 0.056 seconds
[2022-10-01T00:32:17.377+0000] {processor.py:153} INFO - Started process (PID=37346) to work on /home/airflow/.local/lib/python3.7/site-packages/airflow/example_dags/example_latest_only_with_trigger.py
[2022-10-01T00:32:17.382+0000] {processor.py:640} INFO - Processing file /home/airflow/.local/lib/python3.7/site-packages/airflow/example_dags/example_latest_only_with_trigger.py for tasks to queue
[2022-10-01T00:32:17.384+0000] {logging_mixin.py:115} INFO - [2022-10-01T00:32:17.384+0000] {dagbag.py:508} INFO - Filling up the DagBag from /home/airflow/.local/lib/python3.7/site-packages/airflow/example_dags/example_latest_only_with_trigger.py
[2022-10-01T00:32:17.389+0000] {processor.py:650} INFO - DAG(s) dict_keys(['latest_only_with_trigger']) retrieved from /home/airflow/.local/lib/python3.7/site-packages/airflow/example_dags/example_latest_only_with_trigger.py
[2022-10-01T00:32:17.409+0000] {logging_mixin.py:115} INFO - [2022-10-01T00:32:17.409+0000] {dag.py:2429} INFO - Sync 1 DAGs
[2022-10-01T00:32:17.423+0000] {logging_mixin.py:115} INFO - [2022-10-01T00:32:17.423+0000] {dag.py:2981} INFO - Setting next_dagrun for latest_only_with_trigger to 2022-09-30T20:32:17.422898+00:00, run_after=2022-10-01T00:32:17.422898+00:00
[2022-10-01T00:32:17.431+0000] {processor.py:161} INFO - Processing /home/airflow/.local/lib/python3.7/site-packages/airflow/example_dags/example_latest_only_with_trigger.py took 0.056 seconds
[2022-10-01T00:32:48.054+0000] {processor.py:153} INFO - Started process (PID=37411) to work on /home/airflow/.local/lib/python3.7/site-packages/airflow/example_dags/example_latest_only_with_trigger.py
[2022-10-01T00:32:48.059+0000] {processor.py:640} INFO - Processing file /home/airflow/.local/lib/python3.7/site-packages/airflow/example_dags/example_latest_only_with_trigger.py for tasks to queue
[2022-10-01T00:32:48.062+0000] {logging_mixin.py:115} INFO - [2022-10-01T00:32:48.061+0000] {dagbag.py:508} INFO - Filling up the DagBag from /home/airflow/.local/lib/python3.7/site-packages/airflow/example_dags/example_latest_only_with_trigger.py
[2022-10-01T00:32:48.077+0000] {processor.py:650} INFO - DAG(s) dict_keys(['latest_only_with_trigger']) retrieved from /home/airflow/.local/lib/python3.7/site-packages/airflow/example_dags/example_latest_only_with_trigger.py
[2022-10-01T00:32:48.128+0000] {logging_mixin.py:115} INFO - [2022-10-01T00:32:48.128+0000] {dag.py:2429} INFO - Sync 1 DAGs
[2022-10-01T00:32:48.156+0000] {logging_mixin.py:115} INFO - [2022-10-01T00:32:48.155+0000] {dag.py:2981} INFO - Setting next_dagrun for latest_only_with_trigger to 2022-09-30T20:32:48.155746+00:00, run_after=2022-10-01T00:32:48.155746+00:00
[2022-10-01T00:32:48.179+0000] {processor.py:161} INFO - Processing /home/airflow/.local/lib/python3.7/site-packages/airflow/example_dags/example_latest_only_with_trigger.py took 0.128 seconds
[2022-10-01T00:33:18.997+0000] {processor.py:153} INFO - Started process (PID=37468) to work on /home/airflow/.local/lib/python3.7/site-packages/airflow/example_dags/example_latest_only_with_trigger.py
[2022-10-01T00:33:19.001+0000] {processor.py:640} INFO - Processing file /home/airflow/.local/lib/python3.7/site-packages/airflow/example_dags/example_latest_only_with_trigger.py for tasks to queue
[2022-10-01T00:33:19.002+0000] {logging_mixin.py:115} INFO - [2022-10-01T00:33:19.002+0000] {dagbag.py:508} INFO - Filling up the DagBag from /home/airflow/.local/lib/python3.7/site-packages/airflow/example_dags/example_latest_only_with_trigger.py
[2022-10-01T00:33:19.008+0000] {processor.py:650} INFO - DAG(s) dict_keys(['latest_only_with_trigger']) retrieved from /home/airflow/.local/lib/python3.7/site-packages/airflow/example_dags/example_latest_only_with_trigger.py
[2022-10-01T00:33:19.030+0000] {logging_mixin.py:115} INFO - [2022-10-01T00:33:19.030+0000] {dag.py:2429} INFO - Sync 1 DAGs
[2022-10-01T00:33:19.046+0000] {logging_mixin.py:115} INFO - [2022-10-01T00:33:19.046+0000] {dag.py:2981} INFO - Setting next_dagrun for latest_only_with_trigger to 2022-09-30T20:33:19.046496+00:00, run_after=2022-10-01T00:33:19.046496+00:00
[2022-10-01T00:33:19.057+0000] {processor.py:161} INFO - Processing /home/airflow/.local/lib/python3.7/site-packages/airflow/example_dags/example_latest_only_with_trigger.py took 0.063 seconds
[2022-10-01T00:33:49.459+0000] {processor.py:153} INFO - Started process (PID=37532) to work on /home/airflow/.local/lib/python3.7/site-packages/airflow/example_dags/example_latest_only_with_trigger.py
[2022-10-01T00:33:49.460+0000] {processor.py:640} INFO - Processing file /home/airflow/.local/lib/python3.7/site-packages/airflow/example_dags/example_latest_only_with_trigger.py for tasks to queue
[2022-10-01T00:33:49.462+0000] {logging_mixin.py:115} INFO - [2022-10-01T00:33:49.462+0000] {dagbag.py:508} INFO - Filling up the DagBag from /home/airflow/.local/lib/python3.7/site-packages/airflow/example_dags/example_latest_only_with_trigger.py
[2022-10-01T00:33:49.467+0000] {processor.py:650} INFO - DAG(s) dict_keys(['latest_only_with_trigger']) retrieved from /home/airflow/.local/lib/python3.7/site-packages/airflow/example_dags/example_latest_only_with_trigger.py
[2022-10-01T00:33:49.487+0000] {logging_mixin.py:115} INFO - [2022-10-01T00:33:49.487+0000] {dag.py:2429} INFO - Sync 1 DAGs
[2022-10-01T00:33:49.504+0000] {logging_mixin.py:115} INFO - [2022-10-01T00:33:49.504+0000] {dag.py:2981} INFO - Setting next_dagrun for latest_only_with_trigger to 2022-09-30T20:33:49.504497+00:00, run_after=2022-10-01T00:33:49.504497+00:00
[2022-10-01T00:33:49.513+0000] {processor.py:161} INFO - Processing /home/airflow/.local/lib/python3.7/site-packages/airflow/example_dags/example_latest_only_with_trigger.py took 0.057 seconds
[2022-10-01T00:34:20.057+0000] {processor.py:153} INFO - Started process (PID=37590) to work on /home/airflow/.local/lib/python3.7/site-packages/airflow/example_dags/example_latest_only_with_trigger.py
[2022-10-01T00:34:20.062+0000] {processor.py:640} INFO - Processing file /home/airflow/.local/lib/python3.7/site-packages/airflow/example_dags/example_latest_only_with_trigger.py for tasks to queue
[2022-10-01T00:34:20.063+0000] {logging_mixin.py:115} INFO - [2022-10-01T00:34:20.063+0000] {dagbag.py:508} INFO - Filling up the DagBag from /home/airflow/.local/lib/python3.7/site-packages/airflow/example_dags/example_latest_only_with_trigger.py
[2022-10-01T00:34:20.068+0000] {processor.py:650} INFO - DAG(s) dict_keys(['latest_only_with_trigger']) retrieved from /home/airflow/.local/lib/python3.7/site-packages/airflow/example_dags/example_latest_only_with_trigger.py
[2022-10-01T00:34:20.090+0000] {logging_mixin.py:115} INFO - [2022-10-01T00:34:20.090+0000] {dag.py:2429} INFO - Sync 1 DAGs
[2022-10-01T00:34:20.105+0000] {logging_mixin.py:115} INFO - [2022-10-01T00:34:20.105+0000] {dag.py:2981} INFO - Setting next_dagrun for latest_only_with_trigger to 2022-09-30T20:34:20.105366+00:00, run_after=2022-10-01T00:34:20.105366+00:00
[2022-10-01T00:34:20.118+0000] {processor.py:161} INFO - Processing /home/airflow/.local/lib/python3.7/site-packages/airflow/example_dags/example_latest_only_with_trigger.py took 0.063 seconds
[2022-10-01T00:34:50.935+0000] {processor.py:153} INFO - Started process (PID=37656) to work on /home/airflow/.local/lib/python3.7/site-packages/airflow/example_dags/example_latest_only_with_trigger.py
[2022-10-01T00:34:50.941+0000] {processor.py:640} INFO - Processing file /home/airflow/.local/lib/python3.7/site-packages/airflow/example_dags/example_latest_only_with_trigger.py for tasks to queue
[2022-10-01T00:34:50.944+0000] {logging_mixin.py:115} INFO - [2022-10-01T00:34:50.944+0000] {dagbag.py:508} INFO - Filling up the DagBag from /home/airflow/.local/lib/python3.7/site-packages/airflow/example_dags/example_latest_only_with_trigger.py
[2022-10-01T00:34:50.949+0000] {processor.py:650} INFO - DAG(s) dict_keys(['latest_only_with_trigger']) retrieved from /home/airflow/.local/lib/python3.7/site-packages/airflow/example_dags/example_latest_only_with_trigger.py
[2022-10-01T00:34:50.969+0000] {logging_mixin.py:115} INFO - [2022-10-01T00:34:50.969+0000] {dag.py:2429} INFO - Sync 1 DAGs
[2022-10-01T00:34:50.982+0000] {logging_mixin.py:115} INFO - [2022-10-01T00:34:50.982+0000] {dag.py:2981} INFO - Setting next_dagrun for latest_only_with_trigger to 2022-09-30T20:34:50.982270+00:00, run_after=2022-10-01T00:34:50.982270+00:00
[2022-10-01T00:34:50.991+0000] {processor.py:161} INFO - Processing /home/airflow/.local/lib/python3.7/site-packages/airflow/example_dags/example_latest_only_with_trigger.py took 0.059 seconds
[2022-10-01T00:35:21.474+0000] {processor.py:153} INFO - Started process (PID=37723) to work on /home/airflow/.local/lib/python3.7/site-packages/airflow/example_dags/example_latest_only_with_trigger.py
[2022-10-01T00:35:21.477+0000] {processor.py:640} INFO - Processing file /home/airflow/.local/lib/python3.7/site-packages/airflow/example_dags/example_latest_only_with_trigger.py for tasks to queue
[2022-10-01T00:35:21.480+0000] {logging_mixin.py:115} INFO - [2022-10-01T00:35:21.479+0000] {dagbag.py:508} INFO - Filling up the DagBag from /home/airflow/.local/lib/python3.7/site-packages/airflow/example_dags/example_latest_only_with_trigger.py
[2022-10-01T00:35:21.494+0000] {processor.py:650} INFO - DAG(s) dict_keys(['latest_only_with_trigger']) retrieved from /home/airflow/.local/lib/python3.7/site-packages/airflow/example_dags/example_latest_only_with_trigger.py
[2022-10-01T00:35:21.520+0000] {logging_mixin.py:115} INFO - [2022-10-01T00:35:21.520+0000] {dag.py:2429} INFO - Sync 1 DAGs
[2022-10-01T00:35:21.538+0000] {logging_mixin.py:115} INFO - [2022-10-01T00:35:21.538+0000] {dag.py:2981} INFO - Setting next_dagrun for latest_only_with_trigger to 2022-09-30T20:35:21.538268+00:00, run_after=2022-10-01T00:35:21.538268+00:00
[2022-10-01T00:35:21.552+0000] {processor.py:161} INFO - Processing /home/airflow/.local/lib/python3.7/site-packages/airflow/example_dags/example_latest_only_with_trigger.py took 0.083 seconds
[2022-10-01T00:35:52.560+0000] {processor.py:153} INFO - Started process (PID=37780) to work on /home/airflow/.local/lib/python3.7/site-packages/airflow/example_dags/example_latest_only_with_trigger.py
[2022-10-01T00:35:52.562+0000] {processor.py:640} INFO - Processing file /home/airflow/.local/lib/python3.7/site-packages/airflow/example_dags/example_latest_only_with_trigger.py for tasks to queue
[2022-10-01T00:35:52.563+0000] {logging_mixin.py:115} INFO - [2022-10-01T00:35:52.563+0000] {dagbag.py:508} INFO - Filling up the DagBag from /home/airflow/.local/lib/python3.7/site-packages/airflow/example_dags/example_latest_only_with_trigger.py
[2022-10-01T00:35:52.577+0000] {processor.py:650} INFO - DAG(s) dict_keys(['latest_only_with_trigger']) retrieved from /home/airflow/.local/lib/python3.7/site-packages/airflow/example_dags/example_latest_only_with_trigger.py
[2022-10-01T00:35:52.601+0000] {logging_mixin.py:115} INFO - [2022-10-01T00:35:52.601+0000] {dag.py:2429} INFO - Sync 1 DAGs
[2022-10-01T00:35:52.619+0000] {logging_mixin.py:115} INFO - [2022-10-01T00:35:52.619+0000] {dag.py:2981} INFO - Setting next_dagrun for latest_only_with_trigger to 2022-09-30T20:35:52.619101+00:00, run_after=2022-10-01T00:35:52.619101+00:00
[2022-10-01T00:35:52.630+0000] {processor.py:161} INFO - Processing /home/airflow/.local/lib/python3.7/site-packages/airflow/example_dags/example_latest_only_with_trigger.py took 0.073 seconds
