[2022-10-01T00:00:23.371+0000] {processor.py:153} INFO - Started process (PID=33930) to work on /home/airflow/.local/lib/python3.7/site-packages/airflow/example_dags/example_sla_dag.py
[2022-10-01T00:00:23.373+0000] {processor.py:640} INFO - Processing file /home/airflow/.local/lib/python3.7/site-packages/airflow/example_dags/example_sla_dag.py for tasks to queue
[2022-10-01T00:00:23.374+0000] {logging_mixin.py:115} INFO - [2022-10-01T00:00:23.374+0000] {dagbag.py:508} INFO - Filling up the DagBag from /home/airflow/.local/lib/python3.7/site-packages/airflow/example_dags/example_sla_dag.py
[2022-10-01T00:00:23.385+0000] {processor.py:650} INFO - DAG(s) dict_keys(['example_sla_dag']) retrieved from /home/airflow/.local/lib/python3.7/site-packages/airflow/example_dags/example_sla_dag.py
[2022-10-01T00:00:23.404+0000] {logging_mixin.py:115} INFO - [2022-10-01T00:00:23.404+0000] {dag.py:2429} INFO - Sync 1 DAGs
[2022-10-01T00:00:23.419+0000] {logging_mixin.py:115} INFO - [2022-10-01T00:00:23.419+0000] {dag.py:2981} INFO - Setting next_dagrun for example_sla_dag to 2022-09-30T23:58:00+00:00, run_after=2022-10-01T00:00:00+00:00
[2022-10-01T00:00:23.427+0000] {processor.py:161} INFO - Processing /home/airflow/.local/lib/python3.7/site-packages/airflow/example_dags/example_sla_dag.py took 0.059 seconds
[2022-10-01T00:00:53.903+0000] {processor.py:153} INFO - Started process (PID=33997) to work on /home/airflow/.local/lib/python3.7/site-packages/airflow/example_dags/example_sla_dag.py
[2022-10-01T00:00:53.905+0000] {processor.py:640} INFO - Processing file /home/airflow/.local/lib/python3.7/site-packages/airflow/example_dags/example_sla_dag.py for tasks to queue
[2022-10-01T00:00:53.906+0000] {logging_mixin.py:115} INFO - [2022-10-01T00:00:53.906+0000] {dagbag.py:508} INFO - Filling up the DagBag from /home/airflow/.local/lib/python3.7/site-packages/airflow/example_dags/example_sla_dag.py
[2022-10-01T00:00:53.919+0000] {processor.py:650} INFO - DAG(s) dict_keys(['example_sla_dag']) retrieved from /home/airflow/.local/lib/python3.7/site-packages/airflow/example_dags/example_sla_dag.py
[2022-10-01T00:00:53.936+0000] {logging_mixin.py:115} INFO - [2022-10-01T00:00:53.936+0000] {dag.py:2429} INFO - Sync 1 DAGs
[2022-10-01T00:00:53.952+0000] {logging_mixin.py:115} INFO - [2022-10-01T00:00:53.952+0000] {dag.py:2981} INFO - Setting next_dagrun for example_sla_dag to 2022-09-30T23:58:00+00:00, run_after=2022-10-01T00:00:00+00:00
[2022-10-01T00:00:53.990+0000] {processor.py:161} INFO - Processing /home/airflow/.local/lib/python3.7/site-packages/airflow/example_dags/example_sla_dag.py took 0.089 seconds
[2022-10-01T00:01:24.514+0000] {processor.py:153} INFO - Started process (PID=34063) to work on /home/airflow/.local/lib/python3.7/site-packages/airflow/example_dags/example_sla_dag.py
[2022-10-01T00:01:24.516+0000] {processor.py:640} INFO - Processing file /home/airflow/.local/lib/python3.7/site-packages/airflow/example_dags/example_sla_dag.py for tasks to queue
[2022-10-01T00:01:24.517+0000] {logging_mixin.py:115} INFO - [2022-10-01T00:01:24.517+0000] {dagbag.py:508} INFO - Filling up the DagBag from /home/airflow/.local/lib/python3.7/site-packages/airflow/example_dags/example_sla_dag.py
[2022-10-01T00:01:24.529+0000] {processor.py:650} INFO - DAG(s) dict_keys(['example_sla_dag']) retrieved from /home/airflow/.local/lib/python3.7/site-packages/airflow/example_dags/example_sla_dag.py
[2022-10-01T00:01:24.548+0000] {logging_mixin.py:115} INFO - [2022-10-01T00:01:24.548+0000] {dag.py:2429} INFO - Sync 1 DAGs
[2022-10-01T00:01:24.564+0000] {logging_mixin.py:115} INFO - [2022-10-01T00:01:24.563+0000] {dag.py:2981} INFO - Setting next_dagrun for example_sla_dag to 2022-09-30T23:58:00+00:00, run_after=2022-10-01T00:00:00+00:00
[2022-10-01T00:01:24.570+0000] {processor.py:161} INFO - Processing /home/airflow/.local/lib/python3.7/site-packages/airflow/example_dags/example_sla_dag.py took 0.058 seconds
[2022-10-01T00:01:55.002+0000] {processor.py:153} INFO - Started process (PID=34127) to work on /home/airflow/.local/lib/python3.7/site-packages/airflow/example_dags/example_sla_dag.py
[2022-10-01T00:01:55.011+0000] {processor.py:640} INFO - Processing file /home/airflow/.local/lib/python3.7/site-packages/airflow/example_dags/example_sla_dag.py for tasks to queue
[2022-10-01T00:01:55.012+0000] {logging_mixin.py:115} INFO - [2022-10-01T00:01:55.012+0000] {dagbag.py:508} INFO - Filling up the DagBag from /home/airflow/.local/lib/python3.7/site-packages/airflow/example_dags/example_sla_dag.py
[2022-10-01T00:01:55.027+0000] {processor.py:650} INFO - DAG(s) dict_keys(['example_sla_dag']) retrieved from /home/airflow/.local/lib/python3.7/site-packages/airflow/example_dags/example_sla_dag.py
[2022-10-01T00:01:55.063+0000] {logging_mixin.py:115} INFO - [2022-10-01T00:01:55.063+0000] {dag.py:2429} INFO - Sync 1 DAGs
[2022-10-01T00:01:55.081+0000] {logging_mixin.py:115} INFO - [2022-10-01T00:01:55.081+0000] {dag.py:2981} INFO - Setting next_dagrun for example_sla_dag to 2022-09-30T23:58:00+00:00, run_after=2022-10-01T00:00:00+00:00
[2022-10-01T00:01:55.090+0000] {processor.py:161} INFO - Processing /home/airflow/.local/lib/python3.7/site-packages/airflow/example_dags/example_sla_dag.py took 0.091 seconds
[2022-10-01T00:02:25.361+0000] {processor.py:153} INFO - Started process (PID=34186) to work on /home/airflow/.local/lib/python3.7/site-packages/airflow/example_dags/example_sla_dag.py
[2022-10-01T00:02:25.363+0000] {processor.py:640} INFO - Processing file /home/airflow/.local/lib/python3.7/site-packages/airflow/example_dags/example_sla_dag.py for tasks to queue
[2022-10-01T00:02:25.364+0000] {logging_mixin.py:115} INFO - [2022-10-01T00:02:25.364+0000] {dagbag.py:508} INFO - Filling up the DagBag from /home/airflow/.local/lib/python3.7/site-packages/airflow/example_dags/example_sla_dag.py
[2022-10-01T00:02:25.375+0000] {processor.py:650} INFO - DAG(s) dict_keys(['example_sla_dag']) retrieved from /home/airflow/.local/lib/python3.7/site-packages/airflow/example_dags/example_sla_dag.py
[2022-10-01T00:02:25.393+0000] {logging_mixin.py:115} INFO - [2022-10-01T00:02:25.393+0000] {dag.py:2429} INFO - Sync 1 DAGs
[2022-10-01T00:02:25.410+0000] {logging_mixin.py:115} INFO - [2022-10-01T00:02:25.409+0000] {dag.py:2981} INFO - Setting next_dagrun for example_sla_dag to 2022-10-01T00:00:00+00:00, run_after=2022-10-01T00:02:00+00:00
[2022-10-01T00:02:25.417+0000] {processor.py:161} INFO - Processing /home/airflow/.local/lib/python3.7/site-packages/airflow/example_dags/example_sla_dag.py took 0.059 seconds
[2022-10-01T00:02:55.800+0000] {processor.py:153} INFO - Started process (PID=34252) to work on /home/airflow/.local/lib/python3.7/site-packages/airflow/example_dags/example_sla_dag.py
[2022-10-01T00:02:55.802+0000] {processor.py:640} INFO - Processing file /home/airflow/.local/lib/python3.7/site-packages/airflow/example_dags/example_sla_dag.py for tasks to queue
[2022-10-01T00:02:55.803+0000] {logging_mixin.py:115} INFO - [2022-10-01T00:02:55.803+0000] {dagbag.py:508} INFO - Filling up the DagBag from /home/airflow/.local/lib/python3.7/site-packages/airflow/example_dags/example_sla_dag.py
[2022-10-01T00:02:55.815+0000] {processor.py:650} INFO - DAG(s) dict_keys(['example_sla_dag']) retrieved from /home/airflow/.local/lib/python3.7/site-packages/airflow/example_dags/example_sla_dag.py
[2022-10-01T00:02:55.834+0000] {logging_mixin.py:115} INFO - [2022-10-01T00:02:55.834+0000] {dag.py:2429} INFO - Sync 1 DAGs
[2022-10-01T00:02:55.848+0000] {logging_mixin.py:115} INFO - [2022-10-01T00:02:55.848+0000] {dag.py:2981} INFO - Setting next_dagrun for example_sla_dag to 2022-10-01T00:00:00+00:00, run_after=2022-10-01T00:02:00+00:00
[2022-10-01T00:02:55.854+0000] {processor.py:161} INFO - Processing /home/airflow/.local/lib/python3.7/site-packages/airflow/example_dags/example_sla_dag.py took 0.057 seconds
[2022-10-01T00:03:26.027+0000] {processor.py:153} INFO - Started process (PID=34319) to work on /home/airflow/.local/lib/python3.7/site-packages/airflow/example_dags/example_sla_dag.py
[2022-10-01T00:03:26.029+0000] {processor.py:640} INFO - Processing file /home/airflow/.local/lib/python3.7/site-packages/airflow/example_dags/example_sla_dag.py for tasks to queue
[2022-10-01T00:03:26.030+0000] {logging_mixin.py:115} INFO - [2022-10-01T00:03:26.030+0000] {dagbag.py:508} INFO - Filling up the DagBag from /home/airflow/.local/lib/python3.7/site-packages/airflow/example_dags/example_sla_dag.py
[2022-10-01T00:03:26.041+0000] {processor.py:650} INFO - DAG(s) dict_keys(['example_sla_dag']) retrieved from /home/airflow/.local/lib/python3.7/site-packages/airflow/example_dags/example_sla_dag.py
[2022-10-01T00:03:26.059+0000] {logging_mixin.py:115} INFO - [2022-10-01T00:03:26.059+0000] {dag.py:2429} INFO - Sync 1 DAGs
[2022-10-01T00:03:26.074+0000] {logging_mixin.py:115} INFO - [2022-10-01T00:03:26.073+0000] {dag.py:2981} INFO - Setting next_dagrun for example_sla_dag to 2022-10-01T00:00:00+00:00, run_after=2022-10-01T00:02:00+00:00
[2022-10-01T00:03:26.080+0000] {processor.py:161} INFO - Processing /home/airflow/.local/lib/python3.7/site-packages/airflow/example_dags/example_sla_dag.py took 0.056 seconds
[2022-10-01T00:03:56.430+0000] {processor.py:153} INFO - Started process (PID=34376) to work on /home/airflow/.local/lib/python3.7/site-packages/airflow/example_dags/example_sla_dag.py
[2022-10-01T00:03:56.436+0000] {processor.py:640} INFO - Processing file /home/airflow/.local/lib/python3.7/site-packages/airflow/example_dags/example_sla_dag.py for tasks to queue
[2022-10-01T00:03:56.437+0000] {logging_mixin.py:115} INFO - [2022-10-01T00:03:56.437+0000] {dagbag.py:508} INFO - Filling up the DagBag from /home/airflow/.local/lib/python3.7/site-packages/airflow/example_dags/example_sla_dag.py
[2022-10-01T00:03:56.451+0000] {processor.py:650} INFO - DAG(s) dict_keys(['example_sla_dag']) retrieved from /home/airflow/.local/lib/python3.7/site-packages/airflow/example_dags/example_sla_dag.py
[2022-10-01T00:03:56.475+0000] {logging_mixin.py:115} INFO - [2022-10-01T00:03:56.475+0000] {dag.py:2429} INFO - Sync 1 DAGs
[2022-10-01T00:03:56.499+0000] {logging_mixin.py:115} INFO - [2022-10-01T00:03:56.498+0000] {dag.py:2981} INFO - Setting next_dagrun for example_sla_dag to 2022-10-01T00:00:00+00:00, run_after=2022-10-01T00:02:00+00:00
[2022-10-01T00:03:56.512+0000] {processor.py:161} INFO - Processing /home/airflow/.local/lib/python3.7/site-packages/airflow/example_dags/example_sla_dag.py took 0.085 seconds
[2022-10-01T00:04:26.899+0000] {processor.py:153} INFO - Started process (PID=34442) to work on /home/airflow/.local/lib/python3.7/site-packages/airflow/example_dags/example_sla_dag.py
[2022-10-01T00:04:26.900+0000] {processor.py:640} INFO - Processing file /home/airflow/.local/lib/python3.7/site-packages/airflow/example_dags/example_sla_dag.py for tasks to queue
[2022-10-01T00:04:26.902+0000] {logging_mixin.py:115} INFO - [2022-10-01T00:04:26.902+0000] {dagbag.py:508} INFO - Filling up the DagBag from /home/airflow/.local/lib/python3.7/site-packages/airflow/example_dags/example_sla_dag.py
[2022-10-01T00:04:26.913+0000] {processor.py:650} INFO - DAG(s) dict_keys(['example_sla_dag']) retrieved from /home/airflow/.local/lib/python3.7/site-packages/airflow/example_dags/example_sla_dag.py
[2022-10-01T00:04:26.935+0000] {logging_mixin.py:115} INFO - [2022-10-01T00:04:26.935+0000] {dag.py:2429} INFO - Sync 1 DAGs
[2022-10-01T00:04:26.951+0000] {logging_mixin.py:115} INFO - [2022-10-01T00:04:26.951+0000] {dag.py:2981} INFO - Setting next_dagrun for example_sla_dag to 2022-10-01T00:02:00+00:00, run_after=2022-10-01T00:04:00+00:00
[2022-10-01T00:04:26.963+0000] {processor.py:161} INFO - Processing /home/airflow/.local/lib/python3.7/site-packages/airflow/example_dags/example_sla_dag.py took 0.067 seconds
[2022-10-01T00:04:57.315+0000] {processor.py:153} INFO - Started process (PID=34508) to work on /home/airflow/.local/lib/python3.7/site-packages/airflow/example_dags/example_sla_dag.py
[2022-10-01T00:04:57.317+0000] {processor.py:640} INFO - Processing file /home/airflow/.local/lib/python3.7/site-packages/airflow/example_dags/example_sla_dag.py for tasks to queue
[2022-10-01T00:04:57.317+0000] {logging_mixin.py:115} INFO - [2022-10-01T00:04:57.317+0000] {dagbag.py:508} INFO - Filling up the DagBag from /home/airflow/.local/lib/python3.7/site-packages/airflow/example_dags/example_sla_dag.py
[2022-10-01T00:04:57.331+0000] {processor.py:650} INFO - DAG(s) dict_keys(['example_sla_dag']) retrieved from /home/airflow/.local/lib/python3.7/site-packages/airflow/example_dags/example_sla_dag.py
[2022-10-01T00:04:57.350+0000] {logging_mixin.py:115} INFO - [2022-10-01T00:04:57.349+0000] {dag.py:2429} INFO - Sync 1 DAGs
[2022-10-01T00:04:57.368+0000] {logging_mixin.py:115} INFO - [2022-10-01T00:04:57.368+0000] {dag.py:2981} INFO - Setting next_dagrun for example_sla_dag to 2022-10-01T00:02:00+00:00, run_after=2022-10-01T00:04:00+00:00
[2022-10-01T00:04:57.378+0000] {processor.py:161} INFO - Processing /home/airflow/.local/lib/python3.7/site-packages/airflow/example_dags/example_sla_dag.py took 0.066 seconds
[2022-10-01T00:05:27.723+0000] {processor.py:153} INFO - Started process (PID=34575) to work on /home/airflow/.local/lib/python3.7/site-packages/airflow/example_dags/example_sla_dag.py
[2022-10-01T00:05:27.724+0000] {processor.py:640} INFO - Processing file /home/airflow/.local/lib/python3.7/site-packages/airflow/example_dags/example_sla_dag.py for tasks to queue
[2022-10-01T00:05:27.725+0000] {logging_mixin.py:115} INFO - [2022-10-01T00:05:27.725+0000] {dagbag.py:508} INFO - Filling up the DagBag from /home/airflow/.local/lib/python3.7/site-packages/airflow/example_dags/example_sla_dag.py
[2022-10-01T00:05:27.736+0000] {processor.py:650} INFO - DAG(s) dict_keys(['example_sla_dag']) retrieved from /home/airflow/.local/lib/python3.7/site-packages/airflow/example_dags/example_sla_dag.py
[2022-10-01T00:05:27.753+0000] {logging_mixin.py:115} INFO - [2022-10-01T00:05:27.753+0000] {dag.py:2429} INFO - Sync 1 DAGs
[2022-10-01T00:05:27.767+0000] {logging_mixin.py:115} INFO - [2022-10-01T00:05:27.767+0000] {dag.py:2981} INFO - Setting next_dagrun for example_sla_dag to 2022-10-01T00:02:00+00:00, run_after=2022-10-01T00:04:00+00:00
[2022-10-01T00:05:27.774+0000] {processor.py:161} INFO - Processing /home/airflow/.local/lib/python3.7/site-packages/airflow/example_dags/example_sla_dag.py took 0.053 seconds
[2022-10-01T00:05:58.010+0000] {processor.py:153} INFO - Started process (PID=34632) to work on /home/airflow/.local/lib/python3.7/site-packages/airflow/example_dags/example_sla_dag.py
[2022-10-01T00:05:58.012+0000] {processor.py:640} INFO - Processing file /home/airflow/.local/lib/python3.7/site-packages/airflow/example_dags/example_sla_dag.py for tasks to queue
[2022-10-01T00:05:58.013+0000] {logging_mixin.py:115} INFO - [2022-10-01T00:05:58.013+0000] {dagbag.py:508} INFO - Filling up the DagBag from /home/airflow/.local/lib/python3.7/site-packages/airflow/example_dags/example_sla_dag.py
[2022-10-01T00:05:58.025+0000] {processor.py:650} INFO - DAG(s) dict_keys(['example_sla_dag']) retrieved from /home/airflow/.local/lib/python3.7/site-packages/airflow/example_dags/example_sla_dag.py
[2022-10-01T00:05:58.044+0000] {logging_mixin.py:115} INFO - [2022-10-01T00:05:58.044+0000] {dag.py:2429} INFO - Sync 1 DAGs
[2022-10-01T00:05:58.058+0000] {logging_mixin.py:115} INFO - [2022-10-01T00:05:58.058+0000] {dag.py:2981} INFO - Setting next_dagrun for example_sla_dag to 2022-10-01T00:02:00+00:00, run_after=2022-10-01T00:04:00+00:00
[2022-10-01T00:05:58.065+0000] {processor.py:161} INFO - Processing /home/airflow/.local/lib/python3.7/site-packages/airflow/example_dags/example_sla_dag.py took 0.058 seconds
[2022-10-01T00:06:28.451+0000] {processor.py:153} INFO - Started process (PID=34699) to work on /home/airflow/.local/lib/python3.7/site-packages/airflow/example_dags/example_sla_dag.py
[2022-10-01T00:06:28.453+0000] {processor.py:640} INFO - Processing file /home/airflow/.local/lib/python3.7/site-packages/airflow/example_dags/example_sla_dag.py for tasks to queue
[2022-10-01T00:06:28.454+0000] {logging_mixin.py:115} INFO - [2022-10-01T00:06:28.454+0000] {dagbag.py:508} INFO - Filling up the DagBag from /home/airflow/.local/lib/python3.7/site-packages/airflow/example_dags/example_sla_dag.py
[2022-10-01T00:06:28.466+0000] {processor.py:650} INFO - DAG(s) dict_keys(['example_sla_dag']) retrieved from /home/airflow/.local/lib/python3.7/site-packages/airflow/example_dags/example_sla_dag.py
[2022-10-01T00:06:28.485+0000] {logging_mixin.py:115} INFO - [2022-10-01T00:06:28.485+0000] {dag.py:2429} INFO - Sync 1 DAGs
[2022-10-01T00:06:28.502+0000] {logging_mixin.py:115} INFO - [2022-10-01T00:06:28.502+0000] {dag.py:2981} INFO - Setting next_dagrun for example_sla_dag to 2022-10-01T00:04:00+00:00, run_after=2022-10-01T00:06:00+00:00
[2022-10-01T00:06:28.510+0000] {processor.py:161} INFO - Processing /home/airflow/.local/lib/python3.7/site-packages/airflow/example_dags/example_sla_dag.py took 0.061 seconds
[2022-10-01T00:06:58.797+0000] {processor.py:153} INFO - Started process (PID=34765) to work on /home/airflow/.local/lib/python3.7/site-packages/airflow/example_dags/example_sla_dag.py
[2022-10-01T00:06:58.799+0000] {processor.py:640} INFO - Processing file /home/airflow/.local/lib/python3.7/site-packages/airflow/example_dags/example_sla_dag.py for tasks to queue
[2022-10-01T00:06:58.801+0000] {logging_mixin.py:115} INFO - [2022-10-01T00:06:58.801+0000] {dagbag.py:508} INFO - Filling up the DagBag from /home/airflow/.local/lib/python3.7/site-packages/airflow/example_dags/example_sla_dag.py
[2022-10-01T00:06:58.813+0000] {processor.py:650} INFO - DAG(s) dict_keys(['example_sla_dag']) retrieved from /home/airflow/.local/lib/python3.7/site-packages/airflow/example_dags/example_sla_dag.py
[2022-10-01T00:06:58.832+0000] {logging_mixin.py:115} INFO - [2022-10-01T00:06:58.832+0000] {dag.py:2429} INFO - Sync 1 DAGs
[2022-10-01T00:06:58.855+0000] {logging_mixin.py:115} INFO - [2022-10-01T00:06:58.855+0000] {dag.py:2981} INFO - Setting next_dagrun for example_sla_dag to 2022-10-01T00:04:00+00:00, run_after=2022-10-01T00:06:00+00:00
[2022-10-01T00:06:58.868+0000] {processor.py:161} INFO - Processing /home/airflow/.local/lib/python3.7/site-packages/airflow/example_dags/example_sla_dag.py took 0.073 seconds
[2022-10-01T00:07:29.348+0000] {processor.py:153} INFO - Started process (PID=34831) to work on /home/airflow/.local/lib/python3.7/site-packages/airflow/example_dags/example_sla_dag.py
[2022-10-01T00:07:29.350+0000] {processor.py:640} INFO - Processing file /home/airflow/.local/lib/python3.7/site-packages/airflow/example_dags/example_sla_dag.py for tasks to queue
[2022-10-01T00:07:29.351+0000] {logging_mixin.py:115} INFO - [2022-10-01T00:07:29.351+0000] {dagbag.py:508} INFO - Filling up the DagBag from /home/airflow/.local/lib/python3.7/site-packages/airflow/example_dags/example_sla_dag.py
[2022-10-01T00:07:29.364+0000] {processor.py:650} INFO - DAG(s) dict_keys(['example_sla_dag']) retrieved from /home/airflow/.local/lib/python3.7/site-packages/airflow/example_dags/example_sla_dag.py
[2022-10-01T00:07:29.385+0000] {logging_mixin.py:115} INFO - [2022-10-01T00:07:29.385+0000] {dag.py:2429} INFO - Sync 1 DAGs
[2022-10-01T00:07:29.402+0000] {logging_mixin.py:115} INFO - [2022-10-01T00:07:29.402+0000] {dag.py:2981} INFO - Setting next_dagrun for example_sla_dag to 2022-10-01T00:04:00+00:00, run_after=2022-10-01T00:06:00+00:00
[2022-10-01T00:07:29.424+0000] {processor.py:161} INFO - Processing /home/airflow/.local/lib/python3.7/site-packages/airflow/example_dags/example_sla_dag.py took 0.079 seconds
[2022-10-01T00:07:59.545+0000] {processor.py:153} INFO - Started process (PID=34888) to work on /home/airflow/.local/lib/python3.7/site-packages/airflow/example_dags/example_sla_dag.py
[2022-10-01T00:07:59.547+0000] {processor.py:640} INFO - Processing file /home/airflow/.local/lib/python3.7/site-packages/airflow/example_dags/example_sla_dag.py for tasks to queue
[2022-10-01T00:07:59.565+0000] {logging_mixin.py:115} INFO - [2022-10-01T00:07:59.565+0000] {dagbag.py:508} INFO - Filling up the DagBag from /home/airflow/.local/lib/python3.7/site-packages/airflow/example_dags/example_sla_dag.py
[2022-10-01T00:07:59.577+0000] {processor.py:650} INFO - DAG(s) dict_keys(['example_sla_dag']) retrieved from /home/airflow/.local/lib/python3.7/site-packages/airflow/example_dags/example_sla_dag.py
[2022-10-01T00:07:59.596+0000] {logging_mixin.py:115} INFO - [2022-10-01T00:07:59.596+0000] {dag.py:2429} INFO - Sync 1 DAGs
[2022-10-01T00:07:59.614+0000] {logging_mixin.py:115} INFO - [2022-10-01T00:07:59.614+0000] {dag.py:2981} INFO - Setting next_dagrun for example_sla_dag to 2022-10-01T00:04:00+00:00, run_after=2022-10-01T00:06:00+00:00
[2022-10-01T00:07:59.622+0000] {processor.py:161} INFO - Processing /home/airflow/.local/lib/python3.7/site-packages/airflow/example_dags/example_sla_dag.py took 0.079 seconds
[2022-10-01T00:08:30.100+0000] {processor.py:153} INFO - Started process (PID=34954) to work on /home/airflow/.local/lib/python3.7/site-packages/airflow/example_dags/example_sla_dag.py
[2022-10-01T00:08:30.101+0000] {processor.py:640} INFO - Processing file /home/airflow/.local/lib/python3.7/site-packages/airflow/example_dags/example_sla_dag.py for tasks to queue
[2022-10-01T00:08:30.103+0000] {logging_mixin.py:115} INFO - [2022-10-01T00:08:30.102+0000] {dagbag.py:508} INFO - Filling up the DagBag from /home/airflow/.local/lib/python3.7/site-packages/airflow/example_dags/example_sla_dag.py
[2022-10-01T00:08:30.114+0000] {processor.py:650} INFO - DAG(s) dict_keys(['example_sla_dag']) retrieved from /home/airflow/.local/lib/python3.7/site-packages/airflow/example_dags/example_sla_dag.py
[2022-10-01T00:08:30.135+0000] {logging_mixin.py:115} INFO - [2022-10-01T00:08:30.135+0000] {dag.py:2429} INFO - Sync 1 DAGs
[2022-10-01T00:08:30.154+0000] {logging_mixin.py:115} INFO - [2022-10-01T00:08:30.154+0000] {dag.py:2981} INFO - Setting next_dagrun for example_sla_dag to 2022-10-01T00:06:00+00:00, run_after=2022-10-01T00:08:00+00:00
[2022-10-01T00:08:30.162+0000] {processor.py:161} INFO - Processing /home/airflow/.local/lib/python3.7/site-packages/airflow/example_dags/example_sla_dag.py took 0.065 seconds
[2022-10-01T00:09:00.656+0000] {processor.py:153} INFO - Started process (PID=35020) to work on /home/airflow/.local/lib/python3.7/site-packages/airflow/example_dags/example_sla_dag.py
[2022-10-01T00:09:00.657+0000] {processor.py:640} INFO - Processing file /home/airflow/.local/lib/python3.7/site-packages/airflow/example_dags/example_sla_dag.py for tasks to queue
[2022-10-01T00:09:00.658+0000] {logging_mixin.py:115} INFO - [2022-10-01T00:09:00.658+0000] {dagbag.py:508} INFO - Filling up the DagBag from /home/airflow/.local/lib/python3.7/site-packages/airflow/example_dags/example_sla_dag.py
[2022-10-01T00:09:00.669+0000] {processor.py:650} INFO - DAG(s) dict_keys(['example_sla_dag']) retrieved from /home/airflow/.local/lib/python3.7/site-packages/airflow/example_dags/example_sla_dag.py
[2022-10-01T00:09:00.686+0000] {logging_mixin.py:115} INFO - [2022-10-01T00:09:00.686+0000] {dag.py:2429} INFO - Sync 1 DAGs
[2022-10-01T00:09:00.699+0000] {logging_mixin.py:115} INFO - [2022-10-01T00:09:00.699+0000] {dag.py:2981} INFO - Setting next_dagrun for example_sla_dag to 2022-10-01T00:06:00+00:00, run_after=2022-10-01T00:08:00+00:00
[2022-10-01T00:09:00.706+0000] {processor.py:161} INFO - Processing /home/airflow/.local/lib/python3.7/site-packages/airflow/example_dags/example_sla_dag.py took 0.052 seconds
[2022-10-01T00:09:31.320+0000] {processor.py:153} INFO - Started process (PID=35085) to work on /home/airflow/.local/lib/python3.7/site-packages/airflow/example_dags/example_sla_dag.py
[2022-10-01T00:09:31.322+0000] {processor.py:640} INFO - Processing file /home/airflow/.local/lib/python3.7/site-packages/airflow/example_dags/example_sla_dag.py for tasks to queue
[2022-10-01T00:09:31.323+0000] {logging_mixin.py:115} INFO - [2022-10-01T00:09:31.323+0000] {dagbag.py:508} INFO - Filling up the DagBag from /home/airflow/.local/lib/python3.7/site-packages/airflow/example_dags/example_sla_dag.py
[2022-10-01T00:09:31.334+0000] {processor.py:650} INFO - DAG(s) dict_keys(['example_sla_dag']) retrieved from /home/airflow/.local/lib/python3.7/site-packages/airflow/example_dags/example_sla_dag.py
[2022-10-01T00:09:31.352+0000] {logging_mixin.py:115} INFO - [2022-10-01T00:09:31.352+0000] {dag.py:2429} INFO - Sync 1 DAGs
[2022-10-01T00:09:31.369+0000] {logging_mixin.py:115} INFO - [2022-10-01T00:09:31.369+0000] {dag.py:2981} INFO - Setting next_dagrun for example_sla_dag to 2022-10-01T00:06:00+00:00, run_after=2022-10-01T00:08:00+00:00
[2022-10-01T00:09:31.376+0000] {processor.py:161} INFO - Processing /home/airflow/.local/lib/python3.7/site-packages/airflow/example_dags/example_sla_dag.py took 0.058 seconds
[2022-10-01T00:10:01.648+0000] {processor.py:153} INFO - Started process (PID=35141) to work on /home/airflow/.local/lib/python3.7/site-packages/airflow/example_dags/example_sla_dag.py
[2022-10-01T00:10:01.650+0000] {processor.py:640} INFO - Processing file /home/airflow/.local/lib/python3.7/site-packages/airflow/example_dags/example_sla_dag.py for tasks to queue
[2022-10-01T00:10:01.651+0000] {logging_mixin.py:115} INFO - [2022-10-01T00:10:01.651+0000] {dagbag.py:508} INFO - Filling up the DagBag from /home/airflow/.local/lib/python3.7/site-packages/airflow/example_dags/example_sla_dag.py
[2022-10-01T00:10:01.661+0000] {processor.py:650} INFO - DAG(s) dict_keys(['example_sla_dag']) retrieved from /home/airflow/.local/lib/python3.7/site-packages/airflow/example_dags/example_sla_dag.py
[2022-10-01T00:10:01.681+0000] {logging_mixin.py:115} INFO - [2022-10-01T00:10:01.681+0000] {dag.py:2429} INFO - Sync 1 DAGs
[2022-10-01T00:10:01.696+0000] {logging_mixin.py:115} INFO - [2022-10-01T00:10:01.696+0000] {dag.py:2981} INFO - Setting next_dagrun for example_sla_dag to 2022-10-01T00:08:00+00:00, run_after=2022-10-01T00:10:00+00:00
[2022-10-01T00:10:01.703+0000] {processor.py:161} INFO - Processing /home/airflow/.local/lib/python3.7/site-packages/airflow/example_dags/example_sla_dag.py took 0.057 seconds
[2022-10-01T00:10:32.119+0000] {processor.py:153} INFO - Started process (PID=35208) to work on /home/airflow/.local/lib/python3.7/site-packages/airflow/example_dags/example_sla_dag.py
[2022-10-01T00:10:32.121+0000] {processor.py:640} INFO - Processing file /home/airflow/.local/lib/python3.7/site-packages/airflow/example_dags/example_sla_dag.py for tasks to queue
[2022-10-01T00:10:32.122+0000] {logging_mixin.py:115} INFO - [2022-10-01T00:10:32.122+0000] {dagbag.py:508} INFO - Filling up the DagBag from /home/airflow/.local/lib/python3.7/site-packages/airflow/example_dags/example_sla_dag.py
[2022-10-01T00:10:32.133+0000] {processor.py:650} INFO - DAG(s) dict_keys(['example_sla_dag']) retrieved from /home/airflow/.local/lib/python3.7/site-packages/airflow/example_dags/example_sla_dag.py
[2022-10-01T00:10:32.152+0000] {logging_mixin.py:115} INFO - [2022-10-01T00:10:32.151+0000] {dag.py:2429} INFO - Sync 1 DAGs
[2022-10-01T00:10:32.169+0000] {logging_mixin.py:115} INFO - [2022-10-01T00:10:32.169+0000] {dag.py:2981} INFO - Setting next_dagrun for example_sla_dag to 2022-10-01T00:08:00+00:00, run_after=2022-10-01T00:10:00+00:00
[2022-10-01T00:10:32.177+0000] {processor.py:161} INFO - Processing /home/airflow/.local/lib/python3.7/site-packages/airflow/example_dags/example_sla_dag.py took 0.061 seconds
[2022-10-01T00:11:02.505+0000] {processor.py:153} INFO - Started process (PID=35274) to work on /home/airflow/.local/lib/python3.7/site-packages/airflow/example_dags/example_sla_dag.py
[2022-10-01T00:11:02.507+0000] {processor.py:640} INFO - Processing file /home/airflow/.local/lib/python3.7/site-packages/airflow/example_dags/example_sla_dag.py for tasks to queue
[2022-10-01T00:11:02.508+0000] {logging_mixin.py:115} INFO - [2022-10-01T00:11:02.508+0000] {dagbag.py:508} INFO - Filling up the DagBag from /home/airflow/.local/lib/python3.7/site-packages/airflow/example_dags/example_sla_dag.py
[2022-10-01T00:11:02.520+0000] {processor.py:650} INFO - DAG(s) dict_keys(['example_sla_dag']) retrieved from /home/airflow/.local/lib/python3.7/site-packages/airflow/example_dags/example_sla_dag.py
[2022-10-01T00:11:02.541+0000] {logging_mixin.py:115} INFO - [2022-10-01T00:11:02.541+0000] {dag.py:2429} INFO - Sync 1 DAGs
[2022-10-01T00:11:02.557+0000] {logging_mixin.py:115} INFO - [2022-10-01T00:11:02.557+0000] {dag.py:2981} INFO - Setting next_dagrun for example_sla_dag to 2022-10-01T00:08:00+00:00, run_after=2022-10-01T00:10:00+00:00
[2022-10-01T00:11:02.565+0000] {processor.py:161} INFO - Processing /home/airflow/.local/lib/python3.7/site-packages/airflow/example_dags/example_sla_dag.py took 0.063 seconds
[2022-10-01T00:11:32.886+0000] {processor.py:153} INFO - Started process (PID=35340) to work on /home/airflow/.local/lib/python3.7/site-packages/airflow/example_dags/example_sla_dag.py
[2022-10-01T00:11:32.889+0000] {processor.py:640} INFO - Processing file /home/airflow/.local/lib/python3.7/site-packages/airflow/example_dags/example_sla_dag.py for tasks to queue
[2022-10-01T00:11:32.890+0000] {logging_mixin.py:115} INFO - [2022-10-01T00:11:32.890+0000] {dagbag.py:508} INFO - Filling up the DagBag from /home/airflow/.local/lib/python3.7/site-packages/airflow/example_dags/example_sla_dag.py
[2022-10-01T00:11:32.901+0000] {processor.py:650} INFO - DAG(s) dict_keys(['example_sla_dag']) retrieved from /home/airflow/.local/lib/python3.7/site-packages/airflow/example_dags/example_sla_dag.py
[2022-10-01T00:11:32.919+0000] {logging_mixin.py:115} INFO - [2022-10-01T00:11:32.919+0000] {dag.py:2429} INFO - Sync 1 DAGs
[2022-10-01T00:11:32.934+0000] {logging_mixin.py:115} INFO - [2022-10-01T00:11:32.934+0000] {dag.py:2981} INFO - Setting next_dagrun for example_sla_dag to 2022-10-01T00:08:00+00:00, run_after=2022-10-01T00:10:00+00:00
[2022-10-01T00:11:32.941+0000] {processor.py:161} INFO - Processing /home/airflow/.local/lib/python3.7/site-packages/airflow/example_dags/example_sla_dag.py took 0.057 seconds
[2022-10-01T00:12:03.138+0000] {processor.py:153} INFO - Started process (PID=35397) to work on /home/airflow/.local/lib/python3.7/site-packages/airflow/example_dags/example_sla_dag.py
[2022-10-01T00:12:03.140+0000] {processor.py:640} INFO - Processing file /home/airflow/.local/lib/python3.7/site-packages/airflow/example_dags/example_sla_dag.py for tasks to queue
[2022-10-01T00:12:03.141+0000] {logging_mixin.py:115} INFO - [2022-10-01T00:12:03.141+0000] {dagbag.py:508} INFO - Filling up the DagBag from /home/airflow/.local/lib/python3.7/site-packages/airflow/example_dags/example_sla_dag.py
[2022-10-01T00:12:03.155+0000] {processor.py:650} INFO - DAG(s) dict_keys(['example_sla_dag']) retrieved from /home/airflow/.local/lib/python3.7/site-packages/airflow/example_dags/example_sla_dag.py
[2022-10-01T00:12:03.175+0000] {logging_mixin.py:115} INFO - [2022-10-01T00:12:03.175+0000] {dag.py:2429} INFO - Sync 1 DAGs
[2022-10-01T00:12:03.194+0000] {logging_mixin.py:115} INFO - [2022-10-01T00:12:03.194+0000] {dag.py:2981} INFO - Setting next_dagrun for example_sla_dag to 2022-10-01T00:10:00+00:00, run_after=2022-10-01T00:12:00+00:00
[2022-10-01T00:12:03.205+0000] {processor.py:161} INFO - Processing /home/airflow/.local/lib/python3.7/site-packages/airflow/example_dags/example_sla_dag.py took 0.069 seconds
[2022-10-01T00:12:33.745+0000] {processor.py:153} INFO - Started process (PID=35464) to work on /home/airflow/.local/lib/python3.7/site-packages/airflow/example_dags/example_sla_dag.py
[2022-10-01T00:12:33.747+0000] {processor.py:640} INFO - Processing file /home/airflow/.local/lib/python3.7/site-packages/airflow/example_dags/example_sla_dag.py for tasks to queue
[2022-10-01T00:12:33.748+0000] {logging_mixin.py:115} INFO - [2022-10-01T00:12:33.748+0000] {dagbag.py:508} INFO - Filling up the DagBag from /home/airflow/.local/lib/python3.7/site-packages/airflow/example_dags/example_sla_dag.py
[2022-10-01T00:12:33.759+0000] {processor.py:650} INFO - DAG(s) dict_keys(['example_sla_dag']) retrieved from /home/airflow/.local/lib/python3.7/site-packages/airflow/example_dags/example_sla_dag.py
[2022-10-01T00:12:33.777+0000] {logging_mixin.py:115} INFO - [2022-10-01T00:12:33.777+0000] {dag.py:2429} INFO - Sync 1 DAGs
[2022-10-01T00:12:33.792+0000] {logging_mixin.py:115} INFO - [2022-10-01T00:12:33.792+0000] {dag.py:2981} INFO - Setting next_dagrun for example_sla_dag to 2022-10-01T00:10:00+00:00, run_after=2022-10-01T00:12:00+00:00
[2022-10-01T00:12:33.799+0000] {processor.py:161} INFO - Processing /home/airflow/.local/lib/python3.7/site-packages/airflow/example_dags/example_sla_dag.py took 0.057 seconds
[2022-10-01T00:13:04.022+0000] {processor.py:153} INFO - Started process (PID=35529) to work on /home/airflow/.local/lib/python3.7/site-packages/airflow/example_dags/example_sla_dag.py
[2022-10-01T00:13:04.023+0000] {processor.py:640} INFO - Processing file /home/airflow/.local/lib/python3.7/site-packages/airflow/example_dags/example_sla_dag.py for tasks to queue
[2022-10-01T00:13:04.024+0000] {logging_mixin.py:115} INFO - [2022-10-01T00:13:04.024+0000] {dagbag.py:508} INFO - Filling up the DagBag from /home/airflow/.local/lib/python3.7/site-packages/airflow/example_dags/example_sla_dag.py
[2022-10-01T00:13:04.035+0000] {processor.py:650} INFO - DAG(s) dict_keys(['example_sla_dag']) retrieved from /home/airflow/.local/lib/python3.7/site-packages/airflow/example_dags/example_sla_dag.py
[2022-10-01T00:13:04.053+0000] {logging_mixin.py:115} INFO - [2022-10-01T00:13:04.053+0000] {dag.py:2429} INFO - Sync 1 DAGs
[2022-10-01T00:13:04.067+0000] {logging_mixin.py:115} INFO - [2022-10-01T00:13:04.067+0000] {dag.py:2981} INFO - Setting next_dagrun for example_sla_dag to 2022-10-01T00:10:00+00:00, run_after=2022-10-01T00:12:00+00:00
[2022-10-01T00:13:04.074+0000] {processor.py:161} INFO - Processing /home/airflow/.local/lib/python3.7/site-packages/airflow/example_dags/example_sla_dag.py took 0.055 seconds
[2022-10-01T00:13:36.001+0000] {processor.py:153} INFO - Started process (PID=35598) to work on /home/airflow/.local/lib/python3.7/site-packages/airflow/example_dags/example_sla_dag.py
[2022-10-01T00:13:36.004+0000] {processor.py:640} INFO - Processing file /home/airflow/.local/lib/python3.7/site-packages/airflow/example_dags/example_sla_dag.py for tasks to queue
[2022-10-01T00:13:36.005+0000] {logging_mixin.py:115} INFO - [2022-10-01T00:13:36.005+0000] {dagbag.py:508} INFO - Filling up the DagBag from /home/airflow/.local/lib/python3.7/site-packages/airflow/example_dags/example_sla_dag.py
[2022-10-01T00:13:36.025+0000] {processor.py:650} INFO - DAG(s) dict_keys(['example_sla_dag']) retrieved from /home/airflow/.local/lib/python3.7/site-packages/airflow/example_dags/example_sla_dag.py
[2022-10-01T00:13:36.055+0000] {logging_mixin.py:115} INFO - [2022-10-01T00:13:36.055+0000] {dag.py:2429} INFO - Sync 1 DAGs
[2022-10-01T00:13:36.078+0000] {logging_mixin.py:115} INFO - [2022-10-01T00:13:36.078+0000] {dag.py:2981} INFO - Setting next_dagrun for example_sla_dag to 2022-10-01T00:10:00+00:00, run_after=2022-10-01T00:12:00+00:00
[2022-10-01T00:13:36.090+0000] {processor.py:161} INFO - Processing /home/airflow/.local/lib/python3.7/site-packages/airflow/example_dags/example_sla_dag.py took 0.094 seconds
[2022-10-01T00:18:35.056+0000] {processor.py:153} INFO - Started process (PID=35646) to work on /home/airflow/.local/lib/python3.7/site-packages/airflow/example_dags/example_sla_dag.py
[2022-10-01T00:18:35.063+0000] {processor.py:640} INFO - Processing file /home/airflow/.local/lib/python3.7/site-packages/airflow/example_dags/example_sla_dag.py for tasks to queue
[2022-10-01T00:18:35.069+0000] {logging_mixin.py:115} INFO - [2022-10-01T00:18:35.068+0000] {dagbag.py:508} INFO - Filling up the DagBag from /home/airflow/.local/lib/python3.7/site-packages/airflow/example_dags/example_sla_dag.py
[2022-10-01T00:18:35.100+0000] {processor.py:650} INFO - DAG(s) dict_keys(['example_sla_dag']) retrieved from /home/airflow/.local/lib/python3.7/site-packages/airflow/example_dags/example_sla_dag.py
[2022-10-01T00:18:35.144+0000] {logging_mixin.py:115} INFO - [2022-10-01T00:18:35.143+0000] {dag.py:2429} INFO - Sync 1 DAGs
[2022-10-01T00:18:35.193+0000] {logging_mixin.py:115} INFO - [2022-10-01T00:18:35.193+0000] {dag.py:2981} INFO - Setting next_dagrun for example_sla_dag to 2022-10-01T00:16:00+00:00, run_after=2022-10-01T00:18:00+00:00
[2022-10-01T00:18:35.213+0000] {processor.py:161} INFO - Processing /home/airflow/.local/lib/python3.7/site-packages/airflow/example_dags/example_sla_dag.py took 0.160 seconds
[2022-10-01T00:19:06.009+0000] {processor.py:153} INFO - Started process (PID=35712) to work on /home/airflow/.local/lib/python3.7/site-packages/airflow/example_dags/example_sla_dag.py
[2022-10-01T00:19:06.012+0000] {processor.py:640} INFO - Processing file /home/airflow/.local/lib/python3.7/site-packages/airflow/example_dags/example_sla_dag.py for tasks to queue
[2022-10-01T00:19:06.020+0000] {logging_mixin.py:115} INFO - [2022-10-01T00:19:06.020+0000] {dagbag.py:508} INFO - Filling up the DagBag from /home/airflow/.local/lib/python3.7/site-packages/airflow/example_dags/example_sla_dag.py
[2022-10-01T00:19:06.032+0000] {processor.py:650} INFO - DAG(s) dict_keys(['example_sla_dag']) retrieved from /home/airflow/.local/lib/python3.7/site-packages/airflow/example_dags/example_sla_dag.py
[2022-10-01T00:19:06.053+0000] {logging_mixin.py:115} INFO - [2022-10-01T00:19:06.053+0000] {dag.py:2429} INFO - Sync 1 DAGs
[2022-10-01T00:19:06.068+0000] {logging_mixin.py:115} INFO - [2022-10-01T00:19:06.068+0000] {dag.py:2981} INFO - Setting next_dagrun for example_sla_dag to 2022-10-01T00:16:00+00:00, run_after=2022-10-01T00:18:00+00:00
[2022-10-01T00:19:06.075+0000] {processor.py:161} INFO - Processing /home/airflow/.local/lib/python3.7/site-packages/airflow/example_dags/example_sla_dag.py took 0.068 seconds
[2022-10-01T00:19:36.563+0000] {processor.py:153} INFO - Started process (PID=35770) to work on /home/airflow/.local/lib/python3.7/site-packages/airflow/example_dags/example_sla_dag.py
[2022-10-01T00:19:36.565+0000] {processor.py:640} INFO - Processing file /home/airflow/.local/lib/python3.7/site-packages/airflow/example_dags/example_sla_dag.py for tasks to queue
[2022-10-01T00:19:36.569+0000] {logging_mixin.py:115} INFO - [2022-10-01T00:19:36.569+0000] {dagbag.py:508} INFO - Filling up the DagBag from /home/airflow/.local/lib/python3.7/site-packages/airflow/example_dags/example_sla_dag.py
[2022-10-01T00:19:36.582+0000] {processor.py:650} INFO - DAG(s) dict_keys(['example_sla_dag']) retrieved from /home/airflow/.local/lib/python3.7/site-packages/airflow/example_dags/example_sla_dag.py
[2022-10-01T00:19:36.603+0000] {logging_mixin.py:115} INFO - [2022-10-01T00:19:36.602+0000] {dag.py:2429} INFO - Sync 1 DAGs
[2022-10-01T00:19:36.619+0000] {logging_mixin.py:115} INFO - [2022-10-01T00:19:36.619+0000] {dag.py:2981} INFO - Setting next_dagrun for example_sla_dag to 2022-10-01T00:16:00+00:00, run_after=2022-10-01T00:18:00+00:00
[2022-10-01T00:19:36.626+0000] {processor.py:161} INFO - Processing /home/airflow/.local/lib/python3.7/site-packages/airflow/example_dags/example_sla_dag.py took 0.065 seconds
[2022-10-01T00:20:07.002+0000] {processor.py:153} INFO - Started process (PID=35834) to work on /home/airflow/.local/lib/python3.7/site-packages/airflow/example_dags/example_sla_dag.py
[2022-10-01T00:20:07.006+0000] {processor.py:640} INFO - Processing file /home/airflow/.local/lib/python3.7/site-packages/airflow/example_dags/example_sla_dag.py for tasks to queue
[2022-10-01T00:20:07.007+0000] {logging_mixin.py:115} INFO - [2022-10-01T00:20:07.007+0000] {dagbag.py:508} INFO - Filling up the DagBag from /home/airflow/.local/lib/python3.7/site-packages/airflow/example_dags/example_sla_dag.py
[2022-10-01T00:20:07.019+0000] {processor.py:650} INFO - DAG(s) dict_keys(['example_sla_dag']) retrieved from /home/airflow/.local/lib/python3.7/site-packages/airflow/example_dags/example_sla_dag.py
[2022-10-01T00:20:07.040+0000] {logging_mixin.py:115} INFO - [2022-10-01T00:20:07.040+0000] {dag.py:2429} INFO - Sync 1 DAGs
[2022-10-01T00:20:07.060+0000] {logging_mixin.py:115} INFO - [2022-10-01T00:20:07.060+0000] {dag.py:2981} INFO - Setting next_dagrun for example_sla_dag to 2022-10-01T00:18:00+00:00, run_after=2022-10-01T00:20:00+00:00
[2022-10-01T00:20:07.077+0000] {processor.py:161} INFO - Processing /home/airflow/.local/lib/python3.7/site-packages/airflow/example_dags/example_sla_dag.py took 0.078 seconds
[2022-10-01T00:20:37.495+0000] {processor.py:153} INFO - Started process (PID=35902) to work on /home/airflow/.local/lib/python3.7/site-packages/airflow/example_dags/example_sla_dag.py
[2022-10-01T00:20:37.498+0000] {processor.py:640} INFO - Processing file /home/airflow/.local/lib/python3.7/site-packages/airflow/example_dags/example_sla_dag.py for tasks to queue
[2022-10-01T00:20:37.499+0000] {logging_mixin.py:115} INFO - [2022-10-01T00:20:37.499+0000] {dagbag.py:508} INFO - Filling up the DagBag from /home/airflow/.local/lib/python3.7/site-packages/airflow/example_dags/example_sla_dag.py
[2022-10-01T00:20:37.512+0000] {processor.py:650} INFO - DAG(s) dict_keys(['example_sla_dag']) retrieved from /home/airflow/.local/lib/python3.7/site-packages/airflow/example_dags/example_sla_dag.py
[2022-10-01T00:20:37.534+0000] {logging_mixin.py:115} INFO - [2022-10-01T00:20:37.534+0000] {dag.py:2429} INFO - Sync 1 DAGs
[2022-10-01T00:20:37.549+0000] {logging_mixin.py:115} INFO - [2022-10-01T00:20:37.549+0000] {dag.py:2981} INFO - Setting next_dagrun for example_sla_dag to 2022-10-01T00:18:00+00:00, run_after=2022-10-01T00:20:00+00:00
[2022-10-01T00:20:37.557+0000] {processor.py:161} INFO - Processing /home/airflow/.local/lib/python3.7/site-packages/airflow/example_dags/example_sla_dag.py took 0.065 seconds
[2022-10-01T00:21:08.177+0000] {processor.py:153} INFO - Started process (PID=35968) to work on /home/airflow/.local/lib/python3.7/site-packages/airflow/example_dags/example_sla_dag.py
[2022-10-01T00:21:08.178+0000] {processor.py:640} INFO - Processing file /home/airflow/.local/lib/python3.7/site-packages/airflow/example_dags/example_sla_dag.py for tasks to queue
[2022-10-01T00:21:08.180+0000] {logging_mixin.py:115} INFO - [2022-10-01T00:21:08.180+0000] {dagbag.py:508} INFO - Filling up the DagBag from /home/airflow/.local/lib/python3.7/site-packages/airflow/example_dags/example_sla_dag.py
[2022-10-01T00:21:08.192+0000] {processor.py:650} INFO - DAG(s) dict_keys(['example_sla_dag']) retrieved from /home/airflow/.local/lib/python3.7/site-packages/airflow/example_dags/example_sla_dag.py
[2022-10-01T00:21:08.211+0000] {logging_mixin.py:115} INFO - [2022-10-01T00:21:08.211+0000] {dag.py:2429} INFO - Sync 1 DAGs
[2022-10-01T00:21:08.228+0000] {logging_mixin.py:115} INFO - [2022-10-01T00:21:08.228+0000] {dag.py:2981} INFO - Setting next_dagrun for example_sla_dag to 2022-10-01T00:18:00+00:00, run_after=2022-10-01T00:20:00+00:00
[2022-10-01T00:21:08.235+0000] {processor.py:161} INFO - Processing /home/airflow/.local/lib/python3.7/site-packages/airflow/example_dags/example_sla_dag.py took 0.061 seconds
[2022-10-01T00:21:38.627+0000] {processor.py:153} INFO - Started process (PID=36024) to work on /home/airflow/.local/lib/python3.7/site-packages/airflow/example_dags/example_sla_dag.py
[2022-10-01T00:21:38.629+0000] {processor.py:640} INFO - Processing file /home/airflow/.local/lib/python3.7/site-packages/airflow/example_dags/example_sla_dag.py for tasks to queue
[2022-10-01T00:21:38.630+0000] {logging_mixin.py:115} INFO - [2022-10-01T00:21:38.630+0000] {dagbag.py:508} INFO - Filling up the DagBag from /home/airflow/.local/lib/python3.7/site-packages/airflow/example_dags/example_sla_dag.py
[2022-10-01T00:21:38.642+0000] {processor.py:650} INFO - DAG(s) dict_keys(['example_sla_dag']) retrieved from /home/airflow/.local/lib/python3.7/site-packages/airflow/example_dags/example_sla_dag.py
[2022-10-01T00:21:38.663+0000] {logging_mixin.py:115} INFO - [2022-10-01T00:21:38.663+0000] {dag.py:2429} INFO - Sync 1 DAGs
[2022-10-01T00:21:38.682+0000] {logging_mixin.py:115} INFO - [2022-10-01T00:21:38.682+0000] {dag.py:2981} INFO - Setting next_dagrun for example_sla_dag to 2022-10-01T00:18:00+00:00, run_after=2022-10-01T00:20:00+00:00
[2022-10-01T00:21:38.690+0000] {processor.py:161} INFO - Processing /home/airflow/.local/lib/python3.7/site-packages/airflow/example_dags/example_sla_dag.py took 0.065 seconds
[2022-10-01T00:22:09.018+0000] {processor.py:153} INFO - Started process (PID=36090) to work on /home/airflow/.local/lib/python3.7/site-packages/airflow/example_dags/example_sla_dag.py
[2022-10-01T00:22:09.020+0000] {processor.py:640} INFO - Processing file /home/airflow/.local/lib/python3.7/site-packages/airflow/example_dags/example_sla_dag.py for tasks to queue
[2022-10-01T00:22:09.022+0000] {logging_mixin.py:115} INFO - [2022-10-01T00:22:09.022+0000] {dagbag.py:508} INFO - Filling up the DagBag from /home/airflow/.local/lib/python3.7/site-packages/airflow/example_dags/example_sla_dag.py
[2022-10-01T00:22:09.035+0000] {processor.py:650} INFO - DAG(s) dict_keys(['example_sla_dag']) retrieved from /home/airflow/.local/lib/python3.7/site-packages/airflow/example_dags/example_sla_dag.py
[2022-10-01T00:22:09.052+0000] {logging_mixin.py:115} INFO - [2022-10-01T00:22:09.052+0000] {dag.py:2429} INFO - Sync 1 DAGs
[2022-10-01T00:22:09.067+0000] {logging_mixin.py:115} INFO - [2022-10-01T00:22:09.067+0000] {dag.py:2981} INFO - Setting next_dagrun for example_sla_dag to 2022-10-01T00:20:00+00:00, run_after=2022-10-01T00:22:00+00:00
[2022-10-01T00:22:09.074+0000] {processor.py:161} INFO - Processing /home/airflow/.local/lib/python3.7/site-packages/airflow/example_dags/example_sla_dag.py took 0.060 seconds
[2022-10-01T00:22:39.308+0000] {processor.py:153} INFO - Started process (PID=36156) to work on /home/airflow/.local/lib/python3.7/site-packages/airflow/example_dags/example_sla_dag.py
[2022-10-01T00:22:39.310+0000] {processor.py:640} INFO - Processing file /home/airflow/.local/lib/python3.7/site-packages/airflow/example_dags/example_sla_dag.py for tasks to queue
[2022-10-01T00:22:39.311+0000] {logging_mixin.py:115} INFO - [2022-10-01T00:22:39.311+0000] {dagbag.py:508} INFO - Filling up the DagBag from /home/airflow/.local/lib/python3.7/site-packages/airflow/example_dags/example_sla_dag.py
[2022-10-01T00:22:39.323+0000] {processor.py:650} INFO - DAG(s) dict_keys(['example_sla_dag']) retrieved from /home/airflow/.local/lib/python3.7/site-packages/airflow/example_dags/example_sla_dag.py
[2022-10-01T00:22:39.342+0000] {logging_mixin.py:115} INFO - [2022-10-01T00:22:39.342+0000] {dag.py:2429} INFO - Sync 1 DAGs
[2022-10-01T00:22:39.356+0000] {logging_mixin.py:115} INFO - [2022-10-01T00:22:39.356+0000] {dag.py:2981} INFO - Setting next_dagrun for example_sla_dag to 2022-10-01T00:20:00+00:00, run_after=2022-10-01T00:22:00+00:00
[2022-10-01T00:22:39.363+0000] {processor.py:161} INFO - Processing /home/airflow/.local/lib/python3.7/site-packages/airflow/example_dags/example_sla_dag.py took 0.058 seconds
[2022-10-01T00:23:09.700+0000] {processor.py:153} INFO - Started process (PID=36221) to work on /home/airflow/.local/lib/python3.7/site-packages/airflow/example_dags/example_sla_dag.py
[2022-10-01T00:23:09.704+0000] {processor.py:640} INFO - Processing file /home/airflow/.local/lib/python3.7/site-packages/airflow/example_dags/example_sla_dag.py for tasks to queue
[2022-10-01T00:23:09.705+0000] {logging_mixin.py:115} INFO - [2022-10-01T00:23:09.705+0000] {dagbag.py:508} INFO - Filling up the DagBag from /home/airflow/.local/lib/python3.7/site-packages/airflow/example_dags/example_sla_dag.py
[2022-10-01T00:23:09.719+0000] {processor.py:650} INFO - DAG(s) dict_keys(['example_sla_dag']) retrieved from /home/airflow/.local/lib/python3.7/site-packages/airflow/example_dags/example_sla_dag.py
[2022-10-01T00:23:09.737+0000] {logging_mixin.py:115} INFO - [2022-10-01T00:23:09.737+0000] {dag.py:2429} INFO - Sync 1 DAGs
[2022-10-01T00:23:09.755+0000] {logging_mixin.py:115} INFO - [2022-10-01T00:23:09.755+0000] {dag.py:2981} INFO - Setting next_dagrun for example_sla_dag to 2022-10-01T00:20:00+00:00, run_after=2022-10-01T00:22:00+00:00
[2022-10-01T00:23:09.766+0000] {processor.py:161} INFO - Processing /home/airflow/.local/lib/python3.7/site-packages/airflow/example_dags/example_sla_dag.py took 0.068 seconds
[2022-10-01T00:23:40.239+0000] {processor.py:153} INFO - Started process (PID=36280) to work on /home/airflow/.local/lib/python3.7/site-packages/airflow/example_dags/example_sla_dag.py
[2022-10-01T00:23:40.240+0000] {processor.py:640} INFO - Processing file /home/airflow/.local/lib/python3.7/site-packages/airflow/example_dags/example_sla_dag.py for tasks to queue
[2022-10-01T00:23:40.242+0000] {logging_mixin.py:115} INFO - [2022-10-01T00:23:40.241+0000] {dagbag.py:508} INFO - Filling up the DagBag from /home/airflow/.local/lib/python3.7/site-packages/airflow/example_dags/example_sla_dag.py
[2022-10-01T00:23:40.253+0000] {processor.py:650} INFO - DAG(s) dict_keys(['example_sla_dag']) retrieved from /home/airflow/.local/lib/python3.7/site-packages/airflow/example_dags/example_sla_dag.py
[2022-10-01T00:23:40.270+0000] {logging_mixin.py:115} INFO - [2022-10-01T00:23:40.270+0000] {dag.py:2429} INFO - Sync 1 DAGs
[2022-10-01T00:23:40.287+0000] {logging_mixin.py:115} INFO - [2022-10-01T00:23:40.287+0000] {dag.py:2981} INFO - Setting next_dagrun for example_sla_dag to 2022-10-01T00:20:00+00:00, run_after=2022-10-01T00:22:00+00:00
[2022-10-01T00:23:40.294+0000] {processor.py:161} INFO - Processing /home/airflow/.local/lib/python3.7/site-packages/airflow/example_dags/example_sla_dag.py took 0.057 seconds
[2022-10-01T00:24:10.482+0000] {processor.py:153} INFO - Started process (PID=36348) to work on /home/airflow/.local/lib/python3.7/site-packages/airflow/example_dags/example_sla_dag.py
[2022-10-01T00:24:10.483+0000] {processor.py:640} INFO - Processing file /home/airflow/.local/lib/python3.7/site-packages/airflow/example_dags/example_sla_dag.py for tasks to queue
[2022-10-01T00:24:10.484+0000] {logging_mixin.py:115} INFO - [2022-10-01T00:24:10.484+0000] {dagbag.py:508} INFO - Filling up the DagBag from /home/airflow/.local/lib/python3.7/site-packages/airflow/example_dags/example_sla_dag.py
[2022-10-01T00:24:10.496+0000] {processor.py:650} INFO - DAG(s) dict_keys(['example_sla_dag']) retrieved from /home/airflow/.local/lib/python3.7/site-packages/airflow/example_dags/example_sla_dag.py
[2022-10-01T00:24:10.515+0000] {logging_mixin.py:115} INFO - [2022-10-01T00:24:10.515+0000] {dag.py:2429} INFO - Sync 1 DAGs
[2022-10-01T00:24:10.532+0000] {logging_mixin.py:115} INFO - [2022-10-01T00:24:10.532+0000] {dag.py:2981} INFO - Setting next_dagrun for example_sla_dag to 2022-10-01T00:22:00+00:00, run_after=2022-10-01T00:24:00+00:00
[2022-10-01T00:24:10.540+0000] {processor.py:161} INFO - Processing /home/airflow/.local/lib/python3.7/site-packages/airflow/example_dags/example_sla_dag.py took 0.061 seconds
[2022-10-01T00:24:41.469+0000] {processor.py:153} INFO - Started process (PID=36414) to work on /home/airflow/.local/lib/python3.7/site-packages/airflow/example_dags/example_sla_dag.py
[2022-10-01T00:24:41.471+0000] {processor.py:640} INFO - Processing file /home/airflow/.local/lib/python3.7/site-packages/airflow/example_dags/example_sla_dag.py for tasks to queue
[2022-10-01T00:24:41.472+0000] {logging_mixin.py:115} INFO - [2022-10-01T00:24:41.472+0000] {dagbag.py:508} INFO - Filling up the DagBag from /home/airflow/.local/lib/python3.7/site-packages/airflow/example_dags/example_sla_dag.py
[2022-10-01T00:24:41.484+0000] {processor.py:650} INFO - DAG(s) dict_keys(['example_sla_dag']) retrieved from /home/airflow/.local/lib/python3.7/site-packages/airflow/example_dags/example_sla_dag.py
[2022-10-01T00:24:41.501+0000] {logging_mixin.py:115} INFO - [2022-10-01T00:24:41.501+0000] {dag.py:2429} INFO - Sync 1 DAGs
[2022-10-01T00:24:41.517+0000] {logging_mixin.py:115} INFO - [2022-10-01T00:24:41.517+0000] {dag.py:2981} INFO - Setting next_dagrun for example_sla_dag to 2022-10-01T00:22:00+00:00, run_after=2022-10-01T00:24:00+00:00
[2022-10-01T00:24:41.524+0000] {processor.py:161} INFO - Processing /home/airflow/.local/lib/python3.7/site-packages/airflow/example_dags/example_sla_dag.py took 0.057 seconds
[2022-10-01T00:25:11.674+0000] {processor.py:153} INFO - Started process (PID=36471) to work on /home/airflow/.local/lib/python3.7/site-packages/airflow/example_dags/example_sla_dag.py
[2022-10-01T00:25:11.676+0000] {processor.py:640} INFO - Processing file /home/airflow/.local/lib/python3.7/site-packages/airflow/example_dags/example_sla_dag.py for tasks to queue
[2022-10-01T00:25:11.677+0000] {logging_mixin.py:115} INFO - [2022-10-01T00:25:11.677+0000] {dagbag.py:508} INFO - Filling up the DagBag from /home/airflow/.local/lib/python3.7/site-packages/airflow/example_dags/example_sla_dag.py
[2022-10-01T00:25:11.689+0000] {processor.py:650} INFO - DAG(s) dict_keys(['example_sla_dag']) retrieved from /home/airflow/.local/lib/python3.7/site-packages/airflow/example_dags/example_sla_dag.py
[2022-10-01T00:25:11.726+0000] {logging_mixin.py:115} INFO - [2022-10-01T00:25:11.726+0000] {dag.py:2429} INFO - Sync 1 DAGs
[2022-10-01T00:25:11.748+0000] {logging_mixin.py:115} INFO - [2022-10-01T00:25:11.748+0000] {dag.py:2981} INFO - Setting next_dagrun for example_sla_dag to 2022-10-01T00:22:00+00:00, run_after=2022-10-01T00:24:00+00:00
[2022-10-01T00:25:11.767+0000] {processor.py:161} INFO - Processing /home/airflow/.local/lib/python3.7/site-packages/airflow/example_dags/example_sla_dag.py took 0.096 seconds
[2022-10-01T00:25:42.075+0000] {processor.py:153} INFO - Started process (PID=36537) to work on /home/airflow/.local/lib/python3.7/site-packages/airflow/example_dags/example_sla_dag.py
[2022-10-01T00:25:42.077+0000] {processor.py:640} INFO - Processing file /home/airflow/.local/lib/python3.7/site-packages/airflow/example_dags/example_sla_dag.py for tasks to queue
[2022-10-01T00:25:42.078+0000] {logging_mixin.py:115} INFO - [2022-10-01T00:25:42.078+0000] {dagbag.py:508} INFO - Filling up the DagBag from /home/airflow/.local/lib/python3.7/site-packages/airflow/example_dags/example_sla_dag.py
[2022-10-01T00:25:42.088+0000] {processor.py:650} INFO - DAG(s) dict_keys(['example_sla_dag']) retrieved from /home/airflow/.local/lib/python3.7/site-packages/airflow/example_dags/example_sla_dag.py
[2022-10-01T00:25:42.109+0000] {logging_mixin.py:115} INFO - [2022-10-01T00:25:42.109+0000] {dag.py:2429} INFO - Sync 1 DAGs
[2022-10-01T00:25:42.123+0000] {logging_mixin.py:115} INFO - [2022-10-01T00:25:42.123+0000] {dag.py:2981} INFO - Setting next_dagrun for example_sla_dag to 2022-10-01T00:22:00+00:00, run_after=2022-10-01T00:24:00+00:00
[2022-10-01T00:25:42.134+0000] {processor.py:161} INFO - Processing /home/airflow/.local/lib/python3.7/site-packages/airflow/example_dags/example_sla_dag.py took 0.061 seconds
[2022-10-01T00:26:12.589+0000] {processor.py:153} INFO - Started process (PID=36603) to work on /home/airflow/.local/lib/python3.7/site-packages/airflow/example_dags/example_sla_dag.py
[2022-10-01T00:26:12.591+0000] {processor.py:640} INFO - Processing file /home/airflow/.local/lib/python3.7/site-packages/airflow/example_dags/example_sla_dag.py for tasks to queue
[2022-10-01T00:26:12.592+0000] {logging_mixin.py:115} INFO - [2022-10-01T00:26:12.592+0000] {dagbag.py:508} INFO - Filling up the DagBag from /home/airflow/.local/lib/python3.7/site-packages/airflow/example_dags/example_sla_dag.py
[2022-10-01T00:26:12.603+0000] {processor.py:650} INFO - DAG(s) dict_keys(['example_sla_dag']) retrieved from /home/airflow/.local/lib/python3.7/site-packages/airflow/example_dags/example_sla_dag.py
[2022-10-01T00:26:12.622+0000] {logging_mixin.py:115} INFO - [2022-10-01T00:26:12.621+0000] {dag.py:2429} INFO - Sync 1 DAGs
[2022-10-01T00:26:12.637+0000] {logging_mixin.py:115} INFO - [2022-10-01T00:26:12.637+0000] {dag.py:2981} INFO - Setting next_dagrun for example_sla_dag to 2022-10-01T00:24:00+00:00, run_after=2022-10-01T00:26:00+00:00
[2022-10-01T00:26:12.644+0000] {processor.py:161} INFO - Processing /home/airflow/.local/lib/python3.7/site-packages/airflow/example_dags/example_sla_dag.py took 0.057 seconds
[2022-10-01T00:26:42.789+0000] {processor.py:153} INFO - Started process (PID=36660) to work on /home/airflow/.local/lib/python3.7/site-packages/airflow/example_dags/example_sla_dag.py
[2022-10-01T00:26:42.790+0000] {processor.py:640} INFO - Processing file /home/airflow/.local/lib/python3.7/site-packages/airflow/example_dags/example_sla_dag.py for tasks to queue
[2022-10-01T00:26:42.792+0000] {logging_mixin.py:115} INFO - [2022-10-01T00:26:42.792+0000] {dagbag.py:508} INFO - Filling up the DagBag from /home/airflow/.local/lib/python3.7/site-packages/airflow/example_dags/example_sla_dag.py
[2022-10-01T00:26:42.806+0000] {processor.py:650} INFO - DAG(s) dict_keys(['example_sla_dag']) retrieved from /home/airflow/.local/lib/python3.7/site-packages/airflow/example_dags/example_sla_dag.py
[2022-10-01T00:26:42.838+0000] {logging_mixin.py:115} INFO - [2022-10-01T00:26:42.838+0000] {dag.py:2429} INFO - Sync 1 DAGs
[2022-10-01T00:26:42.859+0000] {logging_mixin.py:115} INFO - [2022-10-01T00:26:42.859+0000] {dag.py:2981} INFO - Setting next_dagrun for example_sla_dag to 2022-10-01T00:24:00+00:00, run_after=2022-10-01T00:26:00+00:00
[2022-10-01T00:26:42.869+0000] {processor.py:161} INFO - Processing /home/airflow/.local/lib/python3.7/site-packages/airflow/example_dags/example_sla_dag.py took 0.084 seconds
[2022-10-01T00:27:13.231+0000] {processor.py:153} INFO - Started process (PID=36725) to work on /home/airflow/.local/lib/python3.7/site-packages/airflow/example_dags/example_sla_dag.py
[2022-10-01T00:27:13.233+0000] {processor.py:640} INFO - Processing file /home/airflow/.local/lib/python3.7/site-packages/airflow/example_dags/example_sla_dag.py for tasks to queue
[2022-10-01T00:27:13.234+0000] {logging_mixin.py:115} INFO - [2022-10-01T00:27:13.234+0000] {dagbag.py:508} INFO - Filling up the DagBag from /home/airflow/.local/lib/python3.7/site-packages/airflow/example_dags/example_sla_dag.py
[2022-10-01T00:27:13.246+0000] {processor.py:650} INFO - DAG(s) dict_keys(['example_sla_dag']) retrieved from /home/airflow/.local/lib/python3.7/site-packages/airflow/example_dags/example_sla_dag.py
[2022-10-01T00:27:13.270+0000] {logging_mixin.py:115} INFO - [2022-10-01T00:27:13.269+0000] {dag.py:2429} INFO - Sync 1 DAGs
[2022-10-01T00:27:13.284+0000] {logging_mixin.py:115} INFO - [2022-10-01T00:27:13.284+0000] {dag.py:2981} INFO - Setting next_dagrun for example_sla_dag to 2022-10-01T00:24:00+00:00, run_after=2022-10-01T00:26:00+00:00
[2022-10-01T00:27:13.292+0000] {processor.py:161} INFO - Processing /home/airflow/.local/lib/python3.7/site-packages/airflow/example_dags/example_sla_dag.py took 0.064 seconds
[2022-10-01T00:27:44.069+0000] {processor.py:153} INFO - Started process (PID=36791) to work on /home/airflow/.local/lib/python3.7/site-packages/airflow/example_dags/example_sla_dag.py
[2022-10-01T00:27:44.070+0000] {processor.py:640} INFO - Processing file /home/airflow/.local/lib/python3.7/site-packages/airflow/example_dags/example_sla_dag.py for tasks to queue
[2022-10-01T00:27:44.072+0000] {logging_mixin.py:115} INFO - [2022-10-01T00:27:44.071+0000] {dagbag.py:508} INFO - Filling up the DagBag from /home/airflow/.local/lib/python3.7/site-packages/airflow/example_dags/example_sla_dag.py
[2022-10-01T00:27:44.084+0000] {processor.py:650} INFO - DAG(s) dict_keys(['example_sla_dag']) retrieved from /home/airflow/.local/lib/python3.7/site-packages/airflow/example_dags/example_sla_dag.py
[2022-10-01T00:27:44.105+0000] {logging_mixin.py:115} INFO - [2022-10-01T00:27:44.105+0000] {dag.py:2429} INFO - Sync 1 DAGs
[2022-10-01T00:27:44.121+0000] {logging_mixin.py:115} INFO - [2022-10-01T00:27:44.120+0000] {dag.py:2981} INFO - Setting next_dagrun for example_sla_dag to 2022-10-01T00:24:00+00:00, run_after=2022-10-01T00:26:00+00:00
[2022-10-01T00:27:44.129+0000] {processor.py:161} INFO - Processing /home/airflow/.local/lib/python3.7/site-packages/airflow/example_dags/example_sla_dag.py took 0.063 seconds
[2022-10-01T00:28:14.562+0000] {processor.py:153} INFO - Started process (PID=36848) to work on /home/airflow/.local/lib/python3.7/site-packages/airflow/example_dags/example_sla_dag.py
[2022-10-01T00:28:14.564+0000] {processor.py:640} INFO - Processing file /home/airflow/.local/lib/python3.7/site-packages/airflow/example_dags/example_sla_dag.py for tasks to queue
[2022-10-01T00:28:14.565+0000] {logging_mixin.py:115} INFO - [2022-10-01T00:28:14.565+0000] {dagbag.py:508} INFO - Filling up the DagBag from /home/airflow/.local/lib/python3.7/site-packages/airflow/example_dags/example_sla_dag.py
[2022-10-01T00:28:14.577+0000] {processor.py:650} INFO - DAG(s) dict_keys(['example_sla_dag']) retrieved from /home/airflow/.local/lib/python3.7/site-packages/airflow/example_dags/example_sla_dag.py
[2022-10-01T00:28:14.600+0000] {logging_mixin.py:115} INFO - [2022-10-01T00:28:14.600+0000] {dag.py:2429} INFO - Sync 1 DAGs
[2022-10-01T00:28:14.617+0000] {logging_mixin.py:115} INFO - [2022-10-01T00:28:14.616+0000] {dag.py:2981} INFO - Setting next_dagrun for example_sla_dag to 2022-10-01T00:26:00+00:00, run_after=2022-10-01T00:28:00+00:00
[2022-10-01T00:28:14.627+0000] {processor.py:161} INFO - Processing /home/airflow/.local/lib/python3.7/site-packages/airflow/example_dags/example_sla_dag.py took 0.068 seconds
[2022-10-01T00:28:45.231+0000] {processor.py:153} INFO - Started process (PID=36914) to work on /home/airflow/.local/lib/python3.7/site-packages/airflow/example_dags/example_sla_dag.py
[2022-10-01T00:28:45.233+0000] {processor.py:640} INFO - Processing file /home/airflow/.local/lib/python3.7/site-packages/airflow/example_dags/example_sla_dag.py for tasks to queue
[2022-10-01T00:28:45.235+0000] {logging_mixin.py:115} INFO - [2022-10-01T00:28:45.235+0000] {dagbag.py:508} INFO - Filling up the DagBag from /home/airflow/.local/lib/python3.7/site-packages/airflow/example_dags/example_sla_dag.py
[2022-10-01T00:28:45.247+0000] {processor.py:650} INFO - DAG(s) dict_keys(['example_sla_dag']) retrieved from /home/airflow/.local/lib/python3.7/site-packages/airflow/example_dags/example_sla_dag.py
[2022-10-01T00:28:45.265+0000] {logging_mixin.py:115} INFO - [2022-10-01T00:28:45.265+0000] {dag.py:2429} INFO - Sync 1 DAGs
[2022-10-01T00:28:45.286+0000] {logging_mixin.py:115} INFO - [2022-10-01T00:28:45.286+0000] {dag.py:2981} INFO - Setting next_dagrun for example_sla_dag to 2022-10-01T00:26:00+00:00, run_after=2022-10-01T00:28:00+00:00
[2022-10-01T00:28:45.292+0000] {processor.py:161} INFO - Processing /home/airflow/.local/lib/python3.7/site-packages/airflow/example_dags/example_sla_dag.py took 0.064 seconds
[2022-10-01T00:29:15.795+0000] {processor.py:153} INFO - Started process (PID=36980) to work on /home/airflow/.local/lib/python3.7/site-packages/airflow/example_dags/example_sla_dag.py
[2022-10-01T00:29:15.796+0000] {processor.py:640} INFO - Processing file /home/airflow/.local/lib/python3.7/site-packages/airflow/example_dags/example_sla_dag.py for tasks to queue
[2022-10-01T00:29:15.798+0000] {logging_mixin.py:115} INFO - [2022-10-01T00:29:15.798+0000] {dagbag.py:508} INFO - Filling up the DagBag from /home/airflow/.local/lib/python3.7/site-packages/airflow/example_dags/example_sla_dag.py
[2022-10-01T00:29:15.808+0000] {processor.py:650} INFO - DAG(s) dict_keys(['example_sla_dag']) retrieved from /home/airflow/.local/lib/python3.7/site-packages/airflow/example_dags/example_sla_dag.py
[2022-10-01T00:29:15.825+0000] {logging_mixin.py:115} INFO - [2022-10-01T00:29:15.825+0000] {dag.py:2429} INFO - Sync 1 DAGs
[2022-10-01T00:29:15.842+0000] {logging_mixin.py:115} INFO - [2022-10-01T00:29:15.842+0000] {dag.py:2981} INFO - Setting next_dagrun for example_sla_dag to 2022-10-01T00:26:00+00:00, run_after=2022-10-01T00:28:00+00:00
[2022-10-01T00:29:15.850+0000] {processor.py:161} INFO - Processing /home/airflow/.local/lib/python3.7/site-packages/airflow/example_dags/example_sla_dag.py took 0.058 seconds
[2022-10-01T00:29:46.566+0000] {processor.py:153} INFO - Started process (PID=37045) to work on /home/airflow/.local/lib/python3.7/site-packages/airflow/example_dags/example_sla_dag.py
[2022-10-01T00:29:46.567+0000] {processor.py:640} INFO - Processing file /home/airflow/.local/lib/python3.7/site-packages/airflow/example_dags/example_sla_dag.py for tasks to queue
[2022-10-01T00:29:46.569+0000] {logging_mixin.py:115} INFO - [2022-10-01T00:29:46.568+0000] {dagbag.py:508} INFO - Filling up the DagBag from /home/airflow/.local/lib/python3.7/site-packages/airflow/example_dags/example_sla_dag.py
[2022-10-01T00:29:46.580+0000] {processor.py:650} INFO - DAG(s) dict_keys(['example_sla_dag']) retrieved from /home/airflow/.local/lib/python3.7/site-packages/airflow/example_dags/example_sla_dag.py
[2022-10-01T00:29:46.600+0000] {logging_mixin.py:115} INFO - [2022-10-01T00:29:46.600+0000] {dag.py:2429} INFO - Sync 1 DAGs
[2022-10-01T00:29:46.617+0000] {logging_mixin.py:115} INFO - [2022-10-01T00:29:46.617+0000] {dag.py:2981} INFO - Setting next_dagrun for example_sla_dag to 2022-10-01T00:26:00+00:00, run_after=2022-10-01T00:28:00+00:00
[2022-10-01T00:29:46.625+0000] {processor.py:161} INFO - Processing /home/airflow/.local/lib/python3.7/site-packages/airflow/example_dags/example_sla_dag.py took 0.061 seconds
[2022-10-01T00:30:17.074+0000] {processor.py:153} INFO - Started process (PID=37102) to work on /home/airflow/.local/lib/python3.7/site-packages/airflow/example_dags/example_sla_dag.py
[2022-10-01T00:30:17.076+0000] {processor.py:640} INFO - Processing file /home/airflow/.local/lib/python3.7/site-packages/airflow/example_dags/example_sla_dag.py for tasks to queue
[2022-10-01T00:30:17.077+0000] {logging_mixin.py:115} INFO - [2022-10-01T00:30:17.077+0000] {dagbag.py:508} INFO - Filling up the DagBag from /home/airflow/.local/lib/python3.7/site-packages/airflow/example_dags/example_sla_dag.py
[2022-10-01T00:30:17.089+0000] {processor.py:650} INFO - DAG(s) dict_keys(['example_sla_dag']) retrieved from /home/airflow/.local/lib/python3.7/site-packages/airflow/example_dags/example_sla_dag.py
[2022-10-01T00:30:17.106+0000] {logging_mixin.py:115} INFO - [2022-10-01T00:30:17.106+0000] {dag.py:2429} INFO - Sync 1 DAGs
[2022-10-01T00:30:17.123+0000] {logging_mixin.py:115} INFO - [2022-10-01T00:30:17.123+0000] {dag.py:2981} INFO - Setting next_dagrun for example_sla_dag to 2022-10-01T00:28:00+00:00, run_after=2022-10-01T00:30:00+00:00
[2022-10-01T00:30:17.130+0000] {processor.py:161} INFO - Processing /home/airflow/.local/lib/python3.7/site-packages/airflow/example_dags/example_sla_dag.py took 0.059 seconds
[2022-10-01T00:30:47.390+0000] {processor.py:153} INFO - Started process (PID=37168) to work on /home/airflow/.local/lib/python3.7/site-packages/airflow/example_dags/example_sla_dag.py
[2022-10-01T00:30:47.392+0000] {processor.py:640} INFO - Processing file /home/airflow/.local/lib/python3.7/site-packages/airflow/example_dags/example_sla_dag.py for tasks to queue
[2022-10-01T00:30:47.393+0000] {logging_mixin.py:115} INFO - [2022-10-01T00:30:47.393+0000] {dagbag.py:508} INFO - Filling up the DagBag from /home/airflow/.local/lib/python3.7/site-packages/airflow/example_dags/example_sla_dag.py
[2022-10-01T00:30:47.404+0000] {processor.py:650} INFO - DAG(s) dict_keys(['example_sla_dag']) retrieved from /home/airflow/.local/lib/python3.7/site-packages/airflow/example_dags/example_sla_dag.py
[2022-10-01T00:30:47.424+0000] {logging_mixin.py:115} INFO - [2022-10-01T00:30:47.424+0000] {dag.py:2429} INFO - Sync 1 DAGs
[2022-10-01T00:30:47.440+0000] {logging_mixin.py:115} INFO - [2022-10-01T00:30:47.439+0000] {dag.py:2981} INFO - Setting next_dagrun for example_sla_dag to 2022-10-01T00:28:00+00:00, run_after=2022-10-01T00:30:00+00:00
[2022-10-01T00:30:47.447+0000] {processor.py:161} INFO - Processing /home/airflow/.local/lib/python3.7/site-packages/airflow/example_dags/example_sla_dag.py took 0.059 seconds
[2022-10-01T00:31:17.915+0000] {processor.py:153} INFO - Started process (PID=37234) to work on /home/airflow/.local/lib/python3.7/site-packages/airflow/example_dags/example_sla_dag.py
[2022-10-01T00:31:17.917+0000] {processor.py:640} INFO - Processing file /home/airflow/.local/lib/python3.7/site-packages/airflow/example_dags/example_sla_dag.py for tasks to queue
[2022-10-01T00:31:17.918+0000] {logging_mixin.py:115} INFO - [2022-10-01T00:31:17.918+0000] {dagbag.py:508} INFO - Filling up the DagBag from /home/airflow/.local/lib/python3.7/site-packages/airflow/example_dags/example_sla_dag.py
[2022-10-01T00:31:17.932+0000] {processor.py:650} INFO - DAG(s) dict_keys(['example_sla_dag']) retrieved from /home/airflow/.local/lib/python3.7/site-packages/airflow/example_dags/example_sla_dag.py
[2022-10-01T00:31:17.954+0000] {logging_mixin.py:115} INFO - [2022-10-01T00:31:17.954+0000] {dag.py:2429} INFO - Sync 1 DAGs
[2022-10-01T00:31:17.976+0000] {logging_mixin.py:115} INFO - [2022-10-01T00:31:17.975+0000] {dag.py:2981} INFO - Setting next_dagrun for example_sla_dag to 2022-10-01T00:28:00+00:00, run_after=2022-10-01T00:30:00+00:00
[2022-10-01T00:31:17.984+0000] {processor.py:161} INFO - Processing /home/airflow/.local/lib/python3.7/site-packages/airflow/example_dags/example_sla_dag.py took 0.072 seconds
[2022-10-01T00:31:48.522+0000] {processor.py:153} INFO - Started process (PID=37291) to work on /home/airflow/.local/lib/python3.7/site-packages/airflow/example_dags/example_sla_dag.py
[2022-10-01T00:31:48.527+0000] {processor.py:640} INFO - Processing file /home/airflow/.local/lib/python3.7/site-packages/airflow/example_dags/example_sla_dag.py for tasks to queue
[2022-10-01T00:31:48.528+0000] {logging_mixin.py:115} INFO - [2022-10-01T00:31:48.528+0000] {dagbag.py:508} INFO - Filling up the DagBag from /home/airflow/.local/lib/python3.7/site-packages/airflow/example_dags/example_sla_dag.py
[2022-10-01T00:31:48.549+0000] {processor.py:650} INFO - DAG(s) dict_keys(['example_sla_dag']) retrieved from /home/airflow/.local/lib/python3.7/site-packages/airflow/example_dags/example_sla_dag.py
[2022-10-01T00:31:48.570+0000] {logging_mixin.py:115} INFO - [2022-10-01T00:31:48.570+0000] {dag.py:2429} INFO - Sync 1 DAGs
[2022-10-01T00:31:48.585+0000] {logging_mixin.py:115} INFO - [2022-10-01T00:31:48.585+0000] {dag.py:2981} INFO - Setting next_dagrun for example_sla_dag to 2022-10-01T00:28:00+00:00, run_after=2022-10-01T00:30:00+00:00
[2022-10-01T00:31:48.594+0000] {processor.py:161} INFO - Processing /home/airflow/.local/lib/python3.7/site-packages/airflow/example_dags/example_sla_dag.py took 0.075 seconds
[2022-10-01T00:32:18.904+0000] {processor.py:153} INFO - Started process (PID=37357) to work on /home/airflow/.local/lib/python3.7/site-packages/airflow/example_dags/example_sla_dag.py
[2022-10-01T00:32:18.906+0000] {processor.py:640} INFO - Processing file /home/airflow/.local/lib/python3.7/site-packages/airflow/example_dags/example_sla_dag.py for tasks to queue
[2022-10-01T00:32:18.907+0000] {logging_mixin.py:115} INFO - [2022-10-01T00:32:18.907+0000] {dagbag.py:508} INFO - Filling up the DagBag from /home/airflow/.local/lib/python3.7/site-packages/airflow/example_dags/example_sla_dag.py
[2022-10-01T00:32:18.918+0000] {processor.py:650} INFO - DAG(s) dict_keys(['example_sla_dag']) retrieved from /home/airflow/.local/lib/python3.7/site-packages/airflow/example_dags/example_sla_dag.py
[2022-10-01T00:32:18.937+0000] {logging_mixin.py:115} INFO - [2022-10-01T00:32:18.937+0000] {dag.py:2429} INFO - Sync 1 DAGs
[2022-10-01T00:32:18.954+0000] {logging_mixin.py:115} INFO - [2022-10-01T00:32:18.954+0000] {dag.py:2981} INFO - Setting next_dagrun for example_sla_dag to 2022-10-01T00:30:00+00:00, run_after=2022-10-01T00:32:00+00:00
[2022-10-01T00:32:18.965+0000] {processor.py:161} INFO - Processing /home/airflow/.local/lib/python3.7/site-packages/airflow/example_dags/example_sla_dag.py took 0.063 seconds
[2022-10-01T00:32:49.221+0000] {processor.py:153} INFO - Started process (PID=37422) to work on /home/airflow/.local/lib/python3.7/site-packages/airflow/example_dags/example_sla_dag.py
[2022-10-01T00:32:49.224+0000] {processor.py:640} INFO - Processing file /home/airflow/.local/lib/python3.7/site-packages/airflow/example_dags/example_sla_dag.py for tasks to queue
[2022-10-01T00:32:49.230+0000] {logging_mixin.py:115} INFO - [2022-10-01T00:32:49.229+0000] {dagbag.py:508} INFO - Filling up the DagBag from /home/airflow/.local/lib/python3.7/site-packages/airflow/example_dags/example_sla_dag.py
[2022-10-01T00:32:49.259+0000] {processor.py:650} INFO - DAG(s) dict_keys(['example_sla_dag']) retrieved from /home/airflow/.local/lib/python3.7/site-packages/airflow/example_dags/example_sla_dag.py
[2022-10-01T00:32:49.299+0000] {logging_mixin.py:115} INFO - [2022-10-01T00:32:49.299+0000] {dag.py:2429} INFO - Sync 1 DAGs
[2022-10-01T00:32:49.326+0000] {logging_mixin.py:115} INFO - [2022-10-01T00:32:49.326+0000] {dag.py:2981} INFO - Setting next_dagrun for example_sla_dag to 2022-10-01T00:30:00+00:00, run_after=2022-10-01T00:32:00+00:00
[2022-10-01T00:32:49.341+0000] {processor.py:161} INFO - Processing /home/airflow/.local/lib/python3.7/site-packages/airflow/example_dags/example_sla_dag.py took 0.128 seconds
[2022-10-01T00:33:19.831+0000] {processor.py:153} INFO - Started process (PID=37479) to work on /home/airflow/.local/lib/python3.7/site-packages/airflow/example_dags/example_sla_dag.py
[2022-10-01T00:33:19.838+0000] {processor.py:640} INFO - Processing file /home/airflow/.local/lib/python3.7/site-packages/airflow/example_dags/example_sla_dag.py for tasks to queue
[2022-10-01T00:33:19.840+0000] {logging_mixin.py:115} INFO - [2022-10-01T00:33:19.840+0000] {dagbag.py:508} INFO - Filling up the DagBag from /home/airflow/.local/lib/python3.7/site-packages/airflow/example_dags/example_sla_dag.py
[2022-10-01T00:33:19.873+0000] {processor.py:650} INFO - DAG(s) dict_keys(['example_sla_dag']) retrieved from /home/airflow/.local/lib/python3.7/site-packages/airflow/example_dags/example_sla_dag.py
[2022-10-01T00:33:19.899+0000] {logging_mixin.py:115} INFO - [2022-10-01T00:33:19.899+0000] {dag.py:2429} INFO - Sync 1 DAGs
[2022-10-01T00:33:19.928+0000] {logging_mixin.py:115} INFO - [2022-10-01T00:33:19.927+0000] {dag.py:2981} INFO - Setting next_dagrun for example_sla_dag to 2022-10-01T00:30:00+00:00, run_after=2022-10-01T00:32:00+00:00
[2022-10-01T00:33:19.938+0000] {processor.py:161} INFO - Processing /home/airflow/.local/lib/python3.7/site-packages/airflow/example_dags/example_sla_dag.py took 0.110 seconds
[2022-10-01T00:33:50.183+0000] {processor.py:153} INFO - Started process (PID=37543) to work on /home/airflow/.local/lib/python3.7/site-packages/airflow/example_dags/example_sla_dag.py
[2022-10-01T00:33:50.185+0000] {processor.py:640} INFO - Processing file /home/airflow/.local/lib/python3.7/site-packages/airflow/example_dags/example_sla_dag.py for tasks to queue
[2022-10-01T00:33:50.186+0000] {logging_mixin.py:115} INFO - [2022-10-01T00:33:50.186+0000] {dagbag.py:508} INFO - Filling up the DagBag from /home/airflow/.local/lib/python3.7/site-packages/airflow/example_dags/example_sla_dag.py
[2022-10-01T00:33:50.199+0000] {processor.py:650} INFO - DAG(s) dict_keys(['example_sla_dag']) retrieved from /home/airflow/.local/lib/python3.7/site-packages/airflow/example_dags/example_sla_dag.py
[2022-10-01T00:33:50.218+0000] {logging_mixin.py:115} INFO - [2022-10-01T00:33:50.218+0000] {dag.py:2429} INFO - Sync 1 DAGs
[2022-10-01T00:33:50.233+0000] {logging_mixin.py:115} INFO - [2022-10-01T00:33:50.233+0000] {dag.py:2981} INFO - Setting next_dagrun for example_sla_dag to 2022-10-01T00:30:00+00:00, run_after=2022-10-01T00:32:00+00:00
[2022-10-01T00:33:50.241+0000] {processor.py:161} INFO - Processing /home/airflow/.local/lib/python3.7/site-packages/airflow/example_dags/example_sla_dag.py took 0.061 seconds
[2022-10-01T00:34:20.775+0000] {processor.py:153} INFO - Started process (PID=37601) to work on /home/airflow/.local/lib/python3.7/site-packages/airflow/example_dags/example_sla_dag.py
[2022-10-01T00:34:20.777+0000] {processor.py:640} INFO - Processing file /home/airflow/.local/lib/python3.7/site-packages/airflow/example_dags/example_sla_dag.py for tasks to queue
[2022-10-01T00:34:20.778+0000] {logging_mixin.py:115} INFO - [2022-10-01T00:34:20.778+0000] {dagbag.py:508} INFO - Filling up the DagBag from /home/airflow/.local/lib/python3.7/site-packages/airflow/example_dags/example_sla_dag.py
[2022-10-01T00:34:20.791+0000] {processor.py:650} INFO - DAG(s) dict_keys(['example_sla_dag']) retrieved from /home/airflow/.local/lib/python3.7/site-packages/airflow/example_dags/example_sla_dag.py
[2022-10-01T00:34:20.810+0000] {logging_mixin.py:115} INFO - [2022-10-01T00:34:20.810+0000] {dag.py:2429} INFO - Sync 1 DAGs
[2022-10-01T00:34:20.831+0000] {logging_mixin.py:115} INFO - [2022-10-01T00:34:20.831+0000] {dag.py:2981} INFO - Setting next_dagrun for example_sla_dag to 2022-10-01T00:32:00+00:00, run_after=2022-10-01T00:34:00+00:00
[2022-10-01T00:34:20.843+0000] {processor.py:161} INFO - Processing /home/airflow/.local/lib/python3.7/site-packages/airflow/example_dags/example_sla_dag.py took 0.071 seconds
[2022-10-01T00:34:51.465+0000] {processor.py:153} INFO - Started process (PID=37667) to work on /home/airflow/.local/lib/python3.7/site-packages/airflow/example_dags/example_sla_dag.py
[2022-10-01T00:34:51.474+0000] {processor.py:640} INFO - Processing file /home/airflow/.local/lib/python3.7/site-packages/airflow/example_dags/example_sla_dag.py for tasks to queue
[2022-10-01T00:34:51.475+0000] {logging_mixin.py:115} INFO - [2022-10-01T00:34:51.475+0000] {dagbag.py:508} INFO - Filling up the DagBag from /home/airflow/.local/lib/python3.7/site-packages/airflow/example_dags/example_sla_dag.py
[2022-10-01T00:34:51.489+0000] {processor.py:650} INFO - DAG(s) dict_keys(['example_sla_dag']) retrieved from /home/airflow/.local/lib/python3.7/site-packages/airflow/example_dags/example_sla_dag.py
[2022-10-01T00:34:51.508+0000] {logging_mixin.py:115} INFO - [2022-10-01T00:34:51.508+0000] {dag.py:2429} INFO - Sync 1 DAGs
[2022-10-01T00:34:51.524+0000] {logging_mixin.py:115} INFO - [2022-10-01T00:34:51.524+0000] {dag.py:2981} INFO - Setting next_dagrun for example_sla_dag to 2022-10-01T00:32:00+00:00, run_after=2022-10-01T00:34:00+00:00
[2022-10-01T00:34:51.532+0000] {processor.py:161} INFO - Processing /home/airflow/.local/lib/python3.7/site-packages/airflow/example_dags/example_sla_dag.py took 0.070 seconds
[2022-10-01T00:35:22.447+0000] {processor.py:153} INFO - Started process (PID=37734) to work on /home/airflow/.local/lib/python3.7/site-packages/airflow/example_dags/example_sla_dag.py
[2022-10-01T00:35:22.451+0000] {processor.py:640} INFO - Processing file /home/airflow/.local/lib/python3.7/site-packages/airflow/example_dags/example_sla_dag.py for tasks to queue
[2022-10-01T00:35:22.453+0000] {logging_mixin.py:115} INFO - [2022-10-01T00:35:22.453+0000] {dagbag.py:508} INFO - Filling up the DagBag from /home/airflow/.local/lib/python3.7/site-packages/airflow/example_dags/example_sla_dag.py
[2022-10-01T00:35:22.474+0000] {processor.py:650} INFO - DAG(s) dict_keys(['example_sla_dag']) retrieved from /home/airflow/.local/lib/python3.7/site-packages/airflow/example_dags/example_sla_dag.py
[2022-10-01T00:35:22.502+0000] {logging_mixin.py:115} INFO - [2022-10-01T00:35:22.502+0000] {dag.py:2429} INFO - Sync 1 DAGs
[2022-10-01T00:35:22.534+0000] {logging_mixin.py:115} INFO - [2022-10-01T00:35:22.534+0000] {dag.py:2981} INFO - Setting next_dagrun for example_sla_dag to 2022-10-01T00:32:00+00:00, run_after=2022-10-01T00:34:00+00:00
[2022-10-01T00:35:22.546+0000] {processor.py:161} INFO - Processing /home/airflow/.local/lib/python3.7/site-packages/airflow/example_dags/example_sla_dag.py took 0.103 seconds
[2022-10-01T00:35:53.404+0000] {processor.py:153} INFO - Started process (PID=37791) to work on /home/airflow/.local/lib/python3.7/site-packages/airflow/example_dags/example_sla_dag.py
[2022-10-01T00:35:53.409+0000] {processor.py:640} INFO - Processing file /home/airflow/.local/lib/python3.7/site-packages/airflow/example_dags/example_sla_dag.py for tasks to queue
[2022-10-01T00:35:53.410+0000] {logging_mixin.py:115} INFO - [2022-10-01T00:35:53.410+0000] {dagbag.py:508} INFO - Filling up the DagBag from /home/airflow/.local/lib/python3.7/site-packages/airflow/example_dags/example_sla_dag.py
[2022-10-01T00:35:53.426+0000] {processor.py:650} INFO - DAG(s) dict_keys(['example_sla_dag']) retrieved from /home/airflow/.local/lib/python3.7/site-packages/airflow/example_dags/example_sla_dag.py
[2022-10-01T00:35:53.457+0000] {logging_mixin.py:115} INFO - [2022-10-01T00:35:53.457+0000] {dag.py:2429} INFO - Sync 1 DAGs
[2022-10-01T00:35:53.475+0000] {logging_mixin.py:115} INFO - [2022-10-01T00:35:53.475+0000] {dag.py:2981} INFO - Setting next_dagrun for example_sla_dag to 2022-10-01T00:32:00+00:00, run_after=2022-10-01T00:34:00+00:00
[2022-10-01T00:35:53.485+0000] {processor.py:161} INFO - Processing /home/airflow/.local/lib/python3.7/site-packages/airflow/example_dags/example_sla_dag.py took 0.084 seconds
