[2022-10-01T00:00:23.359+0000] {processor.py:153} INFO - Started process (PID=33929) to work on /home/airflow/.local/lib/python3.7/site-packages/airflow/example_dags/example_branch_python_dop_operator_3.py
[2022-10-01T00:00:23.362+0000] {processor.py:640} INFO - Processing file /home/airflow/.local/lib/python3.7/site-packages/airflow/example_dags/example_branch_python_dop_operator_3.py for tasks to queue
[2022-10-01T00:00:23.364+0000] {logging_mixin.py:115} INFO - [2022-10-01T00:00:23.364+0000] {dagbag.py:508} INFO - Filling up the DagBag from /home/airflow/.local/lib/python3.7/site-packages/airflow/example_dags/example_branch_python_dop_operator_3.py
[2022-10-01T00:00:23.371+0000] {processor.py:650} INFO - DAG(s) dict_keys(['example_branch_dop_operator_v3']) retrieved from /home/airflow/.local/lib/python3.7/site-packages/airflow/example_dags/example_branch_python_dop_operator_3.py
[2022-10-01T00:00:23.389+0000] {logging_mixin.py:115} INFO - [2022-10-01T00:00:23.389+0000] {dag.py:2429} INFO - Sync 1 DAGs
[2022-10-01T00:00:23.406+0000] {logging_mixin.py:115} INFO - [2022-10-01T00:00:23.406+0000] {dag.py:2981} INFO - Setting next_dagrun for example_branch_dop_operator_v3 to 2022-09-30T23:59:00+00:00, run_after=2022-10-01T00:00:00+00:00
[2022-10-01T00:00:23.413+0000] {processor.py:161} INFO - Processing /home/airflow/.local/lib/python3.7/site-packages/airflow/example_dags/example_branch_python_dop_operator_3.py took 0.056 seconds
[2022-10-01T00:00:53.884+0000] {processor.py:153} INFO - Started process (PID=33996) to work on /home/airflow/.local/lib/python3.7/site-packages/airflow/example_dags/example_branch_python_dop_operator_3.py
[2022-10-01T00:00:53.885+0000] {processor.py:640} INFO - Processing file /home/airflow/.local/lib/python3.7/site-packages/airflow/example_dags/example_branch_python_dop_operator_3.py for tasks to queue
[2022-10-01T00:00:53.887+0000] {logging_mixin.py:115} INFO - [2022-10-01T00:00:53.887+0000] {dagbag.py:508} INFO - Filling up the DagBag from /home/airflow/.local/lib/python3.7/site-packages/airflow/example_dags/example_branch_python_dop_operator_3.py
[2022-10-01T00:00:53.895+0000] {processor.py:650} INFO - DAG(s) dict_keys(['example_branch_dop_operator_v3']) retrieved from /home/airflow/.local/lib/python3.7/site-packages/airflow/example_dags/example_branch_python_dop_operator_3.py
[2022-10-01T00:00:53.916+0000] {logging_mixin.py:115} INFO - [2022-10-01T00:00:53.916+0000] {dag.py:2429} INFO - Sync 1 DAGs
[2022-10-01T00:00:53.932+0000] {logging_mixin.py:115} INFO - [2022-10-01T00:00:53.932+0000] {dag.py:2981} INFO - Setting next_dagrun for example_branch_dop_operator_v3 to 2022-09-30T23:59:00+00:00, run_after=2022-10-01T00:00:00+00:00
[2022-10-01T00:00:53.940+0000] {processor.py:161} INFO - Processing /home/airflow/.local/lib/python3.7/site-packages/airflow/example_dags/example_branch_python_dop_operator_3.py took 0.059 seconds
[2022-10-01T00:01:24.495+0000] {processor.py:153} INFO - Started process (PID=34062) to work on /home/airflow/.local/lib/python3.7/site-packages/airflow/example_dags/example_branch_python_dop_operator_3.py
[2022-10-01T00:01:24.496+0000] {processor.py:640} INFO - Processing file /home/airflow/.local/lib/python3.7/site-packages/airflow/example_dags/example_branch_python_dop_operator_3.py for tasks to queue
[2022-10-01T00:01:24.497+0000] {logging_mixin.py:115} INFO - [2022-10-01T00:01:24.497+0000] {dagbag.py:508} INFO - Filling up the DagBag from /home/airflow/.local/lib/python3.7/site-packages/airflow/example_dags/example_branch_python_dop_operator_3.py
[2022-10-01T00:01:24.505+0000] {processor.py:650} INFO - DAG(s) dict_keys(['example_branch_dop_operator_v3']) retrieved from /home/airflow/.local/lib/python3.7/site-packages/airflow/example_dags/example_branch_python_dop_operator_3.py
[2022-10-01T00:01:24.525+0000] {logging_mixin.py:115} INFO - [2022-10-01T00:01:24.525+0000] {dag.py:2429} INFO - Sync 1 DAGs
[2022-10-01T00:01:24.543+0000] {logging_mixin.py:115} INFO - [2022-10-01T00:01:24.543+0000] {dag.py:2981} INFO - Setting next_dagrun for example_branch_dop_operator_v3 to 2022-10-01T00:00:00+00:00, run_after=2022-10-01T00:01:00+00:00
[2022-10-01T00:01:24.554+0000] {processor.py:161} INFO - Processing /home/airflow/.local/lib/python3.7/site-packages/airflow/example_dags/example_branch_python_dop_operator_3.py took 0.062 seconds
[2022-10-01T00:01:54.964+0000] {processor.py:153} INFO - Started process (PID=34126) to work on /home/airflow/.local/lib/python3.7/site-packages/airflow/example_dags/example_branch_python_dop_operator_3.py
[2022-10-01T00:01:54.965+0000] {processor.py:640} INFO - Processing file /home/airflow/.local/lib/python3.7/site-packages/airflow/example_dags/example_branch_python_dop_operator_3.py for tasks to queue
[2022-10-01T00:01:54.967+0000] {logging_mixin.py:115} INFO - [2022-10-01T00:01:54.967+0000] {dagbag.py:508} INFO - Filling up the DagBag from /home/airflow/.local/lib/python3.7/site-packages/airflow/example_dags/example_branch_python_dop_operator_3.py
[2022-10-01T00:01:54.974+0000] {processor.py:650} INFO - DAG(s) dict_keys(['example_branch_dop_operator_v3']) retrieved from /home/airflow/.local/lib/python3.7/site-packages/airflow/example_dags/example_branch_python_dop_operator_3.py
[2022-10-01T00:01:54.998+0000] {logging_mixin.py:115} INFO - [2022-10-01T00:01:54.998+0000] {dag.py:2429} INFO - Sync 1 DAGs
[2022-10-01T00:01:55.020+0000] {logging_mixin.py:115} INFO - [2022-10-01T00:01:55.020+0000] {dag.py:2981} INFO - Setting next_dagrun for example_branch_dop_operator_v3 to 2022-10-01T00:00:00+00:00, run_after=2022-10-01T00:01:00+00:00
[2022-10-01T00:01:55.033+0000] {processor.py:161} INFO - Processing /home/airflow/.local/lib/python3.7/site-packages/airflow/example_dags/example_branch_python_dop_operator_3.py took 0.072 seconds
[2022-10-01T00:02:25.336+0000] {processor.py:153} INFO - Started process (PID=34185) to work on /home/airflow/.local/lib/python3.7/site-packages/airflow/example_dags/example_branch_python_dop_operator_3.py
[2022-10-01T00:02:25.341+0000] {processor.py:640} INFO - Processing file /home/airflow/.local/lib/python3.7/site-packages/airflow/example_dags/example_branch_python_dop_operator_3.py for tasks to queue
[2022-10-01T00:02:25.345+0000] {logging_mixin.py:115} INFO - [2022-10-01T00:02:25.345+0000] {dagbag.py:508} INFO - Filling up the DagBag from /home/airflow/.local/lib/python3.7/site-packages/airflow/example_dags/example_branch_python_dop_operator_3.py
[2022-10-01T00:02:25.353+0000] {processor.py:650} INFO - DAG(s) dict_keys(['example_branch_dop_operator_v3']) retrieved from /home/airflow/.local/lib/python3.7/site-packages/airflow/example_dags/example_branch_python_dop_operator_3.py
[2022-10-01T00:02:25.373+0000] {logging_mixin.py:115} INFO - [2022-10-01T00:02:25.373+0000] {dag.py:2429} INFO - Sync 1 DAGs
[2022-10-01T00:02:25.389+0000] {logging_mixin.py:115} INFO - [2022-10-01T00:02:25.389+0000] {dag.py:2981} INFO - Setting next_dagrun for example_branch_dop_operator_v3 to 2022-10-01T00:01:00+00:00, run_after=2022-10-01T00:02:00+00:00
[2022-10-01T00:02:25.398+0000] {processor.py:161} INFO - Processing /home/airflow/.local/lib/python3.7/site-packages/airflow/example_dags/example_branch_python_dop_operator_3.py took 0.065 seconds
[2022-10-01T00:02:55.753+0000] {processor.py:153} INFO - Started process (PID=34251) to work on /home/airflow/.local/lib/python3.7/site-packages/airflow/example_dags/example_branch_python_dop_operator_3.py
[2022-10-01T00:02:55.756+0000] {processor.py:640} INFO - Processing file /home/airflow/.local/lib/python3.7/site-packages/airflow/example_dags/example_branch_python_dop_operator_3.py for tasks to queue
[2022-10-01T00:02:55.757+0000] {logging_mixin.py:115} INFO - [2022-10-01T00:02:55.757+0000] {dagbag.py:508} INFO - Filling up the DagBag from /home/airflow/.local/lib/python3.7/site-packages/airflow/example_dags/example_branch_python_dop_operator_3.py
[2022-10-01T00:02:55.764+0000] {processor.py:650} INFO - DAG(s) dict_keys(['example_branch_dop_operator_v3']) retrieved from /home/airflow/.local/lib/python3.7/site-packages/airflow/example_dags/example_branch_python_dop_operator_3.py
[2022-10-01T00:02:55.783+0000] {logging_mixin.py:115} INFO - [2022-10-01T00:02:55.783+0000] {dag.py:2429} INFO - Sync 1 DAGs
[2022-10-01T00:02:55.802+0000] {logging_mixin.py:115} INFO - [2022-10-01T00:02:55.801+0000] {dag.py:2981} INFO - Setting next_dagrun for example_branch_dop_operator_v3 to 2022-10-01T00:01:00+00:00, run_after=2022-10-01T00:02:00+00:00
[2022-10-01T00:02:55.811+0000] {processor.py:161} INFO - Processing /home/airflow/.local/lib/python3.7/site-packages/airflow/example_dags/example_branch_python_dop_operator_3.py took 0.060 seconds
[2022-10-01T00:03:25.994+0000] {processor.py:153} INFO - Started process (PID=34318) to work on /home/airflow/.local/lib/python3.7/site-packages/airflow/example_dags/example_branch_python_dop_operator_3.py
[2022-10-01T00:03:25.996+0000] {processor.py:640} INFO - Processing file /home/airflow/.local/lib/python3.7/site-packages/airflow/example_dags/example_branch_python_dop_operator_3.py for tasks to queue
[2022-10-01T00:03:25.997+0000] {logging_mixin.py:115} INFO - [2022-10-01T00:03:25.997+0000] {dagbag.py:508} INFO - Filling up the DagBag from /home/airflow/.local/lib/python3.7/site-packages/airflow/example_dags/example_branch_python_dop_operator_3.py
[2022-10-01T00:03:26.004+0000] {processor.py:650} INFO - DAG(s) dict_keys(['example_branch_dop_operator_v3']) retrieved from /home/airflow/.local/lib/python3.7/site-packages/airflow/example_dags/example_branch_python_dop_operator_3.py
[2022-10-01T00:03:26.024+0000] {logging_mixin.py:115} INFO - [2022-10-01T00:03:26.024+0000] {dag.py:2429} INFO - Sync 1 DAGs
[2022-10-01T00:03:26.040+0000] {logging_mixin.py:115} INFO - [2022-10-01T00:03:26.040+0000] {dag.py:2981} INFO - Setting next_dagrun for example_branch_dop_operator_v3 to 2022-10-01T00:02:00+00:00, run_after=2022-10-01T00:03:00+00:00
[2022-10-01T00:03:26.050+0000] {processor.py:161} INFO - Processing /home/airflow/.local/lib/python3.7/site-packages/airflow/example_dags/example_branch_python_dop_operator_3.py took 0.058 seconds
[2022-10-01T00:03:56.405+0000] {processor.py:153} INFO - Started process (PID=34375) to work on /home/airflow/.local/lib/python3.7/site-packages/airflow/example_dags/example_branch_python_dop_operator_3.py
[2022-10-01T00:03:56.412+0000] {processor.py:640} INFO - Processing file /home/airflow/.local/lib/python3.7/site-packages/airflow/example_dags/example_branch_python_dop_operator_3.py for tasks to queue
[2022-10-01T00:03:56.414+0000] {logging_mixin.py:115} INFO - [2022-10-01T00:03:56.414+0000] {dagbag.py:508} INFO - Filling up the DagBag from /home/airflow/.local/lib/python3.7/site-packages/airflow/example_dags/example_branch_python_dop_operator_3.py
[2022-10-01T00:03:56.423+0000] {processor.py:650} INFO - DAG(s) dict_keys(['example_branch_dop_operator_v3']) retrieved from /home/airflow/.local/lib/python3.7/site-packages/airflow/example_dags/example_branch_python_dop_operator_3.py
[2022-10-01T00:03:56.446+0000] {logging_mixin.py:115} INFO - [2022-10-01T00:03:56.446+0000] {dag.py:2429} INFO - Sync 1 DAGs
[2022-10-01T00:03:56.466+0000] {logging_mixin.py:115} INFO - [2022-10-01T00:03:56.466+0000] {dag.py:2981} INFO - Setting next_dagrun for example_branch_dop_operator_v3 to 2022-10-01T00:02:00+00:00, run_after=2022-10-01T00:03:00+00:00
[2022-10-01T00:03:56.481+0000] {processor.py:161} INFO - Processing /home/airflow/.local/lib/python3.7/site-packages/airflow/example_dags/example_branch_python_dop_operator_3.py took 0.081 seconds
[2022-10-01T00:04:26.823+0000] {processor.py:153} INFO - Started process (PID=34441) to work on /home/airflow/.local/lib/python3.7/site-packages/airflow/example_dags/example_branch_python_dop_operator_3.py
[2022-10-01T00:04:26.825+0000] {processor.py:640} INFO - Processing file /home/airflow/.local/lib/python3.7/site-packages/airflow/example_dags/example_branch_python_dop_operator_3.py for tasks to queue
[2022-10-01T00:04:26.826+0000] {logging_mixin.py:115} INFO - [2022-10-01T00:04:26.826+0000] {dagbag.py:508} INFO - Filling up the DagBag from /home/airflow/.local/lib/python3.7/site-packages/airflow/example_dags/example_branch_python_dop_operator_3.py
[2022-10-01T00:04:26.834+0000] {processor.py:650} INFO - DAG(s) dict_keys(['example_branch_dop_operator_v3']) retrieved from /home/airflow/.local/lib/python3.7/site-packages/airflow/example_dags/example_branch_python_dop_operator_3.py
[2022-10-01T00:04:26.854+0000] {logging_mixin.py:115} INFO - [2022-10-01T00:04:26.854+0000] {dag.py:2429} INFO - Sync 1 DAGs
[2022-10-01T00:04:26.870+0000] {logging_mixin.py:115} INFO - [2022-10-01T00:04:26.869+0000] {dag.py:2981} INFO - Setting next_dagrun for example_branch_dop_operator_v3 to 2022-10-01T00:03:00+00:00, run_after=2022-10-01T00:04:00+00:00
[2022-10-01T00:04:26.877+0000] {processor.py:161} INFO - Processing /home/airflow/.local/lib/python3.7/site-packages/airflow/example_dags/example_branch_python_dop_operator_3.py took 0.056 seconds
[2022-10-01T00:04:57.282+0000] {processor.py:153} INFO - Started process (PID=34507) to work on /home/airflow/.local/lib/python3.7/site-packages/airflow/example_dags/example_branch_python_dop_operator_3.py
[2022-10-01T00:04:57.284+0000] {processor.py:640} INFO - Processing file /home/airflow/.local/lib/python3.7/site-packages/airflow/example_dags/example_branch_python_dop_operator_3.py for tasks to queue
[2022-10-01T00:04:57.287+0000] {logging_mixin.py:115} INFO - [2022-10-01T00:04:57.287+0000] {dagbag.py:508} INFO - Filling up the DagBag from /home/airflow/.local/lib/python3.7/site-packages/airflow/example_dags/example_branch_python_dop_operator_3.py
[2022-10-01T00:04:57.297+0000] {processor.py:650} INFO - DAG(s) dict_keys(['example_branch_dop_operator_v3']) retrieved from /home/airflow/.local/lib/python3.7/site-packages/airflow/example_dags/example_branch_python_dop_operator_3.py
[2022-10-01T00:04:57.323+0000] {logging_mixin.py:115} INFO - [2022-10-01T00:04:57.323+0000] {dag.py:2429} INFO - Sync 1 DAGs
[2022-10-01T00:04:57.340+0000] {logging_mixin.py:115} INFO - [2022-10-01T00:04:57.340+0000] {dag.py:2981} INFO - Setting next_dagrun for example_branch_dop_operator_v3 to 2022-10-01T00:03:00+00:00, run_after=2022-10-01T00:04:00+00:00
[2022-10-01T00:04:57.348+0000] {processor.py:161} INFO - Processing /home/airflow/.local/lib/python3.7/site-packages/airflow/example_dags/example_branch_python_dop_operator_3.py took 0.069 seconds
[2022-10-01T00:05:27.649+0000] {processor.py:153} INFO - Started process (PID=34574) to work on /home/airflow/.local/lib/python3.7/site-packages/airflow/example_dags/example_branch_python_dop_operator_3.py
[2022-10-01T00:05:27.650+0000] {processor.py:640} INFO - Processing file /home/airflow/.local/lib/python3.7/site-packages/airflow/example_dags/example_branch_python_dop_operator_3.py for tasks to queue
[2022-10-01T00:05:27.651+0000] {logging_mixin.py:115} INFO - [2022-10-01T00:05:27.651+0000] {dagbag.py:508} INFO - Filling up the DagBag from /home/airflow/.local/lib/python3.7/site-packages/airflow/example_dags/example_branch_python_dop_operator_3.py
[2022-10-01T00:05:27.658+0000] {processor.py:650} INFO - DAG(s) dict_keys(['example_branch_dop_operator_v3']) retrieved from /home/airflow/.local/lib/python3.7/site-packages/airflow/example_dags/example_branch_python_dop_operator_3.py
[2022-10-01T00:05:27.676+0000] {logging_mixin.py:115} INFO - [2022-10-01T00:05:27.676+0000] {dag.py:2429} INFO - Sync 1 DAGs
[2022-10-01T00:05:27.692+0000] {logging_mixin.py:115} INFO - [2022-10-01T00:05:27.692+0000] {dag.py:2981} INFO - Setting next_dagrun for example_branch_dop_operator_v3 to 2022-10-01T00:04:00+00:00, run_after=2022-10-01T00:05:00+00:00
[2022-10-01T00:05:27.700+0000] {processor.py:161} INFO - Processing /home/airflow/.local/lib/python3.7/site-packages/airflow/example_dags/example_branch_python_dop_operator_3.py took 0.054 seconds
[2022-10-01T00:05:57.952+0000] {processor.py:153} INFO - Started process (PID=34631) to work on /home/airflow/.local/lib/python3.7/site-packages/airflow/example_dags/example_branch_python_dop_operator_3.py
[2022-10-01T00:05:57.953+0000] {processor.py:640} INFO - Processing file /home/airflow/.local/lib/python3.7/site-packages/airflow/example_dags/example_branch_python_dop_operator_3.py for tasks to queue
[2022-10-01T00:05:57.955+0000] {logging_mixin.py:115} INFO - [2022-10-01T00:05:57.955+0000] {dagbag.py:508} INFO - Filling up the DagBag from /home/airflow/.local/lib/python3.7/site-packages/airflow/example_dags/example_branch_python_dop_operator_3.py
[2022-10-01T00:05:57.962+0000] {processor.py:650} INFO - DAG(s) dict_keys(['example_branch_dop_operator_v3']) retrieved from /home/airflow/.local/lib/python3.7/site-packages/airflow/example_dags/example_branch_python_dop_operator_3.py
[2022-10-01T00:05:57.981+0000] {logging_mixin.py:115} INFO - [2022-10-01T00:05:57.981+0000] {dag.py:2429} INFO - Sync 1 DAGs
[2022-10-01T00:05:57.997+0000] {logging_mixin.py:115} INFO - [2022-10-01T00:05:57.997+0000] {dag.py:2981} INFO - Setting next_dagrun for example_branch_dop_operator_v3 to 2022-10-01T00:04:00+00:00, run_after=2022-10-01T00:05:00+00:00
[2022-10-01T00:05:58.006+0000] {processor.py:161} INFO - Processing /home/airflow/.local/lib/python3.7/site-packages/airflow/example_dags/example_branch_python_dop_operator_3.py took 0.056 seconds
[2022-10-01T00:06:28.446+0000] {processor.py:153} INFO - Started process (PID=34698) to work on /home/airflow/.local/lib/python3.7/site-packages/airflow/example_dags/example_branch_python_dop_operator_3.py
[2022-10-01T00:06:28.448+0000] {processor.py:640} INFO - Processing file /home/airflow/.local/lib/python3.7/site-packages/airflow/example_dags/example_branch_python_dop_operator_3.py for tasks to queue
[2022-10-01T00:06:28.449+0000] {logging_mixin.py:115} INFO - [2022-10-01T00:06:28.449+0000] {dagbag.py:508} INFO - Filling up the DagBag from /home/airflow/.local/lib/python3.7/site-packages/airflow/example_dags/example_branch_python_dop_operator_3.py
[2022-10-01T00:06:28.457+0000] {processor.py:650} INFO - DAG(s) dict_keys(['example_branch_dop_operator_v3']) retrieved from /home/airflow/.local/lib/python3.7/site-packages/airflow/example_dags/example_branch_python_dop_operator_3.py
[2022-10-01T00:06:28.476+0000] {logging_mixin.py:115} INFO - [2022-10-01T00:06:28.476+0000] {dag.py:2429} INFO - Sync 1 DAGs
[2022-10-01T00:06:28.493+0000] {logging_mixin.py:115} INFO - [2022-10-01T00:06:28.493+0000] {dag.py:2981} INFO - Setting next_dagrun for example_branch_dop_operator_v3 to 2022-10-01T00:05:00+00:00, run_after=2022-10-01T00:06:00+00:00
[2022-10-01T00:06:28.503+0000] {processor.py:161} INFO - Processing /home/airflow/.local/lib/python3.7/site-packages/airflow/example_dags/example_branch_python_dop_operator_3.py took 0.059 seconds
[2022-10-01T00:06:58.774+0000] {processor.py:153} INFO - Started process (PID=34764) to work on /home/airflow/.local/lib/python3.7/site-packages/airflow/example_dags/example_branch_python_dop_operator_3.py
[2022-10-01T00:06:58.777+0000] {processor.py:640} INFO - Processing file /home/airflow/.local/lib/python3.7/site-packages/airflow/example_dags/example_branch_python_dop_operator_3.py for tasks to queue
[2022-10-01T00:06:58.779+0000] {logging_mixin.py:115} INFO - [2022-10-01T00:06:58.779+0000] {dagbag.py:508} INFO - Filling up the DagBag from /home/airflow/.local/lib/python3.7/site-packages/airflow/example_dags/example_branch_python_dop_operator_3.py
[2022-10-01T00:06:58.786+0000] {processor.py:650} INFO - DAG(s) dict_keys(['example_branch_dop_operator_v3']) retrieved from /home/airflow/.local/lib/python3.7/site-packages/airflow/example_dags/example_branch_python_dop_operator_3.py
[2022-10-01T00:06:58.807+0000] {logging_mixin.py:115} INFO - [2022-10-01T00:06:58.807+0000] {dag.py:2429} INFO - Sync 1 DAGs
[2022-10-01T00:06:58.827+0000] {logging_mixin.py:115} INFO - [2022-10-01T00:06:58.827+0000] {dag.py:2981} INFO - Setting next_dagrun for example_branch_dop_operator_v3 to 2022-10-01T00:05:00+00:00, run_after=2022-10-01T00:06:00+00:00
[2022-10-01T00:06:58.837+0000] {processor.py:161} INFO - Processing /home/airflow/.local/lib/python3.7/site-packages/airflow/example_dags/example_branch_python_dop_operator_3.py took 0.065 seconds
[2022-10-01T00:07:29.251+0000] {processor.py:153} INFO - Started process (PID=34830) to work on /home/airflow/.local/lib/python3.7/site-packages/airflow/example_dags/example_branch_python_dop_operator_3.py
[2022-10-01T00:07:29.273+0000] {processor.py:640} INFO - Processing file /home/airflow/.local/lib/python3.7/site-packages/airflow/example_dags/example_branch_python_dop_operator_3.py for tasks to queue
[2022-10-01T00:07:29.274+0000] {logging_mixin.py:115} INFO - [2022-10-01T00:07:29.274+0000] {dagbag.py:508} INFO - Filling up the DagBag from /home/airflow/.local/lib/python3.7/site-packages/airflow/example_dags/example_branch_python_dop_operator_3.py
[2022-10-01T00:07:29.282+0000] {processor.py:650} INFO - DAG(s) dict_keys(['example_branch_dop_operator_v3']) retrieved from /home/airflow/.local/lib/python3.7/site-packages/airflow/example_dags/example_branch_python_dop_operator_3.py
[2022-10-01T00:07:29.301+0000] {logging_mixin.py:115} INFO - [2022-10-01T00:07:29.301+0000] {dag.py:2429} INFO - Sync 1 DAGs
[2022-10-01T00:07:29.317+0000] {logging_mixin.py:115} INFO - [2022-10-01T00:07:29.317+0000] {dag.py:2981} INFO - Setting next_dagrun for example_branch_dop_operator_v3 to 2022-10-01T00:06:00+00:00, run_after=2022-10-01T00:07:00+00:00
[2022-10-01T00:07:29.324+0000] {processor.py:161} INFO - Processing /home/airflow/.local/lib/python3.7/site-packages/airflow/example_dags/example_branch_python_dop_operator_3.py took 0.075 seconds
[2022-10-01T00:07:59.522+0000] {processor.py:153} INFO - Started process (PID=34887) to work on /home/airflow/.local/lib/python3.7/site-packages/airflow/example_dags/example_branch_python_dop_operator_3.py
[2022-10-01T00:07:59.523+0000] {processor.py:640} INFO - Processing file /home/airflow/.local/lib/python3.7/site-packages/airflow/example_dags/example_branch_python_dop_operator_3.py for tasks to queue
[2022-10-01T00:07:59.524+0000] {logging_mixin.py:115} INFO - [2022-10-01T00:07:59.524+0000] {dagbag.py:508} INFO - Filling up the DagBag from /home/airflow/.local/lib/python3.7/site-packages/airflow/example_dags/example_branch_python_dop_operator_3.py
[2022-10-01T00:07:59.532+0000] {processor.py:650} INFO - DAG(s) dict_keys(['example_branch_dop_operator_v3']) retrieved from /home/airflow/.local/lib/python3.7/site-packages/airflow/example_dags/example_branch_python_dop_operator_3.py
[2022-10-01T00:07:59.554+0000] {logging_mixin.py:115} INFO - [2022-10-01T00:07:59.554+0000] {dag.py:2429} INFO - Sync 1 DAGs
[2022-10-01T00:07:59.579+0000] {logging_mixin.py:115} INFO - [2022-10-01T00:07:59.579+0000] {dag.py:2981} INFO - Setting next_dagrun for example_branch_dop_operator_v3 to 2022-10-01T00:06:00+00:00, run_after=2022-10-01T00:07:00+00:00
[2022-10-01T00:07:59.588+0000] {processor.py:161} INFO - Processing /home/airflow/.local/lib/python3.7/site-packages/airflow/example_dags/example_branch_python_dop_operator_3.py took 0.069 seconds
[2022-10-01T00:08:30.080+0000] {processor.py:153} INFO - Started process (PID=34953) to work on /home/airflow/.local/lib/python3.7/site-packages/airflow/example_dags/example_branch_python_dop_operator_3.py
[2022-10-01T00:08:30.082+0000] {processor.py:640} INFO - Processing file /home/airflow/.local/lib/python3.7/site-packages/airflow/example_dags/example_branch_python_dop_operator_3.py for tasks to queue
[2022-10-01T00:08:30.084+0000] {logging_mixin.py:115} INFO - [2022-10-01T00:08:30.084+0000] {dagbag.py:508} INFO - Filling up the DagBag from /home/airflow/.local/lib/python3.7/site-packages/airflow/example_dags/example_branch_python_dop_operator_3.py
[2022-10-01T00:08:30.092+0000] {processor.py:650} INFO - DAG(s) dict_keys(['example_branch_dop_operator_v3']) retrieved from /home/airflow/.local/lib/python3.7/site-packages/airflow/example_dags/example_branch_python_dop_operator_3.py
[2022-10-01T00:08:30.112+0000] {logging_mixin.py:115} INFO - [2022-10-01T00:08:30.111+0000] {dag.py:2429} INFO - Sync 1 DAGs
[2022-10-01T00:08:30.130+0000] {logging_mixin.py:115} INFO - [2022-10-01T00:08:30.130+0000] {dag.py:2981} INFO - Setting next_dagrun for example_branch_dop_operator_v3 to 2022-10-01T00:07:00+00:00, run_after=2022-10-01T00:08:00+00:00
[2022-10-01T00:08:30.140+0000] {processor.py:161} INFO - Processing /home/airflow/.local/lib/python3.7/site-packages/airflow/example_dags/example_branch_python_dop_operator_3.py took 0.062 seconds
[2022-10-01T00:09:00.582+0000] {processor.py:153} INFO - Started process (PID=35019) to work on /home/airflow/.local/lib/python3.7/site-packages/airflow/example_dags/example_branch_python_dop_operator_3.py
[2022-10-01T00:09:00.584+0000] {processor.py:640} INFO - Processing file /home/airflow/.local/lib/python3.7/site-packages/airflow/example_dags/example_branch_python_dop_operator_3.py for tasks to queue
[2022-10-01T00:09:00.585+0000] {logging_mixin.py:115} INFO - [2022-10-01T00:09:00.585+0000] {dagbag.py:508} INFO - Filling up the DagBag from /home/airflow/.local/lib/python3.7/site-packages/airflow/example_dags/example_branch_python_dop_operator_3.py
[2022-10-01T00:09:00.591+0000] {processor.py:650} INFO - DAG(s) dict_keys(['example_branch_dop_operator_v3']) retrieved from /home/airflow/.local/lib/python3.7/site-packages/airflow/example_dags/example_branch_python_dop_operator_3.py
[2022-10-01T00:09:00.609+0000] {logging_mixin.py:115} INFO - [2022-10-01T00:09:00.609+0000] {dag.py:2429} INFO - Sync 1 DAGs
[2022-10-01T00:09:00.626+0000] {logging_mixin.py:115} INFO - [2022-10-01T00:09:00.626+0000] {dag.py:2981} INFO - Setting next_dagrun for example_branch_dop_operator_v3 to 2022-10-01T00:08:00+00:00, run_after=2022-10-01T00:09:00+00:00
[2022-10-01T00:09:00.636+0000] {processor.py:161} INFO - Processing /home/airflow/.local/lib/python3.7/site-packages/airflow/example_dags/example_branch_python_dop_operator_3.py took 0.056 seconds
[2022-10-01T00:09:31.244+0000] {processor.py:153} INFO - Started process (PID=35084) to work on /home/airflow/.local/lib/python3.7/site-packages/airflow/example_dags/example_branch_python_dop_operator_3.py
[2022-10-01T00:09:31.246+0000] {processor.py:640} INFO - Processing file /home/airflow/.local/lib/python3.7/site-packages/airflow/example_dags/example_branch_python_dop_operator_3.py for tasks to queue
[2022-10-01T00:09:31.247+0000] {logging_mixin.py:115} INFO - [2022-10-01T00:09:31.247+0000] {dagbag.py:508} INFO - Filling up the DagBag from /home/airflow/.local/lib/python3.7/site-packages/airflow/example_dags/example_branch_python_dop_operator_3.py
[2022-10-01T00:09:31.254+0000] {processor.py:650} INFO - DAG(s) dict_keys(['example_branch_dop_operator_v3']) retrieved from /home/airflow/.local/lib/python3.7/site-packages/airflow/example_dags/example_branch_python_dop_operator_3.py
[2022-10-01T00:09:31.272+0000] {logging_mixin.py:115} INFO - [2022-10-01T00:09:31.272+0000] {dag.py:2429} INFO - Sync 1 DAGs
[2022-10-01T00:09:31.288+0000] {logging_mixin.py:115} INFO - [2022-10-01T00:09:31.288+0000] {dag.py:2981} INFO - Setting next_dagrun for example_branch_dop_operator_v3 to 2022-10-01T00:08:00+00:00, run_after=2022-10-01T00:09:00+00:00
[2022-10-01T00:09:31.298+0000] {processor.py:161} INFO - Processing /home/airflow/.local/lib/python3.7/site-packages/airflow/example_dags/example_branch_python_dop_operator_3.py took 0.056 seconds
[2022-10-01T00:10:01.644+0000] {processor.py:153} INFO - Started process (PID=35140) to work on /home/airflow/.local/lib/python3.7/site-packages/airflow/example_dags/example_branch_python_dop_operator_3.py
[2022-10-01T00:10:01.646+0000] {processor.py:640} INFO - Processing file /home/airflow/.local/lib/python3.7/site-packages/airflow/example_dags/example_branch_python_dop_operator_3.py for tasks to queue
[2022-10-01T00:10:01.649+0000] {logging_mixin.py:115} INFO - [2022-10-01T00:10:01.649+0000] {dagbag.py:508} INFO - Filling up the DagBag from /home/airflow/.local/lib/python3.7/site-packages/airflow/example_dags/example_branch_python_dop_operator_3.py
[2022-10-01T00:10:01.656+0000] {processor.py:650} INFO - DAG(s) dict_keys(['example_branch_dop_operator_v3']) retrieved from /home/airflow/.local/lib/python3.7/site-packages/airflow/example_dags/example_branch_python_dop_operator_3.py
[2022-10-01T00:10:01.675+0000] {logging_mixin.py:115} INFO - [2022-10-01T00:10:01.675+0000] {dag.py:2429} INFO - Sync 1 DAGs
[2022-10-01T00:10:01.693+0000] {logging_mixin.py:115} INFO - [2022-10-01T00:10:01.693+0000] {dag.py:2981} INFO - Setting next_dagrun for example_branch_dop_operator_v3 to 2022-10-01T00:09:00+00:00, run_after=2022-10-01T00:10:00+00:00
[2022-10-01T00:10:01.701+0000] {processor.py:161} INFO - Processing /home/airflow/.local/lib/python3.7/site-packages/airflow/example_dags/example_branch_python_dop_operator_3.py took 0.060 seconds
[2022-10-01T00:10:32.095+0000] {processor.py:153} INFO - Started process (PID=35207) to work on /home/airflow/.local/lib/python3.7/site-packages/airflow/example_dags/example_branch_python_dop_operator_3.py
[2022-10-01T00:10:32.097+0000] {processor.py:640} INFO - Processing file /home/airflow/.local/lib/python3.7/site-packages/airflow/example_dags/example_branch_python_dop_operator_3.py for tasks to queue
[2022-10-01T00:10:32.098+0000] {logging_mixin.py:115} INFO - [2022-10-01T00:10:32.098+0000] {dagbag.py:508} INFO - Filling up the DagBag from /home/airflow/.local/lib/python3.7/site-packages/airflow/example_dags/example_branch_python_dop_operator_3.py
[2022-10-01T00:10:32.105+0000] {processor.py:650} INFO - DAG(s) dict_keys(['example_branch_dop_operator_v3']) retrieved from /home/airflow/.local/lib/python3.7/site-packages/airflow/example_dags/example_branch_python_dop_operator_3.py
[2022-10-01T00:10:32.127+0000] {logging_mixin.py:115} INFO - [2022-10-01T00:10:32.127+0000] {dag.py:2429} INFO - Sync 1 DAGs
[2022-10-01T00:10:32.143+0000] {logging_mixin.py:115} INFO - [2022-10-01T00:10:32.143+0000] {dag.py:2981} INFO - Setting next_dagrun for example_branch_dop_operator_v3 to 2022-10-01T00:09:00+00:00, run_after=2022-10-01T00:10:00+00:00
[2022-10-01T00:10:32.152+0000] {processor.py:161} INFO - Processing /home/airflow/.local/lib/python3.7/site-packages/airflow/example_dags/example_branch_python_dop_operator_3.py took 0.060 seconds
[2022-10-01T00:11:02.481+0000] {processor.py:153} INFO - Started process (PID=35273) to work on /home/airflow/.local/lib/python3.7/site-packages/airflow/example_dags/example_branch_python_dop_operator_3.py
[2022-10-01T00:11:02.483+0000] {processor.py:640} INFO - Processing file /home/airflow/.local/lib/python3.7/site-packages/airflow/example_dags/example_branch_python_dop_operator_3.py for tasks to queue
[2022-10-01T00:11:02.484+0000] {logging_mixin.py:115} INFO - [2022-10-01T00:11:02.484+0000] {dagbag.py:508} INFO - Filling up the DagBag from /home/airflow/.local/lib/python3.7/site-packages/airflow/example_dags/example_branch_python_dop_operator_3.py
[2022-10-01T00:11:02.491+0000] {processor.py:650} INFO - DAG(s) dict_keys(['example_branch_dop_operator_v3']) retrieved from /home/airflow/.local/lib/python3.7/site-packages/airflow/example_dags/example_branch_python_dop_operator_3.py
[2022-10-01T00:11:02.512+0000] {logging_mixin.py:115} INFO - [2022-10-01T00:11:02.512+0000] {dag.py:2429} INFO - Sync 1 DAGs
[2022-10-01T00:11:02.528+0000] {logging_mixin.py:115} INFO - [2022-10-01T00:11:02.528+0000] {dag.py:2981} INFO - Setting next_dagrun for example_branch_dop_operator_v3 to 2022-10-01T00:10:00+00:00, run_after=2022-10-01T00:11:00+00:00
[2022-10-01T00:11:02.537+0000] {processor.py:161} INFO - Processing /home/airflow/.local/lib/python3.7/site-packages/airflow/example_dags/example_branch_python_dop_operator_3.py took 0.058 seconds
[2022-10-01T00:11:32.858+0000] {processor.py:153} INFO - Started process (PID=35339) to work on /home/airflow/.local/lib/python3.7/site-packages/airflow/example_dags/example_branch_python_dop_operator_3.py
[2022-10-01T00:11:32.860+0000] {processor.py:640} INFO - Processing file /home/airflow/.local/lib/python3.7/site-packages/airflow/example_dags/example_branch_python_dop_operator_3.py for tasks to queue
[2022-10-01T00:11:32.861+0000] {logging_mixin.py:115} INFO - [2022-10-01T00:11:32.861+0000] {dagbag.py:508} INFO - Filling up the DagBag from /home/airflow/.local/lib/python3.7/site-packages/airflow/example_dags/example_branch_python_dop_operator_3.py
[2022-10-01T00:11:32.868+0000] {processor.py:650} INFO - DAG(s) dict_keys(['example_branch_dop_operator_v3']) retrieved from /home/airflow/.local/lib/python3.7/site-packages/airflow/example_dags/example_branch_python_dop_operator_3.py
[2022-10-01T00:11:32.889+0000] {logging_mixin.py:115} INFO - [2022-10-01T00:11:32.889+0000] {dag.py:2429} INFO - Sync 1 DAGs
[2022-10-01T00:11:32.905+0000] {logging_mixin.py:115} INFO - [2022-10-01T00:11:32.905+0000] {dag.py:2981} INFO - Setting next_dagrun for example_branch_dop_operator_v3 to 2022-10-01T00:10:00+00:00, run_after=2022-10-01T00:11:00+00:00
[2022-10-01T00:11:32.913+0000] {processor.py:161} INFO - Processing /home/airflow/.local/lib/python3.7/site-packages/airflow/example_dags/example_branch_python_dop_operator_3.py took 0.058 seconds
[2022-10-01T00:12:03.130+0000] {processor.py:153} INFO - Started process (PID=35396) to work on /home/airflow/.local/lib/python3.7/site-packages/airflow/example_dags/example_branch_python_dop_operator_3.py
[2022-10-01T00:12:03.132+0000] {processor.py:640} INFO - Processing file /home/airflow/.local/lib/python3.7/site-packages/airflow/example_dags/example_branch_python_dop_operator_3.py for tasks to queue
[2022-10-01T00:12:03.134+0000] {logging_mixin.py:115} INFO - [2022-10-01T00:12:03.134+0000] {dagbag.py:508} INFO - Filling up the DagBag from /home/airflow/.local/lib/python3.7/site-packages/airflow/example_dags/example_branch_python_dop_operator_3.py
[2022-10-01T00:12:03.142+0000] {processor.py:650} INFO - DAG(s) dict_keys(['example_branch_dop_operator_v3']) retrieved from /home/airflow/.local/lib/python3.7/site-packages/airflow/example_dags/example_branch_python_dop_operator_3.py
[2022-10-01T00:12:03.163+0000] {logging_mixin.py:115} INFO - [2022-10-01T00:12:03.163+0000] {dag.py:2429} INFO - Sync 1 DAGs
[2022-10-01T00:12:03.181+0000] {logging_mixin.py:115} INFO - [2022-10-01T00:12:03.181+0000] {dag.py:2981} INFO - Setting next_dagrun for example_branch_dop_operator_v3 to 2022-10-01T00:11:00+00:00, run_after=2022-10-01T00:12:00+00:00
[2022-10-01T00:12:03.191+0000] {processor.py:161} INFO - Processing /home/airflow/.local/lib/python3.7/site-packages/airflow/example_dags/example_branch_python_dop_operator_3.py took 0.064 seconds
[2022-10-01T00:12:33.713+0000] {processor.py:153} INFO - Started process (PID=35463) to work on /home/airflow/.local/lib/python3.7/site-packages/airflow/example_dags/example_branch_python_dop_operator_3.py
[2022-10-01T00:12:33.715+0000] {processor.py:640} INFO - Processing file /home/airflow/.local/lib/python3.7/site-packages/airflow/example_dags/example_branch_python_dop_operator_3.py for tasks to queue
[2022-10-01T00:12:33.717+0000] {logging_mixin.py:115} INFO - [2022-10-01T00:12:33.717+0000] {dagbag.py:508} INFO - Filling up the DagBag from /home/airflow/.local/lib/python3.7/site-packages/airflow/example_dags/example_branch_python_dop_operator_3.py
[2022-10-01T00:12:33.729+0000] {processor.py:650} INFO - DAG(s) dict_keys(['example_branch_dop_operator_v3']) retrieved from /home/airflow/.local/lib/python3.7/site-packages/airflow/example_dags/example_branch_python_dop_operator_3.py
[2022-10-01T00:12:33.752+0000] {logging_mixin.py:115} INFO - [2022-10-01T00:12:33.752+0000] {dag.py:2429} INFO - Sync 1 DAGs
[2022-10-01T00:12:33.768+0000] {logging_mixin.py:115} INFO - [2022-10-01T00:12:33.768+0000] {dag.py:2981} INFO - Setting next_dagrun for example_branch_dop_operator_v3 to 2022-10-01T00:11:00+00:00, run_after=2022-10-01T00:12:00+00:00
[2022-10-01T00:12:33.777+0000] {processor.py:161} INFO - Processing /home/airflow/.local/lib/python3.7/site-packages/airflow/example_dags/example_branch_python_dop_operator_3.py took 0.066 seconds
[2022-10-01T00:13:04.014+0000] {processor.py:153} INFO - Started process (PID=35528) to work on /home/airflow/.local/lib/python3.7/site-packages/airflow/example_dags/example_branch_python_dop_operator_3.py
[2022-10-01T00:13:04.016+0000] {processor.py:640} INFO - Processing file /home/airflow/.local/lib/python3.7/site-packages/airflow/example_dags/example_branch_python_dop_operator_3.py for tasks to queue
[2022-10-01T00:13:04.018+0000] {logging_mixin.py:115} INFO - [2022-10-01T00:13:04.018+0000] {dagbag.py:508} INFO - Filling up the DagBag from /home/airflow/.local/lib/python3.7/site-packages/airflow/example_dags/example_branch_python_dop_operator_3.py
[2022-10-01T00:13:04.027+0000] {processor.py:650} INFO - DAG(s) dict_keys(['example_branch_dop_operator_v3']) retrieved from /home/airflow/.local/lib/python3.7/site-packages/airflow/example_dags/example_branch_python_dop_operator_3.py
[2022-10-01T00:13:04.047+0000] {logging_mixin.py:115} INFO - [2022-10-01T00:13:04.047+0000] {dag.py:2429} INFO - Sync 1 DAGs
[2022-10-01T00:13:04.063+0000] {logging_mixin.py:115} INFO - [2022-10-01T00:13:04.063+0000] {dag.py:2981} INFO - Setting next_dagrun for example_branch_dop_operator_v3 to 2022-10-01T00:12:00+00:00, run_after=2022-10-01T00:13:00+00:00
[2022-10-01T00:13:04.072+0000] {processor.py:161} INFO - Processing /home/airflow/.local/lib/python3.7/site-packages/airflow/example_dags/example_branch_python_dop_operator_3.py took 0.060 seconds
[2022-10-01T00:13:35.959+0000] {processor.py:153} INFO - Started process (PID=35597) to work on /home/airflow/.local/lib/python3.7/site-packages/airflow/example_dags/example_branch_python_dop_operator_3.py
[2022-10-01T00:13:35.962+0000] {processor.py:640} INFO - Processing file /home/airflow/.local/lib/python3.7/site-packages/airflow/example_dags/example_branch_python_dop_operator_3.py for tasks to queue
[2022-10-01T00:13:35.963+0000] {logging_mixin.py:115} INFO - [2022-10-01T00:13:35.963+0000] {dagbag.py:508} INFO - Filling up the DagBag from /home/airflow/.local/lib/python3.7/site-packages/airflow/example_dags/example_branch_python_dop_operator_3.py
[2022-10-01T00:13:35.972+0000] {processor.py:650} INFO - DAG(s) dict_keys(['example_branch_dop_operator_v3']) retrieved from /home/airflow/.local/lib/python3.7/site-packages/airflow/example_dags/example_branch_python_dop_operator_3.py
[2022-10-01T00:13:36.015+0000] {logging_mixin.py:115} INFO - [2022-10-01T00:13:36.015+0000] {dag.py:2429} INFO - Sync 1 DAGs
[2022-10-01T00:13:36.042+0000] {logging_mixin.py:115} INFO - [2022-10-01T00:13:36.042+0000] {dag.py:2981} INFO - Setting next_dagrun for example_branch_dop_operator_v3 to 2022-10-01T00:12:00+00:00, run_after=2022-10-01T00:13:00+00:00
[2022-10-01T00:13:36.056+0000] {processor.py:161} INFO - Processing /home/airflow/.local/lib/python3.7/site-packages/airflow/example_dags/example_branch_python_dop_operator_3.py took 0.100 seconds
[2022-10-01T00:18:35.056+0000] {processor.py:153} INFO - Started process (PID=35645) to work on /home/airflow/.local/lib/python3.7/site-packages/airflow/example_dags/example_branch_python_dop_operator_3.py
[2022-10-01T00:18:35.063+0000] {processor.py:640} INFO - Processing file /home/airflow/.local/lib/python3.7/site-packages/airflow/example_dags/example_branch_python_dop_operator_3.py for tasks to queue
[2022-10-01T00:18:35.064+0000] {logging_mixin.py:115} INFO - [2022-10-01T00:18:35.064+0000] {dagbag.py:508} INFO - Filling up the DagBag from /home/airflow/.local/lib/python3.7/site-packages/airflow/example_dags/example_branch_python_dop_operator_3.py
[2022-10-01T00:18:35.081+0000] {processor.py:650} INFO - DAG(s) dict_keys(['example_branch_dop_operator_v3']) retrieved from /home/airflow/.local/lib/python3.7/site-packages/airflow/example_dags/example_branch_python_dop_operator_3.py
[2022-10-01T00:18:35.100+0000] {logging_mixin.py:115} INFO - [2022-10-01T00:18:35.100+0000] {dag.py:2429} INFO - Sync 1 DAGs
[2022-10-01T00:18:35.122+0000] {logging_mixin.py:115} INFO - [2022-10-01T00:18:35.122+0000] {dag.py:2981} INFO - Setting next_dagrun for example_branch_dop_operator_v3 to 2022-10-01T00:17:00+00:00, run_after=2022-10-01T00:18:00+00:00
[2022-10-01T00:18:35.137+0000] {processor.py:161} INFO - Processing /home/airflow/.local/lib/python3.7/site-packages/airflow/example_dags/example_branch_python_dop_operator_3.py took 0.084 seconds
[2022-10-01T00:19:05.968+0000] {processor.py:153} INFO - Started process (PID=35711) to work on /home/airflow/.local/lib/python3.7/site-packages/airflow/example_dags/example_branch_python_dop_operator_3.py
[2022-10-01T00:19:05.970+0000] {processor.py:640} INFO - Processing file /home/airflow/.local/lib/python3.7/site-packages/airflow/example_dags/example_branch_python_dop_operator_3.py for tasks to queue
[2022-10-01T00:19:05.971+0000] {logging_mixin.py:115} INFO - [2022-10-01T00:19:05.971+0000] {dagbag.py:508} INFO - Filling up the DagBag from /home/airflow/.local/lib/python3.7/site-packages/airflow/example_dags/example_branch_python_dop_operator_3.py
[2022-10-01T00:19:05.978+0000] {processor.py:650} INFO - DAG(s) dict_keys(['example_branch_dop_operator_v3']) retrieved from /home/airflow/.local/lib/python3.7/site-packages/airflow/example_dags/example_branch_python_dop_operator_3.py
[2022-10-01T00:19:05.996+0000] {logging_mixin.py:115} INFO - [2022-10-01T00:19:05.996+0000] {dag.py:2429} INFO - Sync 1 DAGs
[2022-10-01T00:19:06.012+0000] {logging_mixin.py:115} INFO - [2022-10-01T00:19:06.012+0000] {dag.py:2981} INFO - Setting next_dagrun for example_branch_dop_operator_v3 to 2022-10-01T00:18:00+00:00, run_after=2022-10-01T00:19:00+00:00
[2022-10-01T00:19:06.027+0000] {processor.py:161} INFO - Processing /home/airflow/.local/lib/python3.7/site-packages/airflow/example_dags/example_branch_python_dop_operator_3.py took 0.061 seconds
[2022-10-01T00:19:36.529+0000] {processor.py:153} INFO - Started process (PID=35769) to work on /home/airflow/.local/lib/python3.7/site-packages/airflow/example_dags/example_branch_python_dop_operator_3.py
[2022-10-01T00:19:36.531+0000] {processor.py:640} INFO - Processing file /home/airflow/.local/lib/python3.7/site-packages/airflow/example_dags/example_branch_python_dop_operator_3.py for tasks to queue
[2022-10-01T00:19:36.532+0000] {logging_mixin.py:115} INFO - [2022-10-01T00:19:36.532+0000] {dagbag.py:508} INFO - Filling up the DagBag from /home/airflow/.local/lib/python3.7/site-packages/airflow/example_dags/example_branch_python_dop_operator_3.py
[2022-10-01T00:19:36.539+0000] {processor.py:650} INFO - DAG(s) dict_keys(['example_branch_dop_operator_v3']) retrieved from /home/airflow/.local/lib/python3.7/site-packages/airflow/example_dags/example_branch_python_dop_operator_3.py
[2022-10-01T00:19:36.559+0000] {logging_mixin.py:115} INFO - [2022-10-01T00:19:36.558+0000] {dag.py:2429} INFO - Sync 1 DAGs
[2022-10-01T00:19:36.576+0000] {logging_mixin.py:115} INFO - [2022-10-01T00:19:36.576+0000] {dag.py:2981} INFO - Setting next_dagrun for example_branch_dop_operator_v3 to 2022-10-01T00:18:00+00:00, run_after=2022-10-01T00:19:00+00:00
[2022-10-01T00:19:36.584+0000] {processor.py:161} INFO - Processing /home/airflow/.local/lib/python3.7/site-packages/airflow/example_dags/example_branch_python_dop_operator_3.py took 0.057 seconds
[2022-10-01T00:20:06.970+0000] {processor.py:153} INFO - Started process (PID=35833) to work on /home/airflow/.local/lib/python3.7/site-packages/airflow/example_dags/example_branch_python_dop_operator_3.py
[2022-10-01T00:20:06.972+0000] {processor.py:640} INFO - Processing file /home/airflow/.local/lib/python3.7/site-packages/airflow/example_dags/example_branch_python_dop_operator_3.py for tasks to queue
[2022-10-01T00:20:06.973+0000] {logging_mixin.py:115} INFO - [2022-10-01T00:20:06.973+0000] {dagbag.py:508} INFO - Filling up the DagBag from /home/airflow/.local/lib/python3.7/site-packages/airflow/example_dags/example_branch_python_dop_operator_3.py
[2022-10-01T00:20:06.983+0000] {processor.py:650} INFO - DAG(s) dict_keys(['example_branch_dop_operator_v3']) retrieved from /home/airflow/.local/lib/python3.7/site-packages/airflow/example_dags/example_branch_python_dop_operator_3.py
[2022-10-01T00:20:07.006+0000] {logging_mixin.py:115} INFO - [2022-10-01T00:20:07.006+0000] {dag.py:2429} INFO - Sync 1 DAGs
[2022-10-01T00:20:07.022+0000] {logging_mixin.py:115} INFO - [2022-10-01T00:20:07.021+0000] {dag.py:2981} INFO - Setting next_dagrun for example_branch_dop_operator_v3 to 2022-10-01T00:19:00+00:00, run_after=2022-10-01T00:20:00+00:00
[2022-10-01T00:20:07.032+0000] {processor.py:161} INFO - Processing /home/airflow/.local/lib/python3.7/site-packages/airflow/example_dags/example_branch_python_dop_operator_3.py took 0.064 seconds
[2022-10-01T00:20:37.482+0000] {processor.py:153} INFO - Started process (PID=35901) to work on /home/airflow/.local/lib/python3.7/site-packages/airflow/example_dags/example_branch_python_dop_operator_3.py
[2022-10-01T00:20:37.490+0000] {processor.py:640} INFO - Processing file /home/airflow/.local/lib/python3.7/site-packages/airflow/example_dags/example_branch_python_dop_operator_3.py for tasks to queue
[2022-10-01T00:20:37.492+0000] {logging_mixin.py:115} INFO - [2022-10-01T00:20:37.492+0000] {dagbag.py:508} INFO - Filling up the DagBag from /home/airflow/.local/lib/python3.7/site-packages/airflow/example_dags/example_branch_python_dop_operator_3.py
[2022-10-01T00:20:37.502+0000] {processor.py:650} INFO - DAG(s) dict_keys(['example_branch_dop_operator_v3']) retrieved from /home/airflow/.local/lib/python3.7/site-packages/airflow/example_dags/example_branch_python_dop_operator_3.py
[2022-10-01T00:20:37.523+0000] {logging_mixin.py:115} INFO - [2022-10-01T00:20:37.522+0000] {dag.py:2429} INFO - Sync 1 DAGs
[2022-10-01T00:20:37.539+0000] {logging_mixin.py:115} INFO - [2022-10-01T00:20:37.539+0000] {dag.py:2981} INFO - Setting next_dagrun for example_branch_dop_operator_v3 to 2022-10-01T00:19:00+00:00, run_after=2022-10-01T00:20:00+00:00
[2022-10-01T00:20:37.547+0000] {processor.py:161} INFO - Processing /home/airflow/.local/lib/python3.7/site-packages/airflow/example_dags/example_branch_python_dop_operator_3.py took 0.068 seconds
[2022-10-01T00:21:08.149+0000] {processor.py:153} INFO - Started process (PID=35967) to work on /home/airflow/.local/lib/python3.7/site-packages/airflow/example_dags/example_branch_python_dop_operator_3.py
[2022-10-01T00:21:08.150+0000] {processor.py:640} INFO - Processing file /home/airflow/.local/lib/python3.7/site-packages/airflow/example_dags/example_branch_python_dop_operator_3.py for tasks to queue
[2022-10-01T00:21:08.151+0000] {logging_mixin.py:115} INFO - [2022-10-01T00:21:08.151+0000] {dagbag.py:508} INFO - Filling up the DagBag from /home/airflow/.local/lib/python3.7/site-packages/airflow/example_dags/example_branch_python_dop_operator_3.py
[2022-10-01T00:21:08.159+0000] {processor.py:650} INFO - DAG(s) dict_keys(['example_branch_dop_operator_v3']) retrieved from /home/airflow/.local/lib/python3.7/site-packages/airflow/example_dags/example_branch_python_dop_operator_3.py
[2022-10-01T00:21:08.179+0000] {logging_mixin.py:115} INFO - [2022-10-01T00:21:08.179+0000] {dag.py:2429} INFO - Sync 1 DAGs
[2022-10-01T00:21:08.197+0000] {logging_mixin.py:115} INFO - [2022-10-01T00:21:08.197+0000] {dag.py:2981} INFO - Setting next_dagrun for example_branch_dop_operator_v3 to 2022-10-01T00:20:00+00:00, run_after=2022-10-01T00:21:00+00:00
[2022-10-01T00:21:08.205+0000] {processor.py:161} INFO - Processing /home/airflow/.local/lib/python3.7/site-packages/airflow/example_dags/example_branch_python_dop_operator_3.py took 0.059 seconds
[2022-10-01T00:21:38.588+0000] {processor.py:153} INFO - Started process (PID=36023) to work on /home/airflow/.local/lib/python3.7/site-packages/airflow/example_dags/example_branch_python_dop_operator_3.py
[2022-10-01T00:21:38.590+0000] {processor.py:640} INFO - Processing file /home/airflow/.local/lib/python3.7/site-packages/airflow/example_dags/example_branch_python_dop_operator_3.py for tasks to queue
[2022-10-01T00:21:38.591+0000] {logging_mixin.py:115} INFO - [2022-10-01T00:21:38.591+0000] {dagbag.py:508} INFO - Filling up the DagBag from /home/airflow/.local/lib/python3.7/site-packages/airflow/example_dags/example_branch_python_dop_operator_3.py
[2022-10-01T00:21:38.600+0000] {processor.py:650} INFO - DAG(s) dict_keys(['example_branch_dop_operator_v3']) retrieved from /home/airflow/.local/lib/python3.7/site-packages/airflow/example_dags/example_branch_python_dop_operator_3.py
[2022-10-01T00:21:38.620+0000] {logging_mixin.py:115} INFO - [2022-10-01T00:21:38.620+0000] {dag.py:2429} INFO - Sync 1 DAGs
[2022-10-01T00:21:38.639+0000] {logging_mixin.py:115} INFO - [2022-10-01T00:21:38.639+0000] {dag.py:2981} INFO - Setting next_dagrun for example_branch_dop_operator_v3 to 2022-10-01T00:20:00+00:00, run_after=2022-10-01T00:21:00+00:00
[2022-10-01T00:21:38.648+0000] {processor.py:161} INFO - Processing /home/airflow/.local/lib/python3.7/site-packages/airflow/example_dags/example_branch_python_dop_operator_3.py took 0.063 seconds
[2022-10-01T00:22:08.941+0000] {processor.py:153} INFO - Started process (PID=36089) to work on /home/airflow/.local/lib/python3.7/site-packages/airflow/example_dags/example_branch_python_dop_operator_3.py
[2022-10-01T00:22:08.943+0000] {processor.py:640} INFO - Processing file /home/airflow/.local/lib/python3.7/site-packages/airflow/example_dags/example_branch_python_dop_operator_3.py for tasks to queue
[2022-10-01T00:22:08.944+0000] {logging_mixin.py:115} INFO - [2022-10-01T00:22:08.944+0000] {dagbag.py:508} INFO - Filling up the DagBag from /home/airflow/.local/lib/python3.7/site-packages/airflow/example_dags/example_branch_python_dop_operator_3.py
[2022-10-01T00:22:08.951+0000] {processor.py:650} INFO - DAG(s) dict_keys(['example_branch_dop_operator_v3']) retrieved from /home/airflow/.local/lib/python3.7/site-packages/airflow/example_dags/example_branch_python_dop_operator_3.py
[2022-10-01T00:22:08.970+0000] {logging_mixin.py:115} INFO - [2022-10-01T00:22:08.970+0000] {dag.py:2429} INFO - Sync 1 DAGs
[2022-10-01T00:22:08.986+0000] {logging_mixin.py:115} INFO - [2022-10-01T00:22:08.986+0000] {dag.py:2981} INFO - Setting next_dagrun for example_branch_dop_operator_v3 to 2022-10-01T00:21:00+00:00, run_after=2022-10-01T00:22:00+00:00
[2022-10-01T00:22:08.994+0000] {processor.py:161} INFO - Processing /home/airflow/.local/lib/python3.7/site-packages/airflow/example_dags/example_branch_python_dop_operator_3.py took 0.056 seconds
[2022-10-01T00:22:39.303+0000] {processor.py:153} INFO - Started process (PID=36155) to work on /home/airflow/.local/lib/python3.7/site-packages/airflow/example_dags/example_branch_python_dop_operator_3.py
[2022-10-01T00:22:39.305+0000] {processor.py:640} INFO - Processing file /home/airflow/.local/lib/python3.7/site-packages/airflow/example_dags/example_branch_python_dop_operator_3.py for tasks to queue
[2022-10-01T00:22:39.307+0000] {logging_mixin.py:115} INFO - [2022-10-01T00:22:39.307+0000] {dagbag.py:508} INFO - Filling up the DagBag from /home/airflow/.local/lib/python3.7/site-packages/airflow/example_dags/example_branch_python_dop_operator_3.py
[2022-10-01T00:22:39.315+0000] {processor.py:650} INFO - DAG(s) dict_keys(['example_branch_dop_operator_v3']) retrieved from /home/airflow/.local/lib/python3.7/site-packages/airflow/example_dags/example_branch_python_dop_operator_3.py
[2022-10-01T00:22:39.332+0000] {logging_mixin.py:115} INFO - [2022-10-01T00:22:39.332+0000] {dag.py:2429} INFO - Sync 1 DAGs
[2022-10-01T00:22:39.349+0000] {logging_mixin.py:115} INFO - [2022-10-01T00:22:39.349+0000] {dag.py:2981} INFO - Setting next_dagrun for example_branch_dop_operator_v3 to 2022-10-01T00:21:00+00:00, run_after=2022-10-01T00:22:00+00:00
[2022-10-01T00:22:39.356+0000] {processor.py:161} INFO - Processing /home/airflow/.local/lib/python3.7/site-packages/airflow/example_dags/example_branch_python_dop_operator_3.py took 0.055 seconds
[2022-10-01T00:23:09.673+0000] {processor.py:153} INFO - Started process (PID=36220) to work on /home/airflow/.local/lib/python3.7/site-packages/airflow/example_dags/example_branch_python_dop_operator_3.py
[2022-10-01T00:23:09.677+0000] {processor.py:640} INFO - Processing file /home/airflow/.local/lib/python3.7/site-packages/airflow/example_dags/example_branch_python_dop_operator_3.py for tasks to queue
[2022-10-01T00:23:09.678+0000] {logging_mixin.py:115} INFO - [2022-10-01T00:23:09.678+0000] {dagbag.py:508} INFO - Filling up the DagBag from /home/airflow/.local/lib/python3.7/site-packages/airflow/example_dags/example_branch_python_dop_operator_3.py
[2022-10-01T00:23:09.686+0000] {processor.py:650} INFO - DAG(s) dict_keys(['example_branch_dop_operator_v3']) retrieved from /home/airflow/.local/lib/python3.7/site-packages/airflow/example_dags/example_branch_python_dop_operator_3.py
[2022-10-01T00:23:09.706+0000] {logging_mixin.py:115} INFO - [2022-10-01T00:23:09.706+0000] {dag.py:2429} INFO - Sync 1 DAGs
[2022-10-01T00:23:09.725+0000] {logging_mixin.py:115} INFO - [2022-10-01T00:23:09.725+0000] {dag.py:2981} INFO - Setting next_dagrun for example_branch_dop_operator_v3 to 2022-10-01T00:22:00+00:00, run_after=2022-10-01T00:23:00+00:00
[2022-10-01T00:23:09.738+0000] {processor.py:161} INFO - Processing /home/airflow/.local/lib/python3.7/site-packages/airflow/example_dags/example_branch_python_dop_operator_3.py took 0.068 seconds
[2022-10-01T00:23:40.208+0000] {processor.py:153} INFO - Started process (PID=36279) to work on /home/airflow/.local/lib/python3.7/site-packages/airflow/example_dags/example_branch_python_dop_operator_3.py
[2022-10-01T00:23:40.209+0000] {processor.py:640} INFO - Processing file /home/airflow/.local/lib/python3.7/site-packages/airflow/example_dags/example_branch_python_dop_operator_3.py for tasks to queue
[2022-10-01T00:23:40.210+0000] {logging_mixin.py:115} INFO - [2022-10-01T00:23:40.210+0000] {dagbag.py:508} INFO - Filling up the DagBag from /home/airflow/.local/lib/python3.7/site-packages/airflow/example_dags/example_branch_python_dop_operator_3.py
[2022-10-01T00:23:40.216+0000] {processor.py:650} INFO - DAG(s) dict_keys(['example_branch_dop_operator_v3']) retrieved from /home/airflow/.local/lib/python3.7/site-packages/airflow/example_dags/example_branch_python_dop_operator_3.py
[2022-10-01T00:23:40.239+0000] {logging_mixin.py:115} INFO - [2022-10-01T00:23:40.239+0000] {dag.py:2429} INFO - Sync 1 DAGs
[2022-10-01T00:23:40.254+0000] {logging_mixin.py:115} INFO - [2022-10-01T00:23:40.254+0000] {dag.py:2981} INFO - Setting next_dagrun for example_branch_dop_operator_v3 to 2022-10-01T00:22:00+00:00, run_after=2022-10-01T00:23:00+00:00
[2022-10-01T00:23:40.262+0000] {processor.py:161} INFO - Processing /home/airflow/.local/lib/python3.7/site-packages/airflow/example_dags/example_branch_python_dop_operator_3.py took 0.056 seconds
[2022-10-01T00:24:10.476+0000] {processor.py:153} INFO - Started process (PID=36347) to work on /home/airflow/.local/lib/python3.7/site-packages/airflow/example_dags/example_branch_python_dop_operator_3.py
[2022-10-01T00:24:10.478+0000] {processor.py:640} INFO - Processing file /home/airflow/.local/lib/python3.7/site-packages/airflow/example_dags/example_branch_python_dop_operator_3.py for tasks to queue
[2022-10-01T00:24:10.480+0000] {logging_mixin.py:115} INFO - [2022-10-01T00:24:10.480+0000] {dagbag.py:508} INFO - Filling up the DagBag from /home/airflow/.local/lib/python3.7/site-packages/airflow/example_dags/example_branch_python_dop_operator_3.py
[2022-10-01T00:24:10.489+0000] {processor.py:650} INFO - DAG(s) dict_keys(['example_branch_dop_operator_v3']) retrieved from /home/airflow/.local/lib/python3.7/site-packages/airflow/example_dags/example_branch_python_dop_operator_3.py
[2022-10-01T00:24:10.507+0000] {logging_mixin.py:115} INFO - [2022-10-01T00:24:10.507+0000] {dag.py:2429} INFO - Sync 1 DAGs
[2022-10-01T00:24:10.523+0000] {logging_mixin.py:115} INFO - [2022-10-01T00:24:10.523+0000] {dag.py:2981} INFO - Setting next_dagrun for example_branch_dop_operator_v3 to 2022-10-01T00:23:00+00:00, run_after=2022-10-01T00:24:00+00:00
[2022-10-01T00:24:10.531+0000] {processor.py:161} INFO - Processing /home/airflow/.local/lib/python3.7/site-packages/airflow/example_dags/example_branch_python_dop_operator_3.py took 0.058 seconds
[2022-10-01T00:24:41.430+0000] {processor.py:153} INFO - Started process (PID=36413) to work on /home/airflow/.local/lib/python3.7/site-packages/airflow/example_dags/example_branch_python_dop_operator_3.py
[2022-10-01T00:24:41.432+0000] {processor.py:640} INFO - Processing file /home/airflow/.local/lib/python3.7/site-packages/airflow/example_dags/example_branch_python_dop_operator_3.py for tasks to queue
[2022-10-01T00:24:41.433+0000] {logging_mixin.py:115} INFO - [2022-10-01T00:24:41.433+0000] {dagbag.py:508} INFO - Filling up the DagBag from /home/airflow/.local/lib/python3.7/site-packages/airflow/example_dags/example_branch_python_dop_operator_3.py
[2022-10-01T00:24:41.440+0000] {processor.py:650} INFO - DAG(s) dict_keys(['example_branch_dop_operator_v3']) retrieved from /home/airflow/.local/lib/python3.7/site-packages/airflow/example_dags/example_branch_python_dop_operator_3.py
[2022-10-01T00:24:41.462+0000] {logging_mixin.py:115} INFO - [2022-10-01T00:24:41.462+0000] {dag.py:2429} INFO - Sync 1 DAGs
[2022-10-01T00:24:41.480+0000] {logging_mixin.py:115} INFO - [2022-10-01T00:24:41.480+0000] {dag.py:2981} INFO - Setting next_dagrun for example_branch_dop_operator_v3 to 2022-10-01T00:23:00+00:00, run_after=2022-10-01T00:24:00+00:00
[2022-10-01T00:24:41.487+0000] {processor.py:161} INFO - Processing /home/airflow/.local/lib/python3.7/site-packages/airflow/example_dags/example_branch_python_dop_operator_3.py took 0.060 seconds
[2022-10-01T00:25:11.658+0000] {processor.py:153} INFO - Started process (PID=36470) to work on /home/airflow/.local/lib/python3.7/site-packages/airflow/example_dags/example_branch_python_dop_operator_3.py
[2022-10-01T00:25:11.660+0000] {processor.py:640} INFO - Processing file /home/airflow/.local/lib/python3.7/site-packages/airflow/example_dags/example_branch_python_dop_operator_3.py for tasks to queue
[2022-10-01T00:25:11.661+0000] {logging_mixin.py:115} INFO - [2022-10-01T00:25:11.661+0000] {dagbag.py:508} INFO - Filling up the DagBag from /home/airflow/.local/lib/python3.7/site-packages/airflow/example_dags/example_branch_python_dop_operator_3.py
[2022-10-01T00:25:11.667+0000] {processor.py:650} INFO - DAG(s) dict_keys(['example_branch_dop_operator_v3']) retrieved from /home/airflow/.local/lib/python3.7/site-packages/airflow/example_dags/example_branch_python_dop_operator_3.py
[2022-10-01T00:25:11.689+0000] {logging_mixin.py:115} INFO - [2022-10-01T00:25:11.689+0000] {dag.py:2429} INFO - Sync 1 DAGs
[2022-10-01T00:25:11.719+0000] {logging_mixin.py:115} INFO - [2022-10-01T00:25:11.719+0000] {dag.py:2981} INFO - Setting next_dagrun for example_branch_dop_operator_v3 to 2022-10-01T00:24:00+00:00, run_after=2022-10-01T00:25:00+00:00
[2022-10-01T00:25:11.728+0000] {processor.py:161} INFO - Processing /home/airflow/.local/lib/python3.7/site-packages/airflow/example_dags/example_branch_python_dop_operator_3.py took 0.073 seconds
[2022-10-01T00:25:42.069+0000] {processor.py:153} INFO - Started process (PID=36536) to work on /home/airflow/.local/lib/python3.7/site-packages/airflow/example_dags/example_branch_python_dop_operator_3.py
[2022-10-01T00:25:42.071+0000] {processor.py:640} INFO - Processing file /home/airflow/.local/lib/python3.7/site-packages/airflow/example_dags/example_branch_python_dop_operator_3.py for tasks to queue
[2022-10-01T00:25:42.073+0000] {logging_mixin.py:115} INFO - [2022-10-01T00:25:42.073+0000] {dagbag.py:508} INFO - Filling up the DagBag from /home/airflow/.local/lib/python3.7/site-packages/airflow/example_dags/example_branch_python_dop_operator_3.py
[2022-10-01T00:25:42.080+0000] {processor.py:650} INFO - DAG(s) dict_keys(['example_branch_dop_operator_v3']) retrieved from /home/airflow/.local/lib/python3.7/site-packages/airflow/example_dags/example_branch_python_dop_operator_3.py
[2022-10-01T00:25:42.098+0000] {logging_mixin.py:115} INFO - [2022-10-01T00:25:42.098+0000] {dag.py:2429} INFO - Sync 1 DAGs
[2022-10-01T00:25:42.114+0000] {logging_mixin.py:115} INFO - [2022-10-01T00:25:42.114+0000] {dag.py:2981} INFO - Setting next_dagrun for example_branch_dop_operator_v3 to 2022-10-01T00:24:00+00:00, run_after=2022-10-01T00:25:00+00:00
[2022-10-01T00:25:42.122+0000] {processor.py:161} INFO - Processing /home/airflow/.local/lib/python3.7/site-packages/airflow/example_dags/example_branch_python_dop_operator_3.py took 0.055 seconds
[2022-10-01T00:26:12.555+0000] {processor.py:153} INFO - Started process (PID=36602) to work on /home/airflow/.local/lib/python3.7/site-packages/airflow/example_dags/example_branch_python_dop_operator_3.py
[2022-10-01T00:26:12.557+0000] {processor.py:640} INFO - Processing file /home/airflow/.local/lib/python3.7/site-packages/airflow/example_dags/example_branch_python_dop_operator_3.py for tasks to queue
[2022-10-01T00:26:12.558+0000] {logging_mixin.py:115} INFO - [2022-10-01T00:26:12.558+0000] {dagbag.py:508} INFO - Filling up the DagBag from /home/airflow/.local/lib/python3.7/site-packages/airflow/example_dags/example_branch_python_dop_operator_3.py
[2022-10-01T00:26:12.565+0000] {processor.py:650} INFO - DAG(s) dict_keys(['example_branch_dop_operator_v3']) retrieved from /home/airflow/.local/lib/python3.7/site-packages/airflow/example_dags/example_branch_python_dop_operator_3.py
[2022-10-01T00:26:12.585+0000] {logging_mixin.py:115} INFO - [2022-10-01T00:26:12.584+0000] {dag.py:2429} INFO - Sync 1 DAGs
[2022-10-01T00:26:12.603+0000] {logging_mixin.py:115} INFO - [2022-10-01T00:26:12.603+0000] {dag.py:2981} INFO - Setting next_dagrun for example_branch_dop_operator_v3 to 2022-10-01T00:25:00+00:00, run_after=2022-10-01T00:26:00+00:00
[2022-10-01T00:26:12.611+0000] {processor.py:161} INFO - Processing /home/airflow/.local/lib/python3.7/site-packages/airflow/example_dags/example_branch_python_dop_operator_3.py took 0.059 seconds
[2022-10-01T00:26:42.767+0000] {processor.py:153} INFO - Started process (PID=36659) to work on /home/airflow/.local/lib/python3.7/site-packages/airflow/example_dags/example_branch_python_dop_operator_3.py
[2022-10-01T00:26:42.769+0000] {processor.py:640} INFO - Processing file /home/airflow/.local/lib/python3.7/site-packages/airflow/example_dags/example_branch_python_dop_operator_3.py for tasks to queue
[2022-10-01T00:26:42.770+0000] {logging_mixin.py:115} INFO - [2022-10-01T00:26:42.770+0000] {dagbag.py:508} INFO - Filling up the DagBag from /home/airflow/.local/lib/python3.7/site-packages/airflow/example_dags/example_branch_python_dop_operator_3.py
[2022-10-01T00:26:42.778+0000] {processor.py:650} INFO - DAG(s) dict_keys(['example_branch_dop_operator_v3']) retrieved from /home/airflow/.local/lib/python3.7/site-packages/airflow/example_dags/example_branch_python_dop_operator_3.py
[2022-10-01T00:26:42.806+0000] {logging_mixin.py:115} INFO - [2022-10-01T00:26:42.806+0000] {dag.py:2429} INFO - Sync 1 DAGs
[2022-10-01T00:26:42.827+0000] {logging_mixin.py:115} INFO - [2022-10-01T00:26:42.827+0000] {dag.py:2981} INFO - Setting next_dagrun for example_branch_dop_operator_v3 to 2022-10-01T00:25:00+00:00, run_after=2022-10-01T00:26:00+00:00
[2022-10-01T00:26:42.837+0000] {processor.py:161} INFO - Processing /home/airflow/.local/lib/python3.7/site-packages/airflow/example_dags/example_branch_python_dop_operator_3.py took 0.072 seconds
[2022-10-01T00:27:13.187+0000] {processor.py:153} INFO - Started process (PID=36724) to work on /home/airflow/.local/lib/python3.7/site-packages/airflow/example_dags/example_branch_python_dop_operator_3.py
[2022-10-01T00:27:13.189+0000] {processor.py:640} INFO - Processing file /home/airflow/.local/lib/python3.7/site-packages/airflow/example_dags/example_branch_python_dop_operator_3.py for tasks to queue
[2022-10-01T00:27:13.191+0000] {logging_mixin.py:115} INFO - [2022-10-01T00:27:13.191+0000] {dagbag.py:508} INFO - Filling up the DagBag from /home/airflow/.local/lib/python3.7/site-packages/airflow/example_dags/example_branch_python_dop_operator_3.py
[2022-10-01T00:27:13.197+0000] {processor.py:650} INFO - DAG(s) dict_keys(['example_branch_dop_operator_v3']) retrieved from /home/airflow/.local/lib/python3.7/site-packages/airflow/example_dags/example_branch_python_dop_operator_3.py
[2022-10-01T00:27:13.218+0000] {logging_mixin.py:115} INFO - [2022-10-01T00:27:13.218+0000] {dag.py:2429} INFO - Sync 1 DAGs
[2022-10-01T00:27:13.236+0000] {logging_mixin.py:115} INFO - [2022-10-01T00:27:13.236+0000] {dag.py:2981} INFO - Setting next_dagrun for example_branch_dop_operator_v3 to 2022-10-01T00:26:00+00:00, run_after=2022-10-01T00:27:00+00:00
[2022-10-01T00:27:13.243+0000] {processor.py:161} INFO - Processing /home/airflow/.local/lib/python3.7/site-packages/airflow/example_dags/example_branch_python_dop_operator_3.py took 0.059 seconds
[2022-10-01T00:27:44.034+0000] {processor.py:153} INFO - Started process (PID=36790) to work on /home/airflow/.local/lib/python3.7/site-packages/airflow/example_dags/example_branch_python_dop_operator_3.py
[2022-10-01T00:27:44.035+0000] {processor.py:640} INFO - Processing file /home/airflow/.local/lib/python3.7/site-packages/airflow/example_dags/example_branch_python_dop_operator_3.py for tasks to queue
[2022-10-01T00:27:44.037+0000] {logging_mixin.py:115} INFO - [2022-10-01T00:27:44.037+0000] {dagbag.py:508} INFO - Filling up the DagBag from /home/airflow/.local/lib/python3.7/site-packages/airflow/example_dags/example_branch_python_dop_operator_3.py
[2022-10-01T00:27:44.045+0000] {processor.py:650} INFO - DAG(s) dict_keys(['example_branch_dop_operator_v3']) retrieved from /home/airflow/.local/lib/python3.7/site-packages/airflow/example_dags/example_branch_python_dop_operator_3.py
[2022-10-01T00:27:44.076+0000] {logging_mixin.py:115} INFO - [2022-10-01T00:27:44.076+0000] {dag.py:2429} INFO - Sync 1 DAGs
[2022-10-01T00:27:44.094+0000] {logging_mixin.py:115} INFO - [2022-10-01T00:27:44.094+0000] {dag.py:2981} INFO - Setting next_dagrun for example_branch_dop_operator_v3 to 2022-10-01T00:26:00+00:00, run_after=2022-10-01T00:27:00+00:00
[2022-10-01T00:27:44.103+0000] {processor.py:161} INFO - Processing /home/airflow/.local/lib/python3.7/site-packages/airflow/example_dags/example_branch_python_dop_operator_3.py took 0.072 seconds
[2022-10-01T00:28:14.521+0000] {processor.py:153} INFO - Started process (PID=36847) to work on /home/airflow/.local/lib/python3.7/site-packages/airflow/example_dags/example_branch_python_dop_operator_3.py
[2022-10-01T00:28:14.523+0000] {processor.py:640} INFO - Processing file /home/airflow/.local/lib/python3.7/site-packages/airflow/example_dags/example_branch_python_dop_operator_3.py for tasks to queue
[2022-10-01T00:28:14.524+0000] {logging_mixin.py:115} INFO - [2022-10-01T00:28:14.524+0000] {dagbag.py:508} INFO - Filling up the DagBag from /home/airflow/.local/lib/python3.7/site-packages/airflow/example_dags/example_branch_python_dop_operator_3.py
[2022-10-01T00:28:14.530+0000] {processor.py:650} INFO - DAG(s) dict_keys(['example_branch_dop_operator_v3']) retrieved from /home/airflow/.local/lib/python3.7/site-packages/airflow/example_dags/example_branch_python_dop_operator_3.py
[2022-10-01T00:28:14.549+0000] {logging_mixin.py:115} INFO - [2022-10-01T00:28:14.549+0000] {dag.py:2429} INFO - Sync 1 DAGs
[2022-10-01T00:28:14.567+0000] {logging_mixin.py:115} INFO - [2022-10-01T00:28:14.567+0000] {dag.py:2981} INFO - Setting next_dagrun for example_branch_dop_operator_v3 to 2022-10-01T00:27:00+00:00, run_after=2022-10-01T00:28:00+00:00
[2022-10-01T00:28:14.574+0000] {processor.py:161} INFO - Processing /home/airflow/.local/lib/python3.7/site-packages/airflow/example_dags/example_branch_python_dop_operator_3.py took 0.056 seconds
[2022-10-01T00:28:45.193+0000] {processor.py:153} INFO - Started process (PID=36913) to work on /home/airflow/.local/lib/python3.7/site-packages/airflow/example_dags/example_branch_python_dop_operator_3.py
[2022-10-01T00:28:45.195+0000] {processor.py:640} INFO - Processing file /home/airflow/.local/lib/python3.7/site-packages/airflow/example_dags/example_branch_python_dop_operator_3.py for tasks to queue
[2022-10-01T00:28:45.196+0000] {logging_mixin.py:115} INFO - [2022-10-01T00:28:45.196+0000] {dagbag.py:508} INFO - Filling up the DagBag from /home/airflow/.local/lib/python3.7/site-packages/airflow/example_dags/example_branch_python_dop_operator_3.py
[2022-10-01T00:28:45.204+0000] {processor.py:650} INFO - DAG(s) dict_keys(['example_branch_dop_operator_v3']) retrieved from /home/airflow/.local/lib/python3.7/site-packages/airflow/example_dags/example_branch_python_dop_operator_3.py
[2022-10-01T00:28:45.222+0000] {logging_mixin.py:115} INFO - [2022-10-01T00:28:45.222+0000] {dag.py:2429} INFO - Sync 1 DAGs
[2022-10-01T00:28:45.239+0000] {logging_mixin.py:115} INFO - [2022-10-01T00:28:45.238+0000] {dag.py:2981} INFO - Setting next_dagrun for example_branch_dop_operator_v3 to 2022-10-01T00:27:00+00:00, run_after=2022-10-01T00:28:00+00:00
[2022-10-01T00:28:45.246+0000] {processor.py:161} INFO - Processing /home/airflow/.local/lib/python3.7/site-packages/airflow/example_dags/example_branch_python_dop_operator_3.py took 0.055 seconds
[2022-10-01T00:29:15.764+0000] {processor.py:153} INFO - Started process (PID=36979) to work on /home/airflow/.local/lib/python3.7/site-packages/airflow/example_dags/example_branch_python_dop_operator_3.py
[2022-10-01T00:29:15.766+0000] {processor.py:640} INFO - Processing file /home/airflow/.local/lib/python3.7/site-packages/airflow/example_dags/example_branch_python_dop_operator_3.py for tasks to queue
[2022-10-01T00:29:15.767+0000] {logging_mixin.py:115} INFO - [2022-10-01T00:29:15.767+0000] {dagbag.py:508} INFO - Filling up the DagBag from /home/airflow/.local/lib/python3.7/site-packages/airflow/example_dags/example_branch_python_dop_operator_3.py
[2022-10-01T00:29:15.774+0000] {processor.py:650} INFO - DAG(s) dict_keys(['example_branch_dop_operator_v3']) retrieved from /home/airflow/.local/lib/python3.7/site-packages/airflow/example_dags/example_branch_python_dop_operator_3.py
[2022-10-01T00:29:15.793+0000] {logging_mixin.py:115} INFO - [2022-10-01T00:29:15.793+0000] {dag.py:2429} INFO - Sync 1 DAGs
[2022-10-01T00:29:15.811+0000] {logging_mixin.py:115} INFO - [2022-10-01T00:29:15.811+0000] {dag.py:2981} INFO - Setting next_dagrun for example_branch_dop_operator_v3 to 2022-10-01T00:28:00+00:00, run_after=2022-10-01T00:29:00+00:00
[2022-10-01T00:29:15.819+0000] {processor.py:161} INFO - Processing /home/airflow/.local/lib/python3.7/site-packages/airflow/example_dags/example_branch_python_dop_operator_3.py took 0.057 seconds
[2022-10-01T00:29:46.528+0000] {processor.py:153} INFO - Started process (PID=37044) to work on /home/airflow/.local/lib/python3.7/site-packages/airflow/example_dags/example_branch_python_dop_operator_3.py
[2022-10-01T00:29:46.530+0000] {processor.py:640} INFO - Processing file /home/airflow/.local/lib/python3.7/site-packages/airflow/example_dags/example_branch_python_dop_operator_3.py for tasks to queue
[2022-10-01T00:29:46.531+0000] {logging_mixin.py:115} INFO - [2022-10-01T00:29:46.531+0000] {dagbag.py:508} INFO - Filling up the DagBag from /home/airflow/.local/lib/python3.7/site-packages/airflow/example_dags/example_branch_python_dop_operator_3.py
[2022-10-01T00:29:46.541+0000] {processor.py:650} INFO - DAG(s) dict_keys(['example_branch_dop_operator_v3']) retrieved from /home/airflow/.local/lib/python3.7/site-packages/airflow/example_dags/example_branch_python_dop_operator_3.py
[2022-10-01T00:29:46.564+0000] {logging_mixin.py:115} INFO - [2022-10-01T00:29:46.564+0000] {dag.py:2429} INFO - Sync 1 DAGs
[2022-10-01T00:29:46.580+0000] {logging_mixin.py:115} INFO - [2022-10-01T00:29:46.580+0000] {dag.py:2981} INFO - Setting next_dagrun for example_branch_dop_operator_v3 to 2022-10-01T00:28:00+00:00, run_after=2022-10-01T00:29:00+00:00
[2022-10-01T00:29:46.589+0000] {processor.py:161} INFO - Processing /home/airflow/.local/lib/python3.7/site-packages/airflow/example_dags/example_branch_python_dop_operator_3.py took 0.063 seconds
[2022-10-01T00:30:17.002+0000] {processor.py:153} INFO - Started process (PID=37101) to work on /home/airflow/.local/lib/python3.7/site-packages/airflow/example_dags/example_branch_python_dop_operator_3.py
[2022-10-01T00:30:17.004+0000] {processor.py:640} INFO - Processing file /home/airflow/.local/lib/python3.7/site-packages/airflow/example_dags/example_branch_python_dop_operator_3.py for tasks to queue
[2022-10-01T00:30:17.005+0000] {logging_mixin.py:115} INFO - [2022-10-01T00:30:17.005+0000] {dagbag.py:508} INFO - Filling up the DagBag from /home/airflow/.local/lib/python3.7/site-packages/airflow/example_dags/example_branch_python_dop_operator_3.py
[2022-10-01T00:30:17.011+0000] {processor.py:650} INFO - DAG(s) dict_keys(['example_branch_dop_operator_v3']) retrieved from /home/airflow/.local/lib/python3.7/site-packages/airflow/example_dags/example_branch_python_dop_operator_3.py
[2022-10-01T00:30:17.028+0000] {logging_mixin.py:115} INFO - [2022-10-01T00:30:17.028+0000] {dag.py:2429} INFO - Sync 1 DAGs
[2022-10-01T00:30:17.043+0000] {logging_mixin.py:115} INFO - [2022-10-01T00:30:17.043+0000] {dag.py:2981} INFO - Setting next_dagrun for example_branch_dop_operator_v3 to 2022-10-01T00:29:00+00:00, run_after=2022-10-01T00:30:00+00:00
[2022-10-01T00:30:17.053+0000] {processor.py:161} INFO - Processing /home/airflow/.local/lib/python3.7/site-packages/airflow/example_dags/example_branch_python_dop_operator_3.py took 0.053 seconds
[2022-10-01T00:30:47.346+0000] {processor.py:153} INFO - Started process (PID=37167) to work on /home/airflow/.local/lib/python3.7/site-packages/airflow/example_dags/example_branch_python_dop_operator_3.py
[2022-10-01T00:30:47.348+0000] {processor.py:640} INFO - Processing file /home/airflow/.local/lib/python3.7/site-packages/airflow/example_dags/example_branch_python_dop_operator_3.py for tasks to queue
[2022-10-01T00:30:47.349+0000] {logging_mixin.py:115} INFO - [2022-10-01T00:30:47.349+0000] {dagbag.py:508} INFO - Filling up the DagBag from /home/airflow/.local/lib/python3.7/site-packages/airflow/example_dags/example_branch_python_dop_operator_3.py
[2022-10-01T00:30:47.357+0000] {processor.py:650} INFO - DAG(s) dict_keys(['example_branch_dop_operator_v3']) retrieved from /home/airflow/.local/lib/python3.7/site-packages/airflow/example_dags/example_branch_python_dop_operator_3.py
[2022-10-01T00:30:47.376+0000] {logging_mixin.py:115} INFO - [2022-10-01T00:30:47.376+0000] {dag.py:2429} INFO - Sync 1 DAGs
[2022-10-01T00:30:47.393+0000] {logging_mixin.py:115} INFO - [2022-10-01T00:30:47.393+0000] {dag.py:2981} INFO - Setting next_dagrun for example_branch_dop_operator_v3 to 2022-10-01T00:29:00+00:00, run_after=2022-10-01T00:30:00+00:00
[2022-10-01T00:30:47.400+0000] {processor.py:161} INFO - Processing /home/airflow/.local/lib/python3.7/site-packages/airflow/example_dags/example_branch_python_dop_operator_3.py took 0.056 seconds
[2022-10-01T00:31:17.864+0000] {processor.py:153} INFO - Started process (PID=37233) to work on /home/airflow/.local/lib/python3.7/site-packages/airflow/example_dags/example_branch_python_dop_operator_3.py
[2022-10-01T00:31:17.878+0000] {processor.py:640} INFO - Processing file /home/airflow/.local/lib/python3.7/site-packages/airflow/example_dags/example_branch_python_dop_operator_3.py for tasks to queue
[2022-10-01T00:31:17.880+0000] {logging_mixin.py:115} INFO - [2022-10-01T00:31:17.880+0000] {dagbag.py:508} INFO - Filling up the DagBag from /home/airflow/.local/lib/python3.7/site-packages/airflow/example_dags/example_branch_python_dop_operator_3.py
[2022-10-01T00:31:17.889+0000] {processor.py:650} INFO - DAG(s) dict_keys(['example_branch_dop_operator_v3']) retrieved from /home/airflow/.local/lib/python3.7/site-packages/airflow/example_dags/example_branch_python_dop_operator_3.py
[2022-10-01T00:31:17.912+0000] {logging_mixin.py:115} INFO - [2022-10-01T00:31:17.912+0000] {dag.py:2429} INFO - Sync 1 DAGs
[2022-10-01T00:31:17.934+0000] {logging_mixin.py:115} INFO - [2022-10-01T00:31:17.934+0000] {dag.py:2981} INFO - Setting next_dagrun for example_branch_dop_operator_v3 to 2022-10-01T00:30:00+00:00, run_after=2022-10-01T00:31:00+00:00
[2022-10-01T00:31:17.944+0000] {processor.py:161} INFO - Processing /home/airflow/.local/lib/python3.7/site-packages/airflow/example_dags/example_branch_python_dop_operator_3.py took 0.082 seconds
[2022-10-01T00:31:48.485+0000] {processor.py:153} INFO - Started process (PID=37290) to work on /home/airflow/.local/lib/python3.7/site-packages/airflow/example_dags/example_branch_python_dop_operator_3.py
[2022-10-01T00:31:48.486+0000] {processor.py:640} INFO - Processing file /home/airflow/.local/lib/python3.7/site-packages/airflow/example_dags/example_branch_python_dop_operator_3.py for tasks to queue
[2022-10-01T00:31:48.487+0000] {logging_mixin.py:115} INFO - [2022-10-01T00:31:48.487+0000] {dagbag.py:508} INFO - Filling up the DagBag from /home/airflow/.local/lib/python3.7/site-packages/airflow/example_dags/example_branch_python_dop_operator_3.py
[2022-10-01T00:31:48.494+0000] {processor.py:650} INFO - DAG(s) dict_keys(['example_branch_dop_operator_v3']) retrieved from /home/airflow/.local/lib/python3.7/site-packages/airflow/example_dags/example_branch_python_dop_operator_3.py
[2022-10-01T00:31:48.517+0000] {logging_mixin.py:115} INFO - [2022-10-01T00:31:48.516+0000] {dag.py:2429} INFO - Sync 1 DAGs
[2022-10-01T00:31:48.535+0000] {logging_mixin.py:115} INFO - [2022-10-01T00:31:48.535+0000] {dag.py:2981} INFO - Setting next_dagrun for example_branch_dop_operator_v3 to 2022-10-01T00:30:00+00:00, run_after=2022-10-01T00:31:00+00:00
[2022-10-01T00:31:48.543+0000] {processor.py:161} INFO - Processing /home/airflow/.local/lib/python3.7/site-packages/airflow/example_dags/example_branch_python_dop_operator_3.py took 0.061 seconds
[2022-10-01T00:32:18.872+0000] {processor.py:153} INFO - Started process (PID=37356) to work on /home/airflow/.local/lib/python3.7/site-packages/airflow/example_dags/example_branch_python_dop_operator_3.py
[2022-10-01T00:32:18.873+0000] {processor.py:640} INFO - Processing file /home/airflow/.local/lib/python3.7/site-packages/airflow/example_dags/example_branch_python_dop_operator_3.py for tasks to queue
[2022-10-01T00:32:18.875+0000] {logging_mixin.py:115} INFO - [2022-10-01T00:32:18.874+0000] {dagbag.py:508} INFO - Filling up the DagBag from /home/airflow/.local/lib/python3.7/site-packages/airflow/example_dags/example_branch_python_dop_operator_3.py
[2022-10-01T00:32:18.881+0000] {processor.py:650} INFO - DAG(s) dict_keys(['example_branch_dop_operator_v3']) retrieved from /home/airflow/.local/lib/python3.7/site-packages/airflow/example_dags/example_branch_python_dop_operator_3.py
[2022-10-01T00:32:18.903+0000] {logging_mixin.py:115} INFO - [2022-10-01T00:32:18.903+0000] {dag.py:2429} INFO - Sync 1 DAGs
[2022-10-01T00:32:18.919+0000] {logging_mixin.py:115} INFO - [2022-10-01T00:32:18.919+0000] {dag.py:2981} INFO - Setting next_dagrun for example_branch_dop_operator_v3 to 2022-10-01T00:31:00+00:00, run_after=2022-10-01T00:32:00+00:00
[2022-10-01T00:32:18.927+0000] {processor.py:161} INFO - Processing /home/airflow/.local/lib/python3.7/site-packages/airflow/example_dags/example_branch_python_dop_operator_3.py took 0.058 seconds
[2022-10-01T00:32:49.140+0000] {processor.py:153} INFO - Started process (PID=37421) to work on /home/airflow/.local/lib/python3.7/site-packages/airflow/example_dags/example_branch_python_dop_operator_3.py
[2022-10-01T00:32:49.143+0000] {processor.py:640} INFO - Processing file /home/airflow/.local/lib/python3.7/site-packages/airflow/example_dags/example_branch_python_dop_operator_3.py for tasks to queue
[2022-10-01T00:32:49.145+0000] {logging_mixin.py:115} INFO - [2022-10-01T00:32:49.145+0000] {dagbag.py:508} INFO - Filling up the DagBag from /home/airflow/.local/lib/python3.7/site-packages/airflow/example_dags/example_branch_python_dop_operator_3.py
[2022-10-01T00:32:49.160+0000] {processor.py:650} INFO - DAG(s) dict_keys(['example_branch_dop_operator_v3']) retrieved from /home/airflow/.local/lib/python3.7/site-packages/airflow/example_dags/example_branch_python_dop_operator_3.py
[2022-10-01T00:32:49.195+0000] {logging_mixin.py:115} INFO - [2022-10-01T00:32:49.194+0000] {dag.py:2429} INFO - Sync 1 DAGs
[2022-10-01T00:32:49.234+0000] {logging_mixin.py:115} INFO - [2022-10-01T00:32:49.234+0000] {dag.py:2981} INFO - Setting next_dagrun for example_branch_dop_operator_v3 to 2022-10-01T00:31:00+00:00, run_after=2022-10-01T00:32:00+00:00
[2022-10-01T00:32:49.249+0000] {processor.py:161} INFO - Processing /home/airflow/.local/lib/python3.7/site-packages/airflow/example_dags/example_branch_python_dop_operator_3.py took 0.114 seconds
[2022-10-01T00:33:19.745+0000] {processor.py:153} INFO - Started process (PID=37478) to work on /home/airflow/.local/lib/python3.7/site-packages/airflow/example_dags/example_branch_python_dop_operator_3.py
[2022-10-01T00:33:19.748+0000] {processor.py:640} INFO - Processing file /home/airflow/.local/lib/python3.7/site-packages/airflow/example_dags/example_branch_python_dop_operator_3.py for tasks to queue
[2022-10-01T00:33:19.750+0000] {logging_mixin.py:115} INFO - [2022-10-01T00:33:19.750+0000] {dagbag.py:508} INFO - Filling up the DagBag from /home/airflow/.local/lib/python3.7/site-packages/airflow/example_dags/example_branch_python_dop_operator_3.py
[2022-10-01T00:33:19.761+0000] {processor.py:650} INFO - DAG(s) dict_keys(['example_branch_dop_operator_v3']) retrieved from /home/airflow/.local/lib/python3.7/site-packages/airflow/example_dags/example_branch_python_dop_operator_3.py
[2022-10-01T00:33:19.792+0000] {logging_mixin.py:115} INFO - [2022-10-01T00:33:19.792+0000] {dag.py:2429} INFO - Sync 1 DAGs
[2022-10-01T00:33:19.816+0000] {logging_mixin.py:115} INFO - [2022-10-01T00:33:19.816+0000] {dag.py:2981} INFO - Setting next_dagrun for example_branch_dop_operator_v3 to 2022-10-01T00:32:00+00:00, run_after=2022-10-01T00:33:00+00:00
[2022-10-01T00:33:19.827+0000] {processor.py:161} INFO - Processing /home/airflow/.local/lib/python3.7/site-packages/airflow/example_dags/example_branch_python_dop_operator_3.py took 0.085 seconds
[2022-10-01T00:33:50.135+0000] {processor.py:153} INFO - Started process (PID=37542) to work on /home/airflow/.local/lib/python3.7/site-packages/airflow/example_dags/example_branch_python_dop_operator_3.py
[2022-10-01T00:33:50.137+0000] {processor.py:640} INFO - Processing file /home/airflow/.local/lib/python3.7/site-packages/airflow/example_dags/example_branch_python_dop_operator_3.py for tasks to queue
[2022-10-01T00:33:50.138+0000] {logging_mixin.py:115} INFO - [2022-10-01T00:33:50.138+0000] {dagbag.py:508} INFO - Filling up the DagBag from /home/airflow/.local/lib/python3.7/site-packages/airflow/example_dags/example_branch_python_dop_operator_3.py
[2022-10-01T00:33:50.145+0000] {processor.py:650} INFO - DAG(s) dict_keys(['example_branch_dop_operator_v3']) retrieved from /home/airflow/.local/lib/python3.7/site-packages/airflow/example_dags/example_branch_python_dop_operator_3.py
[2022-10-01T00:33:50.164+0000] {logging_mixin.py:115} INFO - [2022-10-01T00:33:50.164+0000] {dag.py:2429} INFO - Sync 1 DAGs
[2022-10-01T00:33:50.186+0000] {logging_mixin.py:115} INFO - [2022-10-01T00:33:50.185+0000] {dag.py:2981} INFO - Setting next_dagrun for example_branch_dop_operator_v3 to 2022-10-01T00:32:00+00:00, run_after=2022-10-01T00:33:00+00:00
[2022-10-01T00:33:50.194+0000] {processor.py:161} INFO - Processing /home/airflow/.local/lib/python3.7/site-packages/airflow/example_dags/example_branch_python_dop_operator_3.py took 0.062 seconds
[2022-10-01T00:34:20.694+0000] {processor.py:153} INFO - Started process (PID=37600) to work on /home/airflow/.local/lib/python3.7/site-packages/airflow/example_dags/example_branch_python_dop_operator_3.py
[2022-10-01T00:34:20.696+0000] {processor.py:640} INFO - Processing file /home/airflow/.local/lib/python3.7/site-packages/airflow/example_dags/example_branch_python_dop_operator_3.py for tasks to queue
[2022-10-01T00:34:20.697+0000] {logging_mixin.py:115} INFO - [2022-10-01T00:34:20.697+0000] {dagbag.py:508} INFO - Filling up the DagBag from /home/airflow/.local/lib/python3.7/site-packages/airflow/example_dags/example_branch_python_dop_operator_3.py
[2022-10-01T00:34:20.707+0000] {processor.py:650} INFO - DAG(s) dict_keys(['example_branch_dop_operator_v3']) retrieved from /home/airflow/.local/lib/python3.7/site-packages/airflow/example_dags/example_branch_python_dop_operator_3.py
[2022-10-01T00:34:20.728+0000] {logging_mixin.py:115} INFO - [2022-10-01T00:34:20.728+0000] {dag.py:2429} INFO - Sync 1 DAGs
[2022-10-01T00:34:20.743+0000] {logging_mixin.py:115} INFO - [2022-10-01T00:34:20.743+0000] {dag.py:2981} INFO - Setting next_dagrun for example_branch_dop_operator_v3 to 2022-10-01T00:33:00+00:00, run_after=2022-10-01T00:34:00+00:00
[2022-10-01T00:34:20.752+0000] {processor.py:161} INFO - Processing /home/airflow/.local/lib/python3.7/site-packages/airflow/example_dags/example_branch_python_dop_operator_3.py took 0.060 seconds
[2022-10-01T00:34:51.455+0000] {processor.py:153} INFO - Started process (PID=37666) to work on /home/airflow/.local/lib/python3.7/site-packages/airflow/example_dags/example_branch_python_dop_operator_3.py
[2022-10-01T00:34:51.457+0000] {processor.py:640} INFO - Processing file /home/airflow/.local/lib/python3.7/site-packages/airflow/example_dags/example_branch_python_dop_operator_3.py for tasks to queue
[2022-10-01T00:34:51.459+0000] {logging_mixin.py:115} INFO - [2022-10-01T00:34:51.459+0000] {dagbag.py:508} INFO - Filling up the DagBag from /home/airflow/.local/lib/python3.7/site-packages/airflow/example_dags/example_branch_python_dop_operator_3.py
[2022-10-01T00:34:51.467+0000] {processor.py:650} INFO - DAG(s) dict_keys(['example_branch_dop_operator_v3']) retrieved from /home/airflow/.local/lib/python3.7/site-packages/airflow/example_dags/example_branch_python_dop_operator_3.py
[2022-10-01T00:34:51.491+0000] {logging_mixin.py:115} INFO - [2022-10-01T00:34:51.491+0000] {dag.py:2429} INFO - Sync 1 DAGs
[2022-10-01T00:34:51.508+0000] {logging_mixin.py:115} INFO - [2022-10-01T00:34:51.508+0000] {dag.py:2981} INFO - Setting next_dagrun for example_branch_dop_operator_v3 to 2022-10-01T00:33:00+00:00, run_after=2022-10-01T00:34:00+00:00
[2022-10-01T00:34:51.517+0000] {processor.py:161} INFO - Processing /home/airflow/.local/lib/python3.7/site-packages/airflow/example_dags/example_branch_python_dop_operator_3.py took 0.065 seconds
[2022-10-01T00:35:22.422+0000] {processor.py:153} INFO - Started process (PID=37733) to work on /home/airflow/.local/lib/python3.7/site-packages/airflow/example_dags/example_branch_python_dop_operator_3.py
[2022-10-01T00:35:22.424+0000] {processor.py:640} INFO - Processing file /home/airflow/.local/lib/python3.7/site-packages/airflow/example_dags/example_branch_python_dop_operator_3.py for tasks to queue
[2022-10-01T00:35:22.425+0000] {logging_mixin.py:115} INFO - [2022-10-01T00:35:22.425+0000] {dagbag.py:508} INFO - Filling up the DagBag from /home/airflow/.local/lib/python3.7/site-packages/airflow/example_dags/example_branch_python_dop_operator_3.py
[2022-10-01T00:35:22.435+0000] {processor.py:650} INFO - DAG(s) dict_keys(['example_branch_dop_operator_v3']) retrieved from /home/airflow/.local/lib/python3.7/site-packages/airflow/example_dags/example_branch_python_dop_operator_3.py
[2022-10-01T00:35:22.466+0000] {logging_mixin.py:115} INFO - [2022-10-01T00:35:22.466+0000] {dag.py:2429} INFO - Sync 1 DAGs
[2022-10-01T00:35:22.491+0000] {logging_mixin.py:115} INFO - [2022-10-01T00:35:22.491+0000] {dag.py:2981} INFO - Setting next_dagrun for example_branch_dop_operator_v3 to 2022-10-01T00:34:00+00:00, run_after=2022-10-01T00:35:00+00:00
[2022-10-01T00:35:22.504+0000] {processor.py:161} INFO - Processing /home/airflow/.local/lib/python3.7/site-packages/airflow/example_dags/example_branch_python_dop_operator_3.py took 0.085 seconds
[2022-10-01T00:35:53.312+0000] {processor.py:153} INFO - Started process (PID=37790) to work on /home/airflow/.local/lib/python3.7/site-packages/airflow/example_dags/example_branch_python_dop_operator_3.py
[2022-10-01T00:35:53.313+0000] {processor.py:640} INFO - Processing file /home/airflow/.local/lib/python3.7/site-packages/airflow/example_dags/example_branch_python_dop_operator_3.py for tasks to queue
[2022-10-01T00:35:53.315+0000] {logging_mixin.py:115} INFO - [2022-10-01T00:35:53.315+0000] {dagbag.py:508} INFO - Filling up the DagBag from /home/airflow/.local/lib/python3.7/site-packages/airflow/example_dags/example_branch_python_dop_operator_3.py
[2022-10-01T00:35:53.323+0000] {processor.py:650} INFO - DAG(s) dict_keys(['example_branch_dop_operator_v3']) retrieved from /home/airflow/.local/lib/python3.7/site-packages/airflow/example_dags/example_branch_python_dop_operator_3.py
[2022-10-01T00:35:53.345+0000] {logging_mixin.py:115} INFO - [2022-10-01T00:35:53.345+0000] {dag.py:2429} INFO - Sync 1 DAGs
[2022-10-01T00:35:53.363+0000] {logging_mixin.py:115} INFO - [2022-10-01T00:35:53.363+0000] {dag.py:2981} INFO - Setting next_dagrun for example_branch_dop_operator_v3 to 2022-10-01T00:34:00+00:00, run_after=2022-10-01T00:35:00+00:00
[2022-10-01T00:35:53.374+0000] {processor.py:161} INFO - Processing /home/airflow/.local/lib/python3.7/site-packages/airflow/example_dags/example_branch_python_dop_operator_3.py took 0.064 seconds
