[2022-10-01T00:00:22.957+0000] {processor.py:153} INFO - Started process (PID=33921) to work on /home/airflow/.local/lib/python3.7/site-packages/airflow/example_dags/tutorial.py
[2022-10-01T00:00:22.958+0000] {processor.py:640} INFO - Processing file /home/airflow/.local/lib/python3.7/site-packages/airflow/example_dags/tutorial.py for tasks to queue
[2022-10-01T00:00:22.959+0000] {logging_mixin.py:115} INFO - [2022-10-01T00:00:22.959+0000] {dagbag.py:508} INFO - Filling up the DagBag from /home/airflow/.local/lib/python3.7/site-packages/airflow/example_dags/tutorial.py
[2022-10-01T00:00:22.963+0000] {processor.py:650} INFO - DAG(s) dict_keys(['tutorial']) retrieved from /home/airflow/.local/lib/python3.7/site-packages/airflow/example_dags/tutorial.py
[2022-10-01T00:00:22.981+0000] {logging_mixin.py:115} INFO - [2022-10-01T00:00:22.981+0000] {dag.py:2429} INFO - Sync 1 DAGs
[2022-10-01T00:00:22.996+0000] {logging_mixin.py:115} INFO - [2022-10-01T00:00:22.996+0000] {dag.py:2981} INFO - Setting next_dagrun for tutorial to 2022-09-30T00:00:22.996292+00:00, run_after=2022-10-01T00:00:22.996292+00:00
[2022-10-01T00:00:23.005+0000] {processor.py:161} INFO - Processing /home/airflow/.local/lib/python3.7/site-packages/airflow/example_dags/tutorial.py took 0.051 seconds
[2022-10-01T00:00:53.519+0000] {processor.py:153} INFO - Started process (PID=33988) to work on /home/airflow/.local/lib/python3.7/site-packages/airflow/example_dags/tutorial.py
[2022-10-01T00:00:53.521+0000] {processor.py:640} INFO - Processing file /home/airflow/.local/lib/python3.7/site-packages/airflow/example_dags/tutorial.py for tasks to queue
[2022-10-01T00:00:53.522+0000] {logging_mixin.py:115} INFO - [2022-10-01T00:00:53.522+0000] {dagbag.py:508} INFO - Filling up the DagBag from /home/airflow/.local/lib/python3.7/site-packages/airflow/example_dags/tutorial.py
[2022-10-01T00:00:53.526+0000] {processor.py:650} INFO - DAG(s) dict_keys(['tutorial']) retrieved from /home/airflow/.local/lib/python3.7/site-packages/airflow/example_dags/tutorial.py
[2022-10-01T00:00:53.544+0000] {logging_mixin.py:115} INFO - [2022-10-01T00:00:53.544+0000] {dag.py:2429} INFO - Sync 1 DAGs
[2022-10-01T00:00:53.561+0000] {logging_mixin.py:115} INFO - [2022-10-01T00:00:53.560+0000] {dag.py:2981} INFO - Setting next_dagrun for tutorial to 2022-09-30T00:00:53.560775+00:00, run_after=2022-10-01T00:00:53.560775+00:00
[2022-10-01T00:00:53.569+0000] {processor.py:161} INFO - Processing /home/airflow/.local/lib/python3.7/site-packages/airflow/example_dags/tutorial.py took 0.052 seconds
[2022-10-01T00:01:24.113+0000] {processor.py:153} INFO - Started process (PID=34054) to work on /home/airflow/.local/lib/python3.7/site-packages/airflow/example_dags/tutorial.py
[2022-10-01T00:01:24.115+0000] {processor.py:640} INFO - Processing file /home/airflow/.local/lib/python3.7/site-packages/airflow/example_dags/tutorial.py for tasks to queue
[2022-10-01T00:01:24.116+0000] {logging_mixin.py:115} INFO - [2022-10-01T00:01:24.116+0000] {dagbag.py:508} INFO - Filling up the DagBag from /home/airflow/.local/lib/python3.7/site-packages/airflow/example_dags/tutorial.py
[2022-10-01T00:01:24.121+0000] {processor.py:650} INFO - DAG(s) dict_keys(['tutorial']) retrieved from /home/airflow/.local/lib/python3.7/site-packages/airflow/example_dags/tutorial.py
[2022-10-01T00:01:24.140+0000] {logging_mixin.py:115} INFO - [2022-10-01T00:01:24.140+0000] {dag.py:2429} INFO - Sync 1 DAGs
[2022-10-01T00:01:24.154+0000] {logging_mixin.py:115} INFO - [2022-10-01T00:01:24.154+0000] {dag.py:2981} INFO - Setting next_dagrun for tutorial to 2022-09-30T00:01:24.154490+00:00, run_after=2022-10-01T00:01:24.154490+00:00
[2022-10-01T00:01:24.163+0000] {processor.py:161} INFO - Processing /home/airflow/.local/lib/python3.7/site-packages/airflow/example_dags/tutorial.py took 0.053 seconds
[2022-10-01T00:01:54.505+0000] {processor.py:153} INFO - Started process (PID=34111) to work on /home/airflow/.local/lib/python3.7/site-packages/airflow/example_dags/tutorial.py
[2022-10-01T00:01:54.506+0000] {processor.py:640} INFO - Processing file /home/airflow/.local/lib/python3.7/site-packages/airflow/example_dags/tutorial.py for tasks to queue
[2022-10-01T00:01:54.508+0000] {logging_mixin.py:115} INFO - [2022-10-01T00:01:54.508+0000] {dagbag.py:508} INFO - Filling up the DagBag from /home/airflow/.local/lib/python3.7/site-packages/airflow/example_dags/tutorial.py
[2022-10-01T00:01:54.513+0000] {processor.py:650} INFO - DAG(s) dict_keys(['tutorial']) retrieved from /home/airflow/.local/lib/python3.7/site-packages/airflow/example_dags/tutorial.py
[2022-10-01T00:01:54.532+0000] {logging_mixin.py:115} INFO - [2022-10-01T00:01:54.532+0000] {dag.py:2429} INFO - Sync 1 DAGs
[2022-10-01T00:01:54.549+0000] {logging_mixin.py:115} INFO - [2022-10-01T00:01:54.549+0000] {dag.py:2981} INFO - Setting next_dagrun for tutorial to 2022-09-30T00:01:54.549137+00:00, run_after=2022-10-01T00:01:54.549137+00:00
[2022-10-01T00:01:54.558+0000] {processor.py:161} INFO - Processing /home/airflow/.local/lib/python3.7/site-packages/airflow/example_dags/tutorial.py took 0.055 seconds
[2022-10-01T00:02:24.872+0000] {processor.py:153} INFO - Started process (PID=34177) to work on /home/airflow/.local/lib/python3.7/site-packages/airflow/example_dags/tutorial.py
[2022-10-01T00:02:24.875+0000] {processor.py:640} INFO - Processing file /home/airflow/.local/lib/python3.7/site-packages/airflow/example_dags/tutorial.py for tasks to queue
[2022-10-01T00:02:24.876+0000] {logging_mixin.py:115} INFO - [2022-10-01T00:02:24.876+0000] {dagbag.py:508} INFO - Filling up the DagBag from /home/airflow/.local/lib/python3.7/site-packages/airflow/example_dags/tutorial.py
[2022-10-01T00:02:24.880+0000] {processor.py:650} INFO - DAG(s) dict_keys(['tutorial']) retrieved from /home/airflow/.local/lib/python3.7/site-packages/airflow/example_dags/tutorial.py
[2022-10-01T00:02:24.904+0000] {logging_mixin.py:115} INFO - [2022-10-01T00:02:24.904+0000] {dag.py:2429} INFO - Sync 1 DAGs
[2022-10-01T00:02:24.917+0000] {logging_mixin.py:115} INFO - [2022-10-01T00:02:24.917+0000] {dag.py:2981} INFO - Setting next_dagrun for tutorial to 2022-09-30T00:02:24.917726+00:00, run_after=2022-10-01T00:02:24.917726+00:00
[2022-10-01T00:02:24.926+0000] {processor.py:161} INFO - Processing /home/airflow/.local/lib/python3.7/site-packages/airflow/example_dags/tutorial.py took 0.057 seconds
[2022-10-01T00:02:55.348+0000] {processor.py:153} INFO - Started process (PID=34242) to work on /home/airflow/.local/lib/python3.7/site-packages/airflow/example_dags/tutorial.py
[2022-10-01T00:02:55.350+0000] {processor.py:640} INFO - Processing file /home/airflow/.local/lib/python3.7/site-packages/airflow/example_dags/tutorial.py for tasks to queue
[2022-10-01T00:02:55.351+0000] {logging_mixin.py:115} INFO - [2022-10-01T00:02:55.351+0000] {dagbag.py:508} INFO - Filling up the DagBag from /home/airflow/.local/lib/python3.7/site-packages/airflow/example_dags/tutorial.py
[2022-10-01T00:02:55.356+0000] {processor.py:650} INFO - DAG(s) dict_keys(['tutorial']) retrieved from /home/airflow/.local/lib/python3.7/site-packages/airflow/example_dags/tutorial.py
[2022-10-01T00:02:55.379+0000] {logging_mixin.py:115} INFO - [2022-10-01T00:02:55.379+0000] {dag.py:2429} INFO - Sync 1 DAGs
[2022-10-01T00:02:55.393+0000] {logging_mixin.py:115} INFO - [2022-10-01T00:02:55.392+0000] {dag.py:2981} INFO - Setting next_dagrun for tutorial to 2022-09-30T00:02:55.392827+00:00, run_after=2022-10-01T00:02:55.392827+00:00
[2022-10-01T00:02:55.401+0000] {processor.py:161} INFO - Processing /home/airflow/.local/lib/python3.7/site-packages/airflow/example_dags/tutorial.py took 0.055 seconds
[2022-10-01T00:03:25.556+0000] {processor.py:153} INFO - Started process (PID=34309) to work on /home/airflow/.local/lib/python3.7/site-packages/airflow/example_dags/tutorial.py
[2022-10-01T00:03:25.558+0000] {processor.py:640} INFO - Processing file /home/airflow/.local/lib/python3.7/site-packages/airflow/example_dags/tutorial.py for tasks to queue
[2022-10-01T00:03:25.559+0000] {logging_mixin.py:115} INFO - [2022-10-01T00:03:25.559+0000] {dagbag.py:508} INFO - Filling up the DagBag from /home/airflow/.local/lib/python3.7/site-packages/airflow/example_dags/tutorial.py
[2022-10-01T00:03:25.564+0000] {processor.py:650} INFO - DAG(s) dict_keys(['tutorial']) retrieved from /home/airflow/.local/lib/python3.7/site-packages/airflow/example_dags/tutorial.py
[2022-10-01T00:03:25.581+0000] {logging_mixin.py:115} INFO - [2022-10-01T00:03:25.581+0000] {dag.py:2429} INFO - Sync 1 DAGs
[2022-10-01T00:03:25.596+0000] {logging_mixin.py:115} INFO - [2022-10-01T00:03:25.596+0000] {dag.py:2981} INFO - Setting next_dagrun for tutorial to 2022-09-30T00:03:25.596179+00:00, run_after=2022-10-01T00:03:25.596179+00:00
[2022-10-01T00:03:25.606+0000] {processor.py:161} INFO - Processing /home/airflow/.local/lib/python3.7/site-packages/airflow/example_dags/tutorial.py took 0.053 seconds
[2022-10-01T00:03:56.010+0000] {processor.py:153} INFO - Started process (PID=34367) to work on /home/airflow/.local/lib/python3.7/site-packages/airflow/example_dags/tutorial.py
[2022-10-01T00:03:56.012+0000] {processor.py:640} INFO - Processing file /home/airflow/.local/lib/python3.7/site-packages/airflow/example_dags/tutorial.py for tasks to queue
[2022-10-01T00:03:56.013+0000] {logging_mixin.py:115} INFO - [2022-10-01T00:03:56.013+0000] {dagbag.py:508} INFO - Filling up the DagBag from /home/airflow/.local/lib/python3.7/site-packages/airflow/example_dags/tutorial.py
[2022-10-01T00:03:56.018+0000] {processor.py:650} INFO - DAG(s) dict_keys(['tutorial']) retrieved from /home/airflow/.local/lib/python3.7/site-packages/airflow/example_dags/tutorial.py
[2022-10-01T00:03:56.037+0000] {logging_mixin.py:115} INFO - [2022-10-01T00:03:56.037+0000] {dag.py:2429} INFO - Sync 1 DAGs
[2022-10-01T00:03:56.052+0000] {logging_mixin.py:115} INFO - [2022-10-01T00:03:56.052+0000] {dag.py:2981} INFO - Setting next_dagrun for tutorial to 2022-09-30T00:03:56.052612+00:00, run_after=2022-10-01T00:03:56.052612+00:00
[2022-10-01T00:03:56.062+0000] {processor.py:161} INFO - Processing /home/airflow/.local/lib/python3.7/site-packages/airflow/example_dags/tutorial.py took 0.054 seconds
[2022-10-01T00:04:26.415+0000] {processor.py:153} INFO - Started process (PID=34433) to work on /home/airflow/.local/lib/python3.7/site-packages/airflow/example_dags/tutorial.py
[2022-10-01T00:04:26.417+0000] {processor.py:640} INFO - Processing file /home/airflow/.local/lib/python3.7/site-packages/airflow/example_dags/tutorial.py for tasks to queue
[2022-10-01T00:04:26.419+0000] {logging_mixin.py:115} INFO - [2022-10-01T00:04:26.418+0000] {dagbag.py:508} INFO - Filling up the DagBag from /home/airflow/.local/lib/python3.7/site-packages/airflow/example_dags/tutorial.py
[2022-10-01T00:04:26.426+0000] {processor.py:650} INFO - DAG(s) dict_keys(['tutorial']) retrieved from /home/airflow/.local/lib/python3.7/site-packages/airflow/example_dags/tutorial.py
[2022-10-01T00:04:26.448+0000] {logging_mixin.py:115} INFO - [2022-10-01T00:04:26.448+0000] {dag.py:2429} INFO - Sync 1 DAGs
[2022-10-01T00:04:26.463+0000] {logging_mixin.py:115} INFO - [2022-10-01T00:04:26.463+0000] {dag.py:2981} INFO - Setting next_dagrun for tutorial to 2022-09-30T00:04:26.463460+00:00, run_after=2022-10-01T00:04:26.463460+00:00
[2022-10-01T00:04:26.473+0000] {processor.py:161} INFO - Processing /home/airflow/.local/lib/python3.7/site-packages/airflow/example_dags/tutorial.py took 0.061 seconds
[2022-10-01T00:04:56.831+0000] {processor.py:153} INFO - Started process (PID=34499) to work on /home/airflow/.local/lib/python3.7/site-packages/airflow/example_dags/tutorial.py
[2022-10-01T00:04:56.832+0000] {processor.py:640} INFO - Processing file /home/airflow/.local/lib/python3.7/site-packages/airflow/example_dags/tutorial.py for tasks to queue
[2022-10-01T00:04:56.833+0000] {logging_mixin.py:115} INFO - [2022-10-01T00:04:56.833+0000] {dagbag.py:508} INFO - Filling up the DagBag from /home/airflow/.local/lib/python3.7/site-packages/airflow/example_dags/tutorial.py
[2022-10-01T00:04:56.841+0000] {processor.py:650} INFO - DAG(s) dict_keys(['tutorial']) retrieved from /home/airflow/.local/lib/python3.7/site-packages/airflow/example_dags/tutorial.py
[2022-10-01T00:04:56.863+0000] {logging_mixin.py:115} INFO - [2022-10-01T00:04:56.863+0000] {dag.py:2429} INFO - Sync 1 DAGs
[2022-10-01T00:04:56.881+0000] {logging_mixin.py:115} INFO - [2022-10-01T00:04:56.881+0000] {dag.py:2981} INFO - Setting next_dagrun for tutorial to 2022-09-30T00:04:56.881444+00:00, run_after=2022-10-01T00:04:56.881444+00:00
[2022-10-01T00:04:56.891+0000] {processor.py:161} INFO - Processing /home/airflow/.local/lib/python3.7/site-packages/airflow/example_dags/tutorial.py took 0.063 seconds
[2022-10-01T00:05:27.278+0000] {processor.py:153} INFO - Started process (PID=34566) to work on /home/airflow/.local/lib/python3.7/site-packages/airflow/example_dags/tutorial.py
[2022-10-01T00:05:27.279+0000] {processor.py:640} INFO - Processing file /home/airflow/.local/lib/python3.7/site-packages/airflow/example_dags/tutorial.py for tasks to queue
[2022-10-01T00:05:27.280+0000] {logging_mixin.py:115} INFO - [2022-10-01T00:05:27.280+0000] {dagbag.py:508} INFO - Filling up the DagBag from /home/airflow/.local/lib/python3.7/site-packages/airflow/example_dags/tutorial.py
[2022-10-01T00:05:27.285+0000] {processor.py:650} INFO - DAG(s) dict_keys(['tutorial']) retrieved from /home/airflow/.local/lib/python3.7/site-packages/airflow/example_dags/tutorial.py
[2022-10-01T00:05:27.303+0000] {logging_mixin.py:115} INFO - [2022-10-01T00:05:27.303+0000] {dag.py:2429} INFO - Sync 1 DAGs
[2022-10-01T00:05:27.319+0000] {logging_mixin.py:115} INFO - [2022-10-01T00:05:27.319+0000] {dag.py:2981} INFO - Setting next_dagrun for tutorial to 2022-09-30T00:05:27.319134+00:00, run_after=2022-10-01T00:05:27.319134+00:00
[2022-10-01T00:05:27.327+0000] {processor.py:161} INFO - Processing /home/airflow/.local/lib/python3.7/site-packages/airflow/example_dags/tutorial.py took 0.052 seconds
[2022-10-01T00:05:57.578+0000] {processor.py:153} INFO - Started process (PID=34623) to work on /home/airflow/.local/lib/python3.7/site-packages/airflow/example_dags/tutorial.py
[2022-10-01T00:05:57.581+0000] {processor.py:640} INFO - Processing file /home/airflow/.local/lib/python3.7/site-packages/airflow/example_dags/tutorial.py for tasks to queue
[2022-10-01T00:05:57.582+0000] {logging_mixin.py:115} INFO - [2022-10-01T00:05:57.582+0000] {dagbag.py:508} INFO - Filling up the DagBag from /home/airflow/.local/lib/python3.7/site-packages/airflow/example_dags/tutorial.py
[2022-10-01T00:05:57.587+0000] {processor.py:650} INFO - DAG(s) dict_keys(['tutorial']) retrieved from /home/airflow/.local/lib/python3.7/site-packages/airflow/example_dags/tutorial.py
[2022-10-01T00:05:57.604+0000] {logging_mixin.py:115} INFO - [2022-10-01T00:05:57.603+0000] {dag.py:2429} INFO - Sync 1 DAGs
[2022-10-01T00:05:57.617+0000] {logging_mixin.py:115} INFO - [2022-10-01T00:05:57.617+0000] {dag.py:2981} INFO - Setting next_dagrun for tutorial to 2022-09-30T00:05:57.617209+00:00, run_after=2022-10-01T00:05:57.617209+00:00
[2022-10-01T00:05:57.625+0000] {processor.py:161} INFO - Processing /home/airflow/.local/lib/python3.7/site-packages/airflow/example_dags/tutorial.py took 0.050 seconds
[2022-10-01T00:06:28.031+0000] {processor.py:153} INFO - Started process (PID=34690) to work on /home/airflow/.local/lib/python3.7/site-packages/airflow/example_dags/tutorial.py
[2022-10-01T00:06:28.033+0000] {processor.py:640} INFO - Processing file /home/airflow/.local/lib/python3.7/site-packages/airflow/example_dags/tutorial.py for tasks to queue
[2022-10-01T00:06:28.034+0000] {logging_mixin.py:115} INFO - [2022-10-01T00:06:28.034+0000] {dagbag.py:508} INFO - Filling up the DagBag from /home/airflow/.local/lib/python3.7/site-packages/airflow/example_dags/tutorial.py
[2022-10-01T00:06:28.038+0000] {processor.py:650} INFO - DAG(s) dict_keys(['tutorial']) retrieved from /home/airflow/.local/lib/python3.7/site-packages/airflow/example_dags/tutorial.py
[2022-10-01T00:06:28.059+0000] {logging_mixin.py:115} INFO - [2022-10-01T00:06:28.058+0000] {dag.py:2429} INFO - Sync 1 DAGs
[2022-10-01T00:06:28.072+0000] {logging_mixin.py:115} INFO - [2022-10-01T00:06:28.072+0000] {dag.py:2981} INFO - Setting next_dagrun for tutorial to 2022-09-30T00:06:28.072485+00:00, run_after=2022-10-01T00:06:28.072485+00:00
[2022-10-01T00:06:28.082+0000] {processor.py:161} INFO - Processing /home/airflow/.local/lib/python3.7/site-packages/airflow/example_dags/tutorial.py took 0.053 seconds
[2022-10-01T00:06:58.384+0000] {processor.py:153} INFO - Started process (PID=34756) to work on /home/airflow/.local/lib/python3.7/site-packages/airflow/example_dags/tutorial.py
[2022-10-01T00:06:58.386+0000] {processor.py:640} INFO - Processing file /home/airflow/.local/lib/python3.7/site-packages/airflow/example_dags/tutorial.py for tasks to queue
[2022-10-01T00:06:58.388+0000] {logging_mixin.py:115} INFO - [2022-10-01T00:06:58.387+0000] {dagbag.py:508} INFO - Filling up the DagBag from /home/airflow/.local/lib/python3.7/site-packages/airflow/example_dags/tutorial.py
[2022-10-01T00:06:58.393+0000] {processor.py:650} INFO - DAG(s) dict_keys(['tutorial']) retrieved from /home/airflow/.local/lib/python3.7/site-packages/airflow/example_dags/tutorial.py
[2022-10-01T00:06:58.411+0000] {logging_mixin.py:115} INFO - [2022-10-01T00:06:58.411+0000] {dag.py:2429} INFO - Sync 1 DAGs
[2022-10-01T00:06:58.426+0000] {logging_mixin.py:115} INFO - [2022-10-01T00:06:58.425+0000] {dag.py:2981} INFO - Setting next_dagrun for tutorial to 2022-09-30T00:06:58.425822+00:00, run_after=2022-10-01T00:06:58.425822+00:00
[2022-10-01T00:06:58.433+0000] {processor.py:161} INFO - Processing /home/airflow/.local/lib/python3.7/site-packages/airflow/example_dags/tutorial.py took 0.051 seconds
[2022-10-01T00:07:28.800+0000] {processor.py:153} INFO - Started process (PID=34822) to work on /home/airflow/.local/lib/python3.7/site-packages/airflow/example_dags/tutorial.py
[2022-10-01T00:07:28.803+0000] {processor.py:640} INFO - Processing file /home/airflow/.local/lib/python3.7/site-packages/airflow/example_dags/tutorial.py for tasks to queue
[2022-10-01T00:07:28.806+0000] {logging_mixin.py:115} INFO - [2022-10-01T00:07:28.805+0000] {dagbag.py:508} INFO - Filling up the DagBag from /home/airflow/.local/lib/python3.7/site-packages/airflow/example_dags/tutorial.py
[2022-10-01T00:07:28.813+0000] {processor.py:650} INFO - DAG(s) dict_keys(['tutorial']) retrieved from /home/airflow/.local/lib/python3.7/site-packages/airflow/example_dags/tutorial.py
[2022-10-01T00:07:28.838+0000] {logging_mixin.py:115} INFO - [2022-10-01T00:07:28.838+0000] {dag.py:2429} INFO - Sync 1 DAGs
[2022-10-01T00:07:28.861+0000] {logging_mixin.py:115} INFO - [2022-10-01T00:07:28.861+0000] {dag.py:2981} INFO - Setting next_dagrun for tutorial to 2022-09-30T00:07:28.861169+00:00, run_after=2022-10-01T00:07:28.861169+00:00
[2022-10-01T00:07:28.871+0000] {processor.py:161} INFO - Processing /home/airflow/.local/lib/python3.7/site-packages/airflow/example_dags/tutorial.py took 0.073 seconds
[2022-10-01T00:07:59.124+0000] {processor.py:153} INFO - Started process (PID=34879) to work on /home/airflow/.local/lib/python3.7/site-packages/airflow/example_dags/tutorial.py
[2022-10-01T00:07:59.126+0000] {processor.py:640} INFO - Processing file /home/airflow/.local/lib/python3.7/site-packages/airflow/example_dags/tutorial.py for tasks to queue
[2022-10-01T00:07:59.127+0000] {logging_mixin.py:115} INFO - [2022-10-01T00:07:59.127+0000] {dagbag.py:508} INFO - Filling up the DagBag from /home/airflow/.local/lib/python3.7/site-packages/airflow/example_dags/tutorial.py
[2022-10-01T00:07:59.133+0000] {processor.py:650} INFO - DAG(s) dict_keys(['tutorial']) retrieved from /home/airflow/.local/lib/python3.7/site-packages/airflow/example_dags/tutorial.py
[2022-10-01T00:07:59.153+0000] {logging_mixin.py:115} INFO - [2022-10-01T00:07:59.153+0000] {dag.py:2429} INFO - Sync 1 DAGs
[2022-10-01T00:07:59.171+0000] {logging_mixin.py:115} INFO - [2022-10-01T00:07:59.171+0000] {dag.py:2981} INFO - Setting next_dagrun for tutorial to 2022-09-30T00:07:59.171401+00:00, run_after=2022-10-01T00:07:59.171401+00:00
[2022-10-01T00:07:59.186+0000] {processor.py:161} INFO - Processing /home/airflow/.local/lib/python3.7/site-packages/airflow/example_dags/tutorial.py took 0.064 seconds
[2022-10-01T00:08:29.699+0000] {processor.py:153} INFO - Started process (PID=34945) to work on /home/airflow/.local/lib/python3.7/site-packages/airflow/example_dags/tutorial.py
[2022-10-01T00:08:29.701+0000] {processor.py:640} INFO - Processing file /home/airflow/.local/lib/python3.7/site-packages/airflow/example_dags/tutorial.py for tasks to queue
[2022-10-01T00:08:29.703+0000] {logging_mixin.py:115} INFO - [2022-10-01T00:08:29.703+0000] {dagbag.py:508} INFO - Filling up the DagBag from /home/airflow/.local/lib/python3.7/site-packages/airflow/example_dags/tutorial.py
[2022-10-01T00:08:29.708+0000] {processor.py:650} INFO - DAG(s) dict_keys(['tutorial']) retrieved from /home/airflow/.local/lib/python3.7/site-packages/airflow/example_dags/tutorial.py
[2022-10-01T00:08:29.726+0000] {logging_mixin.py:115} INFO - [2022-10-01T00:08:29.726+0000] {dag.py:2429} INFO - Sync 1 DAGs
[2022-10-01T00:08:29.739+0000] {logging_mixin.py:115} INFO - [2022-10-01T00:08:29.739+0000] {dag.py:2981} INFO - Setting next_dagrun for tutorial to 2022-09-30T00:08:29.739450+00:00, run_after=2022-10-01T00:08:29.739450+00:00
[2022-10-01T00:08:29.747+0000] {processor.py:161} INFO - Processing /home/airflow/.local/lib/python3.7/site-packages/airflow/example_dags/tutorial.py took 0.050 seconds
[2022-10-01T00:09:00.156+0000] {processor.py:153} INFO - Started process (PID=35011) to work on /home/airflow/.local/lib/python3.7/site-packages/airflow/example_dags/tutorial.py
[2022-10-01T00:09:00.157+0000] {processor.py:640} INFO - Processing file /home/airflow/.local/lib/python3.7/site-packages/airflow/example_dags/tutorial.py for tasks to queue
[2022-10-01T00:09:00.159+0000] {logging_mixin.py:115} INFO - [2022-10-01T00:09:00.159+0000] {dagbag.py:508} INFO - Filling up the DagBag from /home/airflow/.local/lib/python3.7/site-packages/airflow/example_dags/tutorial.py
[2022-10-01T00:09:00.166+0000] {processor.py:650} INFO - DAG(s) dict_keys(['tutorial']) retrieved from /home/airflow/.local/lib/python3.7/site-packages/airflow/example_dags/tutorial.py
[2022-10-01T00:09:00.189+0000] {logging_mixin.py:115} INFO - [2022-10-01T00:09:00.189+0000] {dag.py:2429} INFO - Sync 1 DAGs
[2022-10-01T00:09:00.205+0000] {logging_mixin.py:115} INFO - [2022-10-01T00:09:00.205+0000] {dag.py:2981} INFO - Setting next_dagrun for tutorial to 2022-09-30T00:09:00.204986+00:00, run_after=2022-10-01T00:09:00.204986+00:00
[2022-10-01T00:09:00.214+0000] {processor.py:161} INFO - Processing /home/airflow/.local/lib/python3.7/site-packages/airflow/example_dags/tutorial.py took 0.061 seconds
[2022-10-01T00:09:30.790+0000] {processor.py:153} INFO - Started process (PID=35076) to work on /home/airflow/.local/lib/python3.7/site-packages/airflow/example_dags/tutorial.py
[2022-10-01T00:09:30.792+0000] {processor.py:640} INFO - Processing file /home/airflow/.local/lib/python3.7/site-packages/airflow/example_dags/tutorial.py for tasks to queue
[2022-10-01T00:09:30.794+0000] {logging_mixin.py:115} INFO - [2022-10-01T00:09:30.794+0000] {dagbag.py:508} INFO - Filling up the DagBag from /home/airflow/.local/lib/python3.7/site-packages/airflow/example_dags/tutorial.py
[2022-10-01T00:09:30.802+0000] {processor.py:650} INFO - DAG(s) dict_keys(['tutorial']) retrieved from /home/airflow/.local/lib/python3.7/site-packages/airflow/example_dags/tutorial.py
[2022-10-01T00:09:30.824+0000] {logging_mixin.py:115} INFO - [2022-10-01T00:09:30.824+0000] {dag.py:2429} INFO - Sync 1 DAGs
[2022-10-01T00:09:30.844+0000] {logging_mixin.py:115} INFO - [2022-10-01T00:09:30.844+0000] {dag.py:2981} INFO - Setting next_dagrun for tutorial to 2022-09-30T00:09:30.844231+00:00, run_after=2022-10-01T00:09:30.844231+00:00
[2022-10-01T00:09:30.856+0000] {processor.py:161} INFO - Processing /home/airflow/.local/lib/python3.7/site-packages/airflow/example_dags/tutorial.py took 0.069 seconds
[2022-10-01T00:10:01.228+0000] {processor.py:153} INFO - Started process (PID=35132) to work on /home/airflow/.local/lib/python3.7/site-packages/airflow/example_dags/tutorial.py
[2022-10-01T00:10:01.230+0000] {processor.py:640} INFO - Processing file /home/airflow/.local/lib/python3.7/site-packages/airflow/example_dags/tutorial.py for tasks to queue
[2022-10-01T00:10:01.231+0000] {logging_mixin.py:115} INFO - [2022-10-01T00:10:01.231+0000] {dagbag.py:508} INFO - Filling up the DagBag from /home/airflow/.local/lib/python3.7/site-packages/airflow/example_dags/tutorial.py
[2022-10-01T00:10:01.236+0000] {processor.py:650} INFO - DAG(s) dict_keys(['tutorial']) retrieved from /home/airflow/.local/lib/python3.7/site-packages/airflow/example_dags/tutorial.py
[2022-10-01T00:10:01.255+0000] {logging_mixin.py:115} INFO - [2022-10-01T00:10:01.255+0000] {dag.py:2429} INFO - Sync 1 DAGs
[2022-10-01T00:10:01.270+0000] {logging_mixin.py:115} INFO - [2022-10-01T00:10:01.270+0000] {dag.py:2981} INFO - Setting next_dagrun for tutorial to 2022-09-30T00:10:01.270427+00:00, run_after=2022-10-01T00:10:01.270427+00:00
[2022-10-01T00:10:01.281+0000] {processor.py:161} INFO - Processing /home/airflow/.local/lib/python3.7/site-packages/airflow/example_dags/tutorial.py took 0.056 seconds
[2022-10-01T00:10:31.663+0000] {processor.py:153} INFO - Started process (PID=35199) to work on /home/airflow/.local/lib/python3.7/site-packages/airflow/example_dags/tutorial.py
[2022-10-01T00:10:31.665+0000] {processor.py:640} INFO - Processing file /home/airflow/.local/lib/python3.7/site-packages/airflow/example_dags/tutorial.py for tasks to queue
[2022-10-01T00:10:31.668+0000] {logging_mixin.py:115} INFO - [2022-10-01T00:10:31.668+0000] {dagbag.py:508} INFO - Filling up the DagBag from /home/airflow/.local/lib/python3.7/site-packages/airflow/example_dags/tutorial.py
[2022-10-01T00:10:31.674+0000] {processor.py:650} INFO - DAG(s) dict_keys(['tutorial']) retrieved from /home/airflow/.local/lib/python3.7/site-packages/airflow/example_dags/tutorial.py
[2022-10-01T00:10:31.694+0000] {logging_mixin.py:115} INFO - [2022-10-01T00:10:31.693+0000] {dag.py:2429} INFO - Sync 1 DAGs
[2022-10-01T00:10:31.709+0000] {logging_mixin.py:115} INFO - [2022-10-01T00:10:31.709+0000] {dag.py:2981} INFO - Setting next_dagrun for tutorial to 2022-09-30T00:10:31.709588+00:00, run_after=2022-10-01T00:10:31.709588+00:00
[2022-10-01T00:10:31.722+0000] {processor.py:161} INFO - Processing /home/airflow/.local/lib/python3.7/site-packages/airflow/example_dags/tutorial.py took 0.062 seconds
[2022-10-01T00:11:02.113+0000] {processor.py:153} INFO - Started process (PID=35265) to work on /home/airflow/.local/lib/python3.7/site-packages/airflow/example_dags/tutorial.py
[2022-10-01T00:11:02.115+0000] {processor.py:640} INFO - Processing file /home/airflow/.local/lib/python3.7/site-packages/airflow/example_dags/tutorial.py for tasks to queue
[2022-10-01T00:11:02.117+0000] {logging_mixin.py:115} INFO - [2022-10-01T00:11:02.117+0000] {dagbag.py:508} INFO - Filling up the DagBag from /home/airflow/.local/lib/python3.7/site-packages/airflow/example_dags/tutorial.py
[2022-10-01T00:11:02.122+0000] {processor.py:650} INFO - DAG(s) dict_keys(['tutorial']) retrieved from /home/airflow/.local/lib/python3.7/site-packages/airflow/example_dags/tutorial.py
[2022-10-01T00:11:02.143+0000] {logging_mixin.py:115} INFO - [2022-10-01T00:11:02.143+0000] {dag.py:2429} INFO - Sync 1 DAGs
[2022-10-01T00:11:02.158+0000] {logging_mixin.py:115} INFO - [2022-10-01T00:11:02.158+0000] {dag.py:2981} INFO - Setting next_dagrun for tutorial to 2022-09-30T00:11:02.158563+00:00, run_after=2022-10-01T00:11:02.158563+00:00
[2022-10-01T00:11:02.167+0000] {processor.py:161} INFO - Processing /home/airflow/.local/lib/python3.7/site-packages/airflow/example_dags/tutorial.py took 0.057 seconds
[2022-10-01T00:11:32.394+0000] {processor.py:153} INFO - Started process (PID=35331) to work on /home/airflow/.local/lib/python3.7/site-packages/airflow/example_dags/tutorial.py
[2022-10-01T00:11:32.396+0000] {processor.py:640} INFO - Processing file /home/airflow/.local/lib/python3.7/site-packages/airflow/example_dags/tutorial.py for tasks to queue
[2022-10-01T00:11:32.397+0000] {logging_mixin.py:115} INFO - [2022-10-01T00:11:32.397+0000] {dagbag.py:508} INFO - Filling up the DagBag from /home/airflow/.local/lib/python3.7/site-packages/airflow/example_dags/tutorial.py
[2022-10-01T00:11:32.403+0000] {processor.py:650} INFO - DAG(s) dict_keys(['tutorial']) retrieved from /home/airflow/.local/lib/python3.7/site-packages/airflow/example_dags/tutorial.py
[2022-10-01T00:11:32.424+0000] {logging_mixin.py:115} INFO - [2022-10-01T00:11:32.424+0000] {dag.py:2429} INFO - Sync 1 DAGs
[2022-10-01T00:11:32.439+0000] {logging_mixin.py:115} INFO - [2022-10-01T00:11:32.439+0000] {dag.py:2981} INFO - Setting next_dagrun for tutorial to 2022-09-30T00:11:32.439475+00:00, run_after=2022-10-01T00:11:32.439475+00:00
[2022-10-01T00:11:32.449+0000] {processor.py:161} INFO - Processing /home/airflow/.local/lib/python3.7/site-packages/airflow/example_dags/tutorial.py took 0.057 seconds
[2022-10-01T00:12:02.748+0000] {processor.py:153} INFO - Started process (PID=35388) to work on /home/airflow/.local/lib/python3.7/site-packages/airflow/example_dags/tutorial.py
[2022-10-01T00:12:02.749+0000] {processor.py:640} INFO - Processing file /home/airflow/.local/lib/python3.7/site-packages/airflow/example_dags/tutorial.py for tasks to queue
[2022-10-01T00:12:02.750+0000] {logging_mixin.py:115} INFO - [2022-10-01T00:12:02.750+0000] {dagbag.py:508} INFO - Filling up the DagBag from /home/airflow/.local/lib/python3.7/site-packages/airflow/example_dags/tutorial.py
[2022-10-01T00:12:02.755+0000] {processor.py:650} INFO - DAG(s) dict_keys(['tutorial']) retrieved from /home/airflow/.local/lib/python3.7/site-packages/airflow/example_dags/tutorial.py
[2022-10-01T00:12:02.775+0000] {logging_mixin.py:115} INFO - [2022-10-01T00:12:02.775+0000] {dag.py:2429} INFO - Sync 1 DAGs
[2022-10-01T00:12:02.793+0000] {logging_mixin.py:115} INFO - [2022-10-01T00:12:02.793+0000] {dag.py:2981} INFO - Setting next_dagrun for tutorial to 2022-09-30T00:12:02.793011+00:00, run_after=2022-10-01T00:12:02.793011+00:00
[2022-10-01T00:12:02.802+0000] {processor.py:161} INFO - Processing /home/airflow/.local/lib/python3.7/site-packages/airflow/example_dags/tutorial.py took 0.057 seconds
[2022-10-01T00:12:33.309+0000] {processor.py:153} INFO - Started process (PID=35455) to work on /home/airflow/.local/lib/python3.7/site-packages/airflow/example_dags/tutorial.py
[2022-10-01T00:12:33.310+0000] {processor.py:640} INFO - Processing file /home/airflow/.local/lib/python3.7/site-packages/airflow/example_dags/tutorial.py for tasks to queue
[2022-10-01T00:12:33.311+0000] {logging_mixin.py:115} INFO - [2022-10-01T00:12:33.311+0000] {dagbag.py:508} INFO - Filling up the DagBag from /home/airflow/.local/lib/python3.7/site-packages/airflow/example_dags/tutorial.py
[2022-10-01T00:12:33.318+0000] {processor.py:650} INFO - DAG(s) dict_keys(['tutorial']) retrieved from /home/airflow/.local/lib/python3.7/site-packages/airflow/example_dags/tutorial.py
[2022-10-01T00:12:33.340+0000] {logging_mixin.py:115} INFO - [2022-10-01T00:12:33.340+0000] {dag.py:2429} INFO - Sync 1 DAGs
[2022-10-01T00:12:33.354+0000] {logging_mixin.py:115} INFO - [2022-10-01T00:12:33.354+0000] {dag.py:2981} INFO - Setting next_dagrun for tutorial to 2022-09-30T00:12:33.354274+00:00, run_after=2022-10-01T00:12:33.354274+00:00
[2022-10-01T00:12:33.362+0000] {processor.py:161} INFO - Processing /home/airflow/.local/lib/python3.7/site-packages/airflow/example_dags/tutorial.py took 0.056 seconds
[2022-10-01T00:13:03.633+0000] {processor.py:153} INFO - Started process (PID=35520) to work on /home/airflow/.local/lib/python3.7/site-packages/airflow/example_dags/tutorial.py
[2022-10-01T00:13:03.638+0000] {processor.py:640} INFO - Processing file /home/airflow/.local/lib/python3.7/site-packages/airflow/example_dags/tutorial.py for tasks to queue
[2022-10-01T00:13:03.639+0000] {logging_mixin.py:115} INFO - [2022-10-01T00:13:03.639+0000] {dagbag.py:508} INFO - Filling up the DagBag from /home/airflow/.local/lib/python3.7/site-packages/airflow/example_dags/tutorial.py
[2022-10-01T00:13:03.644+0000] {processor.py:650} INFO - DAG(s) dict_keys(['tutorial']) retrieved from /home/airflow/.local/lib/python3.7/site-packages/airflow/example_dags/tutorial.py
[2022-10-01T00:13:03.664+0000] {logging_mixin.py:115} INFO - [2022-10-01T00:13:03.663+0000] {dag.py:2429} INFO - Sync 1 DAGs
[2022-10-01T00:13:03.679+0000] {logging_mixin.py:115} INFO - [2022-10-01T00:13:03.679+0000] {dag.py:2981} INFO - Setting next_dagrun for tutorial to 2022-09-30T00:13:03.679198+00:00, run_after=2022-10-01T00:13:03.679198+00:00
[2022-10-01T00:13:03.687+0000] {processor.py:161} INFO - Processing /home/airflow/.local/lib/python3.7/site-packages/airflow/example_dags/tutorial.py took 0.057 seconds
[2022-10-01T00:13:35.374+0000] {processor.py:153} INFO - Started process (PID=35589) to work on /home/airflow/.local/lib/python3.7/site-packages/airflow/example_dags/tutorial.py
[2022-10-01T00:13:35.376+0000] {processor.py:640} INFO - Processing file /home/airflow/.local/lib/python3.7/site-packages/airflow/example_dags/tutorial.py for tasks to queue
[2022-10-01T00:13:35.377+0000] {logging_mixin.py:115} INFO - [2022-10-01T00:13:35.377+0000] {dagbag.py:508} INFO - Filling up the DagBag from /home/airflow/.local/lib/python3.7/site-packages/airflow/example_dags/tutorial.py
[2022-10-01T00:13:35.382+0000] {processor.py:650} INFO - DAG(s) dict_keys(['tutorial']) retrieved from /home/airflow/.local/lib/python3.7/site-packages/airflow/example_dags/tutorial.py
[2022-10-01T00:13:35.403+0000] {logging_mixin.py:115} INFO - [2022-10-01T00:13:35.403+0000] {dag.py:2429} INFO - Sync 1 DAGs
[2022-10-01T00:13:35.423+0000] {logging_mixin.py:115} INFO - [2022-10-01T00:13:35.423+0000] {dag.py:2981} INFO - Setting next_dagrun for tutorial to 2022-09-30T00:13:35.422804+00:00, run_after=2022-10-01T00:13:35.422804+00:00
[2022-10-01T00:13:35.435+0000] {processor.py:161} INFO - Processing /home/airflow/.local/lib/python3.7/site-packages/airflow/example_dags/tutorial.py took 0.066 seconds
[2022-10-01T00:18:34.064+0000] {processor.py:153} INFO - Started process (PID=35637) to work on /home/airflow/.local/lib/python3.7/site-packages/airflow/example_dags/tutorial.py
[2022-10-01T00:18:34.067+0000] {processor.py:640} INFO - Processing file /home/airflow/.local/lib/python3.7/site-packages/airflow/example_dags/tutorial.py for tasks to queue
[2022-10-01T00:18:34.068+0000] {logging_mixin.py:115} INFO - [2022-10-01T00:18:34.068+0000] {dagbag.py:508} INFO - Filling up the DagBag from /home/airflow/.local/lib/python3.7/site-packages/airflow/example_dags/tutorial.py
[2022-10-01T00:18:34.074+0000] {processor.py:650} INFO - DAG(s) dict_keys(['tutorial']) retrieved from /home/airflow/.local/lib/python3.7/site-packages/airflow/example_dags/tutorial.py
[2022-10-01T00:18:34.102+0000] {logging_mixin.py:115} INFO - [2022-10-01T00:18:34.102+0000] {dag.py:2429} INFO - Sync 1 DAGs
[2022-10-01T00:18:34.119+0000] {logging_mixin.py:115} INFO - [2022-10-01T00:18:34.119+0000] {dag.py:2981} INFO - Setting next_dagrun for tutorial to 2022-09-30T00:18:34.119392+00:00, run_after=2022-10-01T00:18:34.119392+00:00
[2022-10-01T00:18:34.130+0000] {processor.py:161} INFO - Processing /home/airflow/.local/lib/python3.7/site-packages/airflow/example_dags/tutorial.py took 0.069 seconds
[2022-10-01T00:19:04.586+0000] {processor.py:153} INFO - Started process (PID=35703) to work on /home/airflow/.local/lib/python3.7/site-packages/airflow/example_dags/tutorial.py
[2022-10-01T00:19:04.588+0000] {processor.py:640} INFO - Processing file /home/airflow/.local/lib/python3.7/site-packages/airflow/example_dags/tutorial.py for tasks to queue
[2022-10-01T00:19:04.589+0000] {logging_mixin.py:115} INFO - [2022-10-01T00:19:04.589+0000] {dagbag.py:508} INFO - Filling up the DagBag from /home/airflow/.local/lib/python3.7/site-packages/airflow/example_dags/tutorial.py
[2022-10-01T00:19:04.595+0000] {processor.py:650} INFO - DAG(s) dict_keys(['tutorial']) retrieved from /home/airflow/.local/lib/python3.7/site-packages/airflow/example_dags/tutorial.py
[2022-10-01T00:19:04.614+0000] {logging_mixin.py:115} INFO - [2022-10-01T00:19:04.614+0000] {dag.py:2429} INFO - Sync 1 DAGs
[2022-10-01T00:19:04.628+0000] {logging_mixin.py:115} INFO - [2022-10-01T00:19:04.628+0000] {dag.py:2981} INFO - Setting next_dagrun for tutorial to 2022-09-30T00:19:04.628730+00:00, run_after=2022-10-01T00:19:04.628730+00:00
[2022-10-01T00:19:04.637+0000] {processor.py:161} INFO - Processing /home/airflow/.local/lib/python3.7/site-packages/airflow/example_dags/tutorial.py took 0.053 seconds
[2022-10-01T00:19:35.052+0000] {processor.py:153} INFO - Started process (PID=35761) to work on /home/airflow/.local/lib/python3.7/site-packages/airflow/example_dags/tutorial.py
[2022-10-01T00:19:35.055+0000] {processor.py:640} INFO - Processing file /home/airflow/.local/lib/python3.7/site-packages/airflow/example_dags/tutorial.py for tasks to queue
[2022-10-01T00:19:35.057+0000] {logging_mixin.py:115} INFO - [2022-10-01T00:19:35.056+0000] {dagbag.py:508} INFO - Filling up the DagBag from /home/airflow/.local/lib/python3.7/site-packages/airflow/example_dags/tutorial.py
[2022-10-01T00:19:35.062+0000] {processor.py:650} INFO - DAG(s) dict_keys(['tutorial']) retrieved from /home/airflow/.local/lib/python3.7/site-packages/airflow/example_dags/tutorial.py
[2022-10-01T00:19:35.084+0000] {logging_mixin.py:115} INFO - [2022-10-01T00:19:35.083+0000] {dag.py:2429} INFO - Sync 1 DAGs
[2022-10-01T00:19:35.102+0000] {logging_mixin.py:115} INFO - [2022-10-01T00:19:35.102+0000] {dag.py:2981} INFO - Setting next_dagrun for tutorial to 2022-09-30T00:19:35.102030+00:00, run_after=2022-10-01T00:19:35.102030+00:00
[2022-10-01T00:19:35.115+0000] {processor.py:161} INFO - Processing /home/airflow/.local/lib/python3.7/site-packages/airflow/example_dags/tutorial.py took 0.066 seconds
[2022-10-01T00:20:05.524+0000] {processor.py:153} INFO - Started process (PID=35825) to work on /home/airflow/.local/lib/python3.7/site-packages/airflow/example_dags/tutorial.py
[2022-10-01T00:20:05.526+0000] {processor.py:640} INFO - Processing file /home/airflow/.local/lib/python3.7/site-packages/airflow/example_dags/tutorial.py for tasks to queue
[2022-10-01T00:20:05.528+0000] {logging_mixin.py:115} INFO - [2022-10-01T00:20:05.528+0000] {dagbag.py:508} INFO - Filling up the DagBag from /home/airflow/.local/lib/python3.7/site-packages/airflow/example_dags/tutorial.py
[2022-10-01T00:20:05.533+0000] {processor.py:650} INFO - DAG(s) dict_keys(['tutorial']) retrieved from /home/airflow/.local/lib/python3.7/site-packages/airflow/example_dags/tutorial.py
[2022-10-01T00:20:05.549+0000] {logging_mixin.py:115} INFO - [2022-10-01T00:20:05.549+0000] {dag.py:2429} INFO - Sync 1 DAGs
[2022-10-01T00:20:05.563+0000] {logging_mixin.py:115} INFO - [2022-10-01T00:20:05.563+0000] {dag.py:2981} INFO - Setting next_dagrun for tutorial to 2022-09-30T00:20:05.563389+00:00, run_after=2022-10-01T00:20:05.563389+00:00
[2022-10-01T00:20:05.571+0000] {processor.py:161} INFO - Processing /home/airflow/.local/lib/python3.7/site-packages/airflow/example_dags/tutorial.py took 0.049 seconds
[2022-10-01T00:20:36.084+0000] {processor.py:153} INFO - Started process (PID=35893) to work on /home/airflow/.local/lib/python3.7/site-packages/airflow/example_dags/tutorial.py
[2022-10-01T00:20:36.086+0000] {processor.py:640} INFO - Processing file /home/airflow/.local/lib/python3.7/site-packages/airflow/example_dags/tutorial.py for tasks to queue
[2022-10-01T00:20:36.087+0000] {logging_mixin.py:115} INFO - [2022-10-01T00:20:36.087+0000] {dagbag.py:508} INFO - Filling up the DagBag from /home/airflow/.local/lib/python3.7/site-packages/airflow/example_dags/tutorial.py
[2022-10-01T00:20:36.092+0000] {processor.py:650} INFO - DAG(s) dict_keys(['tutorial']) retrieved from /home/airflow/.local/lib/python3.7/site-packages/airflow/example_dags/tutorial.py
[2022-10-01T00:20:36.112+0000] {logging_mixin.py:115} INFO - [2022-10-01T00:20:36.111+0000] {dag.py:2429} INFO - Sync 1 DAGs
[2022-10-01T00:20:36.126+0000] {logging_mixin.py:115} INFO - [2022-10-01T00:20:36.126+0000] {dag.py:2981} INFO - Setting next_dagrun for tutorial to 2022-09-30T00:20:36.126499+00:00, run_after=2022-10-01T00:20:36.126499+00:00
[2022-10-01T00:20:36.134+0000] {processor.py:161} INFO - Processing /home/airflow/.local/lib/python3.7/site-packages/airflow/example_dags/tutorial.py took 0.052 seconds
[2022-10-01T00:21:06.673+0000] {processor.py:153} INFO - Started process (PID=35959) to work on /home/airflow/.local/lib/python3.7/site-packages/airflow/example_dags/tutorial.py
[2022-10-01T00:21:06.674+0000] {processor.py:640} INFO - Processing file /home/airflow/.local/lib/python3.7/site-packages/airflow/example_dags/tutorial.py for tasks to queue
[2022-10-01T00:21:06.675+0000] {logging_mixin.py:115} INFO - [2022-10-01T00:21:06.675+0000] {dagbag.py:508} INFO - Filling up the DagBag from /home/airflow/.local/lib/python3.7/site-packages/airflow/example_dags/tutorial.py
[2022-10-01T00:21:06.680+0000] {processor.py:650} INFO - DAG(s) dict_keys(['tutorial']) retrieved from /home/airflow/.local/lib/python3.7/site-packages/airflow/example_dags/tutorial.py
[2022-10-01T00:21:06.700+0000] {logging_mixin.py:115} INFO - [2022-10-01T00:21:06.700+0000] {dag.py:2429} INFO - Sync 1 DAGs
[2022-10-01T00:21:06.720+0000] {logging_mixin.py:115} INFO - [2022-10-01T00:21:06.720+0000] {dag.py:2981} INFO - Setting next_dagrun for tutorial to 2022-09-30T00:21:06.720116+00:00, run_after=2022-10-01T00:21:06.720116+00:00
[2022-10-01T00:21:06.732+0000] {processor.py:161} INFO - Processing /home/airflow/.local/lib/python3.7/site-packages/airflow/example_dags/tutorial.py took 0.063 seconds
[2022-10-01T00:21:37.147+0000] {processor.py:153} INFO - Started process (PID=36015) to work on /home/airflow/.local/lib/python3.7/site-packages/airflow/example_dags/tutorial.py
[2022-10-01T00:21:37.149+0000] {processor.py:640} INFO - Processing file /home/airflow/.local/lib/python3.7/site-packages/airflow/example_dags/tutorial.py for tasks to queue
[2022-10-01T00:21:37.150+0000] {logging_mixin.py:115} INFO - [2022-10-01T00:21:37.150+0000] {dagbag.py:508} INFO - Filling up the DagBag from /home/airflow/.local/lib/python3.7/site-packages/airflow/example_dags/tutorial.py
[2022-10-01T00:21:37.155+0000] {processor.py:650} INFO - DAG(s) dict_keys(['tutorial']) retrieved from /home/airflow/.local/lib/python3.7/site-packages/airflow/example_dags/tutorial.py
[2022-10-01T00:21:37.172+0000] {logging_mixin.py:115} INFO - [2022-10-01T00:21:37.172+0000] {dag.py:2429} INFO - Sync 1 DAGs
[2022-10-01T00:21:37.185+0000] {logging_mixin.py:115} INFO - [2022-10-01T00:21:37.185+0000] {dag.py:2981} INFO - Setting next_dagrun for tutorial to 2022-09-30T00:21:37.185661+00:00, run_after=2022-10-01T00:21:37.185661+00:00
[2022-10-01T00:21:37.193+0000] {processor.py:161} INFO - Processing /home/airflow/.local/lib/python3.7/site-packages/airflow/example_dags/tutorial.py took 0.049 seconds
[2022-10-01T00:22:07.558+0000] {processor.py:153} INFO - Started process (PID=36081) to work on /home/airflow/.local/lib/python3.7/site-packages/airflow/example_dags/tutorial.py
[2022-10-01T00:22:07.560+0000] {processor.py:640} INFO - Processing file /home/airflow/.local/lib/python3.7/site-packages/airflow/example_dags/tutorial.py for tasks to queue
[2022-10-01T00:22:07.561+0000] {logging_mixin.py:115} INFO - [2022-10-01T00:22:07.561+0000] {dagbag.py:508} INFO - Filling up the DagBag from /home/airflow/.local/lib/python3.7/site-packages/airflow/example_dags/tutorial.py
[2022-10-01T00:22:07.566+0000] {processor.py:650} INFO - DAG(s) dict_keys(['tutorial']) retrieved from /home/airflow/.local/lib/python3.7/site-packages/airflow/example_dags/tutorial.py
[2022-10-01T00:22:07.584+0000] {logging_mixin.py:115} INFO - [2022-10-01T00:22:07.584+0000] {dag.py:2429} INFO - Sync 1 DAGs
[2022-10-01T00:22:07.598+0000] {logging_mixin.py:115} INFO - [2022-10-01T00:22:07.598+0000] {dag.py:2981} INFO - Setting next_dagrun for tutorial to 2022-09-30T00:22:07.598502+00:00, run_after=2022-10-01T00:22:07.598502+00:00
[2022-10-01T00:22:07.606+0000] {processor.py:161} INFO - Processing /home/airflow/.local/lib/python3.7/site-packages/airflow/example_dags/tutorial.py took 0.051 seconds
[2022-10-01T00:22:37.820+0000] {processor.py:153} INFO - Started process (PID=36147) to work on /home/airflow/.local/lib/python3.7/site-packages/airflow/example_dags/tutorial.py
[2022-10-01T00:22:37.822+0000] {processor.py:640} INFO - Processing file /home/airflow/.local/lib/python3.7/site-packages/airflow/example_dags/tutorial.py for tasks to queue
[2022-10-01T00:22:37.826+0000] {logging_mixin.py:115} INFO - [2022-10-01T00:22:37.826+0000] {dagbag.py:508} INFO - Filling up the DagBag from /home/airflow/.local/lib/python3.7/site-packages/airflow/example_dags/tutorial.py
[2022-10-01T00:22:37.831+0000] {processor.py:650} INFO - DAG(s) dict_keys(['tutorial']) retrieved from /home/airflow/.local/lib/python3.7/site-packages/airflow/example_dags/tutorial.py
[2022-10-01T00:22:37.861+0000] {logging_mixin.py:115} INFO - [2022-10-01T00:22:37.861+0000] {dag.py:2429} INFO - Sync 1 DAGs
[2022-10-01T00:22:37.880+0000] {logging_mixin.py:115} INFO - [2022-10-01T00:22:37.880+0000] {dag.py:2981} INFO - Setting next_dagrun for tutorial to 2022-09-30T00:22:37.880338+00:00, run_after=2022-10-01T00:22:37.880338+00:00
[2022-10-01T00:22:37.889+0000] {processor.py:161} INFO - Processing /home/airflow/.local/lib/python3.7/site-packages/airflow/example_dags/tutorial.py took 0.073 seconds
[2022-10-01T00:23:08.227+0000] {processor.py:153} INFO - Started process (PID=36204) to work on /home/airflow/.local/lib/python3.7/site-packages/airflow/example_dags/tutorial.py
[2022-10-01T00:23:08.230+0000] {processor.py:640} INFO - Processing file /home/airflow/.local/lib/python3.7/site-packages/airflow/example_dags/tutorial.py for tasks to queue
[2022-10-01T00:23:08.231+0000] {logging_mixin.py:115} INFO - [2022-10-01T00:23:08.231+0000] {dagbag.py:508} INFO - Filling up the DagBag from /home/airflow/.local/lib/python3.7/site-packages/airflow/example_dags/tutorial.py
[2022-10-01T00:23:08.237+0000] {processor.py:650} INFO - DAG(s) dict_keys(['tutorial']) retrieved from /home/airflow/.local/lib/python3.7/site-packages/airflow/example_dags/tutorial.py
[2022-10-01T00:23:08.261+0000] {logging_mixin.py:115} INFO - [2022-10-01T00:23:08.261+0000] {dag.py:2429} INFO - Sync 1 DAGs
[2022-10-01T00:23:08.279+0000] {logging_mixin.py:115} INFO - [2022-10-01T00:23:08.279+0000] {dag.py:2981} INFO - Setting next_dagrun for tutorial to 2022-09-30T00:23:08.279518+00:00, run_after=2022-10-01T00:23:08.279518+00:00
[2022-10-01T00:23:08.289+0000] {processor.py:161} INFO - Processing /home/airflow/.local/lib/python3.7/site-packages/airflow/example_dags/tutorial.py took 0.064 seconds
[2022-10-01T00:23:38.774+0000] {processor.py:153} INFO - Started process (PID=36271) to work on /home/airflow/.local/lib/python3.7/site-packages/airflow/example_dags/tutorial.py
[2022-10-01T00:23:38.776+0000] {processor.py:640} INFO - Processing file /home/airflow/.local/lib/python3.7/site-packages/airflow/example_dags/tutorial.py for tasks to queue
[2022-10-01T00:23:38.777+0000] {logging_mixin.py:115} INFO - [2022-10-01T00:23:38.777+0000] {dagbag.py:508} INFO - Filling up the DagBag from /home/airflow/.local/lib/python3.7/site-packages/airflow/example_dags/tutorial.py
[2022-10-01T00:23:38.782+0000] {processor.py:650} INFO - DAG(s) dict_keys(['tutorial']) retrieved from /home/airflow/.local/lib/python3.7/site-packages/airflow/example_dags/tutorial.py
[2022-10-01T00:23:38.802+0000] {logging_mixin.py:115} INFO - [2022-10-01T00:23:38.801+0000] {dag.py:2429} INFO - Sync 1 DAGs
[2022-10-01T00:23:38.818+0000] {logging_mixin.py:115} INFO - [2022-10-01T00:23:38.818+0000] {dag.py:2981} INFO - Setting next_dagrun for tutorial to 2022-09-30T00:23:38.818543+00:00, run_after=2022-10-01T00:23:38.818543+00:00
[2022-10-01T00:23:38.826+0000] {processor.py:161} INFO - Processing /home/airflow/.local/lib/python3.7/site-packages/airflow/example_dags/tutorial.py took 0.055 seconds
[2022-10-01T00:24:09.021+0000] {processor.py:153} INFO - Started process (PID=36339) to work on /home/airflow/.local/lib/python3.7/site-packages/airflow/example_dags/tutorial.py
[2022-10-01T00:24:09.023+0000] {processor.py:640} INFO - Processing file /home/airflow/.local/lib/python3.7/site-packages/airflow/example_dags/tutorial.py for tasks to queue
[2022-10-01T00:24:09.024+0000] {logging_mixin.py:115} INFO - [2022-10-01T00:24:09.024+0000] {dagbag.py:508} INFO - Filling up the DagBag from /home/airflow/.local/lib/python3.7/site-packages/airflow/example_dags/tutorial.py
[2022-10-01T00:24:09.030+0000] {processor.py:650} INFO - DAG(s) dict_keys(['tutorial']) retrieved from /home/airflow/.local/lib/python3.7/site-packages/airflow/example_dags/tutorial.py
[2022-10-01T00:24:09.048+0000] {logging_mixin.py:115} INFO - [2022-10-01T00:24:09.048+0000] {dag.py:2429} INFO - Sync 1 DAGs
[2022-10-01T00:24:09.061+0000] {logging_mixin.py:115} INFO - [2022-10-01T00:24:09.061+0000] {dag.py:2981} INFO - Setting next_dagrun for tutorial to 2022-09-30T00:24:09.060961+00:00, run_after=2022-10-01T00:24:09.060961+00:00
[2022-10-01T00:24:09.068+0000] {processor.py:161} INFO - Processing /home/airflow/.local/lib/python3.7/site-packages/airflow/example_dags/tutorial.py took 0.049 seconds
[2022-10-01T00:24:39.892+0000] {processor.py:153} INFO - Started process (PID=36405) to work on /home/airflow/.local/lib/python3.7/site-packages/airflow/example_dags/tutorial.py
[2022-10-01T00:24:39.897+0000] {processor.py:640} INFO - Processing file /home/airflow/.local/lib/python3.7/site-packages/airflow/example_dags/tutorial.py for tasks to queue
[2022-10-01T00:24:39.900+0000] {logging_mixin.py:115} INFO - [2022-10-01T00:24:39.900+0000] {dagbag.py:508} INFO - Filling up the DagBag from /home/airflow/.local/lib/python3.7/site-packages/airflow/example_dags/tutorial.py
[2022-10-01T00:24:39.907+0000] {processor.py:650} INFO - DAG(s) dict_keys(['tutorial']) retrieved from /home/airflow/.local/lib/python3.7/site-packages/airflow/example_dags/tutorial.py
[2022-10-01T00:24:39.954+0000] {logging_mixin.py:115} INFO - [2022-10-01T00:24:39.953+0000] {dag.py:2429} INFO - Sync 1 DAGs
[2022-10-01T00:24:39.968+0000] {logging_mixin.py:115} INFO - [2022-10-01T00:24:39.968+0000] {dag.py:2981} INFO - Setting next_dagrun for tutorial to 2022-09-30T00:24:39.968372+00:00, run_after=2022-10-01T00:24:39.968372+00:00
[2022-10-01T00:24:39.985+0000] {processor.py:161} INFO - Processing /home/airflow/.local/lib/python3.7/site-packages/airflow/example_dags/tutorial.py took 0.097 seconds
[2022-10-01T00:25:10.266+0000] {processor.py:153} INFO - Started process (PID=36462) to work on /home/airflow/.local/lib/python3.7/site-packages/airflow/example_dags/tutorial.py
[2022-10-01T00:25:10.268+0000] {processor.py:640} INFO - Processing file /home/airflow/.local/lib/python3.7/site-packages/airflow/example_dags/tutorial.py for tasks to queue
[2022-10-01T00:25:10.269+0000] {logging_mixin.py:115} INFO - [2022-10-01T00:25:10.269+0000] {dagbag.py:508} INFO - Filling up the DagBag from /home/airflow/.local/lib/python3.7/site-packages/airflow/example_dags/tutorial.py
[2022-10-01T00:25:10.274+0000] {processor.py:650} INFO - DAG(s) dict_keys(['tutorial']) retrieved from /home/airflow/.local/lib/python3.7/site-packages/airflow/example_dags/tutorial.py
[2022-10-01T00:25:10.293+0000] {logging_mixin.py:115} INFO - [2022-10-01T00:25:10.293+0000] {dag.py:2429} INFO - Sync 1 DAGs
[2022-10-01T00:25:10.307+0000] {logging_mixin.py:115} INFO - [2022-10-01T00:25:10.307+0000] {dag.py:2981} INFO - Setting next_dagrun for tutorial to 2022-09-30T00:25:10.307143+00:00, run_after=2022-10-01T00:25:10.307143+00:00
[2022-10-01T00:25:10.315+0000] {processor.py:161} INFO - Processing /home/airflow/.local/lib/python3.7/site-packages/airflow/example_dags/tutorial.py took 0.052 seconds
[2022-10-01T00:25:40.703+0000] {processor.py:153} INFO - Started process (PID=36528) to work on /home/airflow/.local/lib/python3.7/site-packages/airflow/example_dags/tutorial.py
[2022-10-01T00:25:40.704+0000] {processor.py:640} INFO - Processing file /home/airflow/.local/lib/python3.7/site-packages/airflow/example_dags/tutorial.py for tasks to queue
[2022-10-01T00:25:40.706+0000] {logging_mixin.py:115} INFO - [2022-10-01T00:25:40.706+0000] {dagbag.py:508} INFO - Filling up the DagBag from /home/airflow/.local/lib/python3.7/site-packages/airflow/example_dags/tutorial.py
[2022-10-01T00:25:40.710+0000] {processor.py:650} INFO - DAG(s) dict_keys(['tutorial']) retrieved from /home/airflow/.local/lib/python3.7/site-packages/airflow/example_dags/tutorial.py
[2022-10-01T00:25:40.731+0000] {logging_mixin.py:115} INFO - [2022-10-01T00:25:40.731+0000] {dag.py:2429} INFO - Sync 1 DAGs
[2022-10-01T00:25:40.746+0000] {logging_mixin.py:115} INFO - [2022-10-01T00:25:40.746+0000] {dag.py:2981} INFO - Setting next_dagrun for tutorial to 2022-09-30T00:25:40.746467+00:00, run_after=2022-10-01T00:25:40.746467+00:00
[2022-10-01T00:25:40.754+0000] {processor.py:161} INFO - Processing /home/airflow/.local/lib/python3.7/site-packages/airflow/example_dags/tutorial.py took 0.054 seconds
[2022-10-01T00:26:11.193+0000] {processor.py:153} INFO - Started process (PID=36594) to work on /home/airflow/.local/lib/python3.7/site-packages/airflow/example_dags/tutorial.py
[2022-10-01T00:26:11.195+0000] {processor.py:640} INFO - Processing file /home/airflow/.local/lib/python3.7/site-packages/airflow/example_dags/tutorial.py for tasks to queue
[2022-10-01T00:26:11.196+0000] {logging_mixin.py:115} INFO - [2022-10-01T00:26:11.196+0000] {dagbag.py:508} INFO - Filling up the DagBag from /home/airflow/.local/lib/python3.7/site-packages/airflow/example_dags/tutorial.py
[2022-10-01T00:26:11.202+0000] {processor.py:650} INFO - DAG(s) dict_keys(['tutorial']) retrieved from /home/airflow/.local/lib/python3.7/site-packages/airflow/example_dags/tutorial.py
[2022-10-01T00:26:11.221+0000] {logging_mixin.py:115} INFO - [2022-10-01T00:26:11.221+0000] {dag.py:2429} INFO - Sync 1 DAGs
[2022-10-01T00:26:11.238+0000] {logging_mixin.py:115} INFO - [2022-10-01T00:26:11.238+0000] {dag.py:2981} INFO - Setting next_dagrun for tutorial to 2022-09-30T00:26:11.238381+00:00, run_after=2022-10-01T00:26:11.238381+00:00
[2022-10-01T00:26:11.247+0000] {processor.py:161} INFO - Processing /home/airflow/.local/lib/python3.7/site-packages/airflow/example_dags/tutorial.py took 0.057 seconds
[2022-10-01T00:26:41.374+0000] {processor.py:153} INFO - Started process (PID=36651) to work on /home/airflow/.local/lib/python3.7/site-packages/airflow/example_dags/tutorial.py
[2022-10-01T00:26:41.376+0000] {processor.py:640} INFO - Processing file /home/airflow/.local/lib/python3.7/site-packages/airflow/example_dags/tutorial.py for tasks to queue
[2022-10-01T00:26:41.377+0000] {logging_mixin.py:115} INFO - [2022-10-01T00:26:41.377+0000] {dagbag.py:508} INFO - Filling up the DagBag from /home/airflow/.local/lib/python3.7/site-packages/airflow/example_dags/tutorial.py
[2022-10-01T00:26:41.381+0000] {processor.py:650} INFO - DAG(s) dict_keys(['tutorial']) retrieved from /home/airflow/.local/lib/python3.7/site-packages/airflow/example_dags/tutorial.py
[2022-10-01T00:26:41.403+0000] {logging_mixin.py:115} INFO - [2022-10-01T00:26:41.403+0000] {dag.py:2429} INFO - Sync 1 DAGs
[2022-10-01T00:26:41.417+0000] {logging_mixin.py:115} INFO - [2022-10-01T00:26:41.417+0000] {dag.py:2981} INFO - Setting next_dagrun for tutorial to 2022-09-30T00:26:41.417570+00:00, run_after=2022-10-01T00:26:41.417570+00:00
[2022-10-01T00:26:41.426+0000] {processor.py:161} INFO - Processing /home/airflow/.local/lib/python3.7/site-packages/airflow/example_dags/tutorial.py took 0.054 seconds
[2022-10-01T00:27:11.738+0000] {processor.py:153} INFO - Started process (PID=36716) to work on /home/airflow/.local/lib/python3.7/site-packages/airflow/example_dags/tutorial.py
[2022-10-01T00:27:11.740+0000] {processor.py:640} INFO - Processing file /home/airflow/.local/lib/python3.7/site-packages/airflow/example_dags/tutorial.py for tasks to queue
[2022-10-01T00:27:11.741+0000] {logging_mixin.py:115} INFO - [2022-10-01T00:27:11.741+0000] {dagbag.py:508} INFO - Filling up the DagBag from /home/airflow/.local/lib/python3.7/site-packages/airflow/example_dags/tutorial.py
[2022-10-01T00:27:11.746+0000] {processor.py:650} INFO - DAG(s) dict_keys(['tutorial']) retrieved from /home/airflow/.local/lib/python3.7/site-packages/airflow/example_dags/tutorial.py
[2022-10-01T00:27:11.764+0000] {logging_mixin.py:115} INFO - [2022-10-01T00:27:11.764+0000] {dag.py:2429} INFO - Sync 1 DAGs
[2022-10-01T00:27:11.777+0000] {logging_mixin.py:115} INFO - [2022-10-01T00:27:11.777+0000] {dag.py:2981} INFO - Setting next_dagrun for tutorial to 2022-09-30T00:27:11.777575+00:00, run_after=2022-10-01T00:27:11.777575+00:00
[2022-10-01T00:27:11.787+0000] {processor.py:161} INFO - Processing /home/airflow/.local/lib/python3.7/site-packages/airflow/example_dags/tutorial.py took 0.051 seconds
[2022-10-01T00:27:42.607+0000] {processor.py:153} INFO - Started process (PID=36782) to work on /home/airflow/.local/lib/python3.7/site-packages/airflow/example_dags/tutorial.py
[2022-10-01T00:27:42.609+0000] {processor.py:640} INFO - Processing file /home/airflow/.local/lib/python3.7/site-packages/airflow/example_dags/tutorial.py for tasks to queue
[2022-10-01T00:27:42.610+0000] {logging_mixin.py:115} INFO - [2022-10-01T00:27:42.610+0000] {dagbag.py:508} INFO - Filling up the DagBag from /home/airflow/.local/lib/python3.7/site-packages/airflow/example_dags/tutorial.py
[2022-10-01T00:27:42.615+0000] {processor.py:650} INFO - DAG(s) dict_keys(['tutorial']) retrieved from /home/airflow/.local/lib/python3.7/site-packages/airflow/example_dags/tutorial.py
[2022-10-01T00:27:42.635+0000] {logging_mixin.py:115} INFO - [2022-10-01T00:27:42.634+0000] {dag.py:2429} INFO - Sync 1 DAGs
[2022-10-01T00:27:42.652+0000] {logging_mixin.py:115} INFO - [2022-10-01T00:27:42.652+0000] {dag.py:2981} INFO - Setting next_dagrun for tutorial to 2022-09-30T00:27:42.651957+00:00, run_after=2022-10-01T00:27:42.651957+00:00
[2022-10-01T00:27:42.666+0000] {processor.py:161} INFO - Processing /home/airflow/.local/lib/python3.7/site-packages/airflow/example_dags/tutorial.py took 0.061 seconds
[2022-10-01T00:28:13.162+0000] {processor.py:153} INFO - Started process (PID=36839) to work on /home/airflow/.local/lib/python3.7/site-packages/airflow/example_dags/tutorial.py
[2022-10-01T00:28:13.164+0000] {processor.py:640} INFO - Processing file /home/airflow/.local/lib/python3.7/site-packages/airflow/example_dags/tutorial.py for tasks to queue
[2022-10-01T00:28:13.165+0000] {logging_mixin.py:115} INFO - [2022-10-01T00:28:13.165+0000] {dagbag.py:508} INFO - Filling up the DagBag from /home/airflow/.local/lib/python3.7/site-packages/airflow/example_dags/tutorial.py
[2022-10-01T00:28:13.169+0000] {processor.py:650} INFO - DAG(s) dict_keys(['tutorial']) retrieved from /home/airflow/.local/lib/python3.7/site-packages/airflow/example_dags/tutorial.py
[2022-10-01T00:28:13.189+0000] {logging_mixin.py:115} INFO - [2022-10-01T00:28:13.189+0000] {dag.py:2429} INFO - Sync 1 DAGs
[2022-10-01T00:28:13.205+0000] {logging_mixin.py:115} INFO - [2022-10-01T00:28:13.205+0000] {dag.py:2981} INFO - Setting next_dagrun for tutorial to 2022-09-30T00:28:13.205336+00:00, run_after=2022-10-01T00:28:13.205336+00:00
[2022-10-01T00:28:13.214+0000] {processor.py:161} INFO - Processing /home/airflow/.local/lib/python3.7/site-packages/airflow/example_dags/tutorial.py took 0.054 seconds
[2022-10-01T00:28:43.766+0000] {processor.py:153} INFO - Started process (PID=36905) to work on /home/airflow/.local/lib/python3.7/site-packages/airflow/example_dags/tutorial.py
[2022-10-01T00:28:43.768+0000] {processor.py:640} INFO - Processing file /home/airflow/.local/lib/python3.7/site-packages/airflow/example_dags/tutorial.py for tasks to queue
[2022-10-01T00:28:43.769+0000] {logging_mixin.py:115} INFO - [2022-10-01T00:28:43.769+0000] {dagbag.py:508} INFO - Filling up the DagBag from /home/airflow/.local/lib/python3.7/site-packages/airflow/example_dags/tutorial.py
[2022-10-01T00:28:43.774+0000] {processor.py:650} INFO - DAG(s) dict_keys(['tutorial']) retrieved from /home/airflow/.local/lib/python3.7/site-packages/airflow/example_dags/tutorial.py
[2022-10-01T00:28:43.793+0000] {logging_mixin.py:115} INFO - [2022-10-01T00:28:43.793+0000] {dag.py:2429} INFO - Sync 1 DAGs
[2022-10-01T00:28:43.807+0000] {logging_mixin.py:115} INFO - [2022-10-01T00:28:43.807+0000] {dag.py:2981} INFO - Setting next_dagrun for tutorial to 2022-09-30T00:28:43.807404+00:00, run_after=2022-10-01T00:28:43.807404+00:00
[2022-10-01T00:28:43.815+0000] {processor.py:161} INFO - Processing /home/airflow/.local/lib/python3.7/site-packages/airflow/example_dags/tutorial.py took 0.052 seconds
[2022-10-01T00:29:14.307+0000] {processor.py:153} INFO - Started process (PID=36971) to work on /home/airflow/.local/lib/python3.7/site-packages/airflow/example_dags/tutorial.py
[2022-10-01T00:29:14.309+0000] {processor.py:640} INFO - Processing file /home/airflow/.local/lib/python3.7/site-packages/airflow/example_dags/tutorial.py for tasks to queue
[2022-10-01T00:29:14.310+0000] {logging_mixin.py:115} INFO - [2022-10-01T00:29:14.310+0000] {dagbag.py:508} INFO - Filling up the DagBag from /home/airflow/.local/lib/python3.7/site-packages/airflow/example_dags/tutorial.py
[2022-10-01T00:29:14.316+0000] {processor.py:650} INFO - DAG(s) dict_keys(['tutorial']) retrieved from /home/airflow/.local/lib/python3.7/site-packages/airflow/example_dags/tutorial.py
[2022-10-01T00:29:14.340+0000] {logging_mixin.py:115} INFO - [2022-10-01T00:29:14.340+0000] {dag.py:2429} INFO - Sync 1 DAGs
[2022-10-01T00:29:14.353+0000] {logging_mixin.py:115} INFO - [2022-10-01T00:29:14.353+0000] {dag.py:2981} INFO - Setting next_dagrun for tutorial to 2022-09-30T00:29:14.353396+00:00, run_after=2022-10-01T00:29:14.353396+00:00
[2022-10-01T00:29:14.361+0000] {processor.py:161} INFO - Processing /home/airflow/.local/lib/python3.7/site-packages/airflow/example_dags/tutorial.py took 0.056 seconds
[2022-10-01T00:29:45.057+0000] {processor.py:153} INFO - Started process (PID=37034) to work on /home/airflow/.local/lib/python3.7/site-packages/airflow/example_dags/tutorial.py
[2022-10-01T00:29:45.058+0000] {processor.py:640} INFO - Processing file /home/airflow/.local/lib/python3.7/site-packages/airflow/example_dags/tutorial.py for tasks to queue
[2022-10-01T00:29:45.059+0000] {logging_mixin.py:115} INFO - [2022-10-01T00:29:45.059+0000] {dagbag.py:508} INFO - Filling up the DagBag from /home/airflow/.local/lib/python3.7/site-packages/airflow/example_dags/tutorial.py
[2022-10-01T00:29:45.067+0000] {processor.py:650} INFO - DAG(s) dict_keys(['tutorial']) retrieved from /home/airflow/.local/lib/python3.7/site-packages/airflow/example_dags/tutorial.py
[2022-10-01T00:29:45.087+0000] {logging_mixin.py:115} INFO - [2022-10-01T00:29:45.086+0000] {dag.py:2429} INFO - Sync 1 DAGs
[2022-10-01T00:29:45.106+0000] {logging_mixin.py:115} INFO - [2022-10-01T00:29:45.106+0000] {dag.py:2981} INFO - Setting next_dagrun for tutorial to 2022-09-30T00:29:45.106638+00:00, run_after=2022-10-01T00:29:45.106638+00:00
[2022-10-01T00:29:45.116+0000] {processor.py:161} INFO - Processing /home/airflow/.local/lib/python3.7/site-packages/airflow/example_dags/tutorial.py took 0.062 seconds
[2022-10-01T00:30:15.590+0000] {processor.py:153} INFO - Started process (PID=37093) to work on /home/airflow/.local/lib/python3.7/site-packages/airflow/example_dags/tutorial.py
[2022-10-01T00:30:15.592+0000] {processor.py:640} INFO - Processing file /home/airflow/.local/lib/python3.7/site-packages/airflow/example_dags/tutorial.py for tasks to queue
[2022-10-01T00:30:15.594+0000] {logging_mixin.py:115} INFO - [2022-10-01T00:30:15.594+0000] {dagbag.py:508} INFO - Filling up the DagBag from /home/airflow/.local/lib/python3.7/site-packages/airflow/example_dags/tutorial.py
[2022-10-01T00:30:15.599+0000] {processor.py:650} INFO - DAG(s) dict_keys(['tutorial']) retrieved from /home/airflow/.local/lib/python3.7/site-packages/airflow/example_dags/tutorial.py
[2022-10-01T00:30:15.616+0000] {logging_mixin.py:115} INFO - [2022-10-01T00:30:15.616+0000] {dag.py:2429} INFO - Sync 1 DAGs
[2022-10-01T00:30:15.631+0000] {logging_mixin.py:115} INFO - [2022-10-01T00:30:15.631+0000] {dag.py:2981} INFO - Setting next_dagrun for tutorial to 2022-09-30T00:30:15.631202+00:00, run_after=2022-10-01T00:30:15.631202+00:00
[2022-10-01T00:30:15.642+0000] {processor.py:161} INFO - Processing /home/airflow/.local/lib/python3.7/site-packages/airflow/example_dags/tutorial.py took 0.054 seconds
[2022-10-01T00:30:45.945+0000] {processor.py:153} INFO - Started process (PID=37159) to work on /home/airflow/.local/lib/python3.7/site-packages/airflow/example_dags/tutorial.py
[2022-10-01T00:30:45.947+0000] {processor.py:640} INFO - Processing file /home/airflow/.local/lib/python3.7/site-packages/airflow/example_dags/tutorial.py for tasks to queue
[2022-10-01T00:30:45.949+0000] {logging_mixin.py:115} INFO - [2022-10-01T00:30:45.949+0000] {dagbag.py:508} INFO - Filling up the DagBag from /home/airflow/.local/lib/python3.7/site-packages/airflow/example_dags/tutorial.py
[2022-10-01T00:30:45.953+0000] {processor.py:650} INFO - DAG(s) dict_keys(['tutorial']) retrieved from /home/airflow/.local/lib/python3.7/site-packages/airflow/example_dags/tutorial.py
[2022-10-01T00:30:45.970+0000] {logging_mixin.py:115} INFO - [2022-10-01T00:30:45.970+0000] {dag.py:2429} INFO - Sync 1 DAGs
[2022-10-01T00:30:45.982+0000] {logging_mixin.py:115} INFO - [2022-10-01T00:30:45.982+0000] {dag.py:2981} INFO - Setting next_dagrun for tutorial to 2022-09-30T00:30:45.982628+00:00, run_after=2022-10-01T00:30:45.982628+00:00
[2022-10-01T00:30:45.991+0000] {processor.py:161} INFO - Processing /home/airflow/.local/lib/python3.7/site-packages/airflow/example_dags/tutorial.py took 0.048 seconds
[2022-10-01T00:31:16.448+0000] {processor.py:153} INFO - Started process (PID=37225) to work on /home/airflow/.local/lib/python3.7/site-packages/airflow/example_dags/tutorial.py
[2022-10-01T00:31:16.450+0000] {processor.py:640} INFO - Processing file /home/airflow/.local/lib/python3.7/site-packages/airflow/example_dags/tutorial.py for tasks to queue
[2022-10-01T00:31:16.451+0000] {logging_mixin.py:115} INFO - [2022-10-01T00:31:16.451+0000] {dagbag.py:508} INFO - Filling up the DagBag from /home/airflow/.local/lib/python3.7/site-packages/airflow/example_dags/tutorial.py
[2022-10-01T00:31:16.456+0000] {processor.py:650} INFO - DAG(s) dict_keys(['tutorial']) retrieved from /home/airflow/.local/lib/python3.7/site-packages/airflow/example_dags/tutorial.py
[2022-10-01T00:31:16.473+0000] {logging_mixin.py:115} INFO - [2022-10-01T00:31:16.473+0000] {dag.py:2429} INFO - Sync 1 DAGs
[2022-10-01T00:31:16.486+0000] {logging_mixin.py:115} INFO - [2022-10-01T00:31:16.486+0000] {dag.py:2981} INFO - Setting next_dagrun for tutorial to 2022-09-30T00:31:16.486414+00:00, run_after=2022-10-01T00:31:16.486414+00:00
[2022-10-01T00:31:16.493+0000] {processor.py:161} INFO - Processing /home/airflow/.local/lib/python3.7/site-packages/airflow/example_dags/tutorial.py took 0.048 seconds
[2022-10-01T00:31:47.110+0000] {processor.py:153} INFO - Started process (PID=37282) to work on /home/airflow/.local/lib/python3.7/site-packages/airflow/example_dags/tutorial.py
[2022-10-01T00:31:47.112+0000] {processor.py:640} INFO - Processing file /home/airflow/.local/lib/python3.7/site-packages/airflow/example_dags/tutorial.py for tasks to queue
[2022-10-01T00:31:47.113+0000] {logging_mixin.py:115} INFO - [2022-10-01T00:31:47.113+0000] {dagbag.py:508} INFO - Filling up the DagBag from /home/airflow/.local/lib/python3.7/site-packages/airflow/example_dags/tutorial.py
[2022-10-01T00:31:47.119+0000] {processor.py:650} INFO - DAG(s) dict_keys(['tutorial']) retrieved from /home/airflow/.local/lib/python3.7/site-packages/airflow/example_dags/tutorial.py
[2022-10-01T00:31:47.140+0000] {logging_mixin.py:115} INFO - [2022-10-01T00:31:47.140+0000] {dag.py:2429} INFO - Sync 1 DAGs
[2022-10-01T00:31:47.154+0000] {logging_mixin.py:115} INFO - [2022-10-01T00:31:47.153+0000] {dag.py:2981} INFO - Setting next_dagrun for tutorial to 2022-09-30T00:31:47.153758+00:00, run_after=2022-10-01T00:31:47.153758+00:00
[2022-10-01T00:31:47.162+0000] {processor.py:161} INFO - Processing /home/airflow/.local/lib/python3.7/site-packages/airflow/example_dags/tutorial.py took 0.054 seconds
[2022-10-01T00:32:17.452+0000] {processor.py:153} INFO - Started process (PID=37348) to work on /home/airflow/.local/lib/python3.7/site-packages/airflow/example_dags/tutorial.py
[2022-10-01T00:32:17.454+0000] {processor.py:640} INFO - Processing file /home/airflow/.local/lib/python3.7/site-packages/airflow/example_dags/tutorial.py for tasks to queue
[2022-10-01T00:32:17.456+0000] {logging_mixin.py:115} INFO - [2022-10-01T00:32:17.455+0000] {dagbag.py:508} INFO - Filling up the DagBag from /home/airflow/.local/lib/python3.7/site-packages/airflow/example_dags/tutorial.py
[2022-10-01T00:32:17.461+0000] {processor.py:650} INFO - DAG(s) dict_keys(['tutorial']) retrieved from /home/airflow/.local/lib/python3.7/site-packages/airflow/example_dags/tutorial.py
[2022-10-01T00:32:17.479+0000] {logging_mixin.py:115} INFO - [2022-10-01T00:32:17.479+0000] {dag.py:2429} INFO - Sync 1 DAGs
[2022-10-01T00:32:17.493+0000] {logging_mixin.py:115} INFO - [2022-10-01T00:32:17.492+0000] {dag.py:2981} INFO - Setting next_dagrun for tutorial to 2022-09-30T00:32:17.492778+00:00, run_after=2022-10-01T00:32:17.492778+00:00
[2022-10-01T00:32:17.502+0000] {processor.py:161} INFO - Processing /home/airflow/.local/lib/python3.7/site-packages/airflow/example_dags/tutorial.py took 0.052 seconds
[2022-10-01T00:32:48.237+0000] {processor.py:153} INFO - Started process (PID=37413) to work on /home/airflow/.local/lib/python3.7/site-packages/airflow/example_dags/tutorial.py
[2022-10-01T00:32:48.241+0000] {processor.py:640} INFO - Processing file /home/airflow/.local/lib/python3.7/site-packages/airflow/example_dags/tutorial.py for tasks to queue
[2022-10-01T00:32:48.253+0000] {logging_mixin.py:115} INFO - [2022-10-01T00:32:48.253+0000] {dagbag.py:508} INFO - Filling up the DagBag from /home/airflow/.local/lib/python3.7/site-packages/airflow/example_dags/tutorial.py
[2022-10-01T00:32:48.269+0000] {processor.py:650} INFO - DAG(s) dict_keys(['tutorial']) retrieved from /home/airflow/.local/lib/python3.7/site-packages/airflow/example_dags/tutorial.py
[2022-10-01T00:32:48.314+0000] {logging_mixin.py:115} INFO - [2022-10-01T00:32:48.314+0000] {dag.py:2429} INFO - Sync 1 DAGs
[2022-10-01T00:32:48.349+0000] {logging_mixin.py:115} INFO - [2022-10-01T00:32:48.349+0000] {dag.py:2981} INFO - Setting next_dagrun for tutorial to 2022-09-30T00:32:48.349398+00:00, run_after=2022-10-01T00:32:48.349398+00:00
[2022-10-01T00:32:48.372+0000] {processor.py:161} INFO - Processing /home/airflow/.local/lib/python3.7/site-packages/airflow/example_dags/tutorial.py took 0.138 seconds
[2022-10-01T00:33:19.209+0000] {processor.py:153} INFO - Started process (PID=37470) to work on /home/airflow/.local/lib/python3.7/site-packages/airflow/example_dags/tutorial.py
[2022-10-01T00:33:19.211+0000] {processor.py:640} INFO - Processing file /home/airflow/.local/lib/python3.7/site-packages/airflow/example_dags/tutorial.py for tasks to queue
[2022-10-01T00:33:19.214+0000] {logging_mixin.py:115} INFO - [2022-10-01T00:33:19.214+0000] {dagbag.py:508} INFO - Filling up the DagBag from /home/airflow/.local/lib/python3.7/site-packages/airflow/example_dags/tutorial.py
[2022-10-01T00:33:19.219+0000] {processor.py:650} INFO - DAG(s) dict_keys(['tutorial']) retrieved from /home/airflow/.local/lib/python3.7/site-packages/airflow/example_dags/tutorial.py
[2022-10-01T00:33:19.241+0000] {logging_mixin.py:115} INFO - [2022-10-01T00:33:19.241+0000] {dag.py:2429} INFO - Sync 1 DAGs
[2022-10-01T00:33:19.256+0000] {logging_mixin.py:115} INFO - [2022-10-01T00:33:19.256+0000] {dag.py:2981} INFO - Setting next_dagrun for tutorial to 2022-09-30T00:33:19.256574+00:00, run_after=2022-10-01T00:33:19.256574+00:00
[2022-10-01T00:33:19.266+0000] {processor.py:161} INFO - Processing /home/airflow/.local/lib/python3.7/site-packages/airflow/example_dags/tutorial.py took 0.060 seconds
[2022-10-01T00:33:49.576+0000] {processor.py:153} INFO - Started process (PID=37534) to work on /home/airflow/.local/lib/python3.7/site-packages/airflow/example_dags/tutorial.py
[2022-10-01T00:33:49.578+0000] {processor.py:640} INFO - Processing file /home/airflow/.local/lib/python3.7/site-packages/airflow/example_dags/tutorial.py for tasks to queue
[2022-10-01T00:33:49.579+0000] {logging_mixin.py:115} INFO - [2022-10-01T00:33:49.579+0000] {dagbag.py:508} INFO - Filling up the DagBag from /home/airflow/.local/lib/python3.7/site-packages/airflow/example_dags/tutorial.py
[2022-10-01T00:33:49.583+0000] {processor.py:650} INFO - DAG(s) dict_keys(['tutorial']) retrieved from /home/airflow/.local/lib/python3.7/site-packages/airflow/example_dags/tutorial.py
[2022-10-01T00:33:49.602+0000] {logging_mixin.py:115} INFO - [2022-10-01T00:33:49.602+0000] {dag.py:2429} INFO - Sync 1 DAGs
[2022-10-01T00:33:49.617+0000] {logging_mixin.py:115} INFO - [2022-10-01T00:33:49.617+0000] {dag.py:2981} INFO - Setting next_dagrun for tutorial to 2022-09-30T00:33:49.617053+00:00, run_after=2022-10-01T00:33:49.617053+00:00
[2022-10-01T00:33:49.625+0000] {processor.py:161} INFO - Processing /home/airflow/.local/lib/python3.7/site-packages/airflow/example_dags/tutorial.py took 0.052 seconds
[2022-10-01T00:34:20.250+0000] {processor.py:153} INFO - Started process (PID=37592) to work on /home/airflow/.local/lib/python3.7/site-packages/airflow/example_dags/tutorial.py
[2022-10-01T00:34:20.263+0000] {processor.py:640} INFO - Processing file /home/airflow/.local/lib/python3.7/site-packages/airflow/example_dags/tutorial.py for tasks to queue
[2022-10-01T00:34:20.266+0000] {logging_mixin.py:115} INFO - [2022-10-01T00:34:20.266+0000] {dagbag.py:508} INFO - Filling up the DagBag from /home/airflow/.local/lib/python3.7/site-packages/airflow/example_dags/tutorial.py
[2022-10-01T00:34:20.274+0000] {processor.py:650} INFO - DAG(s) dict_keys(['tutorial']) retrieved from /home/airflow/.local/lib/python3.7/site-packages/airflow/example_dags/tutorial.py
[2022-10-01T00:34:20.295+0000] {logging_mixin.py:115} INFO - [2022-10-01T00:34:20.295+0000] {dag.py:2429} INFO - Sync 1 DAGs
[2022-10-01T00:34:20.309+0000] {logging_mixin.py:115} INFO - [2022-10-01T00:34:20.309+0000] {dag.py:2981} INFO - Setting next_dagrun for tutorial to 2022-09-30T00:34:20.308986+00:00, run_after=2022-10-01T00:34:20.308986+00:00
[2022-10-01T00:34:20.318+0000] {processor.py:161} INFO - Processing /home/airflow/.local/lib/python3.7/site-packages/airflow/example_dags/tutorial.py took 0.070 seconds
[2022-10-01T00:34:51.018+0000] {processor.py:153} INFO - Started process (PID=37658) to work on /home/airflow/.local/lib/python3.7/site-packages/airflow/example_dags/tutorial.py
[2022-10-01T00:34:51.023+0000] {processor.py:640} INFO - Processing file /home/airflow/.local/lib/python3.7/site-packages/airflow/example_dags/tutorial.py for tasks to queue
[2022-10-01T00:34:51.024+0000] {logging_mixin.py:115} INFO - [2022-10-01T00:34:51.024+0000] {dagbag.py:508} INFO - Filling up the DagBag from /home/airflow/.local/lib/python3.7/site-packages/airflow/example_dags/tutorial.py
[2022-10-01T00:34:51.029+0000] {processor.py:650} INFO - DAG(s) dict_keys(['tutorial']) retrieved from /home/airflow/.local/lib/python3.7/site-packages/airflow/example_dags/tutorial.py
[2022-10-01T00:34:51.049+0000] {logging_mixin.py:115} INFO - [2022-10-01T00:34:51.049+0000] {dag.py:2429} INFO - Sync 1 DAGs
[2022-10-01T00:34:51.063+0000] {logging_mixin.py:115} INFO - [2022-10-01T00:34:51.063+0000] {dag.py:2981} INFO - Setting next_dagrun for tutorial to 2022-09-30T00:34:51.062872+00:00, run_after=2022-10-01T00:34:51.062872+00:00
[2022-10-01T00:34:51.071+0000] {processor.py:161} INFO - Processing /home/airflow/.local/lib/python3.7/site-packages/airflow/example_dags/tutorial.py took 0.056 seconds
[2022-10-01T00:35:21.764+0000] {processor.py:153} INFO - Started process (PID=37725) to work on /home/airflow/.local/lib/python3.7/site-packages/airflow/example_dags/tutorial.py
[2022-10-01T00:35:21.767+0000] {processor.py:640} INFO - Processing file /home/airflow/.local/lib/python3.7/site-packages/airflow/example_dags/tutorial.py for tasks to queue
[2022-10-01T00:35:21.768+0000] {logging_mixin.py:115} INFO - [2022-10-01T00:35:21.768+0000] {dagbag.py:508} INFO - Filling up the DagBag from /home/airflow/.local/lib/python3.7/site-packages/airflow/example_dags/tutorial.py
[2022-10-01T00:35:21.777+0000] {processor.py:650} INFO - DAG(s) dict_keys(['tutorial']) retrieved from /home/airflow/.local/lib/python3.7/site-packages/airflow/example_dags/tutorial.py
[2022-10-01T00:35:21.803+0000] {logging_mixin.py:115} INFO - [2022-10-01T00:35:21.803+0000] {dag.py:2429} INFO - Sync 1 DAGs
[2022-10-01T00:35:21.822+0000] {logging_mixin.py:115} INFO - [2022-10-01T00:35:21.821+0000] {dag.py:2981} INFO - Setting next_dagrun for tutorial to 2022-09-30T00:35:21.821733+00:00, run_after=2022-10-01T00:35:21.821733+00:00
[2022-10-01T00:35:21.840+0000] {processor.py:161} INFO - Processing /home/airflow/.local/lib/python3.7/site-packages/airflow/example_dags/tutorial.py took 0.079 seconds
[2022-10-01T00:35:52.753+0000] {processor.py:153} INFO - Started process (PID=37782) to work on /home/airflow/.local/lib/python3.7/site-packages/airflow/example_dags/tutorial.py
[2022-10-01T00:35:52.760+0000] {processor.py:640} INFO - Processing file /home/airflow/.local/lib/python3.7/site-packages/airflow/example_dags/tutorial.py for tasks to queue
[2022-10-01T00:35:52.761+0000] {logging_mixin.py:115} INFO - [2022-10-01T00:35:52.761+0000] {dagbag.py:508} INFO - Filling up the DagBag from /home/airflow/.local/lib/python3.7/site-packages/airflow/example_dags/tutorial.py
[2022-10-01T00:35:52.766+0000] {processor.py:650} INFO - DAG(s) dict_keys(['tutorial']) retrieved from /home/airflow/.local/lib/python3.7/site-packages/airflow/example_dags/tutorial.py
[2022-10-01T00:35:52.791+0000] {logging_mixin.py:115} INFO - [2022-10-01T00:35:52.791+0000] {dag.py:2429} INFO - Sync 1 DAGs
[2022-10-01T00:35:52.806+0000] {logging_mixin.py:115} INFO - [2022-10-01T00:35:52.806+0000] {dag.py:2981} INFO - Setting next_dagrun for tutorial to 2022-09-30T00:35:52.806410+00:00, run_after=2022-10-01T00:35:52.806410+00:00
[2022-10-01T00:35:52.816+0000] {processor.py:161} INFO - Processing /home/airflow/.local/lib/python3.7/site-packages/airflow/example_dags/tutorial.py took 0.066 seconds
