[2022-10-01T00:00:21.221+0000] {processor.py:153} INFO - Started process (PID=33908) to work on /home/airflow/.local/lib/python3.7/site-packages/airflow/example_dags/tutorial_taskflow_api_etl_virtualenv.py
[2022-10-01T00:00:21.222+0000] {processor.py:640} INFO - Processing file /home/airflow/.local/lib/python3.7/site-packages/airflow/example_dags/tutorial_taskflow_api_etl_virtualenv.py for tasks to queue
[2022-10-01T00:00:21.223+0000] {logging_mixin.py:115} INFO - [2022-10-01T00:00:21.223+0000] {dagbag.py:508} INFO - Filling up the DagBag from /home/airflow/.local/lib/python3.7/site-packages/airflow/example_dags/tutorial_taskflow_api_etl_virtualenv.py
[2022-10-01T00:00:21.234+0000] {processor.py:650} INFO - DAG(s) dict_keys(['tutorial_taskflow_api_etl_virtualenv']) retrieved from /home/airflow/.local/lib/python3.7/site-packages/airflow/example_dags/tutorial_taskflow_api_etl_virtualenv.py
[2022-10-01T00:00:21.280+0000] {logging_mixin.py:115} INFO - [2022-10-01T00:00:21.280+0000] {dag.py:2429} INFO - Sync 1 DAGs
[2022-10-01T00:00:21.293+0000] {logging_mixin.py:115} INFO - [2022-10-01T00:00:21.293+0000] {dag.py:2981} INFO - Setting next_dagrun for tutorial_taskflow_api_etl_virtualenv to None, run_after=None
[2022-10-01T00:00:21.305+0000] {processor.py:161} INFO - Processing /home/airflow/.local/lib/python3.7/site-packages/airflow/example_dags/tutorial_taskflow_api_etl_virtualenv.py took 0.086 seconds
[2022-10-01T00:00:51.880+0000] {processor.py:153} INFO - Started process (PID=33975) to work on /home/airflow/.local/lib/python3.7/site-packages/airflow/example_dags/tutorial_taskflow_api_etl_virtualenv.py
[2022-10-01T00:00:51.882+0000] {processor.py:640} INFO - Processing file /home/airflow/.local/lib/python3.7/site-packages/airflow/example_dags/tutorial_taskflow_api_etl_virtualenv.py for tasks to queue
[2022-10-01T00:00:51.883+0000] {logging_mixin.py:115} INFO - [2022-10-01T00:00:51.883+0000] {dagbag.py:508} INFO - Filling up the DagBag from /home/airflow/.local/lib/python3.7/site-packages/airflow/example_dags/tutorial_taskflow_api_etl_virtualenv.py
[2022-10-01T00:00:51.894+0000] {processor.py:650} INFO - DAG(s) dict_keys(['tutorial_taskflow_api_etl_virtualenv']) retrieved from /home/airflow/.local/lib/python3.7/site-packages/airflow/example_dags/tutorial_taskflow_api_etl_virtualenv.py
[2022-10-01T00:00:51.936+0000] {logging_mixin.py:115} INFO - [2022-10-01T00:00:51.936+0000] {dag.py:2429} INFO - Sync 1 DAGs
[2022-10-01T00:00:51.954+0000] {logging_mixin.py:115} INFO - [2022-10-01T00:00:51.954+0000] {dag.py:2981} INFO - Setting next_dagrun for tutorial_taskflow_api_etl_virtualenv to None, run_after=None
[2022-10-01T00:00:51.970+0000] {processor.py:161} INFO - Processing /home/airflow/.local/lib/python3.7/site-packages/airflow/example_dags/tutorial_taskflow_api_etl_virtualenv.py took 0.093 seconds
[2022-10-01T00:01:22.414+0000] {processor.py:153} INFO - Started process (PID=34041) to work on /home/airflow/.local/lib/python3.7/site-packages/airflow/example_dags/tutorial_taskflow_api_etl_virtualenv.py
[2022-10-01T00:01:22.428+0000] {processor.py:640} INFO - Processing file /home/airflow/.local/lib/python3.7/site-packages/airflow/example_dags/tutorial_taskflow_api_etl_virtualenv.py for tasks to queue
[2022-10-01T00:01:22.430+0000] {logging_mixin.py:115} INFO - [2022-10-01T00:01:22.430+0000] {dagbag.py:508} INFO - Filling up the DagBag from /home/airflow/.local/lib/python3.7/site-packages/airflow/example_dags/tutorial_taskflow_api_etl_virtualenv.py
[2022-10-01T00:01:22.443+0000] {processor.py:650} INFO - DAG(s) dict_keys(['tutorial_taskflow_api_etl_virtualenv']) retrieved from /home/airflow/.local/lib/python3.7/site-packages/airflow/example_dags/tutorial_taskflow_api_etl_virtualenv.py
[2022-10-01T00:01:22.535+0000] {logging_mixin.py:115} INFO - [2022-10-01T00:01:22.535+0000] {dag.py:2429} INFO - Sync 1 DAGs
[2022-10-01T00:01:22.564+0000] {logging_mixin.py:115} INFO - [2022-10-01T00:01:22.564+0000] {dag.py:2981} INFO - Setting next_dagrun for tutorial_taskflow_api_etl_virtualenv to None, run_after=None
[2022-10-01T00:01:22.577+0000] {processor.py:161} INFO - Processing /home/airflow/.local/lib/python3.7/site-packages/airflow/example_dags/tutorial_taskflow_api_etl_virtualenv.py took 0.165 seconds
[2022-10-01T00:01:52.874+0000] {processor.py:153} INFO - Started process (PID=34098) to work on /home/airflow/.local/lib/python3.7/site-packages/airflow/example_dags/tutorial_taskflow_api_etl_virtualenv.py
[2022-10-01T00:01:52.877+0000] {processor.py:640} INFO - Processing file /home/airflow/.local/lib/python3.7/site-packages/airflow/example_dags/tutorial_taskflow_api_etl_virtualenv.py for tasks to queue
[2022-10-01T00:01:52.878+0000] {logging_mixin.py:115} INFO - [2022-10-01T00:01:52.878+0000] {dagbag.py:508} INFO - Filling up the DagBag from /home/airflow/.local/lib/python3.7/site-packages/airflow/example_dags/tutorial_taskflow_api_etl_virtualenv.py
[2022-10-01T00:01:52.890+0000] {processor.py:650} INFO - DAG(s) dict_keys(['tutorial_taskflow_api_etl_virtualenv']) retrieved from /home/airflow/.local/lib/python3.7/site-packages/airflow/example_dags/tutorial_taskflow_api_etl_virtualenv.py
[2022-10-01T00:01:52.946+0000] {logging_mixin.py:115} INFO - [2022-10-01T00:01:52.946+0000] {dag.py:2429} INFO - Sync 1 DAGs
[2022-10-01T00:01:52.959+0000] {logging_mixin.py:115} INFO - [2022-10-01T00:01:52.959+0000] {dag.py:2981} INFO - Setting next_dagrun for tutorial_taskflow_api_etl_virtualenv to None, run_after=None
[2022-10-01T00:01:52.967+0000] {processor.py:161} INFO - Processing /home/airflow/.local/lib/python3.7/site-packages/airflow/example_dags/tutorial_taskflow_api_etl_virtualenv.py took 0.096 seconds
[2022-10-01T00:02:23.177+0000] {processor.py:153} INFO - Started process (PID=34164) to work on /home/airflow/.local/lib/python3.7/site-packages/airflow/example_dags/tutorial_taskflow_api_etl_virtualenv.py
[2022-10-01T00:02:23.179+0000] {processor.py:640} INFO - Processing file /home/airflow/.local/lib/python3.7/site-packages/airflow/example_dags/tutorial_taskflow_api_etl_virtualenv.py for tasks to queue
[2022-10-01T00:02:23.180+0000] {logging_mixin.py:115} INFO - [2022-10-01T00:02:23.180+0000] {dagbag.py:508} INFO - Filling up the DagBag from /home/airflow/.local/lib/python3.7/site-packages/airflow/example_dags/tutorial_taskflow_api_etl_virtualenv.py
[2022-10-01T00:02:23.192+0000] {processor.py:650} INFO - DAG(s) dict_keys(['tutorial_taskflow_api_etl_virtualenv']) retrieved from /home/airflow/.local/lib/python3.7/site-packages/airflow/example_dags/tutorial_taskflow_api_etl_virtualenv.py
[2022-10-01T00:02:23.247+0000] {logging_mixin.py:115} INFO - [2022-10-01T00:02:23.247+0000] {dag.py:2429} INFO - Sync 1 DAGs
[2022-10-01T00:02:23.262+0000] {logging_mixin.py:115} INFO - [2022-10-01T00:02:23.262+0000] {dag.py:2981} INFO - Setting next_dagrun for tutorial_taskflow_api_etl_virtualenv to None, run_after=None
[2022-10-01T00:02:23.272+0000] {processor.py:161} INFO - Processing /home/airflow/.local/lib/python3.7/site-packages/airflow/example_dags/tutorial_taskflow_api_etl_virtualenv.py took 0.097 seconds
[2022-10-01T00:02:53.680+0000] {processor.py:153} INFO - Started process (PID=34230) to work on /home/airflow/.local/lib/python3.7/site-packages/airflow/example_dags/tutorial_taskflow_api_etl_virtualenv.py
[2022-10-01T00:02:53.681+0000] {processor.py:640} INFO - Processing file /home/airflow/.local/lib/python3.7/site-packages/airflow/example_dags/tutorial_taskflow_api_etl_virtualenv.py for tasks to queue
[2022-10-01T00:02:53.683+0000] {logging_mixin.py:115} INFO - [2022-10-01T00:02:53.682+0000] {dagbag.py:508} INFO - Filling up the DagBag from /home/airflow/.local/lib/python3.7/site-packages/airflow/example_dags/tutorial_taskflow_api_etl_virtualenv.py
[2022-10-01T00:02:53.694+0000] {processor.py:650} INFO - DAG(s) dict_keys(['tutorial_taskflow_api_etl_virtualenv']) retrieved from /home/airflow/.local/lib/python3.7/site-packages/airflow/example_dags/tutorial_taskflow_api_etl_virtualenv.py
[2022-10-01T00:02:53.744+0000] {logging_mixin.py:115} INFO - [2022-10-01T00:02:53.744+0000] {dag.py:2429} INFO - Sync 1 DAGs
[2022-10-01T00:02:53.760+0000] {logging_mixin.py:115} INFO - [2022-10-01T00:02:53.760+0000] {dag.py:2981} INFO - Setting next_dagrun for tutorial_taskflow_api_etl_virtualenv to None, run_after=None
[2022-10-01T00:02:53.771+0000] {processor.py:161} INFO - Processing /home/airflow/.local/lib/python3.7/site-packages/airflow/example_dags/tutorial_taskflow_api_etl_virtualenv.py took 0.094 seconds
[2022-10-01T00:03:23.988+0000] {processor.py:153} INFO - Started process (PID=34295) to work on /home/airflow/.local/lib/python3.7/site-packages/airflow/example_dags/tutorial_taskflow_api_etl_virtualenv.py
[2022-10-01T00:03:23.993+0000] {processor.py:640} INFO - Processing file /home/airflow/.local/lib/python3.7/site-packages/airflow/example_dags/tutorial_taskflow_api_etl_virtualenv.py for tasks to queue
[2022-10-01T00:03:23.994+0000] {logging_mixin.py:115} INFO - [2022-10-01T00:03:23.994+0000] {dagbag.py:508} INFO - Filling up the DagBag from /home/airflow/.local/lib/python3.7/site-packages/airflow/example_dags/tutorial_taskflow_api_etl_virtualenv.py
[2022-10-01T00:03:24.007+0000] {processor.py:650} INFO - DAG(s) dict_keys(['tutorial_taskflow_api_etl_virtualenv']) retrieved from /home/airflow/.local/lib/python3.7/site-packages/airflow/example_dags/tutorial_taskflow_api_etl_virtualenv.py
[2022-10-01T00:03:24.060+0000] {logging_mixin.py:115} INFO - [2022-10-01T00:03:24.060+0000] {dag.py:2429} INFO - Sync 1 DAGs
[2022-10-01T00:03:24.075+0000] {logging_mixin.py:115} INFO - [2022-10-01T00:03:24.075+0000] {dag.py:2981} INFO - Setting next_dagrun for tutorial_taskflow_api_etl_virtualenv to None, run_after=None
[2022-10-01T00:03:24.084+0000] {processor.py:161} INFO - Processing /home/airflow/.local/lib/python3.7/site-packages/airflow/example_dags/tutorial_taskflow_api_etl_virtualenv.py took 0.100 seconds
[2022-10-01T00:03:54.400+0000] {processor.py:153} INFO - Started process (PID=34355) to work on /home/airflow/.local/lib/python3.7/site-packages/airflow/example_dags/tutorial_taskflow_api_etl_virtualenv.py
[2022-10-01T00:03:54.402+0000] {processor.py:640} INFO - Processing file /home/airflow/.local/lib/python3.7/site-packages/airflow/example_dags/tutorial_taskflow_api_etl_virtualenv.py for tasks to queue
[2022-10-01T00:03:54.403+0000] {logging_mixin.py:115} INFO - [2022-10-01T00:03:54.403+0000] {dagbag.py:508} INFO - Filling up the DagBag from /home/airflow/.local/lib/python3.7/site-packages/airflow/example_dags/tutorial_taskflow_api_etl_virtualenv.py
[2022-10-01T00:03:54.414+0000] {processor.py:650} INFO - DAG(s) dict_keys(['tutorial_taskflow_api_etl_virtualenv']) retrieved from /home/airflow/.local/lib/python3.7/site-packages/airflow/example_dags/tutorial_taskflow_api_etl_virtualenv.py
[2022-10-01T00:03:54.455+0000] {logging_mixin.py:115} INFO - [2022-10-01T00:03:54.455+0000] {dag.py:2429} INFO - Sync 1 DAGs
[2022-10-01T00:03:54.467+0000] {logging_mixin.py:115} INFO - [2022-10-01T00:03:54.467+0000] {dag.py:2981} INFO - Setting next_dagrun for tutorial_taskflow_api_etl_virtualenv to None, run_after=None
[2022-10-01T00:03:54.478+0000] {processor.py:161} INFO - Processing /home/airflow/.local/lib/python3.7/site-packages/airflow/example_dags/tutorial_taskflow_api_etl_virtualenv.py took 0.082 seconds
[2022-10-01T00:04:24.754+0000] {processor.py:153} INFO - Started process (PID=34420) to work on /home/airflow/.local/lib/python3.7/site-packages/airflow/example_dags/tutorial_taskflow_api_etl_virtualenv.py
[2022-10-01T00:04:24.756+0000] {processor.py:640} INFO - Processing file /home/airflow/.local/lib/python3.7/site-packages/airflow/example_dags/tutorial_taskflow_api_etl_virtualenv.py for tasks to queue
[2022-10-01T00:04:24.758+0000] {logging_mixin.py:115} INFO - [2022-10-01T00:04:24.758+0000] {dagbag.py:508} INFO - Filling up the DagBag from /home/airflow/.local/lib/python3.7/site-packages/airflow/example_dags/tutorial_taskflow_api_etl_virtualenv.py
[2022-10-01T00:04:24.768+0000] {processor.py:650} INFO - DAG(s) dict_keys(['tutorial_taskflow_api_etl_virtualenv']) retrieved from /home/airflow/.local/lib/python3.7/site-packages/airflow/example_dags/tutorial_taskflow_api_etl_virtualenv.py
[2022-10-01T00:04:24.810+0000] {logging_mixin.py:115} INFO - [2022-10-01T00:04:24.810+0000] {dag.py:2429} INFO - Sync 1 DAGs
[2022-10-01T00:04:24.825+0000] {logging_mixin.py:115} INFO - [2022-10-01T00:04:24.825+0000] {dag.py:2981} INFO - Setting next_dagrun for tutorial_taskflow_api_etl_virtualenv to None, run_after=None
[2022-10-01T00:04:24.835+0000] {processor.py:161} INFO - Processing /home/airflow/.local/lib/python3.7/site-packages/airflow/example_dags/tutorial_taskflow_api_etl_virtualenv.py took 0.085 seconds
[2022-10-01T00:04:55.108+0000] {processor.py:153} INFO - Started process (PID=34486) to work on /home/airflow/.local/lib/python3.7/site-packages/airflow/example_dags/tutorial_taskflow_api_etl_virtualenv.py
[2022-10-01T00:04:55.110+0000] {processor.py:640} INFO - Processing file /home/airflow/.local/lib/python3.7/site-packages/airflow/example_dags/tutorial_taskflow_api_etl_virtualenv.py for tasks to queue
[2022-10-01T00:04:55.112+0000] {logging_mixin.py:115} INFO - [2022-10-01T00:04:55.112+0000] {dagbag.py:508} INFO - Filling up the DagBag from /home/airflow/.local/lib/python3.7/site-packages/airflow/example_dags/tutorial_taskflow_api_etl_virtualenv.py
[2022-10-01T00:04:55.126+0000] {processor.py:650} INFO - DAG(s) dict_keys(['tutorial_taskflow_api_etl_virtualenv']) retrieved from /home/airflow/.local/lib/python3.7/site-packages/airflow/example_dags/tutorial_taskflow_api_etl_virtualenv.py
[2022-10-01T00:04:55.170+0000] {logging_mixin.py:115} INFO - [2022-10-01T00:04:55.170+0000] {dag.py:2429} INFO - Sync 1 DAGs
[2022-10-01T00:04:55.184+0000] {logging_mixin.py:115} INFO - [2022-10-01T00:04:55.184+0000] {dag.py:2981} INFO - Setting next_dagrun for tutorial_taskflow_api_etl_virtualenv to None, run_after=None
[2022-10-01T00:04:55.193+0000] {processor.py:161} INFO - Processing /home/airflow/.local/lib/python3.7/site-packages/airflow/example_dags/tutorial_taskflow_api_etl_virtualenv.py took 0.088 seconds
[2022-10-01T00:05:25.642+0000] {processor.py:153} INFO - Started process (PID=34553) to work on /home/airflow/.local/lib/python3.7/site-packages/airflow/example_dags/tutorial_taskflow_api_etl_virtualenv.py
[2022-10-01T00:05:25.644+0000] {processor.py:640} INFO - Processing file /home/airflow/.local/lib/python3.7/site-packages/airflow/example_dags/tutorial_taskflow_api_etl_virtualenv.py for tasks to queue
[2022-10-01T00:05:25.646+0000] {logging_mixin.py:115} INFO - [2022-10-01T00:05:25.646+0000] {dagbag.py:508} INFO - Filling up the DagBag from /home/airflow/.local/lib/python3.7/site-packages/airflow/example_dags/tutorial_taskflow_api_etl_virtualenv.py
[2022-10-01T00:05:25.658+0000] {processor.py:650} INFO - DAG(s) dict_keys(['tutorial_taskflow_api_etl_virtualenv']) retrieved from /home/airflow/.local/lib/python3.7/site-packages/airflow/example_dags/tutorial_taskflow_api_etl_virtualenv.py
[2022-10-01T00:05:25.706+0000] {logging_mixin.py:115} INFO - [2022-10-01T00:05:25.706+0000] {dag.py:2429} INFO - Sync 1 DAGs
[2022-10-01T00:05:25.728+0000] {logging_mixin.py:115} INFO - [2022-10-01T00:05:25.728+0000] {dag.py:2981} INFO - Setting next_dagrun for tutorial_taskflow_api_etl_virtualenv to None, run_after=None
[2022-10-01T00:05:25.738+0000] {processor.py:161} INFO - Processing /home/airflow/.local/lib/python3.7/site-packages/airflow/example_dags/tutorial_taskflow_api_etl_virtualenv.py took 0.098 seconds
[2022-10-01T00:05:55.878+0000] {processor.py:153} INFO - Started process (PID=34610) to work on /home/airflow/.local/lib/python3.7/site-packages/airflow/example_dags/tutorial_taskflow_api_etl_virtualenv.py
[2022-10-01T00:05:55.880+0000] {processor.py:640} INFO - Processing file /home/airflow/.local/lib/python3.7/site-packages/airflow/example_dags/tutorial_taskflow_api_etl_virtualenv.py for tasks to queue
[2022-10-01T00:05:55.880+0000] {logging_mixin.py:115} INFO - [2022-10-01T00:05:55.880+0000] {dagbag.py:508} INFO - Filling up the DagBag from /home/airflow/.local/lib/python3.7/site-packages/airflow/example_dags/tutorial_taskflow_api_etl_virtualenv.py
[2022-10-01T00:05:55.891+0000] {processor.py:650} INFO - DAG(s) dict_keys(['tutorial_taskflow_api_etl_virtualenv']) retrieved from /home/airflow/.local/lib/python3.7/site-packages/airflow/example_dags/tutorial_taskflow_api_etl_virtualenv.py
[2022-10-01T00:05:55.936+0000] {logging_mixin.py:115} INFO - [2022-10-01T00:05:55.936+0000] {dag.py:2429} INFO - Sync 1 DAGs
[2022-10-01T00:05:55.950+0000] {logging_mixin.py:115} INFO - [2022-10-01T00:05:55.950+0000] {dag.py:2981} INFO - Setting next_dagrun for tutorial_taskflow_api_etl_virtualenv to None, run_after=None
[2022-10-01T00:05:55.961+0000] {processor.py:161} INFO - Processing /home/airflow/.local/lib/python3.7/site-packages/airflow/example_dags/tutorial_taskflow_api_etl_virtualenv.py took 0.085 seconds
[2022-10-01T00:06:26.340+0000] {processor.py:153} INFO - Started process (PID=34677) to work on /home/airflow/.local/lib/python3.7/site-packages/airflow/example_dags/tutorial_taskflow_api_etl_virtualenv.py
[2022-10-01T00:06:26.342+0000] {processor.py:640} INFO - Processing file /home/airflow/.local/lib/python3.7/site-packages/airflow/example_dags/tutorial_taskflow_api_etl_virtualenv.py for tasks to queue
[2022-10-01T00:06:26.344+0000] {logging_mixin.py:115} INFO - [2022-10-01T00:06:26.344+0000] {dagbag.py:508} INFO - Filling up the DagBag from /home/airflow/.local/lib/python3.7/site-packages/airflow/example_dags/tutorial_taskflow_api_etl_virtualenv.py
[2022-10-01T00:06:26.360+0000] {processor.py:650} INFO - DAG(s) dict_keys(['tutorial_taskflow_api_etl_virtualenv']) retrieved from /home/airflow/.local/lib/python3.7/site-packages/airflow/example_dags/tutorial_taskflow_api_etl_virtualenv.py
[2022-10-01T00:06:26.429+0000] {logging_mixin.py:115} INFO - [2022-10-01T00:06:26.429+0000] {dag.py:2429} INFO - Sync 1 DAGs
[2022-10-01T00:06:26.445+0000] {logging_mixin.py:115} INFO - [2022-10-01T00:06:26.445+0000] {dag.py:2981} INFO - Setting next_dagrun for tutorial_taskflow_api_etl_virtualenv to None, run_after=None
[2022-10-01T00:06:26.458+0000] {processor.py:161} INFO - Processing /home/airflow/.local/lib/python3.7/site-packages/airflow/example_dags/tutorial_taskflow_api_etl_virtualenv.py took 0.121 seconds
[2022-10-01T00:06:56.669+0000] {processor.py:153} INFO - Started process (PID=34743) to work on /home/airflow/.local/lib/python3.7/site-packages/airflow/example_dags/tutorial_taskflow_api_etl_virtualenv.py
[2022-10-01T00:06:56.671+0000] {processor.py:640} INFO - Processing file /home/airflow/.local/lib/python3.7/site-packages/airflow/example_dags/tutorial_taskflow_api_etl_virtualenv.py for tasks to queue
[2022-10-01T00:06:56.672+0000] {logging_mixin.py:115} INFO - [2022-10-01T00:06:56.672+0000] {dagbag.py:508} INFO - Filling up the DagBag from /home/airflow/.local/lib/python3.7/site-packages/airflow/example_dags/tutorial_taskflow_api_etl_virtualenv.py
[2022-10-01T00:06:56.684+0000] {processor.py:650} INFO - DAG(s) dict_keys(['tutorial_taskflow_api_etl_virtualenv']) retrieved from /home/airflow/.local/lib/python3.7/site-packages/airflow/example_dags/tutorial_taskflow_api_etl_virtualenv.py
[2022-10-01T00:06:56.734+0000] {logging_mixin.py:115} INFO - [2022-10-01T00:06:56.734+0000] {dag.py:2429} INFO - Sync 1 DAGs
[2022-10-01T00:06:56.750+0000] {logging_mixin.py:115} INFO - [2022-10-01T00:06:56.750+0000] {dag.py:2981} INFO - Setting next_dagrun for tutorial_taskflow_api_etl_virtualenv to None, run_after=None
[2022-10-01T00:06:56.763+0000] {processor.py:161} INFO - Processing /home/airflow/.local/lib/python3.7/site-packages/airflow/example_dags/tutorial_taskflow_api_etl_virtualenv.py took 0.097 seconds
[2022-10-01T00:07:26.976+0000] {processor.py:153} INFO - Started process (PID=34800) to work on /home/airflow/.local/lib/python3.7/site-packages/airflow/example_dags/tutorial_taskflow_api_etl_virtualenv.py
[2022-10-01T00:07:26.978+0000] {processor.py:640} INFO - Processing file /home/airflow/.local/lib/python3.7/site-packages/airflow/example_dags/tutorial_taskflow_api_etl_virtualenv.py for tasks to queue
[2022-10-01T00:07:26.979+0000] {logging_mixin.py:115} INFO - [2022-10-01T00:07:26.979+0000] {dagbag.py:508} INFO - Filling up the DagBag from /home/airflow/.local/lib/python3.7/site-packages/airflow/example_dags/tutorial_taskflow_api_etl_virtualenv.py
[2022-10-01T00:07:26.989+0000] {processor.py:650} INFO - DAG(s) dict_keys(['tutorial_taskflow_api_etl_virtualenv']) retrieved from /home/airflow/.local/lib/python3.7/site-packages/airflow/example_dags/tutorial_taskflow_api_etl_virtualenv.py
[2022-10-01T00:07:27.030+0000] {logging_mixin.py:115} INFO - [2022-10-01T00:07:27.030+0000] {dag.py:2429} INFO - Sync 1 DAGs
[2022-10-01T00:07:27.043+0000] {logging_mixin.py:115} INFO - [2022-10-01T00:07:27.043+0000] {dag.py:2981} INFO - Setting next_dagrun for tutorial_taskflow_api_etl_virtualenv to None, run_after=None
[2022-10-01T00:07:27.053+0000] {processor.py:161} INFO - Processing /home/airflow/.local/lib/python3.7/site-packages/airflow/example_dags/tutorial_taskflow_api_etl_virtualenv.py took 0.079 seconds
[2022-10-01T00:07:57.510+0000] {processor.py:153} INFO - Started process (PID=34866) to work on /home/airflow/.local/lib/python3.7/site-packages/airflow/example_dags/tutorial_taskflow_api_etl_virtualenv.py
[2022-10-01T00:07:57.512+0000] {processor.py:640} INFO - Processing file /home/airflow/.local/lib/python3.7/site-packages/airflow/example_dags/tutorial_taskflow_api_etl_virtualenv.py for tasks to queue
[2022-10-01T00:07:57.513+0000] {logging_mixin.py:115} INFO - [2022-10-01T00:07:57.513+0000] {dagbag.py:508} INFO - Filling up the DagBag from /home/airflow/.local/lib/python3.7/site-packages/airflow/example_dags/tutorial_taskflow_api_etl_virtualenv.py
[2022-10-01T00:07:57.526+0000] {processor.py:650} INFO - DAG(s) dict_keys(['tutorial_taskflow_api_etl_virtualenv']) retrieved from /home/airflow/.local/lib/python3.7/site-packages/airflow/example_dags/tutorial_taskflow_api_etl_virtualenv.py
[2022-10-01T00:07:57.572+0000] {logging_mixin.py:115} INFO - [2022-10-01T00:07:57.571+0000] {dag.py:2429} INFO - Sync 1 DAGs
[2022-10-01T00:07:57.584+0000] {logging_mixin.py:115} INFO - [2022-10-01T00:07:57.584+0000] {dag.py:2981} INFO - Setting next_dagrun for tutorial_taskflow_api_etl_virtualenv to None, run_after=None
[2022-10-01T00:07:57.591+0000] {processor.py:161} INFO - Processing /home/airflow/.local/lib/python3.7/site-packages/airflow/example_dags/tutorial_taskflow_api_etl_virtualenv.py took 0.084 seconds
[2022-10-01T00:08:27.974+0000] {processor.py:153} INFO - Started process (PID=34932) to work on /home/airflow/.local/lib/python3.7/site-packages/airflow/example_dags/tutorial_taskflow_api_etl_virtualenv.py
[2022-10-01T00:08:27.977+0000] {processor.py:640} INFO - Processing file /home/airflow/.local/lib/python3.7/site-packages/airflow/example_dags/tutorial_taskflow_api_etl_virtualenv.py for tasks to queue
[2022-10-01T00:08:27.979+0000] {logging_mixin.py:115} INFO - [2022-10-01T00:08:27.979+0000] {dagbag.py:508} INFO - Filling up the DagBag from /home/airflow/.local/lib/python3.7/site-packages/airflow/example_dags/tutorial_taskflow_api_etl_virtualenv.py
[2022-10-01T00:08:27.994+0000] {processor.py:650} INFO - DAG(s) dict_keys(['tutorial_taskflow_api_etl_virtualenv']) retrieved from /home/airflow/.local/lib/python3.7/site-packages/airflow/example_dags/tutorial_taskflow_api_etl_virtualenv.py
[2022-10-01T00:08:28.046+0000] {logging_mixin.py:115} INFO - [2022-10-01T00:08:28.046+0000] {dag.py:2429} INFO - Sync 1 DAGs
[2022-10-01T00:08:28.072+0000] {logging_mixin.py:115} INFO - [2022-10-01T00:08:28.071+0000] {dag.py:2981} INFO - Setting next_dagrun for tutorial_taskflow_api_etl_virtualenv to None, run_after=None
[2022-10-01T00:08:28.084+0000] {processor.py:161} INFO - Processing /home/airflow/.local/lib/python3.7/site-packages/airflow/example_dags/tutorial_taskflow_api_etl_virtualenv.py took 0.114 seconds
[2022-10-01T00:08:58.397+0000] {processor.py:153} INFO - Started process (PID=34998) to work on /home/airflow/.local/lib/python3.7/site-packages/airflow/example_dags/tutorial_taskflow_api_etl_virtualenv.py
[2022-10-01T00:08:58.398+0000] {processor.py:640} INFO - Processing file /home/airflow/.local/lib/python3.7/site-packages/airflow/example_dags/tutorial_taskflow_api_etl_virtualenv.py for tasks to queue
[2022-10-01T00:08:58.400+0000] {logging_mixin.py:115} INFO - [2022-10-01T00:08:58.400+0000] {dagbag.py:508} INFO - Filling up the DagBag from /home/airflow/.local/lib/python3.7/site-packages/airflow/example_dags/tutorial_taskflow_api_etl_virtualenv.py
[2022-10-01T00:08:58.415+0000] {processor.py:650} INFO - DAG(s) dict_keys(['tutorial_taskflow_api_etl_virtualenv']) retrieved from /home/airflow/.local/lib/python3.7/site-packages/airflow/example_dags/tutorial_taskflow_api_etl_virtualenv.py
[2022-10-01T00:08:58.473+0000] {logging_mixin.py:115} INFO - [2022-10-01T00:08:58.473+0000] {dag.py:2429} INFO - Sync 1 DAGs
[2022-10-01T00:08:58.485+0000] {logging_mixin.py:115} INFO - [2022-10-01T00:08:58.485+0000] {dag.py:2981} INFO - Setting next_dagrun for tutorial_taskflow_api_etl_virtualenv to None, run_after=None
[2022-10-01T00:08:58.494+0000] {processor.py:161} INFO - Processing /home/airflow/.local/lib/python3.7/site-packages/airflow/example_dags/tutorial_taskflow_api_etl_virtualenv.py took 0.100 seconds
[2022-10-01T00:09:28.944+0000] {processor.py:153} INFO - Started process (PID=35054) to work on /home/airflow/.local/lib/python3.7/site-packages/airflow/example_dags/tutorial_taskflow_api_etl_virtualenv.py
[2022-10-01T00:09:28.946+0000] {processor.py:640} INFO - Processing file /home/airflow/.local/lib/python3.7/site-packages/airflow/example_dags/tutorial_taskflow_api_etl_virtualenv.py for tasks to queue
[2022-10-01T00:09:28.947+0000] {logging_mixin.py:115} INFO - [2022-10-01T00:09:28.947+0000] {dagbag.py:508} INFO - Filling up the DagBag from /home/airflow/.local/lib/python3.7/site-packages/airflow/example_dags/tutorial_taskflow_api_etl_virtualenv.py
[2022-10-01T00:09:28.957+0000] {processor.py:650} INFO - DAG(s) dict_keys(['tutorial_taskflow_api_etl_virtualenv']) retrieved from /home/airflow/.local/lib/python3.7/site-packages/airflow/example_dags/tutorial_taskflow_api_etl_virtualenv.py
[2022-10-01T00:09:28.999+0000] {logging_mixin.py:115} INFO - [2022-10-01T00:09:28.999+0000] {dag.py:2429} INFO - Sync 1 DAGs
[2022-10-01T00:09:29.012+0000] {logging_mixin.py:115} INFO - [2022-10-01T00:09:29.012+0000] {dag.py:2981} INFO - Setting next_dagrun for tutorial_taskflow_api_etl_virtualenv to None, run_after=None
[2022-10-01T00:09:29.026+0000] {processor.py:161} INFO - Processing /home/airflow/.local/lib/python3.7/site-packages/airflow/example_dags/tutorial_taskflow_api_etl_virtualenv.py took 0.084 seconds
[2022-10-01T00:09:59.584+0000] {processor.py:153} INFO - Started process (PID=35119) to work on /home/airflow/.local/lib/python3.7/site-packages/airflow/example_dags/tutorial_taskflow_api_etl_virtualenv.py
[2022-10-01T00:09:59.588+0000] {processor.py:640} INFO - Processing file /home/airflow/.local/lib/python3.7/site-packages/airflow/example_dags/tutorial_taskflow_api_etl_virtualenv.py for tasks to queue
[2022-10-01T00:09:59.589+0000] {logging_mixin.py:115} INFO - [2022-10-01T00:09:59.589+0000] {dagbag.py:508} INFO - Filling up the DagBag from /home/airflow/.local/lib/python3.7/site-packages/airflow/example_dags/tutorial_taskflow_api_etl_virtualenv.py
[2022-10-01T00:09:59.600+0000] {processor.py:650} INFO - DAG(s) dict_keys(['tutorial_taskflow_api_etl_virtualenv']) retrieved from /home/airflow/.local/lib/python3.7/site-packages/airflow/example_dags/tutorial_taskflow_api_etl_virtualenv.py
[2022-10-01T00:09:59.639+0000] {logging_mixin.py:115} INFO - [2022-10-01T00:09:59.639+0000] {dag.py:2429} INFO - Sync 1 DAGs
[2022-10-01T00:09:59.653+0000] {logging_mixin.py:115} INFO - [2022-10-01T00:09:59.653+0000] {dag.py:2981} INFO - Setting next_dagrun for tutorial_taskflow_api_etl_virtualenv to None, run_after=None
[2022-10-01T00:09:59.677+0000] {processor.py:161} INFO - Processing /home/airflow/.local/lib/python3.7/site-packages/airflow/example_dags/tutorial_taskflow_api_etl_virtualenv.py took 0.096 seconds
[2022-10-01T00:10:29.894+0000] {processor.py:153} INFO - Started process (PID=35186) to work on /home/airflow/.local/lib/python3.7/site-packages/airflow/example_dags/tutorial_taskflow_api_etl_virtualenv.py
[2022-10-01T00:10:29.896+0000] {processor.py:640} INFO - Processing file /home/airflow/.local/lib/python3.7/site-packages/airflow/example_dags/tutorial_taskflow_api_etl_virtualenv.py for tasks to queue
[2022-10-01T00:10:29.898+0000] {logging_mixin.py:115} INFO - [2022-10-01T00:10:29.898+0000] {dagbag.py:508} INFO - Filling up the DagBag from /home/airflow/.local/lib/python3.7/site-packages/airflow/example_dags/tutorial_taskflow_api_etl_virtualenv.py
[2022-10-01T00:10:29.917+0000] {processor.py:650} INFO - DAG(s) dict_keys(['tutorial_taskflow_api_etl_virtualenv']) retrieved from /home/airflow/.local/lib/python3.7/site-packages/airflow/example_dags/tutorial_taskflow_api_etl_virtualenv.py
[2022-10-01T00:10:29.946+0000] {logging_mixin.py:115} INFO - [2022-10-01T00:10:29.945+0000] {dag.py:2429} INFO - Sync 1 DAGs
[2022-10-01T00:10:29.965+0000] {logging_mixin.py:115} INFO - [2022-10-01T00:10:29.964+0000] {dag.py:2981} INFO - Setting next_dagrun for tutorial_taskflow_api_etl_virtualenv to None, run_after=None
[2022-10-01T00:10:29.976+0000] {processor.py:161} INFO - Processing /home/airflow/.local/lib/python3.7/site-packages/airflow/example_dags/tutorial_taskflow_api_etl_virtualenv.py took 0.084 seconds
[2022-10-01T00:11:00.392+0000] {processor.py:153} INFO - Started process (PID=35252) to work on /home/airflow/.local/lib/python3.7/site-packages/airflow/example_dags/tutorial_taskflow_api_etl_virtualenv.py
[2022-10-01T00:11:00.394+0000] {processor.py:640} INFO - Processing file /home/airflow/.local/lib/python3.7/site-packages/airflow/example_dags/tutorial_taskflow_api_etl_virtualenv.py for tasks to queue
[2022-10-01T00:11:00.395+0000] {logging_mixin.py:115} INFO - [2022-10-01T00:11:00.395+0000] {dagbag.py:508} INFO - Filling up the DagBag from /home/airflow/.local/lib/python3.7/site-packages/airflow/example_dags/tutorial_taskflow_api_etl_virtualenv.py
[2022-10-01T00:11:00.405+0000] {processor.py:650} INFO - DAG(s) dict_keys(['tutorial_taskflow_api_etl_virtualenv']) retrieved from /home/airflow/.local/lib/python3.7/site-packages/airflow/example_dags/tutorial_taskflow_api_etl_virtualenv.py
[2022-10-01T00:11:00.422+0000] {logging_mixin.py:115} INFO - [2022-10-01T00:11:00.422+0000] {dag.py:2429} INFO - Sync 1 DAGs
[2022-10-01T00:11:00.435+0000] {logging_mixin.py:115} INFO - [2022-10-01T00:11:00.435+0000] {dag.py:2981} INFO - Setting next_dagrun for tutorial_taskflow_api_etl_virtualenv to None, run_after=None
[2022-10-01T00:11:00.443+0000] {processor.py:161} INFO - Processing /home/airflow/.local/lib/python3.7/site-packages/airflow/example_dags/tutorial_taskflow_api_etl_virtualenv.py took 0.053 seconds
[2022-10-01T00:11:31.650+0000] {processor.py:153} INFO - Started process (PID=35310) to work on /home/airflow/.local/lib/python3.7/site-packages/airflow/example_dags/tutorial_taskflow_api_etl_virtualenv.py
[2022-10-01T00:11:31.652+0000] {processor.py:640} INFO - Processing file /home/airflow/.local/lib/python3.7/site-packages/airflow/example_dags/tutorial_taskflow_api_etl_virtualenv.py for tasks to queue
[2022-10-01T00:11:31.656+0000] {logging_mixin.py:115} INFO - [2022-10-01T00:11:31.656+0000] {dagbag.py:508} INFO - Filling up the DagBag from /home/airflow/.local/lib/python3.7/site-packages/airflow/example_dags/tutorial_taskflow_api_etl_virtualenv.py
[2022-10-01T00:11:31.673+0000] {processor.py:650} INFO - DAG(s) dict_keys(['tutorial_taskflow_api_etl_virtualenv']) retrieved from /home/airflow/.local/lib/python3.7/site-packages/airflow/example_dags/tutorial_taskflow_api_etl_virtualenv.py
[2022-10-01T00:11:31.695+0000] {logging_mixin.py:115} INFO - [2022-10-01T00:11:31.695+0000] {dag.py:2429} INFO - Sync 1 DAGs
[2022-10-01T00:11:31.712+0000] {logging_mixin.py:115} INFO - [2022-10-01T00:11:31.712+0000] {dag.py:2981} INFO - Setting next_dagrun for tutorial_taskflow_api_etl_virtualenv to None, run_after=None
[2022-10-01T00:11:31.721+0000] {processor.py:161} INFO - Processing /home/airflow/.local/lib/python3.7/site-packages/airflow/example_dags/tutorial_taskflow_api_etl_virtualenv.py took 0.073 seconds
[2022-10-01T00:12:02.043+0000] {processor.py:153} INFO - Started process (PID=35375) to work on /home/airflow/.local/lib/python3.7/site-packages/airflow/example_dags/tutorial_taskflow_api_etl_virtualenv.py
[2022-10-01T00:12:02.046+0000] {processor.py:640} INFO - Processing file /home/airflow/.local/lib/python3.7/site-packages/airflow/example_dags/tutorial_taskflow_api_etl_virtualenv.py for tasks to queue
[2022-10-01T00:12:02.047+0000] {logging_mixin.py:115} INFO - [2022-10-01T00:12:02.047+0000] {dagbag.py:508} INFO - Filling up the DagBag from /home/airflow/.local/lib/python3.7/site-packages/airflow/example_dags/tutorial_taskflow_api_etl_virtualenv.py
[2022-10-01T00:12:02.059+0000] {processor.py:650} INFO - DAG(s) dict_keys(['tutorial_taskflow_api_etl_virtualenv']) retrieved from /home/airflow/.local/lib/python3.7/site-packages/airflow/example_dags/tutorial_taskflow_api_etl_virtualenv.py
[2022-10-01T00:12:02.077+0000] {logging_mixin.py:115} INFO - [2022-10-01T00:12:02.077+0000] {dag.py:2429} INFO - Sync 1 DAGs
[2022-10-01T00:12:02.093+0000] {logging_mixin.py:115} INFO - [2022-10-01T00:12:02.093+0000] {dag.py:2981} INFO - Setting next_dagrun for tutorial_taskflow_api_etl_virtualenv to None, run_after=None
[2022-10-01T00:12:02.103+0000] {processor.py:161} INFO - Processing /home/airflow/.local/lib/python3.7/site-packages/airflow/example_dags/tutorial_taskflow_api_etl_virtualenv.py took 0.063 seconds
[2022-10-01T00:12:32.501+0000] {processor.py:153} INFO - Started process (PID=35442) to work on /home/airflow/.local/lib/python3.7/site-packages/airflow/example_dags/tutorial_taskflow_api_etl_virtualenv.py
[2022-10-01T00:12:32.504+0000] {processor.py:640} INFO - Processing file /home/airflow/.local/lib/python3.7/site-packages/airflow/example_dags/tutorial_taskflow_api_etl_virtualenv.py for tasks to queue
[2022-10-01T00:12:32.506+0000] {logging_mixin.py:115} INFO - [2022-10-01T00:12:32.506+0000] {dagbag.py:508} INFO - Filling up the DagBag from /home/airflow/.local/lib/python3.7/site-packages/airflow/example_dags/tutorial_taskflow_api_etl_virtualenv.py
[2022-10-01T00:12:32.518+0000] {processor.py:650} INFO - DAG(s) dict_keys(['tutorial_taskflow_api_etl_virtualenv']) retrieved from /home/airflow/.local/lib/python3.7/site-packages/airflow/example_dags/tutorial_taskflow_api_etl_virtualenv.py
[2022-10-01T00:12:32.559+0000] {logging_mixin.py:115} INFO - [2022-10-01T00:12:32.559+0000] {dag.py:2429} INFO - Sync 1 DAGs
[2022-10-01T00:12:32.572+0000] {logging_mixin.py:115} INFO - [2022-10-01T00:12:32.572+0000] {dag.py:2981} INFO - Setting next_dagrun for tutorial_taskflow_api_etl_virtualenv to None, run_after=None
[2022-10-01T00:12:32.583+0000] {processor.py:161} INFO - Processing /home/airflow/.local/lib/python3.7/site-packages/airflow/example_dags/tutorial_taskflow_api_etl_virtualenv.py took 0.084 seconds
[2022-10-01T00:13:02.959+0000] {processor.py:153} INFO - Started process (PID=35507) to work on /home/airflow/.local/lib/python3.7/site-packages/airflow/example_dags/tutorial_taskflow_api_etl_virtualenv.py
[2022-10-01T00:13:02.960+0000] {processor.py:640} INFO - Processing file /home/airflow/.local/lib/python3.7/site-packages/airflow/example_dags/tutorial_taskflow_api_etl_virtualenv.py for tasks to queue
[2022-10-01T00:13:02.962+0000] {logging_mixin.py:115} INFO - [2022-10-01T00:13:02.962+0000] {dagbag.py:508} INFO - Filling up the DagBag from /home/airflow/.local/lib/python3.7/site-packages/airflow/example_dags/tutorial_taskflow_api_etl_virtualenv.py
[2022-10-01T00:13:02.974+0000] {processor.py:650} INFO - DAG(s) dict_keys(['tutorial_taskflow_api_etl_virtualenv']) retrieved from /home/airflow/.local/lib/python3.7/site-packages/airflow/example_dags/tutorial_taskflow_api_etl_virtualenv.py
[2022-10-01T00:13:02.990+0000] {logging_mixin.py:115} INFO - [2022-10-01T00:13:02.990+0000] {dag.py:2429} INFO - Sync 1 DAGs
[2022-10-01T00:13:03.003+0000] {logging_mixin.py:115} INFO - [2022-10-01T00:13:03.002+0000] {dag.py:2981} INFO - Setting next_dagrun for tutorial_taskflow_api_etl_virtualenv to None, run_after=None
[2022-10-01T00:13:03.011+0000] {processor.py:161} INFO - Processing /home/airflow/.local/lib/python3.7/site-packages/airflow/example_dags/tutorial_taskflow_api_etl_virtualenv.py took 0.055 seconds
[2022-10-01T00:13:33.236+0000] {processor.py:153} INFO - Started process (PID=35566) to work on /home/airflow/.local/lib/python3.7/site-packages/airflow/example_dags/tutorial_taskflow_api_etl_virtualenv.py
[2022-10-01T00:13:33.238+0000] {processor.py:640} INFO - Processing file /home/airflow/.local/lib/python3.7/site-packages/airflow/example_dags/tutorial_taskflow_api_etl_virtualenv.py for tasks to queue
[2022-10-01T00:13:33.554+0000] {logging_mixin.py:115} INFO - [2022-10-01T00:13:33.239+0000] {dagbag.py:508} INFO - Filling up the DagBag from /home/airflow/.local/lib/python3.7/site-packages/airflow/example_dags/tutorial_taskflow_api_etl_virtualenv.py
[2022-10-01T00:13:33.842+0000] {processor.py:650} INFO - DAG(s) dict_keys(['tutorial_taskflow_api_etl_virtualenv']) retrieved from /home/airflow/.local/lib/python3.7/site-packages/airflow/example_dags/tutorial_taskflow_api_etl_virtualenv.py
[2022-10-01T00:13:34.066+0000] {logging_mixin.py:115} INFO - [2022-10-01T00:13:34.065+0000] {dag.py:2429} INFO - Sync 1 DAGs
[2022-10-01T00:13:34.144+0000] {logging_mixin.py:115} INFO - [2022-10-01T00:13:34.143+0000] {dag.py:2981} INFO - Setting next_dagrun for tutorial_taskflow_api_etl_virtualenv to None, run_after=None
[2022-10-01T00:13:34.220+0000] {processor.py:161} INFO - Processing /home/airflow/.local/lib/python3.7/site-packages/airflow/example_dags/tutorial_taskflow_api_etl_virtualenv.py took 0.988 seconds
[2022-10-01T00:18:32.625+0000] {processor.py:153} INFO - Started process (PID=35624) to work on /home/airflow/.local/lib/python3.7/site-packages/airflow/example_dags/tutorial_taskflow_api_etl_virtualenv.py
[2022-10-01T00:18:32.631+0000] {processor.py:640} INFO - Processing file /home/airflow/.local/lib/python3.7/site-packages/airflow/example_dags/tutorial_taskflow_api_etl_virtualenv.py for tasks to queue
[2022-10-01T00:18:32.635+0000] {logging_mixin.py:115} INFO - [2022-10-01T00:18:32.635+0000] {dagbag.py:508} INFO - Filling up the DagBag from /home/airflow/.local/lib/python3.7/site-packages/airflow/example_dags/tutorial_taskflow_api_etl_virtualenv.py
[2022-10-01T00:18:32.658+0000] {processor.py:650} INFO - DAG(s) dict_keys(['tutorial_taskflow_api_etl_virtualenv']) retrieved from /home/airflow/.local/lib/python3.7/site-packages/airflow/example_dags/tutorial_taskflow_api_etl_virtualenv.py
[2022-10-01T00:18:32.764+0000] {logging_mixin.py:115} INFO - [2022-10-01T00:18:32.764+0000] {dag.py:2429} INFO - Sync 1 DAGs
[2022-10-01T00:18:32.787+0000] {logging_mixin.py:115} INFO - [2022-10-01T00:18:32.787+0000] {dag.py:2981} INFO - Setting next_dagrun for tutorial_taskflow_api_etl_virtualenv to None, run_after=None
[2022-10-01T00:18:32.797+0000] {processor.py:161} INFO - Processing /home/airflow/.local/lib/python3.7/site-packages/airflow/example_dags/tutorial_taskflow_api_etl_virtualenv.py took 0.180 seconds
[2022-10-01T00:19:03.787+0000] {processor.py:153} INFO - Started process (PID=35690) to work on /home/airflow/.local/lib/python3.7/site-packages/airflow/example_dags/tutorial_taskflow_api_etl_virtualenv.py
[2022-10-01T00:19:03.788+0000] {processor.py:640} INFO - Processing file /home/airflow/.local/lib/python3.7/site-packages/airflow/example_dags/tutorial_taskflow_api_etl_virtualenv.py for tasks to queue
[2022-10-01T00:19:03.790+0000] {logging_mixin.py:115} INFO - [2022-10-01T00:19:03.790+0000] {dagbag.py:508} INFO - Filling up the DagBag from /home/airflow/.local/lib/python3.7/site-packages/airflow/example_dags/tutorial_taskflow_api_etl_virtualenv.py
[2022-10-01T00:19:03.805+0000] {processor.py:650} INFO - DAG(s) dict_keys(['tutorial_taskflow_api_etl_virtualenv']) retrieved from /home/airflow/.local/lib/python3.7/site-packages/airflow/example_dags/tutorial_taskflow_api_etl_virtualenv.py
[2022-10-01T00:19:03.866+0000] {logging_mixin.py:115} INFO - [2022-10-01T00:19:03.866+0000] {dag.py:2429} INFO - Sync 1 DAGs
[2022-10-01T00:19:03.883+0000] {logging_mixin.py:115} INFO - [2022-10-01T00:19:03.883+0000] {dag.py:2981} INFO - Setting next_dagrun for tutorial_taskflow_api_etl_virtualenv to None, run_after=None
[2022-10-01T00:19:03.905+0000] {processor.py:161} INFO - Processing /home/airflow/.local/lib/python3.7/site-packages/airflow/example_dags/tutorial_taskflow_api_etl_virtualenv.py took 0.121 seconds
[2022-10-01T00:19:34.204+0000] {processor.py:153} INFO - Started process (PID=35748) to work on /home/airflow/.local/lib/python3.7/site-packages/airflow/example_dags/tutorial_taskflow_api_etl_virtualenv.py
[2022-10-01T00:19:34.206+0000] {processor.py:640} INFO - Processing file /home/airflow/.local/lib/python3.7/site-packages/airflow/example_dags/tutorial_taskflow_api_etl_virtualenv.py for tasks to queue
[2022-10-01T00:19:34.207+0000] {logging_mixin.py:115} INFO - [2022-10-01T00:19:34.207+0000] {dagbag.py:508} INFO - Filling up the DagBag from /home/airflow/.local/lib/python3.7/site-packages/airflow/example_dags/tutorial_taskflow_api_etl_virtualenv.py
[2022-10-01T00:19:34.221+0000] {processor.py:650} INFO - DAG(s) dict_keys(['tutorial_taskflow_api_etl_virtualenv']) retrieved from /home/airflow/.local/lib/python3.7/site-packages/airflow/example_dags/tutorial_taskflow_api_etl_virtualenv.py
[2022-10-01T00:19:34.309+0000] {logging_mixin.py:115} INFO - [2022-10-01T00:19:34.309+0000] {dag.py:2429} INFO - Sync 1 DAGs
[2022-10-01T00:19:34.331+0000] {logging_mixin.py:115} INFO - [2022-10-01T00:19:34.331+0000] {dag.py:2981} INFO - Setting next_dagrun for tutorial_taskflow_api_etl_virtualenv to None, run_after=None
[2022-10-01T00:19:34.354+0000] {processor.py:161} INFO - Processing /home/airflow/.local/lib/python3.7/site-packages/airflow/example_dags/tutorial_taskflow_api_etl_virtualenv.py took 0.152 seconds
[2022-10-01T00:20:04.901+0000] {processor.py:153} INFO - Started process (PID=35812) to work on /home/airflow/.local/lib/python3.7/site-packages/airflow/example_dags/tutorial_taskflow_api_etl_virtualenv.py
[2022-10-01T00:20:04.904+0000] {processor.py:640} INFO - Processing file /home/airflow/.local/lib/python3.7/site-packages/airflow/example_dags/tutorial_taskflow_api_etl_virtualenv.py for tasks to queue
[2022-10-01T00:20:04.905+0000] {logging_mixin.py:115} INFO - [2022-10-01T00:20:04.905+0000] {dagbag.py:508} INFO - Filling up the DagBag from /home/airflow/.local/lib/python3.7/site-packages/airflow/example_dags/tutorial_taskflow_api_etl_virtualenv.py
[2022-10-01T00:20:04.919+0000] {processor.py:650} INFO - DAG(s) dict_keys(['tutorial_taskflow_api_etl_virtualenv']) retrieved from /home/airflow/.local/lib/python3.7/site-packages/airflow/example_dags/tutorial_taskflow_api_etl_virtualenv.py
[2022-10-01T00:20:04.976+0000] {logging_mixin.py:115} INFO - [2022-10-01T00:20:04.976+0000] {dag.py:2429} INFO - Sync 1 DAGs
[2022-10-01T00:20:04.991+0000] {logging_mixin.py:115} INFO - [2022-10-01T00:20:04.991+0000] {dag.py:2981} INFO - Setting next_dagrun for tutorial_taskflow_api_etl_virtualenv to None, run_after=None
[2022-10-01T00:20:05.000+0000] {processor.py:161} INFO - Processing /home/airflow/.local/lib/python3.7/site-packages/airflow/example_dags/tutorial_taskflow_api_etl_virtualenv.py took 0.102 seconds
[2022-10-01T00:20:35.390+0000] {processor.py:153} INFO - Started process (PID=35880) to work on /home/airflow/.local/lib/python3.7/site-packages/airflow/example_dags/tutorial_taskflow_api_etl_virtualenv.py
[2022-10-01T00:20:35.391+0000] {processor.py:640} INFO - Processing file /home/airflow/.local/lib/python3.7/site-packages/airflow/example_dags/tutorial_taskflow_api_etl_virtualenv.py for tasks to queue
[2022-10-01T00:20:35.393+0000] {logging_mixin.py:115} INFO - [2022-10-01T00:20:35.392+0000] {dagbag.py:508} INFO - Filling up the DagBag from /home/airflow/.local/lib/python3.7/site-packages/airflow/example_dags/tutorial_taskflow_api_etl_virtualenv.py
[2022-10-01T00:20:35.406+0000] {processor.py:650} INFO - DAG(s) dict_keys(['tutorial_taskflow_api_etl_virtualenv']) retrieved from /home/airflow/.local/lib/python3.7/site-packages/airflow/example_dags/tutorial_taskflow_api_etl_virtualenv.py
[2022-10-01T00:20:35.460+0000] {logging_mixin.py:115} INFO - [2022-10-01T00:20:35.460+0000] {dag.py:2429} INFO - Sync 1 DAGs
[2022-10-01T00:20:35.480+0000] {logging_mixin.py:115} INFO - [2022-10-01T00:20:35.480+0000] {dag.py:2981} INFO - Setting next_dagrun for tutorial_taskflow_api_etl_virtualenv to None, run_after=None
[2022-10-01T00:20:35.498+0000] {processor.py:161} INFO - Processing /home/airflow/.local/lib/python3.7/site-packages/airflow/example_dags/tutorial_taskflow_api_etl_virtualenv.py took 0.111 seconds
[2022-10-01T00:21:05.855+0000] {processor.py:153} INFO - Started process (PID=35937) to work on /home/airflow/.local/lib/python3.7/site-packages/airflow/example_dags/tutorial_taskflow_api_etl_virtualenv.py
[2022-10-01T00:21:05.861+0000] {processor.py:640} INFO - Processing file /home/airflow/.local/lib/python3.7/site-packages/airflow/example_dags/tutorial_taskflow_api_etl_virtualenv.py for tasks to queue
[2022-10-01T00:21:05.863+0000] {logging_mixin.py:115} INFO - [2022-10-01T00:21:05.863+0000] {dagbag.py:508} INFO - Filling up the DagBag from /home/airflow/.local/lib/python3.7/site-packages/airflow/example_dags/tutorial_taskflow_api_etl_virtualenv.py
[2022-10-01T00:21:05.880+0000] {processor.py:650} INFO - DAG(s) dict_keys(['tutorial_taskflow_api_etl_virtualenv']) retrieved from /home/airflow/.local/lib/python3.7/site-packages/airflow/example_dags/tutorial_taskflow_api_etl_virtualenv.py
[2022-10-01T00:21:05.925+0000] {logging_mixin.py:115} INFO - [2022-10-01T00:21:05.925+0000] {dag.py:2429} INFO - Sync 1 DAGs
[2022-10-01T00:21:05.950+0000] {logging_mixin.py:115} INFO - [2022-10-01T00:21:05.950+0000] {dag.py:2981} INFO - Setting next_dagrun for tutorial_taskflow_api_etl_virtualenv to None, run_after=None
[2022-10-01T00:21:05.969+0000] {processor.py:161} INFO - Processing /home/airflow/.local/lib/python3.7/site-packages/airflow/example_dags/tutorial_taskflow_api_etl_virtualenv.py took 0.121 seconds
[2022-10-01T00:21:36.413+0000] {processor.py:153} INFO - Started process (PID=36002) to work on /home/airflow/.local/lib/python3.7/site-packages/airflow/example_dags/tutorial_taskflow_api_etl_virtualenv.py
[2022-10-01T00:21:36.416+0000] {processor.py:640} INFO - Processing file /home/airflow/.local/lib/python3.7/site-packages/airflow/example_dags/tutorial_taskflow_api_etl_virtualenv.py for tasks to queue
[2022-10-01T00:21:36.417+0000] {logging_mixin.py:115} INFO - [2022-10-01T00:21:36.417+0000] {dagbag.py:508} INFO - Filling up the DagBag from /home/airflow/.local/lib/python3.7/site-packages/airflow/example_dags/tutorial_taskflow_api_etl_virtualenv.py
[2022-10-01T00:21:36.434+0000] {processor.py:650} INFO - DAG(s) dict_keys(['tutorial_taskflow_api_etl_virtualenv']) retrieved from /home/airflow/.local/lib/python3.7/site-packages/airflow/example_dags/tutorial_taskflow_api_etl_virtualenv.py
[2022-10-01T00:21:36.481+0000] {logging_mixin.py:115} INFO - [2022-10-01T00:21:36.481+0000] {dag.py:2429} INFO - Sync 1 DAGs
[2022-10-01T00:21:36.495+0000] {logging_mixin.py:115} INFO - [2022-10-01T00:21:36.495+0000] {dag.py:2981} INFO - Setting next_dagrun for tutorial_taskflow_api_etl_virtualenv to None, run_after=None
[2022-10-01T00:21:36.504+0000] {processor.py:161} INFO - Processing /home/airflow/.local/lib/python3.7/site-packages/airflow/example_dags/tutorial_taskflow_api_etl_virtualenv.py took 0.096 seconds
[2022-10-01T00:22:06.801+0000] {processor.py:153} INFO - Started process (PID=36068) to work on /home/airflow/.local/lib/python3.7/site-packages/airflow/example_dags/tutorial_taskflow_api_etl_virtualenv.py
[2022-10-01T00:22:06.814+0000] {processor.py:640} INFO - Processing file /home/airflow/.local/lib/python3.7/site-packages/airflow/example_dags/tutorial_taskflow_api_etl_virtualenv.py for tasks to queue
[2022-10-01T00:22:06.816+0000] {logging_mixin.py:115} INFO - [2022-10-01T00:22:06.816+0000] {dagbag.py:508} INFO - Filling up the DagBag from /home/airflow/.local/lib/python3.7/site-packages/airflow/example_dags/tutorial_taskflow_api_etl_virtualenv.py
[2022-10-01T00:22:06.838+0000] {processor.py:650} INFO - DAG(s) dict_keys(['tutorial_taskflow_api_etl_virtualenv']) retrieved from /home/airflow/.local/lib/python3.7/site-packages/airflow/example_dags/tutorial_taskflow_api_etl_virtualenv.py
[2022-10-01T00:22:06.882+0000] {logging_mixin.py:115} INFO - [2022-10-01T00:22:06.882+0000] {dag.py:2429} INFO - Sync 1 DAGs
[2022-10-01T00:22:06.896+0000] {logging_mixin.py:115} INFO - [2022-10-01T00:22:06.895+0000] {dag.py:2981} INFO - Setting next_dagrun for tutorial_taskflow_api_etl_virtualenv to None, run_after=None
[2022-10-01T00:22:06.904+0000] {processor.py:161} INFO - Processing /home/airflow/.local/lib/python3.7/site-packages/airflow/example_dags/tutorial_taskflow_api_etl_virtualenv.py took 0.109 seconds
[2022-10-01T00:22:37.194+0000] {processor.py:153} INFO - Started process (PID=36134) to work on /home/airflow/.local/lib/python3.7/site-packages/airflow/example_dags/tutorial_taskflow_api_etl_virtualenv.py
[2022-10-01T00:22:37.198+0000] {processor.py:640} INFO - Processing file /home/airflow/.local/lib/python3.7/site-packages/airflow/example_dags/tutorial_taskflow_api_etl_virtualenv.py for tasks to queue
[2022-10-01T00:22:37.201+0000] {logging_mixin.py:115} INFO - [2022-10-01T00:22:37.201+0000] {dagbag.py:508} INFO - Filling up the DagBag from /home/airflow/.local/lib/python3.7/site-packages/airflow/example_dags/tutorial_taskflow_api_etl_virtualenv.py
[2022-10-01T00:22:37.217+0000] {processor.py:650} INFO - DAG(s) dict_keys(['tutorial_taskflow_api_etl_virtualenv']) retrieved from /home/airflow/.local/lib/python3.7/site-packages/airflow/example_dags/tutorial_taskflow_api_etl_virtualenv.py
[2022-10-01T00:22:37.263+0000] {logging_mixin.py:115} INFO - [2022-10-01T00:22:37.263+0000] {dag.py:2429} INFO - Sync 1 DAGs
[2022-10-01T00:22:37.282+0000] {logging_mixin.py:115} INFO - [2022-10-01T00:22:37.282+0000] {dag.py:2981} INFO - Setting next_dagrun for tutorial_taskflow_api_etl_virtualenv to None, run_after=None
[2022-10-01T00:22:37.290+0000] {processor.py:161} INFO - Processing /home/airflow/.local/lib/python3.7/site-packages/airflow/example_dags/tutorial_taskflow_api_etl_virtualenv.py took 0.103 seconds
[2022-10-01T00:23:07.483+0000] {processor.py:153} INFO - Started process (PID=36191) to work on /home/airflow/.local/lib/python3.7/site-packages/airflow/example_dags/tutorial_taskflow_api_etl_virtualenv.py
[2022-10-01T00:23:07.485+0000] {processor.py:640} INFO - Processing file /home/airflow/.local/lib/python3.7/site-packages/airflow/example_dags/tutorial_taskflow_api_etl_virtualenv.py for tasks to queue
[2022-10-01T00:23:07.486+0000] {logging_mixin.py:115} INFO - [2022-10-01T00:23:07.486+0000] {dagbag.py:508} INFO - Filling up the DagBag from /home/airflow/.local/lib/python3.7/site-packages/airflow/example_dags/tutorial_taskflow_api_etl_virtualenv.py
[2022-10-01T00:23:07.499+0000] {processor.py:650} INFO - DAG(s) dict_keys(['tutorial_taskflow_api_etl_virtualenv']) retrieved from /home/airflow/.local/lib/python3.7/site-packages/airflow/example_dags/tutorial_taskflow_api_etl_virtualenv.py
[2022-10-01T00:23:07.546+0000] {logging_mixin.py:115} INFO - [2022-10-01T00:23:07.546+0000] {dag.py:2429} INFO - Sync 1 DAGs
[2022-10-01T00:23:07.569+0000] {logging_mixin.py:115} INFO - [2022-10-01T00:23:07.569+0000] {dag.py:2981} INFO - Setting next_dagrun for tutorial_taskflow_api_etl_virtualenv to None, run_after=None
[2022-10-01T00:23:07.583+0000] {processor.py:161} INFO - Processing /home/airflow/.local/lib/python3.7/site-packages/airflow/example_dags/tutorial_taskflow_api_etl_virtualenv.py took 0.103 seconds
[2022-10-01T00:23:38.120+0000] {processor.py:153} INFO - Started process (PID=36258) to work on /home/airflow/.local/lib/python3.7/site-packages/airflow/example_dags/tutorial_taskflow_api_etl_virtualenv.py
[2022-10-01T00:23:38.122+0000] {processor.py:640} INFO - Processing file /home/airflow/.local/lib/python3.7/site-packages/airflow/example_dags/tutorial_taskflow_api_etl_virtualenv.py for tasks to queue
[2022-10-01T00:23:38.124+0000] {logging_mixin.py:115} INFO - [2022-10-01T00:23:38.124+0000] {dagbag.py:508} INFO - Filling up the DagBag from /home/airflow/.local/lib/python3.7/site-packages/airflow/example_dags/tutorial_taskflow_api_etl_virtualenv.py
[2022-10-01T00:23:38.142+0000] {processor.py:650} INFO - DAG(s) dict_keys(['tutorial_taskflow_api_etl_virtualenv']) retrieved from /home/airflow/.local/lib/python3.7/site-packages/airflow/example_dags/tutorial_taskflow_api_etl_virtualenv.py
[2022-10-01T00:23:38.191+0000] {logging_mixin.py:115} INFO - [2022-10-01T00:23:38.191+0000] {dag.py:2429} INFO - Sync 1 DAGs
[2022-10-01T00:23:38.209+0000] {logging_mixin.py:115} INFO - [2022-10-01T00:23:38.209+0000] {dag.py:2981} INFO - Setting next_dagrun for tutorial_taskflow_api_etl_virtualenv to None, run_after=None
[2022-10-01T00:23:38.222+0000] {processor.py:161} INFO - Processing /home/airflow/.local/lib/python3.7/site-packages/airflow/example_dags/tutorial_taskflow_api_etl_virtualenv.py took 0.108 seconds
[2022-10-01T00:24:08.391+0000] {processor.py:153} INFO - Started process (PID=36326) to work on /home/airflow/.local/lib/python3.7/site-packages/airflow/example_dags/tutorial_taskflow_api_etl_virtualenv.py
[2022-10-01T00:24:08.393+0000] {processor.py:640} INFO - Processing file /home/airflow/.local/lib/python3.7/site-packages/airflow/example_dags/tutorial_taskflow_api_etl_virtualenv.py for tasks to queue
[2022-10-01T00:24:08.395+0000] {logging_mixin.py:115} INFO - [2022-10-01T00:24:08.395+0000] {dagbag.py:508} INFO - Filling up the DagBag from /home/airflow/.local/lib/python3.7/site-packages/airflow/example_dags/tutorial_taskflow_api_etl_virtualenv.py
[2022-10-01T00:24:08.412+0000] {processor.py:650} INFO - DAG(s) dict_keys(['tutorial_taskflow_api_etl_virtualenv']) retrieved from /home/airflow/.local/lib/python3.7/site-packages/airflow/example_dags/tutorial_taskflow_api_etl_virtualenv.py
[2022-10-01T00:24:08.431+0000] {logging_mixin.py:115} INFO - [2022-10-01T00:24:08.431+0000] {dag.py:2429} INFO - Sync 1 DAGs
[2022-10-01T00:24:08.444+0000] {logging_mixin.py:115} INFO - [2022-10-01T00:24:08.444+0000] {dag.py:2981} INFO - Setting next_dagrun for tutorial_taskflow_api_etl_virtualenv to None, run_after=None
[2022-10-01T00:24:08.451+0000] {processor.py:161} INFO - Processing /home/airflow/.local/lib/python3.7/site-packages/airflow/example_dags/tutorial_taskflow_api_etl_virtualenv.py took 0.067 seconds
[2022-10-01T00:24:38.793+0000] {processor.py:153} INFO - Started process (PID=36392) to work on /home/airflow/.local/lib/python3.7/site-packages/airflow/example_dags/tutorial_taskflow_api_etl_virtualenv.py
[2022-10-01T00:24:38.797+0000] {processor.py:640} INFO - Processing file /home/airflow/.local/lib/python3.7/site-packages/airflow/example_dags/tutorial_taskflow_api_etl_virtualenv.py for tasks to queue
[2022-10-01T00:24:38.802+0000] {logging_mixin.py:115} INFO - [2022-10-01T00:24:38.802+0000] {dagbag.py:508} INFO - Filling up the DagBag from /home/airflow/.local/lib/python3.7/site-packages/airflow/example_dags/tutorial_taskflow_api_etl_virtualenv.py
[2022-10-01T00:24:38.833+0000] {processor.py:650} INFO - DAG(s) dict_keys(['tutorial_taskflow_api_etl_virtualenv']) retrieved from /home/airflow/.local/lib/python3.7/site-packages/airflow/example_dags/tutorial_taskflow_api_etl_virtualenv.py
[2022-10-01T00:24:38.909+0000] {logging_mixin.py:115} INFO - [2022-10-01T00:24:38.908+0000] {dag.py:2429} INFO - Sync 1 DAGs
[2022-10-01T00:24:38.924+0000] {logging_mixin.py:115} INFO - [2022-10-01T00:24:38.924+0000] {dag.py:2981} INFO - Setting next_dagrun for tutorial_taskflow_api_etl_virtualenv to None, run_after=None
[2022-10-01T00:24:38.939+0000] {processor.py:161} INFO - Processing /home/airflow/.local/lib/python3.7/site-packages/airflow/example_dags/tutorial_taskflow_api_etl_virtualenv.py took 0.153 seconds
[2022-10-01T00:25:09.658+0000] {processor.py:153} INFO - Started process (PID=36449) to work on /home/airflow/.local/lib/python3.7/site-packages/airflow/example_dags/tutorial_taskflow_api_etl_virtualenv.py
[2022-10-01T00:25:09.660+0000] {processor.py:640} INFO - Processing file /home/airflow/.local/lib/python3.7/site-packages/airflow/example_dags/tutorial_taskflow_api_etl_virtualenv.py for tasks to queue
[2022-10-01T00:25:09.662+0000] {logging_mixin.py:115} INFO - [2022-10-01T00:25:09.661+0000] {dagbag.py:508} INFO - Filling up the DagBag from /home/airflow/.local/lib/python3.7/site-packages/airflow/example_dags/tutorial_taskflow_api_etl_virtualenv.py
[2022-10-01T00:25:09.679+0000] {processor.py:650} INFO - DAG(s) dict_keys(['tutorial_taskflow_api_etl_virtualenv']) retrieved from /home/airflow/.local/lib/python3.7/site-packages/airflow/example_dags/tutorial_taskflow_api_etl_virtualenv.py
[2022-10-01T00:25:09.721+0000] {logging_mixin.py:115} INFO - [2022-10-01T00:25:09.721+0000] {dag.py:2429} INFO - Sync 1 DAGs
[2022-10-01T00:25:09.735+0000] {logging_mixin.py:115} INFO - [2022-10-01T00:25:09.735+0000] {dag.py:2981} INFO - Setting next_dagrun for tutorial_taskflow_api_etl_virtualenv to None, run_after=None
[2022-10-01T00:25:09.743+0000] {processor.py:161} INFO - Processing /home/airflow/.local/lib/python3.7/site-packages/airflow/example_dags/tutorial_taskflow_api_etl_virtualenv.py took 0.089 seconds
[2022-10-01T00:25:39.991+0000] {processor.py:153} INFO - Started process (PID=36515) to work on /home/airflow/.local/lib/python3.7/site-packages/airflow/example_dags/tutorial_taskflow_api_etl_virtualenv.py
[2022-10-01T00:25:39.993+0000] {processor.py:640} INFO - Processing file /home/airflow/.local/lib/python3.7/site-packages/airflow/example_dags/tutorial_taskflow_api_etl_virtualenv.py for tasks to queue
[2022-10-01T00:25:39.995+0000] {logging_mixin.py:115} INFO - [2022-10-01T00:25:39.995+0000] {dagbag.py:508} INFO - Filling up the DagBag from /home/airflow/.local/lib/python3.7/site-packages/airflow/example_dags/tutorial_taskflow_api_etl_virtualenv.py
[2022-10-01T00:25:40.017+0000] {processor.py:650} INFO - DAG(s) dict_keys(['tutorial_taskflow_api_etl_virtualenv']) retrieved from /home/airflow/.local/lib/python3.7/site-packages/airflow/example_dags/tutorial_taskflow_api_etl_virtualenv.py
[2022-10-01T00:25:40.063+0000] {logging_mixin.py:115} INFO - [2022-10-01T00:25:40.063+0000] {dag.py:2429} INFO - Sync 1 DAGs
[2022-10-01T00:25:40.077+0000] {logging_mixin.py:115} INFO - [2022-10-01T00:25:40.077+0000] {dag.py:2981} INFO - Setting next_dagrun for tutorial_taskflow_api_etl_virtualenv to None, run_after=None
[2022-10-01T00:25:40.085+0000] {processor.py:161} INFO - Processing /home/airflow/.local/lib/python3.7/site-packages/airflow/example_dags/tutorial_taskflow_api_etl_virtualenv.py took 0.097 seconds
[2022-10-01T00:26:10.230+0000] {processor.py:153} INFO - Started process (PID=36581) to work on /home/airflow/.local/lib/python3.7/site-packages/airflow/example_dags/tutorial_taskflow_api_etl_virtualenv.py
[2022-10-01T00:26:10.231+0000] {processor.py:640} INFO - Processing file /home/airflow/.local/lib/python3.7/site-packages/airflow/example_dags/tutorial_taskflow_api_etl_virtualenv.py for tasks to queue
[2022-10-01T00:26:10.233+0000] {logging_mixin.py:115} INFO - [2022-10-01T00:26:10.233+0000] {dagbag.py:508} INFO - Filling up the DagBag from /home/airflow/.local/lib/python3.7/site-packages/airflow/example_dags/tutorial_taskflow_api_etl_virtualenv.py
[2022-10-01T00:26:10.249+0000] {processor.py:650} INFO - DAG(s) dict_keys(['tutorial_taskflow_api_etl_virtualenv']) retrieved from /home/airflow/.local/lib/python3.7/site-packages/airflow/example_dags/tutorial_taskflow_api_etl_virtualenv.py
[2022-10-01T00:26:10.319+0000] {logging_mixin.py:115} INFO - [2022-10-01T00:26:10.319+0000] {dag.py:2429} INFO - Sync 1 DAGs
[2022-10-01T00:26:10.338+0000] {logging_mixin.py:115} INFO - [2022-10-01T00:26:10.337+0000] {dag.py:2981} INFO - Setting next_dagrun for tutorial_taskflow_api_etl_virtualenv to None, run_after=None
[2022-10-01T00:26:10.350+0000] {processor.py:161} INFO - Processing /home/airflow/.local/lib/python3.7/site-packages/airflow/example_dags/tutorial_taskflow_api_etl_virtualenv.py took 0.123 seconds
[2022-10-01T00:26:40.800+0000] {processor.py:153} INFO - Started process (PID=36638) to work on /home/airflow/.local/lib/python3.7/site-packages/airflow/example_dags/tutorial_taskflow_api_etl_virtualenv.py
[2022-10-01T00:26:40.802+0000] {processor.py:640} INFO - Processing file /home/airflow/.local/lib/python3.7/site-packages/airflow/example_dags/tutorial_taskflow_api_etl_virtualenv.py for tasks to queue
[2022-10-01T00:26:40.805+0000] {logging_mixin.py:115} INFO - [2022-10-01T00:26:40.805+0000] {dagbag.py:508} INFO - Filling up the DagBag from /home/airflow/.local/lib/python3.7/site-packages/airflow/example_dags/tutorial_taskflow_api_etl_virtualenv.py
[2022-10-01T00:26:40.824+0000] {processor.py:650} INFO - DAG(s) dict_keys(['tutorial_taskflow_api_etl_virtualenv']) retrieved from /home/airflow/.local/lib/python3.7/site-packages/airflow/example_dags/tutorial_taskflow_api_etl_virtualenv.py
[2022-10-01T00:26:40.867+0000] {logging_mixin.py:115} INFO - [2022-10-01T00:26:40.866+0000] {dag.py:2429} INFO - Sync 1 DAGs
[2022-10-01T00:26:40.882+0000] {logging_mixin.py:115} INFO - [2022-10-01T00:26:40.882+0000] {dag.py:2981} INFO - Setting next_dagrun for tutorial_taskflow_api_etl_virtualenv to None, run_after=None
[2022-10-01T00:26:40.890+0000] {processor.py:161} INFO - Processing /home/airflow/.local/lib/python3.7/site-packages/airflow/example_dags/tutorial_taskflow_api_etl_virtualenv.py took 0.095 seconds
[2022-10-01T00:27:11.055+0000] {processor.py:153} INFO - Started process (PID=36703) to work on /home/airflow/.local/lib/python3.7/site-packages/airflow/example_dags/tutorial_taskflow_api_etl_virtualenv.py
[2022-10-01T00:27:11.062+0000] {processor.py:640} INFO - Processing file /home/airflow/.local/lib/python3.7/site-packages/airflow/example_dags/tutorial_taskflow_api_etl_virtualenv.py for tasks to queue
[2022-10-01T00:27:11.064+0000] {logging_mixin.py:115} INFO - [2022-10-01T00:27:11.064+0000] {dagbag.py:508} INFO - Filling up the DagBag from /home/airflow/.local/lib/python3.7/site-packages/airflow/example_dags/tutorial_taskflow_api_etl_virtualenv.py
[2022-10-01T00:27:11.079+0000] {processor.py:650} INFO - DAG(s) dict_keys(['tutorial_taskflow_api_etl_virtualenv']) retrieved from /home/airflow/.local/lib/python3.7/site-packages/airflow/example_dags/tutorial_taskflow_api_etl_virtualenv.py
[2022-10-01T00:27:11.101+0000] {logging_mixin.py:115} INFO - [2022-10-01T00:27:11.101+0000] {dag.py:2429} INFO - Sync 1 DAGs
[2022-10-01T00:27:11.115+0000] {logging_mixin.py:115} INFO - [2022-10-01T00:27:11.115+0000] {dag.py:2981} INFO - Setting next_dagrun for tutorial_taskflow_api_etl_virtualenv to None, run_after=None
[2022-10-01T00:27:11.125+0000] {processor.py:161} INFO - Processing /home/airflow/.local/lib/python3.7/site-packages/airflow/example_dags/tutorial_taskflow_api_etl_virtualenv.py took 0.077 seconds
[2022-10-01T00:27:41.603+0000] {processor.py:153} INFO - Started process (PID=36769) to work on /home/airflow/.local/lib/python3.7/site-packages/airflow/example_dags/tutorial_taskflow_api_etl_virtualenv.py
[2022-10-01T00:27:41.605+0000] {processor.py:640} INFO - Processing file /home/airflow/.local/lib/python3.7/site-packages/airflow/example_dags/tutorial_taskflow_api_etl_virtualenv.py for tasks to queue
[2022-10-01T00:27:41.607+0000] {logging_mixin.py:115} INFO - [2022-10-01T00:27:41.606+0000] {dagbag.py:508} INFO - Filling up the DagBag from /home/airflow/.local/lib/python3.7/site-packages/airflow/example_dags/tutorial_taskflow_api_etl_virtualenv.py
[2022-10-01T00:27:41.624+0000] {processor.py:650} INFO - DAG(s) dict_keys(['tutorial_taskflow_api_etl_virtualenv']) retrieved from /home/airflow/.local/lib/python3.7/site-packages/airflow/example_dags/tutorial_taskflow_api_etl_virtualenv.py
[2022-10-01T00:27:41.656+0000] {logging_mixin.py:115} INFO - [2022-10-01T00:27:41.656+0000] {dag.py:2429} INFO - Sync 1 DAGs
[2022-10-01T00:27:41.680+0000] {logging_mixin.py:115} INFO - [2022-10-01T00:27:41.680+0000] {dag.py:2981} INFO - Setting next_dagrun for tutorial_taskflow_api_etl_virtualenv to None, run_after=None
[2022-10-01T00:27:41.693+0000] {processor.py:161} INFO - Processing /home/airflow/.local/lib/python3.7/site-packages/airflow/example_dags/tutorial_taskflow_api_etl_virtualenv.py took 0.093 seconds
[2022-10-01T00:28:12.492+0000] {processor.py:153} INFO - Started process (PID=36826) to work on /home/airflow/.local/lib/python3.7/site-packages/airflow/example_dags/tutorial_taskflow_api_etl_virtualenv.py
[2022-10-01T00:28:12.495+0000] {processor.py:640} INFO - Processing file /home/airflow/.local/lib/python3.7/site-packages/airflow/example_dags/tutorial_taskflow_api_etl_virtualenv.py for tasks to queue
[2022-10-01T00:28:12.496+0000] {logging_mixin.py:115} INFO - [2022-10-01T00:28:12.496+0000] {dagbag.py:508} INFO - Filling up the DagBag from /home/airflow/.local/lib/python3.7/site-packages/airflow/example_dags/tutorial_taskflow_api_etl_virtualenv.py
[2022-10-01T00:28:12.511+0000] {processor.py:650} INFO - DAG(s) dict_keys(['tutorial_taskflow_api_etl_virtualenv']) retrieved from /home/airflow/.local/lib/python3.7/site-packages/airflow/example_dags/tutorial_taskflow_api_etl_virtualenv.py
[2022-10-01T00:28:12.533+0000] {logging_mixin.py:115} INFO - [2022-10-01T00:28:12.532+0000] {dag.py:2429} INFO - Sync 1 DAGs
[2022-10-01T00:28:12.548+0000] {logging_mixin.py:115} INFO - [2022-10-01T00:28:12.548+0000] {dag.py:2981} INFO - Setting next_dagrun for tutorial_taskflow_api_etl_virtualenv to None, run_after=None
[2022-10-01T00:28:12.556+0000] {processor.py:161} INFO - Processing /home/airflow/.local/lib/python3.7/site-packages/airflow/example_dags/tutorial_taskflow_api_etl_virtualenv.py took 0.070 seconds
[2022-10-01T00:28:43.014+0000] {processor.py:153} INFO - Started process (PID=36892) to work on /home/airflow/.local/lib/python3.7/site-packages/airflow/example_dags/tutorial_taskflow_api_etl_virtualenv.py
[2022-10-01T00:28:43.016+0000] {processor.py:640} INFO - Processing file /home/airflow/.local/lib/python3.7/site-packages/airflow/example_dags/tutorial_taskflow_api_etl_virtualenv.py for tasks to queue
[2022-10-01T00:28:43.019+0000] {logging_mixin.py:115} INFO - [2022-10-01T00:28:43.018+0000] {dagbag.py:508} INFO - Filling up the DagBag from /home/airflow/.local/lib/python3.7/site-packages/airflow/example_dags/tutorial_taskflow_api_etl_virtualenv.py
[2022-10-01T00:28:43.035+0000] {processor.py:650} INFO - DAG(s) dict_keys(['tutorial_taskflow_api_etl_virtualenv']) retrieved from /home/airflow/.local/lib/python3.7/site-packages/airflow/example_dags/tutorial_taskflow_api_etl_virtualenv.py
[2022-10-01T00:28:43.081+0000] {logging_mixin.py:115} INFO - [2022-10-01T00:28:43.081+0000] {dag.py:2429} INFO - Sync 1 DAGs
[2022-10-01T00:28:43.096+0000] {logging_mixin.py:115} INFO - [2022-10-01T00:28:43.096+0000] {dag.py:2981} INFO - Setting next_dagrun for tutorial_taskflow_api_etl_virtualenv to None, run_after=None
[2022-10-01T00:28:43.104+0000] {processor.py:161} INFO - Processing /home/airflow/.local/lib/python3.7/site-packages/airflow/example_dags/tutorial_taskflow_api_etl_virtualenv.py took 0.098 seconds
[2022-10-01T00:29:13.559+0000] {processor.py:153} INFO - Started process (PID=36958) to work on /home/airflow/.local/lib/python3.7/site-packages/airflow/example_dags/tutorial_taskflow_api_etl_virtualenv.py
[2022-10-01T00:29:13.561+0000] {processor.py:640} INFO - Processing file /home/airflow/.local/lib/python3.7/site-packages/airflow/example_dags/tutorial_taskflow_api_etl_virtualenv.py for tasks to queue
[2022-10-01T00:29:13.563+0000] {logging_mixin.py:115} INFO - [2022-10-01T00:29:13.563+0000] {dagbag.py:508} INFO - Filling up the DagBag from /home/airflow/.local/lib/python3.7/site-packages/airflow/example_dags/tutorial_taskflow_api_etl_virtualenv.py
[2022-10-01T00:29:13.582+0000] {processor.py:650} INFO - DAG(s) dict_keys(['tutorial_taskflow_api_etl_virtualenv']) retrieved from /home/airflow/.local/lib/python3.7/site-packages/airflow/example_dags/tutorial_taskflow_api_etl_virtualenv.py
[2022-10-01T00:29:13.609+0000] {logging_mixin.py:115} INFO - [2022-10-01T00:29:13.609+0000] {dag.py:2429} INFO - Sync 1 DAGs
[2022-10-01T00:29:13.626+0000] {logging_mixin.py:115} INFO - [2022-10-01T00:29:13.626+0000] {dag.py:2981} INFO - Setting next_dagrun for tutorial_taskflow_api_etl_virtualenv to None, run_after=None
[2022-10-01T00:29:13.643+0000] {processor.py:161} INFO - Processing /home/airflow/.local/lib/python3.7/site-packages/airflow/example_dags/tutorial_taskflow_api_etl_virtualenv.py took 0.087 seconds
[2022-10-01T00:29:44.118+0000] {processor.py:153} INFO - Started process (PID=37015) to work on /home/airflow/.local/lib/python3.7/site-packages/airflow/example_dags/tutorial_taskflow_api_etl_virtualenv.py
[2022-10-01T00:29:44.122+0000] {processor.py:640} INFO - Processing file /home/airflow/.local/lib/python3.7/site-packages/airflow/example_dags/tutorial_taskflow_api_etl_virtualenv.py for tasks to queue
[2022-10-01T00:29:44.123+0000] {logging_mixin.py:115} INFO - [2022-10-01T00:29:44.123+0000] {dagbag.py:508} INFO - Filling up the DagBag from /home/airflow/.local/lib/python3.7/site-packages/airflow/example_dags/tutorial_taskflow_api_etl_virtualenv.py
[2022-10-01T00:29:44.140+0000] {processor.py:650} INFO - DAG(s) dict_keys(['tutorial_taskflow_api_etl_virtualenv']) retrieved from /home/airflow/.local/lib/python3.7/site-packages/airflow/example_dags/tutorial_taskflow_api_etl_virtualenv.py
[2022-10-01T00:29:44.159+0000] {logging_mixin.py:115} INFO - [2022-10-01T00:29:44.158+0000] {dag.py:2429} INFO - Sync 1 DAGs
[2022-10-01T00:29:44.171+0000] {logging_mixin.py:115} INFO - [2022-10-01T00:29:44.171+0000] {dag.py:2981} INFO - Setting next_dagrun for tutorial_taskflow_api_etl_virtualenv to None, run_after=None
[2022-10-01T00:29:44.179+0000] {processor.py:161} INFO - Processing /home/airflow/.local/lib/python3.7/site-packages/airflow/example_dags/tutorial_taskflow_api_etl_virtualenv.py took 0.067 seconds
[2022-10-01T00:30:14.967+0000] {processor.py:153} INFO - Started process (PID=37080) to work on /home/airflow/.local/lib/python3.7/site-packages/airflow/example_dags/tutorial_taskflow_api_etl_virtualenv.py
[2022-10-01T00:30:14.971+0000] {processor.py:640} INFO - Processing file /home/airflow/.local/lib/python3.7/site-packages/airflow/example_dags/tutorial_taskflow_api_etl_virtualenv.py for tasks to queue
[2022-10-01T00:30:14.973+0000] {logging_mixin.py:115} INFO - [2022-10-01T00:30:14.973+0000] {dagbag.py:508} INFO - Filling up the DagBag from /home/airflow/.local/lib/python3.7/site-packages/airflow/example_dags/tutorial_taskflow_api_etl_virtualenv.py
[2022-10-01T00:30:14.990+0000] {processor.py:650} INFO - DAG(s) dict_keys(['tutorial_taskflow_api_etl_virtualenv']) retrieved from /home/airflow/.local/lib/python3.7/site-packages/airflow/example_dags/tutorial_taskflow_api_etl_virtualenv.py
[2022-10-01T00:30:15.009+0000] {logging_mixin.py:115} INFO - [2022-10-01T00:30:15.009+0000] {dag.py:2429} INFO - Sync 1 DAGs
[2022-10-01T00:30:15.031+0000] {logging_mixin.py:115} INFO - [2022-10-01T00:30:15.031+0000] {dag.py:2981} INFO - Setting next_dagrun for tutorial_taskflow_api_etl_virtualenv to None, run_after=None
[2022-10-01T00:30:15.041+0000] {processor.py:161} INFO - Processing /home/airflow/.local/lib/python3.7/site-packages/airflow/example_dags/tutorial_taskflow_api_etl_virtualenv.py took 0.080 seconds
[2022-10-01T00:30:45.300+0000] {processor.py:153} INFO - Started process (PID=37146) to work on /home/airflow/.local/lib/python3.7/site-packages/airflow/example_dags/tutorial_taskflow_api_etl_virtualenv.py
[2022-10-01T00:30:45.303+0000] {processor.py:640} INFO - Processing file /home/airflow/.local/lib/python3.7/site-packages/airflow/example_dags/tutorial_taskflow_api_etl_virtualenv.py for tasks to queue
[2022-10-01T00:30:45.305+0000] {logging_mixin.py:115} INFO - [2022-10-01T00:30:45.304+0000] {dagbag.py:508} INFO - Filling up the DagBag from /home/airflow/.local/lib/python3.7/site-packages/airflow/example_dags/tutorial_taskflow_api_etl_virtualenv.py
[2022-10-01T00:30:45.319+0000] {processor.py:650} INFO - DAG(s) dict_keys(['tutorial_taskflow_api_etl_virtualenv']) retrieved from /home/airflow/.local/lib/python3.7/site-packages/airflow/example_dags/tutorial_taskflow_api_etl_virtualenv.py
[2022-10-01T00:30:45.337+0000] {logging_mixin.py:115} INFO - [2022-10-01T00:30:45.337+0000] {dag.py:2429} INFO - Sync 1 DAGs
[2022-10-01T00:30:45.350+0000] {logging_mixin.py:115} INFO - [2022-10-01T00:30:45.350+0000] {dag.py:2981} INFO - Setting next_dagrun for tutorial_taskflow_api_etl_virtualenv to None, run_after=None
[2022-10-01T00:30:45.358+0000] {processor.py:161} INFO - Processing /home/airflow/.local/lib/python3.7/site-packages/airflow/example_dags/tutorial_taskflow_api_etl_virtualenv.py took 0.061 seconds
[2022-10-01T00:31:15.699+0000] {processor.py:153} INFO - Started process (PID=37212) to work on /home/airflow/.local/lib/python3.7/site-packages/airflow/example_dags/tutorial_taskflow_api_etl_virtualenv.py
[2022-10-01T00:31:15.701+0000] {processor.py:640} INFO - Processing file /home/airflow/.local/lib/python3.7/site-packages/airflow/example_dags/tutorial_taskflow_api_etl_virtualenv.py for tasks to queue
[2022-10-01T00:31:15.702+0000] {logging_mixin.py:115} INFO - [2022-10-01T00:31:15.702+0000] {dagbag.py:508} INFO - Filling up the DagBag from /home/airflow/.local/lib/python3.7/site-packages/airflow/example_dags/tutorial_taskflow_api_etl_virtualenv.py
[2022-10-01T00:31:15.719+0000] {processor.py:650} INFO - DAG(s) dict_keys(['tutorial_taskflow_api_etl_virtualenv']) retrieved from /home/airflow/.local/lib/python3.7/site-packages/airflow/example_dags/tutorial_taskflow_api_etl_virtualenv.py
[2022-10-01T00:31:15.752+0000] {logging_mixin.py:115} INFO - [2022-10-01T00:31:15.751+0000] {dag.py:2429} INFO - Sync 1 DAGs
[2022-10-01T00:31:15.777+0000] {logging_mixin.py:115} INFO - [2022-10-01T00:31:15.777+0000] {dag.py:2981} INFO - Setting next_dagrun for tutorial_taskflow_api_etl_virtualenv to None, run_after=None
[2022-10-01T00:31:15.788+0000] {processor.py:161} INFO - Processing /home/airflow/.local/lib/python3.7/site-packages/airflow/example_dags/tutorial_taskflow_api_etl_virtualenv.py took 0.093 seconds
[2022-10-01T00:31:46.428+0000] {processor.py:153} INFO - Started process (PID=37269) to work on /home/airflow/.local/lib/python3.7/site-packages/airflow/example_dags/tutorial_taskflow_api_etl_virtualenv.py
[2022-10-01T00:31:46.431+0000] {processor.py:640} INFO - Processing file /home/airflow/.local/lib/python3.7/site-packages/airflow/example_dags/tutorial_taskflow_api_etl_virtualenv.py for tasks to queue
[2022-10-01T00:31:46.433+0000] {logging_mixin.py:115} INFO - [2022-10-01T00:31:46.432+0000] {dagbag.py:508} INFO - Filling up the DagBag from /home/airflow/.local/lib/python3.7/site-packages/airflow/example_dags/tutorial_taskflow_api_etl_virtualenv.py
[2022-10-01T00:31:46.448+0000] {processor.py:650} INFO - DAG(s) dict_keys(['tutorial_taskflow_api_etl_virtualenv']) retrieved from /home/airflow/.local/lib/python3.7/site-packages/airflow/example_dags/tutorial_taskflow_api_etl_virtualenv.py
[2022-10-01T00:31:46.465+0000] {logging_mixin.py:115} INFO - [2022-10-01T00:31:46.465+0000] {dag.py:2429} INFO - Sync 1 DAGs
[2022-10-01T00:31:46.477+0000] {logging_mixin.py:115} INFO - [2022-10-01T00:31:46.477+0000] {dag.py:2981} INFO - Setting next_dagrun for tutorial_taskflow_api_etl_virtualenv to None, run_after=None
[2022-10-01T00:31:46.484+0000] {processor.py:161} INFO - Processing /home/airflow/.local/lib/python3.7/site-packages/airflow/example_dags/tutorial_taskflow_api_etl_virtualenv.py took 0.063 seconds
[2022-10-01T00:32:16.809+0000] {processor.py:153} INFO - Started process (PID=37335) to work on /home/airflow/.local/lib/python3.7/site-packages/airflow/example_dags/tutorial_taskflow_api_etl_virtualenv.py
[2022-10-01T00:32:16.813+0000] {processor.py:640} INFO - Processing file /home/airflow/.local/lib/python3.7/site-packages/airflow/example_dags/tutorial_taskflow_api_etl_virtualenv.py for tasks to queue
[2022-10-01T00:32:16.815+0000] {logging_mixin.py:115} INFO - [2022-10-01T00:32:16.814+0000] {dagbag.py:508} INFO - Filling up the DagBag from /home/airflow/.local/lib/python3.7/site-packages/airflow/example_dags/tutorial_taskflow_api_etl_virtualenv.py
[2022-10-01T00:32:16.831+0000] {processor.py:650} INFO - DAG(s) dict_keys(['tutorial_taskflow_api_etl_virtualenv']) retrieved from /home/airflow/.local/lib/python3.7/site-packages/airflow/example_dags/tutorial_taskflow_api_etl_virtualenv.py
[2022-10-01T00:32:16.852+0000] {logging_mixin.py:115} INFO - [2022-10-01T00:32:16.852+0000] {dag.py:2429} INFO - Sync 1 DAGs
[2022-10-01T00:32:16.866+0000] {logging_mixin.py:115} INFO - [2022-10-01T00:32:16.866+0000] {dag.py:2981} INFO - Setting next_dagrun for tutorial_taskflow_api_etl_virtualenv to None, run_after=None
[2022-10-01T00:32:16.875+0000] {processor.py:161} INFO - Processing /home/airflow/.local/lib/python3.7/site-packages/airflow/example_dags/tutorial_taskflow_api_etl_virtualenv.py took 0.073 seconds
[2022-10-01T00:32:46.915+0000] {processor.py:153} INFO - Started process (PID=37391) to work on /home/airflow/.local/lib/python3.7/site-packages/airflow/example_dags/tutorial_taskflow_api_etl_virtualenv.py
[2022-10-01T00:32:46.918+0000] {processor.py:640} INFO - Processing file /home/airflow/.local/lib/python3.7/site-packages/airflow/example_dags/tutorial_taskflow_api_etl_virtualenv.py for tasks to queue
[2022-10-01T00:32:46.921+0000] {logging_mixin.py:115} INFO - [2022-10-01T00:32:46.921+0000] {dagbag.py:508} INFO - Filling up the DagBag from /home/airflow/.local/lib/python3.7/site-packages/airflow/example_dags/tutorial_taskflow_api_etl_virtualenv.py
[2022-10-01T00:32:46.935+0000] {processor.py:650} INFO - DAG(s) dict_keys(['tutorial_taskflow_api_etl_virtualenv']) retrieved from /home/airflow/.local/lib/python3.7/site-packages/airflow/example_dags/tutorial_taskflow_api_etl_virtualenv.py
[2022-10-01T00:32:46.960+0000] {logging_mixin.py:115} INFO - [2022-10-01T00:32:46.959+0000] {dag.py:2429} INFO - Sync 1 DAGs
[2022-10-01T00:32:46.975+0000] {logging_mixin.py:115} INFO - [2022-10-01T00:32:46.975+0000] {dag.py:2981} INFO - Setting next_dagrun for tutorial_taskflow_api_etl_virtualenv to None, run_after=None
[2022-10-01T00:32:46.985+0000] {processor.py:161} INFO - Processing /home/airflow/.local/lib/python3.7/site-packages/airflow/example_dags/tutorial_taskflow_api_etl_virtualenv.py took 0.073 seconds
[2022-10-01T00:33:17.320+0000] {processor.py:153} INFO - Started process (PID=37457) to work on /home/airflow/.local/lib/python3.7/site-packages/airflow/example_dags/tutorial_taskflow_api_etl_virtualenv.py
[2022-10-01T00:33:17.325+0000] {processor.py:640} INFO - Processing file /home/airflow/.local/lib/python3.7/site-packages/airflow/example_dags/tutorial_taskflow_api_etl_virtualenv.py for tasks to queue
[2022-10-01T00:33:17.326+0000] {logging_mixin.py:115} INFO - [2022-10-01T00:33:17.326+0000] {dagbag.py:508} INFO - Filling up the DagBag from /home/airflow/.local/lib/python3.7/site-packages/airflow/example_dags/tutorial_taskflow_api_etl_virtualenv.py
[2022-10-01T00:33:17.343+0000] {processor.py:650} INFO - DAG(s) dict_keys(['tutorial_taskflow_api_etl_virtualenv']) retrieved from /home/airflow/.local/lib/python3.7/site-packages/airflow/example_dags/tutorial_taskflow_api_etl_virtualenv.py
[2022-10-01T00:33:17.370+0000] {logging_mixin.py:115} INFO - [2022-10-01T00:33:17.370+0000] {dag.py:2429} INFO - Sync 1 DAGs
[2022-10-01T00:33:17.390+0000] {logging_mixin.py:115} INFO - [2022-10-01T00:33:17.390+0000] {dag.py:2981} INFO - Setting next_dagrun for tutorial_taskflow_api_etl_virtualenv to None, run_after=None
[2022-10-01T00:33:17.401+0000] {processor.py:161} INFO - Processing /home/airflow/.local/lib/python3.7/site-packages/airflow/example_dags/tutorial_taskflow_api_etl_virtualenv.py took 0.084 seconds
[2022-10-01T00:33:47.705+0000] {processor.py:153} INFO - Started process (PID=37519) to work on /home/airflow/.local/lib/python3.7/site-packages/airflow/example_dags/tutorial_taskflow_api_etl_virtualenv.py
[2022-10-01T00:33:47.707+0000] {processor.py:640} INFO - Processing file /home/airflow/.local/lib/python3.7/site-packages/airflow/example_dags/tutorial_taskflow_api_etl_virtualenv.py for tasks to queue
[2022-10-01T00:33:47.709+0000] {logging_mixin.py:115} INFO - [2022-10-01T00:33:47.709+0000] {dagbag.py:508} INFO - Filling up the DagBag from /home/airflow/.local/lib/python3.7/site-packages/airflow/example_dags/tutorial_taskflow_api_etl_virtualenv.py
[2022-10-01T00:33:47.728+0000] {processor.py:650} INFO - DAG(s) dict_keys(['tutorial_taskflow_api_etl_virtualenv']) retrieved from /home/airflow/.local/lib/python3.7/site-packages/airflow/example_dags/tutorial_taskflow_api_etl_virtualenv.py
[2022-10-01T00:33:47.805+0000] {logging_mixin.py:115} INFO - [2022-10-01T00:33:47.805+0000] {dag.py:2429} INFO - Sync 1 DAGs
[2022-10-01T00:33:47.824+0000] {logging_mixin.py:115} INFO - [2022-10-01T00:33:47.824+0000] {dag.py:2981} INFO - Setting next_dagrun for tutorial_taskflow_api_etl_virtualenv to None, run_after=None
[2022-10-01T00:33:47.848+0000] {processor.py:161} INFO - Processing /home/airflow/.local/lib/python3.7/site-packages/airflow/example_dags/tutorial_taskflow_api_etl_virtualenv.py took 0.147 seconds
[2022-10-01T00:34:18.426+0000] {processor.py:153} INFO - Started process (PID=37579) to work on /home/airflow/.local/lib/python3.7/site-packages/airflow/example_dags/tutorial_taskflow_api_etl_virtualenv.py
[2022-10-01T00:34:18.428+0000] {processor.py:640} INFO - Processing file /home/airflow/.local/lib/python3.7/site-packages/airflow/example_dags/tutorial_taskflow_api_etl_virtualenv.py for tasks to queue
[2022-10-01T00:34:18.430+0000] {logging_mixin.py:115} INFO - [2022-10-01T00:34:18.430+0000] {dagbag.py:508} INFO - Filling up the DagBag from /home/airflow/.local/lib/python3.7/site-packages/airflow/example_dags/tutorial_taskflow_api_etl_virtualenv.py
[2022-10-01T00:34:18.445+0000] {processor.py:650} INFO - DAG(s) dict_keys(['tutorial_taskflow_api_etl_virtualenv']) retrieved from /home/airflow/.local/lib/python3.7/site-packages/airflow/example_dags/tutorial_taskflow_api_etl_virtualenv.py
[2022-10-01T00:34:18.506+0000] {logging_mixin.py:115} INFO - [2022-10-01T00:34:18.506+0000] {dag.py:2429} INFO - Sync 1 DAGs
[2022-10-01T00:34:18.528+0000] {logging_mixin.py:115} INFO - [2022-10-01T00:34:18.528+0000] {dag.py:2981} INFO - Setting next_dagrun for tutorial_taskflow_api_etl_virtualenv to None, run_after=None
[2022-10-01T00:34:18.538+0000] {processor.py:161} INFO - Processing /home/airflow/.local/lib/python3.7/site-packages/airflow/example_dags/tutorial_taskflow_api_etl_virtualenv.py took 0.115 seconds
[2022-10-01T00:34:49.181+0000] {processor.py:153} INFO - Started process (PID=37645) to work on /home/airflow/.local/lib/python3.7/site-packages/airflow/example_dags/tutorial_taskflow_api_etl_virtualenv.py
[2022-10-01T00:34:49.182+0000] {processor.py:640} INFO - Processing file /home/airflow/.local/lib/python3.7/site-packages/airflow/example_dags/tutorial_taskflow_api_etl_virtualenv.py for tasks to queue
[2022-10-01T00:34:49.184+0000] {logging_mixin.py:115} INFO - [2022-10-01T00:34:49.184+0000] {dagbag.py:508} INFO - Filling up the DagBag from /home/airflow/.local/lib/python3.7/site-packages/airflow/example_dags/tutorial_taskflow_api_etl_virtualenv.py
[2022-10-01T00:34:49.199+0000] {processor.py:650} INFO - DAG(s) dict_keys(['tutorial_taskflow_api_etl_virtualenv']) retrieved from /home/airflow/.local/lib/python3.7/site-packages/airflow/example_dags/tutorial_taskflow_api_etl_virtualenv.py
[2022-10-01T00:34:49.220+0000] {logging_mixin.py:115} INFO - [2022-10-01T00:34:49.220+0000] {dag.py:2429} INFO - Sync 1 DAGs
[2022-10-01T00:34:49.238+0000] {logging_mixin.py:115} INFO - [2022-10-01T00:34:49.238+0000] {dag.py:2981} INFO - Setting next_dagrun for tutorial_taskflow_api_etl_virtualenv to None, run_after=None
[2022-10-01T00:34:49.258+0000] {processor.py:161} INFO - Processing /home/airflow/.local/lib/python3.7/site-packages/airflow/example_dags/tutorial_taskflow_api_etl_virtualenv.py took 0.079 seconds
[2022-10-01T00:35:19.814+0000] {processor.py:153} INFO - Started process (PID=37702) to work on /home/airflow/.local/lib/python3.7/site-packages/airflow/example_dags/tutorial_taskflow_api_etl_virtualenv.py
[2022-10-01T00:35:19.816+0000] {processor.py:640} INFO - Processing file /home/airflow/.local/lib/python3.7/site-packages/airflow/example_dags/tutorial_taskflow_api_etl_virtualenv.py for tasks to queue
[2022-10-01T00:35:19.826+0000] {logging_mixin.py:115} INFO - [2022-10-01T00:35:19.826+0000] {dagbag.py:508} INFO - Filling up the DagBag from /home/airflow/.local/lib/python3.7/site-packages/airflow/example_dags/tutorial_taskflow_api_etl_virtualenv.py
[2022-10-01T00:35:19.839+0000] {processor.py:650} INFO - DAG(s) dict_keys(['tutorial_taskflow_api_etl_virtualenv']) retrieved from /home/airflow/.local/lib/python3.7/site-packages/airflow/example_dags/tutorial_taskflow_api_etl_virtualenv.py
[2022-10-01T00:35:19.887+0000] {logging_mixin.py:115} INFO - [2022-10-01T00:35:19.886+0000] {dag.py:2429} INFO - Sync 1 DAGs
[2022-10-01T00:35:19.903+0000] {logging_mixin.py:115} INFO - [2022-10-01T00:35:19.903+0000] {dag.py:2981} INFO - Setting next_dagrun for tutorial_taskflow_api_etl_virtualenv to None, run_after=None
[2022-10-01T00:35:19.914+0000] {processor.py:161} INFO - Processing /home/airflow/.local/lib/python3.7/site-packages/airflow/example_dags/tutorial_taskflow_api_etl_virtualenv.py took 0.103 seconds
[2022-10-01T00:35:50.980+0000] {processor.py:153} INFO - Started process (PID=37769) to work on /home/airflow/.local/lib/python3.7/site-packages/airflow/example_dags/tutorial_taskflow_api_etl_virtualenv.py
[2022-10-01T00:35:50.982+0000] {processor.py:640} INFO - Processing file /home/airflow/.local/lib/python3.7/site-packages/airflow/example_dags/tutorial_taskflow_api_etl_virtualenv.py for tasks to queue
[2022-10-01T00:35:50.983+0000] {logging_mixin.py:115} INFO - [2022-10-01T00:35:50.983+0000] {dagbag.py:508} INFO - Filling up the DagBag from /home/airflow/.local/lib/python3.7/site-packages/airflow/example_dags/tutorial_taskflow_api_etl_virtualenv.py
[2022-10-01T00:35:50.994+0000] {processor.py:650} INFO - DAG(s) dict_keys(['tutorial_taskflow_api_etl_virtualenv']) retrieved from /home/airflow/.local/lib/python3.7/site-packages/airflow/example_dags/tutorial_taskflow_api_etl_virtualenv.py
[2022-10-01T00:35:51.012+0000] {logging_mixin.py:115} INFO - [2022-10-01T00:35:51.012+0000] {dag.py:2429} INFO - Sync 1 DAGs
[2022-10-01T00:35:51.025+0000] {logging_mixin.py:115} INFO - [2022-10-01T00:35:51.025+0000] {dag.py:2981} INFO - Setting next_dagrun for tutorial_taskflow_api_etl_virtualenv to None, run_after=None
[2022-10-01T00:35:51.033+0000] {processor.py:161} INFO - Processing /home/airflow/.local/lib/python3.7/site-packages/airflow/example_dags/tutorial_taskflow_api_etl_virtualenv.py took 0.055 seconds
